RUN	GeneralAdmission1	generaladmission1	1612368470941	 	3.5.0
USER	GeneralAdmission1	START	1612368472849
REQUEST		GetToken	1612368472894	1612368473340	OK	 
REQUEST		GetToken Redirect 1	1612368473369	1612368474142	OK	 
REQUEST		request_1	1612368474233	1612368475938	OK	 
REQUEST		AddToCart	1612368480971	1612368480979	OK	 
REQUEST		AddToCart Redirect 1	1612368480989	1612368481187	OK	 
REQUEST		CreateGeneral	1612368482207	1612368482214	OK	 
REQUEST		CreateGeneral Redirect 1	1612368482222	1612368482671	OK	 
REQUEST		BookingDetails	1612368486685	1612368486694	OK	 
REQUEST		BookingDetails Redirect 1	1612368486704	1612368486887	OK	 
REQUEST		StripeElement	1612368486892	1612368487776	OK	 
REQUEST		ui-shared-1a3494666c8cbd375492e006f2e840cd.css	1612368487921	1612368488121	OK	 
REQUEST		elements-inner-card-77d7d4c2ce976deb5d1dc2ff2a238146.js	1612368487884	1612368488654	OK	 
REQUEST		ui-shared-121e554d3a08b818808584dff61fc32c.js	1612368487909	1612368489892	OK	 
REQUEST		shared-8b0cf640a52a1422947f168069c49b9d.js	1612368487916	1612368490178	OK	 
REQUEST		CreatePaymentIntent	1612368493273	1612368493282	OK	 
REQUEST		CreatePaymentIntent Redirect 1	1612368493292	1612368494209	OK	 
REQUEST		ConfirmPayment	1612368498217	1612368498237	OK	 
REQUEST		ConfirmPayment Redirect 1	1612368498246	1612368502080	OK	 
USER	GeneralAdmission1	END	1612368502099
