RUN	TimedTour1	timedtour1	1611854828278	 	3.5.0
USER	TimedTour1	START	1611854829861
REQUEST		request_0	1611854829896	1611854830287	OK	 
REQUEST		request_0 Redirect 1	1611854830302	1611854830560	OK	 
REQUEST		request_1	1611854832587	1611854832588	OK	 
REQUEST		request_1 Redirect 1	1611854832589	1611854832591	KO	status.find.in(200,201,202,203,204,205,206,207,208,209,304), found 405
REQUEST		request_6	1611854850605	1611854851422	OK	 
REQUEST		request_8	1611854851445	1611854851448	OK	 
REQUEST		request_7	1611854851444	1611854851512	OK	 
REQUEST		request_8	1611854851449	1611854851658	OK	 
REQUEST		request_9	1611854854662	1611854854882	OK	 
REQUEST		request_11	1611854854884	1611854854890	OK	 
REQUEST		request_13	1611854854887	1611854854892	KO	status.find.in(200,201,202,203,204,205,206,207,208,209,304), found 401
REQUEST		request_12	1611854854888	1611854854894	KO	status.find.in(200,201,202,203,204,205,206,207,208,209,304), found 401
REQUEST		request_10	1611854854885	1611854854914	OK	 
REQUEST		request_11	1611854854891	1611854854925	KO	status.find.in(200,201,202,203,204,205,206,207,208,209,304), found 405
REQUEST		request_14	1611854856934	1611854856936	OK	 
REQUEST		request_14 Redirect 1	1611854856936	1611854856938	KO	status.find.in(200,201,202,203,204,205,206,207,208,209,304), found 405
REQUEST		request_19	1611854858945	1611854858949	KO	status.find.in(200,201,202,203,204,205,206,207,208,209,304), found 404
REQUEST		request_32	1611854859968	1611854860317	OK	 
REQUEST		request_33	1611854860318	1611854860334	OK	 
REQUEST		request_34	1611854861349	1611854861352	OK	 
REQUEST		request_35	1611854861361	1611854861364	OK	 
REQUEST		request_36	1611854861362	1611854861366	OK	 
REQUEST		request_36	1611854861366	1611854861572	OK	 
REQUEST		request_37	1611854862583	1611854862585	OK	 
REQUEST		request_37 Redirect 1	1611854862586	1611854862588	KO	status.find.in(200,201,202,203,204,205,206,207,208,209,304), found 405
REQUEST		request_41	1611854863598	1611854863615	OK	 
USER	TimedTour1	END	1611854863621
