RUN	GeneralAdmission1	generaladmission1	1612440709574	 	3.5.0
USER	GeneralAdmission1	START	1612440711231
REQUEST		GetToken	1612440711282	1612440711602	OK	 
USER	GeneralAdmission1	START	1612440711712
REQUEST		GetToken	1612440711713	1612440711918	OK	 
USER	GeneralAdmission1	START	1612440712216
REQUEST		GetToken	1612440712217	1612440712427	OK	 
USER	GeneralAdmission1	START	1612440712722
REQUEST		GetToken	1612440712723	1612440712927	OK	 
USER	GeneralAdmission1	START	1612440713226
REQUEST		GetToken	1612440713226	1612440713468	OK	 
USER	GeneralAdmission1	START	1612440714206
REQUEST		GetToken	1612440714206	1612440714445	OK	 
USER	GeneralAdmission1	START	1612440714712
REQUEST		GetToken	1612440714713	1612440714996	OK	 
USER	GeneralAdmission1	START	1612440715199
REQUEST		GetToken	1612440715200	1612440715410	OK	 
USER	GeneralAdmission1	START	1612440715701
REQUEST		GetToken	1612440715701	1612440715910	OK	 
USER	GeneralAdmission1	START	1612440716203
REQUEST		GetToken	1612440716204	1612440716424	OK	 
REQUEST		AddToCart	1612440716736	1612440716804	OK	 
REQUEST		AddToCart	1612440716927	1612440717002	OK	 
USER	GeneralAdmission1	START	1612440717208
REQUEST		GetToken	1612440717209	1612440717462	OK	 
REQUEST		AddToCart	1612440717444	1612440717503	OK	 
USER	GeneralAdmission1	START	1612440717706
REQUEST		GetToken	1612440717707	1612440717913	OK	 
REQUEST		AddToCart	1612440717943	1612440718010	OK	 
USER	GeneralAdmission1	START	1612440718207
REQUEST		GetToken	1612440718209	1612440718403	OK	 
REQUEST		AddToCart	1612440718474	1612440718536	OK	 
USER	GeneralAdmission1	START	1612440718712
REQUEST		GetToken	1612440718713	1612440718903	OK	 
USER	GeneralAdmission1	START	1612440719213
REQUEST		AddToCart	1612440719464	1612440719521	OK	 
REQUEST		GetToken	1612440719213	1612440719633	OK	 
REQUEST		AddToCart2	1612440719824	1612440719895	OK	 
REQUEST		AddToCart	1612440720009	1612440720071	OK	 
REQUEST		AddToCart2	1612440720011	1612440720116	OK	 
USER	GeneralAdmission1	START	1612440720213
REQUEST		GetToken	1612440720213	1612440720430	OK	 
REQUEST		AddToCart	1612440720417	1612440720491	OK	 
REQUEST		AddToCart2	1612440720511	1612440720627	OK	 
USER	GeneralAdmission1	START	1612440720711
REQUEST		GetToken	1612440720712	1612440721030	OK	 
REQUEST		AddToCart	1612440720917	1612440721099	OK	 
REQUEST		AddToCart2	1612440721026	1612440721101	OK	 
USER	GeneralAdmission1	START	1612440721211
REQUEST		GetToken	1612440721212	1612440721402	OK	 
REQUEST		AddToCart	1612440721445	1612440721518	OK	 
REQUEST		AddToCart2	1612440721552	1612440721614	OK	 
USER	GeneralAdmission1	START	1612440721707
REQUEST		GetToken	1612440721708	1612440721960	OK	 
USER	GeneralAdmission1	START	1612440722210
REQUEST		CreateGeneral	1612440722135	1612440722394	OK	 
REQUEST		GetToken	1612440722212	1612440722461	OK	 
REQUEST		AddToCart	1612440722478	1612440722544	OK	 
REQUEST		AddToCart2	1612440722539	1612440722612	OK	 
REQUEST		CreateGeneral	1612440722642	1612440722836	OK	 
REQUEST		AddToCart	1612440722932	1612440723010	OK	 
USER	GeneralAdmission1	START	1612440723215
REQUEST		AddToCart2	1612440723088	1612440723265	OK	 
REQUEST		GetToken	1612440723215	1612440723446	OK	 
REQUEST		CreateGeneral	1612440723121	1612440723453	OK	 
REQUEST		CreateGeneral	1612440721914	1612440723466	OK	 
REQUEST		AddToCart	1612440723416	1612440723484	OK	 
REQUEST		AddToCart2	1612440723509	1612440723576	OK	 
USER	GeneralAdmission1	START	1612440723712
REQUEST		CreateGeneral	1612440723620	1612440723802	OK	 
REQUEST		GetToken	1612440723713	1612440723923	OK	 
REQUEST		AddToCart	1612440723913	1612440723982	OK	 
REQUEST		AddToCart2	1612440724118	1612440724177	OK	 
USER	GeneralAdmission1	START	1612440724213
REQUEST		GetToken	1612440724213	1612440724588	OK	 
REQUEST		AddToCart2	1612440724524	1612440724610	OK	 
USER	GeneralAdmission1	START	1612440724708
REQUEST		AddToCart	1612440724647	1612440724721	OK	 
REQUEST		CreateGeneral	1612440724632	1612440724817	OK	 
USER	GeneralAdmission1	START	1612440725224
REQUEST		CreateGeneral	1612440725286	1612440725463	OK	 
REQUEST		GetToken	1612440724709	1612440725543	OK	 
REQUEST		GetToken	1612440725227	1612440725544	OK	 
REQUEST		AddToCart	1612440725443	1612440725558	OK	 
REQUEST		AddToCart2	1612440725554	1612440725615	OK	 
REQUEST		CreateGeneral	1612440725584	1612440725760	OK	 
REQUEST		AddToCart2	1612440726020	1612440726074	OK	 
REQUEST		AddToCart	1612440726038	1612440726094	OK	 
USER	GeneralAdmission1	START	1612440726210
REQUEST		CreateGeneral	1612440726197	1612440726401	OK	 
REQUEST		GetToken	1612440726213	1612440726464	OK	 
REQUEST		AddToCart	1612440726418	1612440726488	OK	 
REQUEST		BookingDetails	1612440726416	1612440726498	OK	 
REQUEST		AddToCart2	1612440726495	1612440726560	OK	 
REQUEST		ConfirmPayment	1612440726500	1612440726689	OK	 
USER	GeneralAdmission1	END	1612440726697
USER	GeneralAdmission1	START	1612440726707
REQUEST		CreateGeneral	1612440726616	1612440726805	OK	 
REQUEST		BookingDetails	1612440726849	1612440726914	OK	 
REQUEST		GetToken	1612440726710	1612440726933	OK	 
REQUEST		ConfirmPayment	1612440726917	1612440727163	OK	 
USER	GeneralAdmission1	END	1612440727167
REQUEST		AddToCart	1612440726973	1612440727174	OK	 
REQUEST		AddToCart2	1612440726990	1612440727188	OK	 
USER	GeneralAdmission1	START	1612440727209
REQUEST		GetToken	1612440727209	1612440727463	OK	 
REQUEST		BookingDetails	1612440727458	1612440727564	OK	 
REQUEST		BookingDetails	1612440727475	1612440727565	OK	 
REQUEST		AddToCart	1612440727467	1612440727572	OK	 
USER	GeneralAdmission1	START	1612440727706
REQUEST		ConfirmPayment	1612440727569	1612440727723	OK	 
USER	GeneralAdmission1	END	1612440727726
REQUEST		ConfirmPayment	1612440727568	1612440727767	OK	 
USER	GeneralAdmission1	END	1612440727773
REQUEST		AddToCart2	1612440727739	1612440727824	OK	 
REQUEST		CreateGeneral	1612440727630	1612440727830	OK	 
REQUEST		GetToken	1612440727707	1612440727893	OK	 
REQUEST		BookingDetails	1612440727815	1612440727904	OK	 
REQUEST		ConfirmPayment	1612440727906	1612440728099	OK	 
USER	GeneralAdmission1	END	1612440728104
USER	GeneralAdmission1	START	1612440728206
REQUEST		CreateGeneral	1612440728082	1612440728278	OK	 
REQUEST		AddToCart	1612440728458	1612440728661	OK	 
REQUEST		AddToCart2	1612440728567	1612440728673	OK	 
REQUEST		GetToken	1612440728207	1612440728701	OK	 
REQUEST		CreateGeneral	1612440728567	1612440728779	OK	 
REQUEST		BookingDetails	1612440728830	1612440728915	OK	 
REQUEST		AddToCart	1612440728940	1612440729016	OK	 
REQUEST		ConfirmPayment	1612440728918	1612440729101	OK	 
USER	GeneralAdmission1	END	1612440729105
REQUEST		AddToCart2	1612440729116	1612440729192	OK	 
USER	GeneralAdmission1	START	1612440729207
REQUEST		CreateGeneral	1612440729196	1612440729428	OK	 
REQUEST		GetToken	1612440729210	1612440729429	OK	 
REQUEST		BookingDetails	1612440729475	1612440729533	OK	 
REQUEST		AddToCart2	1612440729506	1612440729582	OK	 
REQUEST		AddToCart	1612440729601	1612440729664	OK	 
REQUEST		ConfirmPayment	1612440729534	1612440729672	OK	 
USER	GeneralAdmission1	END	1612440729674
USER	GeneralAdmission1	START	1612440729707
REQUEST		BookingDetails	1612440729769	1612440729949	OK	 
REQUEST		GetToken	1612440729708	1612440729952	OK	 
REQUEST		CreateGeneral	1612440729849	1612440730078	OK	 
REQUEST		ConfirmPayment	1612440729951	1612440730142	OK	 
USER	GeneralAdmission1	END	1612440730144
USER	GeneralAdmission1	START	1612440730203
REQUEST		AddToCart2	1612440730187	1612440730266	OK	 
REQUEST		GetToken	1612440730205	1612440730404	OK	 
REQUEST		BookingDetails	1612440730407	1612440730495	OK	 
REQUEST		AddToCart	1612440730563	1612440730686	OK	 
REQUEST		AddToCart	1612440730562	1612440730685	OK	 
REQUEST		AddToCart2	1612440730581	1612440730686	OK	 
REQUEST		ConfirmPayment	1612440730499	1612440730695	OK	 
USER	GeneralAdmission1	END	1612440730698
USER	GeneralAdmission1	START	1612440730702
REQUEST		CreateGeneral	1612440730690	1612440730861	OK	 
REQUEST		BookingDetails	1612440730812	1612440730884	OK	 
REQUEST		GetToken	1612440730705	1612440730901	OK	 
REQUEST		ConfirmPayment	1612440730886	1612440731036	OK	 
USER	GeneralAdmission1	END	1612440731038
USER	GeneralAdmission1	START	1612440731214
REQUEST		GetToken	1612440731216	1612440731420	OK	 
REQUEST		AddToCart	1612440731481	1612440731543	OK	 
REQUEST		CreateGeneral	1612440731217	1612440731670	OK	 
REQUEST		AddToCart2	1612440731685	1612440731750	OK	 
REQUEST		CreateGeneral	1612440731590	1612440731756	OK	 
REQUEST		BookingDetails	1612440731852	1612440731917	OK	 
REQUEST		AddToCart	1612440731944	1612440732012	OK	 
REQUEST		AddToCart2	1612440732024	1612440732080	OK	 
REQUEST		ConfirmPayment	1612440731919	1612440732129	OK	 
USER	GeneralAdmission1	END	1612440732133
USER	GeneralAdmission1	START	1612440732207
REQUEST		BookingDetails	1612440732287	1612440732361	OK	 
REQUEST		GetToken	1612440732207	1612440732411	OK	 
REQUEST		CreateGeneral	1612440732271	1612440732428	OK	 
REQUEST		ConfirmPayment	1612440732366	1612440732546	OK	 
USER	GeneralAdmission1	END	1612440732550
REQUEST		AddToCart	1612440732473	1612440732552	OK	 
USER	GeneralAdmission1	START	1612440732707
REQUEST		AddToCart2	1612440732677	1612440732783	OK	 
REQUEST		BookingDetails	1612440732788	1612440732845	OK	 
REQUEST		CreateGeneral	1612440732695	1612440732874	OK	 
REQUEST		GetToken	1612440732710	1612440732903	OK	 
REQUEST		AddToCart	1612440732906	1612440732967	OK	 
REQUEST		ConfirmPayment	1612440732847	1612440733043	OK	 
USER	GeneralAdmission1	END	1612440733045
USER	GeneralAdmission1	START	1612440733215
REQUEST		GetToken	1612440733216	1612440733449	OK	 
REQUEST		BookingDetails	1612440733444	1612440733502	OK	 
REQUEST		ConfirmPayment	1612440733503	1612440733698	OK	 
USER	GeneralAdmission1	END	1612440733702
USER	GeneralAdmission1	START	1612440733710
REQUEST		AddToCart	1612440733712	1612440733803	OK	 
REQUEST		AddToCart2	1612440733698	1612440733804	OK	 
REQUEST		AddToCart2	1612440733698	1612440733805	OK	 
REQUEST		GetToken	1612440733712	1612440733908	OK	 
REQUEST		CreateGeneral	1612440733770	1612440733953	OK	 
REQUEST		BookingDetails	1612440734096	1612440734159	OK	 
USER	GeneralAdmission1	START	1612440734204
REQUEST		CreateGeneral	1612440734096	1612440734290	OK	 
REQUEST		ConfirmPayment	1612440734161	1612440734316	OK	 
USER	GeneralAdmission1	END	1612440734320
REQUEST		GetToken	1612440734204	1612440734380	OK	 
REQUEST		AddToCart	1612440734438	1612440734502	OK	 
REQUEST		AddToCart2	1612440734549	1612440734611	OK	 
REQUEST		BookingDetails	1612440734876	1612440734980	OK	 
REQUEST		CreateGeneral	1612440734798	1612440734980	OK	 
REQUEST		AddToCart	1612440734969	1612440735043	OK	 
REQUEST		AddToCart2	1612440735031	1612440735091	OK	 
REQUEST		ConfirmPayment	1612440734983	1612440735143	OK	 
USER	GeneralAdmission1	END	1612440735145
USER	GeneralAdmission1	START	1612440735202
REQUEST		GetToken	1612440735202	1612440735376	OK	 
REQUEST		AddToCart	1612440735420	1612440735479	OK	 
REQUEST		AddToCart2	1612440735560	1612440735624	OK	 
USER	GeneralAdmission1	START	1612440735714
REQUEST		BookingDetails	1612440735683	1612440735766	OK	 
REQUEST		BookingDetails	1612440735762	1612440735828	OK	 
REQUEST		GetToken	1612440735715	1612440735904	OK	 
REQUEST		ConfirmPayment	1612440735768	1612440735924	OK	 
USER	GeneralAdmission1	END	1612440735926
REQUEST		AddToCart	1612440735907	1612440735962	OK	 
REQUEST		CreateGeneral	1612440735825	1612440736011	OK	 
REQUEST		ConfirmPayment	1612440735830	1612440736021	OK	 
REQUEST		CreateGeneral	1612440735824	1612440736021	OK	 
USER	GeneralAdmission1	END	1612440736024
REQUEST		AddToCart2	1612440735982	1612440736045	OK	 
USER	GeneralAdmission1	START	1612440736211
REQUEST		AddToCart	1612440736431	1612440736487	OK	 
REQUEST		BookingDetails	1612440736433	1612440736500	OK	 
REQUEST		ConfirmPayment	1612440736502	1612440736691	OK	 
USER	GeneralAdmission1	END	1612440736693
USER	GeneralAdmission1	START	1612440736712
REQUEST		CreateGeneral	1612440736619	1612440736795	OK	 
REQUEST		GetToken	1612440736211	1612440736850	OK	 
REQUEST		AddToCart2	1612440736822	1612440736891	OK	 
REQUEST		GetToken	1612440736714	1612440736929	OK	 
REQUEST		BookingDetails	1612440736885	1612440736946	OK	 
REQUEST		ConfirmPayment	1612440736948	1612440737140	OK	 
USER	GeneralAdmission1	END	1612440737142
USER	GeneralAdmission1	START	1612440737224
REQUEST		CreateGeneral	1612440737099	1612440737272	OK	 
REQUEST		GetToken	1612440737225	1612440737401	OK	 
REQUEST		AddToCart	1612440737429	1612440737491	OK	 
REQUEST		AddToCart2	1612440737509	1612440737573	OK	 
REQUEST		CreateGeneral	1612440737631	1612440737812	OK	 
REQUEST		AddToCart	1612440737912	1612440737970	OK	 
REQUEST		BookingDetails	1612440737959	1612440738011	OK	 
REQUEST		AddToCart2	1612440738052	1612440738105	OK	 
REQUEST		ConfirmPayment	1612440738013	1612440738187	OK	 
USER	GeneralAdmission1	END	1612440738191
USER	GeneralAdmission1	START	1612440738207
REQUEST		CreateGeneral	1612440738052	1612440738290	OK	 
REQUEST		BookingDetails	1612440738304	1612440738381	OK	 
REQUEST		GetToken	1612440738209	1612440738477	OK	 
REQUEST		AddToCart2	1612440738493	1612440738553	OK	 
REQUEST		AddToCart	1612440738459	1612440738567	OK	 
REQUEST		ConfirmPayment	1612440738382	1612440738572	OK	 
USER	GeneralAdmission1	END	1612440738575
USER	GeneralAdmission1	START	1612440738711
REQUEST		GetToken	1612440738711	1612440738910	OK	 
REQUEST		AddToCart	1612440738912	1612440738970	OK	 
REQUEST		BookingDetails	1612440738995	1612440739061	OK	 
REQUEST		CreateGeneral	1612440738900	1612440739065	OK	 
REQUEST		AddToCart2	1612440738977	1612440739070	OK	 
USER	GeneralAdmission1	START	1612440739214
REQUEST		ConfirmPayment	1612440739063	1612440739255	OK	 
USER	GeneralAdmission1	END	1612440739259
REQUEST		GetToken	1612440739214	1612440739402	OK	 
REQUEST		AddToCart	1612440739385	1612440739457	OK	 
REQUEST		AddToCart2	1612440739493	1612440739546	OK	 
USER	GeneralAdmission1	START	1612440739710
REQUEST		CreateGeneral	1612440739586	1612440739774	OK	 
REQUEST		GetToken	1612440739711	1612440739909	OK	 
REQUEST		BookingDetails	1612440740023	1612440740108	OK	 
REQUEST		BookingDetails	1612440740041	1612440740123	OK	 
USER	GeneralAdmission1	START	1612440740212
REQUEST		ConfirmPayment	1612440740110	1612440740293	OK	 
USER	GeneralAdmission1	END	1612440740295
REQUEST		ConfirmPayment	1612440740126	1612440740331	OK	 
USER	GeneralAdmission1	END	1612440740333
REQUEST		AddToCart	1612440740383	1612440740437	OK	 
REQUEST		GetToken	1612440740213	1612440740565	OK	 
REQUEST		CreateGeneral	1612440740120	1612440740572	OK	 
REQUEST		AddToCart2	1612440740507	1612440740576	OK	 
REQUEST		CreateGeneral	1612440740569	1612440740746	OK	 
REQUEST		BookingDetails	1612440740805	1612440740871	OK	 
REQUEST		AddToCart	1612440740917	1612440740976	OK	 
REQUEST		AddToCart2	1612440740978	1612440741044	OK	 
REQUEST		ConfirmPayment	1612440740873	1612440741045	OK	 
USER	GeneralAdmission1	END	1612440741047
USER	GeneralAdmission1	START	1612440741213
REQUEST		CreateGeneral	1612440741087	1612440741280	OK	 
REQUEST		BookingDetails	1612440741276	1612440741330	OK	 
REQUEST		GetToken	1612440741213	1612440741426	OK	 
REQUEST		ConfirmPayment	1612440741331	1612440741518	OK	 
USER	GeneralAdmission1	END	1612440741520
REQUEST		AddToCart2	1612440741586	1612440741643	OK	 
USER	GeneralAdmission1	START	1612440741711
REQUEST		CreateGeneral	1612440741555	1612440741745	OK	 
REQUEST		BookingDetails	1612440741818	1612440741884	OK	 
REQUEST		AddToCart	1612440741865	1612440741985	OK	 
REQUEST		GetToken	1612440741711	1612440741986	OK	 
REQUEST		AddToCart	1612440741944	1612440742027	OK	 
REQUEST		ConfirmPayment	1612440741886	1612440742047	OK	 
USER	GeneralAdmission1	END	1612440742049
REQUEST		AddToCart2	1612440741975	1612440742049	OK	 
USER	GeneralAdmission1	START	1612440742207
REQUEST		BookingDetails	1612440742301	1612440742365	OK	 
REQUEST		GetToken	1612440742207	1612440742429	OK	 
REQUEST		AddToCart	1612440742410	1612440742464	OK	 
REQUEST		AddToCart2	1612440742473	1612440742524	OK	 
REQUEST		ConfirmPayment	1612440742366	1612440742547	OK	 
USER	GeneralAdmission1	END	1612440742549
USER	GeneralAdmission1	START	1612440742705
REQUEST		CreateGeneral	1612440742581	1612440742767	OK	 
REQUEST		GetToken	1612440742705	1612440742892	OK	 
REQUEST		BookingDetails	1612440743078	1612440743136	OK	 
USER	GeneralAdmission1	START	1612440743219
REQUEST		CreateGeneral	1612440743047	1612440743246	OK	 
REQUEST		ConfirmPayment	1612440743138	1612440743341	OK	 
USER	GeneralAdmission1	END	1612440743343
REQUEST		GetToken	1612440743220	1612440743429	OK	 
REQUEST		AddToCart2	1612440743456	1612440743517	OK	 
REQUEST		AddToCart	1612440743485	1612440743537	OK	 
REQUEST		BookingDetails	1612440743780	1612440743832	OK	 
REQUEST		CreateGeneral	1612440743656	1612440743869	OK	 
REQUEST		AddToCart	1612440743921	1612440743973	OK	 
REQUEST		ConfirmPayment	1612440743834	1612440744007	OK	 
USER	GeneralAdmission1	END	1612440744009
REQUEST		AddToCart2	1612440743986	1612440744061	OK	 
USER	GeneralAdmission1	START	1612440744200
REQUEST		CreateGeneral	1612440744063	1612440744334	OK	 
REQUEST		GetToken	1612440744201	1612440744392	OK	 
REQUEST		AddToCart	1612440744406	1612440744470	OK	 
USER	GeneralAdmission1	START	1612440744701
REQUEST		BookingDetails	1612440744577	1612440744776	OK	 
REQUEST		BookingDetails	1612440744764	1612440744827	OK	 
REQUEST		GetToken	1612440744701	1612440744897	OK	 
REQUEST		CreateGeneral	1612440744530	1612440744910	OK	 
REQUEST		ConfirmPayment	1612440744778	1612440744954	OK	 
USER	GeneralAdmission1	END	1612440744956
REQUEST		AddToCart	1612440744921	1612440744982	OK	 
REQUEST		ConfirmPayment	1612440744829	1612440744999	OK	 
USER	GeneralAdmission1	END	1612440745001
REQUEST		AddToCart2	1612440744998	1612440745064	OK	 
REQUEST		AddToCart2	1612440745041	1612440745127	OK	 
USER	GeneralAdmission1	START	1612440745212
REQUEST		BookingDetails	1612440745285	1612440745361	OK	 
REQUEST		GetToken	1612440745213	1612440745459	OK	 
REQUEST		AddToCart2	1612440745480	1612440745550	OK	 
REQUEST		ConfirmPayment	1612440745364	1612440745624	OK	 
USER	GeneralAdmission1	END	1612440745626
REQUEST		AddToCart	1612440745571	1612440745683	OK	 
USER	GeneralAdmission1	START	1612440745710
REQUEST		CreateGeneral	1612440745525	1612440745712	OK	 
REQUEST		BookingDetails	1612440745752	1612440745805	OK	 
REQUEST		GetToken	1612440745712	1612440745925	OK	 
REQUEST		ConfirmPayment	1612440745807	1612440745998	OK	 
USER	GeneralAdmission1	END	1612440746000
USER	GeneralAdmission1	START	1612440746214
REQUEST		CreateGeneral	1612440746070	1612440746261	OK	 
REQUEST		GetToken	1612440746215	1612440746457	OK	 
REQUEST		AddToCart	1612440746442	1612440746530	OK	 
REQUEST		AddToCart2	1612440746553	1612440746625	OK	 
REQUEST		BookingDetails	1612440746785	1612440746855	OK	 
REQUEST		AddToCart2	1612440746987	1612440747068	OK	 
REQUEST		ConfirmPayment	1612440746857	1612440747068	OK	 
USER	GeneralAdmission1	END	1612440747070
REQUEST		AddToCart	1612440747004	1612440747074	OK	 
USER	GeneralAdmission1	START	1612440747204
REQUEST		CreateGeneral	1612440747066	1612440747315	OK	 
REQUEST		BookingDetails	1612440747252	1612440747318	OK	 
REQUEST		CreateGeneral	1612440747143	1612440747340	OK	 
REQUEST		GetToken	1612440747204	1612440747378	OK	 
REQUEST		AddToCart	1612440747438	1612440747506	OK	 
REQUEST		ConfirmPayment	1612440747320	1612440747507	OK	 
USER	GeneralAdmission1	END	1612440747509
REQUEST		AddToCart2	1612440747485	1612440747558	OK	 
USER	GeneralAdmission1	START	1612440747704
REQUEST		CreateGeneral	1612440747563	1612440747794	OK	 
REQUEST		GetToken	1612440747704	1612440747878	OK	 
REQUEST		BookingDetails	1612440747880	1612440747947	OK	 
REQUEST		AddToCart	1612440747909	1612440747968	OK	 
REQUEST		AddToCart2	1612440747987	1612440748046	OK	 
REQUEST		ConfirmPayment	1612440747950	1612440748098	OK	 
USER	GeneralAdmission1	END	1612440748101
USER	GeneralAdmission1	START	1612440748206
REQUEST		GetToken	1612440748207	1612440748405	OK	 
REQUEST		BookingDetails	1612440748341	1612440748410	OK	 
REQUEST		AddToCart	1612440748441	1612440748500	OK	 
REQUEST		ConfirmPayment	1612440748412	1612440748596	OK	 
USER	GeneralAdmission1	END	1612440748599
USER	GeneralAdmission1	START	1612440748705
REQUEST		AddToCart2	1612440748690	1612440748769	OK	 
REQUEST		CreateGeneral	1612440748629	1612440748914	OK	 
REQUEST		GetToken	1612440748706	1612440748921	OK	 
REQUEST		BookingDetails	1612440748923	1612440748978	OK	 
USER	GeneralAdmission1	START	1612440749220
REQUEST		ConfirmPayment	1612440748979	1612440749253	OK	 
USER	GeneralAdmission1	END	1612440749255
REQUEST		CreateGeneral	1612440749080	1612440749286	OK	 
REQUEST		GetToken	1612440749221	1612440749448	OK	 
REQUEST		AddToCart	1612440749408	1612440749480	OK	 
REQUEST		AddToCart2	1612440749548	1612440749619	OK	 
REQUEST		CreateGeneral	1612440749565	1612440749756	OK	 
REQUEST		BookingDetails	1612440749720	1612440749779	OK	 
REQUEST		ConfirmPayment	1612440749780	1612440749984	OK	 
USER	GeneralAdmission1	END	1612440749986
REQUEST		AddToCart	1612440749906	1612440749987	OK	 
REQUEST		AddToCart2	1612440750079	1612440750142	OK	 
USER	GeneralAdmission1	START	1612440750214
REQUEST		CreateGeneral	1612440750062	1612440750245	OK	 
REQUEST		BookingDetails	1612440750296	1612440750396	OK	 
REQUEST		GetToken	1612440750215	1612440750458	OK	 
REQUEST		AddToCart	1612440750463	1612440750542	OK	 
REQUEST		AddToCart2	1612440750511	1612440750570	OK	 
REQUEST		ConfirmPayment	1612440750397	1612440750584	OK	 
USER	GeneralAdmission1	END	1612440750586
USER	GeneralAdmission1	START	1612440750712
REQUEST		GetToken	1612440750712	1612440750953	OK	 
REQUEST		CreateGeneral	1612440750775	1612440750956	OK	 
REQUEST		AddToCart	1612440750932	1612440751012	OK	 
REQUEST		AddToCart2	1612440750982	1612440751042	OK	 
USER	GeneralAdmission1	START	1612440751200
REQUEST		BookingDetails	1612440751324	1612440751381	OK	 
REQUEST		BookingDetails	1612440751342	1612440751421	OK	 
REQUEST		GetToken	1612440751200	1612440751433	OK	 
REQUEST		AddToCart	1612440751465	1612440751530	OK	 
REQUEST		ConfirmPayment	1612440751383	1612440751529	OK	 
USER	GeneralAdmission1	END	1612440751532
REQUEST		AddToCart2	1612440751512	1612440751636	OK	 
REQUEST		ConfirmPayment	1612440751422	1612440751636	OK	 
USER	GeneralAdmission1	END	1612440751639
USER	GeneralAdmission1	START	1612440751713
REQUEST		CreateGeneral	1612440751638	1612440751825	OK	 
REQUEST		BookingDetails	1612440751798	1612440751866	OK	 
REQUEST		GetToken	1612440751715	1612440751904	OK	 
REQUEST		ConfirmPayment	1612440751867	1612440752018	OK	 
USER	GeneralAdmission1	END	1612440752021
USER	GeneralAdmission1	START	1612440752214
REQUEST		CreateGeneral	1612440752153	1612440752324	OK	 
REQUEST		GetToken	1612440752215	1612440752396	OK	 
REQUEST		AddToCart	1612440752385	1612440752450	OK	 
REQUEST		AddToCart2	1612440752494	1612440752575	OK	 
REQUEST		CreateGeneral	1612440752589	1612440752761	OK	 
REQUEST		AddToCart	1612440752882	1612440752935	OK	 
REQUEST		BookingDetails	1612440752929	1612440752998	OK	 
REQUEST		AddToCart2	1612440752991	1612440753063	OK	 
REQUEST		ConfirmPayment	1612440753000	1612440753164	OK	 
USER	GeneralAdmission1	END	1612440753166
USER	GeneralAdmission1	START	1612440753209
REQUEST		CreateGeneral	1612440753054	1612440753235	OK	 
REQUEST		BookingDetails	1612440753302	1612440753387	OK	 
REQUEST		GetToken	1612440753210	1612440753420	OK	 
REQUEST		AddToCart	1612440753413	1612440753486	OK	 
REQUEST		ConfirmPayment	1612440753389	1612440753528	OK	 
USER	GeneralAdmission1	END	1612440753530
REQUEST		AddToCart2	1612440753554	1612440753617	OK	 
USER	GeneralAdmission1	START	1612440753706
REQUEST		CreateGeneral	1612440753645	1612440753819	OK	 
REQUEST		BookingDetails	1612440753768	1612440753839	OK	 
REQUEST		GetToken	1612440753706	1612440753908	OK	 
REQUEST		AddToCart	1612440753938	1612440754022	OK	 
REQUEST		ConfirmPayment	1612440753841	1612440754048	OK	 
USER	GeneralAdmission1	END	1612440754050
REQUEST		AddToCart2	1612440754016	1612440754066	OK	 
USER	GeneralAdmission1	START	1612440754219
REQUEST		BookingDetails	1612440754250	1612440754315	OK	 
REQUEST		GetToken	1612440754219	1612440754446	OK	 
REQUEST		AddToCart	1612440754453	1612440754510	OK	 
REQUEST		ConfirmPayment	1612440754317	1612440754518	OK	 
USER	GeneralAdmission1	END	1612440754520
REQUEST		AddToCart2	1612440754545	1612440754617	OK	 
USER	GeneralAdmission1	START	1612440754701
REQUEST		CreateGeneral	1612440754592	1612440754781	OK	 
REQUEST		GetToken	1612440754701	1612440754915	OK	 
REQUEST		BookingDetails	1612440754964	1612440755021	OK	 
REQUEST		ConfirmPayment	1612440755023	1612440755207	OK	 
USER	GeneralAdmission1	END	1612440755209
USER	GeneralAdmission1	START	1612440755212
REQUEST		CreateGeneral	1612440755073	1612440755294	OK	 
REQUEST		GetToken	1612440755212	1612440755465	OK	 
REQUEST		AddToCart	1612440755463	1612440755536	OK	 
REQUEST		AddToCart2	1612440755464	1612440755548	OK	 
REQUEST		CreateGeneral	1612440755634	1612440755861	OK	 
REQUEST		BookingDetails	1612440755835	1612440755926	OK	 
REQUEST		AddToCart2	1612440755948	1612440756008	OK	 
REQUEST		AddToCart	1612440755963	1612440756036	OK	 
REQUEST		ConfirmPayment	1612440755927	1612440756113	OK	 
USER	GeneralAdmission1	END	1612440756115
USER	GeneralAdmission1	START	1612440756211
REQUEST		CreateGeneral	1612440756072	1612440756251	OK	 
REQUEST		GetToken	1612440756211	1612440756413	OK	 
REQUEST		BookingDetails	1612440756334	1612440756415	OK	 
REQUEST		AddToCart	1612440756446	1612440756522	OK	 
REQUEST		AddToCart2	1612440756493	1612440756553	OK	 
REQUEST		ConfirmPayment	1612440756417	1612440756603	OK	 
USER	GeneralAdmission1	END	1612440756605
USER	GeneralAdmission1	START	1612440756712
REQUEST		CreateGeneral	1612440756634	1612440756822	OK	 
REQUEST		BookingDetails	1612440756774	1612440756834	OK	 
REQUEST		AddToCart	1612440756913	1612440756997	OK	 
REQUEST		ConfirmPayment	1612440756838	1612440757063	OK	 
USER	GeneralAdmission1	END	1612440757065
REQUEST		AddToCart2	1612440757039	1612440757124	OK	 
REQUEST		GetToken	1612440756712	1612440757201	OK	 
USER	GeneralAdmission1	START	1612440757214
REQUEST		BookingDetails	1612440757240	1612440757316	OK	 
REQUEST		GetToken	1612440757214	1612440757431	OK	 
REQUEST		AddToCart	1612440757413	1612440757483	OK	 
REQUEST		ConfirmPayment	1612440757318	1612440757540	OK	 
USER	GeneralAdmission1	END	1612440757543
REQUEST		AddToCart2	1612440757525	1612440757589	OK	 
USER	GeneralAdmission1	START	1612440757712
REQUEST		CreateGeneral	1612440757556	1612440757730	OK	 
REQUEST		GetToken	1612440757712	1612440757896	OK	 
REQUEST		BookingDetails	1612440757836	1612440757900	OK	 
REQUEST		ConfirmPayment	1612440757902	1612440758093	OK	 
USER	GeneralAdmission1	END	1612440758095
REQUEST		CreateGeneral	1612440758023	1612440758201	OK	 
USER	GeneralAdmission1	START	1612440758209
REQUEST		GetToken	1612440758210	1612440758493	OK	 
REQUEST		AddToCart	1612440758426	1612440758503	OK	 
REQUEST		AddToCart2	1612440758551	1612440758612	OK	 
REQUEST		CreateGeneral	1612440758568	1612440758782	OK	 
REQUEST		BookingDetails	1612440758801	1612440758916	OK	 
REQUEST		AddToCart	1612440758914	1612440758995	OK	 
REQUEST		ConfirmPayment	1612440758918	1612440759124	OK	 
USER	GeneralAdmission1	END	1612440759128
REQUEST		AddToCart2	1612440759052	1612440759128	OK	 
USER	GeneralAdmission1	START	1612440759208
REQUEST		CreateGeneral	1612440759130	1612440759299	OK	 
REQUEST		BookingDetails	1612440759304	1612440759373	OK	 
REQUEST		GetToken	1612440759209	1612440759418	OK	 
REQUEST		AddToCart	1612440759458	1612440759541	OK	 
REQUEST		ConfirmPayment	1612440759375	1612440759553	OK	 
USER	GeneralAdmission1	END	1612440759555
REQUEST		AddToCart2	1612440759535	1612440759589	OK	 
USER	GeneralAdmission1	START	1612440759705
REQUEST		CreateGeneral	1612440759597	1612440759818	OK	 
REQUEST		GetToken	1612440759705	1612440759932	OK	 
REQUEST		BookingDetails	1612440759864	1612440759940	OK	 
REQUEST		AddToCart	1612440759923	1612440760009	OK	 
REQUEST		AddToCart2	1612440760000	1612440760079	OK	 
REQUEST		ConfirmPayment	1612440759942	1612440760093	OK	 
USER	GeneralAdmission1	END	1612440760099
USER	GeneralAdmission1	START	1612440760206
REQUEST		BookingDetails	1612440760254	1612440760323	OK	 
REQUEST		GetToken	1612440760207	1612440760409	OK	 
REQUEST		ConfirmPayment	1612440760324	1612440760523	OK	 
USER	GeneralAdmission1	END	1612440760525
REQUEST		AddToCart	1612440760471	1612440760543	OK	 
REQUEST		AddToCart2	1612440760488	1612440760576	OK	 
USER	GeneralAdmission1	START	1612440760706
REQUEST		BookingDetails	1612440760831	1612440760982	OK	 
REQUEST		GetToken	1612440760706	1612440761077	OK	 
REQUEST		CreateGeneral	1612440760630	1612440761099	OK	 
REQUEST		ConfirmPayment	1612440760983	1612440761181	OK	 
USER	GeneralAdmission1	END	1612440761183
USER	GeneralAdmission1	START	1612440761204
REQUEST		CreateGeneral	1612440761143	1612440761338	OK	 
REQUEST		GetToken	1612440761207	1612440761472	OK	 
REQUEST		AddToCart	1612440761423	1612440761475	OK	 
REQUEST		AddToCart2	1612440761518	1612440761585	OK	 
REQUEST		CreateGeneral	1612440761599	1612440761774	OK	 
REQUEST		BookingDetails	1612440761737	1612440761813	OK	 
REQUEST		ConfirmPayment	1612440761815	1612440762004	OK	 
USER	GeneralAdmission1	END	1612440762006
REQUEST		AddToCart2	1612440762004	1612440762126	OK	 
USER	GeneralAdmission1	START	1612440762223
REQUEST		CreateGeneral	1612440762083	1612440762271	OK	 
REQUEST		AddToCart	1612440762208	1612440762298	OK	 
REQUEST		BookingDetails	1612440762207	1612440762318	OK	 
REQUEST		GetToken	1612440762225	1612440762428	OK	 
REQUEST		ConfirmPayment	1612440762319	1612440762506	OK	 
USER	GeneralAdmission1	END	1612440762508
REQUEST		AddToCart	1612440762443	1612440762522	OK	 
REQUEST		AddToCart2	1612440762550	1612440762674	OK	 
USER	GeneralAdmission1	START	1612440762705
REQUEST		CreateGeneral	1612440762581	1612440762780	OK	 
REQUEST		BookingDetails	1612440762799	1612440762863	OK	 
REQUEST		GetToken	1612440762706	1612440762919	OK	 
REQUEST		AddToCart	1612440762906	1612440762975	OK	 
REQUEST		AddToCart2	1612440763014	1612440763086	OK	 
REQUEST		ConfirmPayment	1612440762865	1612440763090	OK	 
USER	GeneralAdmission1	END	1612440763091
USER	GeneralAdmission1	START	1612440763200
REQUEST		BookingDetails	1612440763310	1612440763371	OK	 
REQUEST		GetToken	1612440763201	1612440763391	OK	 
REQUEST		ConfirmPayment	1612440763372	1612440763515	OK	 
USER	GeneralAdmission1	END	1612440763517
REQUEST		AddToCart	1612440763496	1612440763553	OK	 
REQUEST		AddToCart2	1612440763559	1612440763619	OK	 
USER	GeneralAdmission1	START	1612440763700
REQUEST		CreateGeneral	1612440763592	1612440763777	OK	 
REQUEST		GetToken	1612440763700	1612440763919	OK	 
REQUEST		BookingDetails	1612440763824	1612440763921	OK	 
REQUEST		ConfirmPayment	1612440763923	1612440764108	OK	 
USER	GeneralAdmission1	END	1612440764110
USER	GeneralAdmission1	START	1612440764200
REQUEST		CreateGeneral	1612440764137	1612440764316	OK	 
REQUEST		GetToken	1612440764201	1612440764401	OK	 
REQUEST		AddToCart	1612440764434	1612440764498	OK	 
REQUEST		AddToCart2	1612440764481	1612440764544	OK	 
REQUEST		CreateGeneral	1612440764684	1612440764864	OK	 
REQUEST		AddToCart	1612440764949	1612440765003	OK	 
REQUEST		BookingDetails	1612440765106	1612440765178	OK	 
USER	GeneralAdmission1	START	1612440765200
REQUEST		CreateGeneral	1612440765089	1612440765282	OK	 
REQUEST		AddToCart2	1612440765309	1612440765369	OK	 
REQUEST		ConfirmPayment	1612440765180	1612440765404	OK	 
REQUEST		GetToken	1612440765203	1612440765404	OK	 
USER	GeneralAdmission1	END	1612440765407
REQUEST		BookingDetails	1612440765355	1612440765437	OK	 
REQUEST		AddToCart	1612440765420	1612440765496	OK	 
REQUEST		AddToCart2	1612440765526	1612440765584	OK	 
REQUEST		ConfirmPayment	1612440765438	1612440765653	OK	 
USER	GeneralAdmission1	END	1612440765655
USER	GeneralAdmission1	START	1612440765714
REQUEST		CreateGeneral	1612440765636	1612440765824	OK	 
REQUEST		BookingDetails	1612440765777	1612440765843	OK	 
REQUEST		GetToken	1612440765714	1612440765922	OK	 
REQUEST		ConfirmPayment	1612440765845	1612440765989	OK	 
USER	GeneralAdmission1	END	1612440765991
REQUEST		AddToCart2	1612440765979	1612440766037	OK	 
REQUEST		AddToCart	1612440766087	1612440766157	OK	 
USER	GeneralAdmission1	START	1612440766214
REQUEST		BookingDetails	1612440766277	1612440766355	OK	 
REQUEST		GetToken	1612440766214	1612440766435	OK	 
REQUEST		ConfirmPayment	1612440766356	1612440766524	OK	 
USER	GeneralAdmission1	END	1612440766526
REQUEST		AddToCart	1612440766481	1612440766545	OK	 
REQUEST		AddToCart2	1612440766560	1612440766641	OK	 
USER	GeneralAdmission1	START	1612440766713
REQUEST		CreateGeneral	1612440766561	1612440766786	OK	 
REQUEST		BookingDetails	1612440766791	1612440766855	OK	 
REQUEST		GetToken	1612440766713	1612440766927	OK	 
REQUEST		ConfirmPayment	1612440766857	1612440767078	OK	 
USER	GeneralAdmission1	END	1612440767080
USER	GeneralAdmission1	START	1612440767205
REQUEST		GetToken	1612440767210	1612440767439	OK	 
REQUEST		AddToCart	1612440767434	1612440767501	OK	 
REQUEST		CreateGeneral	1612440767372	1612440767556	OK	 
REQUEST		AddToCart2	1612440767513	1612440767576	OK	 
REQUEST		CreateGeneral	1612440767593	1612440767775	OK	 
REQUEST		BookingDetails	1612440767793	1612440768031	OK	 
REQUEST		AddToCart	1612440767938	1612440768037	OK	 
REQUEST		AddToCart2	1612440768009	1612440768063	OK	 
REQUEST		ConfirmPayment	1612440768032	1612440768180	OK	 
USER	GeneralAdmission1	END	1612440768182
USER	GeneralAdmission1	START	1612440768209
REQUEST		CreateGeneral	1612440768044	1612440768233	OK	 
REQUEST		BookingDetails	1612440768326	1612440768395	OK	 
REQUEST		GetToken	1612440768210	1612440768398	OK	 
REQUEST		AddToCart	1612440768394	1612440768455	OK	 
REQUEST		AddToCart2	1612440768504	1612440768567	OK	 
REQUEST		ConfirmPayment	1612440768397	1612440768585	OK	 
USER	GeneralAdmission1	END	1612440768587
USER	GeneralAdmission1	START	1612440768706
REQUEST		CreateGeneral	1612440768644	1612440768831	OK	 
REQUEST		GetToken	1612440768706	1612440768909	OK	 
REQUEST		BookingDetails	1612440768876	1612440768930	OK	 
REQUEST		AddToCart	1612440768933	1612440768986	OK	 
REQUEST		ConfirmPayment	1612440768932	1612440769075	OK	 
USER	GeneralAdmission1	END	1612440769077
USER	GeneralAdmission1	START	1612440769201
REQUEST		AddToCart2	1612440769170	1612440769223	OK	 
REQUEST		BookingDetails	1612440769287	1612440769343	OK	 
REQUEST		GetToken	1612440769203	1612440769395	OK	 
REQUEST		AddToCart	1612440769408	1612440769476	OK	 
REQUEST		ConfirmPayment	1612440769344	1612440769515	OK	 
USER	GeneralAdmission1	END	1612440769518
REQUEST		AddToCart2	1612440769561	1612440769641	OK	 
USER	GeneralAdmission1	START	1612440769701
REQUEST		CreateGeneral	1612440769593	1612440769775	OK	 
REQUEST		GetToken	1612440769702	1612440769887	OK	 
REQUEST		BookingDetails	1612440769826	1612440769900	OK	 
REQUEST		ConfirmPayment	1612440769901	1612440770097	OK	 
USER	GeneralAdmission1	END	1612440770099
USER	GeneralAdmission1	START	1612440770201
REQUEST		CreateGeneral	1612440770078	1612440770256	OK	 
REQUEST		GetToken	1612440770202	1612440770406	OK	 
REQUEST		AddToCart	1612440770421	1612440770569	OK	 
REQUEST		AddToCart2	1612440770511	1612440770577	OK	 
REQUEST		CreateGeneral	1612440770572	1612440770748	OK	 
REQUEST		BookingDetails	1612440770791	1612440770875	OK	 
REQUEST		AddToCart	1612440770931	1612440771031	OK	 
REQUEST		ConfirmPayment	1612440770877	1612440771068	OK	 
USER	GeneralAdmission1	END	1612440771074
REQUEST		AddToCart2	1612440771058	1612440771139	OK	 
USER	GeneralAdmission1	START	1612440771208
REQUEST		GetToken	1612440771209	1612440771407	OK	 
REQUEST		CreateGeneral	1612440771240	1612440771418	OK	 
REQUEST		AddToCart	1612440771440	1612440771495	OK	 
REQUEST		AddToCart2	1612440771471	1612440771561	OK	 
REQUEST		BookingDetails	1612440771565	1612440771633	OK	 
USER	GeneralAdmission1	START	1612440771705
REQUEST		ConfirmPayment	1612440771634	1612440771845	OK	 
USER	GeneralAdmission1	END	1612440771847
REQUEST		CreateGeneral	1612440771646	1612440771853	OK	 
REQUEST		BookingDetails	1612440771783	1612440771870	OK	 
REQUEST		GetToken	1612440771706	1612440771908	OK	 
REQUEST		AddToCart	1612440771938	1612440771994	OK	 
REQUEST		ConfirmPayment	1612440771871	1612440772033	OK	 
USER	GeneralAdmission1	END	1612440772035
REQUEST		AddToCart2	1612440772000	1612440772062	OK	 
USER	GeneralAdmission1	START	1612440772218
REQUEST		BookingDetails	1612440772265	1612440772340	OK	 
REQUEST		GetToken	1612440772218	1612440772466	OK	 
REQUEST		AddToCart	1612440772454	1612440772533	OK	 
REQUEST		ConfirmPayment	1612440772341	1612440772536	OK	 
USER	GeneralAdmission1	END	1612440772538
REQUEST		AddToCart2	1612440772486	1612440772556	OK	 
USER	GeneralAdmission1	START	1612440772704
REQUEST		CreateGeneral	1612440772581	1612440772750	OK	 
REQUEST		GetToken	1612440772705	1612440772912	OK	 
REQUEST		BookingDetails	1612440772845	1612440772914	OK	 
REQUEST		ConfirmPayment	1612440772916	1612440773122	OK	 
USER	GeneralAdmission1	END	1612440773124
USER	GeneralAdmission1	START	1612440773202
REQUEST		CreateGeneral	1612440773155	1612440773340	OK	 
REQUEST		GetToken	1612440773203	1612440773425	OK	 
REQUEST		AddToCart	1612440773406	1612440773466	OK	 
REQUEST		AddToCart2	1612440773579	1612440773652	OK	 
REQUEST		CreateGeneral	1612440773579	1612440773776	OK	 
REQUEST		BookingDetails	1612440773783	1612440773850	OK	 
REQUEST		AddToCart	1612440773922	1612440773985	OK	 
REQUEST		ConfirmPayment	1612440773852	1612440774037	OK	 
USER	GeneralAdmission1	END	1612440774039
REQUEST		AddToCart2	1612440774044	1612440774112	OK	 
USER	GeneralAdmission1	START	1612440774202
REQUEST		CreateGeneral	1612440774077	1612440774260	OK	 
REQUEST		BookingDetails	1612440774266	1612440774339	OK	 
REQUEST		GetToken	1612440774202	1612440774399	OK	 
REQUEST		AddToCart	1612440774401	1612440774476	OK	 
REQUEST		ConfirmPayment	1612440774341	1612440774519	OK	 
USER	GeneralAdmission1	END	1612440774521
REQUEST		AddToCart2	1612440774500	1612440774553	OK	 
USER	GeneralAdmission1	START	1612440774699
REQUEST		CreateGeneral	1612440774560	1612440774754	OK	 
REQUEST		BookingDetails	1612440774765	1612440774840	OK	 
REQUEST		GetToken	1612440774700	1612440774906	OK	 
REQUEST		AddToCart	1612440774902	1612440774961	OK	 
REQUEST		ConfirmPayment	1612440774843	1612440775042	OK	 
USER	GeneralAdmission1	END	1612440775045
REQUEST		AddToCart2	1612440774996	1612440775071	OK	 
USER	GeneralAdmission1	START	1612440775215
REQUEST		GetToken	1612440775215	1612440775408	OK	 
REQUEST		AddToCart	1612440775411	1612440775482	OK	 
REQUEST		BookingDetails	1612440775434	1612440775492	OK	 
REQUEST		AddToCart2	1612440775543	1612440775601	OK	 
REQUEST		ConfirmPayment	1612440775494	1612440775700	OK	 
USER	GeneralAdmission1	END	1612440775702
USER	GeneralAdmission1	START	1612440775713
REQUEST		CreateGeneral	1612440775668	1612440775843	OK	 
REQUEST		GetToken	1612440775716	1612440776097	OK	 
REQUEST		BookingDetails	1612440775870	1612440776099	OK	 
USER	GeneralAdmission1	START	1612440776203
REQUEST		ConfirmPayment	1612440776100	1612440776294	OK	 
USER	GeneralAdmission1	END	1612440776296
REQUEST		AddToCart	1612440776411	1612440776475	OK	 
REQUEST		AddToCart2	1612440776474	1612440776540	OK	 
REQUEST		GetToken	1612440776204	1612440776637	OK	 
REQUEST		CreateGeneral	1612440776125	1612440776637	OK	 
REQUEST		CreateGeneral	1612440776568	1612440776762	OK	 
REQUEST		BookingDetails	1612440776757	1612440776835	OK	 
REQUEST		AddToCart	1612440776915	1612440776983	OK	 
REQUEST		ConfirmPayment	1612440776837	1612440777022	OK	 
USER	GeneralAdmission1	END	1612440777024
REQUEST		AddToCart2	1612440776998	1612440777048	OK	 
USER	GeneralAdmission1	START	1612440777213
REQUEST		CreateGeneral	1612440777088	1612440777276	OK	 
REQUEST		GetToken	1612440777214	1612440777424	OK	 
REQUEST		BookingDetails	1612440777348	1612440777431	OK	 
REQUEST		AddToCart2	1612440777479	1612440777541	OK	 
REQUEST		AddToCart	1612440777480	1612440777548	OK	 
REQUEST		ConfirmPayment	1612440777432	1612440777579	OK	 
USER	GeneralAdmission1	END	1612440777581
USER	GeneralAdmission1	START	1612440777699
REQUEST		CreateGeneral	1612440777606	1612440777788	OK	 
REQUEST		BookingDetails	1612440777780	1612440777852	OK	 
REQUEST		GetToken	1612440777700	1612440777919	OK	 
REQUEST		AddToCart	1612440777917	1612440777981	OK	 
REQUEST		ConfirmPayment	1612440777853	1612440778044	OK	 
REQUEST		AddToCart2	1612440777964	1612440778044	OK	 
USER	GeneralAdmission1	END	1612440778047
USER	GeneralAdmission1	START	1612440778214
REQUEST		BookingDetails	1612440778271	1612440778436	OK	 
REQUEST		GetToken	1612440778215	1612440778548	OK	 
REQUEST		AddToCart	1612440778432	1612440778550	OK	 
REQUEST		AddToCart2	1612440778494	1612440778554	OK	 
REQUEST		ConfirmPayment	1612440778438	1612440778666	OK	 
USER	GeneralAdmission1	END	1612440778668
USER	GeneralAdmission1	START	1612440778711
REQUEST		CreateGeneral	1612440778556	1612440778738	OK	 
REQUEST		BookingDetails	1612440778757	1612440778820	OK	 
REQUEST		GetToken	1612440778711	1612440778915	OK	 
REQUEST		ConfirmPayment	1612440778822	1612440779017	OK	 
USER	GeneralAdmission1	END	1612440779019
USER	GeneralAdmission1	START	1612440779211
REQUEST		CreateGeneral	1612440779057	1612440779236	OK	 
REQUEST		GetToken	1612440779213	1612440779435	OK	 
REQUEST		AddToCart	1612440779416	1612440779473	OK	 
REQUEST		AddToCart2	1612440779481	1612440779569	OK	 
REQUEST		CreateGeneral	1612440779544	1612440779715	OK	 
REQUEST		BookingDetails	1612440779856	1612440779921	OK	 
REQUEST		AddToCart	1612440779919	1612440779998	OK	 
REQUEST		AddToCart2	1612440779998	1612440780069	OK	 
REQUEST		ConfirmPayment	1612440779923	1612440780119	OK	 
USER	GeneralAdmission1	END	1612440780121
USER	GeneralAdmission1	START	1612440780200
REQUEST		AddToCart	1612440780423	1612440780503	OK	 
REQUEST		CreateGeneral	1612440780061	1612440780528	OK	 
REQUEST		GetToken	1612440780201	1612440780552	OK	 
REQUEST		AddToCart2	1612440780551	1612440780637	OK	 
USER	GeneralAdmission1	START	1612440780705
REQUEST		BookingDetails	1612440780643	1612440780715	OK	 
REQUEST		CreateGeneral	1612440780569	1612440780744	OK	 
REQUEST		BookingDetails	1612440780768	1612440780862	OK	 
REQUEST		ConfirmPayment	1612440780717	1612440780862	OK	 
USER	GeneralAdmission1	END	1612440780866
REQUEST		GetToken	1612440780705	1612440780938	OK	 
REQUEST		AddToCart2	1612440780986	1612440781058	OK	 
REQUEST		ConfirmPayment	1612440780865	1612440781062	OK	 
USER	GeneralAdmission1	END	1612440781064
REQUEST		AddToCart	1612440781112	1612440781182	OK	 
USER	GeneralAdmission1	START	1612440781204
REQUEST		BookingDetails	1612440781284	1612440781361	OK	 
REQUEST		GetToken	1612440781207	1612440781396	OK	 
REQUEST		ConfirmPayment	1612440781362	1612440781525	OK	 
USER	GeneralAdmission1	END	1612440781526
REQUEST		AddToCart2	1612440781563	1612440781675	OK	 
USER	GeneralAdmission1	START	1612440781703
REQUEST		AddToCart	1612440781655	1612440781709	OK	 
REQUEST		CreateGeneral	1612440781580	1612440781794	OK	 
REQUEST		BookingDetails	1612440781795	1612440781865	OK	 
REQUEST		GetToken	1612440781703	1612440781924	OK	 
REQUEST		ConfirmPayment	1612440781867	1612440782025	OK	 
USER	GeneralAdmission1	END	1612440782027
USER	GeneralAdmission1	START	1612440782201
REQUEST		CreateGeneral	1612440782076	1612440782259	OK	 
REQUEST		GetToken	1612440782201	1612440782390	OK	 
REQUEST		AddToCart	1612440782437	1612440782489	OK	 
REQUEST		AddToCart2	1612440782484	1612440782541	OK	 
REQUEST		BookingDetails	1612440782748	1612440782823	OK	 
REQUEST		CreateGeneral	1612440782655	1612440782835	OK	 
REQUEST		AddToCart	1612440782937	1612440783002	OK	 
REQUEST		ConfirmPayment	1612440782824	1612440783020	OK	 
USER	GeneralAdmission1	END	1612440783022
REQUEST		AddToCart2	1612440783018	1612440783085	OK	 
USER	GeneralAdmission1	START	1612440783203
REQUEST		CreateGeneral	1612440783061	1612440783239	OK	 
REQUEST		BookingDetails	1612440783239	1612440783313	OK	 
REQUEST		GetToken	1612440783203	1612440783389	OK	 
REQUEST		ConfirmPayment	1612440783315	1612440783531	OK	 
USER	GeneralAdmission1	END	1612440783538
REQUEST		AddToCart2	1612440783529	1612440783621	OK	 
REQUEST		AddToCart	1612440783576	1612440783662	OK	 
USER	GeneralAdmission1	START	1612440783700
REQUEST		BookingDetails	1612440783731	1612440783804	OK	 
REQUEST		CreateGeneral	1612440783684	1612440783863	OK	 
REQUEST		GetToken	1612440783702	1612440783913	OK	 
REQUEST		ConfirmPayment	1612440783805	1612440783964	OK	 
USER	GeneralAdmission1	END	1612440783966
REQUEST		AddToCart	1612440783920	1612440783988	OK	 
USER	GeneralAdmission1	START	1612440784214
REQUEST		AddToCart2	1612440784198	1612440784262	OK	 
REQUEST		AddToCart	1612440784448	1612440784521	OK	 
REQUEST		BookingDetails	1612440784544	1612440784603	OK	 
USER	GeneralAdmission1	START	1612440784713
REQUEST		CreateGeneral	1612440784560	1612440784732	OK	 
REQUEST		ConfirmPayment	1612440784604	1612440784748	OK	 
USER	GeneralAdmission1	END	1612440784750
REQUEST		AddToCart2	1612440784713	1612440784767	OK	 
REQUEST		BookingDetails	1612440784754	1612440784813	OK	 
REQUEST		GetToken	1612440784714	1612440784899	OK	 
REQUEST		ConfirmPayment	1612440784814	1612440784987	OK	 
USER	GeneralAdmission1	END	1612440784990
USER	GeneralAdmission1	START	1612440785214
REQUEST		CreateGeneral	1612440785104	1612440785280	OK	 
REQUEST		GetToken	1612440785215	1612440785407	OK	 
REQUEST		AddToCart2	1612440785497	1612440785561	OK	 
REQUEST		AddToCart	1612440785561	1612440785631	OK	 
REQUEST		CreateGeneral	1612440785625	1612440785804	OK	 
REQUEST		BookingDetails	1612440785810	1612440785900	OK	 
REQUEST		AddToCart	1612440785951	1612440786017	OK	 
REQUEST		AddToCart2	1612440786013	1612440786086	OK	 
REQUEST		ConfirmPayment	1612440785903	1612440786103	OK	 
USER	GeneralAdmission1	END	1612440786105
USER	GeneralAdmission1	START	1612440786263
REQUEST		BookingDetails	1612440786266	1612440786368	OK	 
REQUEST		CreateGeneral	1612440786264	1612440786496	OK	 
REQUEST		GetToken	1612440786264	1612440786503	OK	 
REQUEST		AddToCart	1612440786404	1612440786508	OK	 
REQUEST		ConfirmPayment	1612440786369	1612440786555	OK	 
USER	GeneralAdmission1	END	1612440786557
REQUEST		GetToken	1612440784216	1612440786599	OK	 
USER	GeneralAdmission1	START	1612440786715
REQUEST		AddToCart2	1612440786667	1612440786723	OK	 
REQUEST		GetToken	1612440786715	1612440786924	OK	 
REQUEST		BookingDetails	1612440786840	1612440786939	OK	 
REQUEST		CreateGeneral	1612440786778	1612440786959	OK	 
REQUEST		AddToCart	1612440786925	1612440786995	OK	 
REQUEST		AddToCart2	1612440786994	1612440787077	OK	 
REQUEST		ConfirmPayment	1612440786941	1612440787133	OK	 
USER	GeneralAdmission1	END	1612440787134
USER	GeneralAdmission1	START	1612440787212
REQUEST		BookingDetails	1612440787243	1612440787307	OK	 
REQUEST		GetToken	1612440787212	1612440787407	OK	 
REQUEST		AddToCart	1612440787400	1612440787464	OK	 
REQUEST		ConfirmPayment	1612440787309	1612440787519	OK	 
USER	GeneralAdmission1	END	1612440787521
REQUEST		AddToCart2	1612440787523	1612440787581	OK	 
USER	GeneralAdmission1	START	1612440787711
REQUEST		CreateGeneral	1612440787571	1612440787741	OK	 
REQUEST		GetToken	1612440787712	1612440787909	OK	 
REQUEST		BookingDetails	1612440787869	1612440787989	OK	 
REQUEST		ConfirmPayment	1612440787990	1612440788142	OK	 
USER	GeneralAdmission1	END	1612440788144
USER	GeneralAdmission1	START	1612440788211
REQUEST		CreateGeneral	1612440788103	1612440788285	OK	 
REQUEST		AddToCart	1612440788398	1612440788517	OK	 
REQUEST		GetToken	1612440788211	1612440788517	OK	 
REQUEST		AddToCart2	1612440788633	1612440788691	OK	 
REQUEST		BookingDetails	1612440788745	1612440788837	OK	 
REQUEST		CreateGeneral	1612440788728	1612440788924	OK	 
REQUEST		AddToCart	1612440788915	1612440788987	OK	 
REQUEST		ConfirmPayment	1612440788840	1612440788998	OK	 
USER	GeneralAdmission1	END	1612440788999
REQUEST		AddToCart2	1612440789023	1612440789081	OK	 
USER	GeneralAdmission1	START	1612440789214
REQUEST		CreateGeneral	1612440789085	1612440789259	OK	 
REQUEST		BookingDetails	1612440789291	1612440789355	OK	 
REQUEST		GetToken	1612440789215	1612440789431	OK	 
REQUEST		ConfirmPayment	1612440789358	1612440789554	OK	 
USER	GeneralAdmission1	END	1612440789557
REQUEST		AddToCart2	1612440789525	1612440789576	OK	 
USER	GeneralAdmission1	START	1612440789715
REQUEST		CreateGeneral	1612440789593	1612440789782	OK	 
REQUEST		BookingDetails	1612440789810	1612440789874	OK	 
REQUEST		GetToken	1612440789715	1612440789943	OK	 
REQUEST		AddToCart	1612440789905	1612440789984	OK	 
REQUEST		ConfirmPayment	1612440789876	1612440790050	OK	 
USER	GeneralAdmission1	END	1612440790052
REQUEST		AddToCart2	1612440790013	1612440790152	OK	 
USER	GeneralAdmission1	START	1612440790214
REQUEST		GetToken	1612440790214	1612440790403	OK	 
REQUEST		AddToCart	1612440790419	1612440790495	OK	 
REQUEST		AddToCart2	1612440790481	1612440790556	OK	 
REQUEST		BookingDetails	1612440790500	1612440790572	OK	 
USER	GeneralAdmission1	START	1612440790700
REQUEST		ConfirmPayment	1612440790580	1612440790792	OK	 
USER	GeneralAdmission1	END	1612440790794
REQUEST		CreateGeneral	1612440790701	1612440790906	OK	 
REQUEST		GetToken	1612440790701	1612440790910	OK	 
REQUEST		BookingDetails	1612440790965	1612440791032	OK	 
USER	GeneralAdmission1	START	1612440791200
REQUEST		ConfirmPayment	1612440791033	1612440791216	OK	 
USER	GeneralAdmission1	END	1612440791219
REQUEST		CreateGeneral	1612440791090	1612440791271	OK	 
REQUEST		GetToken	1612440791200	1612440791404	OK	 
REQUEST		AddToCart	1612440791512	1612440791701	OK	 
REQUEST		AddToCart2	1612440791529	1612440791701	OK	 
REQUEST		AddToCart	1612440791608	1612440791751	OK	 
REQUEST		BookingDetails	1612440791747	1612440791806	OK	 
REQUEST		AddToCart	1612440791934	1612440791994	OK	 
REQUEST		AddToCart2	1612440791998	1612440792088	OK	 
REQUEST		ConfirmPayment	1612440791807	1612440792108	OK	 
REQUEST		CreateGeneral	1612440791590	1612440792110	OK	 
USER	GeneralAdmission1	END	1612440792111
USER	GeneralAdmission1	START	1612440792214
REQUEST		CreateGeneral	1612440792168	1612440792351	OK	 
REQUEST		BookingDetails	1612440792288	1612440792370	OK	 
REQUEST		GetToken	1612440792215	1612440792410	OK	 
REQUEST		AddToCart	1612440792412	1612440792483	OK	 
REQUEST		ConfirmPayment	1612440792371	1612440792523	OK	 
USER	GeneralAdmission1	END	1612440792525
USER	GeneralAdmission1	START	1612440792715
REQUEST		CreateGeneral	1612440792575	1612440792762	OK	 
REQUEST		GetToken	1612440792715	1612440792914	OK	 
REQUEST		AddToCart	1612440792915	1612440792971	OK	 
REQUEST		BookingDetails	1612440792935	1612440792993	OK	 
REQUEST		AddToCart2	1612440792999	1612440793094	OK	 
REQUEST		ConfirmPayment	1612440792996	1612440793133	OK	 
USER	GeneralAdmission1	END	1612440793135
USER	GeneralAdmission1	START	1612440793214
REQUEST		BookingDetails	1612440793276	1612440793357	OK	 
REQUEST		GetToken	1612440793214	1612440793419	OK	 
REQUEST		ConfirmPayment	1612440793359	1612440793536	OK	 
USER	GeneralAdmission1	END	1612440793538
REQUEST		AddToCart2	1612440793508	1612440793558	OK	 
REQUEST		AddToCart	1612440793525	1612440793580	OK	 
USER	GeneralAdmission1	START	1612440793709
REQUEST		BookingDetails	1612440793788	1612440793846	OK	 
REQUEST		CreateGeneral	1612440793711	1612440793876	OK	 
REQUEST		GetToken	1612440793711	1612440793904	OK	 
REQUEST		ConfirmPayment	1612440793848	1612440793990	OK	 
USER	GeneralAdmission1	END	1612440793992
USER	GeneralAdmission1	START	1612440794211
REQUEST		CreateGeneral	1612440794102	1612440794285	OK	 
REQUEST		GetToken	1612440794211	1612440794391	OK	 
REQUEST		AddToCart	1612440794442	1612440794517	OK	 
REQUEST		AddToCart2	1612440794707	1612440794772	OK	 
REQUEST		AddToCart2	1612440794755	1612440794807	OK	 
REQUEST		BookingDetails	1612440794926	1612440794990	OK	 
REQUEST		AddToCart	1612440794957	1612440795003	OK	 
REQUEST		AddToCart2	1612440795007	1612440795065	OK	 
REQUEST		ConfirmPayment	1612440794991	1612440795175	OK	 
USER	GeneralAdmission1	END	1612440795177
USER	GeneralAdmission1	START	1612440795207
REQUEST		CreateGeneral	1612440795098	1612440795285	OK	 
REQUEST		BookingDetails	1612440795285	1612440795346	OK	 
REQUEST		GetToken	1612440795208	1612440795397	OK	 
REQUEST		AddToCart	1612440795412	1612440795482	OK	 
REQUEST		ConfirmPayment	1612440795350	1612440795493	OK	 
USER	GeneralAdmission1	END	1612440795496
REQUEST		AddToCart2	1612440795487	1612440795542	OK	 
USER	GeneralAdmission1	START	1612440795705
REQUEST		CreateGeneral	1612440795568	1612440795822	OK	 
REQUEST		GetToken	1612440795706	1612440795881	OK	 
REQUEST		AddToCart	1612440795923	1612440795985	OK	 
REQUEST		AddToCart2	1612440795984	1612440796064	OK	 
REQUEST		BookingDetails	1612440796124	1612440796189	OK	 
USER	GeneralAdmission1	START	1612440796203
REQUEST		ConfirmPayment	1612440796191	1612440796380	OK	 
USER	GeneralAdmission1	END	1612440796382
REQUEST		GetToken	1612440796205	1612440796411	OK	 
REQUEST		BookingDetails	1612440796362	1612440796423	OK	 
REQUEST		AddToCart	1612440796408	1612440796504	OK	 
USER	GeneralAdmission1	START	1612440796705
REQUEST		ConfirmPayment	1612440796427	1612440796723	OK	 
USER	GeneralAdmission1	END	1612440796726
REQUEST		AddToCart2	1612440796595	1612440796732	OK	 
REQUEST		BookingDetails	1612440796768	1612440796850	OK	 
REQUEST		GetToken	1612440796705	1612440796967	OK	 
REQUEST		CreateGeneral	1612440796785	1612440796973	OK	 
REQUEST		CreateGeneral	1612440796816	1612440796995	OK	 
REQUEST		ConfirmPayment	1612440796852	1612440797083	OK	 
USER	GeneralAdmission1	END	1612440797085
USER	GeneralAdmission1	START	1612440797204
REQUEST		CreateGeneral	1612440797081	1612440797252	OK	 
REQUEST		GetToken	1612440797204	1612440797382	OK	 
REQUEST		AddToCart	1612440797421	1612440797499	OK	 
REQUEST		AddToCart2	1612440797530	1612440797604	OK	 
REQUEST		CreateGeneral	1612440797548	1612440797727	OK	 
REQUEST		BookingDetails	1612440797890	1612440797949	OK	 
REQUEST		AddToCart	1612440797922	1612440798005	OK	 
REQUEST		AddToCart2	1612440798018	1612440798072	OK	 
REQUEST		ConfirmPayment	1612440797951	1612440798103	OK	 
USER	GeneralAdmission1	END	1612440798105
USER	GeneralAdmission1	START	1612440798204
REQUEST		CreateGeneral	1612440798078	1612440798246	OK	 
REQUEST		BookingDetails	1612440798297	1612440798402	OK	 
REQUEST		GetToken	1612440798204	1612440798421	OK	 
REQUEST		AddToCart	1612440798422	1612440798475	OK	 
REQUEST		AddToCart2	1612440798488	1612440798553	OK	 
REQUEST		ConfirmPayment	1612440798404	1612440798611	OK	 
USER	GeneralAdmission1	END	1612440798613
USER	GeneralAdmission1	START	1612440798703
REQUEST		GetToken	1612440798703	1612440798869	OK	 
REQUEST		CreateGeneral	1612440798735	1612440798910	OK	 
REQUEST		AddToCart	1612440798908	1612440798979	OK	 
REQUEST		AddToCart2	1612440799005	1612440799068	OK	 
USER	GeneralAdmission1	START	1612440799204
REQUEST		BookingDetails	1612440799297	1612440799357	OK	 
REQUEST		GetToken	1612440799204	1612440799401	OK	 
REQUEST		AddToCart	1612440799402	1612440799455	OK	 
REQUEST		ConfirmPayment	1612440799358	1612440799504	OK	 
USER	GeneralAdmission1	END	1612440799505
REQUEST		AddToCart2	1612440799518	1612440799588	OK	 
USER	GeneralAdmission1	START	1612440799701
REQUEST		CreateGeneral	1612440799610	1612440799785	OK	 
REQUEST		BookingDetails	1612440799840	1612440799902	OK	 
REQUEST		GetToken	1612440799701	1612440799928	OK	 
REQUEST		ConfirmPayment	1612440799903	1612440800075	OK	 
USER	GeneralAdmission1	END	1612440800077
USER	GeneralAdmission1	START	1612440800212
REQUEST		CreateGeneral	1612440800091	1612440800273	OK	 
REQUEST		GetToken	1612440800212	1612440800395	OK	 
REQUEST		AddToCart	1612440800417	1612440800479	OK	 
REQUEST		AddToCart2	1612440800509	1612440800575	OK	 
REQUEST		CreateGeneral	1612440800557	1612440800736	OK	 
REQUEST		AddToCart	1612440800884	1612440800939	OK	 
REQUEST		BookingDetails	1612440801007	1612440801114	OK	 
REQUEST		BookingDetails	1612440800977	1612440801114	OK	 
REQUEST		AddToCart2	1612440801024	1612440801119	OK	 
USER	GeneralAdmission1	START	1612440801214
REQUEST		CreateGeneral	1612440801085	1612440801264	OK	 
REQUEST		ConfirmPayment	1612440801120	1612440801274	OK	 
USER	GeneralAdmission1	END	1612440801276
REQUEST		ConfirmPayment	1612440801120	1612440801281	OK	 
USER	GeneralAdmission1	END	1612440801283
REQUEST		BookingDetails	1612440801256	1612440801314	OK	 
REQUEST		GetToken	1612440801215	1612440801400	OK	 
REQUEST		ConfirmPayment	1612440801315	1612440801454	OK	 
USER	GeneralAdmission1	END	1612440801520
REQUEST		AddToCart	1612440801427	1612440801532	OK	 
REQUEST		AddToCart2	1612440801489	1612440801698	OK	 
USER	GeneralAdmission1	START	1612440801707
REQUEST		BookingDetails	1612440801739	1612440801799	OK	 
REQUEST		CreateGeneral	1612440801598	1612440801870	OK	 
REQUEST		GetToken	1612440801710	1612440801961	OK	 
REQUEST		ConfirmPayment	1612440801804	1612440802005	OK	 
USER	GeneralAdmission1	END	1612440802007
REQUEST		AddToCart	1612440801973	1612440802055	OK	 
REQUEST		AddToCart2	1612440801988	1612440802065	OK	 
USER	GeneralAdmission1	START	1612440802203
REQUEST		BookingDetails	1612440802264	1612440802328	OK	 
REQUEST		GetToken	1612440802203	1612440802428	OK	 
REQUEST		AddToCart	1612440802389	1612440802443	OK	 
REQUEST		ConfirmPayment	1612440802330	1612440802520	OK	 
USER	GeneralAdmission1	END	1612440802522
REQUEST		AddToCart2	1612440802466	1612440802535	OK	 
USER	GeneralAdmission1	START	1612440802714
REQUEST		CreateGeneral	1612440802590	1612440802783	OK	 
REQUEST		GetToken	1612440802715	1612440802938	OK	 
REQUEST		BookingDetails	1612440802915	1612440802991	OK	 
REQUEST		ConfirmPayment	1612440802992	1612440803201	OK	 
USER	GeneralAdmission1	END	1612440803204
USER	GeneralAdmission1	START	1612440803211
REQUEST		CreateGeneral	1612440803134	1612440803310	OK	 
REQUEST		GetToken	1612440803214	1612440803420	OK	 
REQUEST		AddToCart	1612440803432	1612440803491	OK	 
REQUEST		AddToCart2	1612440803492	1612440803548	OK	 
REQUEST		BookingDetails	1612440803802	1612440803881	OK	 
REQUEST		CreateGeneral	1612440803709	1612440803884	OK	 
REQUEST		AddToCart	1612440803879	1612440803938	OK	 
REQUEST		AddToCart2	1612440803958	1612440804029	OK	 
REQUEST		ConfirmPayment	1612440803883	1612440804113	OK	 
USER	GeneralAdmission1	END	1612440804115
USER	GeneralAdmission1	START	1612440804203
REQUEST		CreateGeneral	1612440804080	1612440804256	OK	 
REQUEST		BookingDetails	1612440804281	1612440804527	OK	 
REQUEST		GetToken	1612440804204	1612440804530	OK	 
REQUEST		AddToCart	1612440804407	1612440804535	OK	 
REQUEST		AddToCart2	1612440804550	1612440804609	OK	 
REQUEST		ConfirmPayment	1612440804529	1612440804674	OK	 
USER	GeneralAdmission1	END	1612440804676
USER	GeneralAdmission1	START	1612440804704
REQUEST		CreateGeneral	1612440804551	1612440804732	OK	 
REQUEST		BookingDetails	1612440804740	1612440804819	OK	 
REQUEST		GetToken	1612440804705	1612440804876	OK	 
REQUEST		AddToCart	1612440804936	1612440804993	OK	 
REQUEST		ConfirmPayment	1612440804820	1612440805004	OK	 
USER	GeneralAdmission1	END	1612440805007
REQUEST		AddToCart2	1612440805061	1612440805122	OK	 
USER	GeneralAdmission1	START	1612440805202
REQUEST		BookingDetails	1612440805274	1612440805338	OK	 
REQUEST		GetToken	1612440805203	1612440805380	OK	 
REQUEST		AddToCart	1612440805404	1612440805470	OK	 
REQUEST		ConfirmPayment	1612440805340	1612440805475	OK	 
USER	GeneralAdmission1	END	1612440805477
REQUEST		AddToCart2	1612440805451	1612440805504	OK	 
USER	GeneralAdmission1	START	1612440805715
REQUEST		CreateGeneral	1612440805561	1612440805732	OK	 
REQUEST		GetToken	1612440805716	1612440805901	OK	 
REQUEST		BookingDetails	1612440805887	1612440805949	OK	 
REQUEST		ConfirmPayment	1612440805951	1612440806107	OK	 
USER	GeneralAdmission1	END	1612440806109
USER	GeneralAdmission1	START	1612440806201
REQUEST		CreateGeneral	1612440806045	1612440806213	OK	 
REQUEST		GetToken	1612440806203	1612440806393	OK	 
REQUEST		AddToCart	1612440806407	1612440806490	OK	 
REQUEST		AddToCart2	1612440806497	1612440806564	OK	 
REQUEST		BookingDetails	1612440806793	1612440806846	OK	 
REQUEST		CreateGeneral	1612440806624	1612440806912	OK	 
REQUEST		ConfirmPayment	1612440806847	1612440807016	OK	 
USER	GeneralAdmission1	END	1612440807018
REQUEST		AddToCart2	1612440806947	1612440807080	OK	 
REQUEST		AddToCart	1612440806978	1612440807081	OK	 
USER	GeneralAdmission1	START	1612440807215
REQUEST		CreateGeneral	1612440807137	1612440807310	OK	 
REQUEST		BookingDetails	1612440807327	1612440807429	OK	 
REQUEST		GetToken	1612440807215	1612440807443	OK	 
REQUEST		AddToCart	1612440807432	1612440807495	OK	 
REQUEST		ConfirmPayment	1612440807431	1612440807594	OK	 
USER	GeneralAdmission1	END	1612440807596
REQUEST		AddToCart2	1612440807543	1612440807609	OK	 
REQUEST		CreateGeneral	1612440807514	1612440807684	OK	 
USER	GeneralAdmission1	START	1612440807713
REQUEST		GetToken	1612440807713	1612440807903	OK	 
REQUEST		BookingDetails	1612440807899	1612440807963	OK	 
REQUEST		AddToCart	1612440807946	1612440808012	OK	 
REQUEST		AddToCart2	1612440808009	1612440808069	OK	 
REQUEST		ConfirmPayment	1612440807964	1612440808115	OK	 
USER	GeneralAdmission1	END	1612440808117
USER	GeneralAdmission1	START	1612440808210
REQUEST		BookingDetails	1612440808272	1612440808328	OK	 
REQUEST		GetToken	1612440808210	1612440808415	OK	 
REQUEST		ConfirmPayment	1612440808329	1612440808496	OK	 
USER	GeneralAdmission1	END	1612440808497
REQUEST		AddToCart	1612440808429	1612440808560	OK	 
REQUEST		AddToCart2	1612440808475	1612440808563	OK	 
USER	GeneralAdmission1	START	1612440808709
REQUEST		CreateGeneral	1612440808571	1612440808762	OK	 
REQUEST		BookingDetails	1612440808740	1612440808801	OK	 
REQUEST		GetToken	1612440808709	1612440808911	OK	 
REQUEST		ConfirmPayment	1612440808802	1612440808998	OK	 
USER	GeneralAdmission1	END	1612440809000
USER	GeneralAdmission1	START	1612440809224
REQUEST		CreateGeneral	1612440809083	1612440809299	OK	 
REQUEST		GetToken	1612440809225	1612440809420	OK	 
REQUEST		AddToCart2	1612440809502	1612440809562	OK	 
REQUEST		AddToCart	1612440809534	1612440809589	OK	 
REQUEST		CreateGeneral	1612440809616	1612440809800	OK	 
REQUEST		BookingDetails	1612440809737	1612440809807	OK	 
REQUEST		AddToCart	1612440809893	1612440809951	OK	 
REQUEST		ConfirmPayment	1612440809808	1612440809995	OK	 
USER	GeneralAdmission1	END	1612440809996
REQUEST		AddToCart2	1612440810100	1612440810173	OK	 
USER	GeneralAdmission1	START	1612440810209
REQUEST		CreateGeneral	1612440810082	1612440810255	OK	 
REQUEST		BookingDetails	1612440810225	1612440810291	OK	 
REQUEST		GetToken	1612440810209	1612440810418	OK	 
REQUEST		AddToCart	1612440810396	1612440810463	OK	 
REQUEST		ConfirmPayment	1612440810292	1612440810471	OK	 
USER	GeneralAdmission1	END	1612440810472
REQUEST		AddToCart2	1612440810508	1612440810564	OK	 
USER	GeneralAdmission1	START	1612440810712
REQUEST		CreateGeneral	1612440810570	1612440810751	OK	 
REQUEST		GetToken	1612440810712	1612440810912	OK	 
REQUEST		AddToCart	1612440810914	1612440810971	OK	 
REQUEST		BookingDetails	1612440810915	1612440810982	OK	 
REQUEST		AddToCart2	1612440811020	1612440811079	OK	 
REQUEST		ConfirmPayment	1612440810984	1612440811170	OK	 
USER	GeneralAdmission1	END	1612440811171
USER	GeneralAdmission1	START	1612440811205
REQUEST		BookingDetails	1612440811314	1612440811400	OK	 
REQUEST		GetToken	1612440811206	1612440811404	OK	 
REQUEST		AddToCart	1612440811403	1612440811471	OK	 
REQUEST		ConfirmPayment	1612440811402	1612440811608	OK	 
USER	GeneralAdmission1	END	1612440811609
REQUEST		AddToCart2	1612440811566	1612440811651	OK	 
USER	GeneralAdmission1	START	1612440811705
REQUEST		CreateGeneral	1612440811566	1612440811774	OK	 
REQUEST		BookingDetails	1612440811689	1612440811776	OK	 
REQUEST		ConfirmPayment	1612440811777	1612440811975	OK	 
USER	GeneralAdmission1	END	1612440811977
REQUEST		GetToken	1612440811706	1612440811979	OK	 
USER	GeneralAdmission1	START	1612440812208
REQUEST		CreateGeneral	1612440812179	1612440812363	OK	 
REQUEST		GetToken	1612440812209	1612440812413	OK	 
REQUEST		AddToCart	1612440812459	1612440812537	OK	 
REQUEST		AddToCart2	1612440812601	1612440812666	OK	 
REQUEST		CreateGeneral	1612440812571	1612440812764	OK	 
REQUEST		BookingDetails	1612440812776	1612440812851	OK	 
REQUEST		AddToCart	1612440812913	1612440812965	OK	 
REQUEST		AddToCart2	1612440812960	1612440813023	OK	 
REQUEST		ConfirmPayment	1612440812852	1612440813036	OK	 
USER	GeneralAdmission1	END	1612440813037
USER	GeneralAdmission1	START	1612440813214
REQUEST		CreateGeneral	1612440813085	1612440813275	OK	 
REQUEST		BookingDetails	1612440813303	1612440813359	OK	 
REQUEST		GetToken	1612440813214	1612440813415	OK	 
REQUEST		AddToCart	1612440813416	1612440813482	OK	 
REQUEST		ConfirmPayment	1612440813360	1612440813545	OK	 
REQUEST		AddToCart2	1612440813475	1612440813548	OK	 
USER	GeneralAdmission1	END	1612440813548
USER	GeneralAdmission1	START	1612440813707
REQUEST		CreateGeneral	1612440813661	1612440813836	OK	 
REQUEST		GetToken	1612440813707	1612440813899	OK	 
REQUEST		BookingDetails	1612440813816	1612440813909	OK	 
REQUEST		AddToCart	1612440813916	1612440813974	OK	 
REQUEST		AddToCart2	1612440813990	1612440814058	OK	 
REQUEST		ConfirmPayment	1612440813910	1612440814099	OK	 
USER	GeneralAdmission1	END	1612440814101
USER	GeneralAdmission1	START	1612440814205
REQUEST		BookingDetails	1612440814268	1612440814337	OK	 
REQUEST		GetToken	1612440814205	1612440814376	OK	 
REQUEST		AddToCart	1612440814426	1612440814485	OK	 
REQUEST		ConfirmPayment	1612440814339	1612440814499	OK	 
USER	GeneralAdmission1	END	1612440814501
REQUEST		AddToCart2	1612440814488	1612440814545	OK	 
USER	GeneralAdmission1	START	1612440814706
REQUEST		BookingDetails	1612440814753	1612440814822	OK	 
REQUEST		CreateGeneral	1612440814675	1612440814854	OK	 
REQUEST		GetToken	1612440814706	1612440814928	OK	 
REQUEST		ConfirmPayment	1612440814824	1612440815030	OK	 
USER	GeneralAdmission1	END	1612440815032
USER	GeneralAdmission1	START	1612440815206
REQUEST		CreateGeneral	1612440815033	1612440815210	OK	 
REQUEST		GetToken	1612440815206	1612440815390	OK	 
REQUEST		AddToCart	1612440815425	1612440815491	OK	 
REQUEST		AddToCart2	1612440815548	1612440815604	OK	 
REQUEST		CreateGeneral	1612440815566	1612440815750	OK	 
REQUEST		BookingDetails	1612440815781	1612440815845	OK	 
REQUEST		AddToCart	1612440815921	1612440815992	OK	 
REQUEST		ConfirmPayment	1612440815846	1612440816048	OK	 
USER	GeneralAdmission1	END	1612440816051
REQUEST		AddToCart2	1612440815982	1612440816059	OK	 
USER	GeneralAdmission1	START	1612440816217
REQUEST		CreateGeneral	1612440816064	1612440816236	OK	 
REQUEST		GetToken	1612440816218	1612440816456	OK	 
REQUEST		BookingDetails	1612440816375	1612440816480	OK	 
REQUEST		AddToCart	1612440816421	1612440816487	OK	 
REQUEST		AddToCart2	1612440816502	1612440816564	OK	 
USER	GeneralAdmission1	START	1612440816700
REQUEST		ConfirmPayment	1612440816481	1612440816705	OK	 
USER	GeneralAdmission1	END	1612440816707
REQUEST		CreateGeneral	1612440816561	1612440816744	OK	 
REQUEST		BookingDetails	1612440816779	1612440816846	OK	 
REQUEST		GetToken	1612440816701	1612440816904	OK	 
REQUEST		AddToCart2	1612440816982	1612440817092	OK	 
REQUEST		ConfirmPayment	1612440816847	1612440817091	OK	 
USER	GeneralAdmission1	END	1612440817095
REQUEST		AddToCart	1612440816999	1612440817095	OK	 
USER	GeneralAdmission1	START	1612440817215
REQUEST		BookingDetails	1612440817288	1612440817369	OK	 
REQUEST		GetToken	1612440817215	1612440817440	OK	 
REQUEST		AddToCart	1612440817417	1612440817480	OK	 
REQUEST		AddToCart2	1612440817496	1612440817557	OK	 
REQUEST		ConfirmPayment	1612440817373	1612440817584	OK	 
USER	GeneralAdmission1	END	1612440817586
USER	GeneralAdmission1	START	1612440817713
REQUEST		CreateGeneral	1612440817619	1612440817794	OK	 
REQUEST		GetToken	1612440817713	1612440817919	OK	 
REQUEST		BookingDetails	1612440817838	1612440817940	OK	 
REQUEST		ConfirmPayment	1612440817942	1612440818167	OK	 
USER	GeneralAdmission1	END	1612440818169
USER	GeneralAdmission1	START	1612440818212
REQUEST		CreateGeneral	1612440818073	1612440818254	OK	 
REQUEST		GetToken	1612440818212	1612440818516	OK	 
REQUEST		AddToCart	1612440818430	1612440818529	OK	 
REQUEST		AddToCart2	1612440818493	1612440818551	OK	 
REQUEST		CreateGeneral	1612440818572	1612440818767	OK	 
REQUEST		BookingDetails	1612440818866	1612440818942	OK	 
REQUEST		AddToCart	1612440818913	1612440818981	OK	 
REQUEST		AddToCart2	1612440819005	1612440819067	OK	 
REQUEST		ConfirmPayment	1612440818943	1612440819115	OK	 
USER	GeneralAdmission1	END	1612440819117
USER	GeneralAdmission1	START	1612440819207
REQUEST		CreateGeneral	1612440819098	1612440819268	OK	 
REQUEST		BookingDetails	1612440819223	1612440819299	OK	 
REQUEST		GetToken	1612440819207	1612440819396	OK	 
REQUEST		AddToCart	1612440819379	1612440819447	OK	 
REQUEST		ConfirmPayment	1612440819300	1612440819494	OK	 
USER	GeneralAdmission1	END	1612440819496
REQUEST		AddToCart2	1612440819506	1612440819563	OK	 
USER	GeneralAdmission1	START	1612440819706
REQUEST		CreateGeneral	1612440819565	1612440819776	OK	 
REQUEST		BookingDetails	1612440819767	1612440819866	OK	 
REQUEST		GetToken	1612440819706	1612440819889	OK	 
REQUEST		ConfirmPayment	1612440819867	1612440820026	OK	 
USER	GeneralAdmission1	END	1612440820027
REQUEST		AddToCart	1612440819938	1612440820028	OK	 
USER	GeneralAdmission1	START	1612440820204
REQUEST		AddToCart2	1612440820110	1612440820288	OK	 
REQUEST		BookingDetails	1612440820251	1612440820396	OK	 
REQUEST		AddToCart	1612440820398	1612440820471	OK	 
REQUEST		GetToken	1612440820205	1612440820505	OK	 
REQUEST		AddToCart2	1612440820487	1612440820546	OK	 
REQUEST		ConfirmPayment	1612440820397	1612440820608	OK	 
USER	GeneralAdmission1	END	1612440820609
USER	GeneralAdmission1	START	1612440820700
REQUEST		CreateGeneral	1612440820564	1612440820739	OK	 
REQUEST		BookingDetails	1612440820749	1612440820850	OK	 
REQUEST		GetToken	1612440820700	1612440820925	OK	 
REQUEST		ConfirmPayment	1612440820851	1612440821072	OK	 
USER	GeneralAdmission1	END	1612440821074
USER	GeneralAdmission1	START	1612440821215
REQUEST		CreateGeneral	1612440821074	1612440821255	OK	 
REQUEST		GetToken	1612440821216	1612440821385	OK	 
REQUEST		AddToCart	1612440821464	1612440821528	OK	 
REQUEST		AddToCart2	1612440821545	1612440821615	OK	 
REQUEST		CreateGeneral	1612440821575	1612440821761	OK	 
REQUEST		BookingDetails	1612440821808	1612440821871	OK	 
REQUEST		AddToCart	1612440821915	1612440822155	OK	 
REQUEST		AddToCart2	1612440821994	1612440822155	OK	 
REQUEST		ConfirmPayment	1612440821873	1612440822158	OK	 
USER	GeneralAdmission1	END	1612440822160
USER	GeneralAdmission1	START	1612440822212
REQUEST		BookingDetails	1612440822259	1612440822360	OK	 
REQUEST		GetToken	1612440822212	1612440822448	OK	 
REQUEST		CreateGeneral	1612440822291	1612440822483	OK	 
REQUEST		AddToCart2	1612440822464	1612440822540	OK	 
REQUEST		AddToCart	1612440822446	1612440822549	OK	 
REQUEST		ConfirmPayment	1612440822362	1612440822593	OK	 
USER	GeneralAdmission1	END	1612440822595
USER	GeneralAdmission1	START	1612440822712
REQUEST		CreateGeneral	1612440822551	1612440822738	OK	 
REQUEST		BookingDetails	1612440822774	1612440822842	OK	 
REQUEST		GetToken	1612440822712	1612440822903	OK	 
REQUEST		ConfirmPayment	1612440822843	1612440822996	OK	 
USER	GeneralAdmission1	END	1612440822998
REQUEST		AddToCart	1612440822930	1612440823010	OK	 
REQUEST		AddToCart2	1612440823038	1612440823101	OK	 
USER	GeneralAdmission1	START	1612440823212
REQUEST		BookingDetails	1612440823273	1612440823371	OK	 
REQUEST		GetToken	1612440823212	1612440823421	OK	 
REQUEST		AddToCart2	1612440823475	1612440823532	OK	 
REQUEST		ConfirmPayment	1612440823372	1612440823588	OK	 
USER	GeneralAdmission1	END	1612440823590
REQUEST		AddToCart	1612440823522	1612440823604	OK	 
USER	GeneralAdmission1	START	1612440823711
REQUEST		CreateGeneral	1612440823620	1612440823793	OK	 
REQUEST		BookingDetails	1612440823789	1612440823868	OK	 
REQUEST		GetToken	1612440823711	1612440823922	OK	 
REQUEST		ConfirmPayment	1612440823869	1612440824020	OK	 
USER	GeneralAdmission1	END	1612440824022
USER	GeneralAdmission1	START	1612440824207
REQUEST		CreateGeneral	1612440824161	1612440824355	OK	 
REQUEST		GetToken	1612440824207	1612440824480	OK	 
REQUEST		AddToCart	1612440824411	1612440824480	OK	 
REQUEST		AddToCart2	1612440824533	1612440824610	OK	 
REQUEST		CreateGeneral	1612440824550	1612440824746	OK	 
REQUEST		BookingDetails	1612440824750	1612440824810	OK	 
REQUEST		AddToCart	1612440824905	1612440824996	OK	 
REQUEST		ConfirmPayment	1612440824811	1612440825022	OK	 
USER	GeneralAdmission1	END	1612440825024
USER	GeneralAdmission1	START	1612440825203
REQUEST		AddToCart2	1612440825172	1612440825233	OK	 
REQUEST		CreateGeneral	1612440825110	1612440825291	OK	 
REQUEST		BookingDetails	1612440825266	1612440825383	OK	 
REQUEST		GetToken	1612440825204	1612440825412	OK	 
REQUEST		AddToCart	1612440825515	1612440825575	OK	 
REQUEST		AddToCart2	1612440825563	1612440825630	OK	 
REQUEST		ConfirmPayment	1612440825384	1612440825653	OK	 
USER	GeneralAdmission1	END	1612440825657
USER	GeneralAdmission1	START	1612440825700
REQUEST		CreateGeneral	1612440825547	1612440825730	OK	 
REQUEST		BookingDetails	1612440825779	1612440825859	OK	 
REQUEST		GetToken	1612440825701	1612440825902	OK	 
REQUEST		AddToCart	1612440825935	1612440826021	OK	 
REQUEST		ConfirmPayment	1612440825861	1612440826036	OK	 
USER	GeneralAdmission1	END	1612440826038
REQUEST		AddToCart2	1612440826027	1612440826177	OK	 
USER	GeneralAdmission1	START	1612440826213
REQUEST		GetToken	1612440826214	1612440826413	OK	 
REQUEST		AddToCart	1612440826402	1612440826463	OK	 
REQUEST		BookingDetails	1612440826495	1612440826568	OK	 
REQUEST		AddToCart2	1612440826621	1612440826674	OK	 
USER	GeneralAdmission1	START	1612440826713
REQUEST		ConfirmPayment	1612440826570	1612440826765	OK	 
USER	GeneralAdmission1	END	1612440826767
REQUEST		BookingDetails	1612440826745	1612440826799	OK	 
REQUEST		CreateGeneral	1612440826621	1612440826814	OK	 
REQUEST		GetToken	1612440826713	1612440826929	OK	 
REQUEST		ConfirmPayment	1612440826800	1612440826971	OK	 
USER	GeneralAdmission1	END	1612440826972
USER	GeneralAdmission1	START	1612440827212
REQUEST		CreateGeneral	1612440827245	1612440827413	OK	 
REQUEST		GetToken	1612440827213	1612440827437	OK	 
REQUEST		AddToCart	1612440827462	1612440827529	OK	 
REQUEST		AddToCart2	1612440827492	1612440827543	OK	 
REQUEST		CreateGeneral	1612440827633	1612440827830	OK	 
REQUEST		BookingDetails	1612440827806	1612440827886	OK	 
REQUEST		AddToCart	1612440827916	1612440828005	OK	 
REQUEST		AddToCart2	1612440828010	1612440828070	OK	 
REQUEST		ConfirmPayment	1612440827887	1612440828092	OK	 
USER	GeneralAdmission1	END	1612440828094
USER	GeneralAdmission1	START	1612440828213
REQUEST		CreateGeneral	1612440828182	1612440828380	OK	 
REQUEST		GetToken	1612440828213	1612440828431	OK	 
REQUEST		BookingDetails	1612440828361	1612440828443	OK	 
REQUEST		AddToCart	1612440828433	1612440828491	OK	 
REQUEST		ConfirmPayment	1612440828444	1612440828620	OK	 
USER	GeneralAdmission1	END	1612440828622
REQUEST		AddToCart2	1612440828585	1612440828640	OK	 
USER	GeneralAdmission1	START	1612440828708
REQUEST		BookingDetails	1612440828755	1612440828823	OK	 
REQUEST		CreateGeneral	1612440828678	1612440828854	OK	 
REQUEST		GetToken	1612440828708	1612440828896	OK	 
REQUEST		ConfirmPayment	1612440828825	1612440828986	OK	 
USER	GeneralAdmission1	END	1612440828988
REQUEST		AddToCart	1612440828928	1612440829007	OK	 
REQUEST		AddToCart2	1612440829035	1612440829104	OK	 
USER	GeneralAdmission1	START	1612440829206
REQUEST		BookingDetails	1612440829298	1612440829383	OK	 
REQUEST		GetToken	1612440829207	1612440829400	OK	 
REQUEST		AddToCart2	1612440829473	1612440829525	OK	 
REQUEST		AddToCart	1612440829490	1612440829555	OK	 
REQUEST		ConfirmPayment	1612440829385	1612440829559	OK	 
USER	GeneralAdmission1	END	1612440829560
USER	GeneralAdmission1	START	1612440829709
REQUEST		CreateGeneral	1612440829552	1612440829726	OK	 
REQUEST		BookingDetails	1612440829744	1612440829809	OK	 
REQUEST		GetToken	1612440829710	1612440829905	OK	 
REQUEST		ConfirmPayment	1612440829810	1612440829994	OK	 
USER	GeneralAdmission1	END	1612440829995
USER	GeneralAdmission1	START	1612440830208
REQUEST		CreateGeneral	1612440830084	1612440830275	OK	 
REQUEST		GetToken	1612440830209	1612440830424	OK	 
REQUEST		AddToCart	1612440830426	1612440830490	OK	 
REQUEST		AddToCart2	1612440830534	1612440830604	OK	 
REQUEST		CreateGeneral	1612440830644	1612440830822	OK	 
REQUEST		BookingDetails	1612440830828	1612440830889	OK	 
REQUEST		AddToCart	1612440830907	1612440830973	OK	 
REQUEST		ConfirmPayment	1612440830890	1612440831054	OK	 
USER	GeneralAdmission1	END	1612440831055
REQUEST		AddToCart2	1612440831015	1612440831084	OK	 
REQUEST		CreateGeneral	1612440831109	1612440831298	OK	 
REQUEST		BookingDetails	1612440831419	1612440831487	OK	 
REQUEST		AddToCart	1612440831420	1612440831494	OK	 
REQUEST		AddToCart2	1612440831500	1612440831563	OK	 
REQUEST		ConfirmPayment	1612440831488	1612440831685	OK	 
USER	GeneralAdmission1	END	1612440831686
REQUEST		CreateGeneral	1612440831544	1612440831731	OK	 
REQUEST		BookingDetails	1612440831838	1612440831926	OK	 
REQUEST		AddToCart	1612440831932	1612440831992	OK	 
REQUEST		AddToCart2	1612440832014	1612440832270	OK	 
REQUEST		ConfirmPayment	1612440831927	1612440832270	OK	 
USER	GeneralAdmission1	END	1612440832273
REQUEST		BookingDetails	1612440832384	1612440832460	OK	 
REQUEST		AddToCart	1612440832447	1612440832510	OK	 
REQUEST		AddToCart2	1612440832557	1612440832621	OK	 
REQUEST		ConfirmPayment	1612440832461	1612440832638	OK	 
USER	GeneralAdmission1	END	1612440832640
REQUEST		CreateGeneral	1612440832621	1612440832791	OK	 
REQUEST		BookingDetails	1612440832868	1612440833052	OK	 
REQUEST		ConfirmPayment	1612440833054	1612440833263	OK	 
USER	GeneralAdmission1	END	1612440833265
REQUEST		CreateGeneral	1612440833089	1612440833266	OK	 
REQUEST		AddToCart	1612440833445	1612440833536	OK	 
REQUEST		AddToCart2	1612440833493	1612440833549	OK	 
REQUEST		CreateGeneral	1612440833571	1612440833760	OK	 
REQUEST		BookingDetails	1612440833741	1612440833792	OK	 
REQUEST		AddToCart	1612440833898	1612440833963	OK	 
REQUEST		ConfirmPayment	1612440833794	1612440833980	OK	 
USER	GeneralAdmission1	END	1612440833982
REQUEST		AddToCart2	1612440833979	1612440834040	OK	 
REQUEST		BookingDetails	1612440834286	1612440834381	OK	 
REQUEST		CreateGeneral	1612440834287	1612440834522	OK	 
REQUEST		AddToCart	1612440834411	1612440834564	OK	 
REQUEST		AddToCart2	1612440834504	1612440834580	OK	 
REQUEST		ConfirmPayment	1612440834382	1612440834615	OK	 
USER	GeneralAdmission1	END	1612440834616
REQUEST		CreateGeneral	1612440834631	1612440834803	OK	 
REQUEST		BookingDetails	1612440834832	1612440834908	OK	 
REQUEST		AddToCart	1612440834910	1612440834984	OK	 
REQUEST		AddToCart2	1612440835007	1612440835059	OK	 
REQUEST		ConfirmPayment	1612440834909	1612440835097	OK	 
USER	GeneralAdmission1	END	1612440835100
REQUEST		BookingDetails	1612440835301	1612440835357	OK	 
REQUEST		AddToCart	1612440835440	1612440835505	OK	 
REQUEST		ConfirmPayment	1612440835358	1612440835540	OK	 
USER	GeneralAdmission1	END	1612440835542
REQUEST		AddToCart2	1612440835521	1612440835617	OK	 
REQUEST		CreateGeneral	1612440835563	1612440835745	OK	 
REQUEST		BookingDetails	1612440835735	1612440835801	OK	 
REQUEST		ConfirmPayment	1612440835802	1612440835948	OK	 
USER	GeneralAdmission1	END	1612440835950
REQUEST		CreateGeneral	1612440836045	1612440836221	OK	 
REQUEST		AddToCart2	1612440836544	1612440836638	OK	 
REQUEST		BookingDetails	1612440836795	1612440836861	OK	 
REQUEST		ConfirmPayment	1612440836863	1612440837010	OK	 
USER	GeneralAdmission1	END	1612440837012
REQUEST		AddToCart2	1612440836970	1612440837024	OK	 
REQUEST		CreateGeneral	1612440836591	1612440837074	OK	 
REQUEST		CreateGeneral	1612440837065	1612440837250	OK	 
REQUEST		BookingDetails	1612440837283	1612440837377	OK	 
REQUEST		ConfirmPayment	1612440837378	1612440837559	OK	 
USER	GeneralAdmission1	END	1612440837561
REQUEST		AddToCart2	1612440837572	1612440837638	OK	 
REQUEST		CreateGeneral	1612440837631	1612440837807	OK	 
REQUEST		BookingDetails	1612440837771	1612440837835	OK	 
REQUEST		ConfirmPayment	1612440837836	1612440838003	OK	 
USER	GeneralAdmission1	END	1612440838005
REQUEST		AddToCart2	1612440837990	1612440838047	OK	 
REQUEST		AddToCart2	1612440838519	1612440838589	OK	 
REQUEST		BookingDetails	1612440838535	1612440838609	OK	 
REQUEST		ConfirmPayment	1612440838610	1612440838860	OK	 
REQUEST		CreateGeneral	1612440838642	1612440838860	OK	 
USER	GeneralAdmission1	END	1612440838863
REQUEST		BookingDetails	1612440838815	1612440838935	OK	 
REQUEST		ConfirmPayment	1612440838937	1612440839107	OK	 
USER	GeneralAdmission1	END	1612440839109
REQUEST		CreateGeneral	1612440839034	1612440839287	OK	 
REQUEST		BookingDetails	1612440839754	1612440839828	OK	 
REQUEST		CreateGeneral	1612440839646	1612440839830	OK	 
REQUEST		ConfirmPayment	1612440839829	1612440840071	OK	 
USER	GeneralAdmission1	END	1612440840073
REQUEST		CreateGeneral	1612440840052	1612440840241	OK	 
REQUEST		BookingDetails	1612440840238	1612440840324	OK	 
REQUEST		ConfirmPayment	1612440840326	1612440840514	OK	 
USER	GeneralAdmission1	END	1612440840516
REQUEST		CreateGeneral	1612440840597	1612440840781	OK	 
REQUEST		BookingDetails	1612440841079	1612440841149	OK	 
REQUEST		ConfirmPayment	1612440841150	1612440841333	OK	 
REQUEST		BookingDetails	1612440841254	1612440841334	OK	 
USER	GeneralAdmission1	END	1612440841336
REQUEST		ConfirmPayment	1612440841335	1612440841520	OK	 
USER	GeneralAdmission1	END	1612440841522
REQUEST		BookingDetails	1612440841823	1612440841884	OK	 
REQUEST		ConfirmPayment	1612440841885	1612440842089	OK	 
USER	GeneralAdmission1	END	1612440842090
REQUEST		BookingDetails	1612440842866	1612440842943	OK	 
REQUEST		ConfirmPayment	1612440842945	1612440843114	OK	 
USER	GeneralAdmission1	END	1612440843115
REQUEST		BookingDetails	1612440843293	1612440843352	OK	 
REQUEST		ConfirmPayment	1612440843353	1612440843537	OK	 
USER	GeneralAdmission1	END	1612440843538
REQUEST		BookingDetails	1612440843844	1612440843911	OK	 
REQUEST		ConfirmPayment	1612440843913	1612440844075	OK	 
USER	GeneralAdmission1	END	1612440844078
REQUEST		BookingDetails	1612440844252	1612440844312	OK	 
REQUEST		ConfirmPayment	1612440844314	1612440844459	OK	 
USER	GeneralAdmission1	END	1612440844461
REQUEST		BookingDetails	1612440844790	1612440844854	OK	 
REQUEST		ConfirmPayment	1612440844856	1612440845005	OK	 
USER	GeneralAdmission1	END	1612440845007
