RUN	GeneralAdmission1	generaladmission1	1612370414113	 	3.5.0
USER	GeneralAdmission1	START	1612370416754
USER	GeneralAdmission1	START	1612370416760
USER	GeneralAdmission1	START	1612370416754
USER	GeneralAdmission1	START	1612370416728
USER	GeneralAdmission1	START	1612370416700
USER	GeneralAdmission1	START	1612370416700
USER	GeneralAdmission1	START	1612370416758
USER	GeneralAdmission1	START	1612370416759
USER	GeneralAdmission1	START	1612370416829
USER	GeneralAdmission1	START	1612370416831
USER	GeneralAdmission1	START	1612370416832
USER	GeneralAdmission1	START	1612370416830
USER	GeneralAdmission1	START	1612370416832
USER	GeneralAdmission1	START	1612370416833
USER	GeneralAdmission1	START	1612370416833
USER	GeneralAdmission1	START	1612370416854
USER	GeneralAdmission1	START	1612370416836
USER	GeneralAdmission1	START	1612370416864
USER	GeneralAdmission1	START	1612370416856
USER	GeneralAdmission1	START	1612370416873
USER	GeneralAdmission1	START	1612370416871
USER	GeneralAdmission1	START	1612370416876
USER	GeneralAdmission1	START	1612370416885
USER	GeneralAdmission1	START	1612370416879
USER	GeneralAdmission1	START	1612370416892
USER	GeneralAdmission1	START	1612370416900
USER	GeneralAdmission1	START	1612370416890
USER	GeneralAdmission1	START	1612370416894
USER	GeneralAdmission1	START	1612370416907
USER	GeneralAdmission1	START	1612370416899
USER	GeneralAdmission1	START	1612370416902
USER	GeneralAdmission1	START	1612370416921
USER	GeneralAdmission1	START	1612370416906
USER	GeneralAdmission1	START	1612370416922
USER	GeneralAdmission1	START	1612370416912
USER	GeneralAdmission1	START	1612370416928
USER	GeneralAdmission1	START	1612370416933
USER	GeneralAdmission1	START	1612370416926
USER	GeneralAdmission1	START	1612370416939
USER	GeneralAdmission1	START	1612370416948
USER	GeneralAdmission1	START	1612370416941
USER	GeneralAdmission1	START	1612370416941
USER	GeneralAdmission1	START	1612370416951
USER	GeneralAdmission1	START	1612370416965
USER	GeneralAdmission1	START	1612370416956
USER	GeneralAdmission1	START	1612370416956
USER	GeneralAdmission1	START	1612370416960
USER	GeneralAdmission1	START	1612370416955
USER	GeneralAdmission1	START	1612370416969
USER	GeneralAdmission1	START	1612370416961
USER	GeneralAdmission1	START	1612370416986
USER	GeneralAdmission1	START	1612370416973
USER	GeneralAdmission1	START	1612370416991
USER	GeneralAdmission1	START	1612370416978
USER	GeneralAdmission1	START	1612370416984
USER	GeneralAdmission1	START	1612370416980
USER	GeneralAdmission1	START	1612370416987
USER	GeneralAdmission1	START	1612370417008
USER	GeneralAdmission1	START	1612370417007
USER	GeneralAdmission1	START	1612370416993
USER	GeneralAdmission1	START	1612370417002
USER	GeneralAdmission1	START	1612370417010
USER	GeneralAdmission1	START	1612370417005
USER	GeneralAdmission1	START	1612370417065
USER	GeneralAdmission1	START	1612370417013
USER	GeneralAdmission1	START	1612370417025
USER	GeneralAdmission1	START	1612370417072
USER	GeneralAdmission1	START	1612370417054
USER	GeneralAdmission1	START	1612370417057
USER	GeneralAdmission1	START	1612370417069
USER	GeneralAdmission1	START	1612370417061
USER	GeneralAdmission1	START	1612370417072
USER	GeneralAdmission1	START	1612370417071
USER	GeneralAdmission1	START	1612370417092
USER	GeneralAdmission1	START	1612370417139
USER	GeneralAdmission1	START	1612370417112
USER	GeneralAdmission1	START	1612370417105
USER	GeneralAdmission1	START	1612370417090
USER	GeneralAdmission1	START	1612370417135
USER	GeneralAdmission1	START	1612370417110
USER	GeneralAdmission1	START	1612370417103
USER	GeneralAdmission1	START	1612370417160
USER	GeneralAdmission1	START	1612370417164
USER	GeneralAdmission1	START	1612370417162
USER	GeneralAdmission1	START	1612370417160
USER	GeneralAdmission1	START	1612370417173
USER	GeneralAdmission1	START	1612370417167
USER	GeneralAdmission1	START	1612370417176
USER	GeneralAdmission1	START	1612370417174
USER	GeneralAdmission1	START	1612370417212
USER	GeneralAdmission1	START	1612370417208
USER	GeneralAdmission1	START	1612370417217
USER	GeneralAdmission1	START	1612370417218
USER	GeneralAdmission1	START	1612370417223
USER	GeneralAdmission1	START	1612370417224
USER	GeneralAdmission1	START	1612370417247
USER	GeneralAdmission1	START	1612370417251
USER	GeneralAdmission1	START	1612370417234
USER	GeneralAdmission1	START	1612370417254
USER	GeneralAdmission1	START	1612370417290
REQUEST		GetToken	1612370416844	1612370430542	OK	 
REQUEST		GetToken	1612370417085	1612370430669	OK	 
REQUEST		GetToken	1612370416923	1612370430659	OK	 
REQUEST		GetToken	1612370416888	1612370430727	OK	 
REQUEST		GetToken	1612370416869	1612370430577	OK	 
REQUEST		GetToken	1612370416910	1612370430625	OK	 
REQUEST		GetToken	1612370416857	1612370430558	OK	 
REQUEST		GetToken	1612370416756	1612370430559	OK	 
REQUEST		GetToken	1612370416766	1612370431151	OK	 
REQUEST		GetToken	1612370416751	1612370431192	OK	 
REQUEST		GetToken	1612370416756	1612370431238	OK	 
REQUEST		GetToken	1612370416757	1612370431258	OK	 
REQUEST		GetToken	1612370416751	1612370431295	OK	 
REQUEST		GetToken	1612370416765	1612370431335	OK	 
REQUEST		GetToken	1612370416762	1612370431343	OK	 
REQUEST		GetToken	1612370416838	1612370431367	OK	 
REQUEST		GetToken	1612370416834	1612370431425	OK	 
REQUEST		GetToken	1612370416889	1612370431450	OK	 
REQUEST		GetToken	1612370416888	1612370431524	OK	 
REQUEST		GetToken	1612370416904	1612370431476	OK	 
REQUEST		GetToken	1612370416882	1612370431526	OK	 
REQUEST		GetToken	1612370416919	1612370431518	OK	 
REQUEST		GetToken	1612370416836	1612370431558	OK	 
REQUEST		GetToken	1612370416918	1612370431586	OK	 
REQUEST		GetToken	1612370416924	1612370431610	OK	 
REQUEST		GetToken	1612370416884	1612370431605	OK	 
REQUEST		GetToken	1612370416938	1612370431641	OK	 
REQUEST		GetToken	1612370416866	1612370431645	OK	 
REQUEST		GetToken	1612370416951	1612370431759	OK	 
REQUEST		GetToken	1612370416942	1612370431752	OK	 
REQUEST		GetToken	1612370416943	1612370431765	OK	 
REQUEST		GetToken	1612370416886	1612370431796	OK	 
REQUEST		GetToken	1612370417079	1612370431802	OK	 
REQUEST		GetToken	1612370416905	1612370431795	OK	 
REQUEST		GetToken	1612370416943	1612370431829	OK	 
REQUEST		GetToken	1612370416953	1612370431901	OK	 
REQUEST		GetToken	1612370417074	1612370431979	OK	 
REQUEST		GetToken	1612370416973	1612370431976	OK	 
REQUEST		GetToken	1612370416971	1612370431978	OK	 
REQUEST		GetToken	1612370416930	1612370431991	OK	 
REQUEST		GetToken	1612370417150	1612370432000	OK	 
REQUEST		GetToken	1612370416918	1612370431986	OK	 
REQUEST		GetToken	1612370417076	1612370432003	OK	 
REQUEST		GetToken	1612370416977	1612370432106	OK	 
REQUEST		GetToken	1612370417146	1612370432181	OK	 
REQUEST		GetToken	1612370416988	1612370432186	OK	 
REQUEST		GetToken	1612370417041	1612370432204	OK	 
REQUEST		GetToken	1612370417150	1612370432210	OK	 
REQUEST		GetToken	1612370416958	1612370432216	OK	 
REQUEST		GetToken	1612370417193	1612370432209	OK	 
REQUEST		GetToken	1612370417147	1612370432269	OK	 
REQUEST		GetToken	1612370417193	1612370432371	OK	 
REQUEST		GetToken	1612370416971	1612370432385	OK	 
REQUEST		GetToken	1612370416840	1612370432378	OK	 
REQUEST		GetToken	1612370416972	1612370432542	OK	 
REQUEST		GetToken	1612370417199	1612370432547	OK	 
REQUEST		GetToken	1612370416986	1612370432573	OK	 
REQUEST		GetToken	1612370416923	1612370432585	OK	 
REQUEST		GetToken	1612370416950	1612370432586	OK	 
REQUEST		GetToken	1612370416891	1612370432689	OK	 
REQUEST		GetToken	1612370416995	1612370432691	OK	 
REQUEST		GetToken	1612370417001	1612370432744	OK	 
REQUEST		GetToken	1612370417029	1612370432745	OK	 
REQUEST		GetToken	1612370416837	1612370432772	OK	 
REQUEST		GetToken	1612370417036	1612370432807	OK	 
REQUEST		GetToken	1612370416974	1612370432815	OK	 
REQUEST		GetToken	1612370416953	1612370432813	OK	 
REQUEST		GetToken	1612370417030	1612370432855	OK	 
REQUEST		GetToken	1612370416994	1612370432900	OK	 
REQUEST		GetToken	1612370417199	1612370432975	OK	 
REQUEST		GetToken	1612370417069	1612370432990	OK	 
REQUEST		GetToken	1612370417014	1612370433068	OK	 
REQUEST		GetToken	1612370417019	1612370433181	OK	 
REQUEST		GetToken	1612370416967	1612370433249	OK	 
REQUEST		GetToken	1612370416995	1612370433022	OK	 
REQUEST		GetToken	1612370417086	1612370433040	OK	 
REQUEST		GetToken	1612370417206	1612370433259	OK	 
REQUEST		GetToken	1612370417229	1612370433436	OK	 
REQUEST		GetToken	1612370417225	1612370433393	OK	 
REQUEST		GetToken	1612370416991	1612370433424	OK	 
REQUEST		GetToken	1612370417087	1612370433440	OK	 
REQUEST		GetToken	1612370417073	1612370433447	OK	 
REQUEST		GetToken	1612370417076	1612370433468	OK	 
REQUEST		GetToken	1612370417158	1612370433593	OK	 
REQUEST		GetToken	1612370417256	1612370433610	OK	 
REQUEST		GetToken	1612370417145	1612370433612	OK	 
REQUEST		GetToken	1612370417276	1612370433612	OK	 
REQUEST		GetToken	1612370417033	1612370433637	OK	 
REQUEST		GetToken	1612370417241	1612370433639	OK	 
REQUEST		GetToken	1612370417153	1612370433639	OK	 
REQUEST		GetToken	1612370417147	1612370433683	OK	 
REQUEST		GetToken	1612370417300	1612370433775	OK	 
REQUEST		GetToken	1612370417183	1612370433760	OK	 
REQUEST		GetToken	1612370417187	1612370433776	OK	 
REQUEST		GetToken	1612370417230	1612370433816	OK	 
REQUEST		GetToken	1612370417205	1612370433814	OK	 
REQUEST		GetToken	1612370417222	1612370433862	OK	 
REQUEST		GetToken	1612370417285	1612370434031	OK	 
REQUEST		GetToken	1612370417242	1612370433951	OK	 
REQUEST		GetToken	1612370417279	1612370434136	OK	 
REQUEST		AddToCart	1612370437246	1612370439883	OK	 
REQUEST		AddToCart	1612370437166	1612370439883	OK	 
REQUEST		AddToCart	1612370437361	1612370439885	OK	 
REQUEST		AddToCart	1612370437226	1612370439888	OK	 
REQUEST		AddToCart	1612370437392	1612370439886	OK	 
REQUEST		AddToCart	1612370437319	1612370439901	OK	 
REQUEST		AddToCart	1612370437363	1612370439902	OK	 
REQUEST		AddToCart	1612370437342	1612370439910	OK	 
REQUEST		AddToCart	1612370437645	1612370440113	OK	 
REQUEST		AddToCart	1612370437718	1612370440113	OK	 
REQUEST		AddToCart	1612370437941	1612370440159	OK	 
REQUEST		AddToCart	1612370437615	1612370440190	OK	 
REQUEST		AddToCart	1612370437799	1612370440187	OK	 
REQUEST		AddToCart	1612370437933	1612370440236	OK	 
REQUEST		AddToCart	1612370437665	1612370440284	OK	 
REQUEST		AddToCart	1612370437752	1612370440285	OK	 
REQUEST		AddToCart	1612370437958	1612370440313	OK	 
REQUEST		AddToCart	1612370437863	1612370440313	OK	 
REQUEST		AddToCart	1612370437802	1612370440333	OK	 
REQUEST		AddToCart	1612370436224	1612370440333	OK	 
REQUEST		AddToCart	1612370437694	1612370440336	OK	 
REQUEST		AddToCart	1612370437942	1612370440359	OK	 
REQUEST		AddToCart	1612370437135	1612370440359	OK	 
REQUEST		AddToCart	1612370437362	1612370440366	OK	 
REQUEST		AddToCart	1612370438668	1612370440379	OK	 
REQUEST		AddToCart	1612370438515	1612370440381	OK	 
REQUEST		AddToCart	1612370437982	1612370440387	OK	 
REQUEST		AddToCart	1612370438734	1612370440409	OK	 
REQUEST		AddToCart	1612370438372	1612370440409	OK	 
REQUEST		AddToCart	1612370437877	1612370440429	OK	 
REQUEST		AddToCart	1612370438751	1612370440463	OK	 
REQUEST		AddToCart	1612370436445	1612370440465	OK	 
REQUEST		AddToCart	1612370438332	1612370440465	OK	 
REQUEST		AddToCart	1612370438006	1612370440467	OK	 
REQUEST		AddToCart	1612370438305	1612370440475	OK	 
REQUEST		AddToCart	1612370438330	1612370440804	OK	 
REQUEST		AddToCart	1612370436457	1612370440872	OK	 
REQUEST		AddToCart	1612370436177	1612370440874	OK	 
REQUEST		AddToCart	1612370436405	1612370440938	OK	 
REQUEST		AddToCart	1612370438659	1612370440882	OK	 
REQUEST		AddToCart	1612370438686	1612370440897	OK	 
REQUEST		AddToCart	1612370438436	1612370440922	OK	 
REQUEST		AddToCart	1612370438347	1612370440938	OK	 
REQUEST		AddToCart	1612370438260	1612370441027	OK	 
REQUEST		AddToCart	1612370436561	1612370441047	OK	 
REQUEST		AddToCart	1612370438584	1612370441032	OK	 
REQUEST		AddToCart	1612370436512	1612370441043	OK	 
REQUEST		AddToCart	1612370436034	1612370441046	OK	 
REQUEST		AddToCart	1612370436593	1612370441049	OK	 
REQUEST		AddToCart	1612370436515	1612370441052	OK	 
REQUEST		AddToCart	1612370436368	1612370441072	OK	 
REQUEST		AddToCart	1612370438735	1612370441259	OK	 
REQUEST		AddToCart	1612370438651	1612370441127	OK	 
REQUEST		AddToCart	1612370436761	1612370441144	OK	 
REQUEST		AddToCart	1612370436750	1612370441266	OK	 
REQUEST		AddToCart	1612370436544	1612370441330	OK	 
REQUEST		AddToCart	1612370436782	1612370441280	OK	 
REQUEST		AddToCart	1612370436626	1612370441330	OK	 
REQUEST		AddToCart	1612370436684	1612370441329	OK	 
REQUEST		AddToCart	1612370436696	1612370441390	OK	 
REQUEST		AddToCart	1612370436472	1612370441409	OK	 
REQUEST		AddToCart	1612370438725	1612370441413	OK	 
REQUEST		AddToCart	1612370438827	1612370441409	OK	 
REQUEST		AddToCart	1612370437004	1612370441409	OK	 
REQUEST		AddToCart	1612370436188	1612370441413	OK	 
REQUEST		AddToCart	1612370436414	1612370441412	OK	 
REQUEST		AddToCart	1612370436883	1612370441433	OK	 
REQUEST		AddToCart	1612370436914	1612370441512	OK	 
REQUEST		AddToCart	1612370436044	1612370441531	OK	 
REQUEST		AddToCart	1612370436158	1612370441528	OK	 
REQUEST		AddToCart	1612370438314	1612370441529	OK	 
REQUEST		AddToCart	1612370436717	1612370441533	OK	 
REQUEST		AddToCart	1612370436941	1612370441560	OK	 
REQUEST		AddToCart	1612370436914	1612370441560	OK	 
REQUEST		AddToCart	1612370436210	1612370441555	OK	 
REQUEST		AddToCart	1612370438772	1612370441581	OK	 
REQUEST		AddToCart	1612370436120	1612370441582	OK	 
REQUEST		AddToCart	1612370436181	1612370441582	OK	 
REQUEST		AddToCart	1612370436634	1612370441601	OK	 
REQUEST		AddToCart	1612370437170	1612370441614	OK	 
REQUEST		AddToCart	1612370436921	1612370441628	OK	 
REQUEST		AddToCart	1612370436889	1612370441629	OK	 
REQUEST		AddToCart	1612370437133	1612370441632	OK	 
REQUEST		AddToCart	1612370438872	1612370441765	OK	 
REQUEST		AddToCart	1612370437130	1612370441758	OK	 
REQUEST		AddToCart	1612370437543	1612370441765	OK	 
REQUEST		AddToCart	1612370437087	1612370441789	OK	 
REQUEST		AddToCart	1612370436880	1612370441786	OK	 
REQUEST		AddToCart	1612370437139	1612370441786	OK	 
REQUEST		AddToCart	1612370438753	1612370441789	OK	 
REQUEST		AddToCart	1612370438650	1612370441811	OK	 
REQUEST		AddToCart	1612370439108	1612370441833	OK	 
REQUEST		AddToCart	1612370438758	1612370441866	OK	 
REQUEST		AddToCart	1612370438819	1612370441885	OK	 
REQUEST		AddToCart	1612370438847	1612370441888	OK	 
REQUEST		AddToCart	1612370437747	1612370441888	OK	 
REQUEST		AddToCart	1612370438872	1612370441935	OK	 
REQUEST		AddToCart	1612370439108	1612370441952	OK	 
REQUEST		AddToCart	1612370439064	1612370441954	OK	 
REQUEST		AddToCart	1612370439160	1612370441956	OK	 
REQUEST		AddToCart	1612370442971	1612370443118	OK	 
REQUEST		AddToCart	1612370442933	1612370443118	OK	 
REQUEST		AddToCart	1612370442972	1612370443118	OK	 
REQUEST		AddToCart	1612370442960	1612370443120	OK	 
REQUEST		AddToCart	1612370442998	1612370443140	OK	 
REQUEST		AddToCart	1612370443002	1612370443140	OK	 
REQUEST		AddToCart	1612370442995	1612370443140	OK	 
REQUEST		AddToCart	1612370443165	1612370443219	OK	 
REQUEST		AddToCart	1612370443243	1612370443482	OK	 
REQUEST		AddToCart	1612370443314	1612370443627	OK	 
REQUEST		AddToCart	1612370443291	1612370443636	OK	 
REQUEST		AddToCart	1612370443361	1612370443656	OK	 
REQUEST		AddToCart	1612370443451	1612370443683	OK	 
REQUEST		AddToCart	1612370443422	1612370443684	OK	 
REQUEST		AddToCart	1612370443448	1612370443707	OK	 
REQUEST		AddToCart	1612370443451	1612370443734	OK	 
REQUEST		AddToCart	1612370443477	1612370443768	OK	 
REQUEST		AddToCart	1612370443451	1612370443783	OK	 
REQUEST		AddToCart	1612370443517	1612370443783	OK	 
REQUEST		AddToCart	1612370443481	1612370443783	OK	 
REQUEST		AddToCart	1612370443688	1612370444277	OK	 
REQUEST		AddToCart	1612370443730	1612370444277	OK	 
REQUEST		AddToCart	1612370443680	1612370444278	OK	 
REQUEST		AddToCart	1612370443737	1612370444278	OK	 
REQUEST		AddToCart	1612370443735	1612370444281	OK	 
REQUEST		AddToCart	1612370443683	1612370444277	OK	 
REQUEST		AddToCart	1612370443597	1612370444310	OK	 
REQUEST		AddToCart	1612370443559	1612370444312	OK	 
REQUEST		AddToCart	1612370444127	1612370444403	OK	 
REQUEST		AddToCart	1612370443731	1612370444363	OK	 
REQUEST		AddToCart	1612370444102	1612370444589	OK	 
REQUEST		AddToCart	1612370443992	1612370444393	OK	 
REQUEST		AddToCart	1612370444041	1612370444392	OK	 
REQUEST		AddToCart	1612370444041	1612370444589	OK	 
REQUEST		AddToCart	1612370443975	1612370444651	OK	 
REQUEST		AddToCart	1612370443938	1612370444644	OK	 
REQUEST		AddToCart	1612370444106	1612370444654	OK	 
REQUEST		AddToCart	1612370444042	1612370444654	OK	 
REQUEST		AddToCart	1612370443809	1612370444706	OK	 
REQUEST		AddToCart	1612370444106	1612370444685	OK	 
REQUEST		AddToCart	1612370444075	1612370444737	OK	 
REQUEST		AddToCart	1612370444128	1612370444734	OK	 
REQUEST		AddToCart	1612370444076	1612370444759	OK	 
REQUEST		AddToCart	1612370444039	1612370444759	OK	 
REQUEST		AddToCart	1612370444042	1612370444789	OK	 
REQUEST		AddToCart	1612370443600	1612370444805	OK	 
REQUEST		AddToCart	1612370443807	1612370444833	OK	 
REQUEST		AddToCart	1612370443758	1612370444859	OK	 
REQUEST		AddToCart	1612370444736	1612370444920	OK	 
REQUEST		AddToCart	1612370443765	1612370444923	OK	 
REQUEST		AddToCart	1612370443730	1612370444941	OK	 
REQUEST		AddToCart	1612370444789	1612370444963	OK	 
REQUEST		AddToCart	1612370444367	1612370444994	OK	 
REQUEST		AddToCart	1612370444760	1612370445021	OK	 
REQUEST		AddToCart	1612370444838	1612370445036	OK	 
REQUEST		AddToCart	1612370444838	1612370445071	OK	 
REQUEST		AddToCart	1612370444833	1612370445072	OK	 
REQUEST		AddToCart	1612370444685	1612370445122	OK	 
REQUEST		AddToCart	1612370444808	1612370445123	OK	 
REQUEST		AddToCart	1612370444941	1612370445139	OK	 
REQUEST		AddToCart	1612370444363	1612370445164	OK	 
REQUEST		AddToCart	1612370444736	1612370445191	OK	 
REQUEST		AddToCart	1612370444877	1612370445281	OK	 
REQUEST		AddToCart	1612370444969	1612370445297	OK	 
REQUEST		AddToCart	1612370444921	1612370445382	OK	 
REQUEST		AddToCart	1612370445044	1612370445582	OK	 
REQUEST		AddToCart	1612370444942	1612370445600	OK	 
REQUEST		AddToCart	1612370445023	1612370445600	OK	 
REQUEST		AddToCart	1612370444861	1612370445632	OK	 
REQUEST		AddToCart	1612370445023	1612370445632	OK	 
REQUEST		AddToCart	1612370444986	1612370445647	OK	 
REQUEST		AddToCart	1612370445138	1612370445649	OK	 
REQUEST		AddToCart	1612370444808	1612370445655	OK	 
REQUEST		AddToCart	1612370444987	1612370445678	OK	 
REQUEST		AddToCart	1612370445256	1612370445672	OK	 
REQUEST		AddToCart	1612370445194	1612370446077	OK	 
REQUEST		AddToCart	1612370444347	1612370446077	OK	 
REQUEST		AddToCart	1612370445581	1612370446162	OK	 
REQUEST		AddToCart	1612370445095	1612370446162	OK	 
REQUEST		AddToCart	1612370444963	1612370446178	OK	 
REQUEST		AddToCart	1612370445296	1612370446181	OK	 
REQUEST		AddToCart	1612370445260	1612370446201	OK	 
REQUEST		AddToCart	1612370445096	1612370446260	OK	 
REQUEST		AddToCart	1612370445382	1612370446352	OK	 
REQUEST		AddToCart	1612370445090	1612370446353	OK	 
REQUEST		AddToCart	1612370445141	1612370446370	OK	 
REQUEST		AddToCart	1612370445090	1612370446383	OK	 
REQUEST		AddToCart	1612370445565	1612370446416	OK	 
REQUEST		AddToCart	1612370444889	1612370446415	OK	 
REQUEST		AddToCart	1612370445195	1612370446415	OK	 
REQUEST		AddToCart	1612370445115	1612370446416	OK	 
REQUEST		AddToCart	1612370445171	1612370446466	OK	 
REQUEST		AddToCart	1612370445298	1612370446487	OK	 
REQUEST		AddToCart	1612370445581	1612370446513	OK	 
REQUEST		AddToCart	1612370445442	1612370446517	OK	 
REQUEST		AddToCart	1612370445191	1612370446543	OK	 
REQUEST		AddToCart	1612370445261	1612370446574	OK	 
REQUEST		AddToCart	1612370445629	1612370446589	OK	 
REQUEST		AddToCart	1612370445583	1612370446590	OK	 
REQUEST		AddToCart	1612370445692	1612370446683	OK	 
REQUEST		CreateGeneral	1612370446370	1612370447118	OK	 
REQUEST		CreateGeneral	1612370446571	1612370447330	OK	 
REQUEST		CreateGeneral	1612370446332	1612370447122	OK	 
REQUEST		CreateGeneral	1612370446442	1612370447326	OK	 
REQUEST		CreateGeneral	1612370446238	1612370447388	OK	 
REQUEST		CreateGeneral	1612370446621	1612370447388	OK	 
REQUEST		CreateGeneral	1612370446467	1612370447434	OK	 
REQUEST		CreateGeneral	1612370446808	1612370447434	OK	 
REQUEST		CreateGeneral	1612370446547	1612370447428	OK	 
REQUEST		CreateGeneral	1612370446736	1612370447552	OK	 
REQUEST		CreateGeneral	1612370446736	1612370447554	OK	 
REQUEST		CreateGeneral	1612370446705	1612370447557	OK	 
REQUEST		CreateGeneral	1612370446733	1612370447556	OK	 
REQUEST		CreateGeneral	1612370446683	1612370447582	OK	 
REQUEST		CreateGeneral	1612370446736	1612370447608	OK	 
REQUEST		CreateGeneral	1612370446760	1612370447624	OK	 
REQUEST		CreateGeneral	1612370446809	1612370447676	OK	 
REQUEST		CreateGeneral	1612370446689	1612370447681	OK	 
REQUEST		CreateGeneral	1612370446808	1612370447690	OK	 
REQUEST		CreateGeneral	1612370447462	1612370447753	OK	 
REQUEST		CreateGeneral	1612370447519	1612370447797	OK	 
REQUEST		CreateGeneral	1612370447399	1612370447823	OK	 
REQUEST		CreateGeneral	1612370446785	1612370447823	OK	 
REQUEST		CreateGeneral	1612370447381	1612370447804	KO	status.find.is(200), but actually found 400
REQUEST		CreateGeneral	1612370447550	1612370447854	OK	 
REQUEST		CreateGeneral	1612370447533	1612370447907	OK	 
REQUEST		CreateGeneral	1612370447674	1612370447958	OK	 
REQUEST		CreateGeneral	1612370447550	1612370447927	OK	 
REQUEST		CreateGeneral	1612370447679	1612370448229	OK	 
REQUEST		CreateGeneral	1612370447706	1612370448267	OK	 
REQUEST		CreateGeneral	1612370447575	1612370448294	OK	 
REQUEST		CreateGeneral	1612370447756	1612370448344	OK	 
REQUEST		CreateGeneral	1612370447734	1612370448362	OK	 
REQUEST		CreateGeneral	1612370447855	1612370448362	OK	 
REQUEST		CreateGeneral	1612370447804	1612370448399	OK	 
REQUEST		CreateGeneral	1612370447551	1612370448450	OK	 
REQUEST		CreateGeneral	1612370447926	1612370448449	OK	 
REQUEST		CreateGeneral	1612370448150	1612370448501	OK	 
REQUEST		CreateGeneral	1612370447734	1612370448421	KO	status.find.is(200), but actually found 400
REQUEST		CreateGeneral	1612370447957	1612370448543	OK	 
REQUEST		CreateGeneral	1612370447981	1612370448565	OK	 
REQUEST		CreateGeneral	1612370447954	1612370448566	OK	 
REQUEST		CreateGeneral	1612370448199	1612370448570	OK	 
REQUEST		CreateGeneral	1612370447822	1612370448598	OK	 
REQUEST		CreateGeneral	1612370447992	1612370448618	OK	 
REQUEST		CreateGeneral	1612370447927	1612370448753	OK	 
REQUEST		CreateGeneral	1612370448453	1612370448996	OK	 
REQUEST		CreateGeneral	1612370448001	1612370448998	KO	status.find.is(200), but actually found 400
REQUEST		CreateGeneral	1612370448226	1612370449024	OK	 
REQUEST		CreateGeneral	1612370448499	1612370449024	OK	 
REQUEST		CreateGeneral	1612370448199	1612370449025	OK	 
REQUEST		CreateGeneral	1612370448618	1612370449025	OK	 
REQUEST		CreateGeneral	1612370448199	1612370449073	OK	 
REQUEST		CreateGeneral	1612370448227	1612370449131	OK	 
REQUEST		CreateGeneral	1612370448231	1612370449131	OK	 
REQUEST		CreateGeneral	1612370448395	1612370449132	OK	 
REQUEST		CreateGeneral	1612370448681	1612370449155	OK	 
REQUEST		CreateGeneral	1612370448264	1612370449158	OK	 
REQUEST		CreateGeneral	1612370448453	1612370449180	OK	 
REQUEST		CreateGeneral	1612370448906	1612370449250	OK	 
REQUEST		CreateGeneral	1612370448453	1612370449251	OK	 
REQUEST		CreateGeneral	1612370448528	1612370449249	OK	 
REQUEST		CreateGeneral	1612370448520	1612370449296	KO	status.find.is(200), but actually found 400
REQUEST		CreateGeneral	1612370449080	1612370449298	OK	 
REQUEST		CreateGeneral	1612370448908	1612370449298	OK	 
REQUEST		CreateGeneral	1612370448528	1612370449298	OK	 
REQUEST		CreateGeneral	1612370448927	1612370449348	OK	 
REQUEST		CreateGeneral	1612370448570	1612370449372	OK	 
REQUEST		CreateGeneral	1612370449130	1612370449420	OK	 
REQUEST		CreateGeneral	1612370448906	1612370449420	OK	 
REQUEST		CreateGeneral	1612370449129	1612370449603	OK	 
REQUEST		CreateGeneral	1612370449032	1612370449451	OK	 
REQUEST		CreateGeneral	1612370449178	1612370449773	OK	 
REQUEST		CreateGeneral	1612370449250	1612370449820	OK	 
REQUEST		CreateGeneral	1612370449298	1612370449827	OK	 
REQUEST		CreateGeneral	1612370449298	1612370449843	OK	 
REQUEST		CreateGeneral	1612370449246	1612370449872	OK	 
REQUEST		CreateGeneral	1612370449350	1612370449873	OK	 
REQUEST		CreateGeneral	1612370449348	1612370449927	OK	 
REQUEST		CreateGeneral	1612370449245	1612370449926	KO	status.find.is(200), but actually found 400
REQUEST		CreateGeneral	1612370449351	1612370450008	OK	 
REQUEST		CreateGeneral	1612370449350	1612370450011	OK	 
REQUEST		CreateGeneral	1612370449543	1612370450012	OK	 
REQUEST		CreateGeneral	1612370449447	1612370450055	OK	 
REQUEST		CreateGeneral	1612370449375	1612370450075	OK	 
REQUEST		CreateGeneral	1612370449773	1612370450147	OK	 
REQUEST		CreateGeneral	1612370449451	1612370450149	OK	 
REQUEST		CreateGeneral	1612370449448	1612370450330	OK	 
REQUEST		CreateGeneral	1612370449760	1612370450432	OK	 
REQUEST		CreateGeneral	1612370449804	1612370450453	OK	 
REQUEST		CreateGeneral	1612370449773	1612370450451	OK	 
REQUEST		CreateGeneral	1612370449926	1612370450509	OK	 
REQUEST		CreateGeneral	1612370449926	1612370450506	OK	 
REQUEST		CreateGeneral	1612370449956	1612370450513	OK	 
REQUEST		CreateGeneral	1612370449843	1612370450556	OK	 
REQUEST		CreateGeneral	1612370449895	1612370450556	OK	 
REQUEST		CreateGeneral	1612370449963	1612370450581	OK	 
REQUEST		CreateGeneral	1612370449926	1612370450597	OK	 
REQUEST		CreateGeneral	1612370450039	1612370450601	OK	 
REQUEST		CreateGeneral	1612370450148	1612370450624	OK	 
ERROR	BookingDetails: Failed to build request: No attribute named 'checkoutTokenID' is defined 	1612370451930
ERROR	CreatePaymentIntent: Failed to build request: No attribute named 'checkoutTokenID' is defined 	1612370451959
ERROR	ConfirmPayment: Failed to build request: No attribute named 'checkoutTokenID' is defined 	1612370451962
USER	GeneralAdmission1	END	1612370451977
ERROR	BookingDetails: Failed to build request: No attribute named 'checkoutTokenID' is defined 	1612370452565
ERROR	CreatePaymentIntent: Failed to build request: No attribute named 'checkoutTokenID' is defined 	1612370452565
ERROR	ConfirmPayment: Failed to build request: No attribute named 'checkoutTokenID' is defined 	1612370452566
USER	GeneralAdmission1	END	1612370452567
ERROR	BookingDetails: Failed to build request: No attribute named 'checkoutTokenID' is defined 	1612370453081
ERROR	CreatePaymentIntent: Failed to build request: No attribute named 'checkoutTokenID' is defined 	1612370453082
REQUEST		BookingDetails	1612370451522	1612370453098	OK	 
REQUEST		BookingDetails	1612370451537	1612370453118	OK	 
REQUEST		BookingDetails	1612370451419	1612370453103	OK	 
REQUEST		BookingDetails	1612370451609	1612370453107	OK	 
REQUEST		BookingDetails	1612370451520	1612370453104	OK	 
REQUEST		BookingDetails	1612370451537	1612370453118	OK	 
REQUEST		BookingDetails	1612370451463	1612370453119	OK	 
REQUEST		BookingDetails	1612370451481	1612370453127	OK	 
ERROR	ConfirmPayment: Failed to build request: No attribute named 'checkoutTokenID' is defined 	1612370453272
REQUEST		BookingDetails	1612370451639	1612370453316	OK	 
USER	GeneralAdmission1	END	1612370453321
REQUEST		BookingDetails	1612370451822	1612370453514	OK	 
REQUEST		BookingDetails	1612370451843	1612370453560	OK	 
REQUEST		BookingDetails	1612370451845	1612370453582	OK	 
REQUEST		BookingDetails	1612370451844	1612370453605	OK	 
REQUEST		BookingDetails	1612370451844	1612370453607	OK	 
REQUEST		BookingDetails	1612370451845	1612370453706	OK	 
REQUEST		BookingDetails	1612370451382	1612370453706	OK	 
REQUEST		BookingDetails	1612370451843	1612370453724	OK	 
REQUEST		BookingDetails	1612370451391	1612370453758	OK	 
REQUEST		BookingDetails	1612370451825	1612370453758	OK	 
ERROR	BookingDetails: Failed to build request: No attribute named 'checkoutTokenID' is defined 	1612370453808
ERROR	CreatePaymentIntent: Failed to build request: No attribute named 'checkoutTokenID' is defined 	1612370453826
ERROR	ConfirmPayment: Failed to build request: No attribute named 'checkoutTokenID' is defined 	1612370453876
USER	GeneralAdmission1	END	1612370453877
REQUEST		BookingDetails	1612370451846	1612370453950	OK	 
ERROR	BookingDetails: Failed to build request: No attribute named 'checkoutTokenID' is defined 	1612370454041
ERROR	CreatePaymentIntent: Failed to build request: No attribute named 'checkoutTokenID' is defined 	1612370454041
ERROR	ConfirmPayment: Failed to build request: No attribute named 'checkoutTokenID' is defined 	1612370454044
USER	GeneralAdmission1	END	1612370454049
REQUEST		BookingDetails	1612370451928	1612370454086	OK	 
REQUEST		BookingDetails	1612370452011	1612370454087	OK	 
REQUEST		BookingDetails	1612370452012	1612370454091	OK	 
REQUEST		BookingDetails	1612370451927	1612370454162	OK	 
REQUEST		BookingDetails	1612370452339	1612370454164	OK	 
REQUEST		BookingDetails	1612370452010	1612370454164	OK	 
REQUEST		BookingDetails	1612370451889	1612370454165	OK	 
REQUEST		BookingDetails	1612370452456	1612370454370	OK	 
REQUEST		BookingDetails	1612370452394	1612370454346	OK	 
REQUEST		BookingDetails	1612370452500	1612370454356	OK	 
REQUEST		BookingDetails	1612370452416	1612370454415	OK	 
REQUEST		BookingDetails	1612370452400	1612370454447	OK	 
REQUEST		BookingDetails	1612370452503	1612370454538	OK	 
REQUEST		BookingDetails	1612370452453	1612370454537	OK	 
REQUEST		BookingDetails	1612370452503	1612370454625	OK	 
REQUEST		BookingDetails	1612370452591	1612370466319	OK	 
REQUEST		BookingDetails	1612370452543	1612370466324	OK	 
REQUEST		BookingDetails	1612370452571	1612370466324	OK	 
REQUEST		BookingDetails	1612370452667	1612370466325	OK	 
REQUEST		BookingDetails	1612370452618	1612370466325	OK	 
REQUEST		BookingDetails	1612370452928	1612370467271	OK	 
REQUEST		BookingDetails	1612370453082	1612370467293	OK	 
REQUEST		BookingDetails	1612370453079	1612370467293	OK	 
REQUEST		BookingDetails	1612370452864	1612370467293	OK	 
REQUEST		BookingDetails	1612370452759	1612370467312	OK	 
REQUEST		BookingDetails	1612370453082	1612370467491	OK	 
REQUEST		BookingDetails	1612370453520	1612370467347	OK	 
REQUEST		BookingDetails	1612370453086	1612370467496	OK	 
REQUEST		CreatePaymentIntent	1612370453703	1612370467530	OK	 
REQUEST		CreatePaymentIntent	1612370453145	1612370467578	OK	 
REQUEST		BookingDetails	1612370453806	1612370467645	OK	 
REQUEST		BookingDetails	1612370453315	1612370467604	OK	 
REQUEST		BookingDetails	1612370453806	1612370467619	OK	 
REQUEST		BookingDetails	1612370453270	1612370467700	OK	 
REQUEST		BookingDetails	1612370454194	1612370467731	OK	 
REQUEST		BookingDetails	1612370453672	1612370467706	OK	 
REQUEST		BookingDetails	1612370453315	1612370467705	OK	 
REQUEST		BookingDetails	1612370453929	1612370467780	OK	 
REQUEST		CreatePaymentIntent	1612370454190	1612370467756	OK	 
REQUEST		BookingDetails	1612370453905	1612370467778	OK	 
REQUEST		BookingDetails	1612370453723	1612370467777	OK	 
REQUEST		CreatePaymentIntent	1612370453299	1612370467865	OK	 
REQUEST		CreatePaymentIntent	1612370453184	1612370467870	OK	 
REQUEST		CreatePaymentIntent	1612370453145	1612370467869	OK	 
REQUEST		BookingDetails	1612370453707	1612370467889	OK	 
REQUEST		BookingDetails	1612370453805	1612370467949	OK	 
REQUEST		BookingDetails	1612370453806	1612370467949	OK	 
REQUEST		CreatePaymentIntent	1612370453759	1612370467954	OK	 
REQUEST		BookingDetails	1612370453759	1612370467981	OK	 
REQUEST		BookingDetails	1612370453874	1612370467996	OK	 
REQUEST		CreatePaymentIntent	1612370453806	1612370467999	OK	 
REQUEST		CreatePaymentIntent	1612370453519	1612370468043	OK	 
REQUEST		BookingDetails	1612370453899	1612370468075	OK	 
REQUEST		CreatePaymentIntent	1612370453124	1612370468076	OK	 
REQUEST		BookingDetails	1612370453514	1612370468092	OK	 
REQUEST		CreatePaymentIntent	1612370453584	1612370468092	OK	 
REQUEST		BookingDetails	1612370453807	1612370468116	OK	 
REQUEST		CreatePaymentIntent	1612370453957	1612370468119	OK	 
REQUEST		BookingDetails	1612370453930	1612370468145	OK	 
REQUEST		BookingDetails	1612370451923	1612370468172	OK	 
REQUEST		CreatePaymentIntent	1612370453757	1612370468176	OK	 
REQUEST		BookingDetails	1612370453605	1612370468197	OK	 
REQUEST		BookingDetails	1612370453826	1612370468218	OK	 
REQUEST		CreatePaymentIntent	1612370453604	1612370468225	OK	 
REQUEST		BookingDetails	1612370454007	1612370468275	OK	 
REQUEST		CreatePaymentIntent	1612370453707	1612370468318	OK	 
REQUEST		CreatePaymentIntent	1612370454194	1612370468318	OK	 
REQUEST		CreatePaymentIntent	1612370454289	1612370468323	OK	 
REQUEST		BookingDetails	1612370453846	1612370468349	OK	 
REQUEST		CreatePaymentIntent	1612370453727	1612370468370	OK	 
REQUEST		BookingDetails	1612370453525	1612370468391	OK	 
REQUEST		CreatePaymentIntent	1612370454228	1612370468391	OK	 
REQUEST		BookingDetails	1612370454081	1612370468394	OK	 
REQUEST		CreatePaymentIntent	1612370453805	1612370468394	OK	 
REQUEST		BookingDetails	1612370453846	1612370468395	OK	 
REQUEST		CreatePaymentIntent	1612370454165	1612370468474	OK	 
REQUEST		CreatePaymentIntent	1612370453758	1612370468494	OK	 
REQUEST		CreatePaymentIntent	1612370454447	1612370468490	OK	 
REQUEST		BookingDetails	1612370454355	1612370468490	OK	 
REQUEST		BookingDetails	1612370454360	1612370468540	OK	 
REQUEST		BookingDetails	1612370454194	1612370468540	OK	 
REQUEST		CreatePaymentIntent	1612370454501	1612370468543	OK	 
REQUEST		CreatePaymentIntent	1612370453184	1612370468574	OK	 
REQUEST		BookingDetails	1612370453929	1612370468575	OK	 
REQUEST		CreatePaymentIntent	1612370453184	1612370468617	OK	 
REQUEST		BookingDetails	1612370454624	1612370468674	OK	 
REQUEST		CreatePaymentIntent	1612370454431	1612370468760	OK	 
REQUEST		BookingDetails	1612370454521	1612370468760	OK	 
REQUEST		BookingDetails	1612370453873	1612370468811	OK	 
REQUEST		CreatePaymentIntent	1612370454539	1612370468837	OK	 
REQUEST		CreatePaymentIntent	1612370454608	1612370468859	OK	 
REQUEST		CreatePaymentIntent	1612370454608	1612370468867	OK	 
REQUEST		BookingDetails	1612370454602	1612370468882	OK	 
REQUEST		CreatePaymentIntent	1612370454132	1612370468884	OK	 
REQUEST		CreatePaymentIntent	1612370467468	1612370468968	OK	 
REQUEST		CreatePaymentIntent	1612370453184	1612370468969	OK	 
REQUEST		CreatePaymentIntent	1612370466372	1612370468988	OK	 
REQUEST		CreatePaymentIntent	1612370467700	1612370469017	OK	 
REQUEST		CreatePaymentIntent	1612370454521	1612370469017	OK	 
REQUEST		CreatePaymentIntent	1612370467276	1612370469017	OK	 
REQUEST		CreatePaymentIntent	1612370466325	1612370469061	OK	 
REQUEST		BookingDetails	1612370454631	1612370469077	OK	 
REQUEST		BookingDetails	1612370454544	1612370469078	OK	 
REQUEST		CreatePaymentIntent	1612370454168	1612370469284	OK	 
REQUEST		CreatePaymentIntent	1612370466372	1612370469307	OK	 
REQUEST		CreatePaymentIntent	1612370466373	1612370469312	OK	 
REQUEST		CreatePaymentIntent	1612370454645	1612370469401	OK	 
REQUEST		CreatePaymentIntent	1612370467529	1612370469427	OK	 
REQUEST		BookingDetails	1612370454624	1612370469484	OK	 
REQUEST		BookingDetails	1612370454631	1612370469503	OK	 
REQUEST		CreatePaymentIntent	1612370467995	1612370469503	OK	 
REQUEST		BookingDetails	1612370454672	1612370469504	OK	 
REQUEST		BookingDetails	1612370454544	1612370469517	OK	 
REQUEST		BookingDetails	1612370454645	1612370469567	OK	 
REQUEST		BookingDetails	1612370454672	1612370469595	OK	 
REQUEST		CreatePaymentIntent	1612370467750	1612370469614	OK	 
REQUEST		CreatePaymentIntent	1612370466372	1612370469616	OK	 
REQUEST		CreatePaymentIntent	1612370467866	1612370469643	OK	 
REQUEST		BookingDetails	1612370454674	1612370469643	OK	 
REQUEST		CreatePaymentIntent	1612370467703	1612370469801	OK	 
REQUEST		BookingDetails	1612370454568	1612370469799	OK	 
REQUEST		CreatePaymentIntent	1612370468069	1612370469957	OK	 
REQUEST		BookingDetails	1612370454673	1612370469935	OK	 
REQUEST		CreatePaymentIntent	1612370467577	1612370469935	OK	 
REQUEST		CreatePaymentIntent	1612370467347	1612370469955	OK	 
REQUEST		CreatePaymentIntent	1612370467700	1612370470008	OK	 
REQUEST		CreatePaymentIntent	1612370467851	1612370469987	OK	 
REQUEST		CreatePaymentIntent	1612370468073	1612370470055	OK	 
REQUEST		CreatePaymentIntent	1612370467527	1612370470056	OK	 
REQUEST		CreatePaymentIntent	1612370467530	1612370470069	OK	 
REQUEST		CreatePaymentIntent	1612370468145	1612370470106	OK	 
REQUEST		CreatePaymentIntent	1612370467641	1612370470106	OK	 
REQUEST		BookingDetails	1612370454673	1612370470156	OK	 
REQUEST		CreatePaymentIntent	1612370467865	1612370470193	OK	 
REQUEST		CreatePaymentIntent	1612370467996	1612370470242	OK	 
REQUEST		CreatePaymentIntent	1612370467777	1612370470241	OK	 
REQUEST		CreatePaymentIntent	1612370467780	1612370470311	OK	 
REQUEST		CreatePaymentIntent	1612370467760	1612370470355	OK	 
REQUEST		CreatePaymentIntent	1612370467982	1612370470356	OK	 
REQUEST		CreatePaymentIntent	1612370468394	1612370470608	OK	 
REQUEST		CreatePaymentIntent	1612370468225	1612370470607	OK	 
REQUEST		CreatePaymentIntent	1612370468323	1612370470608	OK	 
REQUEST		CreatePaymentIntent	1612370468269	1612370470667	OK	 
REQUEST		CreatePaymentIntent	1612370468140	1612370470669	OK	 
REQUEST		CreatePaymentIntent	1612370468594	1612370470677	OK	 
REQUEST		CreatePaymentIntent	1612370468274	1612370470688	OK	 
REQUEST		CreatePaymentIntent	1612370468274	1612370470719	OK	 
REQUEST		CreatePaymentIntent	1612370468422	1612370471001	OK	 
REQUEST		CreatePaymentIntent	1612370468594	1612370471042	OK	 
REQUEST		CreatePaymentIntent	1612370468632	1612370471076	OK	 
REQUEST		CreatePaymentIntent	1612370468542	1612370471117	OK	 
REQUEST		CreatePaymentIntent	1612370468478	1612370471077	OK	 
REQUEST		CreatePaymentIntent	1612370468444	1612370471136	OK	 
REQUEST		CreatePaymentIntent	1612370468813	1612370472136	OK	 
REQUEST		CreatePaymentIntent	1612370468856	1612370472369	OK	 
REQUEST		CreatePaymentIntent	1612370470006	1612370472373	OK	 
REQUEST		CreatePaymentIntent	1612370468986	1612370472374	OK	 
REQUEST		CreatePaymentIntent	1612370469950	1612370472373	OK	 
REQUEST		ConfirmPayment	1612370468740	1612370472401	OK	 
REQUEST		CreatePaymentIntent	1612370468190	1612370472403	OK	 
USER	GeneralAdmission1	END	1612370472418
REQUEST		ConfirmPayment	1612370468749	1612370472442	OK	 
REQUEST		CreatePaymentIntent	1612370469289	1612370472441	OK	 
USER	GeneralAdmission1	END	1612370472462
REQUEST		ConfirmPayment	1612370468811	1612370472463	OK	 
REQUEST		CreatePaymentIntent	1612370469613	1612370472463	OK	 
REQUEST		ConfirmPayment	1612370468664	1612370472466	OK	 
REQUEST		CreatePaymentIntent	1612370469587	1612370472468	OK	 
USER	GeneralAdmission1	END	1612370472491
REQUEST		ConfirmPayment	1612370468628	1612370472509	OK	 
REQUEST		ConfirmPayment	1612370468811	1612370472512	OK	 
USER	GeneralAdmission1	END	1612370472513
REQUEST		ConfirmPayment	1612370468968	1612370472515	OK	 
REQUEST		ConfirmPayment	1612370468784	1612370472515	OK	 
REQUEST		CreatePaymentIntent	1612370469525	1612370472515	OK	 
USER	GeneralAdmission1	END	1612370472541
REQUEST		CreatePaymentIntent	1612370468761	1612370472561	OK	 
USER	GeneralAdmission1	END	1612370472542
USER	GeneralAdmission1	END	1612370472563
REQUEST		CreatePaymentIntent	1612370469369	1612370472567	OK	 
REQUEST		ConfirmPayment	1612370468617	1612370472567	OK	 
USER	GeneralAdmission1	END	1612370472563
REQUEST		CreatePaymentIntent	1612370469517	1612370472610	OK	 
REQUEST		ConfirmPayment	1612370469014	1612370472588	OK	 
REQUEST		CreatePaymentIntent	1612370470222	1612370472614	OK	 
USER	GeneralAdmission1	END	1612370472635
REQUEST		CreatePaymentIntent	1612370469661	1612370472661	OK	 
USER	GeneralAdmission1	END	1612370472647
REQUEST		CreatePaymentIntent	1612370469544	1612370472685	OK	 
REQUEST		ConfirmPayment	1612370468818	1612370472712	OK	 
REQUEST		CreatePaymentIntent	1612370469901	1612370472876	OK	 
USER	GeneralAdmission1	END	1612370472956
REQUEST		ConfirmPayment	1612370468761	1612370472972	OK	 
USER	GeneralAdmission1	END	1612370473024
REQUEST		ConfirmPayment	1612370468813	1612370473053	OK	 
USER	GeneralAdmission1	END	1612370473057
REQUEST		ConfirmPayment	1612370468884	1612370473104	OK	 
USER	GeneralAdmission1	END	1612370473227
REQUEST		ConfirmPayment	1612370470323	1612370473879	OK	 
REQUEST		ConfirmPayment	1612370471204	1612370473880	OK	 
REQUEST		ConfirmPayment	1612370470292	1612370473880	OK	 
USER	GeneralAdmission1	END	1612370473903
USER	GeneralAdmission1	END	1612370473903
USER	GeneralAdmission1	END	1612370473904
REQUEST		ConfirmPayment	1612370470039	1612370474496	OK	 
REQUEST		ConfirmPayment	1612370470749	1612370474500	OK	 
REQUEST		ConfirmPayment	1612370470057	1612370474500	OK	 
USER	GeneralAdmission1	END	1612370474501
REQUEST		ConfirmPayment	1612370469060	1612370474516	OK	 
REQUEST		ConfirmPayment	1612370470327	1612370474544	OK	 
USER	GeneralAdmission1	END	1612370474548
USER	GeneralAdmission1	END	1612370474557
USER	GeneralAdmission1	END	1612370474566
USER	GeneralAdmission1	END	1612370474566
REQUEST		ConfirmPayment	1612370470356	1612370474563	OK	 
REQUEST		ConfirmPayment	1612370469988	1612370474563	OK	 
REQUEST		ConfirmPayment	1612370470224	1612370474563	OK	 
USER	GeneralAdmission1	END	1612370474594
REQUEST		ConfirmPayment	1612370470055	1612370474610	OK	 
REQUEST		ConfirmPayment	1612370470242	1612370474610	OK	 
REQUEST		ConfirmPayment	1612370471077	1612370474610	OK	 
USER	GeneralAdmission1	END	1612370474611
USER	GeneralAdmission1	END	1612370474611
USER	GeneralAdmission1	END	1612370474638
USER	GeneralAdmission1	END	1612370474638
USER	GeneralAdmission1	END	1612370474639
REQUEST		ConfirmPayment	1612370471204	1612370474644	OK	 
USER	GeneralAdmission1	END	1612370474662
REQUEST		ConfirmPayment	1612370470308	1612370474793	OK	 
USER	GeneralAdmission1	END	1612370474799
REQUEST		ConfirmPayment	1612370470103	1612370475133	OK	 
REQUEST		ConfirmPayment	1612370471169	1612370475138	OK	 
USER	GeneralAdmission1	END	1612370475140
REQUEST		ConfirmPayment	1612370470241	1612370475157	OK	 
REQUEST		ConfirmPayment	1612370470376	1612370475160	OK	 
USER	GeneralAdmission1	END	1612370475159
REQUEST		ConfirmPayment	1612370470668	1612370475161	OK	 
REQUEST		ConfirmPayment	1612370470113	1612370475161	OK	 
USER	GeneralAdmission1	END	1612370475167
USER	GeneralAdmission1	END	1612370475181
REQUEST		ConfirmPayment	1612370470673	1612370475179	OK	 
USER	GeneralAdmission1	END	1612370475181
REQUEST		ConfirmPayment	1612370470040	1612370475182	OK	 
USER	GeneralAdmission1	END	1612370475183
USER	GeneralAdmission1	END	1612370475205
USER	GeneralAdmission1	END	1612370475206
REQUEST		ConfirmPayment	1612370468615	1612370475446	OK	 
USER	GeneralAdmission1	END	1612370475452
REQUEST		ConfirmPayment	1612370468574	1612370475526	OK	 
USER	GeneralAdmission1	END	1612370475532
REQUEST		ConfirmPayment	1612370468319	1612370475863	OK	 
USER	GeneralAdmission1	END	1612370475867
REQUEST		ConfirmPayment	1612370468574	1612370475888	OK	 
REQUEST		ConfirmPayment	1612370468365	1612370475888	OK	 
USER	GeneralAdmission1	END	1612370475901
USER	GeneralAdmission1	END	1612370475911
REQUEST		ConfirmPayment	1612370468522	1612370475916	OK	 
REQUEST		ConfirmPayment	1612370468294	1612370475917	OK	 
REQUEST		ConfirmPayment	1612370467696	1612370475917	OK	 
REQUEST		ConfirmPayment	1612370468275	1612370475939	OK	 
USER	GeneralAdmission1	END	1612370475968
USER	GeneralAdmission1	END	1612370476087
USER	GeneralAdmission1	END	1612370476104
USER	GeneralAdmission1	END	1612370476107
REQUEST		ConfirmPayment	1612370468323	1612370476119	OK	 
USER	GeneralAdmission1	END	1612370476124
REQUEST		ConfirmPayment	1612370472536	1612370476140	OK	 
REQUEST		ConfirmPayment	1612370470333	1612370476144	OK	 
REQUEST		ConfirmPayment	1612370470374	1612370476165	OK	 
REQUEST		ConfirmPayment	1612370470650	1612370476144	OK	 
REQUEST		ConfirmPayment	1612370472140	1612370476144	OK	 
USER	GeneralAdmission1	END	1612370476145
USER	GeneralAdmission1	END	1612370476165
USER	GeneralAdmission1	END	1612370476190
USER	GeneralAdmission1	END	1612370476240
USER	GeneralAdmission1	END	1612370476240
REQUEST		ConfirmPayment	1612370471203	1612370476241	OK	 
REQUEST		ConfirmPayment	1612370470347	1612370476245	OK	 
USER	GeneralAdmission1	END	1612370476249
USER	GeneralAdmission1	END	1612370476277
REQUEST		ConfirmPayment	1612370470749	1612370476278	OK	 
USER	GeneralAdmission1	END	1612370476281
REQUEST		ConfirmPayment	1612370472403	1612370477152	OK	 
REQUEST		ConfirmPayment	1612370470863	1612370477156	OK	 
REQUEST		ConfirmPayment	1612370470374	1612370477156	OK	 
REQUEST		ConfirmPayment	1612370472586	1612370477156	OK	 
USER	GeneralAdmission1	END	1612370477158
REQUEST		ConfirmPayment	1612370472661	1612370477180	OK	 
USER	GeneralAdmission1	END	1612370477196
USER	GeneralAdmission1	END	1612370477196
USER	GeneralAdmission1	END	1612370477200
REQUEST		ConfirmPayment	1612370470190	1612370477223	OK	 
REQUEST		ConfirmPayment	1612370470227	1612370477223	OK	 
USER	GeneralAdmission1	END	1612370477224
USER	GeneralAdmission1	END	1612370477229
USER	GeneralAdmission1	END	1612370477230
REQUEST		ConfirmPayment	1612370470373	1612370478189	OK	 
REQUEST		ConfirmPayment	1612370470998	1612370478235	OK	 
REQUEST		ConfirmPayment	1612370472874	1612370478280	OK	 
REQUEST		ConfirmPayment	1612370471137	1612370478280	OK	 
REQUEST		ConfirmPayment	1612370470306	1612370478280	OK	 
REQUEST		ConfirmPayment	1612370472923	1612370478299	OK	 
USER	GeneralAdmission1	END	1612370478285
REQUEST		ConfirmPayment	1612370472973	1612370478348	OK	 
USER	GeneralAdmission1	END	1612370478285
USER	GeneralAdmission1	END	1612370478302
USER	GeneralAdmission1	END	1612370478302
USER	GeneralAdmission1	END	1612370478348
REQUEST		ConfirmPayment	1612370471204	1612370478370	OK	 
USER	GeneralAdmission1	END	1612370478359
USER	GeneralAdmission1	END	1612370478360
USER	GeneralAdmission1	END	1612370478374
REQUEST		ConfirmPayment	1612370472955	1612370479154	OK	 
REQUEST		ConfirmPayment	1612370473052	1612370479154	OK	 
USER	GeneralAdmission1	END	1612370479158
USER	GeneralAdmission1	END	1612370479158
REQUEST		ConfirmPayment	1612370473017	1612370479159	OK	 
USER	GeneralAdmission1	END	1612370479161
REQUEST		ConfirmPayment	1612370473017	1612370479254	OK	 
USER	GeneralAdmission1	END	1612370479257
REQUEST		ConfirmPayment	1612370469567	1612370481076	OK	 
USER	GeneralAdmission1	END	1612370481080
REQUEST		ConfirmPayment	1612370469432	1612370481096	OK	 
REQUEST		ConfirmPayment	1612370470040	1612370481099	OK	 
REQUEST		ConfirmPayment	1612370469590	1612370481099	OK	 
REQUEST		ConfirmPayment	1612370470193	1612370481121	OK	 
REQUEST		ConfirmPayment	1612370469289	1612370481121	OK	 
USER	GeneralAdmission1	END	1612370481123
USER	GeneralAdmission1	END	1612370481126
USER	GeneralAdmission1	END	1612370481164
REQUEST		ConfirmPayment	1612370470100	1612370481168	OK	 
USER	GeneralAdmission1	END	1612370481164
REQUEST		ConfirmPayment	1612370469457	1612370481168	OK	 
USER	GeneralAdmission1	END	1612370481168
USER	GeneralAdmission1	END	1612370481195
USER	GeneralAdmission1	END	1612370481195
REQUEST		ConfirmPayment	1612370469517	1612370482090	OK	 
USER	GeneralAdmission1	END	1612370482094
REQUEST		ConfirmPayment	1612370470136	1612370482115	OK	 
REQUEST		ConfirmPayment	1612370469503	1612370482115	OK	 
REQUEST		ConfirmPayment	1612370470137	1612370482115	OK	 
REQUEST		ConfirmPayment	1612370469926	1612370482136	OK	 
REQUEST		ConfirmPayment	1612370469587	1612370482158	OK	 
USER	GeneralAdmission1	END	1612370482161
USER	GeneralAdmission1	END	1612370482161
USER	GeneralAdmission1	END	1612370482162
REQUEST		ConfirmPayment	1612370470193	1612370482180	OK	 
USER	GeneralAdmission1	END	1612370482180
USER	GeneralAdmission1	END	1612370482181
USER	GeneralAdmission1	END	1612370482188
REQUEST		ConfirmPayment	1612370472439	1612370532441	KO	i.g.h.c.i.RequestTimeoutException: Request timeout to booktoursstapi.azurewebsites.net/40.69.200.124:443 after 60000 ms
REQUEST		ConfirmPayment	1612370472442	1612370532445	KO	i.g.h.c.i.RequestTimeoutException: Request timeout to booktoursstapi.azurewebsites.net/40.69.200.124:443 after 60000 ms
REQUEST		ConfirmPayment	1612370472440	1612370532441	KO	i.g.h.c.i.RequestTimeoutException: Request timeout to booktoursstapi.azurewebsites.net/40.69.200.124:443 after 60000 ms
USER	GeneralAdmission1	END	1612370532466
USER	GeneralAdmission1	END	1612370532466
REQUEST		ConfirmPayment	1612370472467	1612370532469	KO	i.g.h.c.i.RequestTimeoutException: Request timeout to booktoursstapi.azurewebsites.net/40.69.200.124:443 after 60000 ms
USER	GeneralAdmission1	END	1612370532471
USER	GeneralAdmission1	END	1612370532486
REQUEST		ConfirmPayment	1612370472515	1612370532517	KO	i.g.h.c.i.RequestTimeoutException: Request timeout to booktoursstapi.azurewebsites.net/40.69.200.124:443 after 60000 ms
USER	GeneralAdmission1	END	1612370532524
