RUN	GeneralAdmission1	generaladmission1	1612273032244	 	3.5.0
USER	GeneralAdmission1	START	1612273034007
REQUEST		GetToken	1612273034052	1612273034538	OK	 
REQUEST		GetToken Redirect 1	1612273034575	1612273034787	OK	 
REQUEST		request_1	1612273034922	1612273035737	OK	 
REQUEST		AddToCart	1612273040784	1612273040799	OK	 
REQUEST		AddToCart Redirect 1	1612273040803	1612273040922	OK	 
REQUEST		CreateGeneral	1612273041939	1612273041945	OK	 
REQUEST		CreateGeneral Redirect 1	1612273041949	1612273042341	OK	 
REQUEST		BookingDetails	1612273046359	1612273046365	OK	 
REQUEST		BookingDetails Redirect 1	1612273046367	1612273046476	OK	 
REQUEST		StripeElement	1612273046481	1612273046665	OK	 
REQUEST		elements-inner-card-77d7d4c2ce976deb5d1dc2ff2a238146.js	1612273046744	1612273046875	OK	 
REQUEST		ui-shared-1a3494666c8cbd375492e006f2e840cd.css	1612273046758	1612273047178	OK	 
REQUEST		ui-shared-121e554d3a08b818808584dff61fc32c.js	1612273046752	1612273047546	OK	 
REQUEST		shared-8b0cf640a52a1422947f168069c49b9d.js	1612273046755	1612273047686	OK	 
REQUEST		CreatePaymentIntent	1612273050739	1612273050748	OK	 
REQUEST		CreatePaymentIntent Redirect 1	1612273050753	1612273051269	OK	 
REQUEST		StripeController	1612273064345	1612273064445	OK	 
REQUEST		controller-6d15abacacad5eabb07034f26400b450.js	1612273064455	1612273064635	OK	 
REQUEST		StripeCountryRanges	1612273066664	1612273066792	OK	 
REQUEST		PrivateStripe	1612273072842	1612273073292	OK	 
REQUEST		Elements1	1612273073298	1612273074138	OK	 
REQUEST		Elements2	1612273074143	1612273074382	OK	 
REQUEST		Elements3	1612273074385	1612273074565	OK	 
REQUEST		Elements4	1612273074568	1612273074750	OK	 
REQUEST		Elements5	1612273074753	1612273075009	OK	 
REQUEST		Elements6	1612273075013	1612273075194	OK	 
REQUEST		Elements6	1612273075197	1612273075376	OK	 
REQUEST		Elements7	1612273075379	1612273075564	OK	 
REQUEST		Elements8	1612273075567	1612273075748	OK	 
REQUEST		Elements9	1612273075751	1612273075943	OK	 
REQUEST		Elements10	1612273075946	1612273076606	OK	 
REQUEST		Elements11	1612273076609	1612273076802	OK	 
USER	GeneralAdmission1	END	1612273077819
