RUN	GeneralAdmission1	generaladmission1	1612437984767	 	3.5.0
USER	GeneralAdmission1	START	1612437986743
USER	GeneralAdmission1	START	1612437986754
USER	GeneralAdmission1	START	1612437986754
USER	GeneralAdmission1	START	1612437986754
USER	GeneralAdmission1	START	1612437986766
USER	GeneralAdmission1	START	1612437986754
USER	GeneralAdmission1	START	1612437986886
USER	GeneralAdmission1	START	1612437986747
USER	GeneralAdmission1	START	1612437986754
USER	GeneralAdmission1	START	1612437986899
USER	GeneralAdmission1	START	1612437986901
USER	GeneralAdmission1	START	1612437987247
USER	GeneralAdmission1	START	1612437987742
REQUEST		GetToken	1612437986803	1612437987776	OK	 
REQUEST		GetToken	1612437986802	1612437987868	OK	 
REQUEST		GetToken	1612437986800	1612437987996	OK	 
REQUEST		GetToken	1612437986800	1612437988015	OK	 
REQUEST		GetToken	1612437986803	1612437988155	OK	 
REQUEST		GetToken	1612437986802	1612437988262	OK	 
USER	GeneralAdmission1	START	1612437988258
REQUEST		GetToken	1612437986802	1612437988262	OK	 
REQUEST		GetToken	1612437986911	1612437988320	OK	 
REQUEST		GetToken	1612437986804	1612437988318	OK	 
REQUEST		GetToken	1612437986908	1612437988322	OK	 
REQUEST		GetToken	1612437987247	1612437988332	OK	 
REQUEST		GetToken	1612437986893	1612437988345	OK	 
REQUEST		GetToken	1612437988263	1612437988567	OK	 
USER	GeneralAdmission1	START	1612437988754
REQUEST		GetToken	1612437987744	1612437988989	OK	 
USER	GeneralAdmission1	START	1612437989208
REQUEST		GetToken	1612437988755	1612437989503	OK	 
USER	GeneralAdmission1	START	1612437989720
REQUEST		GetToken	1612437989212	1612437990082	OK	 
USER	GeneralAdmission1	START	1612437990215
REQUEST		GetToken	1612437989722	1612437990400	OK	 
USER	GeneralAdmission1	START	1612437990715
REQUEST		GetToken	1612437990215	1612437990901	OK	 
USER	GeneralAdmission1	START	1612437991212
REQUEST		GetToken	1612437990716	1612437991289	OK	 
REQUEST		GetToken	1612437991214	1612437991782	OK	 
REQUEST		AddToCart	1612437992973	1612437993139	OK	 
REQUEST		AddToCart	1612437993017	1612437993147	OK	 
REQUEST		AddToCart	1612437992968	1612437993139	OK	 
REQUEST		AddToCart	1612437993034	1612437993168	OK	 
REQUEST		AddToCart	1612437993175	1612437993295	OK	 
REQUEST		AddToCart	1612437993283	1612437993426	OK	 
REQUEST		AddToCart	1612437993283	1612437993458	OK	 
REQUEST		AddToCart	1612437993341	1612437993538	OK	 
REQUEST		AddToCart	1612437993343	1612437993570	OK	 
REQUEST		AddToCart	1612437993359	1612437993571	OK	 
REQUEST		AddToCart	1612437993344	1612437993572	OK	 
REQUEST		AddToCart	1612437993352	1612437993594	OK	 
REQUEST		AddToCart	1612437993582	1612437993761	OK	 
REQUEST		AddToCart	1612437994007	1612437994151	OK	 
REQUEST		AddToCart	1612437994518	1612437994648	OK	 
REQUEST		AddToCart	1612437995091	1612437995268	OK	 
REQUEST		AddToCart	1612437995419	1612437995613	OK	 
REQUEST		AddToCart	1612437995909	1612437996049	OK	 
REQUEST		AddToCart2	1612437996171	1612437996393	OK	 
REQUEST		AddToCart2	1612437996171	1612437996394	OK	 
REQUEST		AddToCart2	1612437996168	1612437996398	OK	 
REQUEST		AddToCart2	1612437996187	1612437996395	OK	 
REQUEST		AddToCart2	1612437996309	1612437996424	OK	 
REQUEST		AddToCart	1612437996311	1612437996425	OK	 
REQUEST		AddToCart2	1612437996438	1612437996544	OK	 
REQUEST		AddToCart2	1612437996470	1612437996578	OK	 
REQUEST		AddToCart2	1612437996560	1612437996705	OK	 
REQUEST		AddToCart2	1612437996592	1612437996810	OK	 
REQUEST		AddToCart2	1612437996593	1612437996812	OK	 
REQUEST		AddToCart2	1612437996607	1612437996826	OK	 
REQUEST		AddToCart2	1612437996609	1612437996835	OK	 
REQUEST		AddToCart2	1612437996776	1612437996951	OK	 
REQUEST		AddToCart	1612437996792	1612437996974	OK	 
REQUEST		AddToCart2	1612437997171	1612437997309	OK	 
REQUEST		AddToCart2	1612437997666	1612437997792	OK	 
REQUEST		AddToCart2	1612437998288	1612437998388	OK	 
REQUEST		AddToCart2	1612437998627	1612437998716	OK	 
REQUEST		AddToCart2	1612437999062	1612437999234	OK	 
REQUEST		AddToCart2	1612437999437	1612437999588	OK	 
REQUEST		AddToCart2	1612437999991	1612438000131	OK	 
REQUEST		CreateGeneral	1612438000599	1612438001023	OK	 
REQUEST		CreateGeneral	1612438000460	1612438001019	OK	 
REQUEST		CreateGeneral	1612438000444	1612438001041	OK	 
REQUEST		CreateGeneral	1612438000446	1612438001061	OK	 
REQUEST		CreateGeneral	1612438000741	1612438001112	OK	 
REQUEST		CreateGeneral	1612438000448	1612438001114	OK	 
REQUEST		CreateGeneral	1612438000446	1612438001125	OK	 
REQUEST		CreateGeneral	1612438000846	1612438001159	OK	 
REQUEST		CreateGeneral	1612438000848	1612438001170	OK	 
REQUEST		CreateGeneral	1612438000863	1612438001177	OK	 
REQUEST		CreateGeneral	1612438000999	1612438001220	OK	 
REQUEST		CreateGeneral	1612438001329	1612438001568	OK	 
REQUEST		CreateGeneral	1612438000568	1612438002068	OK	 
REQUEST		CreateGeneral	1612438001813	1612438002098	OK	 
REQUEST		CreateGeneral	1612438000866	1612438002277	OK	 
REQUEST		CreateGeneral	1612438002403	1612438002661	OK	 
REQUEST		CreateGeneral	1612438002741	1612438002948	OK	 
REQUEST		CreateGeneral	1612438003252	1612438003485	OK	 
REQUEST		CreateGeneral	1612438003598	1612438003914	OK	 
REQUEST		CreateGeneral	1612438004155	1612438004401	OK	 
REQUEST		BookingDetails	1612438005039	1612438005151	OK	 
REQUEST		BookingDetails	1612438005054	1612438005197	OK	 
REQUEST		BookingDetails	1612438005037	1612438005200	OK	 
REQUEST		BookingDetails	1612438005069	1612438005245	OK	 
REQUEST		BookingDetails	1612438005130	1612438005278	OK	 
REQUEST		BookingDetails	1612438005131	1612438005303	OK	 
REQUEST		BookingDetails	1612438005148	1612438005330	OK	 
REQUEST		BookingDetails	1612438005178	1612438005338	OK	 
REQUEST		BookingDetails	1612438005200	1612438005430	OK	 
REQUEST		BookingDetails	1612438005201	1612438005431	OK	 
REQUEST		ConfirmPayment	1612438005214	1612438005687	OK	 
REQUEST		BookingDetails	1612438005244	1612438005688	OK	 
REQUEST		ConfirmPayment	1612438005153	1612438005690	OK	 
REQUEST		ConfirmPayment	1612438005206	1612438005720	OK	 
REQUEST		ConfirmPayment	1612438005281	1612438005720	OK	 
REQUEST		ConfirmPayment	1612438005250	1612438005720	OK	 
REQUEST		ConfirmPayment	1612438005335	1612438005773	OK	 
REQUEST		ConfirmPayment	1612438005306	1612438005773	OK	 
REQUEST		ConfirmPayment	1612438005345	1612438005869	OK	 
REQUEST		BookingDetails	1612438005583	1612438005873	OK	 
REQUEST		ConfirmPayment	1612438005437	1612438005873	OK	 
REQUEST		ConfirmPayment	1612438005435	1612438005888	OK	 
REQUEST		ConfirmPayment	1612438005695	1612438006031	OK	 
REQUEST		ConfirmPayment	1612438005881	1612438006101	OK	 
REQUEST		BookingDetails	1612438006080	1612438006220	OK	 
REQUEST		BookingDetails	1612438006114	1612438006235	OK	 
REQUEST		BookingDetails	1612438006297	1612438006402	OK	 
REQUEST		ConfirmPayment	1612438006223	1612438006420	OK	 
REQUEST		ConfirmPayment	1612438006239	1612438006457	OK	 
REQUEST		ConfirmPayment	1612438006404	1612438006646	OK	 
REQUEST		BookingDetails	1612438006668	1612438006881	OK	 
REQUEST		BookingDetails	1612438006963	1612438007088	OK	 
REQUEST		ConfirmPayment	1612438006883	1612438007125	OK	 
REQUEST		ConfirmPayment	1612438007090	1612438007367	OK	 
REQUEST		BookingDetails	1612438007504	1612438007682	OK	 
REQUEST		ConfirmPayment	1612438007684	1612438007982	OK	 
REQUEST		BookingDetails	1612438007922	1612438008082	OK	 
REQUEST		ConfirmPayment	1612438008084	1612438008266	OK	 
REQUEST		BookingDetails	1612438008420	1612438008550	OK	 
REQUEST		ConfirmPayment	1612438008551	1612438008782	OK	 
USER	GeneralAdmission1	END	1612438011706
USER	GeneralAdmission1	END	1612438011706
USER	GeneralAdmission1	END	1612438011737
USER	GeneralAdmission1	END	1612438011737
USER	GeneralAdmission1	END	1612438011749
USER	GeneralAdmission1	END	1612438011794
USER	GeneralAdmission1	END	1612438011795
USER	GeneralAdmission1	END	1612438011872
USER	GeneralAdmission1	END	1612438011888
USER	GeneralAdmission1	END	1612438011904
USER	GeneralAdmission1	END	1612438012043
USER	GeneralAdmission1	END	1612438012105
USER	GeneralAdmission1	END	1612438012431
USER	GeneralAdmission1	END	1612438012476
USER	GeneralAdmission1	END	1612438012661
USER	GeneralAdmission1	END	1612438013145
USER	GeneralAdmission1	END	1612438013376
USER	GeneralAdmission1	END	1612438014003
USER	GeneralAdmission1	END	1612438014289
USER	GeneralAdmission1	END	1612438014787
