RUN	GeneralAdmission1	generaladmission1	1612374883954	 	3.5.0
USER	GeneralAdmission1	START	1612374887493
USER	GeneralAdmission1	START	1612374887491
USER	GeneralAdmission1	START	1612374887492
USER	GeneralAdmission1	START	1612374887489
USER	GeneralAdmission1	START	1612374887443
USER	GeneralAdmission1	START	1612374887485
USER	GeneralAdmission1	START	1612374887488
USER	GeneralAdmission1	START	1612374887483
USER	GeneralAdmission1	START	1612374887568
USER	GeneralAdmission1	START	1612374887569
USER	GeneralAdmission1	START	1612374887568
USER	GeneralAdmission1	START	1612374887571
USER	GeneralAdmission1	START	1612374887574
USER	GeneralAdmission1	START	1612374887575
USER	GeneralAdmission1	START	1612374887578
USER	GeneralAdmission1	START	1612374887580
USER	GeneralAdmission1	START	1612374887573
USER	GeneralAdmission1	START	1612374887591
USER	GeneralAdmission1	START	1612374887600
USER	GeneralAdmission1	START	1612374887582
USER	GeneralAdmission1	START	1612374887584
USER	GeneralAdmission1	START	1612374887609
USER	GeneralAdmission1	START	1612374887598
USER	GeneralAdmission1	START	1612374887649
USER	GeneralAdmission1	START	1612374887602
USER	GeneralAdmission1	START	1612374887628
USER	GeneralAdmission1	START	1612374887633
USER	GeneralAdmission1	START	1612374887614
USER	GeneralAdmission1	START	1612374887660
USER	GeneralAdmission1	START	1612374887664
USER	GeneralAdmission1	START	1612374887632
USER	GeneralAdmission1	START	1612374887635
USER	GeneralAdmission1	START	1612374887659
USER	GeneralAdmission1	START	1612374887666
USER	GeneralAdmission1	START	1612374887667
USER	GeneralAdmission1	START	1612374887662
USER	GeneralAdmission1	START	1612374887694
USER	GeneralAdmission1	START	1612374887679
USER	GeneralAdmission1	START	1612374887683
USER	GeneralAdmission1	START	1612374887699
USER	GeneralAdmission1	START	1612374887683
USER	GeneralAdmission1	START	1612374887709
USER	GeneralAdmission1	START	1612374887684
USER	GeneralAdmission1	START	1612374887694
USER	GeneralAdmission1	START	1612374887692
USER	GeneralAdmission1	START	1612374887703
USER	GeneralAdmission1	START	1612374887696
USER	GeneralAdmission1	START	1612374887714
USER	GeneralAdmission1	START	1612374887727
USER	GeneralAdmission1	START	1612374887729
USER	GeneralAdmission1	START	1612374887733
USER	GeneralAdmission1	START	1612374887734
USER	GeneralAdmission1	START	1612374887738
USER	GeneralAdmission1	START	1612374887723
USER	GeneralAdmission1	START	1612374887719
USER	GeneralAdmission1	START	1612374887756
USER	GeneralAdmission1	START	1612374887725
USER	GeneralAdmission1	START	1612374887762
USER	GeneralAdmission1	START	1612374887749
USER	GeneralAdmission1	START	1612374887752
USER	GeneralAdmission1	START	1612374887753
USER	GeneralAdmission1	START	1612374887748
USER	GeneralAdmission1	START	1612374887751
USER	GeneralAdmission1	START	1612374887783
USER	GeneralAdmission1	START	1612374887783
USER	GeneralAdmission1	START	1612374887764
USER	GeneralAdmission1	START	1612374887766
USER	GeneralAdmission1	START	1612374887768
USER	GeneralAdmission1	START	1612374887790
USER	GeneralAdmission1	START	1612374887795
USER	GeneralAdmission1	START	1612374887779
USER	GeneralAdmission1	START	1612374887797
USER	GeneralAdmission1	START	1612374887801
USER	GeneralAdmission1	START	1612374887819
USER	GeneralAdmission1	START	1612374887800
USER	GeneralAdmission1	START	1612374887830
USER	GeneralAdmission1	START	1612374887812
USER	GeneralAdmission1	START	1612374887799
USER	GeneralAdmission1	START	1612374887816
USER	GeneralAdmission1	START	1612374887840
USER	GeneralAdmission1	START	1612374887846
USER	GeneralAdmission1	START	1612374887850
USER	GeneralAdmission1	START	1612374887829
USER	GeneralAdmission1	START	1612374887807
USER	GeneralAdmission1	START	1612374887812
USER	GeneralAdmission1	START	1612374887823
USER	GeneralAdmission1	START	1612374887833
USER	GeneralAdmission1	START	1612374887869
USER	GeneralAdmission1	START	1612374887837
USER	GeneralAdmission1	START	1612374887859
USER	GeneralAdmission1	START	1612374887877
USER	GeneralAdmission1	START	1612374887862
USER	GeneralAdmission1	START	1612374887866
USER	GeneralAdmission1	START	1612374887893
USER	GeneralAdmission1	START	1612374887901
USER	GeneralAdmission1	START	1612374887910
USER	GeneralAdmission1	START	1612374887911
USER	GeneralAdmission1	START	1612374887923
USER	GeneralAdmission1	START	1612374887933
USER	GeneralAdmission1	START	1612374887880
REQUEST		GetToken	1612374887579	1612374888969	OK	 
REQUEST		GetToken	1612374887503	1612374888986	OK	 
REQUEST		GetToken	1612374887581	1612374888988	OK	 
REQUEST		GetToken	1612374887503	1612374889020	OK	 
REQUEST		GetToken	1612374887622	1612374888997	OK	 
REQUEST		GetToken	1612374887661	1612374888973	OK	 
REQUEST		GetToken	1612374887729	1612374889191	OK	 
REQUEST		GetToken	1612374887630	1612374889190	OK	 
REQUEST		GetToken	1612374887586	1612374889238	OK	 
REQUEST		GetToken	1612374887654	1612374889270	OK	 
REQUEST		GetToken	1612374887668	1612374889300	OK	 
REQUEST		GetToken	1612374887649	1612374889312	OK	 
REQUEST		GetToken	1612374887644	1612374889299	OK	 
REQUEST		GetToken	1612374887593	1612374889302	OK	 
REQUEST		GetToken	1612374887677	1612374889352	OK	 
REQUEST		GetToken	1612374887610	1612374889353	OK	 
REQUEST		GetToken	1612374887691	1612374889378	OK	 
REQUEST		GetToken	1612374887710	1612374889364	OK	 
REQUEST		GetToken	1612374887675	1612374889370	OK	 
REQUEST		GetToken	1612374887629	1612374889379	OK	 
REQUEST		GetToken	1612374887741	1612374889380	OK	 
REQUEST		GetToken	1612374887681	1612374889409	OK	 
REQUEST		GetToken	1612374887665	1612374889411	OK	 
REQUEST		GetToken	1612374887678	1612374889428	OK	 
REQUEST		GetToken	1612374887664	1612374889441	OK	 
REQUEST		GetToken	1612374887689	1612374889482	OK	 
REQUEST		GetToken	1612374887503	1612374889505	OK	 
REQUEST		GetToken	1612374887695	1612374889436	OK	 
REQUEST		GetToken	1612374887730	1612374889437	OK	 
REQUEST		GetToken	1612374887744	1612374889522	OK	 
REQUEST		GetToken	1612374887712	1612374889561	OK	 
REQUEST		GetToken	1612374887573	1612374889569	OK	 
REQUEST		GetToken	1612374887607	1612374889590	OK	 
REQUEST		GetToken	1612374887747	1612374889601	OK	 
REQUEST		GetToken	1612374887835	1612374889611	OK	 
REQUEST		GetToken	1612374887750	1612374889623	OK	 
REQUEST		GetToken	1612374887817	1612374889651	OK	 
REQUEST		GetToken	1612374887735	1612374889654	OK	 
REQUEST		GetToken	1612374887787	1612374889664	OK	 
REQUEST		GetToken	1612374887504	1612374889667	OK	 
REQUEST		GetToken	1612374887784	1612374889684	OK	 
REQUEST		GetToken	1612374887860	1612374889724	OK	 
REQUEST		GetToken	1612374887595	1612374889719	OK	 
REQUEST		GetToken	1612374887616	1612374889726	OK	 
REQUEST		GetToken	1612374887710	1612374889735	OK	 
REQUEST		GetToken	1612374887504	1612374889735	OK	 
REQUEST		GetToken	1612374887809	1612374889763	OK	 
REQUEST		GetToken	1612374887843	1612374889773	OK	 
REQUEST		GetToken	1612374887704	1612374889786	OK	 
REQUEST		GetToken	1612374887503	1612374889789	OK	 
REQUEST		GetToken	1612374887506	1612374889793	OK	 
REQUEST		GetToken	1612374887715	1612374889797	OK	 
REQUEST		GetToken	1612374887708	1612374889800	OK	 
REQUEST		GetToken	1612374887770	1612374889801	OK	 
REQUEST		GetToken	1612374887776	1612374889814	OK	 
REQUEST		GetToken	1612374887578	1612374889827	OK	 
REQUEST		GetToken	1612374887863	1612374889835	OK	 
REQUEST		GetToken	1612374887781	1612374889881	OK	 
REQUEST		GetToken	1612374887914	1612374889886	OK	 
REQUEST		GetToken	1612374887503	1612374889888	OK	 
REQUEST		GetToken	1612374887786	1612374889893	OK	 
REQUEST		GetToken	1612374887883	1612374889896	OK	 
REQUEST		GetToken	1612374887765	1612374889897	OK	 
REQUEST		GetToken	1612374887606	1612374889908	OK	 
REQUEST		GetToken	1612374887896	1612374889960	OK	 
REQUEST		GetToken	1612374887785	1612374889974	OK	 
REQUEST		GetToken	1612374887612	1612374889979	OK	 
REQUEST		GetToken	1612374887570	1612374889981	OK	 
REQUEST		GetToken	1612374887930	1612374890007	OK	 
REQUEST		GetToken	1612374887881	1612374890022	OK	 
REQUEST		GetToken	1612374887712	1612374890019	OK	 
REQUEST		GetToken	1612374887679	1612374890024	OK	 
REQUEST		GetToken	1612374887777	1612374890040	OK	 
REQUEST		GetToken	1612374887820	1612374890051	OK	 
REQUEST		GetToken	1612374887780	1612374890086	OK	 
REQUEST		GetToken	1612374887810	1612374890131	OK	 
REQUEST		GetToken	1612374887834	1612374890144	OK	 
REQUEST		GetToken	1612374887928	1612374890148	OK	 
REQUEST		GetToken	1612374887704	1612374890158	OK	 
REQUEST		GetToken	1612374887744	1612374890165	OK	 
REQUEST		GetToken	1612374887799	1612374890183	OK	 
REQUEST		GetToken	1612374887869	1612374890193	OK	 
REQUEST		GetToken	1612374887717	1612374890194	OK	 
REQUEST		GetToken	1612374887873	1612374890217	OK	 
REQUEST		GetToken	1612374887939	1612374890218	OK	 
REQUEST		GetToken	1612374887821	1612374890279	OK	 
REQUEST		GetToken	1612374887924	1612374890281	OK	 
REQUEST		GetToken	1612374887813	1612374890288	OK	 
REQUEST		GetToken	1612374887903	1612374890289	OK	 
REQUEST		GetToken	1612374887831	1612374890309	OK	 
REQUEST		GetToken	1612374887795	1612374890320	OK	 
REQUEST		GetToken	1612374887878	1612374890329	OK	 
REQUEST		GetToken	1612374887759	1612374890336	OK	 
REQUEST		GetToken	1612374887818	1612374890341	OK	 
REQUEST		GetToken	1612374887929	1612374890351	OK	 
REQUEST		GetToken	1612374887785	1612374890364	OK	 
REQUEST		GetToken	1612374887847	1612374890371	OK	 
REQUEST		GetToken	1612374887854	1612374890388	OK	 
REQUEST		GetToken	1612374887802	1612374890387	OK	 
REQUEST		GetToken	1612374887831	1612374890405	OK	 
REQUEST		AddToCart	1612374894165	1612374894778	OK	 
REQUEST		AddToCart	1612374894178	1612374894877	OK	 
REQUEST		AddToCart	1612374894312	1612374894881	OK	 
REQUEST		AddToCart	1612374894167	1612374894877	OK	 
REQUEST		AddToCart	1612374894180	1612374894881	OK	 
REQUEST		AddToCart	1612374894193	1612374894881	OK	 
REQUEST		AddToCart	1612374894397	1612374894887	OK	 
REQUEST		AddToCart	1612374894346	1612374894887	OK	 
REQUEST		AddToCart	1612374894172	1612374894889	OK	 
REQUEST		AddToCart	1612374894423	1612374894895	OK	 
REQUEST		AddToCart	1612374894229	1612374894917	OK	 
REQUEST		AddToCart	1612374894409	1612374894922	OK	 
REQUEST		AddToCart	1612374894337	1612374894923	OK	 
REQUEST		AddToCart	1612374894346	1612374894923	OK	 
REQUEST		AddToCart	1612374894431	1612374894924	OK	 
REQUEST		AddToCart	1612374894444	1612374894943	OK	 
REQUEST		AddToCart	1612374894277	1612374894943	OK	 
REQUEST		AddToCart	1612374894423	1612374894945	OK	 
REQUEST		AddToCart	1612374894410	1612374894958	OK	 
REQUEST		AddToCart	1612374894461	1612374894971	OK	 
REQUEST		AddToCart	1612374894344	1612374894970	OK	 
REQUEST		AddToCart	1612374894391	1612374894985	OK	 
REQUEST		AddToCart	1612374894518	1612374894988	OK	 
REQUEST		AddToCart	1612374894516	1612374894988	OK	 
REQUEST		AddToCart	1612374894412	1612374894991	OK	 
REQUEST		AddToCart	1612374894550	1612374895002	OK	 
REQUEST		AddToCart	1612374894561	1612374895003	OK	 
REQUEST		AddToCart	1612374894548	1612374895007	OK	 
REQUEST		AddToCart	1612374894208	1612374895006	OK	 
REQUEST		AddToCart	1612374894762	1612374895013	OK	 
REQUEST		AddToCart	1612374894574	1612374895028	OK	 
REQUEST		AddToCart	1612374894761	1612374895040	OK	 
REQUEST		AddToCart	1612374894586	1612374895053	OK	 
REQUEST		AddToCart	1612374894629	1612374895053	OK	 
REQUEST		AddToCart	1612374894712	1612374895054	OK	 
REQUEST		AddToCart	1612374894601	1612374895068	OK	 
REQUEST		AddToCart	1612374894693	1612374895339	OK	 
REQUEST		AddToCart	1612374894869	1612374895342	OK	 
REQUEST		AddToCart	1612374894747	1612374895342	OK	 
REQUEST		AddToCart	1612374894681	1612374895342	OK	 
REQUEST		AddToCart	1612374894756	1612374895361	OK	 
REQUEST		AddToCart	1612374894761	1612374895397	OK	 
REQUEST		AddToCart	1612374894654	1612374895470	OK	 
REQUEST		AddToCart	1612374894818	1612374895477	OK	 
REQUEST		AddToCart	1612374894833	1612374895476	OK	 
REQUEST		AddToCart	1612374894905	1612374895476	OK	 
REQUEST		AddToCart	1612374894911	1612374895477	OK	 
REQUEST		AddToCart	1612374894811	1612374895484	OK	 
REQUEST		AddToCart	1612374894747	1612374895489	OK	 
REQUEST		AddToCart	1612374894850	1612374895500	OK	 
REQUEST		AddToCart	1612374894761	1612374895503	OK	 
REQUEST		AddToCart	1612374894655	1612374895511	OK	 
REQUEST		AddToCart	1612374894922	1612374895514	OK	 
REQUEST		AddToCart	1612374894666	1612374895518	OK	 
REQUEST		AddToCart	1612374894829	1612374895702	OK	 
REQUEST		AddToCart	1612374895033	1612374895710	OK	 
REQUEST		AddToCart	1612374894786	1612374895718	OK	 
REQUEST		AddToCart	1612374895027	1612374895722	OK	 
REQUEST		AddToCart	1612374894945	1612374895735	OK	 
REQUEST		AddToCart	1612374894958	1612374895770	OK	 
REQUEST		AddToCart	1612374894903	1612374895787	OK	 
REQUEST		AddToCart	1612374894964	1612374895787	OK	 
REQUEST		AddToCart	1612374895032	1612374895788	OK	 
REQUEST		AddToCart	1612374895034	1612374895802	OK	 
REQUEST		AddToCart	1612374894964	1612374895876	OK	 
REQUEST		AddToCart	1612374895007	1612374895880	OK	 
REQUEST		AddToCart	1612374894960	1612374895877	OK	 
REQUEST		AddToCart	1612374895008	1612374895880	OK	 
REQUEST		AddToCart	1612374894986	1612374895880	OK	 
REQUEST		AddToCart	1612374895040	1612374895892	OK	 
REQUEST		AddToCart	1612374895204	1612374895892	OK	 
REQUEST		AddToCart	1612374895309	1612374895904	OK	 
REQUEST		AddToCart	1612374895047	1612374895983	OK	 
REQUEST		AddToCart	1612374895091	1612374895988	OK	 
REQUEST		AddToCart	1612374895040	1612374895988	OK	 
REQUEST		AddToCart	1612374895138	1612374896001	OK	 
REQUEST		AddToCart	1612374895060	1612374896000	OK	 
REQUEST		AddToCart	1612374895190	1612374896000	OK	 
REQUEST		AddToCart	1612374895040	1612374896000	OK	 
REQUEST		AddToCart	1612374895321	1612374896001	OK	 
REQUEST		AddToCart	1612374895357	1612374896003	OK	 
REQUEST		AddToCart	1612374895158	1612374896017	OK	 
REQUEST		AddToCart	1612374895310	1612374896028	OK	 
REQUEST		AddToCart	1612374895185	1612374896027	OK	 
REQUEST		AddToCart	1612374895357	1612374896028	OK	 
REQUEST		AddToCart	1612374895356	1612374896028	OK	 
REQUEST		AddToCart	1612374895207	1612374896031	OK	 
REQUEST		AddToCart	1612374895332	1612374896038	OK	 
REQUEST		AddToCart	1612374895178	1612374896045	OK	 
REQUEST		AddToCart	1612374895307	1612374896057	OK	 
REQUEST		AddToCart	1612374895208	1612374896059	OK	 
REQUEST		AddToCart	1612374895229	1612374896069	OK	 
REQUEST		AddToCart	1612374895230	1612374896070	OK	 
REQUEST		AddToCart	1612374895382	1612374896072	OK	 
REQUEST		AddToCart	1612374895308	1612374896087	OK	 
REQUEST		AddToCart	1612374895395	1612374896087	OK	 
REQUEST		AddToCart	1612374895410	1612374896096	OK	 
REQUEST		AddToCart	1612374895397	1612374896097	OK	 
REQUEST		AddToCart	1612374895410	1612374896108	OK	 
REQUEST		AddToCart	1612374895414	1612374896107	OK	 
REQUEST		AddToCart	1612374897788	1612374898049	OK	 
REQUEST		AddToCart	1612374897962	1612374898247	OK	 
REQUEST		AddToCart	1612374897904	1612374898246	OK	 
REQUEST		AddToCart	1612374897906	1612374898322	OK	 
REQUEST		AddToCart	1612374897895	1612374898325	OK	 
REQUEST		AddToCart	1612374897911	1612374898336	OK	 
REQUEST		AddToCart	1612374897895	1612374898336	OK	 
REQUEST		AddToCart	1612374897911	1612374898336	OK	 
REQUEST		AddToCart	1612374897962	1612374898351	OK	 
REQUEST		AddToCart	1612374898023	1612374898351	OK	 
REQUEST		AddToCart	1612374897918	1612374898350	OK	 
REQUEST		AddToCart	1612374897950	1612374898360	OK	 
REQUEST		AddToCart	1612374898033	1612374898360	OK	 
REQUEST		AddToCart	1612374898003	1612374898365	OK	 
REQUEST		AddToCart	1612374897891	1612374898378	OK	 
REQUEST		AddToCart	1612374897993	1612374898382	OK	 
REQUEST		AddToCart	1612374897990	1612374898378	OK	 
REQUEST		AddToCart	1612374898032	1612374898393	OK	 
REQUEST		AddToCart	1612374898063	1612374898394	OK	 
REQUEST		AddToCart	1612374897951	1612374898394	OK	 
REQUEST		AddToCart	1612374897947	1612374898394	OK	 
REQUEST		AddToCart	1612374897920	1612374898395	OK	 
REQUEST		AddToCart	1612374898008	1612374898411	OK	 
REQUEST		AddToCart	1612374897951	1612374898411	OK	 
REQUEST		AddToCart	1612374897951	1612374898416	OK	 
REQUEST		AddToCart	1612374897965	1612374898421	OK	 
REQUEST		AddToCart	1612374897989	1612374898431	OK	 
REQUEST		AddToCart	1612374898062	1612374898431	OK	 
REQUEST		AddToCart	1612374898063	1612374898431	OK	 
REQUEST		AddToCart	1612374898001	1612374898446	OK	 
REQUEST		AddToCart	1612374898049	1612374898440	OK	 
REQUEST		AddToCart	1612374898032	1612374898452	OK	 
REQUEST		AddToCart	1612374897989	1612374898459	OK	 
REQUEST		AddToCart	1612374898016	1612374898464	OK	 
REQUEST		AddToCart	1612374898073	1612374898476	OK	 
REQUEST		AddToCart	1612374898037	1612374898489	OK	 
REQUEST		AddToCart	1612374898365	1612374898491	OK	 
REQUEST		AddToCart	1612374898379	1612374898491	OK	 
REQUEST		AddToCart	1612374898411	1612374898492	OK	 
REQUEST		AddToCart	1612374898467	1612374898533	OK	 
REQUEST		AddToCart	1612374898449	1612374898538	OK	 
REQUEST		AddToCart	1612374898481	1612374898549	OK	 
REQUEST		AddToCart	1612374898484	1612374898584	OK	 
REQUEST		AddToCart	1612374898522	1612374898591	OK	 
REQUEST		AddToCart	1612374898525	1612374898599	OK	 
REQUEST		AddToCart	1612374898528	1612374898651	OK	 
REQUEST		AddToCart	1612374898527	1612374898654	OK	 
REQUEST		AddToCart	1612374898531	1612374898692	OK	 
REQUEST		AddToCart	1612374898527	1612374898693	OK	 
REQUEST		AddToCart	1612374898524	1612374898701	OK	 
REQUEST		AddToCart	1612374898526	1612374898707	OK	 
REQUEST		AddToCart	1612374898533	1612374898712	OK	 
REQUEST		AddToCart	1612374898525	1612374898720	OK	 
REQUEST		AddToCart	1612374898537	1612374898723	OK	 
REQUEST		AddToCart	1612374898723	1612374898789	OK	 
REQUEST		AddToCart	1612374898719	1612374898795	OK	 
REQUEST		AddToCart	1612374898732	1612374898804	OK	 
REQUEST		AddToCart	1612374898747	1612374898825	OK	 
REQUEST		AddToCart	1612374898732	1612374898831	OK	 
REQUEST		AddToCart	1612374898804	1612374898877	OK	 
REQUEST		AddToCart	1612374898805	1612374898903	OK	 
REQUEST		AddToCart	1612374898789	1612374898903	OK	 
REQUEST		AddToCart	1612374898810	1612374898906	OK	 
REQUEST		AddToCart	1612374898805	1612374898922	OK	 
REQUEST		AddToCart	1612374898889	1612374898950	OK	 
REQUEST		AddToCart	1612374898892	1612374898953	OK	 
REQUEST		AddToCart	1612374898908	1612374898963	OK	 
REQUEST		AddToCart	1612374898893	1612374898964	OK	 
REQUEST		AddToCart	1612374898894	1612374898965	OK	 
REQUEST		AddToCart	1612374898894	1612374898978	OK	 
REQUEST		AddToCart	1612374898915	1612374899001	OK	 
REQUEST		AddToCart	1612374898923	1612374899005	OK	 
REQUEST		AddToCart	1612374898989	1612374899060	OK	 
REQUEST		AddToCart	1612374898993	1612374899074	OK	 
REQUEST		AddToCart	1612374899001	1612374899079	OK	 
REQUEST		AddToCart	1612374899018	1612374899113	OK	 
REQUEST		AddToCart	1612374899021	1612374899121	OK	 
REQUEST		AddToCart	1612374899020	1612374899121	OK	 
REQUEST		AddToCart	1612374899025	1612374899129	OK	 
REQUEST		AddToCart	1612374899024	1612374899133	OK	 
REQUEST		AddToCart	1612374899031	1612374899133	OK	 
REQUEST		AddToCart	1612374899058	1612374899197	OK	 
REQUEST		AddToCart	1612374899028	1612374899197	OK	 
REQUEST		AddToCart	1612374899063	1612374899197	OK	 
REQUEST		AddToCart	1612374899051	1612374899198	OK	 
REQUEST		AddToCart	1612374899063	1612374899276	OK	 
REQUEST		AddToCart	1612374899092	1612374899301	OK	 
REQUEST		AddToCart	1612374899081	1612374899301	OK	 
REQUEST		AddToCart	1612374899089	1612374899303	OK	 
REQUEST		AddToCart	1612374899079	1612374899315	OK	 
REQUEST		AddToCart	1612374899077	1612374899315	OK	 
REQUEST		AddToCart	1612374899087	1612374899327	OK	 
REQUEST		AddToCart	1612374899090	1612374899333	OK	 
REQUEST		AddToCart	1612374899069	1612374899343	OK	 
REQUEST		AddToCart	1612374899114	1612374899343	OK	 
REQUEST		AddToCart	1612374899102	1612374899343	OK	 
REQUEST		AddToCart	1612374899101	1612374899351	OK	 
REQUEST		AddToCart	1612374899106	1612374899358	OK	 
REQUEST		AddToCart	1612374899106	1612374899361	OK	 
REQUEST		AddToCart	1612374899116	1612374899364	OK	 
REQUEST		CreateGeneral	1612374901059	1612374901247	OK	 
REQUEST		CreateGeneral	1612374901254	1612374901555	OK	 
REQUEST		CreateGeneral	1612374901254	1612374901789	OK	 
REQUEST		CreateGeneral	1612374901357	1612374902338	OK	 
REQUEST		CreateGeneral	1612374901381	1612374902347	OK	 
REQUEST		CreateGeneral	1612374901355	1612374902362	OK	 
REQUEST		CreateGeneral	1612374901375	1612374902362	OK	 
REQUEST		CreateGeneral	1612374901341	1612374902362	OK	 
REQUEST		CreateGeneral	1612374901343	1612374902366	OK	 
REQUEST		CreateGeneral	1612374901368	1612374902366	OK	 
REQUEST		CreateGeneral	1612374901358	1612374902476	OK	 
REQUEST		CreateGeneral	1612374901382	1612374902576	OK	 
REQUEST		CreateGeneral	1612374901431	1612374902712	OK	 
REQUEST		CreateGeneral	1612374901529	1612374902851	KO	status.find.is(200), but actually found 400
REQUEST		CreateGeneral	1612374901735	1612374903121	KO	status.find.is(200), but actually found 400
REQUEST		CreateGeneral	1612374901435	1612374903262	OK	 
REQUEST		CreateGeneral	1612374901432	1612374903276	OK	 
REQUEST		CreateGeneral	1612374901553	1612374903303	OK	 
REQUEST		CreateGeneral	1612374901396	1612374903303	OK	 
REQUEST		CreateGeneral	1612374901528	1612374903315	OK	 
REQUEST		CreateGeneral	1612374901448	1612374903320	OK	 
REQUEST		CreateGeneral	1612374901412	1612374903358	OK	 
REQUEST		CreateGeneral	1612374901383	1612374903423	OK	 
REQUEST		CreateGeneral	1612374901448	1612374903449	OK	 
REQUEST		CreateGeneral	1612374901443	1612374903454	OK	 
REQUEST		CreateGeneral	1612374901381	1612374903510	OK	 
REQUEST		CreateGeneral	1612374901708	1612374903511	OK	 
REQUEST		CreateGeneral	1612374901376	1612374903528	OK	 
REQUEST		CreateGeneral	1612374901414	1612374903537	OK	 
REQUEST		CreateGeneral	1612374901471	1612374903538	OK	 
REQUEST		CreateGeneral	1612374901414	1612374903540	OK	 
REQUEST		CreateGeneral	1612374901430	1612374903540	OK	 
REQUEST		CreateGeneral	1612374901395	1612374903541	OK	 
REQUEST		CreateGeneral	1612374901459	1612374903672	OK	 
REQUEST		CreateGeneral	1612374901553	1612374903672	OK	 
REQUEST		CreateGeneral	1612374901603	1612374903673	OK	 
REQUEST		CreateGeneral	1612374901720	1612374903673	OK	 
REQUEST		CreateGeneral	1612374901454	1612374903687	OK	 
REQUEST		CreateGeneral	1612374901660	1612374903770	OK	 
REQUEST		CreateGeneral	1612374901601	1612374903770	OK	 
REQUEST		CreateGeneral	1612374901529	1612374903770	OK	 
REQUEST		CreateGeneral	1612374901483	1612374903784	OK	 
REQUEST		CreateGeneral	1612374901909	1612374903784	OK	 
REQUEST		CreateGeneral	1612374901955	1612374903784	OK	 
REQUEST		CreateGeneral	1612374901527	1612374903787	OK	 
REQUEST		CreateGeneral	1612374901913	1612374903800	OK	 
REQUEST		CreateGeneral	1612374901796	1612374903800	OK	 
REQUEST		CreateGeneral	1612374901704	1612374903801	OK	 
REQUEST		CreateGeneral	1612374901419	1612374903801	OK	 
REQUEST		CreateGeneral	1612374901989	1612374903802	OK	 
REQUEST		CreateGeneral	1612374902133	1612374903827	OK	 
REQUEST		CreateGeneral	1612374901813	1612374903822	OK	 
REQUEST		CreateGeneral	1612374901715	1612374903822	OK	 
REQUEST		CreateGeneral	1612374901802	1612374903826	OK	 
REQUEST		CreateGeneral	1612374901962	1612374903827	OK	 
REQUEST		CreateGeneral	1612374901702	1612374903850	OK	 
REQUEST		CreateGeneral	1612374901834	1612374903848	OK	 
REQUEST		CreateGeneral	1612374902091	1612374903851	OK	 
REQUEST		CreateGeneral	1612374901928	1612374903867	OK	 
REQUEST		CreateGeneral	1612374901981	1612374903865	OK	 
REQUEST		CreateGeneral	1612374901417	1612374903864	OK	 
REQUEST		CreateGeneral	1612374902081	1612374903867	OK	 
REQUEST		CreateGeneral	1612374901980	1612374903867	OK	 
REQUEST		CreateGeneral	1612374902319	1612374903866	KO	status.find.is(200), but actually found 400
REQUEST		CreateGeneral	1612374902214	1612374903895	OK	 
REQUEST		CreateGeneral	1612374901918	1612374903897	OK	 
REQUEST		CreateGeneral	1612374901728	1612374903898	OK	 
REQUEST		CreateGeneral	1612374902211	1612374903899	OK	 
REQUEST		CreateGeneral	1612374901980	1612374903905	OK	 
REQUEST		CreateGeneral	1612374902007	1612374903905	OK	 
REQUEST		CreateGeneral	1612374901883	1612374903924	OK	 
REQUEST		CreateGeneral	1612374902133	1612374903926	OK	 
REQUEST		CreateGeneral	1612374902078	1612374903926	OK	 
REQUEST		CreateGeneral	1612374902137	1612374903926	OK	 
REQUEST		CreateGeneral	1612374902122	1612374903947	OK	 
REQUEST		CreateGeneral	1612374901481	1612374903946	KO	status.find.is(200), but actually found 400
REQUEST		CreateGeneral	1612374901468	1612374903947	KO	status.find.is(200), but actually found 400
REQUEST		CreateGeneral	1612374902009	1612374903959	OK	 
REQUEST		CreateGeneral	1612374902213	1612374903968	KO	status.find.is(200), but actually found 400
REQUEST		CreateGeneral	1612374902146	1612374903976	OK	 
REQUEST		CreateGeneral	1612374902284	1612374903986	OK	 
REQUEST		CreateGeneral	1612374902317	1612374903986	OK	 
REQUEST		CreateGeneral	1612374902352	1612374903987	OK	 
REQUEST		CreateGeneral	1612374901554	1612374903992	OK	 
REQUEST		CreateGeneral	1612374901837	1612374903994	OK	 
REQUEST		CreateGeneral	1612374902330	1612374903999	OK	 
REQUEST		CreateGeneral	1612374902318	1612374904015	OK	 
REQUEST		CreateGeneral	1612374902333	1612374904046	OK	 
REQUEST		CreateGeneral	1612374902372	1612374904059	OK	 
REQUEST		CreateGeneral	1612374902385	1612374904060	OK	 
REQUEST		CreateGeneral	1612374902336	1612374904091	OK	 
REQUEST		CreateGeneral	1612374902215	1612374904091	OK	 
REQUEST		CreateGeneral	1612374902352	1612374904094	OK	 
REQUEST		CreateGeneral	1612374901655	1612374904167	OK	 
REQUEST		CreateGeneral	1612374901587	1612374904180	OK	 
REQUEST		CreateGeneral	1612374902386	1612374904196	OK	 
REQUEST		CreateGeneral	1612374902359	1612374904243	OK	 
REQUEST		CreateGeneral	1612374902146	1612374904901	OK	 
REQUEST		CreateGeneral	1612374902322	1612374904970	OK	 
REQUEST		CreateGeneral	1612374902387	1612374905069	OK	 
REQUEST		BookingDetails	1612374905252	1612374905313	OK	 
REQUEST		ConfirmPayment	1612374905316	1612374905452	OK	 
USER	GeneralAdmission1	END	1612374905464
REQUEST		BookingDetails	1612374905560	1612374905608	OK	 
REQUEST		ConfirmPayment	1612374905612	1612374905799	OK	 
USER	GeneralAdmission1	END	1612374905803
REQUEST		BookingDetails	1612374905795	1612374905836	OK	 
REQUEST		ConfirmPayment	1612374905839	1612374905975	OK	 
USER	GeneralAdmission1	END	1612374905979
REQUEST		BookingDetails	1612374906349	1612374906449	OK	 
REQUEST		BookingDetails	1612374906353	1612374906452	OK	 
REQUEST		BookingDetails	1612374906386	1612374906452	OK	 
REQUEST		BookingDetails	1612374906383	1612374906453	OK	 
REQUEST		BookingDetails	1612374906377	1612374906467	OK	 
ERROR	BookingDetails: Failed to build request: No attribute named 'checkoutTokenID' is defined 	1612374906868
ERROR	ConfirmPayment: Failed to build request: No attribute named 'checkoutTokenID' is defined 	1612374906874
USER	GeneralAdmission1	END	1612374906877
ERROR	BookingDetails: Failed to build request: No attribute named 'checkoutTokenID' is defined 	1612374907127
ERROR	ConfirmPayment: Failed to build request: No attribute named 'checkoutTokenID' is defined 	1612374907129
USER	GeneralAdmission1	END	1612374907130
REQUEST		ConfirmPayment	1612374906464	1612374907347	OK	 
REQUEST		ConfirmPayment	1612374906464	1612374907355	OK	 
REQUEST		BookingDetails	1612374906393	1612374907348	OK	 
REQUEST		BookingDetails	1612374906394	1612374907372	OK	 
REQUEST		ConfirmPayment	1612374906453	1612374907349	OK	 
USER	GeneralAdmission1	END	1612374907356
REQUEST		ConfirmPayment	1612374906465	1612374907371	OK	 
USER	GeneralAdmission1	END	1612374907365
REQUEST		BookingDetails	1612374906481	1612374907383	OK	 
REQUEST		ConfirmPayment	1612374906474	1612374907413	OK	 
USER	GeneralAdmission1	END	1612374907389
USER	GeneralAdmission1	END	1612374907390
USER	GeneralAdmission1	END	1612374907419
ERROR	BookingDetails: Failed to build request: No attribute named 'checkoutTokenID' is defined 	1612374907896
ERROR	ConfirmPayment: Failed to build request: No attribute named 'checkoutTokenID' is defined 	1612374907899
USER	GeneralAdmission1	END	1612374907902
ERROR	BookingDetails: Failed to build request: No attribute named 'checkoutTokenID' is defined 	1612374907957
ERROR	ConfirmPayment: Failed to build request: No attribute named 'checkoutTokenID' is defined 	1612374907958
USER	GeneralAdmission1	END	1612374907959
ERROR	BookingDetails: Failed to build request: No attribute named 'checkoutTokenID' is defined 	1612374907962
ERROR	ConfirmPayment: Failed to build request: No attribute named 'checkoutTokenID' is defined 	1612374907962
USER	GeneralAdmission1	END	1612374907963
ERROR	BookingDetails: Failed to build request: No attribute named 'checkoutTokenID' is defined 	1612374907972
ERROR	ConfirmPayment: Failed to build request: No attribute named 'checkoutTokenID' is defined 	1612374907973
USER	GeneralAdmission1	END	1612374907974
REQUEST		BookingDetails	1612374907826	1612374909691	OK	 
REQUEST		BookingDetails	1612374907826	1612374909695	OK	 
REQUEST		BookingDetails	1612374907312	1612374909724	OK	 
REQUEST		BookingDetails	1612374907841	1612374909728	OK	 
REQUEST		BookingDetails	1612374907280	1612374909728	OK	 
REQUEST		BookingDetails	1612374907833	1612374910119	OK	 
REQUEST		BookingDetails	1612374907313	1612374910127	OK	 
REQUEST		BookingDetails	1612374907268	1612374910137	OK	 
REQUEST		BookingDetails	1612374907319	1612374910139	OK	 
REQUEST		BookingDetails	1612374907330	1612374910141	OK	 
REQUEST		BookingDetails	1612374907689	1612374910141	OK	 
REQUEST		BookingDetails	1612374907550	1612374910141	OK	 
REQUEST		BookingDetails	1612374907688	1612374910145	OK	 
REQUEST		BookingDetails	1612374907690	1612374910164	OK	 
REQUEST		BookingDetails	1612374907785	1612374910180	OK	 
REQUEST		BookingDetails	1612374907780	1612374910191	OK	 
REQUEST		ConfirmPayment	1612374907383	1612374910181	OK	 
REQUEST		ConfirmPayment	1612374907386	1612374910192	OK	 
REQUEST		BookingDetails	1612374907559	1612374910194	OK	 
REQUEST		ConfirmPayment	1612374907411	1612374910214	OK	 
USER	GeneralAdmission1	END	1612374910206
USER	GeneralAdmission1	END	1612374910208
REQUEST		BookingDetails	1612374907784	1612374910219	OK	 
USER	GeneralAdmission1	END	1612374910220
REQUEST		BookingDetails	1612374907689	1612374910220	OK	 
REQUEST		BookingDetails	1612374907693	1612374910220	OK	 
REQUEST		BookingDetails	1612374907561	1612374910232	OK	 
REQUEST		BookingDetails	1612374907421	1612374910243	OK	 
REQUEST		BookingDetails	1612374907793	1612374910288	OK	 
REQUEST		BookingDetails	1612374907432	1612374910650	OK	 
REQUEST		BookingDetails	1612374907826	1612374910653	OK	 
REQUEST		BookingDetails	1612374907454	1612374910657	OK	 
REQUEST		BookingDetails	1612374907558	1612374910689	OK	 
REQUEST		BookingDetails	1612374907520	1612374910693	OK	 
REQUEST		BookingDetails	1612374907519	1612374910703	OK	 
REQUEST		BookingDetails	1612374907558	1612374910889	OK	 
REQUEST		BookingDetails	1612374907801	1612374910892	OK	 
REQUEST		BookingDetails	1612374907466	1612374910896	OK	 
REQUEST		BookingDetails	1612374907846	1612374910896	OK	 
REQUEST		BookingDetails	1612374907806	1612374910906	OK	 
REQUEST		BookingDetails	1612374907806	1612374910907	OK	 
REQUEST		BookingDetails	1612374907853	1612374910907	OK	 
REQUEST		BookingDetails	1612374907537	1612374910917	OK	 
REQUEST		BookingDetails	1612374907853	1612374910932	OK	 
REQUEST		BookingDetails	1612374906718	1612374910943	OK	 
REQUEST		BookingDetails	1612374906581	1612374911067	OK	 
REQUEST		BookingDetails	1612374907928	1612374911197	OK	 
REQUEST		BookingDetails	1612374907922	1612374911201	OK	 
REQUEST		BookingDetails	1612374907896	1612374911201	OK	 
REQUEST		BookingDetails	1612374907896	1612374911201	OK	 
REQUEST		BookingDetails	1612374907897	1612374911202	OK	 
REQUEST		BookingDetails	1612374907928	1612374911696	OK	 
REQUEST		BookingDetails	1612374907928	1612374911696	OK	 
REQUEST		BookingDetails	1612374907971	1612374911697	OK	 
REQUEST		BookingDetails	1612374907947	1612374911699	OK	 
REQUEST		BookingDetails	1612374907850	1612374911700	OK	 
REQUEST		BookingDetails	1612374907858	1612374912215	OK	 
REQUEST		BookingDetails	1612374907871	1612374912220	OK	 
REQUEST		BookingDetails	1612374907871	1612374912220	OK	 
REQUEST		BookingDetails	1612374907896	1612374912233	OK	 
REQUEST		BookingDetails	1612374907928	1612374912233	OK	 
REQUEST		BookingDetails	1612374907947	1612374912234	OK	 
REQUEST		BookingDetails	1612374909075	1612374912248	OK	 
REQUEST		BookingDetails	1612374907988	1612374912253	OK	 
REQUEST		BookingDetails	1612374908173	1612374912253	OK	 
REQUEST		BookingDetails	1612374907894	1612374912254	OK	 
REQUEST		BookingDetails	1612374908014	1612374912257	OK	 
REQUEST		BookingDetails	1612374908028	1612374912279	OK	 
REQUEST		BookingDetails	1612374907951	1612374912279	OK	 
REQUEST		BookingDetails	1612374908014	1612374912280	OK	 
REQUEST		BookingDetails	1612374908002	1612374912296	OK	 
REQUEST		BookingDetails	1612374908014	1612374912295	OK	 
REQUEST		BookingDetails	1612374908907	1612374912296	OK	 
REQUEST		BookingDetails	1612374908018	1612374912311	OK	 
REQUEST		BookingDetails	1612374907951	1612374912320	OK	 
REQUEST		BookingDetails	1612374908250	1612374912320	OK	 
REQUEST		BookingDetails	1612374907929	1612374912320	OK	 
REQUEST		BookingDetails	1612374908981	1612374912335	OK	 
REQUEST		BookingDetails	1612374908186	1612374912340	OK	 
REQUEST		BookingDetails	1612374908017	1612374912346	OK	 
REQUEST		BookingDetails	1612374907958	1612374912353	OK	 
REQUEST		BookingDetails	1612374908056	1612374912356	OK	 
REQUEST		BookingDetails	1612374908068	1612374912360	OK	 
REQUEST		BookingDetails	1612374908068	1612374912371	OK	 
REQUEST		BookingDetails	1612374908107	1612374912383	OK	 
REQUEST		ConfirmPayment	1612374910123	1612374912383	OK	 
REQUEST		BookingDetails	1612374908099	1612374912384	OK	 
REQUEST		BookingDetails	1612374908200	1612374912384	OK	 
USER	GeneralAdmission1	END	1612374912400
REQUEST		ConfirmPayment	1612374909743	1612374912402	OK	 
USER	GeneralAdmission1	END	1612374912410
REQUEST		ConfirmPayment	1612374909729	1612374912448	OK	 
REQUEST		BookingDetails	1612374907858	1612374912449	OK	 
REQUEST		ConfirmPayment	1612374909743	1612374912449	OK	 
USER	GeneralAdmission1	END	1612374912457
USER	GeneralAdmission1	END	1612374912457
REQUEST		BookingDetails	1612374908107	1612374912473	OK	 
REQUEST		ConfirmPayment	1612374909695	1612374912473	OK	 
REQUEST		ConfirmPayment	1612374910656	1612374912473	OK	 
REQUEST		ConfirmPayment	1612374910167	1612374912491	OK	 
REQUEST		ConfirmPayment	1612374910183	1612374912496	OK	 
USER	GeneralAdmission1	END	1612374912488
REQUEST		ConfirmPayment	1612374910167	1612374912489	OK	 
REQUEST		ConfirmPayment	1612374910167	1612374912490	OK	 
REQUEST		ConfirmPayment	1612374909702	1612374912510	OK	 
USER	GeneralAdmission1	END	1612374912490
REQUEST		ConfirmPayment	1612374910180	1612374912504	OK	 
REQUEST		ConfirmPayment	1612374910167	1612374912510	OK	 
USER	GeneralAdmission1	END	1612374912497
USER	GeneralAdmission1	END	1612374912511
USER	GeneralAdmission1	END	1612374912519
USER	GeneralAdmission1	END	1612374912522
REQUEST		ConfirmPayment	1612374910133	1612374912526	OK	 
REQUEST		ConfirmPayment	1612374910665	1612374912526	OK	 
USER	GeneralAdmission1	END	1612374912522
USER	GeneralAdmission1	END	1612374912525
USER	GeneralAdmission1	END	1612374912525
USER	GeneralAdmission1	END	1612374912536
USER	GeneralAdmission1	END	1612374912536
REQUEST		ConfirmPayment	1612374910232	1612374912554	OK	 
USER	GeneralAdmission1	END	1612374912558
REQUEST		ConfirmPayment	1612374910167	1612374912849	OK	 
USER	GeneralAdmission1	END	1612374912853
REQUEST		ConfirmPayment	1612374910218	1612374913396	OK	 
REQUEST		ConfirmPayment	1612374910167	1612374913399	OK	 
REQUEST		ConfirmPayment	1612374910246	1612374913399	OK	 
REQUEST		ConfirmPayment	1612374910243	1612374913399	OK	 
REQUEST		ConfirmPayment	1612374910693	1612374913400	OK	 
USER	GeneralAdmission1	END	1612374913400
USER	GeneralAdmission1	END	1612374913412
REQUEST		ConfirmPayment	1612374910233	1612374913414	OK	 
USER	GeneralAdmission1	END	1612374913413
USER	GeneralAdmission1	END	1612374913413
USER	GeneralAdmission1	END	1612374913415
REQUEST		ConfirmPayment	1612374910707	1612374913421	OK	 
USER	GeneralAdmission1	END	1612374913422
USER	GeneralAdmission1	END	1612374913424
REQUEST		ConfirmPayment	1612374910202	1612374913516	OK	 
REQUEST		ConfirmPayment	1612374910232	1612374913517	OK	 
USER	GeneralAdmission1	END	1612374913522
USER	GeneralAdmission1	END	1612374913522
REQUEST		ConfirmPayment	1612374910292	1612374913749	OK	 
REQUEST		ConfirmPayment	1612374910932	1612374913752	OK	 
USER	GeneralAdmission1	END	1612374913753
USER	GeneralAdmission1	END	1612374913756
REQUEST		ConfirmPayment	1612374911070	1612374913837	OK	 
REQUEST		ConfirmPayment	1612374910703	1612374913837	OK	 
USER	GeneralAdmission1	END	1612374913843
USER	GeneralAdmission1	END	1612374913843
REQUEST		ConfirmPayment	1612374910948	1612374913844	OK	 
USER	GeneralAdmission1	END	1612374913850
REQUEST		ConfirmPayment	1612374910893	1612374913884	OK	 
REQUEST		ConfirmPayment	1612374910653	1612374913884	OK	 
USER	GeneralAdmission1	END	1612374913893
USER	GeneralAdmission1	END	1612374913893
REQUEST		ConfirmPayment	1612374910908	1612374913898	OK	 
REQUEST		ConfirmPayment	1612374910932	1612374913898	OK	 
REQUEST		ConfirmPayment	1612374910943	1612374913899	OK	 
USER	GeneralAdmission1	END	1612374913912
USER	GeneralAdmission1	END	1612374913912
USER	GeneralAdmission1	END	1612374913915
REQUEST		ConfirmPayment	1612374911216	1612374913987	OK	 
REQUEST		ConfirmPayment	1612374911216	1612374913987	OK	 
REQUEST		ConfirmPayment	1612374911201	1612374913988	OK	 
USER	GeneralAdmission1	END	1612374913998
USER	GeneralAdmission1	END	1612374913998
USER	GeneralAdmission1	END	1612374913998
REQUEST		ConfirmPayment	1612374911714	1612374914061	OK	 
REQUEST		ConfirmPayment	1612374911217	1612374914065	OK	 
REQUEST		ConfirmPayment	1612374911217	1612374914065	OK	 
USER	GeneralAdmission1	END	1612374914065
USER	GeneralAdmission1	END	1612374914075
USER	GeneralAdmission1	END	1612374914075
REQUEST		ConfirmPayment	1612374910902	1612374914075	OK	 
REQUEST		ConfirmPayment	1612374910908	1612374914079	OK	 
REQUEST		ConfirmPayment	1612374911708	1612374914080	OK	 
USER	GeneralAdmission1	END	1612374914080
USER	GeneralAdmission1	END	1612374914088
USER	GeneralAdmission1	END	1612374914088
REQUEST		ConfirmPayment	1612374912232	1612374914187	OK	 
REQUEST		ConfirmPayment	1612374910925	1612374914191	OK	 
USER	GeneralAdmission1	END	1612374914192
USER	GeneralAdmission1	END	1612374914195
REQUEST		ConfirmPayment	1612374911712	1612374914278	OK	 
REQUEST		ConfirmPayment	1612374910933	1612374914281	OK	 
USER	GeneralAdmission1	END	1612374914282
REQUEST		ConfirmPayment	1612374911714	1612374914283	OK	 
USER	GeneralAdmission1	END	1612374914284
USER	GeneralAdmission1	END	1612374914287
REQUEST		ConfirmPayment	1612374912219	1612374914295	OK	 
USER	GeneralAdmission1	END	1612374914298
REQUEST		ConfirmPayment	1612374911712	1612374914304	OK	 
USER	GeneralAdmission1	END	1612374914308
REQUEST		ConfirmPayment	1612374912232	1612374914316	OK	 
REQUEST		ConfirmPayment	1612374912278	1612374914317	OK	 
REQUEST		ConfirmPayment	1612374912248	1612374914323	OK	 
REQUEST		ConfirmPayment	1612374912253	1612374914322	OK	 
USER	GeneralAdmission1	END	1612374914323
REQUEST		ConfirmPayment	1612374912296	1612374914350	OK	 
USER	GeneralAdmission1	END	1612374914323
USER	GeneralAdmission1	END	1612374914342
REQUEST		ConfirmPayment	1612374912271	1612374914361	OK	 
REQUEST		ConfirmPayment	1612374912371	1612374914371	OK	 
USER	GeneralAdmission1	END	1612374914348
REQUEST		ConfirmPayment	1612374912278	1612374914371	OK	 
REQUEST		ConfirmPayment	1612374912296	1612374914371	OK	 
REQUEST		ConfirmPayment	1612374912279	1612374914371	OK	 
REQUEST		ConfirmPayment	1612374912315	1612374914371	OK	 
USER	GeneralAdmission1	END	1612374914359
USER	GeneralAdmission1	END	1612374914375
REQUEST		ConfirmPayment	1612374912280	1612374914389	OK	 
USER	GeneralAdmission1	END	1612374914390
REQUEST		ConfirmPayment	1612374912353	1612374914403	OK	 
REQUEST		ConfirmPayment	1612374912248	1612374914403	OK	 
REQUEST		ConfirmPayment	1612374912356	1612374914414	OK	 
USER	GeneralAdmission1	END	1612374914391
USER	GeneralAdmission1	END	1612374914391
REQUEST		ConfirmPayment	1612374912329	1612374914404	OK	 
REQUEST		ConfirmPayment	1612374912399	1612374914404	OK	 
REQUEST		ConfirmPayment	1612374912456	1612374914405	OK	 
REQUEST		ConfirmPayment	1612374912316	1612374914408	OK	 
REQUEST		ConfirmPayment	1612374912368	1612374914413	OK	 
USER	GeneralAdmission1	END	1612374914392
REQUEST		ConfirmPayment	1612374912372	1612374914449	OK	 
USER	GeneralAdmission1	END	1612374914393
USER	GeneralAdmission1	END	1612374914405
REQUEST		ConfirmPayment	1612374912310	1612374914453	OK	 
REQUEST		ConfirmPayment	1612374912399	1612374914452	OK	 
REQUEST		ConfirmPayment	1612374912398	1612374914453	OK	 
USER	GeneralAdmission1	END	1612374914412
USER	GeneralAdmission1	END	1612374914430
USER	GeneralAdmission1	END	1612374914440
REQUEST		ConfirmPayment	1612374912334	1612374914462	OK	 
REQUEST		ConfirmPayment	1612374912334	1612374914466	OK	 
USER	GeneralAdmission1	END	1612374914440
USER	GeneralAdmission1	END	1612374914449
USER	GeneralAdmission1	END	1612374914449
REQUEST		ConfirmPayment	1612374912340	1612374914466	OK	 
USER	GeneralAdmission1	END	1612374914453
USER	GeneralAdmission1	END	1612374914453
REQUEST		ConfirmPayment	1612374912381	1612374914481	OK	 
USER	GeneralAdmission1	END	1612374914455
USER	GeneralAdmission1	END	1612374914463
USER	GeneralAdmission1	END	1612374914463
USER	GeneralAdmission1	END	1612374914464
USER	GeneralAdmission1	END	1612374914470
USER	GeneralAdmission1	END	1612374914478
USER	GeneralAdmission1	END	1612374914482
USER	GeneralAdmission1	END	1612374914485
REQUEST		ConfirmPayment	1612374912487	1612374914490	OK	 
USER	GeneralAdmission1	END	1612374914495
REQUEST		ConfirmPayment	1612374912296	1612374914756	OK	 
USER	GeneralAdmission1	END	1612374914760
REQUEST		ConfirmPayment	1612374912360	1612374914927	OK	 
USER	GeneralAdmission1	END	1612374914930
