RUN	GeneralAdmission1	generaladmission1	1612441123540	 	3.5.0
USER	GeneralAdmission1	START	1612441125182
USER	GeneralAdmission1	START	1612441125182
USER	GeneralAdmission1	START	1612441125182
USER	GeneralAdmission1	START	1612441125191
USER	GeneralAdmission1	START	1612441125224
USER	GeneralAdmission1	START	1612441125222
USER	GeneralAdmission1	START	1612441125182
USER	GeneralAdmission1	START	1612441125183
USER	GeneralAdmission1	START	1612441125317
USER	GeneralAdmission1	START	1612441125321
USER	GeneralAdmission1	START	1612441125319
USER	GeneralAdmission1	START	1612441125322
USER	GeneralAdmission1	START	1612441125322
USER	GeneralAdmission1	START	1612441125322
USER	GeneralAdmission1	START	1612441125325
USER	GeneralAdmission1	START	1612441125324
USER	GeneralAdmission1	START	1612441125333
USER	GeneralAdmission1	START	1612441125339
USER	GeneralAdmission1	START	1612441125336
USER	GeneralAdmission1	START	1612441125335
USER	GeneralAdmission1	START	1612441125338
USER	GeneralAdmission1	START	1612441125341
USER	GeneralAdmission1	START	1612441125345
USER	GeneralAdmission1	START	1612441125348
USER	GeneralAdmission1	START	1612441125349
USER	GeneralAdmission1	START	1612441125350
USER	GeneralAdmission1	START	1612441125352
USER	GeneralAdmission1	START	1612441125352
USER	GeneralAdmission1	START	1612441125354
USER	GeneralAdmission1	START	1612441125368
USER	GeneralAdmission1	START	1612441125357
USER	GeneralAdmission1	START	1612441125366
USER	GeneralAdmission1	START	1612441125366
USER	GeneralAdmission1	START	1612441125360
USER	GeneralAdmission1	START	1612441125364
USER	GeneralAdmission1	START	1612441125372
USER	GeneralAdmission1	START	1612441125369
USER	GeneralAdmission1	START	1612441125381
USER	GeneralAdmission1	START	1612441125378
USER	GeneralAdmission1	START	1612441125382
USER	GeneralAdmission1	START	1612441125382
USER	GeneralAdmission1	START	1612441125384
USER	GeneralAdmission1	START	1612441125384
USER	GeneralAdmission1	START	1612441125387
USER	GeneralAdmission1	START	1612441125390
USER	GeneralAdmission1	START	1612441125392
USER	GeneralAdmission1	START	1612441125390
USER	GeneralAdmission1	START	1612441125393
USER	GeneralAdmission1	START	1612441125397
USER	GeneralAdmission1	START	1612441125400
USER	GeneralAdmission1	START	1612441125402
USER	GeneralAdmission1	START	1612441125397
USER	GeneralAdmission1	START	1612441125407
USER	GeneralAdmission1	START	1612441125406
USER	GeneralAdmission1	START	1612441125405
USER	GeneralAdmission1	START	1612441125422
USER	GeneralAdmission1	START	1612441125409
USER	GeneralAdmission1	START	1612441125417
USER	GeneralAdmission1	START	1612441125413
USER	GeneralAdmission1	START	1612441125420
USER	GeneralAdmission1	START	1612441125418
USER	GeneralAdmission1	START	1612441125422
USER	GeneralAdmission1	START	1612441125420
USER	GeneralAdmission1	START	1612441125431
USER	GeneralAdmission1	START	1612441125446
USER	GeneralAdmission1	START	1612441125438
USER	GeneralAdmission1	START	1612441125436
USER	GeneralAdmission1	START	1612441125440
USER	GeneralAdmission1	START	1612441125435
USER	GeneralAdmission1	START	1612441125449
USER	GeneralAdmission1	START	1612441125447
USER	GeneralAdmission1	START	1612441125445
USER	GeneralAdmission1	START	1612441125456
USER	GeneralAdmission1	START	1612441125464
USER	GeneralAdmission1	START	1612441125456
USER	GeneralAdmission1	START	1612441125464
USER	GeneralAdmission1	START	1612441125466
USER	GeneralAdmission1	START	1612441125468
USER	GeneralAdmission1	START	1612441125469
USER	GeneralAdmission1	START	1612441125458
USER	GeneralAdmission1	START	1612441125481
USER	GeneralAdmission1	START	1612441125483
USER	GeneralAdmission1	START	1612441125486
USER	GeneralAdmission1	START	1612441125486
USER	GeneralAdmission1	START	1612441125482
USER	GeneralAdmission1	START	1612441125484
USER	GeneralAdmission1	START	1612441125497
USER	GeneralAdmission1	START	1612441125490
USER	GeneralAdmission1	START	1612441125488
USER	GeneralAdmission1	START	1612441125505
USER	GeneralAdmission1	START	1612441125506
USER	GeneralAdmission1	START	1612441125500
USER	GeneralAdmission1	START	1612441125509
USER	GeneralAdmission1	START	1612441125508
USER	GeneralAdmission1	START	1612441125513
USER	GeneralAdmission1	START	1612441125529
USER	GeneralAdmission1	START	1612441125524
USER	GeneralAdmission1	START	1612441125535
USER	GeneralAdmission1	START	1612441125540
USER	GeneralAdmission1	START	1612441125555
REQUEST		GetToken	1612441125473	1612441126519	OK	 
REQUEST		GetToken	1612441125542	1612441126534	OK	 
REQUEST		GetToken	1612441125415	1612441126516	OK	 
REQUEST		GetToken	1612441125406	1612441126786	OK	 
REQUEST		GetToken	1612441125329	1612441126868	OK	 
REQUEST		GetToken	1612441125442	1612441126868	OK	 
REQUEST		GetToken	1612441125449	1612441126880	OK	 
REQUEST		GetToken	1612441125459	1612441126882	OK	 
REQUEST		GetToken	1612441125467	1612441126882	OK	 
REQUEST		GetToken	1612441125475	1612441126896	OK	 
REQUEST		GetToken	1612441125342	1612441127001	OK	 
REQUEST		GetToken	1612441125236	1612441127028	OK	 
REQUEST		GetToken	1612441125381	1612441127030	OK	 
REQUEST		GetToken	1612441125325	1612441127041	OK	 
REQUEST		GetToken	1612441125347	1612441127058	OK	 
REQUEST		GetToken	1612441125236	1612441127697	OK	 
REQUEST		GetToken	1612441125235	1612441127699	OK	 
REQUEST		GetToken	1612441125236	1612441127700	OK	 
REQUEST		GetToken	1612441125366	1612441127713	OK	 
REQUEST		GetToken	1612441125431	1612441127716	OK	 
REQUEST		GetToken	1612441125386	1612441127769	OK	 
REQUEST		GetToken	1612441125493	1612441127762	OK	 
REQUEST		GetToken	1612441125414	1612441127770	OK	 
REQUEST		GetToken	1612441125441	1612441127771	OK	 
REQUEST		GetToken	1612441125516	1612441127772	OK	 
REQUEST		GetToken	1612441125237	1612441127771	OK	 
REQUEST		GetToken	1612441125374	1612441127775	OK	 
REQUEST		GetToken	1612441125360	1612441127806	OK	 
REQUEST		GetToken	1612441125324	1612441127817	OK	 
REQUEST		GetToken	1612441125325	1612441127809	OK	 
REQUEST		GetToken	1612441125235	1612441127807	OK	 
REQUEST		GetToken	1612441125400	1612441127811	OK	 
REQUEST		GetToken	1612441125357	1612441127815	OK	 
REQUEST		GetToken	1612441125340	1612441127849	OK	 
REQUEST		GetToken	1612441125341	1612441127850	OK	 
REQUEST		GetToken	1612441125403	1612441127846	OK	 
REQUEST		GetToken	1612441125393	1612441127848	OK	 
REQUEST		GetToken	1612441125330	1612441127853	OK	 
REQUEST		GetToken	1612441125370	1612441127854	OK	 
REQUEST		GetToken	1612441125385	1612441127875	OK	 
REQUEST		GetToken	1612441125350	1612441127896	OK	 
REQUEST		GetToken	1612441125471	1612441127891	OK	 
REQUEST		GetToken	1612441125358	1612441127890	OK	 
REQUEST		GetToken	1612441125451	1612441127893	OK	 
REQUEST		GetToken	1612441125387	1612441127898	OK	 
REQUEST		GetToken	1612441125400	1612441127909	OK	 
REQUEST		GetToken	1612441125451	1612441127934	OK	 
REQUEST		GetToken	1612441125521	1612441127938	OK	 
REQUEST		GetToken	1612441125399	1612441127939	OK	 
REQUEST		GetToken	1612441125403	1612441127957	OK	 
REQUEST		GetToken	1612441125433	1612441127952	OK	 
REQUEST		GetToken	1612441125237	1612441127953	OK	 
REQUEST		GetToken	1612441125500	1612441127957	OK	 
REQUEST		GetToken	1612441125538	1612441127978	OK	 
REQUEST		GetToken	1612441125385	1612441127980	OK	 
REQUEST		GetToken	1612441125421	1612441127984	OK	 
REQUEST		GetToken	1612441125367	1612441127994	OK	 
REQUEST		GetToken	1612441125453	1612441127991	OK	 
REQUEST		GetToken	1612441125407	1612441127994	OK	 
REQUEST		GetToken	1612441125424	1612441128012	OK	 
REQUEST		GetToken	1612441125401	1612441128018	OK	 
REQUEST		GetToken	1612441125490	1612441128026	OK	 
REQUEST		GetToken	1612441125453	1612441128023	OK	 
REQUEST		GetToken	1612441125332	1612441128050	OK	 
REQUEST		GetToken	1612441125495	1612441128055	OK	 
REQUEST		GetToken	1612441125514	1612441128058	OK	 
REQUEST		GetToken	1612441125331	1612441128064	OK	 
REQUEST		GetToken	1612441125474	1612441128073	OK	 
REQUEST		GetToken	1612441125518	1612441128066	OK	 
REQUEST		GetToken	1612441125388	1612441128092	OK	 
REQUEST		GetToken	1612441125340	1612441128099	OK	 
REQUEST		GetToken	1612441125355	1612441128100	OK	 
REQUEST		GetToken	1612441125520	1612441128096	OK	 
REQUEST		GetToken	1612441125419	1612441128107	OK	 
REQUEST		GetToken	1612441125531	1612441128131	OK	 
REQUEST		GetToken	1612441125492	1612441128129	OK	 
REQUEST		GetToken	1612441125374	1612441128133	OK	 
REQUEST		GetToken	1612441125356	1612441128132	OK	 
REQUEST		GetToken	1612441125354	1612441128156	OK	 
REQUEST		GetToken	1612441125416	1612441128157	OK	 
REQUEST		GetToken	1612441125373	1612441128173	OK	 
REQUEST		GetToken	1612441125470	1612441128174	OK	 
REQUEST		GetToken	1612441125388	1612441128186	OK	 
REQUEST		GetToken	1612441125430	1612441128187	OK	 
REQUEST		GetToken	1612441125473	1612441128194	OK	 
REQUEST		GetToken	1612441125501	1612441128202	OK	 
REQUEST		GetToken	1612441125556	1612441128207	OK	 
REQUEST		GetToken	1612441125477	1612441128216	OK	 
REQUEST		GetToken	1612441125488	1612441128218	OK	 
REQUEST		GetToken	1612441125499	1612441128222	OK	 
REQUEST		GetToken	1612441125237	1612441128225	OK	 
REQUEST		GetToken	1612441125334	1612441128240	OK	 
REQUEST		GetToken	1612441125505	1612441128239	OK	 
REQUEST		GetToken	1612441125535	1612441128253	OK	 
REQUEST		GetToken	1612441125353	1612441128253	OK	 
REQUEST		GetToken	1612441125448	1612441128265	OK	 
REQUEST		GetToken	1612441125370	1612441128265	OK	 
REQUEST		GetToken	1612441125428	1612441128296	OK	 
REQUEST		GetToken	1612441125433	1612441128301	OK	 
REQUEST		GetToken	1612441125521	1612441128303	OK	 
REQUEST		AddToCart	1612441131667	1612441131780	OK	 
REQUEST		AddToCart	1612441131668	1612441131784	OK	 
REQUEST		AddToCart	1612441131668	1612441131784	OK	 
REQUEST		AddToCart	1612441131812	1612441131875	OK	 
REQUEST		AddToCart	1612441131891	1612441131989	OK	 
REQUEST		AddToCart	1612441131891	1612441131989	OK	 
REQUEST		AddToCart	1612441131906	1612441132019	OK	 
REQUEST		AddToCart	1612441131907	1612441132019	OK	 
REQUEST		AddToCart	1612441131907	1612441132021	OK	 
REQUEST		AddToCart	1612441131893	1612441132022	OK	 
REQUEST		AddToCart	1612441132044	1612441132180	OK	 
REQUEST		AddToCart	1612441132044	1612441132180	OK	 
REQUEST		AddToCart	1612441132076	1612441132181	OK	 
REQUEST		AddToCart	1612441132046	1612441132185	OK	 
REQUEST		AddToCart	1612441132015	1612441132187	OK	 
REQUEST		AddToCart	1612441132716	1612441132796	OK	 
REQUEST		AddToCart	1612441132715	1612441132826	OK	 
REQUEST		AddToCart	1612441132733	1612441132834	OK	 
REQUEST		AddToCart	1612441132732	1612441132873	OK	 
REQUEST		AddToCart	1612441132735	1612441132877	OK	 
REQUEST		AddToCart	1612441132794	1612441132951	OK	 
REQUEST		AddToCart	1612441132794	1612441133121	OK	 
REQUEST		AddToCart	1612441132794	1612441133167	OK	 
REQUEST		AddToCart	1612441132812	1612441133212	OK	 
REQUEST		AddToCart	1612441132812	1612441133263	OK	 
REQUEST		AddToCart	1612441132812	1612441133265	OK	 
REQUEST		AddToCart	1612441132843	1612441133666	OK	 
REQUEST		AddToCart	1612441132837	1612441133671	OK	 
REQUEST		AddToCart	1612441132889	1612441133710	OK	 
REQUEST		AddToCart	1612441132933	1612441133715	OK	 
REQUEST		AddToCart	1612441132889	1612441133715	OK	 
REQUEST		AddToCart	1612441132932	1612441133714	OK	 
REQUEST		AddToCart	1612441132889	1612441133719	OK	 
REQUEST		AddToCart	1612441132876	1612441133723	OK	 
REQUEST		AddToCart	1612441132932	1612441133723	OK	 
REQUEST		AddToCart	1612441132889	1612441133726	OK	 
REQUEST		AddToCart	1612441132932	1612441133739	OK	 
REQUEST		AddToCart	1612441132965	1612441133820	OK	 
REQUEST		AddToCart	1612441132965	1612441133822	OK	 
REQUEST		AddToCart	1612441132933	1612441133822	OK	 
REQUEST		AddToCart	1612441133135	1612441133832	OK	 
REQUEST		AddToCart	1612441133057	1612441133832	OK	 
REQUEST		AddToCart	1612441132981	1612441133833	OK	 
REQUEST		AddToCart	1612441132980	1612441133843	OK	 
REQUEST		AddToCart	1612441132933	1612441133843	OK	 
REQUEST		AddToCart	1612441133087	1612441133843	OK	 
REQUEST		AddToCart	1612441132981	1612441133849	OK	 
REQUEST		AddToCart	1612441132980	1612441133857	OK	 
REQUEST		AddToCart	1612441132981	1612441133857	OK	 
REQUEST		AddToCart	1612441132812	1612441133898	OK	 
REQUEST		AddToCart	1612441133165	1612441133902	OK	 
REQUEST		AddToCart	1612441132843	1612441133915	OK	 
REQUEST		AddToCart	1612441132843	1612441133915	OK	 
REQUEST		AddToCart	1612441133009	1612441133925	OK	 
REQUEST		AddToCart	1612441133008	1612441133925	OK	 
REQUEST		AddToCart	1612441133009	1612441133933	OK	 
REQUEST		AddToCart	1612441132873	1612441133942	OK	 
REQUEST		AddToCart	1612441132843	1612441133948	OK	 
REQUEST		AddToCart	1612441133026	1612441133961	OK	 
REQUEST		AddToCart	1612441132858	1612441133979	OK	 
REQUEST		AddToCart	1612441132843	1612441133989	OK	 
REQUEST		AddToCart	1612441133026	1612441133989	OK	 
REQUEST		AddToCart	1612441133026	1612441133993	OK	 
REQUEST		AddToCart	1612441133041	1612441134021	OK	 
REQUEST		AddToCart	1612441133057	1612441134196	OK	 
REQUEST		AddToCart	1612441133057	1612441134242	OK	 
REQUEST		AddToCart	1612441133088	1612441134251	OK	 
REQUEST		AddToCart	1612441133087	1612441134277	OK	 
REQUEST		AddToCart	1612441133087	1612441134278	OK	 
REQUEST		AddToCart	1612441133105	1612441134282	OK	 
REQUEST		AddToCart	1612441133105	1612441134313	OK	 
REQUEST		AddToCart	1612441133120	1612441134315	OK	 
REQUEST		AddToCart	1612441133321	1612441134314	OK	 
REQUEST		AddToCart	1612441133198	1612441134317	OK	 
REQUEST		AddToCart	1612441133135	1612441134316	OK	 
REQUEST		AddToCart	1612441133182	1612441134323	OK	 
REQUEST		AddToCart	1612441133135	1612441134324	OK	 
REQUEST		AddToCart	1612441133242	1612441134350	OK	 
REQUEST		AddToCart	1612441133242	1612441134353	OK	 
REQUEST		AddToCart	1612441133123	1612441134360	OK	 
REQUEST		AddToCart	1612441133321	1612441134423	OK	 
REQUEST		AddToCart	1612441133303	1612441134423	OK	 
REQUEST		AddToCart	1612441133226	1612441134467	OK	 
REQUEST		AddToCart	1612441133150	1612441134472	OK	 
REQUEST		AddToCart	1612441133165	1612441134474	OK	 
REQUEST		AddToCart	1612441133243	1612441134476	OK	 
REQUEST		AddToCart	1612441133197	1612441134476	OK	 
REQUEST		AddToCart	1612441133182	1612441134478	OK	 
REQUEST		AddToCart	1612441133259	1612441134483	OK	 
REQUEST		AddToCart	1612441133243	1612441134483	OK	 
REQUEST		AddToCart	1612441133212	1612441134489	OK	 
REQUEST		AddToCart	1612441133274	1612441134489	OK	 
REQUEST		AddToCart	1612441133259	1612441134492	OK	 
REQUEST		AddToCart	1612441133197	1612441134497	OK	 
REQUEST		AddToCart	1612441133197	1612441134497	OK	 
REQUEST		AddToCart	1612441133274	1612441134498	OK	 
REQUEST		AddToCart	1612441133261	1612441134498	OK	 
REQUEST		AddToCart	1612441133213	1612441134502	OK	 
REQUEST		AddToCart	1612441133165	1612441134506	OK	 
REQUEST		AddToCart	1612441133275	1612441134506	OK	 
REQUEST		AddToCart2	1612441134795	1612441134880	OK	 
REQUEST		AddToCart2	1612441134794	1612441134881	OK	 
REQUEST		AddToCart2	1612441134795	1612441134884	OK	 
REQUEST		AddToCart2	1612441134882	1612441134953	OK	 
REQUEST		AddToCart2	1612441134996	1612441135066	OK	 
REQUEST		AddToCart2	1612441134996	1612441135078	OK	 
REQUEST		AddToCart2	1612441135028	1612441135119	OK	 
REQUEST		AddToCart2	1612441135027	1612441135120	OK	 
REQUEST		AddToCart2	1612441135028	1612441135122	OK	 
REQUEST		AddToCart2	1612441135030	1612441135135	OK	 
REQUEST		AddToCart2	1612441135200	1612441135375	OK	 
REQUEST		AddToCart2	1612441135200	1612441135375	OK	 
REQUEST		AddToCart2	1612441135199	1612441135376	OK	 
REQUEST		AddToCart2	1612441135202	1612441135379	OK	 
REQUEST		AddToCart2	1612441135205	1612441135381	OK	 
REQUEST		AddToCart2	1612441135811	1612441135872	OK	 
REQUEST		AddToCart2	1612441135843	1612441135923	OK	 
REQUEST		AddToCart2	1612441135843	1612441135930	OK	 
REQUEST		AddToCart2	1612441135890	1612441135956	OK	 
REQUEST		AddToCart2	1612441135892	1612441135958	OK	 
REQUEST		AddToCart2	1612441135972	1612441136032	OK	 
REQUEST		AddToCart2	1612441136139	1612441136210	OK	 
REQUEST		AddToCart2	1612441136170	1612441136235	OK	 
REQUEST		AddToCart2	1612441136217	1612441136278	OK	 
REQUEST		AddToCart2	1612441136280	1612441136345	OK	 
REQUEST		AddToCart2	1612441136280	1612441136347	OK	 
REQUEST		AddToCart2	1612441136680	1612441136731	OK	 
REQUEST		AddToCart2	1612441136681	1612441136755	OK	 
REQUEST		AddToCart2	1612441136726	1612441136873	OK	 
REQUEST		AddToCart2	1612441136727	1612441136895	OK	 
REQUEST		AddToCart2	1612441136727	1612441136900	OK	 
REQUEST		AddToCart2	1612441136728	1612441136971	OK	 
REQUEST		AddToCart2	1612441136728	1612441136979	OK	 
REQUEST		AddToCart2	1612441136730	1612441136993	OK	 
REQUEST		AddToCart2	1612441136729	1612441136993	OK	 
REQUEST		AddToCart2	1612441136730	1612441137040	OK	 
REQUEST		AddToCart2	1612441136744	1612441137054	OK	 
REQUEST		AddToCart2	1612441136834	1612441137271	OK	 
REQUEST		AddToCart2	1612441136835	1612441137319	OK	 
REQUEST		AddToCart2	1612441136837	1612441137595	OK	 
REQUEST		AddToCart2	1612441136835	1612441137597	OK	 
REQUEST		AddToCart2	1612441136853	1612441137597	OK	 
REQUEST		AddToCart2	1612441136868	1612441137597	OK	 
REQUEST		AddToCart2	1612441136868	1612441137597	OK	 
REQUEST		AddToCart2	1612441136852	1612441137597	OK	 
REQUEST		AddToCart2	1612441136868	1612441137598	OK	 
REQUEST		AddToCart2	1612441136931	1612441137603	OK	 
REQUEST		AddToCart2	1612441136931	1612441137605	OK	 
REQUEST		AddToCart2	1612441136947	1612441137604	OK	 
REQUEST		AddToCart2	1612441136868	1612441137606	OK	 
REQUEST		AddToCart2	1612441136931	1612441137608	OK	 
REQUEST		AddToCart2	1612441137009	1612441137607	OK	 
REQUEST		AddToCart2	1612441137009	1612441137607	OK	 
REQUEST		AddToCart2	1612441136993	1612441137616	OK	 
REQUEST		AddToCart2	1612441137038	1612441137616	OK	 
REQUEST		AddToCart2	1612441136914	1612441137616	OK	 
REQUEST		AddToCart2	1612441137009	1612441137616	OK	 
REQUEST		AddToCart2	1612441136947	1612441137617	OK	 
REQUEST		AddToCart2	1612441136962	1612441137617	OK	 
REQUEST		AddToCart2	1612441136916	1612441137623	OK	 
REQUEST		AddToCart2	1612441136855	1612441137623	OK	 
REQUEST		AddToCart2	1612441136979	1612441137626	OK	 
REQUEST		AddToCart2	1612441136931	1612441137627	OK	 
REQUEST		AddToCart2	1612441136853	1612441137632	OK	 
REQUEST		AddToCart2	1612441137207	1612441137697	OK	 
REQUEST		AddToCart2	1612441137254	1612441137715	OK	 
REQUEST		AddToCart2	1612441137271	1612441137725	OK	 
REQUEST		AddToCart2	1612441137288	1612441137784	OK	 
REQUEST		AddToCart2	1612441137334	1612441137885	OK	 
REQUEST		AddToCart2	1612441137334	1612441137892	OK	 
REQUEST		AddToCart2	1612441137333	1612441137893	OK	 
REQUEST		AddToCart2	1612441137334	1612441137893	OK	 
REQUEST		AddToCart2	1612441137288	1612441137910	OK	 
REQUEST		AddToCart2	1612441137336	1612441137924	OK	 
REQUEST		AddToCart2	1612441137336	1612441137942	OK	 
REQUEST		AddToCart2	1612441137302	1612441137943	OK	 
REQUEST		AddToCart2	1612441137363	1612441138048	OK	 
REQUEST		AddToCart2	1612441137362	1612441138048	OK	 
REQUEST		AddToCart2	1612441137333	1612441138048	OK	 
REQUEST		AddToCart2	1612441137506	1612441138197	OK	 
REQUEST		AddToCart2	1612441137491	1612441138203	OK	 
REQUEST		AddToCart2	1612441137490	1612441138203	OK	 
REQUEST		AddToCart2	1612441137441	1612441138205	OK	 
REQUEST		AddToCart2	1612441137490	1612441138222	OK	 
REQUEST		AddToCart2	1612441137490	1612441138223	OK	 
REQUEST		AddToCart2	1612441137471	1612441138225	OK	 
REQUEST		AddToCart2	1612441137380	1612441138225	OK	 
REQUEST		AddToCart2	1612441137440	1612441138229	OK	 
REQUEST		AddToCart2	1612441137491	1612441138231	OK	 
REQUEST		AddToCart2	1612441137490	1612441138232	OK	 
REQUEST		AddToCart2	1612441137506	1612441138241	OK	 
REQUEST		AddToCart2	1612441137493	1612441138241	OK	 
REQUEST		AddToCart2	1612441137509	1612441138241	OK	 
REQUEST		AddToCart2	1612441137520	1612441138240	OK	 
REQUEST		AddToCart2	1612441137508	1612441138245	OK	 
REQUEST		AddToCart2	1612441137492	1612441138245	OK	 
REQUEST		AddToCart2	1612441137506	1612441138247	OK	 
REQUEST		AddToCart2	1612441137508	1612441138252	OK	 
REQUEST		AddToCart2	1612441137510	1612441138254	OK	 
REQUEST		AddToCart2	1612441137509	1612441138255	OK	 
REQUEST		CreateGeneral	1612441138905	1612441139103	OK	 
REQUEST		CreateGeneral	1612441138965	1612441139170	OK	 
REQUEST		CreateGeneral	1612441138905	1612441139170	OK	 
REQUEST		CreateGeneral	1612441139091	1612441139333	OK	 
REQUEST		CreateGeneral	1612441139092	1612441139333	OK	 
REQUEST		CreateGeneral	1612441139137	1612441139342	OK	 
REQUEST		CreateGeneral	1612441139154	1612441139387	OK	 
REQUEST		CreateGeneral	1612441139138	1612441139437	OK	 
REQUEST		CreateGeneral	1612441138905	1612441139657	OK	 
REQUEST		CreateGeneral	1612441139403	1612441139669	OK	 
REQUEST		CreateGeneral	1612441139404	1612441139675	OK	 
REQUEST		CreateGeneral	1612441139407	1612441139678	OK	 
REQUEST		CreateGeneral	1612441139404	1612441139694	OK	 
REQUEST		CreateGeneral	1612441139405	1612441139750	OK	 
REQUEST		CreateGeneral	1612441140052	1612441140374	OK	 
REQUEST		CreateGeneral	1612441139944	1612441140395	OK	 
REQUEST		CreateGeneral	1612441139977	1612441140399	OK	 
REQUEST		CreateGeneral	1612441139975	1612441140428	OK	 
REQUEST		CreateGeneral	1612441139138	1612441140461	OK	 
REQUEST		CreateGeneral	1612441140223	1612441140469	OK	 
REQUEST		CreateGeneral	1612441139944	1612441140487	OK	 
REQUEST		CreateGeneral	1612441140255	1612441140518	OK	 
REQUEST		CreateGeneral	1612441140299	1612441140535	OK	 
REQUEST		CreateGeneral	1612441140363	1612441140560	OK	 
REQUEST		CreateGeneral	1612441140362	1612441140575	OK	 
REQUEST		CreateGeneral	1612441140750	1612441141053	OK	 
REQUEST		CreateGeneral	1612441140893	1612441141176	OK	 
REQUEST		CreateGeneral	1612441140909	1612441141231	OK	 
REQUEST		CreateGeneral	1612441140987	1612441141239	OK	 
REQUEST		CreateGeneral	1612441141003	1612441141251	OK	 
REQUEST		CreateGeneral	1612441141005	1612441141255	OK	 
REQUEST		CreateGeneral	1612441140910	1612441141362	OK	 
REQUEST		CreateGeneral	1612441141020	1612441141362	OK	 
REQUEST		CreateGeneral	1612441141048	1612441141362	OK	 
REQUEST		CreateGeneral	1612441141067	1612441141381	OK	 
REQUEST		CreateGeneral	1612441141281	1612441141527	OK	 
REQUEST		CreateGeneral	1612441141327	1612441141528	OK	 
REQUEST		CreateGeneral	1612441140767	1612441141563	OK	 
REQUEST		CreateGeneral	1612441141605	1612441141906	OK	 
REQUEST		CreateGeneral	1612441141623	1612441141910	OK	 
REQUEST		CreateGeneral	1612441141623	1612441141927	OK	 
REQUEST		CreateGeneral	1612441141624	1612441141943	OK	 
REQUEST		CreateGeneral	1612441141622	1612441141960	OK	 
REQUEST		CreateGeneral	1612441141639	1612441142093	OK	 
REQUEST		CreateGeneral	1612441141624	1612441142096	OK	 
REQUEST		CreateGeneral	1612441141624	1612441142162	OK	 
REQUEST		CreateGeneral	1612441141639	1612441142166	OK	 
REQUEST		CreateGeneral	1612441141639	1612441142166	OK	 
REQUEST		CreateGeneral	1612441141639	1612441142200	OK	 
REQUEST		CreateGeneral	1612441141653	1612441142204	KO	status.find.is(200), but actually found 400
REQUEST		CreateGeneral	1612441141649	1612441142212	KO	status.find.is(200), but actually found 400
REQUEST		CreateGeneral	1612441141640	1612441142240	OK	 
REQUEST		CreateGeneral	1612441141642	1612441142250	OK	 
REQUEST		CreateGeneral	1612441141641	1612441142298	OK	 
REQUEST		CreateGeneral	1612441141646	1612441142317	OK	 
REQUEST		CreateGeneral	1612441141903	1612441142385	KO	status.find.is(200), but actually found 400
REQUEST		CreateGeneral	1612441141646	1612441142462	OK	 
REQUEST		CreateGeneral	1612441141647	1612441142505	OK	 
REQUEST		CreateGeneral	1612441141644	1612441142507	OK	 
REQUEST		CreateGeneral	1612441141644	1612441142556	OK	 
REQUEST		CreateGeneral	1612441141641	1612441142600	OK	 
REQUEST		CreateGeneral	1612441141641	1612441142607	OK	 
REQUEST		CreateGeneral	1612441141643	1612441142607	OK	 
REQUEST		CreateGeneral	1612441141732	1612441142704	OK	 
REQUEST		CreateGeneral	1612441141714	1612441142776	OK	 
REQUEST		CreateGeneral	1612441141792	1612441142776	OK	 
REQUEST		CreateGeneral	1612441141650	1612441142784	OK	 
REQUEST		CreateGeneral	1612441141732	1612441142857	OK	 
REQUEST		CreateGeneral	1612441141904	1612441142942	OK	 
REQUEST		CreateGeneral	1612441141904	1612441143006	OK	 
REQUEST		CreateGeneral	1612441141904	1612441143174	OK	 
REQUEST		CreateGeneral	1612441141936	1612441143175	OK	 
REQUEST		CreateGeneral	1612441141967	1612441143178	OK	 
REQUEST		CreateGeneral	1612441141920	1612441143178	OK	 
REQUEST		CreateGeneral	1612441142056	1612441143182	OK	 
REQUEST		CreateGeneral	1612441142221	1612441143183	KO	status.find.is(200), but actually found 400
REQUEST		CreateGeneral	1612441141966	1612441143186	OK	 
REQUEST		CreateGeneral	1612441142074	1612441143186	OK	 
REQUEST		CreateGeneral	1612441142056	1612441143188	OK	 
REQUEST		CreateGeneral	1612441139899	1612441143193	OK	 
REQUEST		CreateGeneral	1612441142217	1612441143232	OK	 
REQUEST		CreateGeneral	1612441142213	1612441143232	OK	 
REQUEST		CreateGeneral	1612441142242	1612441143233	OK	 
REQUEST		CreateGeneral	1612441142219	1612441143237	OK	 
REQUEST		CreateGeneral	1612441142220	1612441143239	OK	 
REQUEST		CreateGeneral	1612441142248	1612441143256	OK	 
REQUEST		BookingDetails	1612441143112	1612441143281	OK	 
REQUEST		CreateGeneral	1612441142248	1612441143303	OK	 
REQUEST		BookingDetails	1612441143175	1612441143354	OK	 
REQUEST		BookingDetails	1612441143175	1612441143357	OK	 
REQUEST		CreateGeneral	1612441142264	1612441143358	OK	 
REQUEST		CreateGeneral	1612441142264	1612441143450	OK	 
REQUEST		CreateGeneral	1612441142264	1612441143450	OK	 
REQUEST		CreateGeneral	1612441142251	1612441143450	OK	 
REQUEST		CreateGeneral	1612441142264	1612441143455	KO	status.find.is(200), but actually found 400
REQUEST		CreateGeneral	1612441142250	1612441143455	OK	 
REQUEST		CreateGeneral	1612441142266	1612441143627	OK	 
REQUEST		CreateGeneral	1612441142267	1612441143633	OK	 
REQUEST		CreateGeneral	1612441142248	1612441143636	OK	 
REQUEST		BookingDetails	1612441143347	1612441143665	OK	 
REQUEST		CreateGeneral	1612441142387	1612441143690	OK	 
REQUEST		CreateGeneral	1612441142279	1612441143705	OK	 
REQUEST		CreateGeneral	1612441142265	1612441143707	OK	 
REQUEST		CreateGeneral	1612441142269	1612441143710	OK	 
REQUEST		BookingDetails	1612441143346	1612441143722	OK	 
REQUEST		BookingDetails	1612441143349	1612441143724	OK	 
REQUEST		CreateGeneral	1612441142268	1612441143731	OK	 
REQUEST		BookingDetails	1612441143393	1612441143736	OK	 
REQUEST		CreateGeneral	1612441143190	1612441143765	OK	 
REQUEST		BookingDetails	1612441143454	1612441143813	OK	 
REQUEST		ConfirmPayment	1612441143358	1612441143919	OK	 
REQUEST		ConfirmPayment	1612441143283	1612441143939	OK	 
REQUEST		ConfirmPayment	1612441143355	1612441143939	OK	 
REQUEST		BookingDetails	1612441143672	1612441144053	OK	 
REQUEST		BookingDetails	1612441143671	1612441144055	OK	 
REQUEST		BookingDetails	1612441143689	1612441144057	OK	 
REQUEST		CreateGeneral	1612441143457	1612441144069	OK	 
REQUEST		ConfirmPayment	1612441143667	1612441144094	OK	 
REQUEST		BookingDetails	1612441143704	1612441144094	OK	 
REQUEST		BookingDetails	1612441143690	1612441144097	OK	 
REQUEST		BookingDetails	1612441143765	1612441144100	OK	 
REQUEST		ConfirmPayment	1612441143723	1612441144121	OK	 
REQUEST		ConfirmPayment	1612441143725	1612441144123	OK	 
REQUEST		ConfirmPayment	1612441143815	1612441144123	OK	 
REQUEST		ConfirmPayment	1612441143737	1612441144125	OK	 
REQUEST		CreateGeneral	1612441142218	1612441144257	OK	 
REQUEST		ConfirmPayment	1612441144054	1612441144269	OK	 
REQUEST		ConfirmPayment	1612441144058	1612441144269	OK	 
REQUEST		ConfirmPayment	1612441144056	1612441144278	OK	 
REQUEST		CreateGeneral	1612441142247	1612441144300	OK	 
REQUEST		ConfirmPayment	1612441144097	1612441144309	OK	 
REQUEST		ConfirmPayment	1612441144099	1612441144318	OK	 
REQUEST		ConfirmPayment	1612441144102	1612441144351	OK	 
REQUEST		BookingDetails	1612441144382	1612441144442	OK	 
REQUEST		BookingDetails	1612441144412	1612441144476	OK	 
REQUEST		BookingDetails	1612441144413	1612441144495	OK	 
REQUEST		BookingDetails	1612441144444	1612441144502	OK	 
REQUEST		BookingDetails	1612441144474	1612441144580	OK	 
REQUEST		BookingDetails	1612441144475	1612441144589	OK	 
REQUEST		BookingDetails	1612441144507	1612441144806	OK	 
REQUEST		ConfirmPayment	1612441144504	1612441144849	OK	 
REQUEST		ConfirmPayment	1612441144497	1612441144853	OK	 
REQUEST		ConfirmPayment	1612441144446	1612441144853	OK	 
REQUEST		BookingDetails	1612441144570	1612441144853	OK	 
REQUEST		BookingDetails	1612441144537	1612441144872	OK	 
REQUEST		BookingDetails	1612441144554	1612441144872	OK	 
REQUEST		BookingDetails	1612441144587	1612441144906	OK	 
REQUEST		ConfirmPayment	1612441144582	1612441144909	OK	 
REQUEST		ConfirmPayment	1612441144590	1612441144909	OK	 
REQUEST		ConfirmPayment	1612441144807	1612441145017	OK	 
REQUEST		ConfirmPayment	1612441144856	1612441145040	OK	 
REQUEST		ConfirmPayment	1612441144874	1612441145065	OK	 
REQUEST		ConfirmPayment	1612441144907	1612441145077	OK	 
REQUEST		ConfirmPayment	1612441144874	1612441145101	OK	 
REQUEST		BookingDetails	1612441145070	1612441145135	OK	 
REQUEST		BookingDetails	1612441145191	1612441145256	OK	 
REQUEST		BookingDetails	1612441145239	1612441145325	OK	 
REQUEST		ConfirmPayment	1612441145136	1612441145325	OK	 
REQUEST		BookingDetails	1612441145255	1612441145339	OK	 
REQUEST		BookingDetails	1612441145271	1612441145354	OK	 
REQUEST		BookingDetails	1612441145272	1612441145359	OK	 
REQUEST		BookingDetails	1612441145393	1612441145464	OK	 
REQUEST		ConfirmPayment	1612441145257	1612441145472	OK	 
REQUEST		ConfirmPayment	1612441145327	1612441145524	OK	 
REQUEST		ConfirmPayment	1612441145341	1612441145626	OK	 
REQUEST		BookingDetails	1612441145394	1612441145656	OK	 
REQUEST		BookingDetails	1612441145394	1612441145669	OK	 
REQUEST		BookingDetails	1612441145394	1612441145674	OK	 
REQUEST		ConfirmPayment	1612441145355	1612441145692	OK	 
REQUEST		ConfirmPayment	1612441145360	1612441145698	OK	 
REQUEST		BookingDetails	1612441145532	1612441145763	OK	 
REQUEST		BookingDetails	1612441145532	1612441145847	OK	 
REQUEST		ConfirmPayment	1612441145465	1612441145847	OK	 
REQUEST		ConfirmPayment	1612441144477	1612441145847	OK	 
REQUEST		BookingDetails	1612441145578	1612441145852	OK	 
REQUEST		ConfirmPayment	1612441145658	1612441145878	OK	 
REQUEST		ConfirmPayment	1612441145675	1612441145880	OK	 
REQUEST		ConfirmPayment	1612441145765	1612441145916	OK	 
REQUEST		ConfirmPayment	1612441145673	1612441145935	OK	 
USER	GeneralAdmission1	END	1612441145943
USER	GeneralAdmission1	END	1612441145943
USER	GeneralAdmission1	END	1612441145954
REQUEST		BookingDetails	1612441145921	1612441146020	OK	 
REQUEST		BookingDetails	1612441145921	1612441146044	OK	 
USER	GeneralAdmission1	END	1612441146109
REQUEST		ConfirmPayment	1612441145850	1612441146135	OK	 
USER	GeneralAdmission1	END	1612441146141
USER	GeneralAdmission1	END	1612441146141
USER	GeneralAdmission1	END	1612441146141
USER	GeneralAdmission1	END	1612441146142
REQUEST		ConfirmPayment	1612441145853	1612441146148	OK	 
REQUEST		BookingDetails	1612441145940	1612441146161	OK	 
REQUEST		BookingDetails	1612441145955	1612441146164	OK	 
REQUEST		BookingDetails	1612441145970	1612441146220	OK	 
REQUEST		BookingDetails	1612441146107	1612441146267	OK	 
USER	GeneralAdmission1	END	1612441146284
USER	GeneralAdmission1	END	1612441146285
USER	GeneralAdmission1	END	1612441146296
USER	GeneralAdmission1	END	1612441146312
USER	GeneralAdmission1	END	1612441146331
REQUEST		ConfirmPayment	1612441146021	1612441146334	OK	 
USER	GeneralAdmission1	END	1612441146359
REQUEST		BookingDetails	1612441146109	1612441146482	OK	 
REQUEST		ConfirmPayment	1612441146047	1612441146548	OK	 
REQUEST		BookingDetails	1612441146164	1612441146579	OK	 
REQUEST		BookingDetails	1612441146172	1612441146633	OK	 
REQUEST		BookingDetails	1612441146188	1612441146676	OK	 
REQUEST		ConfirmPayment	1612441146163	1612441146681	OK	 
REQUEST		BookingDetails	1612441146217	1612441146703	OK	 
REQUEST		BookingDetails	1612441146249	1612441146725	OK	 
REQUEST		ConfirmPayment	1612441146166	1612441146763	OK	 
REQUEST		BookingDetails	1612441146267	1612441146764	OK	 
REQUEST		ConfirmPayment	1612441146269	1612441146858	OK	 
REQUEST		BookingDetails	1612441146329	1612441146858	OK	 
REQUEST		BookingDetails	1612441146311	1612441146858	OK	 
USER	GeneralAdmission1	END	1612441146858
REQUEST		ConfirmPayment	1612441146221	1612441146859	OK	 
USER	GeneralAdmission1	END	1612441146861
USER	GeneralAdmission1	END	1612441146875
USER	GeneralAdmission1	END	1612441146918
USER	GeneralAdmission1	END	1612441146919
USER	GeneralAdmission1	END	1612441147031
USER	GeneralAdmission1	END	1612441147044
USER	GeneralAdmission1	END	1612441147075
USER	GeneralAdmission1	END	1612441147091
REQUEST		BookingDetails	1612441146468	1612441147102	OK	 
USER	GeneralAdmission1	END	1612441147108
REQUEST		BookingDetails	1612441146514	1612441147152	OK	 
REQUEST		BookingDetails	1612441146608	1612441147204	OK	 
REQUEST		ConfirmPayment	1612441146485	1612441147206	OK	 
REQUEST		BookingDetails	1612441146626	1612441147259	OK	 
REQUEST		BookingDetails	1612441146625	1612441147259	OK	 
REQUEST		ConfirmPayment	1612441146581	1612441147267	OK	 
REQUEST		BookingDetails	1612441146563	1612441147267	OK	 
REQUEST		BookingDetails	1612441146515	1612441147268	OK	 
USER	GeneralAdmission1	END	1612441147338
REQUEST		ConfirmPayment	1612441146634	1612441147389	OK	 
REQUEST		BookingDetails	1612441146720	1612441147389	OK	 
REQUEST		BookingDetails	1612441146794	1612441147452	OK	 
USER	GeneralAdmission1	END	1612441147480
USER	GeneralAdmission1	END	1612441147540
REQUEST		BookingDetails	1612441146795	1612441147552	OK	 
REQUEST		BookingDetails	1612441146795	1612441147593	OK	 
USER	GeneralAdmission1	END	1612441147634
USER	GeneralAdmission1	END	1612441147696
USER	GeneralAdmission1	END	1612441147713
REQUEST		BookingDetails	1612441146863	1612441147762	OK	 
USER	GeneralAdmission1	END	1612441147852
USER	GeneralAdmission1	END	1612441147853
REQUEST		BookingDetails	1612441146949	1612441147859	OK	 
USER	GeneralAdmission1	END	1612441147883
REQUEST		BookingDetails	1612441147012	1612441147894	OK	 
USER	GeneralAdmission1	END	1612441147902
USER	GeneralAdmission1	END	1612441147930
USER	GeneralAdmission1	END	1612441147945
USER	GeneralAdmission1	END	1612441148147
USER	GeneralAdmission1	END	1612441148162
REQUEST		BookingDetails	1612441147183	1612441148210	OK	 
REQUEST		BookingDetails	1612441147202	1612441148250	OK	 
REQUEST		BookingDetails	1612441147201	1612441148252	OK	 
REQUEST		BookingDetails	1612441147202	1612441148252	OK	 
REQUEST		BookingDetails	1612441147202	1612441148252	OK	 
USER	GeneralAdmission1	END	1612441148349
REQUEST		BookingDetails	1612441147204	1612441148393	OK	 
REQUEST		BookingDetails	1612441147246	1612441148393	OK	 
REQUEST		BookingDetails	1612441147202	1612441148393	OK	 
REQUEST		BookingDetails	1612441147204	1612441148397	OK	 
REQUEST		BookingDetails	1612441147251	1612441148431	OK	 
REQUEST		BookingDetails	1612441147247	1612441148434	OK	 
REQUEST		BookingDetails	1612441147307	1612441148434	OK	 
REQUEST		BookingDetails	1612441147263	1612441148436	OK	 
REQUEST		BookingDetails	1612441147247	1612441148439	OK	 
REQUEST		BookingDetails	1612441147249	1612441148442	OK	 
REQUEST		BookingDetails	1612441147204	1612441148455	OK	 
REQUEST		BookingDetails	1612441147370	1612441148456	OK	 
REQUEST		BookingDetails	1612441147464	1612441148461	OK	 
REQUEST		BookingDetails	1612441147464	1612441148463	OK	 
USER	GeneralAdmission1	END	1612441148552
REQUEST		BookingDetails	1612441147467	1612441148680	OK	 
REQUEST		BookingDetails	1612441147634	1612441148681	OK	 
REQUEST		BookingDetails	1612441147696	1612441148681	OK	 
USER	GeneralAdmission1	END	1612441148686
REQUEST		BookingDetails	1612441147713	1612441148688	OK	 
REQUEST		BookingDetails	1612441147465	1612441148689	OK	 
REQUEST		BookingDetails	1612441147714	1612441148693	OK	 
REQUEST		BookingDetails	1612441147651	1612441148696	OK	 
REQUEST		BookingDetails	1612441147743	1612441148698	OK	 
REQUEST		ConfirmPayment	1612441146727	1612441148743	OK	 
REQUEST		ConfirmPayment	1612441146678	1612441148745	OK	 
REQUEST		BookingDetails	1612441147652	1612441148755	OK	 
REQUEST		BookingDetails	1612441147776	1612441148756	OK	 
REQUEST		BookingDetails	1612441147716	1612441148759	OK	 
USER	GeneralAdmission1	END	1612441148771
REQUEST		ConfirmPayment	1612441146768	1612441148781	OK	 
REQUEST		ConfirmPayment	1612441146861	1612441148782	OK	 
REQUEST		ConfirmPayment	1612441146704	1612441148783	OK	 
USER	GeneralAdmission1	END	1612441148878
USER	GeneralAdmission1	END	1612441148878
REQUEST		ConfirmPayment	1612441147453	1612441148956	OK	 
REQUEST		ConfirmPayment	1612441147206	1612441148956	OK	 
REQUEST		ConfirmPayment	1612441147595	1612441148956	OK	 
REQUEST		ConfirmPayment	1612441147391	1612441148967	OK	 
REQUEST		ConfirmPayment	1612441147270	1612441148980	OK	 
USER	GeneralAdmission1	END	1612441149219
REQUEST		BookingDetails	1612441148083	1612441149252	OK	 
REQUEST		ConfirmPayment	1612441147104	1612441149253	OK	 
REQUEST		ConfirmPayment	1612441147270	1612441149256	OK	 
REQUEST		ConfirmPayment	1612441147763	1612441149257	OK	 
REQUEST		ConfirmPayment	1612441147264	1612441149261	OK	 
REQUEST		ConfirmPayment	1612441147554	1612441149263	OK	 
REQUEST		ConfirmPayment	1612441146862	1612441149263	OK	 
REQUEST		ConfirmPayment	1612441147153	1612441149264	OK	 
REQUEST		ConfirmPayment	1612441147263	1612441149271	OK	 
USER	GeneralAdmission1	END	1612441149283
USER	GeneralAdmission1	END	1612441149405
REQUEST		BookingDetails	1612441148273	1612441149430	OK	 
REQUEST		ConfirmPayment	1612441148255	1612441149432	OK	 
REQUEST		ConfirmPayment	1612441148255	1612441149433	OK	 
REQUEST		BookingDetails	1612441148303	1612441149434	OK	 
REQUEST		ConfirmPayment	1612441148252	1612441149440	OK	 
REQUEST		ConfirmPayment	1612441148396	1612441149441	OK	 
REQUEST		ConfirmPayment	1612441147861	1612441149441	OK	 
REQUEST		ConfirmPayment	1612441148212	1612441149442	OK	 
REQUEST		ConfirmPayment	1612441147896	1612441149443	OK	 
REQUEST		ConfirmPayment	1612441148464	1612441149449	OK	 
REQUEST		ConfirmPayment	1612441148396	1612441149449	OK	 
REQUEST		ConfirmPayment	1612441148433	1612441149454	OK	 
REQUEST		ConfirmPayment	1612441148462	1612441149455	OK	 
REQUEST		ConfirmPayment	1612441148395	1612441149456	OK	 
REQUEST		ConfirmPayment	1612441148255	1612441149459	OK	 
REQUEST		ConfirmPayment	1612441148446	1612441149459	OK	 
REQUEST		ConfirmPayment	1612441148441	1612441149461	OK	 
REQUEST		ConfirmPayment	1612441148398	1612441149472	OK	 
REQUEST		ConfirmPayment	1612441148438	1612441149472	OK	 
REQUEST		ConfirmPayment	1612441148437	1612441149472	OK	 
REQUEST		ConfirmPayment	1612441148437	1612441149472	OK	 
REQUEST		ConfirmPayment	1612441148456	1612441149472	OK	 
REQUEST		ConfirmPayment	1612441148684	1612441149486	OK	 
REQUEST		ConfirmPayment	1612441148460	1612441149486	OK	 
REQUEST		ConfirmPayment	1612441148700	1612441149492	OK	 
REQUEST		ConfirmPayment	1612441148685	1612441149515	OK	 
REQUEST		ConfirmPayment	1612441148689	1612441149554	OK	 
REQUEST		ConfirmPayment	1612441148693	1612441149556	OK	 
REQUEST		ConfirmPayment	1612441148695	1612441149569	OK	 
REQUEST		ConfirmPayment	1612441148697	1612441149577	OK	 
REQUEST		ConfirmPayment	1612441148684	1612441149643	OK	 
REQUEST		ConfirmPayment	1612441148757	1612441149643	OK	 
REQUEST		ConfirmPayment	1612441148760	1612441149646	OK	 
REQUEST		ConfirmPayment	1612441148757	1612441149646	OK	 
REQUEST		ConfirmPayment	1612441149255	1612441149689	OK	 
REQUEST		ConfirmPayment	1612441149441	1612441149711	OK	 
REQUEST		ConfirmPayment	1612441149432	1612441149713	OK	 
USER	GeneralAdmission1	END	1612441150762
USER	GeneralAdmission1	END	1612441150762
USER	GeneralAdmission1	END	1612441150794
USER	GeneralAdmission1	END	1612441150794
USER	GeneralAdmission1	END	1612441150794
USER	GeneralAdmission1	END	1612441150966
USER	GeneralAdmission1	END	1612441150966
USER	GeneralAdmission1	END	1612441150966
USER	GeneralAdmission1	END	1612441150982
USER	GeneralAdmission1	END	1612441150997
USER	GeneralAdmission1	END	1612441151261
USER	GeneralAdmission1	END	1612441151262
USER	GeneralAdmission1	END	1612441151262
USER	GeneralAdmission1	END	1612441151277
USER	GeneralAdmission1	END	1612441151277
USER	GeneralAdmission1	END	1612441151277
USER	GeneralAdmission1	END	1612441151277
USER	GeneralAdmission1	END	1612441151278
USER	GeneralAdmission1	END	1612441151448
USER	GeneralAdmission1	END	1612441151448
USER	GeneralAdmission1	END	1612441151448
USER	GeneralAdmission1	END	1612441151449
USER	GeneralAdmission1	END	1612441151449
USER	GeneralAdmission1	END	1612441151464
USER	GeneralAdmission1	END	1612441151464
USER	GeneralAdmission1	END	1612441151464
USER	GeneralAdmission1	END	1612441151464
USER	GeneralAdmission1	END	1612441151465
USER	GeneralAdmission1	END	1612441151465
USER	GeneralAdmission1	END	1612441151465
USER	GeneralAdmission1	END	1612441151465
USER	GeneralAdmission1	END	1612441151465
USER	GeneralAdmission1	END	1612441151465
USER	GeneralAdmission1	END	1612441151480
USER	GeneralAdmission1	END	1612441151480
USER	GeneralAdmission1	END	1612441151480
USER	GeneralAdmission1	END	1612441151480
USER	GeneralAdmission1	END	1612441151481
USER	GeneralAdmission1	END	1612441151495
USER	GeneralAdmission1	END	1612441151495
USER	GeneralAdmission1	END	1612441151496
USER	GeneralAdmission1	END	1612441151525
USER	GeneralAdmission1	END	1612441151571
USER	GeneralAdmission1	END	1612441151571
USER	GeneralAdmission1	END	1612441151572
USER	GeneralAdmission1	END	1612441151588
USER	GeneralAdmission1	END	1612441151651
USER	GeneralAdmission1	END	1612441151651
USER	GeneralAdmission1	END	1612441151651
USER	GeneralAdmission1	END	1612441151652
USER	GeneralAdmission1	END	1612441151697
USER	GeneralAdmission1	END	1612441151728
USER	GeneralAdmission1	END	1612441151729
