RUN	GeneralOriginal1	generaloriginal1	1612353884254	 	3.5.0
USER	GeneralOriginal1	START	1612353885989
REQUEST		request_0	1612353886024	1612353886620	OK	 
REQUEST		request_0 Redirect 1	1612353886634	1612353889485	OK	 
ERROR	request_1: Failed to build request: Resource /generaloriginal1/0001_request.txt not found 	1612353889513
REQUEST		request_2	1612353890525	1612353890560	OK	 
ERROR	request_3: Failed to build request: Resource /generaloriginal1/0003_request.json not found 	1612353890562
ERROR	request_4: Failed to build request: Resource /generaloriginal1/0004_request.json not found 	1612353890562
REQUEST		CreateGeneral	1612353891578	1612353891587	OK	 
ERROR	GeneralRequest: Failed to build request: Resource /generaloriginal1/0006_request.json not found 	1612353891589
ERROR	GeneralRequest5001: Failed to build request: Resource /generaloriginal1/0007_request.json not found 	1612353891589
ERROR	GoogleAnal: Failed to build request: Resource /generaloriginal1/0008_request.txt not found 	1612353891589
ERROR	StripeRequest: Failed to build request: Resource /generaloriginal1/0009_request.txt not found 	1612353891589
REQUEST		BookingDetauks	1612353895601	1612353895611	OK	 
ERROR	request_11: Failed to build request: Resource /generaloriginal1/0011_request.json not found 	1612353895614
ERROR	request_12: Failed to build request: Resource /generaloriginal1/0012_request.json not found 	1612353895614
ERROR	request_24: Failed to build request: Resource /generaloriginal1/0024_request.txt not found 	1612353895615
REQUEST		CreatePaymentIntent	1612353895786	1612353895830	OK	 
REQUEST		request_15	1612353895692	1612353895971	KO	status.find.in(200,201,202,203,204,205,206,207,208,209,304), found 401
REQUEST		PrivateStripe	1612353895781	1612353895989	KO	status.find.in(200,201,202,203,204,205,206,207,208,209,304), found 401
REQUEST		request_36	1612353895643	1612353896192	OK	 
REQUEST		request_23	1612353895709	1612353896220	OK	 
REQUEST		StripeCountryRanges	1612353895716	1612353896273	OK	 
REQUEST		StripeFingerPrint2	1612353895758	1612353896376	OK	 
REQUEST		StripeFingerPrint4	1612353895769	1612353896536	OK	 
REQUEST		StripeFingerPrint1	1612353895755	1612353897067	OK	 
REQUEST		request_37	1612353895640	1612353897150	OK	 
REQUEST		request_26	1612353895705	1612353897154	OK	 
REQUEST		request_29	1612353895720	1612353897159	OK	 
REQUEST		request_22	1612353895723	1612353897251	OK	 
REQUEST		request_31	1612353895730	1612353897296	OK	 
REQUEST		request_35	1612353895737	1612353897300	OK	 
REQUEST		request_27	1612353895741	1612353897304	OK	 
REQUEST		request_30	1612353895751	1612353897312	OK	 
REQUEST		request_33	1612353895766	1612353897317	OK	 
REQUEST		StripeController	1612353895772	1612353897324	OK	 
REQUEST		request_13	1612353895790	1612353897332	OK	 
REQUEST		StripeFingerPrint3	1612353895802	1612353897384	OK	 
REQUEST		request_28	1612353895798	1612353897521	OK	 
REQUEST		request_32	1612353895806	1612353897637	OK	 
REQUEST		request_34	1612353895814	1612353897640	OK	 
REQUEST		request_38	1612353898651	1612353898850	OK	 
REQUEST		request_39	1612353900858	1612353901043	OK	 
REQUEST		request_40	1612353903062	1612353903258	OK	 
REQUEST		request_41	1612353903262	1612353903453	OK	 
REQUEST		request_42	1612353904470	1612353904661	OK	 
ERROR	request_45: Failed to build request: Resource /generaloriginal1/0045_request.json not found 	1612353904669
ERROR	request_48: Failed to build request: Resource /generaloriginal1/0048_request.json not found 	1612353904669
ERROR	request_49: Failed to build request: Resource /generaloriginal1/0049_request.txt not found 	1612353904669
ERROR	request_50: Failed to build request: Resource /generaloriginal1/0050_request.txt not found 	1612353904669
REQUEST		request_43	1612353904695	1612353904701	OK	 
REQUEST		request_47	1612353904672	1612353904857	OK	 
REQUEST		request_46	1612353904698	1612353904894	OK	 
REQUEST		request_44	1612353904678	1612353905115	KO	status.find.in(200,201,202,203,204,205,206,207,208,209,304), found 400
USER	GeneralOriginal1	END	1612353905136
