RUN	GeneralAdmission1	generaladmission1	1612347837629	 	3.5.0
USER	GeneralAdmission1	START	1612347841209
REQUEST		GetToken	1612347841317	1612347842196	OK	 
REQUEST		GetToken Redirect 1	1612347842245	1612347843138	OK	 
REQUEST		request_1	1612347843427	1612347844281	OK	 
REQUEST		AddToCart	1612347873501	1612347873554	OK	 
REQUEST		AddToCart Redirect 1	1612347873575	1612347873820	OK	 
REQUEST		CreateGeneral	1612347874836	1612347874859	OK	 
REQUEST		CreateGeneral Redirect 1	1612347874865	1612347875534	OK	 
REQUEST		BookingDetails	1612347879563	1612347879811	OK	 
REQUEST		BookingDetails Redirect 1	1612347879961	1612347880765	OK	 
REQUEST		StripeElement	1612347880771	1612347881943	OK	 
REQUEST		ui-shared-1a3494666c8cbd375492e006f2e840cd.css	1612347882666	1612347884251	OK	 
REQUEST		elements-inner-card-77d7d4c2ce976deb5d1dc2ff2a238146.js	1612347882934	1612347887131	OK	 
REQUEST		ui-shared-121e554d3a08b818808584dff61fc32c.js	1612347883134	1612347894863	OK	 
REQUEST		shared-8b0cf640a52a1422947f168069c49b9d.js	1612347883368	1612347897375	OK	 
REQUEST		CreatePaymentIntent	1612347900700	1612347900815	OK	 
REQUEST		CreatePaymentIntent Redirect 1	1612347900832	1612347902336	OK	 
REQUEST		StripeController	1612347915702	1612347916398	OK	 
REQUEST		controller-6d15abacacad5eabb07034f26400b450.js	1612347916426	1612347917467	OK	 
REQUEST		StripeCountryRanges	1612347919548	1612347920851	OK	 
REQUEST		PrivateStripe	1612347926921	1612347927454	OK	 
REQUEST		Elements1	1612347927459	1612347928287	OK	 
REQUEST		Elements2	1612347928291	1612347928475	OK	 
REQUEST		Elements3	1612347928478	1612347928677	OK	 
REQUEST		Elements4	1612347928680	1612347928881	OK	 
REQUEST		Elements5	1612347928889	1612347929080	OK	 
REQUEST		Elements6	1612347929091	1612347929297	OK	 
REQUEST		Elements6	1612347929312	1612347929507	OK	 
REQUEST		Elements7	1612347929509	1612347929711	OK	 
REQUEST		Elements8	1612347929713	1612347929908	OK	 
REQUEST		Elements9	1612347929910	1612347930096	OK	 
REQUEST		Elements10	1612347930100	1612347930794	OK	 
REQUEST		Elements11	1612347930796	1612347930983	OK	 
REQUEST		Elements12	1612347931992	1612347932179	OK	 
REQUEST		Elements13	1612347934196	1612347934398	OK	 
REQUEST		Elements14	1612347936402	1612347936590	OK	 
REQUEST		Elements15	1612347936604	1612347936800	OK	 
REQUEST		Elements16	1612347937806	1612347938013	OK	 
REQUEST		AddCardDetails	1612347939024	1612347939450	KO	status.find.in(200,201,202,203,204,205,206,207,208,209,304), found 400
USER	GeneralAdmission1	END	1612347939516
