RUN	GeneralAdmission1	generaladmission1	1612271335970	 	3.5.0
USER	GeneralAdmission1	START	1612271339254
REQUEST		GetToken	1612271339399	1612271340356	OK	 
REQUEST		GetToken Redirect 1	1612271340432	1612271341485	OK	 
REQUEST		request_1	1612271341872	1612271342795	OK	 
REQUEST		AddToCart	1612271347831	1612271347838	OK	 
REQUEST		AddToCart Redirect 1	1612271347842	1612271348303	OK	 
REQUEST		CreateGeneral	1612271349319	1612271349325	OK	 
REQUEST		CreateGeneral Redirect 1	1612271349329	1612271350042	OK	 
REQUEST		BookingDetails	1612271354098	1612271354116	OK	 
REQUEST		BookingDetails Redirect 1	1612271354120	1612271354265	OK	 
REQUEST		StripeElement	1612271354270	1612271355153	OK	 
REQUEST		elements-inner-card-77d7d4c2ce976deb5d1dc2ff2a238146.js	1612271355461	1612271356549	OK	 
REQUEST		shared-8b0cf640a52a1422947f168069c49b9d.js	1612271355491	1612271356826	OK	 
REQUEST		ui-shared-1a3494666c8cbd375492e006f2e840cd.css	1612271355484	1612271357031	OK	 
REQUEST		ui-shared-121e554d3a08b818808584dff61fc32c.js	1612271355543	1612271357888	OK	 
REQUEST		CreatePaymentIntent	1612271361052	1612271361065	OK	 
REQUEST		CreatePaymentIntent Redirect 1	1612271361072	1612271361872	OK	 
REQUEST		StripeController	1612271374942	1612271375627	OK	 
REQUEST		controller-6d15abacacad5eabb07034f26400b450.js	1612271375703	1612271376542	OK	 
REQUEST		StripeCountryRanges	1612271378636	1612271379744	OK	 
REQUEST		PrivateStripe	1612271385864	1612271386398	OK	 
REQUEST		Elements	1612271386403	1612271387193	OK	 
USER	GeneralAdmission1	END	1612271387255
