RUN	Timed1	timed1	1612440954896	 	3.5.0
USER	Timed1	START	1612440956542
USER	Timed1	START	1612440956542
USER	Timed1	START	1612440956542
USER	Timed1	START	1612440956542
USER	Timed1	START	1612440956535
USER	Timed1	START	1612440956531
USER	Timed1	START	1612440956543
USER	Timed1	START	1612440956535
USER	Timed1	START	1612440956639
USER	Timed1	START	1612440956635
REQUEST		GetToken	1612440956581	1612440956915	OK	 
REQUEST		GetToken	1612440956580	1612440956917	OK	 
REQUEST		GetToken	1612440956579	1612440956917	OK	 
REQUEST		GetToken	1612440956579	1612440957106	OK	 
REQUEST		GetToken	1612440956646	1612440957114	OK	 
REQUEST		GetToken	1612440956580	1612440957115	OK	 
REQUEST		GetToken	1612440956580	1612440957117	OK	 
REQUEST		GetToken	1612440956646	1612440957339	OK	 
REQUEST		GetToken	1612440956581	1612440957365	OK	 
REQUEST		GetToken	1612440956581	1612440957366	OK	 
REQUEST		AddToCart	1612440958072	1612440958145	OK	 
REQUEST		AddToCart	1612440958073	1612440958151	OK	 
REQUEST		AddToCart	1612440958076	1612440958163	OK	 
REQUEST		AddToCart	1612440958121	1612440958176	OK	 
REQUEST		AddToCart	1612440958139	1612440958217	OK	 
REQUEST		AddToCart	1612440958138	1612440958219	OK	 
REQUEST		AddToCart	1612440958141	1612440958227	OK	 
REQUEST		AddToCart	1612440958354	1612440958411	OK	 
REQUEST		AddToCart	1612440958384	1612440958478	OK	 
REQUEST		AddToCart	1612440958386	1612440958476	OK	 
REQUEST		PostTicket	1612440959420	1612440962082	OK	 
REQUEST		PostTicket	1612440959251	1612440962101	OK	 
REQUEST		PostTicket	1612440959173	1612440962102	OK	 
REQUEST		PostTicket	1612440959205	1612440962103	OK	 
REQUEST		PostTicket	1612440959239	1612440962104	OK	 
REQUEST		PostTicket	1612440959171	1612440962116	OK	 
REQUEST		PostTicket	1612440959483	1612440962126	OK	 
REQUEST		PostTicket	1612440959237	1612440962142	OK	 
REQUEST		PostTicket	1612440959154	1612440962150	OK	 
REQUEST		PostTicket	1612440959500	1612440962155	OK	 
REQUEST		PostEvent	1612440963105	1612440963369	OK	 
REQUEST		PostEvent	1612440963137	1612440963485	OK	 
REQUEST		PostEvent	1612440963154	1612440963685	OK	 
REQUEST		PostEvent	1612440963156	1612440963977	OK	 
REQUEST		PostEvent	1612440963156	1612440964137	OK	 
REQUEST		PostEvent	1612440963157	1612440964386	OK	 
REQUEST		PostEvent	1612440963158	1612440964554	OK	 
REQUEST		PostEvent	1612440963171	1612440964756	OK	 
REQUEST		PostEvent	1612440963172	1612440964954	OK	 
REQUEST		PostEvent	1612440963172	1612440965164	OK	 
REQUEST		CreateTimed	1612440964383	1612440965806	OK	 
REQUEST		CreateTimed	1612440964692	1612440965813	OK	 
REQUEST		CreateTimed	1612440964502	1612440965814	OK	 
REQUEST		CreateTimed	1612440965156	1612440965815	OK	 
REQUEST		CreateTimed	1612440965561	1612440965847	OK	 
REQUEST		CreateTimed	1612440965433	1612440965853	OK	 
REQUEST		CreateTimed	1612440965766	1612440965851	OK	 
REQUEST		CreateTimed	1612440964987	1612440965858	OK	 
REQUEST		CreateTimed	1612440965967	1612440966044	OK	 
REQUEST		CreateTimed	1612440966184	1612440966295	OK	 
REQUEST		BookingDetails	1612440966824	1612440966929	OK	 
REQUEST		BookingDetails	1612440966825	1612440966954	OK	 
REQUEST		BookingDetails	1612440966843	1612440966955	OK	 
REQUEST		BookingDetails	1612440966842	1612440966994	OK	 
REQUEST		BookingDetails	1612440966875	1612440967000	OK	 
REQUEST		BookingDetails	1612440966875	1612440967001	OK	 
REQUEST		BookingDetails	1612440966873	1612440967002	OK	 
REQUEST		BookingDetails	1612440966889	1612440967024	OK	 
REQUEST		BookingDetails	1612440967056	1612440967116	OK	 
REQUEST		BookingDetails	1612440967307	1612440967381	OK	 
REQUEST		ConfirmPayment	1612440966959	1612440972162	KO	status.find.in(200,201,202,203,204,205,206,207,208,209,304), found 400
USER	Timed1	END	1612440972170
REQUEST		ConfirmPayment	1612440967015	1612440972173	KO	status.find.in(200,201,202,203,204,205,206,207,208,209,304), found 400
REQUEST		ConfirmPayment	1612440967031	1612440972183	KO	status.find.in(200,201,202,203,204,205,206,207,208,209,304), found 400
USER	Timed1	END	1612440972187
REQUEST		ConfirmPayment	1612440966960	1612440972193	KO	status.find.in(200,201,202,203,204,205,206,207,208,209,304), found 400
USER	Timed1	END	1612440972199
REQUEST		ConfirmPayment	1612440967012	1612440972214	KO	status.find.in(200,201,202,203,204,205,206,207,208,209,304), found 400
USER	Timed1	END	1612440972218
REQUEST		ConfirmPayment	1612440966932	1612440972220	KO	status.find.in(200,201,202,203,204,205,206,207,208,209,304), found 400
USER	Timed1	END	1612440972226
USER	Timed1	END	1612440972230
REQUEST		ConfirmPayment	1612440967385	1612440972350	KO	status.find.in(200,201,202,203,204,205,206,207,208,209,304), found 400
USER	Timed1	END	1612440972354
REQUEST		ConfirmPayment	1612440967120	1612440972357	KO	status.find.in(200,201,202,203,204,205,206,207,208,209,304), found 400
USER	Timed1	END	1612440972364
REQUEST		ConfirmPayment	1612440967006	1612440972380	KO	status.find.in(200,201,202,203,204,205,206,207,208,209,304), found 400
USER	Timed1	END	1612440972384
REQUEST		ConfirmPayment	1612440967019	1612440972390	KO	status.find.in(200,201,202,203,204,205,206,207,208,209,304), found 400
USER	Timed1	END	1612440972397
