RUN	TimedTour1	timedtour1	1611915874167	 	3.5.0
USER	TimedTour1	START	1611915875862
REQUEST		request_0	1611915875908	1611915876621	OK	 
REQUEST		request_0 Redirect 1	1611915876637	1611915879919	OK	 
REQUEST		request_1	1611915881938	1611915881965	OK	 
REQUEST		request_1 Redirect 1	1611915881966	1611915881975	KO	status.find.in(200,201,202,203,204,205,206,207,208,209,304), found 405
REQUEST		request_6	1611915899983	1611915900801	OK	 
REQUEST		request_8	1611915900888	1611915900901	OK	 
REQUEST		request_7	1611915900854	1611915900948	OK	 
REQUEST		request_8	1611915900903	1611915901230	OK	 
REQUEST		request_9	1611915904237	1611915904432	OK	 
REQUEST		request_10	1611915904437	1611915904457	OK	 
REQUEST		request_11	1611915904436	1611915904494	OK	 
REQUEST		request_12	1611915904434	1611915904514	KO	status.find.in(200,201,202,203,204,205,206,207,208,209,304), found 401
REQUEST		request_13	1611915904439	1611915904518	KO	status.find.in(200,201,202,203,204,205,206,207,208,209,304), found 401
REQUEST		request_11	1611915904495	1611915904533	KO	status.find.in(200,201,202,203,204,205,206,207,208,209,304), found 405
REQUEST		request_14	1611915906535	1611915906546	OK	 
REQUEST		request_14 Redirect 1	1611915906547	1611915906554	KO	status.find.in(200,201,202,203,204,205,206,207,208,209,304), found 405
REQUEST		request_19	1611915908556	1611915912570	KO	j.n.ConnectException: Connection refused: no further information
REQUEST		request_32	1611915913575	1611915913766	OK	 
REQUEST		request_33	1611915913767	1611915913786	OK	 
REQUEST		request_34	1611915914788	1611915918798	KO	j.n.ConnectException: Connection refused: no further information
REQUEST		request_37	1611915919798	1611915919802	OK	 
REQUEST		request_37 Redirect 1	1611915919803	1611915919807	KO	status.find.in(200,201,202,203,204,205,206,207,208,209,304), found 405
REQUEST		request_41	1611915920809	1611915920834	OK	 
USER	TimedTour1	END	1611915920845
