RUN	TimedTour1	timedtour1	1611834756774	 	3.5.0
USER	TimedTour1	START	1611834758584
REQUEST		request_0	1611834758661	1611834759069	OK	 
REQUEST		request_0 Redirect 1	1611834759116	1611834759784	OK	 
REQUEST		request_1	1611834761842	1611834761851	OK	 
ERROR	request_2: Failed to build request: No attribute named 'stringy' is defined 	1611834761869
REQUEST		request_3	1611834761893	1611834761965	KO	status.find.in(200,201,202,203,204,205,206,207,208,209,304), found 401
REQUEST		request_5	1611834761940	1611834762052	OK	 
REQUEST		request_4	1611834761906	1611834762788	OK	 
REQUEST		request_6	1611834780826	1611834781056	OK	 
REQUEST		request_8	1611834781089	1611834781142	OK	 
REQUEST		request_7	1611834781101	1611834781177	OK	 
REQUEST		request_8	1611834781170	1611834781520	OK	 
REQUEST		request_9	1611834784539	1611834784751	OK	 
REQUEST		request_11	1611834784777	1611834784818	OK	 
REQUEST		request_13	1611834784803	1611834784840	KO	status.find.in(200,201,202,203,204,205,206,207,208,209,304), found 401
REQUEST		request_10	1611834784810	1611834784868	OK	 
REQUEST		request_12	1611834784785	1611834784875	KO	status.find.in(200,201,202,203,204,205,206,207,208,209,304), found 401
REQUEST		request_14	1611834786903	1611834786912	OK	 
REQUEST		request_16	1611834786964	1611834787027	OK	 
REQUEST		request_15	1611834786932	1611834787043	OK	 
REQUEST		request_18	1611834787003	1611834787072	OK	 
REQUEST		request_15	1611834787065	1611834787099	OK	 
REQUEST		request_17	1611834786975	1611834787189	OK	 
REQUEST		request_19	1611834789198	1611834789209	OK	 
REQUEST		request_22	1611834789312	1611834789599	OK	 
REQUEST		request_26	1611834789306	1611834789618	OK	 
REQUEST		request_25	1611834789522	1611834789625	OK	 
REQUEST		request_23	1611834789291	1611834789636	OK	 
REQUEST		request_25	1611834789631	1611834789715	OK	 
REQUEST		favicon.ico	1611834789344	1611834789730	OK	 
REQUEST		styles.js	1611834789429	1611834790128	OK	 
REQUEST		request_31	1611834789569	1611834790366	OK	 
REQUEST		request_20	1611834789444	1611834790883	OK	 
REQUEST		polyfills.js	1611834789447	1611834790934	OK	 
REQUEST		runtime.js	1611834789456	1611834791015	OK	 
REQUEST		request_21	1611834789460	1611834791037	OK	 
REQUEST		request_29	1611834789516	1611834791045	OK	 
REQUEST		request_27	1611834789318	1611834791052	OK	 
REQUEST		js?id=G-JM0RFMB8WQ	1611834789350	1611834791285	OK	 
REQUEST		request_28	1611834789397	1611834791547	OK	 
REQUEST		main.js	1611834789426	1611834791600	OK	 
REQUEST		vendor.js	1611834789432	1611834793042	OK	 
REQUEST		request_24	1611834789451	1611834795629	OK	 
REQUEST		request_30	1611834789464	1611834795640	OK	 
REQUEST		/	1611834789528	1611834795781	OK	 
REQUEST		request_32	1611834796887	1611834797152	OK	 
REQUEST		request_33	1611834797324	1611834797349	OK	 
REQUEST		request_34	1611834798381	1611834798404	OK	 
REQUEST		request_35	1611834798418	1611834798436	OK	 
REQUEST		request_36	1611834798433	1611834798459	OK	 
REQUEST		request_36	1611834798471	1611834798794	OK	 
REQUEST		request_37	1611834799838	1611834799842	OK	 
REQUEST		request_38	1611834799874	1611834799907	KO	status.find.in(200,201,202,203,204,205,206,207,208,209,304), found 401
REQUEST		request_39	1611834799883	1611834799944	KO	status.find.in(200,201,202,203,204,205,206,207,208,209,304), found 401
REQUEST		request_40	1611834799871	1611834800072	OK	 
REQUEST		request_41	1611834801090	1611834801112	OK	 
USER	TimedTour1	END	1611834801135
