RUN	Timed1	timed1	1612387137404	 	3.5.0
USER	Timed1	START	1612387139483
USER	Timed1	START	1612387139469
USER	Timed1	START	1612387139469
USER	Timed1	START	1612387139494
USER	Timed1	START	1612387139499
USER	Timed1	START	1612387139491
USER	Timed1	START	1612387139463
USER	Timed1	START	1612387139975
USER	Timed1	START	1612387139973
USER	Timed1	START	1612387139468
USER	Timed1	START	1612387139992
USER	Timed1	START	1612387139996
USER	Timed1	START	1612387139973
USER	Timed1	START	1612387139985
USER	Timed1	START	1612387139990
USER	Timed1	START	1612387139988
USER	Timed1	START	1612387139986
USER	Timed1	START	1612387140011
USER	Timed1	START	1612387140025
USER	Timed1	START	1612387140030
USER	Timed1	START	1612387140043
USER	Timed1	START	1612387140046
USER	Timed1	START	1612387140028
USER	Timed1	START	1612387140074
USER	Timed1	START	1612387140065
USER	Timed1	START	1612387140083
USER	Timed1	START	1612387140081
USER	Timed1	START	1612387140104
USER	Timed1	START	1612387140106
USER	Timed1	START	1612387140096
USER	Timed1	START	1612387140124
USER	Timed1	START	1612387140130
USER	Timed1	START	1612387140120
USER	Timed1	START	1612387140111
USER	Timed1	START	1612387140139
USER	Timed1	START	1612387140152
USER	Timed1	START	1612387140135
USER	Timed1	START	1612387140147
USER	Timed1	START	1612387140162
USER	Timed1	START	1612387140154
USER	Timed1	START	1612387140160
USER	Timed1	START	1612387140157
USER	Timed1	START	1612387140154
USER	Timed1	START	1612387140175
USER	Timed1	START	1612387140177
USER	Timed1	START	1612387140186
USER	Timed1	START	1612387140184
USER	Timed1	START	1612387140180
USER	Timed1	START	1612387140179
USER	Timed1	START	1612387140187
USER	Timed1	START	1612387140188
USER	Timed1	START	1612387140207
USER	Timed1	START	1612387140221
USER	Timed1	START	1612387140212
USER	Timed1	START	1612387140207
USER	Timed1	START	1612387140229
USER	Timed1	START	1612387140214
USER	Timed1	START	1612387140210
USER	Timed1	START	1612387140226
USER	Timed1	START	1612387140218
USER	Timed1	START	1612387140230
USER	Timed1	START	1612387140239
USER	Timed1	START	1612387140260
USER	Timed1	START	1612387140271
USER	Timed1	START	1612387140278
USER	Timed1	START	1612387140280
USER	Timed1	START	1612387140272
USER	Timed1	START	1612387140287
USER	Timed1	START	1612387140283
USER	Timed1	START	1612387140305
USER	Timed1	START	1612387140312
USER	Timed1	START	1612387140298
USER	Timed1	START	1612387140309
USER	Timed1	START	1612387140311
USER	Timed1	START	1612387140317
USER	Timed1	START	1612387140315
USER	Timed1	START	1612387140324
USER	Timed1	START	1612387140326
USER	Timed1	START	1612387140322
USER	Timed1	START	1612387140328
USER	Timed1	START	1612387140327
USER	Timed1	START	1612387140330
USER	Timed1	START	1612387140356
USER	Timed1	START	1612387140340
USER	Timed1	START	1612387140344
USER	Timed1	START	1612387140360
USER	Timed1	START	1612387140363
USER	Timed1	START	1612387140350
USER	Timed1	START	1612387140368
USER	Timed1	START	1612387140393
USER	Timed1	START	1612387140388
USER	Timed1	START	1612387140390
USER	Timed1	START	1612387140392
USER	Timed1	START	1612387140396
USER	Timed1	START	1612387140394
USER	Timed1	START	1612387140443
USER	Timed1	START	1612387140444
USER	Timed1	START	1612387140449
USER	Timed1	START	1612387140456
USER	Timed1	START	1612387140507
REQUEST		GetToken	1612387140083	1612387140869	OK	 
REQUEST		GetToken	1612387140168	1612387140852	OK	 
REQUEST		GetToken	1612387140002	1612387140869	OK	 
REQUEST		GetToken	1612387139537	1612387140913	OK	 
REQUEST		GetToken	1612387139538	1612387140915	OK	 
REQUEST		GetToken	1612387139537	1612387140927	OK	 
REQUEST		GetToken	1612387139990	1612387140935	OK	 
REQUEST		GetToken	1612387140016	1612387140936	OK	 
REQUEST		GetToken	1612387140076	1612387140954	OK	 
REQUEST		GetToken	1612387139978	1612387140954	OK	 
REQUEST		GetToken	1612387140145	1612387140969	OK	 
REQUEST		GetToken	1612387140140	1612387140988	OK	 
REQUEST		GetToken	1612387139996	1612387140993	OK	 
REQUEST		GetToken	1612387140162	1612387141008	OK	 
REQUEST		GetToken	1612387140070	1612387141020	OK	 
REQUEST		GetToken	1612387140171	1612387141031	OK	 
REQUEST		GetToken	1612387140190	1612387141044	OK	 
REQUEST		GetToken	1612387140096	1612387141058	OK	 
REQUEST		GetToken	1612387140191	1612387141085	OK	 
REQUEST		GetToken	1612387140151	1612387141090	OK	 
REQUEST		GetToken	1612387140208	1612387141094	OK	 
REQUEST		GetToken	1612387140254	1612387141109	OK	 
REQUEST		GetToken	1612387140268	1612387141112	OK	 
REQUEST		GetToken	1612387140201	1612387141116	OK	 
REQUEST		GetToken	1612387140127	1612387141130	OK	 
REQUEST		GetToken	1612387140288	1612387141138	OK	 
REQUEST		GetToken	1612387140284	1612387141150	OK	 
REQUEST		GetToken	1612387140295	1612387141152	OK	 
REQUEST		GetToken	1612387139539	1612387141162	OK	 
REQUEST		GetToken	1612387139539	1612387141168	OK	 
REQUEST		GetToken	1612387139537	1612387141178	OK	 
REQUEST		GetToken	1612387140319	1612387141175	OK	 
REQUEST		GetToken	1612387140319	1612387141187	OK	 
REQUEST		GetToken	1612387140321	1612387141200	OK	 
REQUEST		GetToken	1612387139990	1612387141212	OK	 
REQUEST		GetToken	1612387140026	1612387141218	OK	 
REQUEST		GetToken	1612387140008	1612387141220	OK	 
REQUEST		GetToken	1612387140336	1612387141235	OK	 
REQUEST		GetToken	1612387140338	1612387141233	OK	 
REQUEST		GetToken	1612387140334	1612387141253	OK	 
REQUEST		GetToken	1612387140078	1612387141258	OK	 
REQUEST		GetToken	1612387140079	1612387141264	OK	 
REQUEST		GetToken	1612387139537	1612387141270	OK	 
REQUEST		GetToken	1612387140013	1612387141293	OK	 
REQUEST		GetToken	1612387140385	1612387141295	OK	 
REQUEST		GetToken	1612387140382	1612387141296	OK	 
REQUEST		GetToken	1612387140128	1612387141310	OK	 
REQUEST		GetToken	1612387140075	1612387141318	OK	 
REQUEST		GetToken	1612387140155	1612387141333	OK	 
REQUEST		GetToken	1612387140268	1612387141339	OK	 
REQUEST		GetToken	1612387140397	1612387141368	OK	 
REQUEST		GetToken	1612387140164	1612387141369	OK	 
REQUEST		GetToken	1612387140174	1612387141378	OK	 
REQUEST		GetToken	1612387140122	1612387141440	OK	 
REQUEST		GetToken	1612387140191	1612387141437	OK	 
REQUEST		GetToken	1612387140194	1612387141449	OK	 
REQUEST		GetToken	1612387140141	1612387141467	OK	 
REQUEST		GetToken	1612387140168	1612387141483	OK	 
REQUEST		GetToken	1612387140301	1612387141485	OK	 
REQUEST		GetToken	1612387140237	1612387141502	OK	 
REQUEST		GetToken	1612387140194	1612387141521	OK	 
REQUEST		GetToken	1612387140292	1612387141534	OK	 
REQUEST		GetToken	1612387140331	1612387141550	OK	 
REQUEST		GetToken	1612387140261	1612387141559	OK	 
REQUEST		GetToken	1612387140369	1612387141572	OK	 
REQUEST		GetToken	1612387140333	1612387141578	OK	 
REQUEST		GetToken	1612387140421	1612387141590	OK	 
REQUEST		GetToken	1612387140313	1612387141595	OK	 
REQUEST		GetToken	1612387140276	1612387141720	OK	 
REQUEST		GetToken	1612387140335	1612387141728	OK	 
REQUEST		GetToken	1612387140090	1612387141791	OK	 
REQUEST		GetToken	1612387140379	1612387141801	OK	 
REQUEST		GetToken	1612387140171	1612387141815	OK	 
REQUEST		GetToken	1612387140384	1612387141813	OK	 
REQUEST		GetToken	1612387140422	1612387141822	OK	 
REQUEST		GetToken	1612387140473	1612387141852	OK	 
REQUEST		GetToken	1612387140412	1612387141905	OK	 
REQUEST		GetToken	1612387140109	1612387141908	OK	 
REQUEST		GetToken	1612387140269	1612387141918	OK	 
REQUEST		GetToken	1612387140158	1612387141943	OK	 
REQUEST		GetToken	1612387140408	1612387141938	OK	 
REQUEST		GetToken	1612387139537	1612387141968	OK	 
REQUEST		GetToken	1612387140472	1612387141967	OK	 
REQUEST		GetToken	1612387140199	1612387141973	OK	 
REQUEST		GetToken	1612387140189	1612387141978	OK	 
REQUEST		GetToken	1612387140307	1612387141995	OK	 
REQUEST		GetToken	1612387140217	1612387141993	OK	 
REQUEST		GetToken	1612387140329	1612387142008	OK	 
REQUEST		GetToken	1612387140470	1612387142022	OK	 
REQUEST		GetToken	1612387140223	1612387142051	OK	 
REQUEST		GetToken	1612387140369	1612387142070	OK	 
REQUEST		GetToken	1612387140067	1612387142100	OK	 
REQUEST		GetToken	1612387140224	1612387142131	OK	 
REQUEST		GetToken	1612387140284	1612387142288	OK	 
REQUEST		GetToken	1612387140311	1612387142308	OK	 
REQUEST		GetToken	1612387140332	1612387142329	OK	 
REQUEST		GetToken	1612387140377	1612387142351	OK	 
REQUEST		GetToken	1612387140410	1612387142371	OK	 
REQUEST		GetToken	1612387140463	1612387142380	OK	 
REQUEST		GetToken	1612387140537	1612387142392	OK	 
REQUEST		GetToken Redirect 1	1612387141002	1612387143463	OK	 
REQUEST		GetToken Redirect 1	1612387141512	1612387144132	OK	 
REQUEST		GetToken Redirect 1	1612387140905	1612387144243	OK	 
REQUEST		GetToken Redirect 1	1612387141174	1612387144322	OK	 
REQUEST		GetToken Redirect 1	1612387142300	1612387144657	OK	 
REQUEST		GetToken Redirect 1	1612387140911	1612387144700	OK	 
REQUEST		AddToCart	1612387144715	1612387144749	OK	 
REQUEST		GetToken Redirect 1	1612387140921	1612387144906	OK	 
REQUEST		GetToken Redirect 1	1612387141033	1612387144905	OK	 
REQUEST		GetToken Redirect 1	1612387141172	1612387144933	OK	 
REQUEST		GetToken Redirect 1	1612387140978	1612387144987	KO	status.find.is(200), but actually found 500
REQUEST		GetToken Redirect 1	1612387141239	1612387144985	KO	status.find.is(200), but actually found 500
REQUEST		AddToCart Redirect 1	1612387144753	1612387145060	OK	 
REQUEST		AddToCart	1612387145157	1612387145163	OK	 
REQUEST		GetToken Redirect 1	1612387141193	1612387145395	OK	 
REQUEST		AddToCart	1612387145252	1612387145525	OK	 
REQUEST		GetToken Redirect 1	1612387141107	1612387145537	OK	 
REQUEST		GetToken Redirect 1	1612387140906	1612387145538	OK	 
REQUEST		GetToken Redirect 1	1612387140939	1612387145580	OK	 
REQUEST		GetToken Redirect 1	1612387141323	1612387145583	OK	 
REQUEST		AddToCart	1612387145349	1612387145605	OK	 
REQUEST		GetToken Redirect 1	1612387140948	1612387145592	KO	status.find.is(200), but actually found 500
REQUEST		GetToken Redirect 1	1612387141223	1612387145632	OK	 
REQUEST		AddToCart	1612387145672	1612387145711	OK	 
REQUEST		GetToken Redirect 1	1612387141136	1612387145803	OK	 
REQUEST		GetToken Redirect 1	1612387141154	1612387145900	OK	 
REQUEST		AddToCart Redirect 1	1612387145528	1612387145917	OK	 
REQUEST		AddToCart	1612387145721	1612387145943	OK	 
REQUEST		GetToken Redirect 1	1612387141010	1612387145953	KO	status.find.is(200), but actually found 500
ERROR	AddToCart: Failed to build request: No attribute named 'tokenID' is defined 	1612387146026
REQUEST		GetToken Redirect 1	1612387141202	1612387146014	OK	 
REQUEST		GetToken Redirect 1	1612387141048	1612387146058	OK	 
ERROR	AddToCart: Failed to build request: No attribute named 'tokenID' is defined 	1612387146070
REQUEST		AddToCart Redirect 1	1612387145621	1612387146129	OK	 
REQUEST		AddToCart	1612387145941	1612387146130	OK	 
REQUEST		AddToCart	1612387145936	1612387146135	OK	 
REQUEST		PostTicket	1612387146087	1612387146144	OK	 
REQUEST		AddToCart	1612387145953	1612387146157	OK	 
REQUEST		GetToken Redirect 1	1612387141145	1612387146219	OK	 
REQUEST		GetToken Redirect 1	1612387141073	1612387146219	OK	 
REQUEST		GetToken Redirect 1	1612387141096	1612387146219	OK	 
REQUEST		GetToken Redirect 1	1612387141105	1612387146247	OK	 
REQUEST		AddToCart Redirect 1	1612387145716	1612387146270	OK	 
REQUEST		GetToken Redirect 1	1612387141266	1612387146324	OK	 
REQUEST		AddToCart Redirect 1	1612387146140	1612387146407	OK	 
REQUEST		AddToCart Redirect 1	1612387145946	1612387146411	OK	 
REQUEST		GetToken Redirect 1	1612387141291	1612387146470	OK	 
REQUEST		GetToken Redirect 1	1612387140986	1612387146471	OK	 
REQUEST		PostTicket Redirect 1	1612387146154	1612387146479	OK	 
ERROR	AddToCart: Failed to build request: No attribute named 'tokenID' is defined 	1612387146628
REQUEST		AddToCart Redirect 1	1612387146135	1612387146638	OK	 
REQUEST		AddToCart Redirect 1	1612387146160	1612387146638	OK	 
REQUEST		AddToCart	1612387146420	1612387146669	OK	 
REQUEST		AddToCart	1612387146651	1612387146720	OK	 
REQUEST		GetToken Redirect 1	1612387141027	1612387146719	OK	 
REQUEST		AddToCart	1612387146600	1612387146730	OK	 
REQUEST		AddToCart	1612387146555	1612387146732	OK	 
REQUEST		AddToCart	1612387146599	1612387146739	OK	 
REQUEST		AddToCart	1612387146554	1612387146758	OK	 
REQUEST		GetToken Redirect 1	1612387141124	1612387146790	OK	 
REQUEST		GetToken Redirect 1	1612387140971	1612387146795	OK	 
REQUEST		GetToken Redirect 1	1612387140953	1612387146808	OK	 
REQUEST		GetToken Redirect 1	1612387141170	1612387146824	OK	 
REQUEST		GetToken Redirect 1	1612387140922	1612387146852	OK	 
REQUEST		AddToCart	1612387146824	1612387146862	OK	 
REQUEST		GetToken Redirect 1	1612387141325	1612387146877	OK	 
REQUEST		AddToCart	1612387146920	1612387146923	OK	 
REQUEST		GetToken Redirect 1	1612387141299	1612387146948	OK	 
REQUEST		GetToken Redirect 1	1612387141128	1612387146948	OK	 
REQUEST		PostTicket	1612387146953	1612387146960	OK	 
ERROR	AddToCart: Failed to build request: No attribute named 'tokenID' is defined 	1612387146996
REQUEST		AddToCart Redirect 1	1612387146740	1612387147015	OK	 
REQUEST		AddToCart Redirect 1	1612387146726	1612387147019	OK	 
REQUEST		AddToCart Redirect 1	1612387146672	1612387147019	OK	 
REQUEST		AddToCart Redirect 1	1612387146777	1612387147027	OK	 
ERROR	PostTicket: Failed to build request: No attribute named 'tokenID' is defined 	1612387147035
REQUEST		AddToCart Redirect 1	1612387146755	1612387147036	OK	 
REQUEST		GetToken Redirect 1	1612387141339	1612387147039	OK	 
REQUEST		GetToken Redirect 1	1612387141206	1612387147040	OK	 
ERROR	PostTicket: Failed to build request: No attribute named 'tokenID' is defined 	1612387147089
REQUEST		AddToCart Redirect 1	1612387146755	1612387147095	OK	 
REQUEST		AddToCart Redirect 1	1612387146866	1612387147095	OK	 
REQUEST		AddToCart	1612387147049	1612387147143	OK	 
REQUEST		AddToCart	1612387147075	1612387147149	OK	 
REQUEST		GetToken Redirect 1	1612387141070	1612387147173	KO	status.find.is(200), but actually found 500
REQUEST		PostTicket	1612387147150	1612387147202	OK	 
REQUEST		PostTicket Redirect 1	1612387146962	1612387147326	OK	 
REQUEST		GetToken Redirect 1	1612387141292	1612387147399	OK	 
REQUEST		AddToCart	1612387147271	1612387147455	OK	 
REQUEST		AddToCart	1612387147271	1612387147457	OK	 
REQUEST		GetToken Redirect 1	1612387141352	1612387147459	OK	 
REQUEST		GetToken Redirect 1	1612387141391	1612387147459	OK	 
REQUEST		AddToCart	1612387147270	1612387147490	OK	 
REQUEST		AddToCart	1612387147269	1612387147503	OK	 
REQUEST		AddToCart	1612387147332	1612387147513	OK	 
REQUEST		PostTicket	1612387147292	1612387147513	OK	 
REQUEST		PostTicket	1612387147421	1612387147525	OK	 
REQUEST		PostTicket	1612387147418	1612387147533	OK	 
REQUEST		AddToCart	1612387147478	1612387147543	OK	 
REQUEST		AddToCart	1612387147494	1612387147572	OK	 
REQUEST		AddToCart Redirect 1	1612387147152	1612387147578	OK	 
REQUEST		PostEvent	1612387147518	1612387147597	OK	 
REQUEST		AddToCart Redirect 1	1612387147146	1612387147621	OK	 
REQUEST		GetToken Redirect 1	1612387141244	1612387147639	OK	 
ERROR	PostTicket: Failed to build request: No attribute named 'tokenID' is defined 	1612387147645
REQUEST		GetToken Redirect 1	1612387141361	1612387147899	OK	 
REQUEST		PostTicket Redirect 1	1612387147208	1612387147900	OK	 
REQUEST		GetToken Redirect 1	1612387141326	1612387147899	OK	 
REQUEST		PostTicket	1612387147664	1612387147907	OK	 
REQUEST		AddToCart	1612387147805	1612387147907	OK	 
REQUEST		AddToCart	1612387147866	1612387147908	OK	 
REQUEST		PostTicket	1612387147651	1612387147921	OK	 
REQUEST		AddToCart	1612387147820	1612387147934	OK	 
REQUEST		GetToken Redirect 1	1612387141599	1612387147921	KO	status.find.is(200), but actually found 500
REQUEST		AddToCart	1612387147802	1612387147939	OK	 
REQUEST		AddToCart	1612387147895	1612387147948	OK	 
REQUEST		AddToCart	1612387147738	1612387147948	OK	 
REQUEST		AddToCart	1612387147847	1612387147954	OK	 
REQUEST		GetToken Redirect 1	1612387141266	1612387147966	KO	status.find.is(200), but actually found 500
ERROR	PostTicket: Failed to build request: No attribute named 'tokenID' is defined 	1612387148003
ERROR	PostEvent: Failed to build request: No attribute named 'tokenID' is defined 	1612387148039
ERROR	PostEvent: Failed to build request: No attribute named 'tokenID' is defined 	1612387148097
ERROR	AddToCart: Failed to build request: No attribute named 'tokenID' is defined 	1612387148188
REQUEST		AddToCart	1612387147962	1612387148289	OK	 
ERROR	PostEvent: Failed to build request: No attribute named 'tokenID' is defined 	1612387148655
REQUEST		PostTicket Redirect 1	1612387147518	1612387148760	OK	 
ERROR	AddToCart: Failed to build request: No attribute named 'tokenID' is defined 	1612387148950
ERROR	AddToCart: Failed to build request: No attribute named 'tokenID' is defined 	1612387148995
ERROR	PostEvent: Failed to build request: No attribute named 'tokenID' is defined 	1612387149010
REQUEST		AddToCart Redirect 1	1612387147465	1612387149019	OK	 
REQUEST		GetToken Redirect 1	1612387141488	1612387149021	OK	 
REQUEST		PostTicket Redirect 1	1612387147535	1612387149021	OK	 
REQUEST		PostTicket Redirect 1	1612387147933	1612387149025	OK	 
ERROR	CreateTimed: Failed to build request: No attribute named 'tokenID' is defined 	1612387149048
REQUEST		GetToken Redirect 1	1612387141406	1612387149046	OK	 
REQUEST		AddToCart	1612387147976	1612387149040	OK	 
REQUEST		PostTicket	1612387148113	1612387149044	OK	 
REQUEST		AddToCart	1612387148053	1612387149052	OK	 
REQUEST		PostTicket	1612387148036	1612387149060	OK	 
REQUEST		GetToken Redirect 1	1612387141505	1612387149079	OK	 
REQUEST		PostTicket	1612387148040	1612387149082	OK	 
REQUEST		PostTicket	1612387148036	1612387149099	OK	 
ERROR	CreateTimed: Failed to build request: No attribute named 'tokenID' is defined 	1612387149102
REQUEST		AddToCart	1612387148069	1612387149099	OK	 
REQUEST		PostTicket	1612387148038	1612387149110	OK	 
REQUEST		PostTicket	1612387148115	1612387149126	OK	 
REQUEST		PostTicket	1612387148035	1612387149143	OK	 
ERROR	PostTicket: Failed to build request: No attribute named 'tokenID' is defined 	1612387149194
REQUEST		PostTicket Redirect 1	1612387147528	1612387149185	KO	status.find.in(200,201,202,203,204,205,206,207,208,209,304), found 500
REQUEST		PostTicket Redirect 1	1612387147917	1612387149220	OK	 
REQUEST		GetToken Redirect 1	1612387141474	1612387149335	OK	 
REQUEST		GetToken Redirect 1	1612387141246	1612387149340	OK	 
REQUEST		GetToken Redirect 1	1612387141359	1612387149345	KO	status.find.is(200), but actually found 500
REQUEST		AddToCart Redirect 1	1612387147574	1612387149440	OK	 
REQUEST		PostEvent Redirect 1	1612387147601	1612387149441	OK	 
REQUEST		GetToken Redirect 1	1612387141536	1612387149444	OK	 
REQUEST		AddToCart Redirect 1	1612387147518	1612387149451	OK	 
REQUEST		GetToken Redirect 1	1612387141520	1612387149461	OK	 
ERROR	CreateTimed: Failed to build request: No attribute named 'tokenID' is defined 	1612387149674
REQUEST		AddToCart	1612387148468	1612387149718	OK	 
REQUEST		PostEvent	1612387148344	1612387149718	OK	 
REQUEST		AddToCart	1612387148407	1612387149724	OK	 
REQUEST		PostTicket	1612387148593	1612387149728	OK	 
REQUEST		AddToCart	1612387148487	1612387149734	OK	 
REQUEST		PostEvent	1612387148923	1612387149732	OK	 
REQUEST		PostTicket	1612387148640	1612387149744	OK	 
ERROR	PostTicket: Failed to build request: No attribute named 'tokenID' is defined 	1612387149970
ERROR	PostTicket: Failed to build request: No attribute named 'tokenID' is defined 	1612387150000
REQUEST		AddToCart Redirect 1	1612387147917	1612387150010	OK	 
REQUEST		AddToCart Redirect 1	1612387147921	1612387150012	OK	 
ERROR	CreateTimed: Failed to build request: No attribute named 'tokenID' is defined 	1612387150021
REQUEST		AddToCart	1612387148917	1612387150014	OK	 
REQUEST		GetToken Redirect 1	1612387141578	1612387150017	OK	 
ERROR	BookingDetails: Failed to build request: No attribute named 'checkoutTokenID' is defined 	1612387150067
ERROR	ConfirmPayment: Failed to build request: No attribute named 'checkoutTokenID' is defined 	1612387150068
USER	Timed1	END	1612387150077
ERROR	BookingDetails: Failed to build request: No attribute named 'checkoutTokenID' is defined 	1612387150118
ERROR	ConfirmPayment: Failed to build request: No attribute named 'checkoutTokenID' is defined 	1612387150121
USER	Timed1	END	1612387150125
ERROR	PostEvent: Failed to build request: No attribute named 'tokenID' is defined 	1612387150199
REQUEST		AddToCart	1612387148659	1612387150204	OK	 
REQUEST		AddToCart	1612387148923	1612387150204	OK	 
REQUEST		AddToCart Redirect 1	1612387147945	1612387150234	OK	 
ERROR	AddToCart: Failed to build request: No attribute named 'tokenID' is defined 	1612387150368
ERROR	BookingDetails: Failed to build request: No attribute named 'checkoutTokenID' is defined 	1612387150677
ERROR	ConfirmPayment: Failed to build request: No attribute named 'checkoutTokenID' is defined 	1612387150678
USER	Timed1	END	1612387150682
REQUEST		GetToken Redirect 1	1612387141594	1612387150828	OK	 
REQUEST		GetToken Redirect 1	1612387141921	1612387150841	OK	 
REQUEST		GetToken Redirect 1	1612387141811	1612387150843	OK	 
REQUEST		PostTicket Redirect 1	1612387149078	1612387150849	OK	 
REQUEST		GetToken Redirect 1	1612387141725	1612387150855	OK	 
REQUEST		PostTicket Redirect 1	1612387149069	1612387150858	OK	 
REQUEST		PostTicket Redirect 1	1612387149140	1612387150859	OK	 
REQUEST		PostTicket Redirect 1	1612387149102	1612387150877	OK	 
REQUEST		PostTicket Redirect 1	1612387149122	1612387150878	OK	 
REQUEST		PostEvent	1612387150065	1612387150920	OK	 
REQUEST		GetToken Redirect 1	1612387141545	1612387150975	OK	 
REQUEST		GetToken Redirect 1	1612387141797	1612387150975	OK	 
ERROR	PostEvent: Failed to build request: No attribute named 'tokenID' is defined 	1612387150987
REQUEST		GetToken Redirect 1	1612387141581	1612387150985	OK	 
REQUEST		GetToken Redirect 1	1612387141829	1612387150986	OK	 
REQUEST		PostTicket Redirect 1	1612387149099	1612387150998	OK	 
ERROR	PostEvent: Failed to build request: No attribute named 'tokenID' is defined 	1612387151004
REQUEST		PostTicket Redirect 1	1612387149146	1612387151015	OK	 
ERROR	BookingDetails: Failed to build request: No attribute named 'checkoutTokenID' is defined 	1612387151043
ERROR	ConfirmPayment: Failed to build request: No attribute named 'checkoutTokenID' is defined 	1612387151048
USER	Timed1	END	1612387151050
REQUEST		PostEvent	1612387149782	1612387151111	OK	 
REQUEST		PostEvent	1612387150262	1612387151112	OK	 
ERROR	CreateTimed: Failed to build request: No attribute named 'tokenID' is defined 	1612387151206
ERROR	PostTicket: Failed to build request: No attribute named 'tokenID' is defined 	1612387151377
REQUEST		PostTicket	1612387150462	1612387151912	OK	 
REQUEST		PostEvent	1612387150064	1612387151914	OK	 
REQUEST		AddToCart	1612387150354	1612387151914	OK	 
REQUEST		GetToken Redirect 1	1612387142375	1612387151914	OK	 
REQUEST		AddToCart	1612387150065	1612387151916	OK	 
REQUEST		GetToken Redirect 1	1612387141732	1612387151918	OK	 
REQUEST		PostTicket	1612387150464	1612387151936	OK	 
REQUEST		GetToken Redirect 1	1612387142065	1612387151945	OK	 
REQUEST		AddToCart	1612387150482	1612387151947	OK	 
ERROR	CreateTimed: Failed to build request: No attribute named 'tokenID' is defined 	1612387151998
ERROR	CreateTimed: Failed to build request: No attribute named 'tokenID' is defined 	1612387152015
REQUEST		GetToken Redirect 1	1612387141570	1612387152077	OK	 
REQUEST		GetToken Redirect 1	1612387141986	1612387152078	OK	 
REQUEST		PostTicket Redirect 1	1612387149747	1612387152088	OK	 
REQUEST		PostTicket Redirect 1	1612387149734	1612387152101	OK	 
REQUEST		GetToken Redirect 1	1612387141859	1612387152128	OK	 
REQUEST		GetToken Redirect 1	1612387141945	1612387152129	OK	 
REQUEST		GetToken Redirect 1	1612387142035	1612387152133	OK	 
REQUEST		PostTicket	1612387150047	1612387152170	OK	 
REQUEST		AddToCart	1612387150065	1612387152171	OK	 
REQUEST		PostEvent	1612387150221	1612387152173	OK	 
REQUEST		AddToCart	1612387150356	1612387152181	OK	 
REQUEST		GetToken Redirect 1	1612387142007	1612387152187	OK	 
REQUEST		CreateTimed	1612387150465	1612387152192	OK	 
REQUEST		AddToCart	1612387150109	1612387152197	OK	 
ERROR	BookingDetails: Failed to build request: No attribute named 'checkoutTokenID' is defined 	1612387152218
ERROR	ConfirmPayment: Failed to build request: No attribute named 'checkoutTokenID' is defined 	1612387152219
USER	Timed1	END	1612387152221
ERROR	PostEvent: Failed to build request: No attribute named 'tokenID' is defined 	1612387152391
REQUEST		GetToken Redirect 1	1612387141971	1612387152470	OK	 
REQUEST		PostTicket	1612387151035	1612387152512	OK	 
REQUEST		PostTicket	1612387151042	1612387152515	OK	 
REQUEST		AddToCart	1612387151042	1612387152518	OK	 
REQUEST		PostEvent	1612387151894	1612387152519	OK	 
REQUEST		PostEvent	1612387151877	1612387152517	OK	 
REQUEST		AddToCart	1612387151900	1612387152523	OK	 
REQUEST		AddToCart	1612387151844	1612387152544	OK	 
REQUEST		AddToCart Redirect 1	1612387148292	1612387152772	OK	 
REQUEST		GetToken Redirect 1	1612387142386	1612387152773	OK	 
REQUEST		GetToken Redirect 1	1612387141928	1612387152774	OK	 
REQUEST		GetToken Redirect 1	1612387142082	1612387152778	OK	 
REQUEST		AddToCart	1612387150465	1612387152841	OK	 
REQUEST		PostEvent	1612387151903	1612387152842	OK	 
REQUEST		AddToCart	1612387152004	1612387152849	OK	 
REQUEST		AddToCart	1612387151983	1612387152843	OK	 
REQUEST		PostTicket	1612387151257	1612387152843	OK	 
REQUEST		AddToCart	1612387151862	1612387152865	OK	 
ERROR	BookingDetails: Failed to build request: No attribute named 'checkoutTokenID' is defined 	1612387153014
ERROR	ConfirmPayment: Failed to build request: No attribute named 'checkoutTokenID' is defined 	1612387153015
USER	Timed1	END	1612387153017
ERROR	BookingDetails: Failed to build request: No attribute named 'checkoutTokenID' is defined 	1612387153030
ERROR	ConfirmPayment: Failed to build request: No attribute named 'checkoutTokenID' is defined 	1612387153031
USER	Timed1	END	1612387153032
REQUEST		GetToken Redirect 1	1612387141297	1612387153230	OK	 
REQUEST		PostEvent	1612387151877	1612387153237	OK	 
REQUEST		AddToCart	1612387151877	1612387153238	OK	 
REQUEST		PostEvent	1612387152021	1612387153240	OK	 
REQUEST		PostEvent	1612387151894	1612387153252	OK	 
ERROR	CreateTimed: Failed to build request: No attribute named 'tokenID' is defined 	1612387153401
REQUEST		GetToken Redirect 1	1612387142018	1612387153399	OK	 
REQUEST		GetToken Redirect 1	1612387141835	1612387153508	OK	 
REQUEST		GetToken Redirect 1	1612387141956	1612387153508	OK	 
REQUEST		GetToken Redirect 1	1612387141992	1612387153509	OK	 
REQUEST		AddToCart Redirect 1	1612387149073	1612387153515	OK	 
REQUEST		GetToken Redirect 1	1612387141989	1612387153522	OK	 
REQUEST		PostTicket Redirect 1	1612387151930	1612387153523	OK	 
REQUEST		GetToken Redirect 1	1612387141454	1612387153523	OK	 
REQUEST		GetToken Redirect 1	1612387141463	1612387153529	OK	 
REQUEST		GetToken Redirect 1	1612387141914	1612387153530	OK	 
REQUEST		PostTicket Redirect 1	1612387151944	1612387153534	OK	 
REQUEST		PostEvent	1612387152019	1612387153538	OK	 
REQUEST		AddToCart	1612387151985	1612387153546	OK	 
REQUEST		AddToCart	1612387152003	1612387153549	OK	 
REQUEST		GetToken Redirect 1	1612387142123	1612387153549	OK	 
REQUEST		GetToken Redirect 1	1612387141192	1612387153564	OK	 
REQUEST		GetToken Redirect 1	1612387142142	1612387153565	OK	 
REQUEST		GetToken Redirect 1	1612387142346	1612387153570	OK	 
REQUEST		GetToken Redirect 1	1612387142005	1612387154006	OK	 
REQUEST		PostTicket Redirect 1	1612387152538	1612387154007	OK	 
REQUEST		GetToken Redirect 1	1612387141386	1612387154030	OK	 
REQUEST		GetToken Redirect 1	1612387141841	1612387154030	OK	 
REQUEST		PostTicket Redirect 1	1612387152180	1612387154036	OK	 
REQUEST		AddToCart Redirect 1	1612387147460	1612387154101	OK	 
REQUEST		AddToCart Redirect 1	1612387149727	1612387154102	OK	 
REQUEST		GetToken Redirect 1	1612387141561	1612387154111	KO	status.find.is(200), but actually found 500
REQUEST		AddToCart	1612387153200	1612387154187	OK	 
REQUEST		PostEvent	1612387153111	1612387154186	OK	 
REQUEST		AddToCart	1612387152938	1612387154187	OK	 
REQUEST		AddToCart	1612387152957	1612387154187	OK	 
REQUEST		AddToCart	1612387153091	1612387154191	OK	 
REQUEST		PostEvent	1612387153114	1612387154207	OK	 
REQUEST		AddToCart	1612387152936	1612387154206	OK	 
REQUEST		AddToCart	1612387153155	1612387154219	OK	 
REQUEST		AddToCart	1612387153138	1612387154219	OK	 
REQUEST		AddToCart	1612387153155	1612387154235	OK	 
REQUEST		GetToken Redirect 1	1612387142366	1612387154261	OK	 
REQUEST		AddToCart Redirect 1	1612387145168	1612387154265	OK	 
REQUEST		PostTicket Redirect 1	1612387152527	1612387154265	OK	 
ERROR	BookingDetails: Failed to build request: No attribute named 'checkoutTokenID' is defined 	1612387154408
ERROR	ConfirmPayment: Failed to build request: No attribute named 'checkoutTokenID' is defined 	1612387154409
USER	Timed1	END	1612387154410
REQUEST		AddToCart Redirect 1	1612387146926	1612387154686	OK	 
REQUEST		AddToCart Redirect 1	1612387147513	1612387154714	OK	 
REQUEST		GetToken Redirect 1	1612387142396	1612387154714	OK	 
REQUEST		AddToCart Redirect 1	1612387147518	1612387154714	OK	 
REQUEST		AddToCart Redirect 1	1612387151935	1612387154726	OK	 
REQUEST		PostTicket Redirect 1	1612387152856	1612387154735	OK	 
REQUEST		GetToken Redirect 1	1612387142314	1612387154736	OK	 
REQUEST		AddToCart	1612387153480	1612387154805	OK	 
REQUEST		AddToCart	1612387153093	1612387154805	OK	 
REQUEST		PostTicket	1612387153793	1612387154807	OK	 
REQUEST		AddToCart Redirect 1	1612387147952	1612387154864	OK	 
REQUEST		AddToCart Redirect 1	1612387147558	1612387154865	OK	 
REQUEST		AddToCart Redirect 1	1612387147952	1612387154865	OK	 
REQUEST		AddToCart Redirect 1	1612387152184	1612387154867	OK	 
REQUEST		AddToCart Redirect 1	1612387149061	1612387154867	OK	 
REQUEST		AddToCart	1612387153793	1612387154863	OK	 
REQUEST		AddToCart	1612387153793	1612387154882	OK	 
REQUEST		AddToCart Redirect 1	1612387147960	1612387154884	OK	 
REQUEST		AddToCart Redirect 1	1612387147945	1612387154884	OK	 
REQUEST		AddToCart	1612387153795	1612387154899	OK	 
REQUEST		AddToCart Redirect 1	1612387149112	1612387154991	OK	 
REQUEST		PostEvent Redirect 1	1612387149723	1612387154992	KO	status.find.in(200,201,202,203,204,205,206,207,208,209,304), found 400
REQUEST		AddToCart Redirect 1	1612387151952	1612387154999	OK	 
REQUEST		PostEvent Redirect 1	1612387152183	1612387155103	OK	 
ERROR	AddToCart: Failed to build request: No attribute named 'tokenID' is defined 	1612387155134
REQUEST		PostEvent Redirect 1	1612387149744	1612387155240	OK	 
REQUEST		PostEvent Redirect 1	1612387152541	1612387155268	OK	 
REQUEST		AddToCart Redirect 1	1612387149741	1612387155268	OK	 
REQUEST		AddToCart Redirect 1	1612387149723	1612387155272	OK	 
REQUEST		AddToCart	1612387154533	1612387155359	OK	 
REQUEST		AddToCart	1612387154581	1612387155359	OK	 
REQUEST		PostEvent	1612387154566	1612387155359	OK	 
REQUEST		AddToCart	1612387154536	1612387155374	OK	 
REQUEST		PostTicket	1612387154533	1612387155374	OK	 
REQUEST		AddToCart	1612387154583	1612387155402	OK	 
REQUEST		AddToCart	1612387154537	1612387155402	OK	 
REQUEST		AddToCart	1612387154584	1612387155497	OK	 
REQUEST		AddToCart	1612387154252	1612387155498	OK	 
REQUEST		PostEvent	1612387154551	1612387155502	OK	 
REQUEST		AddToCart	1612387154409	1612387155502	OK	 
REQUEST		AddToCart	1612387154566	1612387155503	OK	 
REQUEST		AddToCart	1612387154551	1612387155514	OK	 
REQUEST		AddToCart	1612387154571	1612387155523	OK	 
REQUEST		AddToCart	1612387154532	1612387155531	OK	 
REQUEST		AddToCart	1612387154533	1612387155531	OK	 
REQUEST		PostEvent Redirect 1	1612387151932	1612387155608	OK	 
REQUEST		PostEvent Redirect 1	1612387151118	1612387155609	OK	 
REQUEST		AddToCart Redirect 1	1612387150209	1612387155608	OK	 
REQUEST		PostEvent Redirect 1	1612387150923	1612387155616	OK	 
REQUEST		AddToCart Redirect 1	1612387152177	1612387155639	OK	 
REQUEST		AddToCart Redirect 1	1612387150209	1612387155638	OK	 
REQUEST		PostEvent Redirect 1	1612387153244	1612387155639	OK	 
REQUEST		PostEvent Redirect 1	1612387151116	1612387155684	OK	 
REQUEST		AddToCart Redirect 1	1612387150022	1612387155684	OK	 
REQUEST		AddToCart Redirect 1	1612387152200	1612387155684	OK	 
REQUEST		AddToCart Redirect 1	1612387151932	1612387155684	OK	 
REQUEST		AddToCart Redirect 1	1612387152542	1612387155703	OK	 
REQUEST		AddToCart Redirect 1	1612387152538	1612387155702	OK	 
REQUEST		AddToCart	1612387155025	1612387156108	OK	 
REQUEST		PostEvent	1612387155279	1612387156109	OK	 
REQUEST		PostEvent	1612387155026	1612387156110	OK	 
REQUEST		CreateTimed Redirect 1	1612387152196	1612387156121	OK	 
REQUEST		AddToCart	1612387155043	1612387156110	OK	 
REQUEST		AddToCart	1612387155278	1612387156115	OK	 
REQUEST		AddToCart Redirect 1	1612387152867	1612387156125	OK	 
REQUEST		PostTicket	1612387155124	1612387156143	OK	 
ERROR	PostTicket: Failed to build request: No attribute named 'tokenID' is defined 	1612387156147
REQUEST		PostTicket	1612387155123	1612387156143	OK	 
REQUEST		PostEvent Redirect 1	1612387152541	1612387156143	OK	 
REQUEST		PostEvent	1612387155052	1612387156146	OK	 
REQUEST		AddToCart	1612387155043	1612387156160	OK	 
REQUEST		PostTicket	1612387155278	1612387156160	OK	 
REQUEST		PostEvent Redirect 1	1612387153254	1612387156173	OK	 
REQUEST		AddToCart Redirect 1	1612387153243	1612387156176	OK	 
REQUEST		PostEvent Redirect 1	1612387153550	1612387156251	OK	 
REQUEST		AddToCart Redirect 1	1612387153563	1612387156251	OK	 
REQUEST		AddToCart Redirect 1	1612387154199	1612387156253	OK	 
REQUEST		PostTicket Redirect 1	1612387154811	1612387156256	OK	 
REQUEST		PostEvent Redirect 1	1612387153240	1612387156264	OK	 
REQUEST		PostEvent Redirect 1	1612387152848	1612387156263	OK	 
REQUEST		AddToCart Redirect 1	1612387152856	1612387156410	OK	 
REQUEST		AddToCart Redirect 1	1612387152546	1612387156411	OK	 
REQUEST		AddToCart Redirect 1	1612387154201	1612387156412	OK	 
REQUEST		PostEvent Redirect 1	1612387154199	1612387156414	OK	 
REQUEST		AddToCart Redirect 1	1612387154201	1612387156411	OK	 
REQUEST		AddToCart	1612387155755	1612387156422	OK	 
REQUEST		AddToCart Redirect 1	1612387154231	1612387156422	OK	 
REQUEST		AddToCart Redirect 1	1612387152856	1612387156423	OK	 
REQUEST		PostTicket	1612387155754	1612387156425	OK	 
REQUEST		AddToCart Redirect 1	1612387153552	1612387156426	OK	 
REQUEST		PostEvent Redirect 1	1612387154231	1612387156441	OK	 
REQUEST		PostTicket	1612387156016	1612387156465	OK	 
REQUEST		PostTicket	1612387155888	1612387156470	OK	 
REQUEST		PostTicket	1612387155888	1612387156471	OK	 
REQUEST		AddToCart	1612387155734	1612387156471	OK	 
REQUEST		PostEvent	1612387155754	1612387156471	OK	 
REQUEST		PostTicket	1612387155906	1612387156486	OK	 
REQUEST		AddToCart Redirect 1	1612387154253	1612387156600	OK	 
REQUEST		AddToCart Redirect 1	1612387152856	1612387156600	OK	 
REQUEST		AddToCart Redirect 1	1612387154237	1612387156600	OK	 
REQUEST		AddToCart Redirect 1	1612387154236	1612387156607	OK	 
REQUEST		PostTicket	1612387155734	1612387156610	OK	 
REQUEST		PostTicket	1612387155707	1612387156611	OK	 
REQUEST		PostTicket	1612387155886	1612387156616	OK	 
REQUEST		PostTicket	1612387155889	1612387156613	OK	 
REQUEST		PostTicket	1612387155754	1612387156613	OK	 
REQUEST		PostTicket	1612387156016	1612387156615	OK	 
REQUEST		PostTicket	1612387155906	1612387156643	OK	 
REQUEST		PostTicket Redirect 1	1612387155394	1612387156676	OK	 
REQUEST		AddToCart Redirect 1	1612387154204	1612387156826	OK	 
REQUEST		AddToCart Redirect 1	1612387154809	1612387156834	OK	 
REQUEST		PostTicket	1612387155889	1612387156845	OK	 
REQUEST		CreateTimed	1612387156009	1612387156845	OK	 
REQUEST		PostTicket	1612387156287	1612387156856	OK	 
REQUEST		CreateTimed	1612387156141	1612387156856	OK	 
REQUEST		CreateTimed	1612387156291	1612387156893	OK	 
REQUEST		PostTicket	1612387156291	1612387156895	OK	 
REQUEST		CreateTimed	1612387156258	1612387156895	OK	 
ERROR	PostEvent: Failed to build request: No attribute named 'tokenID' is defined 	1612387157171
REQUEST		AddToCart Redirect 1	1612387154885	1612387157289	OK	 
REQUEST		AddToCart Redirect 1	1612387154810	1612387157290	OK	 
REQUEST		AddToCart Redirect 1	1612387154885	1612387157290	OK	 
REQUEST		PostTicket Redirect 1	1612387156170	1612387157302	OK	 
REQUEST		AddToCart Redirect 1	1612387155514	1612387157302	OK	 
REQUEST		AddToCart Redirect 1	1612387155391	1612387157306	OK	 
REQUEST		AddToCart Redirect 1	1612387154907	1612387157314	OK	 
REQUEST		PostEvent Redirect 1	1612387155505	1612387157404	OK	 
REQUEST		AddToCart Redirect 1	1612387155407	1612387157405	OK	 
REQUEST		PostEvent Redirect 1	1612387155391	1612387157405	OK	 
REQUEST		AddToCart Redirect 1	1612387155391	1612387157405	OK	 
REQUEST		PostTicket Redirect 1	1612387156156	1612387157407	OK	 
REQUEST		PostTicket Redirect 1	1612387156154	1612387157413	OK	 
REQUEST		AddToCart Redirect 1	1612387155500	1612387157423	OK	 
REQUEST		AddToCart Redirect 1	1612387155531	1612387157427	OK	 
REQUEST		AddToCart Redirect 1	1612387155514	1612387157438	OK	 
REQUEST		PostTicket Redirect 1	1612387156438	1612387157448	OK	 
REQUEST		PostTicket	1612387156670	1612387157473	OK	 
REQUEST		PostTicket	1612387156715	1612387157473	OK	 
REQUEST		CreateTimed	1612387156686	1612387157475	OK	 
REQUEST		CreateTimed	1612387156641	1612387157477	OK	 
REQUEST		CreateTimed	1612387156715	1612387157485	OK	 
REQUEST		PostTicket	1612387156627	1612387157491	OK	 
REQUEST		PostTicket	1612387156686	1612387157492	OK	 
REQUEST		PostTicket	1612387156742	1612387157492	OK	 
REQUEST		PostTicket	1612387156728	1612387157492	OK	 
REQUEST		CreateTimed	1612387156641	1612387157505	OK	 
REQUEST		PostTicket	1612387156715	1612387157517	OK	 
REQUEST		PostTicket	1612387156715	1612387157519	OK	 
REQUEST		CreateTimed	1612387156628	1612387157523	OK	 
REQUEST		PostTicket Redirect 1	1612387156488	1612387157583	OK	 
REQUEST		PostTicket Redirect 1	1612387156627	1612387157587	OK	 
REQUEST		PostTicket Redirect 1	1612387156483	1612387157584	OK	 
REQUEST		PostTicket Redirect 1	1612387156483	1612387157593	OK	 
REQUEST		BookingDetails	1612387157141	1612387157702	OK	 
REQUEST		CreateTimed	1612387157187	1612387157702	OK	 
REQUEST		CreateTimed	1612387157282	1612387157706	OK	 
REQUEST		PostTicket	1612387157159	1612387157708	OK	 
REQUEST		CreateTimed	1612387157432	1612387157711	OK	 
REQUEST		PostTicket	1612387157440	1612387157710	OK	 
REQUEST		PostTicket	1612387157444	1612387157711	OK	 
REQUEST		CreateTimed	1612387157159	1612387157719	OK	 
REQUEST		CreateTimed	1612387157265	1612387157731	OK	 
REQUEST		PostTicket	1612387157189	1612387157731	OK	 
REQUEST		CreateTimed	1612387157457	1612387157732	OK	 
REQUEST		PostEvent	1612387157263	1612387157734	OK	 
REQUEST		PostTicket	1612387157439	1612387157736	OK	 
REQUEST		PostTicket	1612387157439	1612387157741	OK	 
REQUEST		PostTicket	1612387157444	1612387157741	OK	 
REQUEST		CreateTimed	1612387157282	1612387157753	OK	 
REQUEST		PostTicket	1612387157264	1612387157756	OK	 
REQUEST		PostTicket	1612387157265	1612387157757	OK	 
REQUEST		PostTicket	1612387157439	1612387157770	OK	 
REQUEST		PostTicket	1612387157444	1612387157773	OK	 
REQUEST		AddToCart Redirect 1	1612387155503	1612387157953	OK	 
REQUEST		AddToCart Redirect 1	1612387155404	1612387157953	OK	 
REQUEST		AddToCart Redirect 1	1612387155401	1612387157953	OK	 
REQUEST		AddToCart Redirect 1	1612387155527	1612387157961	OK	 
REQUEST		AddToCart Redirect 1	1612387155539	1612387157961	OK	 
REQUEST		AddToCart Redirect 1	1612387155539	1612387157966	OK	 
REQUEST		PostTicket	1612387157621	1612387157977	OK	 
REQUEST		PostTicket	1612387157622	1612387157978	OK	 
REQUEST		PostTicket	1612387157621	1612387157980	OK	 
REQUEST		PostEvent	1612387157697	1612387157986	OK	 
ERROR	CreateTimed: Failed to build request: No attribute named 'tokenID' is defined 	1612387158191
REQUEST		PostTicket	1612387157619	1612387158198	OK	 
ERROR	BookingDetails: Failed to build request: No attribute named 'checkoutTokenID' is defined 	1612387159208
REQUEST		PostTicket	1612387157835	1612387159207	OK	 
ERROR	ConfirmPayment: Failed to build request: No attribute named 'checkoutTokenID' is defined 	1612387159218
USER	Timed1	END	1612387159222
REQUEST		PostTicket	1612387157853	1612387159264	OK	 
REQUEST		AddToCart Redirect 1	1612387156129	1612387159271	OK	 
REQUEST		PostTicket Redirect 1	1612387156652	1612387159271	OK	 
REQUEST		AddToCart Redirect 1	1612387156127	1612387159301	OK	 
REQUEST		PostTicket	1612387158317	1612387159317	OK	 
REQUEST		PostTicket	1612387158444	1612387159317	OK	 
REQUEST		PostTicket	1612387158315	1612387159317	OK	 
REQUEST		PostEvent	1612387158444	1612387159322	OK	 
REQUEST		PostTicket	1612387158322	1612387159322	OK	 
REQUEST		PostEvent	1612387158445	1612387159322	OK	 
REQUEST		CreateTimed	1612387158427	1612387159323	OK	 
REQUEST		PostEvent	1612387158600	1612387159323	OK	 
REQUEST		PostTicket	1612387158971	1612387159356	OK	 
REQUEST		PostTicket	1612387158973	1612387159356	OK	 
REQUEST		PostEvent	1612387158597	1612387159356	OK	 
REQUEST		PostEvent	1612387158600	1612387159358	OK	 
REQUEST		PostTicket	1612387158427	1612387159358	OK	 
REQUEST		PostTicket	1612387158449	1612387159358	OK	 
REQUEST		PostEvent	1612387158471	1612387159387	OK	 
REQUEST		CreateTimed	1612387158425	1612387159389	OK	 
REQUEST		PostTicket	1612387158321	1612387159391	OK	 
REQUEST		PostTicket	1612387158428	1612387159399	OK	 
REQUEST		PostTicket Redirect 1	1612387156616	1612387159399	OK	 
REQUEST		PostEvent	1612387158317	1612387159402	OK	 
REQUEST		PostEvent	1612387158602	1612387159421	OK	 
REQUEST		PostTicket	1612387158977	1612387159402	OK	 
REQUEST		PostTicket	1612387158324	1612387159414	OK	 
REQUEST		PostTicket	1612387158318	1612387159436	OK	 
REQUEST		PostTicket	1612387158973	1612387159439	OK	 
REQUEST		PostTicket	1612387158975	1612387159446	OK	 
REQUEST		PostTicket Redirect 1	1612387156864	1612387159460	OK	 
REQUEST		PostTicket	1612387158444	1612387159460	OK	 
REQUEST		AddToCart Redirect 1	1612387156483	1612387159467	OK	 
REQUEST		AddToCart Redirect 1	1612387156127	1612387159573	OK	 
REQUEST		AddToCart Redirect 1	1612387156434	1612387159573	OK	 
REQUEST		PostTicket	1612387158975	1612387159578	OK	 
REQUEST		CreateTimed Redirect 1	1612387156856	1612387159587	OK	 
REQUEST		PostTicket Redirect 1	1612387156468	1612387159588	OK	 
REQUEST		AddToCart Redirect 1	1612387156170	1612387159598	OK	 
REQUEST		PostTicket Redirect 1	1612387156856	1612387159647	OK	 
REQUEST		PostTicket Redirect 1	1612387156628	1612387159683	OK	 
REQUEST		PostTicket Redirect 1	1612387156627	1612387159688	OK	 
REQUEST		PostTicket Redirect 1	1612387157479	1612387161217	KO	status.find.in(200,201,202,203,204,205,206,207,208,209,304), found 500
REQUEST		PostTicket Redirect 1	1612387157984	1612387161217	OK	 
REQUEST		PostTicket Redirect 1	1612387157984	1612387161222	OK	 
REQUEST		BookingDetails Redirect 1	1612387157709	1612387161232	OK	 
REQUEST		PostTicket Redirect 1	1612387157982	1612387161237	OK	 
REQUEST		CreateTimed Redirect 1	1612387156905	1612387161253	OK	 
REQUEST		CreateTimed Redirect 1	1612387157487	1612387161264	OK	 
REQUEST		PostTicket Redirect 1	1612387157506	1612387161268	OK	 
REQUEST		PostTicket Redirect 1	1612387157727	1612387161264	OK	 
REQUEST		PostTicket Redirect 1	1612387157770	1612387161271	OK	 
REQUEST		CreateTimed Redirect 1	1612387156860	1612387161267	OK	 
REQUEST		PostTicket Redirect 1	1612387158200	1612387161271	OK	 
REQUEST		PostTicket Redirect 1	1612387157477	1612387161286	OK	 
REQUEST		CreateTimed Redirect 1	1612387157709	1612387161286	OK	 
REQUEST		PostTicket Redirect 1	1612387157730	1612387161300	OK	 
REQUEST		CreateTimed Redirect 1	1612387157738	1612387161310	OK	 
REQUEST		PostTicket Redirect 1	1612387157773	1612387161312	OK	 
REQUEST		PostTicket Redirect 1	1612387157770	1612387161317	OK	 
REQUEST		PostTicket Redirect 1	1612387157742	1612387161318	OK	 
REQUEST		CreateTimed Redirect 1	1612387157509	1612387161322	OK	 
REQUEST		PostTicket Redirect 1	1612387157754	1612387161331	OK	 
REQUEST		PostTicket Redirect 1	1612387157739	1612387161339	OK	 
REQUEST		PostTicket Redirect 1	1612387157723	1612387161342	OK	 
REQUEST		PostTicket Redirect 1	1612387157775	1612387161353	OK	 
REQUEST		PostEvent Redirect 1	1612387156129	1612387161439	OK	 
REQUEST		PostTicket Redirect 1	1612387157519	1612387161439	OK	 
REQUEST		PostTicket Redirect 1	1612387159341	1612387161439	KO	status.find.in(200,201,202,203,204,205,206,207,208,209,304), found 500
REQUEST		PostTicket Redirect 1	1612387159453	1612387161444	OK	 
REQUEST		PostTicket Redirect 1	1612387159423	1612387161465	OK	 
REQUEST		PostTicket Redirect 1	1612387159465	1612387161465	OK	 
REQUEST		PostEvent Redirect 1	1612387156157	1612387161478	OK	 
REQUEST		CreateTimed Redirect 1	1612387157731	1612387161477	OK	 
REQUEST		BookingDetails	1612387160619	1612387161490	OK	 
REQUEST		CreateTimed Redirect 1	1612387157757	1612387161489	OK	 
REQUEST		PostEvent	1612387160663	1612387161490	OK	 
REQUEST		PostEvent	1612387160476	1612387161500	OK	 
REQUEST		PostTicket	1612387160586	1612387161501	OK	 
REQUEST		PostTicket Redirect 1	1612387159209	1612387161517	OK	 
REQUEST		PostEvent	1612387160694	1612387161527	OK	 
REQUEST		PostEvent	1612387160699	1612387161526	OK	 
REQUEST		ConfirmPayment	1612387161247	1612387161543	OK	 
REQUEST		PostTicket	1612387160584	1612387161546	OK	 
REQUEST		PostTicket	1612387160318	1612387161554	OK	 
REQUEST		PostTicket	1612387160290	1612387161554	OK	 
REQUEST		PostEvent	1612387160288	1612387161560	OK	 
REQUEST		PostEvent	1612387160444	1612387161567	OK	 
REQUEST		PostTicket	1612387160478	1612387161571	OK	 
REQUEST		PostEvent	1612387160603	1612387161574	OK	 
REQUEST		CreateTimed Redirect 1	1612387157525	1612387161603	OK	 
REQUEST		PostTicket Redirect 1	1612387159459	1612387161614	OK	 
REQUEST		PostTicket	1612387160604	1612387161622	OK	 
REQUEST		PostTicket Redirect 1	1612387159385	1612387161618	OK	 
REQUEST		PostTicket Redirect 1	1612387159580	1612387161632	OK	 
REQUEST		PostTicket Redirect 1	1612387159406	1612387161635	OK	 
REQUEST		PostEvent Redirect 1	1612387157742	1612387161645	OK	 
REQUEST		PostEvent Redirect 1	1612387156484	1612387161651	OK	 
REQUEST		PostTicket Redirect 1	1612387159268	1612387161651	OK	 
REQUEST		CreateTimed Redirect 1	1612387157491	1612387161678	OK	 
REQUEST		PostTicket Redirect 1	1612387159433	1612387161683	OK	 
REQUEST		PostTicket Redirect 1	1612387159383	1612387161687	OK	 
REQUEST		PostTicket Redirect 1	1612387159446	1612387161707	OK	 
REQUEST		PostTicket Redirect 1	1612387159340	1612387161706	OK	 
REQUEST		PostTicket Redirect 1	1612387159433	1612387161723	OK	 
REQUEST		PostEvent Redirect 1	1612387157994	1612387161813	OK	 
REQUEST		PostEvent Redirect 1	1612387159340	1612387161814	OK	 
REQUEST		CreateTimed Redirect 1	1612387157710	1612387161815	OK	 
REQUEST		PostEvent Redirect 1	1612387159341	1612387161821	OK	 
REQUEST		CreateTimed Redirect 1	1612387159341	1612387161821	OK	 
REQUEST		PostEvent Redirect 1	1612387159341	1612387161850	OK	 
REQUEST		PostEvent Redirect 1	1612387159375	1612387161853	OK	 
REQUEST		PostEvent Redirect 1	1612387159399	1612387161867	OK	 
REQUEST		PostEvent Redirect 1	1612387159419	1612387161869	OK	 
REQUEST		PostEvent Redirect 1	1612387159368	1612387161875	OK	 
REQUEST		PostEvent Redirect 1	1612387159432	1612387161880	OK	 
REQUEST		CreateTimed Redirect 1	1612387157741	1612387161883	OK	 
REQUEST		CreateTimed Redirect 1	1612387159398	1612387161890	OK	 
REQUEST		CreateTimed Redirect 1	1612387157719	1612387161891	OK	 
REQUEST		PostTicket Redirect 1	1612387159375	1612387161901	OK	 
REQUEST		PostTicket Redirect 1	1612387157508	1612387161900	OK	 
REQUEST		PostTicket Redirect 1	1612387161567	1612387161958	OK	 
REQUEST		PostTicket Redirect 1	1612387161531	1612387161964	OK	 
REQUEST		BookingDetails Redirect 1	1612387161526	1612387161987	OK	 
REQUEST		ConfirmPayment	1612387161990	1612387161994	OK	 
REQUEST		PostTicket Redirect 1	1612387161602	1612387162005	OK	 
REQUEST		PostTicket Redirect 1	1612387159340	1612387162019	OK	 
REQUEST		PostEvent Redirect 1	1612387161602	1612387162070	KO	status.find.in(200,201,202,203,204,205,206,207,208,209,304), found 400
REQUEST		PostTicket Redirect 1	1612387157521	1612387162073	OK	 
REQUEST		PostTicket Redirect 1	1612387161559	1612387162073	OK	 
REQUEST		PostTicket Redirect 1	1612387161631	1612387162093	OK	 
REQUEST		PostTicket Redirect 1	1612387161556	1612387162097	OK	 
REQUEST		PostTicket Redirect 1	1612387159364	1612387162109	OK	 
REQUEST		PostEvent Redirect 1	1612387161526	1612387162192	OK	 
REQUEST		PostTicket Redirect 1	1612387159340	1612387162192	OK	 
REQUEST		PostEvent	1612387162248	1612387162270	OK	 
REQUEST		PostEvent	1612387162248	1612387162270	OK	 
REQUEST		PostEvent	1612387162248	1612387162292	OK	 
REQUEST		PostEvent	1612387162281	1612387162292	OK	 
REQUEST		PostEvent Redirect 1	1612387161543	1612387162292	KO	status.find.in(200,201,202,203,204,205,206,207,208,209,304), found 400
REQUEST		PostEvent	1612387162277	1612387162300	OK	 
REQUEST		BookingDetails	1612387162290	1612387162300	OK	 
REQUEST		BookingDetails	1612387162277	1612387162301	OK	 
REQUEST		PostEvent	1612387162300	1612387162314	OK	 
REQUEST		PostEvent	1612387162308	1612387162325	OK	 
REQUEST		PostEvent Redirect 1	1612387161568	1612387162333	OK	 
REQUEST		PostEvent	1612387162315	1612387162338	OK	 
REQUEST		BookingDetails	1612387162315	1612387162338	OK	 
REQUEST		PostEvent	1612387162321	1612387162339	OK	 
REQUEST		PostEvent	1612387162317	1612387162339	OK	 
REQUEST		BookingDetails	1612387162324	1612387162348	OK	 
REQUEST		PostEvent Redirect 1	1612387161543	1612387162359	OK	 
REQUEST		BookingDetails	1612387162332	1612387162369	OK	 
REQUEST		PostEvent	1612387162325	1612387162372	OK	 
REQUEST		PostEvent Redirect 1	1612387161571	1612387162375	OK	 
REQUEST		PostEvent	1612387162356	1612387162390	OK	 
REQUEST		PostEvent	1612387162359	1612387162392	OK	 
REQUEST		PostEvent	1612387162359	1612387162400	OK	 
REQUEST		PostEvent	1612387162356	1612387162405	OK	 
REQUEST		BookingDetails	1612387162360	1612387162409	OK	 
REQUEST		PostEvent Redirect 1	1612387161527	1612387162416	OK	 
REQUEST		PostEvent	1612387162369	1612387162419	OK	 
REQUEST		PostEvent	1612387162368	1612387162421	OK	 
REQUEST		PostTicket Redirect 1	1612387157748	1612387162433	OK	 
REQUEST		PostTicket Redirect 1	1612387156625	1612387162448	OK	 
REQUEST		CreateTimed	1612387162451	1612387162454	OK	 
REQUEST		PostEvent	1612387162464	1612387162470	OK	 
REQUEST		PostEvent	1612387162465	1612387162472	OK	 
REQUEST		PostEvent	1612387162466	1612387162479	OK	 
REQUEST		PostEvent	1612387162481	1612387162512	OK	 
REQUEST		PostEvent	1612387162493	1612387162515	OK	 
REQUEST		BookingDetails	1612387162507	1612387162518	OK	 
REQUEST		CreateTimed	1612387162524	1612387162792	OK	 
REQUEST		BookingDetails	1612387162539	1612387162855	OK	 
REQUEST		PostEvent Redirect 1	1612387162277	1612387162855	KO	status.find.in(200,201,202,203,204,205,206,207,208,209,304), found 400
REQUEST		PostEvent	1612387162631	1612387162857	OK	 
REQUEST		CreateTimed	1612387162663	1612387162865	OK	 
REQUEST		PostTicket Redirect 1	1612387157506	1612387162865	OK	 
REQUEST		PostEvent	1612387162735	1612387162868	OK	 
REQUEST		PostEvent	1612387162700	1612387162881	OK	 
REQUEST		PostEvent	1612387162736	1612387162886	OK	 
REQUEST		CreateTimed	1612387162832	1612387162885	OK	 
REQUEST		PostEvent Redirect 1	1612387162327	1612387162886	OK	 
REQUEST		CreateTimed	1612387162689	1612387162897	OK	 
REQUEST		BookingDetails	1612387162631	1612387162897	OK	 
REQUEST		CreateTimed	1612387162833	1612387162902	OK	 
REQUEST		PostEvent	1612387162664	1612387162916	OK	 
REQUEST		PostEvent Redirect 1	1612387162277	1612387162916	OK	 
REQUEST		PostEvent	1612387162664	1612387162916	OK	 
REQUEST		BookingDetails	1612387162832	1612387162929	OK	 
REQUEST		CreateTimed	1612387162881	1612387162934	OK	 
REQUEST		CreateTimed	1612387162830	1612387162929	OK	 
REQUEST		BookingDetails	1612387162834	1612387162934	OK	 
REQUEST		CreateTimed	1612387162897	1612387162947	OK	 
REQUEST		PostEvent	1612387162738	1612387162951	OK	 
REQUEST		PostEvent	1612387162698	1612387162957	OK	 
REQUEST		PostEvent	1612387162649	1612387162959	OK	 
REQUEST		BookingDetails	1612387162905	1612387162961	OK	 
REQUEST		CreateTimed	1612387162868	1612387162973	OK	 
REQUEST		PostEvent	1612387162555	1612387162986	OK	 
REQUEST		PostTicket Redirect 1	1612387157508	1612387162986	OK	 
REQUEST		PostEvent	1612387162919	1612387162990	OK	 
REQUEST		BookingDetails	1612387162694	1612387162990	OK	 
REQUEST		PostEvent Redirect 1	1612387162295	1612387162990	OK	 
REQUEST		CreateTimed	1612387162915	1612387163002	OK	 
REQUEST		PostEvent Redirect 1	1612387162311	1612387163023	OK	 
REQUEST		PostEvent Redirect 1	1612387162298	1612387163023	KO	status.find.in(200,201,202,203,204,205,206,207,208,209,304), found 400
REQUEST		CreateTimed	1612387162930	1612387163027	OK	 
REQUEST		CreateTimed	1612387162883	1612387163037	OK	 
REQUEST		BookingDetails	1612387162947	1612387163072	OK	 
REQUEST		BookingDetails	1612387162957	1612387163255	OK	 
REQUEST		PostEvent	1612387163036	1612387163255	OK	 
REQUEST		PostTicket Redirect 1	1612387156905	1612387163260	OK	 
REQUEST		PostEvent	1612387162692	1612387163634	OK	 
REQUEST		PostEvent	1612387163054	1612387163638	OK	 
REQUEST		BookingDetails Redirect 1	1612387162313	1612387163685	OK	 
REQUEST		PostEvent Redirect 1	1612387162352	1612387163686	OK	 
REQUEST		PostEvent Redirect 1	1612387162348	1612387163686	OK	 
REQUEST		PostEvent Redirect 1	1612387162322	1612387163686	OK	 
REQUEST		PostEvent	1612387163052	1612387163699	OK	 
REQUEST		PostEvent	1612387163095	1612387163719	OK	 
REQUEST		BookingDetails Redirect 1	1612387162348	1612387163718	OK	 
REQUEST		PostEvent Redirect 1	1612387162400	1612387163719	OK	 
REQUEST		PostEvent	1612387163022	1612387163720	OK	 
REQUEST		CreateTimed	1612387163203	1612387163725	OK	 
REQUEST		PostEvent	1612387163111	1612387163725	OK	 
REQUEST		PostEvent	1612387163043	1612387163736	OK	 
REQUEST		PostEvent Redirect 1	1612387162423	1612387163741	OK	 
REQUEST		PostEvent	1612387163111	1612387163742	OK	 
REQUEST		PostEvent	1612387163094	1612387163757	OK	 
REQUEST		PostEvent	1612387163202	1612387163768	OK	 
REQUEST		BookingDetails Redirect 1	1612387162311	1612387163789	OK	 
REQUEST		PostEvent Redirect 1	1612387162375	1612387163817	OK	 
REQUEST		CreateTimed	1612387163080	1612387164159	OK	 
REQUEST		BookingDetails Redirect 1	1612387162411	1612387164227	OK	 
REQUEST		PostEvent Redirect 1	1612387162392	1612387164228	OK	 
REQUEST		PostEvent Redirect 1	1612387162348	1612387164231	OK	 
REQUEST		BookingDetails Redirect 1	1612387162524	1612387164233	OK	 
REQUEST		CreateTimed Redirect 1	1612387162456	1612387164235	OK	 
REQUEST		BookingDetails Redirect 1	1612387162356	1612387164246	OK	 
REQUEST		BookingDetails Redirect 1	1612387162372	1612387164251	OK	 
REQUEST		CreateTimed Redirect 1	1612387157486	1612387164256	OK	 
REQUEST		PostEvent	1612387163126	1612387164285	OK	 
REQUEST		CreateTimed	1612387163312	1612387164569	OK	 
REQUEST		PostEvent	1612387163469	1612387164572	OK	 
REQUEST		CreateTimed	1612387163390	1612387164570	OK	 
REQUEST		PostEvent	1612387163451	1612387164572	OK	 
REQUEST		CreateTimed	1612387163373	1612387164572	OK	 
REQUEST		PostEvent Redirect 1	1612387162931	1612387164574	OK	 
REQUEST		PostEvent Redirect 1	1612387162479	1612387164574	KO	status.find.in(200,201,202,203,204,205,206,207,208,209,304), found 400
REQUEST		ConfirmPayment	1612387163727	1612387164582	OK	 
REQUEST		CreateTimed	1612387163913	1612387164594	OK	 
REQUEST		CreateTimed	1612387163885	1612387164598	OK	 
REQUEST		CreateTimed	1612387163356	1612387164598	OK	 
REQUEST		BookingDetails Redirect 1	1612387162859	1612387164607	OK	 
REQUEST		CreateTimed	1612387164022	1612387164609	OK	 
REQUEST		CreateTimed	1612387164041	1612387164613	OK	 
REQUEST		PostEvent Redirect 1	1612387162882	1612387164610	KO	status.find.in(200,201,202,203,204,205,206,207,208,209,304), found 400
REQUEST		BookingDetails Redirect 1	1612387162932	1612387164627	OK	 
REQUEST		BookingDetails Redirect 1	1612387162915	1612387164628	OK	 
REQUEST		CreateTimed	1612387163419	1612387164634	OK	 
REQUEST		PostEvent Redirect 1	1612387162897	1612387164635	OK	 
REQUEST		CreateTimed	1612387164041	1612387164643	OK	 
REQUEST		CreateTimed Redirect 1	1612387162910	1612387164643	OK	 
REQUEST		PostEvent Redirect 1	1612387162869	1612387164645	KO	status.find.in(200,201,202,203,204,205,206,207,208,209,304), found 400
REQUEST		CreateTimed	1612387163945	1612387164654	OK	 
REQUEST		CreateTimed Redirect 1	1612387162794	1612387164658	OK	 
REQUEST		ConfirmPayment	1612387163799	1612387164667	OK	 
REQUEST		PostEvent Redirect 1	1612387156130	1612387164667	OK	 
REQUEST		PostEvent Redirect 1	1612387162889	1612387164778	OK	 
REQUEST		CreateTimed Redirect 1	1612387162881	1612387164776	OK	 
REQUEST		CreateTimed Redirect 1	1612387162912	1612387164778	OK	 
REQUEST		CreateTimed Redirect 1	1612387162899	1612387164778	OK	 
REQUEST		BookingDetails Redirect 1	1612387162947	1612387164791	OK	 
REQUEST		PostEvent Redirect 1	1612387163004	1612387164953	OK	 
REQUEST		PostEvent Redirect 1	1612387162421	1612387164958	OK	 
REQUEST		CreateTimed Redirect 1	1612387162947	1612387164955	OK	 
REQUEST		CreateTimed Redirect 1	1612387162947	1612387164955	OK	 
REQUEST		CreateTimed Redirect 1	1612387162981	1612387164958	OK	 
REQUEST		PostEvent Redirect 1	1612387162472	1612387164958	OK	 
REQUEST		CreateTimed Redirect 1	1612387163051	1612387164970	OK	 
REQUEST		CreateTimed Redirect 1	1612387163036	1612387164971	OK	 
REQUEST		ConfirmPayment	1612387164249	1612387165222	OK	 
REQUEST		PostEvent	1612387164291	1612387165222	OK	 
REQUEST		BookingDetails Redirect 1	1612387163011	1612387165224	OK	 
REQUEST		PostEvent Redirect 1	1612387162407	1612387165224	OK	 
REQUEST		ConfirmPayment	1612387164620	1612387165233	OK	 
REQUEST		PostEvent Redirect 1	1612387162402	1612387165233	OK	 
REQUEST		PostEvent	1612387164021	1612387165237	OK	 
REQUEST		ConfirmPayment	1612387163710	1612387165248	OK	 
REQUEST		ConfirmPayment	1612387164245	1612387165248	OK	 
REQUEST		ConfirmPayment	1612387164233	1612387165248	OK	 
REQUEST		PostEvent	1612387163883	1612387165252	OK	 
REQUEST		BookingDetails Redirect 1	1612387162973	1612387165253	OK	 
REQUEST		PostEvent Redirect 1	1612387162518	1612387165263	OK	 
REQUEST		PostEvent Redirect 1	1612387162514	1612387165269	OK	 
REQUEST		PostEvent Redirect 1	1612387162973	1612387165281	OK	 
REQUEST		ConfirmPayment	1612387164253	1612387165281	OK	 
REQUEST		CreateTimed Redirect 1	1612387163019	1612387165281	OK	 
REQUEST		PostEvent Redirect 1	1612387162481	1612387165330	OK	 
REQUEST		PostEvent Redirect 1	1612387162966	1612387165330	OK	 
REQUEST		PostEvent Redirect 1	1612387163001	1612387165351	OK	 
REQUEST		CreateTimed	1612387164748	1612387165629	OK	 
REQUEST		CreateTimed Redirect 1	1612387156901	1612387165629	OK	 
REQUEST		CreateTimed	1612387164726	1612387165694	OK	 
REQUEST		ConfirmPayment	1612387164794	1612387165698	OK	 
REQUEST		CreateTimed	1612387164771	1612387165709	OK	 
REQUEST		CreateTimed	1612387164848	1612387165715	OK	 
REQUEST		ConfirmPayment	1612387164637	1612387165724	OK	 
REQUEST		PostEvent Redirect 1	1612387163259	1612387165727	OK	 
REQUEST		PostEvent Redirect 1	1612387163640	1612387165729	OK	 
REQUEST		BookingDetails Redirect 1	1612387163075	1612387165775	OK	 
REQUEST		PostEvent Redirect 1	1612387162930	1612387165782	OK	 
REQUEST		PostEvent Redirect 1	1612387163787	1612387165783	KO	status.find.in(200,201,202,203,204,205,206,207,208,209,304), found 400
REQUEST		PostEvent Redirect 1	1612387162964	1612387165788	OK	 
REQUEST		CreateTimed	1612387164726	1612387165959	OK	 
REQUEST		ConfirmPayment	1612387164637	1612387165959	OK	 
REQUEST		ConfirmPayment	1612387165231	1612387165962	OK	 
REQUEST		CreateTimed	1612387164724	1612387165962	OK	 
REQUEST		CreateTimed	1612387165596	1612387165986	OK	 
REQUEST		PostEvent Redirect 1	1612387163736	1612387166030	OK	 
REQUEST		CreateTimed Redirect 1	1612387162960	1612387166030	OK	 
REQUEST		CreateTimed	1612387165252	1612387166057	OK	 
REQUEST		BookingDetails	1612387165269	1612387166058	OK	 
REQUEST		CreateTimed	1612387165678	1612387166058	OK	 
REQUEST		ConfirmPayment	1612387165269	1612387166070	OK	 
REQUEST		CreateTimed	1612387165245	1612387166072	OK	 
REQUEST		BookingDetails	1612387165270	1612387166074	OK	 
REQUEST		PostEvent Redirect 1	1612387163718	1612387166074	OK	 
REQUEST		BookingDetails Redirect 1	1612387163259	1612387166081	OK	 
REQUEST		PostEvent Redirect 1	1612387163738	1612387166085	OK	 
REQUEST		CreateTimed	1612387165614	1612387166089	OK	 
REQUEST		PostEvent Redirect 1	1612387163759	1612387166105	OK	 
REQUEST		PostEvent Redirect 1	1612387163727	1612387166105	OK	 
REQUEST		PostEvent Redirect 1	1612387163636	1612387166105	OK	 
REQUEST		PostEvent Redirect 1	1612387163787	1612387166110	OK	 
REQUEST		CreateTimed	1612387165636	1612387166119	OK	 
REQUEST		PostEvent Redirect 1	1612387163742	1612387166475	OK	 
REQUEST		CreateTimed Redirect 1	1612387163734	1612387166475	OK	 
REQUEST		BookingDetails	1612387165657	1612387166508	OK	 
REQUEST		CreateTimed	1612387165664	1612387166509	OK	 
REQUEST		BookingDetails	1612387165801	1612387166512	OK	 
REQUEST		ConfirmPayment	1612387165783	1612387166512	OK	 
REQUEST		BookingDetails	1612387165676	1612387166519	OK	 
REQUEST		CreateTimed	1612387165666	1612387166529	OK	 
REQUEST		BookingDetails	1612387165968	1612387166530	OK	 
REQUEST		BookingDetails	1612387165802	1612387166531	OK	 
REQUEST		CreateTimed Redirect 1	1612387164161	1612387166542	OK	 
REQUEST		BookingDetails	1612387165986	1612387166547	OK	 
REQUEST		PostEvent Redirect 1	1612387164580	1612387166547	OK	 
REQUEST		BookingDetails	1612387165801	1612387166582	OK	 
REQUEST		CreateTimed	1612387165970	1612387166585	OK	 
REQUEST		CreateTimed	1612387165973	1612387166585	OK	 
REQUEST		BookingDetails	1612387165971	1612387166585	OK	 
REQUEST		BookingDetails	1612387165986	1612387166585	OK	 
REQUEST		BookingDetails	1612387165987	1612387166598	OK	 
REQUEST		CreateTimed	1612387165801	1612387166990	OK	 
REQUEST		CreateTimed	1612387165972	1612387166993	OK	 
REQUEST		CreateTimed	1612387166354	1612387167002	OK	 
REQUEST		CreateTimed	1612387166275	1612387167002	OK	 
REQUEST		CreateTimed	1612387166370	1612387167011	OK	 
REQUEST		PostEvent Redirect 1	1612387164583	1612387167015	OK	 
REQUEST		PostEvent Redirect 1	1612387164291	1612387167018	OK	 
REQUEST		BookingDetails	1612387166310	1612387167020	OK	 
REQUEST		CreateTimed	1612387166246	1612387167026	OK	 
REQUEST		CreateTimed	1612387166336	1612387167294	OK	 
REQUEST		BookingDetails	1612387166646	1612387167295	OK	 
REQUEST		CreateTimed Redirect 1	1612387164576	1612387167300	OK	 
REQUEST		PostEvent Redirect 1	1612387165245	1612387167300	KO	status.find.in(200,201,202,203,204,205,206,207,208,209,304), found 400
REQUEST		CreateTimed	1612387166787	1612387167310	OK	 
REQUEST		CreateTimed	1612387166309	1612387167318	OK	 
REQUEST		ConfirmPayment	1612387166097	1612387167318	OK	 
REQUEST		CreateTimed	1612387166740	1612387167318	OK	 
REQUEST		CreateTimed	1612387166741	1612387167318	OK	 
REQUEST		CreateTimed Redirect 1	1612387164582	1612387167318	OK	 
REQUEST		CreateTimed	1612387166293	1612387167333	OK	 
REQUEST		CreateTimed	1612387167040	1612387167339	OK	 
REQUEST		CreateTimed	1612387167130	1612387167339	OK	 
REQUEST		CreateTimed	1612387167127	1612387167339	OK	 
REQUEST		CreateTimed	1612387167150	1612387167340	OK	 
REQUEST		CreateTimed	1612387167150	1612387167355	OK	 
REQUEST		CreateTimed	1612387166245	1612387167366	OK	 
REQUEST		CreateTimed	1612387166790	1612387167367	OK	 
REQUEST		CreateTimed	1612387167151	1612387167373	OK	 
REQUEST		CreateTimed	1612387167099	1612387167373	OK	 
REQUEST		CreateTimed	1612387166809	1612387167388	OK	 
REQUEST		CreateTimed Redirect 1	1612387164658	1612387167385	OK	 
REQUEST		BookingDetails	1612387167040	1612387167404	OK	 
REQUEST		CreateTimed Redirect 1	1612387164654	1612387167406	OK	 
REQUEST		CreateTimed Redirect 1	1612387164641	1612387167414	OK	 
REQUEST		CreateTimed Redirect 1	1612387164626	1612387167775	OK	 
REQUEST		CreateTimed Redirect 1	1612387164610	1612387167776	OK	 
REQUEST		CreateTimed Redirect 1	1612387164623	1612387167775	OK	 
REQUEST		CreateTimed Redirect 1	1612387164613	1612387167776	OK	 
REQUEST		PostEvent Redirect 1	1612387165267	1612387167785	OK	 
REQUEST		PostEvent Redirect 1	1612387165230	1612387167839	OK	 
REQUEST		ConfirmPayment Redirect 1	1612387161551	1612387167840	OK	 
USER	Timed1	END	1612387167845
REQUEST		CreateTimed Redirect 1	1612387165714	1612387168052	OK	 
REQUEST		CreateTimed Redirect 1	1612387164583	1612387168244	OK	 
REQUEST		CreateTimed Redirect 1	1612387165964	1612387168247	OK	 
REQUEST		CreateTimed Redirect 1	1612387164600	1612387168247	OK	 
REQUEST		BookingDetails Redirect 1	1612387166087	1612387168249	OK	 
REQUEST		CreateTimed Redirect 1	1612387166072	1612387168256	OK	 
REQUEST		CreateTimed Redirect 1	1612387165697	1612387168256	OK	 
REQUEST		CreateTimed	1612387167483	1612387168263	OK	 
REQUEST		CreateTimed Redirect 1	1612387166084	1612387168263	OK	 
REQUEST		CreateTimed Redirect 1	1612387165969	1612387168266	OK	 
REQUEST		CreateTimed	1612387167565	1612387168268	OK	 
REQUEST		BookingDetails	1612387167485	1612387168276	OK	 
REQUEST		CreateTimed Redirect 1	1612387165631	1612387168359	OK	 
REQUEST		CreateTimed Redirect 1	1612387165717	1612387168359	OK	 
REQUEST		CreateTimed Redirect 1	1612387166074	1612387168359	OK	 
REQUEST		BookingDetails Redirect 1	1612387166072	1612387168373	OK	 
REQUEST		BookingDetails Redirect 1	1612387166540	1612387168374	OK	 
REQUEST		CreateTimed Redirect 1	1612387165990	1612387168373	OK	 
REQUEST		CreateTimed Redirect 1	1612387166105	1612387168376	OK	 
REQUEST		CreateTimed Redirect 1	1612387166533	1612387168379	OK	 
REQUEST		BookingDetails	1612387167552	1612387168386	OK	 
REQUEST		BookingDetails Redirect 1	1612387166512	1612387168779	OK	 
REQUEST		CreateTimed Redirect 1	1612387167015	1612387168782	OK	 
REQUEST		BookingDetails Redirect 1	1612387166593	1612387168810	OK	 
REQUEST		BookingDetails Redirect 1	1612387166594	1612387168810	OK	 
REQUEST		CreateTimed Redirect 1	1612387166593	1612387168810	OK	 
REQUEST		BookingDetails Redirect 1	1612387166550	1612387168813	OK	 
REQUEST		CreateTimed Redirect 1	1612387166996	1612387168813	OK	 
REQUEST		CreateTimed Redirect 1	1612387167011	1612387168829	OK	 
REQUEST		BookingDetails Redirect 1	1612387166606	1612387168838	OK	 
REQUEST		BookingDetails Redirect 1	1612387166518	1612387168838	OK	 
REQUEST		CreateTimed	1612387168026	1612387170172	OK	 
REQUEST		ConfirmPayment	1612387168386	1612387170174	OK	 
REQUEST		BookingDetails	1612387168349	1612387170179	OK	 
REQUEST		CreateTimed	1612387168319	1612387170181	OK	 
REQUEST		BookingDetails	1612387168317	1612387170181	OK	 
REQUEST		BookingDetails	1612387168805	1612387170183	OK	 
REQUEST		ConfirmPayment	1612387168379	1612387170189	OK	 
REQUEST		ConfirmPayment	1612387168255	1612387170202	OK	 
REQUEST		BookingDetails	1612387168422	1612387170202	OK	 
REQUEST		BookingDetails	1612387168419	1612387170225	OK	 
REQUEST		CreateTimed	1612387168032	1612387170225	OK	 
REQUEST		BookingDetails	1612387168785	1612387170239	OK	 
REQUEST		BookingDetails	1612387168432	1612387170247	OK	 
REQUEST		ConfirmPayment	1612387168782	1612387170253	OK	 
REQUEST		BookingDetails Redirect 1	1612387166585	1612387170284	OK	 
REQUEST		BookingDetails	1612387168804	1612387170290	OK	 
REQUEST		CreateTimed Redirect 1	1612387166992	1612387170306	OK	 
REQUEST		BookingDetails Redirect 1	1612387166542	1612387170306	OK	 
REQUEST		ConfirmPayment	1612387168821	1612387170325	OK	 
REQUEST		ConfirmPayment	1612387168842	1612387170324	OK	 
REQUEST		BookingDetails	1612387169285	1612387170324	OK	 
REQUEST		BookingDetails	1612387169390	1612387170325	OK	 
REQUEST		CreateTimed Redirect 1	1612387166593	1612387170324	OK	 
REQUEST		CreateTimed Redirect 1	1612387167011	1612387170354	OK	 
REQUEST		BookingDetails	1612387169265	1612387170356	OK	 
REQUEST		BookingDetails	1612387169843	1612387170356	OK	 
REQUEST		BookingDetails Redirect 1	1612387167026	1612387170357	OK	 
REQUEST		BookingDetails	1612387168805	1612387170372	OK	 
REQUEST		CreateTimed	1612387168853	1612387170372	OK	 
REQUEST		CreateTimed Redirect 1	1612387166127	1612387170372	OK	 
REQUEST		BookingDetails	1612387169404	1612387170383	OK	 
REQUEST		BookingDetails	1612387169285	1612387170397	OK	 
REQUEST		BookingDetails	1612387169270	1612387170397	OK	 
REQUEST		ConfirmPayment	1612387168825	1612387170401	OK	 
REQUEST		CreateTimed	1612387168805	1612387170413	OK	 
REQUEST		BookingDetails	1612387169062	1612387170413	OK	 
REQUEST		BookingDetails	1612387169285	1612387170414	OK	 
REQUEST		BookingDetails Redirect 1	1612387167302	1612387170433	OK	 
REQUEST		BookingDetails	1612387169840	1612387170441	OK	 
REQUEST		BookingDetails	1612387169270	1612387170441	OK	 
REQUEST		BookingDetails	1612387169388	1612387170447	OK	 
REQUEST		ConfirmPayment	1612387168842	1612387170457	OK	 
REQUEST		BookingDetails	1612387169409	1612387170458	OK	 
REQUEST		BookingDetails Redirect 1	1612387166529	1612387170458	OK	 
REQUEST		BookingDetails	1612387169794	1612387170469	OK	 
REQUEST		CreateTimed Redirect 1	1612387167299	1612387170493	OK	 
REQUEST		BookingDetails	1612387169389	1612387170502	OK	 
REQUEST		BookingDetails	1612387169409	1612387170502	OK	 
REQUEST		ConfirmPayment Redirect 1	1612387162000	1612387170501	KO	status.find.in(200,201,202,203,204,205,206,207,208,209,304), found 400
REQUEST		ConfirmPayment	1612387168826	1612387170508	OK	 
USER	Timed1	END	1612387170509
REQUEST		CreateTimed Redirect 1	1612387166517	1612387170513	OK	 
REQUEST		BookingDetails	1612387169300	1612387170520	OK	 
REQUEST		CreateTimed Redirect 1	1612387167319	1612387170522	OK	 
REQUEST		CreateTimed Redirect 1	1612387167030	1612387170533	OK	 
REQUEST		BookingDetails	1612387169842	1612387170722	OK	 
REQUEST		CreateTimed Redirect 1	1612387167382	1612387170722	OK	 
REQUEST		CreateTimed Redirect 1	1612387167334	1612387170722	OK	 
REQUEST		CreateTimed Redirect 1	1612387167370	1612387170722	OK	 
REQUEST		CreateTimed Redirect 1	1612387167354	1612387170731	OK	 
REQUEST		CreateTimed Redirect 1	1612387167366	1612387170732	OK	 
REQUEST		ConfirmPayment	1612387170286	1612387171999	OK	 
REQUEST		CreateTimed Redirect 1	1612387167354	1612387172016	OK	 
REQUEST		CreateTimed Redirect 1	1612387167384	1612387172016	OK	 
REQUEST		CreateTimed Redirect 1	1612387167371	1612387172017	OK	 
REQUEST		BookingDetails Redirect 1	1612387168285	1612387172022	OK	 
REQUEST		CreateTimed Redirect 1	1612387167356	1612387172022	OK	 
REQUEST		CreateTimed Redirect 1	1612387168284	1612387172024	OK	 
REQUEST		CreateTimed Redirect 1	1612387167340	1612387172035	OK	 
REQUEST		CreateTimed Redirect 1	1612387167400	1612387172037	OK	 
REQUEST		CreateTimed Redirect 1	1612387167334	1612387172040	OK	 
REQUEST		ConfirmPayment	1612387170493	1612387172255	OK	 
REQUEST		ConfirmPayment	1612387170332	1612387172255	OK	 
REQUEST		ConfirmPayment	1612387170442	1612387172259	OK	 
REQUEST		BookingDetails	1612387171544	1612387172258	OK	 
REQUEST		BookingDetails	1612387171385	1612387172264	OK	 
REQUEST		BookingDetails	1612387171403	1612387172265	OK	 
REQUEST		ConfirmPayment	1612387172035	1612387172264	OK	 
REQUEST		BookingDetails	1612387171744	1612387172265	OK	 
REQUEST		ConfirmPayment	1612387170376	1612387172270	OK	 
REQUEST		BookingDetails	1612387171751	1612387172273	OK	 
REQUEST		BookingDetails	1612387171746	1612387172280	OK	 
REQUEST		BookingDetails	1612387171356	1612387172280	OK	 
REQUEST		BookingDetails	1612387171746	1612387172280	OK	 
REQUEST		BookingDetails	1612387171337	1612387172285	OK	 
REQUEST		BookingDetails	1612387171755	1612387172286	OK	 
REQUEST		BookingDetails	1612387171530	1612387172290	OK	 
REQUEST		BookingDetails	1612387171509	1612387172290	OK	 
REQUEST		BookingDetails	1612387171544	1612387172297	OK	 
REQUEST		CreateTimed Redirect 1	1612387168282	1612387172421	OK	 
REQUEST		CreateTimed Redirect 1	1612387167356	1612387172467	OK	 
REQUEST		ConfirmPayment Redirect 1	1612387164598	1612387172582	OK	 
USER	Timed1	END	1612387172584
REQUEST		ConfirmPayment Redirect 1	1612387165967	1612387172615	OK	 
REQUEST		ConfirmPayment Redirect 1	1612387165702	1612387172615	OK	 
USER	Timed1	END	1612387172631
REQUEST		ConfirmPayment Redirect 1	1612387166076	1612387172647	OK	 
REQUEST		ConfirmPayment Redirect 1	1612387165292	1612387172657	OK	 
USER	Timed1	END	1612387172651
USER	Timed1	END	1612387172662
USER	Timed1	END	1612387172663
REQUEST		BookingDetails Redirect 1	1612387167406	1612387172759	OK	 
REQUEST		BookingDetails Redirect 1	1612387170197	1612387172763	OK	 
REQUEST		BookingDetails Redirect 1	1612387170213	1612387172765	OK	 
REQUEST		ConfirmPayment Redirect 1	1612387165968	1612387172762	OK	 
USER	Timed1	END	1612387172768
REQUEST		ConfirmPayment	1612387172763	1612387172892	OK	 
REQUEST		ConfirmPayment	1612387172765	1612387172893	OK	 
REQUEST		ConfirmPayment	1612387172767	1612387172898	OK	 
REQUEST		CreateTimed Redirect 1	1612387167334	1612387172973	OK	 
REQUEST		BookingDetails Redirect 1	1612387170196	1612387173485	OK	 
REQUEST		CreateTimed Redirect 1	1612387170185	1612387173496	OK	 
REQUEST		BookingDetails	1612387173055	1612387173505	OK	 
REQUEST		BookingDetails	1612387173055	1612387173521	OK	 
REQUEST		BookingDetails	1612387173035	1612387173521	OK	 
REQUEST		BookingDetails	1612387173035	1612387173521	OK	 
REQUEST		BookingDetails	1612387173055	1612387173521	OK	 
REQUEST		BookingDetails	1612387173055	1612387173521	OK	 
REQUEST		BookingDetails	1612387173033	1612387173537	OK	 
REQUEST		ConfirmPayment Redirect 1	1612387165237	1612387173539	OK	 
REQUEST		BookingDetails	1612387173057	1612387173541	OK	 
USER	Timed1	END	1612387173542
REQUEST		ConfirmPayment Redirect 1	1612387165226	1612387173544	OK	 
USER	Timed1	END	1612387173548
REQUEST		BookingDetails Redirect 1	1612387170196	1612387173552	OK	 
REQUEST		BookingDetails	1612387173425	1612387173552	OK	 
REQUEST		BookingDetails	1612387173474	1612387173552	OK	 
REQUEST		ConfirmPayment	1612387173490	1612387173552	OK	 
REQUEST		ConfirmPayment Redirect 1	1612387165260	1612387173572	OK	 
USER	Timed1	END	1612387173574
REQUEST		CreateTimed Redirect 1	1612387170440	1612387173585	OK	 
REQUEST		BookingDetails Redirect 1	1612387170239	1612387173590	OK	 
REQUEST		CreateTimed Redirect 1	1612387170238	1612387173590	OK	 
REQUEST		BookingDetails Redirect 1	1612387170253	1612387173598	OK	 
REQUEST		BookingDetails Redirect 1	1612387170253	1612387173637	OK	 
REQUEST		BookingDetails Redirect 1	1612387170373	1612387173942	OK	 
REQUEST		ConfirmPayment	1612387173556	1612387173941	OK	 
REQUEST		BookingDetails Redirect 1	1612387170387	1612387173941	OK	 
REQUEST		BookingDetails Redirect 1	1612387170399	1612387173942	OK	 
REQUEST		CreateTimed Redirect 1	1612387170197	1612387173941	OK	 
REQUEST		CreateTimed Redirect 1	1612387170389	1612387173943	OK	 
REQUEST		ConfirmPayment Redirect 1	1612387170189	1612387173942	OK	 
USER	Timed1	END	1612387173957
REQUEST		BookingDetails Redirect 1	1612387168396	1612387173957	OK	 
REQUEST		BookingDetails Redirect 1	1612387170373	1612387174145	OK	 
REQUEST		BookingDetails Redirect 1	1612387170332	1612387174148	OK	 
REQUEST		BookingDetails Redirect 1	1612387170347	1612387174148	OK	 
REQUEST		BookingDetails Redirect 1	1612387170450	1612387174152	OK	 
REQUEST		BookingDetails Redirect 1	1612387170465	1612387174153	OK	 
REQUEST		ConfirmPayment	1612387173639	1612387174154	OK	 
REQUEST		BookingDetails Redirect 1	1612387170458	1612387174157	OK	 
REQUEST		BookingDetails Redirect 1	1612387170347	1612387174157	OK	 
REQUEST		BookingDetails Redirect 1	1612387170440	1612387174160	OK	 
REQUEST		ConfirmPayment	1612387173955	1612387174212	OK	 
REQUEST		ConfirmPayment	1612387173955	1612387174235	OK	 
REQUEST		ConfirmPayment	1612387173955	1612387174235	OK	 
REQUEST		ConfirmPayment	1612387173592	1612387174238	OK	 
REQUEST		ConfirmPayment	1612387173600	1612387174238	OK	 
REQUEST		BookingDetails	1612387173980	1612387174247	OK	 
REQUEST		ConfirmPayment	1612387173960	1612387174247	OK	 
REQUEST		ConfirmPayment	1612387174150	1612387174272	OK	 
REQUEST		ConfirmPayment	1612387174150	1612387174273	OK	 
REQUEST		ConfirmPayment	1612387174159	1612387174278	OK	 
REQUEST		ConfirmPayment	1612387174160	1612387174279	OK	 
REQUEST		ConfirmPayment	1612387174162	1612387174284	OK	 
REQUEST		ConfirmPayment	1612387174154	1612387174285	OK	 
REQUEST		ConfirmPayment	1612387174157	1612387174288	OK	 
REQUEST		ConfirmPayment	1612387174148	1612387174297	OK	 
REQUEST		BookingDetails Redirect 1	1612387173525	1612387175061	OK	 
REQUEST		BookingDetails Redirect 1	1612387170501	1612387175060	OK	 
REQUEST		BookingDetails Redirect 1	1612387170412	1612387175063	OK	 
REQUEST		BookingDetails Redirect 1	1612387173537	1612387175065	OK	 
REQUEST		BookingDetails Redirect 1	1612387173539	1612387175065	OK	 
REQUEST		BookingDetails Redirect 1	1612387170508	1612387175080	OK	 
REQUEST		BookingDetails Redirect 1	1612387170440	1612387175098	OK	 
REQUEST		BookingDetails Redirect 1	1612387173521	1612387175098	OK	 
REQUEST		BookingDetails Redirect 1	1612387170414	1612387175098	OK	 
REQUEST		BookingDetails Redirect 1	1612387170508	1612387175123	OK	 
REQUEST		BookingDetails Redirect 1	1612387170457	1612387175122	OK	 
REQUEST		BookingDetails Redirect 1	1612387170730	1612387175200	OK	 
REQUEST		BookingDetails	1612387174600	1612387175763	OK	 
REQUEST		BookingDetails	1612387174599	1612387175766	OK	 
REQUEST		BookingDetails	1612387174961	1612387175766	OK	 
REQUEST		BookingDetails Redirect 1	1612387173532	1612387175777	OK	 
REQUEST		BookingDetails Redirect 1	1612387173558	1612387175778	OK	 
REQUEST		BookingDetails Redirect 1	1612387173545	1612387175778	OK	 
REQUEST		BookingDetails Redirect 1	1612387173557	1612387175808	OK	 
REQUEST		BookingDetails	1612387174506	1612387175841	OK	 
REQUEST		ConfirmPayment	1612387175065	1612387175842	OK	 
REQUEST		ConfirmPayment	1612387175081	1612387175853	OK	 
REQUEST		ConfirmPayment	1612387175213	1612387175854	OK	 
REQUEST		BookingDetails Redirect 1	1612387173537	1612387175873	OK	 
REQUEST		BookingDetails Redirect 1	1612387173537	1612387175873	OK	 
REQUEST		ConfirmPayment	1612387175066	1612387175980	OK	 
REQUEST		ConfirmPayment	1612387175118	1612387175980	OK	 
REQUEST		BookingDetails	1612387174960	1612387175984	OK	 
REQUEST		ConfirmPayment	1612387175080	1612387175986	OK	 
REQUEST		ConfirmPayment	1612387175097	1612387175986	OK	 
REQUEST		ConfirmPayment	1612387175108	1612387175988	OK	 
REQUEST		ConfirmPayment	1612387175081	1612387175988	OK	 
REQUEST		ConfirmPayment	1612387175125	1612387175998	OK	 
REQUEST		ConfirmPayment	1612387175151	1612387175999	OK	 
REQUEST		ConfirmPayment	1612387175108	1612387176006	OK	 
REQUEST		ConfirmPayment	1612387175804	1612387176036	OK	 
REQUEST		ConfirmPayment	1612387175804	1612387176037	OK	 
REQUEST		ConfirmPayment	1612387175818	1612387176038	OK	 
REQUEST		ConfirmPayment	1612387175804	1612387176108	OK	 
REQUEST		ConfirmPayment	1612387175880	1612387176171	OK	 
REQUEST		ConfirmPayment	1612387175880	1612387176171	OK	 
REQUEST		ConfirmPayment Redirect 1	1612387170259	1612387177214	OK	 
REQUEST		BookingDetails Redirect 1	1612387172270	1612387177213	OK	 
USER	Timed1	END	1612387177218
REQUEST		ConfirmPayment Redirect 1	1612387165263	1612387177220	OK	 
REQUEST		BookingDetails Redirect 1	1612387172299	1612387177221	OK	 
REQUEST		BookingDetails Redirect 1	1612387172297	1612387177221	OK	 
USER	Timed1	END	1612387177230
REQUEST		BookingDetails Redirect 1	1612387170522	1612387177230	OK	 
REQUEST		BookingDetails Redirect 1	1612387172280	1612387177237	OK	 
REQUEST		BookingDetails Redirect 1	1612387172284	1612387177239	OK	 
REQUEST		BookingDetails Redirect 1	1612387172295	1612387177256	OK	 
REQUEST		BookingDetails Redirect 1	1612387172287	1612387177258	OK	 
REQUEST		BookingDetails Redirect 1	1612387172284	1612387177275	OK	 
REQUEST		BookingDetails Redirect 1	1612387172289	1612387177284	OK	 
REQUEST		BookingDetails Redirect 1	1612387172269	1612387177286	OK	 
REQUEST		BookingDetails Redirect 1	1612387172270	1612387177298	OK	 
REQUEST		BookingDetails Redirect 1	1612387172284	1612387177325	OK	 
REQUEST		ConfirmPayment Redirect 1	1612387170226	1612387177384	OK	 
REQUEST		ConfirmPayment Redirect 1	1612387170432	1612387177385	OK	 
REQUEST		ConfirmPayment Redirect 1	1612387172897	1612387177390	OK	 
REQUEST		ConfirmPayment Redirect 1	1612387170340	1612387177408	OK	 
USER	Timed1	END	1612387177390
USER	Timed1	END	1612387177406
USER	Timed1	END	1612387177410
REQUEST		ConfirmPayment Redirect 1	1612387170461	1612387177420	OK	 
USER	Timed1	END	1612387177412
USER	Timed1	END	1612387177424
REQUEST		ConfirmPayment	1612387177221	1612387177439	OK	 
REQUEST		ConfirmPayment	1612387177227	1612387177439	OK	 
REQUEST		ConfirmPayment	1612387177250	1612387177441	OK	 
REQUEST		ConfirmPayment	1612387177230	1612387177440	OK	 
REQUEST		ConfirmPayment	1612387177252	1612387177456	OK	 
REQUEST		ConfirmPayment	1612387177291	1612387177459	OK	 
REQUEST		ConfirmPayment Redirect 1	1612387167334	1612387177523	OK	 
USER	Timed1	END	1612387177527
REQUEST		BookingDetails Redirect 1	1612387174267	1612387177892	OK	 
REQUEST		ConfirmPayment	1612387177291	1612387177894	OK	 
REQUEST		ConfirmPayment Redirect 1	1612387172264	1612387177894	OK	 
USER	Timed1	END	1612387177904
REQUEST		ConfirmPayment	1612387177301	1612387177906	OK	 
REQUEST		ConfirmPayment	1612387177258	1612387177916	OK	 
REQUEST		ConfirmPayment	1612387177256	1612387177918	OK	 
REQUEST		ConfirmPayment	1612387177286	1612387177918	OK	 
REQUEST		ConfirmPayment	1612387177270	1612387177922	OK	 
REQUEST		ConfirmPayment Redirect 1	1612387170513	1612387178056	OK	 
REQUEST		BookingDetails Redirect 1	1612387175843	1612387178064	OK	 
REQUEST		ConfirmPayment Redirect 1	1612387172900	1612387178064	OK	 
USER	Timed1	END	1612387178066
REQUEST		ConfirmPayment Redirect 1	1612387170202	1612387178069	OK	 
USER	Timed1	END	1612387178070
USER	Timed1	END	1612387178073
REQUEST		ConfirmPayment	1612387177329	1612387178074	OK	 
REQUEST		BookingDetails Redirect 1	1612387172265	1612387178080	OK	 
REQUEST		ConfirmPayment Redirect 1	1612387172257	1612387178082	OK	 
REQUEST		ConfirmPayment Redirect 1	1612387172276	1612387178087	OK	 
USER	Timed1	END	1612387178096
USER	Timed1	END	1612387178102
REQUEST		ConfirmPayment Redirect 1	1612387173556	1612387178101	OK	 
USER	Timed1	END	1612387178116
REQUEST		ConfirmPayment Redirect 1	1612387172897	1612387178273	OK	 
REQUEST		ConfirmPayment Redirect 1	1612387164671	1612387178273	OK	 
USER	Timed1	END	1612387178279
USER	Timed1	END	1612387178279
REQUEST		ConfirmPayment Redirect 1	1612387165728	1612387178283	OK	 
REQUEST		BookingDetails Redirect 1	1612387175765	1612387178283	OK	 
USER	Timed1	END	1612387178287
REQUEST		ConfirmPayment	1612387177903	1612387178356	OK	 
REQUEST		ConfirmPayment Redirect 1	1612387165254	1612387178356	OK	 
USER	Timed1	END	1612387178362
REQUEST		ConfirmPayment Redirect 1	1612387172264	1612387178363	OK	 
USER	Timed1	END	1612387178373
REQUEST		BookingDetails Redirect 1	1612387175768	1612387178391	OK	 
REQUEST		ConfirmPayment Redirect 1	1612387166518	1612387178402	OK	 
USER	Timed1	END	1612387178405
REQUEST		BookingDetails Redirect 1	1612387175768	1612387178417	OK	 
REQUEST		ConfirmPayment	1612387178068	1612387179325	OK	 
REQUEST		PostTicket Redirect 1	1612387156636	1612387179902	OK	 
REQUEST		ConfirmPayment Redirect 1	1612387170347	1612387179927	OK	 
REQUEST		ConfirmPayment Redirect 1	1612387174238	1612387179929	OK	 
USER	Timed1	END	1612387179930
USER	Timed1	END	1612387179931
REQUEST		ConfirmPayment	1612387178091	1612387179982	OK	 
REQUEST		ConfirmPayment	1612387178287	1612387179986	OK	 
REQUEST		ConfirmPayment	1612387178393	1612387179988	OK	 
REQUEST		ConfirmPayment	1612387178419	1612387179989	OK	 
REQUEST		BookingDetails Redirect 1	1612387175986	1612387181016	OK	 
REQUEST		ConfirmPayment Redirect 1	1612387172270	1612387182090	OK	 
USER	Timed1	END	1612387182094
REQUEST		ConfirmPayment Redirect 1	1612387174287	1612387182107	OK	 
USER	Timed1	END	1612387182109
REQUEST		ConfirmPayment Redirect 1	1612387173955	1612387182114	OK	 
USER	Timed1	END	1612387182116
REQUEST		ConfirmPayment Redirect 1	1612387174238	1612387182132	OK	 
USER	Timed1	END	1612387182139
REQUEST		ConfirmPayment Redirect 1	1612387174280	1612387183729	OK	 
USER	Timed1	END	1612387183731
REQUEST		ConfirmPayment Redirect 1	1612387174247	1612387183733	OK	 
REQUEST		ConfirmPayment Redirect 1	1612387174296	1612387183736	OK	 
REQUEST		ConfirmPayment Redirect 1	1612387172000	1612387183742	OK	 
REQUEST		ConfirmPayment Redirect 1	1612387174241	1612387183742	OK	 
USER	Timed1	END	1612387183736
USER	Timed1	END	1612387183739
USER	Timed1	END	1612387183745
USER	Timed1	END	1612387183745
REQUEST		PostEvent	1612387180912	1612387183863	OK	 
REQUEST		ConfirmPayment Redirect 1	1612387174157	1612387184196	KO	status.find.in(200,201,202,203,204,205,206,207,208,209,304), found 400
USER	Timed1	END	1612387184199
REQUEST		ConfirmPayment	1612387181018	1612387184385	OK	 
REQUEST		ConfirmPayment Redirect 1	1612387176040	1612387184387	OK	 
REQUEST		ConfirmPayment Redirect 1	1612387174282	1612387184387	OK	 
USER	Timed1	END	1612387184390
USER	Timed1	END	1612387184390
REQUEST		ConfirmPayment Redirect 1	1612387175996	1612387184586	OK	 
REQUEST		ConfirmPayment Redirect 1	1612387174298	1612387184586	OK	 
REQUEST		ConfirmPayment Redirect 1	1612387175853	1612387184587	OK	 
REQUEST		ConfirmPayment Redirect 1	1612387175855	1612387184593	OK	 
USER	Timed1	END	1612387184589
USER	Timed1	END	1612387184592
USER	Timed1	END	1612387184595
USER	Timed1	END	1612387184598
REQUEST		ConfirmPayment Redirect 1	1612387176174	1612387184677	OK	 
REQUEST		ConfirmPayment Redirect 1	1612387174287	1612387184677	OK	 
USER	Timed1	END	1612387184680
USER	Timed1	END	1612387184680
REQUEST		ConfirmPayment Redirect 1	1612387175855	1612387184682	OK	 
REQUEST		ConfirmPayment Redirect 1	1612387175996	1612387184684	OK	 
REQUEST		ConfirmPayment Redirect 1	1612387174282	1612387184686	OK	 
USER	Timed1	END	1612387184687
USER	Timed1	END	1612387184688
USER	Timed1	END	1612387184692
REQUEST		ConfirmPayment Redirect 1	1612387176175	1612387184800	OK	 
USER	Timed1	END	1612387184802
REQUEST		ConfirmPayment Redirect 1	1612387174282	1612387185006	OK	 
REQUEST		ConfirmPayment Redirect 1	1612387177927	1612387185006	OK	 
USER	Timed1	END	1612387185012
USER	Timed1	END	1612387185012
REQUEST		ConfirmPayment Redirect 1	1612387174267	1612387185014	KO	status.find.in(200,201,202,203,204,205,206,207,208,209,304), found 400
USER	Timed1	END	1612387185016
REQUEST		ConfirmPayment Redirect 1	1612387176110	1612387185399	OK	 
REQUEST		ConfirmPayment Redirect 1	1612387177450	1612387185399	OK	 
REQUEST		ConfirmPayment Redirect 1	1612387175982	1612387185399	OK	 
REQUEST		ConfirmPayment Redirect 1	1612387176040	1612387185404	OK	 
USER	Timed1	END	1612387185404
USER	Timed1	END	1612387185405
USER	Timed1	END	1612387185406
USER	Timed1	END	1612387185406
REQUEST		ConfirmPayment Redirect 1	1612387177932	1612387185407	OK	 
USER	Timed1	END	1612387185415
REQUEST		ConfirmPayment Redirect 1	1612387177919	1612387185417	OK	 
REQUEST		ConfirmPayment Redirect 1	1612387177928	1612387185417	OK	 
REQUEST		ConfirmPayment Redirect 1	1612387175993	1612387185418	OK	 
USER	Timed1	END	1612387185422
USER	Timed1	END	1612387185422
REQUEST		ConfirmPayment Redirect 1	1612387177466	1612387185420	OK	 
USER	Timed1	END	1612387185423
USER	Timed1	END	1612387185426
REQUEST		ConfirmPayment Redirect 1	1612387177454	1612387185432	OK	 
USER	Timed1	END	1612387185434
REQUEST		ConfirmPayment Redirect 1	1612387175993	1612387185450	OK	 
USER	Timed1	END	1612387185452
REQUEST		ConfirmPayment Redirect 1	1612387175982	1612387185596	OK	 
USER	Timed1	END	1612387185598
REQUEST		ConfirmPayment Redirect 1	1612387177903	1612387185605	OK	 
USER	Timed1	END	1612387185608
REQUEST		ConfirmPayment Redirect 1	1612387174239	1612387185718	OK	 
USER	Timed1	END	1612387185720
REQUEST		ConfirmPayment Redirect 1	1612387177912	1612387185730	OK	 
USER	Timed1	END	1612387185732
REQUEST		ConfirmPayment Redirect 1	1612387177458	1612387185767	OK	 
USER	Timed1	END	1612387185769
REQUEST		ConfirmPayment Redirect 1	1612387179327	1612387185772	OK	 
USER	Timed1	END	1612387185774
REQUEST		ConfirmPayment Redirect 1	1612387178360	1612387185776	OK	 
USER	Timed1	END	1612387185780
REQUEST		ConfirmPayment Redirect 1	1612387177454	1612387185780	OK	 
USER	Timed1	END	1612387185782
REQUEST		ConfirmPayment Redirect 1	1612387180000	1612387185783	OK	 
USER	Timed1	END	1612387185787
REQUEST		ConfirmPayment Redirect 1	1612387179989	1612387185798	OK	 
USER	Timed1	END	1612387185800
REQUEST		ConfirmPayment Redirect 1	1612387176039	1612387185806	OK	 
USER	Timed1	END	1612387185809
REQUEST		ConfirmPayment Redirect 1	1612387176007	1612387185812	KO	status.find.in(200,201,202,203,204,205,206,207,208,209,304), found 400
USER	Timed1	END	1612387185814
REQUEST		ConfirmPayment Redirect 1	1612387178084	1612387185815	OK	 
USER	Timed1	END	1612387185822
REQUEST		ConfirmPayment Redirect 1	1612387179984	1612387185837	OK	 
USER	Timed1	END	1612387185839
REQUEST		ConfirmPayment Redirect 1	1612387179988	1612387185858	OK	 
USER	Timed1	END	1612387185861
REQUEST		PostEvent Redirect 1	1612387183864	1612387186087	OK	 
REQUEST		ConfirmPayment Redirect 1	1612387177453	1612387186087	KO	status.find.in(200,201,202,203,204,205,206,207,208,209,304), found 400
USER	Timed1	END	1612387186090
REQUEST		ConfirmPayment Redirect 1	1612387175999	1612387186151	KO	status.find.in(200,201,202,203,204,205,206,207,208,209,304), found 400
USER	Timed1	END	1612387186154
REQUEST		ConfirmPayment Redirect 1	1612387176005	1612387186187	KO	status.find.in(200,201,202,203,204,205,206,207,208,209,304), found 400
USER	Timed1	END	1612387186189
REQUEST		ConfirmPayment Redirect 1	1612387184387	1612387186434	OK	 
USER	Timed1	END	1612387186436
REQUEST		CreateTimed	1612387187105	1612387187111	OK	 
REQUEST		CreateTimed Redirect 1	1612387187111	1612387187280	OK	 
REQUEST		BookingDetails	1612387188288	1612387188292	OK	 
REQUEST		BookingDetails Redirect 1	1612387188295	1612387188593	OK	 
REQUEST		ConfirmPayment	1612387188595	1612387188598	OK	 
REQUEST		ConfirmPayment Redirect 1	1612387188600	1612387189161	OK	 
USER	Timed1	END	1612387189164
