RUN	LocalSimulation3	localsimulation3	1610359693417	 	3.5.0
USER	LocalSimulation3	START	1610359695014
REQUEST		request_0	1610359695045	1610359695396	OK	 
REQUEST		request_0 Redirect 1	1610359695408	1610359695832	OK	 
ERROR	request_6: Failed to build request: Resource /localsimulation3/0006_request.txt not found 	1610359695850
ERROR	request_7: Failed to build request: Resource /localsimulation3/0007_request.txt not found 	1610359695850
ERROR	request_10: Failed to build request: Resource /localsimulation3/0010_request.json not found 	1610359695852
REQUEST		request_3	1610359695871	1610359695896	OK	 
REQUEST		request_4	1610359695878	1610359695906	OK	 
REQUEST		request_8	1610359695874	1610359695907	OK	 
REQUEST		request_9	1610359695879	1610359695930	KO	status.find.in(200,201,202,203,204,205,206,207,208,209,304), found 401
REQUEST		request_2	1610359695871	1610359695976	OK	 
REQUEST		request_1	1610359695873	1610359696032	OK	 
REQUEST		request_5	1610359695877	1610359696322	OK	 
REQUEST		request_11	1610359699326	1610359699330	OK	 
ERROR	request_12: Failed to build request: Resource /localsimulation3/0012_request.json not found 	1610359699330
ERROR	request_14: Failed to build request: Resource /localsimulation3/0014_request.json not found 	1610359699330
REQUEST		request_13	1610359699331	1610359699438	OK	 
ERROR	request_15: Failed to build request: Resource /localsimulation3/0015_request.txt not found 	1610359701440
ERROR	request_16: Failed to build request: Resource /localsimulation3/0016_request.txt not found 	1610359702446
REQUEST		request_17	1610359705448	1610359705452	OK	 
ERROR	request_18: Failed to build request: Resource /localsimulation3/0018_request.json not found 	1610359705452
ERROR	request_19: Failed to build request: Resource /localsimulation3/0019_request.json not found 	1610359705453
REQUEST		request_20	1610359705508	1610359705537	OK	 
REQUEST		request_37	1610359705523	1610359705539	KO	status.find.in(200,201,202,203,204,205,206,207,208,209,304), found 401
REQUEST		request_21	1610359705520	1610359705543	KO	status.find.in(200,201,202,203,204,205,206,207,208,209,304), found 401
REQUEST		request_35	1610359705489	1610359705724	OK	 
REQUEST		request_28	1610359705507	1610359705742	OK	 
REQUEST		request_26	1610359705509	1610359705791	OK	 
REQUEST		request_29	1610359705511	1610359705798	OK	 
REQUEST		request_25	1610359705512	1610359705801	OK	 
REQUEST		request_27	1610359705517	1610359705804	OK	 
REQUEST		request_24	1610359705518	1610359705809	OK	 
REQUEST		request_23	1610359705519	1610359705812	OK	 
REQUEST		request_22	1610359705526	1610359705815	OK	 
REQUEST		request_32	1610359705507	1610359706385	OK	 
REQUEST		request_36	1610359705513	1610359706412	OK	 
REQUEST		request_38	1610359705459	1610359706413	OK	 
REQUEST		request_41	1610359705488	1610359706447	OK	 
REQUEST		request_40	1610359705514	1610359706462	OK	 
REQUEST		request_33	1610359705510	1610359706466	OK	 
REQUEST		request_34	1610359705519	1610359706513	OK	 
REQUEST		request_30	1610359705516	1610359706514	OK	 
REQUEST		request_31	1610359705522	1610359706515	OK	 
REQUEST		request_39	1610359705528	1610359706516	OK	 
REQUEST		request_42	1610359707518	1610359707550	OK	 
ERROR	request_45: Failed to build request: Resource /localsimulation3/0045_request.txt not found 	1610359707551
ERROR	request_46: Failed to build request: Resource /localsimulation3/0046_request.txt not found 	1610359707552
REQUEST		request_44	1610359707553	1610359707568	OK	 
REQUEST		request_47	1610359707552	1610359707735	OK	 
REQUEST		request_43	1610359707554	1610359707736	OK	 
REQUEST		request_48	1610359708737	1610359708933	OK	 
REQUEST		request_49	1610359709935	1610359710143	OK	 
REQUEST		request_50	1610359710145	1610359710329	OK	 
REQUEST		request_51	1610359711331	1610359711334	OK	 
ERROR	request_53: Failed to build request: Resource /localsimulation3/0053_request.json not found 	1610359711342
REQUEST		request_54	1610359711343	1610359711534	OK	 
REQUEST		request_56	1610359711371	1610359711575	OK	 
REQUEST		request_55	1610359711374	1610359711579	OK	 
REQUEST		request_52	1610359711344	1610359711744	KO	status.find.in(200,201,202,203,204,205,206,207,208,209,304), found 400
REQUEST		request_57	1610359713746	1610359713769	OK	 
ERROR	request_58: Failed to build request: Resource /localsimulation3/0058_request.json not found 	1610359713769
ERROR	request_59: Failed to build request: Resource /localsimulation3/0059_request.txt not found 	1610359715770
USER	LocalSimulation3	END	1610359715788
