RUN	LocalSimulation3	localsimulation3	1610358831653	 	3.5.0
USER	LocalSimulation3	START	1610358833346
REQUEST		request_0	1610358833383	1610358833763	OK	 
REQUEST		request_0 Redirect 1	1610358833779	1610358834200	OK	 
ERROR	request_6: Failed to build request: Resource /localsimulation3/0006_request.txt not found 	1610358834217
ERROR	request_7: Failed to build request: Resource /localsimulation3/0007_request.txt not found 	1610358834217
ERROR	request_9: Failed to build request: Resource /localsimulation3/0009_request.json not found 	1610358834217
ERROR	request_10: Failed to build request: Resource /localsimulation3/0010_request.json not found 	1610358834217
REQUEST		request_4	1610358834236	1610358834259	OK	 
REQUEST		request_3	1610358834237	1610358834268	OK	 
REQUEST		request_8	1610358834235	1610358834271	OK	 
REQUEST		request_1	1610358834233	1610358834306	OK	 
REQUEST		request_5	1610358834241	1610358834417	OK	 
REQUEST		request_2	1610358834234	1610358834500	OK	 
REQUEST		request_11	1610358837513	1610358837517	OK	 
ERROR	request_12: Failed to build request: Resource /localsimulation3/0012_request.json not found 	1610358837517
ERROR	request_14: Failed to build request: Resource /localsimulation3/0014_request.json not found 	1610358837518
REQUEST		request_13	1610358837519	1610358837595	OK	 
ERROR	request_15: Failed to build request: Resource /localsimulation3/0015_request.txt not found 	1610358839604
ERROR	request_16: Failed to build request: Resource /localsimulation3/0016_request.txt not found 	1610358840623
REQUEST		request_17	1610358843634	1610358843637	OK	 
ERROR	request_18: Failed to build request: Resource /localsimulation3/0018_request.json not found 	1610358843638
ERROR	request_19: Failed to build request: Resource /localsimulation3/0019_request.json not found 	1610358843638
REQUEST		request_20	1610358843691	1610358843718	OK	 
REQUEST		request_21	1610358843704	1610358843754	OK	 
REQUEST		request_35	1610358843667	1610358843892	OK	 
REQUEST		request_29	1610358843689	1610358843902	OK	 
REQUEST		request_27	1610358843690	1610358843953	OK	 
REQUEST		request_24	1610358843693	1610358843959	OK	 
REQUEST		request_28	1610358843696	1610358843961	OK	 
REQUEST		request_26	1610358843700	1610358844080	OK	 
REQUEST		request_22	1610358843701	1610358844081	OK	 
REQUEST		request_25	1610358843703	1610358844084	OK	 
REQUEST		request_21	1610358843755	1610358844136	KO	status.find.in(200,201,202,203,204,205,206,207,208,209,304), found 400
REQUEST		request_37	1610358843694	1610358844139	KO	status.find.in(200,201,202,203,204,205,206,207,208,209,304), found 400
REQUEST		request_23	1610358843698	1610358844419	OK	 
REQUEST		request_31	1610358843643	1610358844606	OK	 
REQUEST		request_40	1610358843666	1610358844607	OK	 
REQUEST		request_30	1610358843666	1610358844647	OK	 
REQUEST		request_36	1610358843699	1610358844648	OK	 
REQUEST		request_34	1610358843702	1610358844708	OK	 
REQUEST		request_32	1610358843687	1610358844731	OK	 
REQUEST		request_39	1610358843688	1610358844736	OK	 
REQUEST		request_33	1610358843706	1610358844738	OK	 
REQUEST		request_38	1610358843705	1610358844740	OK	 
REQUEST		request_41	1610358843707	1610358844741	OK	 
REQUEST		request_42	1610358845743	1610358845777	OK	 
ERROR	request_45: Failed to build request: Resource /localsimulation3/0045_request.txt not found 	1610358845779
ERROR	request_46: Failed to build request: Resource /localsimulation3/0046_request.txt not found 	1610358845779
REQUEST		request_44	1610358845781	1610358845796	OK	 
REQUEST		request_43	1610358845779	1610358845968	OK	 
REQUEST		request_47	1610358845782	1610358845971	OK	 
REQUEST		request_48	1610358846974	1610358847197	OK	 
REQUEST		request_49	1610358848203	1610358848384	OK	 
REQUEST		request_50	1610358848385	1610358848566	OK	 
REQUEST		request_51	1610358849576	1610358849578	OK	 
ERROR	request_53: Failed to build request: Resource /localsimulation3/0053_request.json not found 	1610358849584
REQUEST		request_54	1610358849586	1610358849791	OK	 
REQUEST		request_56	1610358849587	1610358849795	OK	 
REQUEST		request_55	1610358849585	1610358849796	OK	 
REQUEST		request_52	1610358849588	1610358850027	KO	status.find.in(200,201,202,203,204,205,206,207,208,209,304), found 400
REQUEST		request_57	1610358852043	1610358852061	OK	 
ERROR	request_58: Failed to build request: Resource /localsimulation3/0058_request.json not found 	1610358852062
ERROR	request_59: Failed to build request: Resource /localsimulation3/0059_request.txt not found 	1610358854076
USER	LocalSimulation3	END	1610358854127
