RUN	Timed1	timed1	1612457416518	 	3.5.0
USER	Timed1	START	1612457418436
REQUEST		GetToken	1612457418477	1612457418823	OK	 
USER	Timed1	START	1612457418920
REQUEST		GetToken	1612457418926	1612457419068	OK	 
USER	Timed1	START	1612457419420
REQUEST		GetToken	1612457419420	1612457419580	OK	 
USER	Timed1	START	1612457419921
REQUEST		AddToCart	1612457419947	1612457420014	OK	 
REQUEST		GetToken	1612457419923	1612457420108	OK	 
REQUEST		AddToCart	1612457420075	1612457420117	OK	 
USER	Timed1	START	1612457420422
REQUEST		GetToken	1612457420422	1612457420590	OK	 
REQUEST		AddToCart	1612457420601	1612457420663	OK	 
REQUEST		AddToCart	1612457421127	1612457421187	OK	 
USER	Timed1	START	1612457421412
REQUEST		GetTours	1612457421020	1612457421438	OK	 
REQUEST		GetTours	1612457421121	1612457421446	OK	 
REQUEST		GetToken	1612457421418	1612457421593	OK	 
REQUEST		AddToCart	1612457421604	1612457421653	OK	 
REQUEST		GetTours	1612457421668	1612457421806	OK	 
USER	Timed1	START	1612457421912
REQUEST		GetToken	1612457421913	1612457422074	OK	 
REQUEST		GetTours	1612457422191	1612457422331	OK	 
USER	Timed1	START	1612457422413
REQUEST		GetToken	1612457422413	1612457422567	OK	 
REQUEST		AddTourToCart	1612457422450	1612457422633	OK	 
REQUEST		AddToCart	1612457422600	1612457422648	OK	 
REQUEST		GetTours	1612457422661	1612457422808	OK	 
USER	Timed1	START	1612457422912
REQUEST		AddTourToCart	1612457422818	1612457423053	OK	 
REQUEST		GetToken	1612457422913	1612457423155	OK	 
REQUEST		AddToCart	1612457423080	1612457423236	OK	 
USER	Timed1	START	1612457423414
REQUEST		AddTourToCart	1612457423337	1612457423513	OK	 
REQUEST		GetToken	1612457423415	1612457423609	OK	 
REQUEST		AddToCart	1612457423574	1612457423622	OK	 
REQUEST		AddTourToCart	1612457422455	1612457423745	OK	 
REQUEST		GetTours	1612457423654	1612457423785	OK	 
REQUEST		AddTourToCart	1612457423823	1612457424008	OK	 
REQUEST		AddToCart	1612457424161	1612457424223	OK	 
REQUEST		GetTours	1612457424242	1612457424394	OK	 
USER	Timed1	START	1612457424412
REQUEST		GetToken	1612457424412	1612457424621	OK	 
REQUEST		AddToCart	1612457424620	1612457424662	OK	 
REQUEST		GetTours	1612457424637	1612457424780	OK	 
USER	Timed1	START	1612457424913
REQUEST		AddTourToCart	1612457424791	1612457424971	OK	 
REQUEST		GetToken	1612457424914	1612457425079	OK	 
REQUEST		GetTours	1612457425228	1612457425361	OK	 
USER	Timed1	START	1612457425414
REQUEST		AddTourToCart	1612457425400	1612457425551	OK	 
REQUEST		GetToken	1612457425416	1612457425579	OK	 
REQUEST		AddToCart	1612457425643	1612457425681	OK	 
REQUEST		GetTours	1612457425667	1612457425796	OK	 
USER	Timed1	START	1612457425913
REQUEST		AddTourToCart	1612457425787	1612457425930	OK	 
REQUEST		GetToken	1612457425913	1612457426087	OK	 
REQUEST		AddToCart	1612457426084	1612457426115	OK	 
USER	Timed1	START	1612457426413
REQUEST		AddTourToCart	1612457426367	1612457426517	OK	 
REQUEST		GetToken	1612457426413	1612457426558	OK	 
REQUEST		AddToCart	1612457426586	1612457426630	OK	 
REQUEST		GetTours	1612457426719	1612457426861	OK	 
REQUEST		AddTourToCart	1612457426803	1612457426956	OK	 
REQUEST		AddToCart	1612457427094	1612457427138	OK	 
REQUEST		GetTours	1612457427121	1612457427268	OK	 
USER	Timed1	START	1612457427412
REQUEST		GetToken	1612457427413	1612457427587	OK	 
REQUEST		GetTours	1612457427634	1612457427781	OK	 
REQUEST		AddToCart	1612457427567	1612457427860	OK	 
USER	Timed1	START	1612457427913
REQUEST		AddTourToCart	1612457427867	1612457428025	OK	 
REQUEST		GetToken	1612457427914	1612457428039	OK	 
REQUEST		GetTours	1612457428142	1612457428309	OK	 
USER	Timed1	START	1612457428414
REQUEST		AddTourToCart	1612457428273	1612457428437	OK	 
REQUEST		GetToken	1612457428415	1612457428554	OK	 
REQUEST		AddToCart	1612457428592	1612457428642	OK	 
USER	Timed1	START	1612457428913
REQUEST		AddTourToCart	1612457428787	1612457428954	OK	 
REQUEST		GetTours	1612457428866	1612457429053	OK	 
REQUEST		AddToCart	1612457429044	1612457429177	OK	 
REQUEST		GetToken	1612457428915	1612457429186	OK	 
USER	Timed1	START	1612457429413
REQUEST		AddTourToCart	1612457429315	1612457429457	OK	 
REQUEST		GetToken	1612457429414	1612457429557	OK	 
REQUEST		AddToCart	1612457429561	1612457429601	OK	 
REQUEST		CreateTimed	1612457429638	1612457429717	OK	 
REQUEST		GetTours	1612457429655	1612457429824	OK	 
REQUEST		CreateTimed	1612457430065	1612457430121	OK	 
REQUEST		AddTourToCart	1612457430057	1612457430203	OK	 
REQUEST		AddToCart	1612457430202	1612457430252	OK	 
USER	Timed1	START	1612457430412
REQUEST		CreateTimed	1612457430519	1612457430900	OK	 
REQUEST		GetTours	1612457430605	1612457430903	OK	 
REQUEST		BookingDetails	1612457430723	1612457430914	OK	 
REQUEST		AddToCart	1612457430563	1612457430916	OK	 
USER	Timed1	START	1612457430913
REQUEST		CreateTimed	1612457430752	1612457430919	OK	 
REQUEST		GetTours	1612457430195	1612457430938	OK	 
REQUEST		AddTourToCart	1612457430829	1612457430977	OK	 
REQUEST		GetToken	1612457430413	1612457430986	OK	 
REQUEST		GetToken	1612457430916	1612457431039	OK	 
REQUEST		CreateTimed	1612457431016	1612457431071	OK	 
REQUEST		ConfirmPayment	1612457430925	1612457431127	OK	 
REQUEST		BookingDetails	1612457431127	1612457431226	OK	 
REQUEST		ConfirmPayment	1612457431228	1612457431355	OK	 
REQUEST		GetTours	1612457431257	1612457431405	OK	 
USER	Timed1	START	1612457431412
REQUEST		GetToken	1612457431415	1612457431547	OK	 
USER	Timed1	START	1612457431912
REQUEST		BookingDetails	1612457431909	1612457431985	OK	 
REQUEST		BookingDetails	1612457431933	1612457432000	OK	 
REQUEST		AddToCart	1612457431994	1612457432023	OK	 
REQUEST		CreateTimed	1612457431994	1612457432094	OK	 
REQUEST		AddToCart	1612457432047	1612457432120	OK	 
REQUEST		AddTourToCart	1612457431913	1612457432120	OK	 
REQUEST		GetTours	1612457431930	1612457432121	OK	 
REQUEST		ConfirmPayment	1612457431988	1612457432251	OK	 
REQUEST		AddTourToCart	1612457431943	1612457432254	OK	 
REQUEST		BookingDetails	1612457432078	1612457432274	OK	 
REQUEST		ConfirmPayment	1612457432007	1612457432274	OK	 
REQUEST		GetToken	1612457431913	1612457432295	OK	 
USER	Timed1	START	1612457432413
REQUEST		ConfirmPayment	1612457432276	1612457432472	OK	 
REQUEST		AddTourToCart	1612457432410	1612457432559	OK	 
REQUEST		GetToken	1612457432413	1612457432559	OK	 
REQUEST		CreateTimed	1612457432557	1612457432608	OK	 
REQUEST		AddToCart	1612457432588	1612457432628	OK	 
REQUEST		CreateTimed	1612457432939	1612457432990	OK	 
REQUEST		GetTours	1612457433027	1612457433199	OK	 
REQUEST		BookingDetails	1612457433099	1612457433245	OK	 
REQUEST		GetTours	1612457433129	1612457433280	OK	 
REQUEST		AddTourToCart	1612457433130	1612457433314	OK	 
REQUEST		AddToCart	1612457433299	1612457433338	OK	 
REQUEST		ConfirmPayment	1612457433247	1612457433383	OK	 
USER	Timed1	START	1612457433413
REQUEST		GetToken	1612457433414	1612457433567	OK	 
REQUEST		CreateTimed	1612457433524	1612457433577	OK	 
REQUEST		AddToCart	1612457433564	1612457433604	OK	 
REQUEST		BookingDetails	1612457433618	1612457433704	OK	 
REQUEST		GetTours	1612457433633	1612457433814	OK	 
REQUEST		ConfirmPayment	1612457433708	1612457433830	OK	 
USER	Timed1	START	1612457433912
REQUEST		CreateTimed	1612457433963	1612457434024	OK	 
REQUEST		BookingDetails	1612457433994	1612457434046	OK	 
REQUEST		GetToken	1612457433913	1612457434061	OK	 
USER	Timed1	END	1612457434140
REQUEST		ConfirmPayment	1612457434048	1612457434203	OK	 
USER	Timed1	END	1612457434360
REQUEST		AddTourToCart	1612457434204	1612457434365	OK	 
USER	Timed1	START	1612457434412
REQUEST		AddTourToCart	1612457434284	1612457434439	OK	 
REQUEST		GetTours	1612457434341	1612457434507	OK	 
REQUEST		GetToken	1612457434414	1612457434558	OK	 
REQUEST		BookingDetails	1612457434580	1612457434631	OK	 
REQUEST		AddToCart	1612457434577	1612457434631	OK	 
REQUEST		GetTours	1612457434608	1612457434744	OK	 
REQUEST		ConfirmPayment	1612457434634	1612457434777	OK	 
USER	Timed1	START	1612457434914
REQUEST		AddTourToCart	1612457434818	1612457434997	OK	 
REQUEST		BookingDetails	1612457435028	1612457435074	OK	 
REQUEST		CreateTimed	1612457435031	1612457435092	OK	 
REQUEST		GetToken	1612457434914	1612457435107	OK	 
REQUEST		AddToCart	1612457435064	1612457435114	OK	 
REQUEST		ConfirmPayment	1612457435077	1612457435216	OK	 
USER	Timed1	END	1612457435256
USER	Timed1	END	1612457435278
USER	Timed1	START	1612457435413
USER	Timed1	END	1612457435476
REQUEST		CreateTimed	1612457435456	1612457435506	OK	 
REQUEST		AddToCart	1612457435563	1612457435596	OK	 
REQUEST		GetToken	1612457435413	1612457435625	OK	 
REQUEST		AddTourToCart	1612457435517	1612457435692	OK	 
REQUEST		GetTours	1612457435637	1612457435778	OK	 
REQUEST		AddTourToCart	1612457435779	1612457435940	OK	 
REQUEST		CreateTimed	1612457435962	1612457436002	OK	 
REQUEST		BookingDetails	1612457436098	1612457436158	OK	 
REQUEST		AddToCart	1612457436111	1612457436165	OK	 
REQUEST		GetTours	1612457436117	1612457436299	OK	 
REQUEST		ConfirmPayment	1612457436160	1612457436302	OK	 
USER	Timed1	END	1612457436388
USER	Timed1	START	1612457436412
REQUEST		CreateTimed	1612457436464	1612457436509	OK	 
REQUEST		BookingDetails	1612457436509	1612457436556	OK	 
REQUEST		GetToken	1612457436412	1612457436556	OK	 
REQUEST		AddToCart	1612457436629	1612457436666	OK	 
REQUEST		GetTours	1612457436600	1612457436742	OK	 
REQUEST		ConfirmPayment	1612457436559	1612457436768	OK	 
USER	Timed1	END	1612457436836
USER	Timed1	START	1612457436913
REQUEST		AddTourToCart	1612457436782	1612457436924	OK	 
REQUEST		BookingDetails	1612457437009	1612457437050	OK	 
REQUEST		GetToken	1612457436913	1612457437061	OK	 
USER	Timed1	END	1612457437208
REQUEST		ConfirmPayment	1612457437053	1612457437244	OK	 
REQUEST		CreateTimed	1612457437212	1612457437248	OK	 
REQUEST		GetTours	1612457437171	1612457437306	OK	 
USER	Timed1	START	1612457437412
REQUEST		AddTourToCart	1612457437303	1612457437453	OK	 
REQUEST		GetToken	1612457437412	1612457437537	OK	 
REQUEST		BookingDetails	1612457437513	1612457437559	OK	 
REQUEST		AddToCart	1612457437561	1612457437598	OK	 
REQUEST		ConfirmPayment	1612457437561	1612457437686	OK	 
USER	Timed1	END	1612457437781
REQUEST		GetTours	1612457437669	1612457437861	OK	 
REQUEST		AddTourToCart	1612457437746	1612457437904	OK	 
USER	Timed1	START	1612457437911
REQUEST		CreateTimed	1612457438023	1612457438092	OK	 
REQUEST		AddToCart	1612457438065	1612457438112	OK	 
REQUEST		GetToken	1612457437914	1612457438112	OK	 
USER	Timed1	END	1612457438220
REQUEST		BookingDetails	1612457438252	1612457438300	OK	 
USER	Timed1	START	1612457438413
REQUEST		ConfirmPayment	1612457438302	1612457438445	OK	 
REQUEST		AddTourToCart	1612457438311	1612457438459	OK	 
REQUEST		AddToCart	1612457438543	1612457438655	OK	 
REQUEST		GetToken	1612457438413	1612457438658	OK	 
REQUEST		GetTours	1612457438602	1612457438786	OK	 
REQUEST		AddTourToCart	1612457438864	1612457439042	OK	 
REQUEST		BookingDetails	1612457439095	1612457439165	OK	 
REQUEST		AddToCart	1612457439119	1612457439171	OK	 
REQUEST		CreateTimed	1612457439131	1612457439184	OK	 
REQUEST		GetTours	1612457439117	1612457439271	OK	 
REQUEST		ConfirmPayment	1612457439167	1612457439308	OK	 
REQUEST		CreateTimed	1612457439258	1612457439300	OK	 
USER	Timed1	END	1612457439308
USER	Timed1	START	1612457439412
REQUEST		GetToken	1612457439412	1612457439559	OK	 
REQUEST		CreateTimed	1612457439563	1612457439600	OK	 
REQUEST		AddToCart	1612457439661	1612457439724	OK	 
USER	Timed1	END	1612457439771
REQUEST		GetTours	1612457439659	1612457439841	OK	 
USER	Timed1	START	1612457439912
REQUEST		AddTourToCart	1612457439790	1612457439955	OK	 
REQUEST		GetToken	1612457439912	1612457440028	OK	 
USER	Timed1	END	1612457440248
REQUEST		BookingDetails	1612457440192	1612457440287	OK	 
REQUEST		GetTours	1612457440178	1612457440312	OK	 
USER	Timed1	START	1612457440413
REQUEST		CreateTimed	1612457440318	1612457440482	OK	 
REQUEST		BookingDetails	1612457440314	1612457440484	OK	 
REQUEST		AddTourToCart	1612457440278	1612457440493	OK	 
REQUEST		ConfirmPayment	1612457440292	1612457440529	OK	 
REQUEST		GetToken	1612457440413	1612457440579	OK	 
REQUEST		AddToCart	1612457440563	1612457440597	OK	 
REQUEST		ConfirmPayment	1612457440485	1612457440616	OK	 
REQUEST		BookingDetails	1612457440603	1612457440691	OK	 
USER	Timed1	END	1612457440691
REQUEST		GetTours	1612457440728	1612457440862	OK	 
USER	Timed1	START	1612457440912
REQUEST		AddTourToCart	1612457440845	1612457440982	OK	 
REQUEST		GetToken	1612457440912	1612457441056	OK	 
REQUEST		AddToCart	1612457441033	1612457441064	OK	 
USER	Timed1	START	1612457441414
REQUEST		CreateTimed	1612457441370	1612457441428	OK	 
USER	Timed1	END	1612457441447
REQUEST		AddTourToCart	1612457441316	1612457441457	OK	 
REQUEST		CreateTimed	1612457441443	1612457441479	OK	 
REQUEST		BookingDetails	1612457441485	1612457441519	OK	 
REQUEST		GetToken	1612457441420	1612457441542	OK	 
REQUEST		AddToCart	1612457441583	1612457441625	OK	 
REQUEST		ConfirmPayment	1612457441521	1612457441666	OK	 
REQUEST		GetTours	1612457441601	1612457441736	OK	 
REQUEST		ConfirmPayment	1612457440694	1612457441862	OK	 
REQUEST		AddTourToCart	1612457441866	1612457442019	OK	 
REQUEST		CreateTimed	1612457442003	1612457442051	OK	 
REQUEST		AddToCart	1612457442064	1612457442114	OK	 
REQUEST		GetTours	1612457442070	1612457442214	OK	 
USER	Timed1	END	1612457442314
USER	Timed1	START	1612457442412
REQUEST		BookingDetails	1612457442433	1612457442526	OK	 
REQUEST		BookingDetails	1612457442499	1612457442551	OK	 
REQUEST		AddToCart	1612457442547	1612457442590	OK	 
REQUEST		GetToken	1612457442412	1612457442621	OK	 
REQUEST		ConfirmPayment	1612457442529	1612457442672	OK	 
REQUEST		CreateTimed	1612457442696	1612457442746	OK	 
REQUEST		ConfirmPayment	1612457442553	1612457442773	OK	 
REQUEST		GetTours	1612457442629	1612457442783	OK	 
REQUEST		AddTourToCart	1612457442741	1612457442896	OK	 
USER	Timed1	START	1612457442913
REQUEST		CreateTimed	1612457442945	1612457442991	OK	 
REQUEST		GetToken	1612457442913	1612457443047	OK	 
REQUEST		BookingDetails	1612457443054	1612457443102	OK	 
REQUEST		ConfirmPayment	1612457443104	1612457443300	OK	 
REQUEST		GetTours	1612457443118	1612457443304	OK	 
REQUEST		AddTourToCart	1612457443234	1612457443395	OK	 
USER	Timed1	START	1612457443412
USER	Timed1	END	1612457443532
REQUEST		GetToken	1612457443412	1612457443569	OK	 
USER	Timed1	END	1612457443648
REQUEST		AddToCart	1612457443625	1612457443660	OK	 
REQUEST		GetTours	1612457443594	1612457443726	OK	 
REQUEST		BookingDetails	1612457443771	1612457443852	OK	 
USER	Timed1	START	1612457443912
REQUEST		AddTourToCart	1612457443788	1612457443955	OK	 
REQUEST		ConfirmPayment	1612457443854	1612457443983	OK	 
REQUEST		CreateTimed	1612457443929	1612457443990	OK	 
REQUEST		BookingDetails	1612457444001	1612457444054	OK	 
REQUEST		GetToken	1612457443912	1612457444054	OK	 
REQUEST		AddToCart	1612457444051	1612457444120	OK	 
REQUEST		ConfirmPayment	1612457444059	1612457444203	OK	 
USER	Timed1	START	1612457444413
REQUEST		AddTourToCart	1612457444308	1612457444467	OK	 
REQUEST		GetToken	1612457444413	1612457444535	OK	 
REQUEST		CreateTimed	1612457444458	1612457444535	OK	 
REQUEST		AddToCart	1612457444573	1612457444616	OK	 
USER	Timed1	END	1612457444669
REQUEST		GetTours	1612457444666	1612457444799	OK	 
USER	Timed1	END	1612457444866
REQUEST		AddTourToCart	1612457444731	1612457444927	OK	 
REQUEST		CreateTimed	1612457444918	1612457444968	OK	 
REQUEST		BookingDetails	1612457444995	1612457445033	OK	 
REQUEST		AddToCart	1612457445060	1612457445093	OK	 
REQUEST		ConfirmPayment	1612457445035	1612457445246	OK	 
REQUEST		GetTours	1612457445124	1612457445249	OK	 
USER	Timed1	START	1612457445414
REQUEST		CreateTimed	1612457445466	1612457445548	OK	 
REQUEST		AddToCart	1612457445541	1612457445594	OK	 
REQUEST		BookingDetails	1612457445540	1612457445595	OK	 
REQUEST		GetToken	1612457445440	1612457445605	OK	 
USER	Timed1	END	1612457445676
REQUEST		ConfirmPayment	1612457445599	1612457445721	OK	 
REQUEST		GetTours	1612457445620	1612457445737	OK	 
USER	Timed1	END	1612457445777
USER	Timed1	START	1612457445912
REQUEST		AddTourToCart	1612457445805	1612457445998	OK	 
REQUEST		GetToken	1612457445912	1612457446033	OK	 
REQUEST		BookingDetails	1612457445971	1612457446034	OK	 
REQUEST		CreateTimed	1612457446047	1612457446097	OK	 
REQUEST		ConfirmPayment	1612457446037	1612457446231	OK	 
REQUEST		GetTours	1612457446097	1612457446233	OK	 
USER	Timed1	END	1612457446304
REQUEST		AddTourToCart	1612457446251	1612457446406	OK	 
USER	Timed1	START	1612457446413
REQUEST		GetToken	1612457446414	1612457446540	OK	 
REQUEST		BookingDetails	1612457446555	1612457446595	OK	 
REQUEST		AddToCart	1612457446609	1612457446648	OK	 
REQUEST		ConfirmPayment	1612457446597	1612457446734	OK	 
REQUEST		GetTours	1612457446599	1612457446738	OK	 
USER	Timed1	START	1612457446913
REQUEST		AddTourToCart	1612457446751	1612457446916	OK	 
USER	Timed1	END	1612457446987
REQUEST		CreateTimed	1612457446962	1612457446998	OK	 
REQUEST		GetToken	1612457446913	1612457447038	OK	 
REQUEST		AddToCart	1612457447037	1612457447074	OK	 
REQUEST		BookingDetails	1612457447101	1612457447140	OK	 
USER	Timed1	END	1612457447207
REQUEST		ConfirmPayment	1612457447142	1612457447302	OK	 
REQUEST		AddTourToCart	1612457447237	1612457447403	OK	 
USER	Timed1	START	1612457447413
REQUEST		GetToken	1612457447415	1612457447542	OK	 
REQUEST		CreateTimed	1612457447501	1612457447576	OK	 
REQUEST		AddToCart	1612457447580	1612457447611	OK	 
REQUEST		GetTours	1612457447653	1612457447794	OK	 
REQUEST		AddTourToCart	1612457447752	1612457447916	OK	 
REQUEST		CreateTimed	1612457447986	1612457448026	OK	 
REQUEST		BookingDetails	1612457448008	1612457448050	OK	 
REQUEST		AddToCart	1612457448043	1612457448086	OK	 
REQUEST		ConfirmPayment	1612457448061	1612457448204	OK	 
REQUEST		GetTours	1612457448077	1612457448218	OK	 
USER	Timed1	END	1612457448250
USER	Timed1	START	1612457448412
REQUEST		CreateTimed	1612457448467	1612457448508	OK	 
REQUEST		GetToken	1612457448412	1612457448559	OK	 
REQUEST		AddToCart	1612457448580	1612457448628	OK	 
REQUEST		BookingDetails	1612457448581	1612457448653	OK	 
USER	Timed1	END	1612457448725
REQUEST		GetTours	1612457448628	1612457448767	OK	 
REQUEST		ConfirmPayment	1612457448655	1612457448824	OK	 
USER	Timed1	START	1612457448912
REQUEST		AddTourToCart	1612457448797	1612457448964	OK	 
REQUEST		GetToken	1612457448913	1612457449044	OK	 
REQUEST		BookingDetails	1612457449029	1612457449105	OK	 
REQUEST		CreateTimed	1612457449032	1612457449109	OK	 
REQUEST		GetTours	1612457449097	1612457449231	OK	 
USER	Timed1	END	1612457449238
REQUEST		ConfirmPayment	1612457449106	1612457449310	OK	 
REQUEST		AddTourToCart	1612457449222	1612457449361	OK	 
USER	Timed1	START	1612457449419
REQUEST		BookingDetails	1612457449512	1612457449591	OK	 
REQUEST		GetToken	1612457449438	1612457449591	OK	 
REQUEST		AddToCart	1612457449562	1612457449607	OK	 
REQUEST		ConfirmPayment	1612457449592	1612457449720	OK	 
USER	Timed1	END	1612457449739
REQUEST		GetTours	1612457449631	1612457449763	OK	 
USER	Timed1	START	1612457449913
REQUEST		AddTourToCart	1612457449771	1612457449930	OK	 
REQUEST		CreateTimed	1612457449900	1612457449970	OK	 
REQUEST		GetToken	1612457449914	1612457450041	OK	 
REQUEST		AddToCart	1612457450047	1612457450090	OK	 
REQUEST		BookingDetails	1612457450113	1612457450154	OK	 
REQUEST		ConfirmPayment	1612457450156	1612457450294	OK	 
USER	Timed1	END	1612457450306
REQUEST		AddTourToCart	1612457450239	1612457450398	OK	 
USER	Timed1	START	1612457450414
REQUEST		CreateTimed	1612457450400	1612457450434	OK	 
REQUEST		GetToken	1612457450414	1612457450529	OK	 
REQUEST		AddToCart	1612457450595	1612457450657	OK	 
REQUEST		GetTours	1612457450611	1612457450754	OK	 
REQUEST		AddTourToCart	1612457450766	1612457450928	OK	 
REQUEST		CreateTimed	1612457450959	1612457451014	OK	 
REQUEST		BookingDetails	1612457450974	1612457451021	OK	 
REQUEST		AddToCart	1612457451044	1612457451100	OK	 
REQUEST		ConfirmPayment	1612457451023	1612457451171	OK	 
USER	Timed1	END	1612457451207
REQUEST		GetTours	1612457451093	1612457451223	OK	 
USER	Timed1	START	1612457451428
REQUEST		GetTours	1612457451661	1612457451790	OK	 
USER	Timed1	END	1612457451828
USER	Timed1	START	1612457451913
REQUEST		AddToCart	1612457451533	1612457451993	OK	 
REQUEST		AddTourToCart	1612457451759	1612457451993	OK	 
REQUEST		BookingDetails	1612457451440	1612457451995	OK	 
REQUEST		GetToken	1612457451429	1612457451996	OK	 
REQUEST		CreateTimed	1612457451471	1612457451998	OK	 
REQUEST		GetToken	1612457451913	1612457452027	OK	 
REQUEST		CreateTimed	1612457451941	1612457452034	OK	 
REQUEST		BookingDetails	1612457452032	1612457452082	OK	 
REQUEST		ConfirmPayment	1612457451998	1612457452140	OK	 
REQUEST		GetTours	1612457452107	1612457452242	OK	 
USER	Timed1	END	1612457452315
REQUEST		AddTourToCart	1612457452226	1612457452367	OK	 
USER	Timed1	START	1612457452414
REQUEST		GetToken	1612457452414	1612457452561	OK	 
USER	Timed1	END	1612457452723
USER	Timed1	START	1612457452912
REQUEST		AddTourToCart	1612457452796	1612457452941	OK	 
REQUEST		GetToken	1612457452913	1612457453070	OK	 
REQUEST		AddToCart	1612457453001	1612457453081	OK	 
REQUEST		BookingDetails	1612457453006	1612457453081	OK	 
REQUEST		CreateTimed	1612457453011	1612457453095	OK	 
REQUEST		BookingDetails	1612457453044	1612457453095	OK	 
REQUEST		AddToCart	1612457453033	1612457453098	OK	 
REQUEST		GetTours	1612457452997	1612457453153	OK	 
REQUEST		ConfirmPayment	1612457453083	1612457453225	OK	 
REQUEST		ConfirmPayment	1612457453098	1612457453247	OK	 
REQUEST		ConfirmPayment	1612457452084	1612457453295	OK	 
USER	Timed1	END	1612457453298
REQUEST		AddTourToCart	1612457453247	1612457453400	OK	 
USER	Timed1	START	1612457453413
REQUEST		CreateTimed	1612457453412	1612457453472	OK	 
REQUEST		GetToken	1612457453418	1612457453571	OK	 
REQUEST		AddToCart	1612457453565	1612457453605	OK	 
REQUEST		CreateTimed	1612457453919	1612457453983	OK	 
REQUEST		AddToCart	1612457454074	1612457454110	OK	 
REQUEST		BookingDetails	1612457454099	1612457454147	OK	 
USER	Timed1	END	1612457454175
REQUEST		GetTours	1612457454102	1612457454241	OK	 
REQUEST		GetTours	1612457454085	1612457454248	OK	 
REQUEST		ConfirmPayment	1612457454149	1612457454289	OK	 
REQUEST		AddTourToCart	1612457454185	1612457454392	OK	 
USER	Timed1	START	1612457454412
REQUEST		CreateTimed	1612457454407	1612457454444	OK	 
REQUEST		BookingDetails	1612457454489	1612457454537	OK	 
REQUEST		GetToken	1612457454415	1612457454555	OK	 
REQUEST		ConfirmPayment	1612457454540	1612457454719	OK	 
REQUEST		AddToCart	1612457454575	1612457454719	OK	 
REQUEST		GetTours	1612457454609	1612457454760	OK	 
USER	Timed1	START	1612457454913
REQUEST		CreateTimed	1612457454919	1612457454961	OK	 
REQUEST		BookingDetails	1612457454986	1612457455037	OK	 
REQUEST		GetToken	1612457454913	1612457455037	OK	 
USER	Timed1	END	1612457455144
REQUEST		ConfirmPayment	1612457455040	1612457455167	OK	 
REQUEST		GetTours	1612457455113	1612457455251	OK	 
USER	Timed1	START	1612457455413
REQUEST		AddTourToCart	1612457455245	1612457455421	OK	 
REQUEST		AddTourToCart	1612457455253	1612457455446	OK	 
REQUEST		BookingDetails	1612457455447	1612457455503	OK	 
REQUEST		GetToken	1612457455413	1612457455536	OK	 
REQUEST		AddToCart	1612457455563	1612457455610	OK	 
REQUEST		ConfirmPayment	1612457455505	1612457455648	OK	 
REQUEST		GetTours	1612457455725	1612457455858	OK	 
USER	Timed1	START	1612457455913
REQUEST		AddTourToCart	1612457455766	1612457455924	OK	 
REQUEST		BookingDetails	1612457455964	1612457455999	OK	 
REQUEST		CreateTimed	1612457455969	1612457456000	OK	 
REQUEST		GetToken	1612457455913	1612457456033	OK	 
REQUEST		AddToCart	1612457456041	1612457456084	OK	 
REQUEST		ConfirmPayment	1612457456002	1612457456134	OK	 
USER	Timed1	END	1612457456228
USER	Timed1	END	1612457456250
USER	Timed1	END	1612457456299
REQUEST		CreateTimed	1612457456365	1612457456405	OK	 
REQUEST		AddTourToCart	1612457456255	1612457456410	OK	 
USER	Timed1	START	1612457456413
REQUEST		GetToken	1612457456413	1612457456542	OK	 
REQUEST		AddToCart	1612457456563	1612457456608	OK	 
REQUEST		GetTours	1612457456612	1612457456746	OK	 
REQUEST		CreateTimed	1612457456935	1612457456976	OK	 
REQUEST		AddTourToCart	1612457456862	1612457457003	OK	 
REQUEST		BookingDetails	1612457457004	1612457457035	OK	 
REQUEST		AddToCart	1612457457037	1612457457078	OK	 
REQUEST		ConfirmPayment	1612457457037	1612457457173	OK	 
REQUEST		GetTours	1612457457089	1612457457225	OK	 
USER	Timed1	END	1612457457292
USER	Timed1	START	1612457457421
REQUEST		CreateTimed	1612457457401	1612457457465	OK	 
REQUEST		BookingDetails	1612457457411	1612457457505	OK	 
REQUEST		AddToCart	1612457457546	1612457457620	OK	 
REQUEST		GetToken	1612457457447	1612457457620	OK	 
REQUEST		ConfirmPayment	1612457457510	1612457457642	OK	 
USER	Timed1	END	1612457457725
REQUEST		GetTours	1612457457612	1612457457740	OK	 
REQUEST		AddTourToCart	1612457457749	1612457457897	OK	 
USER	Timed1	START	1612457457913
REQUEST		CreateTimed	1612457457932	1612457457976	OK	 
REQUEST		BookingDetails	1612457457980	1612457458036	OK	 
REQUEST		GetToken	1612457457913	1612457458078	OK	 
REQUEST		ConfirmPayment	1612457458039	1612457458164	OK	 
USER	Timed1	END	1612457458170
REQUEST		GetTours	1612457458081	1612457458219	OK	 
USER	Timed1	START	1612457458413
REQUEST		AddTourToCart	1612457458229	1612457458414	OK	 
REQUEST		BookingDetails	1612457458468	1612457458510	OK	 
REQUEST		GetToken	1612457458414	1612457458589	OK	 
USER	Timed1	END	1612457458651
REQUEST		ConfirmPayment	1612457458513	1612457458652	OK	 
REQUEST		AddToCart	1612457458622	1612457458657	OK	 
REQUEST		GetTours	1612457458624	1612457458761	OK	 
REQUEST		AddTourToCart	1612457458748	1612457458904	OK	 
USER	Timed1	START	1612457458913
REQUEST		BookingDetails	1612457458982	1612457459020	OK	 
REQUEST		GetToken	1612457458913	1612457459039	OK	 
REQUEST		CreateTimed	1612457458999	1612457459042	OK	 
REQUEST		AddToCart	1612457459081	1612457459120	OK	 
USER	Timed1	END	1612457459136
REQUEST		ConfirmPayment	1612457459021	1612457459158	OK	 
REQUEST		AddTourToCart	1612457459223	1612457459407	OK	 
USER	Timed1	START	1612457459413
REQUEST		CreateTimed	1612457459394	1612457459435	OK	 
REQUEST		GetToken	1612457459413	1612457459556	OK	 
REQUEST		AddToCart	1612457459592	1612457459637	OK	 
REQUEST		GetTours	1612457459658	1612457459788	OK	 
REQUEST		AddTourToCart	1612457459765	1612457459924	OK	 
REQUEST		CreateTimed	1612457459944	1612457459984	OK	 
REQUEST		AddToCart	1612457460043	1612457460103	OK	 
REQUEST		BookingDetails	1612457460049	1612457460104	OK	 
USER	Timed1	END	1612457460178
REQUEST		GetTours	1612457460123	1612457460255	OK	 
REQUEST		ConfirmPayment	1612457460106	1612457460281	OK	 
USER	Timed1	START	1612457460412
REQUEST		CreateTimed	1612457460409	1612457460519	OK	 
REQUEST		BookingDetails	1612457460440	1612457460534	OK	 
REQUEST		GetToken	1612457460412	1612457460544	OK	 
REQUEST		AddToCart	1612457460560	1612457460622	OK	 
USER	Timed1	END	1612457460646
REQUEST		ConfirmPayment	1612457460536	1612457460673	OK	 
REQUEST		GetTours	1612457460639	1612457460770	OK	 
USER	Timed1	START	1612457460912
REQUEST		AddTourToCart	1612457460793	1612457460933	OK	 
REQUEST		GetToken	1612457460912	1612457461028	OK	 
REQUEST		BookingDetails	1612457460987	1612457461034	OK	 
REQUEST		ConfirmPayment	1612457461036	1612457461168	OK	 
USER	Timed1	END	1612457461169
REQUEST		GetTours	1612457461105	1612457461231	OK	 
REQUEST		AddTourToCart	1612457461257	1612457461434	OK	 
USER	Timed1	START	1612457461416
REQUEST		CreateTimed	1612457461397	1612457461461	OK	 
REQUEST		GetToken	1612457461436	1612457461560	OK	 
REQUEST		BookingDetails	1612457461523	1612457461571	OK	 
REQUEST		AddToCart	1612457461549	1612457461587	OK	 
USER	Timed1	END	1612457461655
REQUEST		ConfirmPayment	1612457461572	1612457461703	OK	 
REQUEST		GetTours	1612457461637	1612457461768	OK	 
USER	Timed1	START	1612457461912
REQUEST		AddTourToCart	1612457461774	1612457461928	OK	 
REQUEST		GetToken	1612457461912	1612457462038	OK	 
REQUEST		AddToCart	1612457462033	1612457462074	OK	 
USER	Timed1	END	1612457462162
REQUEST		AddTourToCart	1612457462233	1612457462384	OK	 
USER	Timed1	START	1612457462413
REQUEST		CreateTimed	1612457462430	1612457462501	OK	 
REQUEST		CreateTimed	1612457462452	1612457462554	OK	 
REQUEST		BookingDetails	1612457462467	1612457462569	OK	 
REQUEST		GetToken	1612457462414	1612457462584	OK	 
REQUEST		AddToCart	1612457462567	1612457462650	OK	 
REQUEST		ConfirmPayment	1612457462570	1612457462699	OK	 
REQUEST		GetTours	1612457462590	1612457462745	OK	 
REQUEST		AddTourToCart	1612457462771	1612457462928	OK	 
REQUEST		CreateTimed	1612457462929	1612457462967	OK	 
REQUEST		AddToCart	1612457463042	1612457463076	OK	 
REQUEST		GetTours	1612457463077	1612457463201	OK	 
USER	Timed1	END	1612457463285
USER	Timed1	START	1612457463412
REQUEST		CreateTimed	1612457463448	1612457463491	OK	 
REQUEST		BookingDetails	1612457463505	1612457463608	OK	 
REQUEST		GetToken	1612457463413	1612457463607	OK	 
USER	Timed1	END	1612457463682
REQUEST		AddToCart	1612457463587	1612457463728	OK	 
REQUEST		BookingDetails	1612457463567	1612457463729	OK	 
REQUEST		ConfirmPayment	1612457463610	1612457463750	OK	 
REQUEST		GetTours	1612457463653	1612457463818	OK	 
REQUEST		ConfirmPayment	1612457463731	1612457463857	OK	 
USER	Timed1	START	1612457463911
REQUEST		AddTourToCart	1612457463751	1612457463961	OK	 
REQUEST		BookingDetails	1612457463972	1612457464020	OK	 
REQUEST		CreateTimed	1612457464007	1612457464056	OK	 
REQUEST		GetToken	1612457463912	1612457464122	OK	 
USER	Timed1	END	1612457464172
REQUEST		ConfirmPayment	1612457464021	1612457464205	OK	 
REQUEST		GetTours	1612457464088	1612457464235	OK	 
REQUEST		AddTourToCart	1612457464205	1612457464355	OK	 
USER	Timed1	START	1612457464412
REQUEST		BookingDetails	1612457464495	1612457464637	OK	 
REQUEST		GetToken	1612457464412	1612457464637	OK	 
REQUEST		AddToCart	1612457464613	1612457464684	OK	 
USER	Timed1	END	1612457464709
REQUEST		ConfirmPayment	1612457464639	1612457464800	OK	 
REQUEST		GetTours	1612457464730	1612457464867	OK	 
USER	Timed1	START	1612457464911
REQUEST		CreateTimed	1612457464901	1612457464945	OK	 
REQUEST		AddTourToCart	1612457464823	1612457464959	OK	 
REQUEST		GetToken	1612457464913	1612457465051	OK	 
REQUEST		BookingDetails	1612457465059	1612457465105	OK	 
REQUEST		AddToCart	1612457465125	1612457465175	OK	 
REQUEST		ConfirmPayment	1612457465106	1612457465234	OK	 
REQUEST		AddTourToCart	1612457465251	1612457465405	OK	 
USER	Timed1	START	1612457465413
REQUEST		CreateTimed	1612457465439	1612457465526	OK	 
REQUEST		GetToken	1612457465438	1612457465603	OK	 
REQUEST		AddToCart	1612457465639	1612457465679	OK	 
USER	Timed1	END	1612457465703
REQUEST		GetTours	1612457465692	1612457465867	OK	 
REQUEST		CreateTimed	1612457465910	1612457465966	OK	 
REQUEST		BookingDetails	1612457465954	1612457466004	OK	 
REQUEST		AddTourToCart	1612457465875	1612457466045	OK	 
REQUEST		AddToCart	1612457466056	1612457466088	OK	 
REQUEST		ConfirmPayment	1612457466005	1612457466167	OK	 
REQUEST		GetTours	1612457466178	1612457466323	OK	 
USER	Timed1	START	1612457466412
REQUEST		CreateTimed	1612457466411	1612457466461	OK	 
REQUEST		GetToken	1612457466413	1612457466555	OK	 
REQUEST		BookingDetails	1612457466530	1612457466612	OK	 
REQUEST		AddToCart	1612457466606	1612457466682	OK	 
REQUEST		ConfirmPayment	1612457466614	1612457466743	OK	 
USER	Timed1	END	1612457466756
REQUEST		GetTours	1612457466694	1612457466818	OK	 
USER	Timed1	END	1612457466860
USER	Timed1	START	1612457466912
REQUEST		CreateTimed	1612457466926	1612457466992	OK	 
REQUEST		BookingDetails	1612457466970	1612457467039	OK	 
REQUEST		AddTourToCart	1612457466870	1612457467039	OK	 
REQUEST		GetToken	1612457466912	1612457467116	OK	 
USER	Timed1	END	1612457467208
REQUEST		GetTours	1612457467091	1612457467244	OK	 
REQUEST		ConfirmPayment	1612457467044	1612457467258	OK	 
USER	Timed1	START	1612457467412
REQUEST		AddTourToCart	1612457467327	1612457467502	OK	 
REQUEST		BookingDetails	1612457467466	1612457467520	OK	 
REQUEST		GetToken	1612457467412	1612457467562	OK	 
REQUEST		AddToCart	1612457467563	1612457467609	OK	 
REQUEST		ConfirmPayment	1612457467527	1612457467656	OK	 
USER	Timed1	END	1612457467804
REQUEST		GetTours	1612457467687	1612457467830	OK	 
USER	Timed1	START	1612457467913
REQUEST		AddTourToCart	1612457467821	1612457467970	OK	 
REQUEST		CreateTimed	1612457467939	1612457467977	OK	 
REQUEST		BookingDetails	1612457467995	1612457468044	OK	 
REQUEST		GetToken	1612457467913	1612457468045	OK	 
REQUEST		AddToCart	1612457468120	1612457468165	OK	 
REQUEST		ConfirmPayment	1612457468045	1612457468173	OK	 
USER	Timed1	END	1612457468237
REQUEST		AddTourToCart	1612457468247	1612457468386	OK	 
USER	Timed1	START	1612457468412
REQUEST		CreateTimed	1612457468438	1612457468503	OK	 
REQUEST		GetToken	1612457468413	1612457468576	OK	 
REQUEST		AddToCart	1612457468567	1612457468630	OK	 
REQUEST		GetTours	1612457468630	1612457468775	OK	 
REQUEST		CreateTimed	1612457468932	1612457468976	OK	 
REQUEST		AddTourToCart	1612457468836	1612457468989	OK	 
REQUEST		BookingDetails	1612457468980	1612457469030	OK	 
REQUEST		AddToCart	1612457469047	1612457469094	OK	 
USER	Timed1	END	1612457469171
REQUEST		ConfirmPayment	1612457469032	1612457469238	OK	 
REQUEST		GetTours	1612457469167	1612457469296	OK	 
USER	Timed1	START	1612457469412
REQUEST		CreateTimed	1612457469389	1612457469464	OK	 
REQUEST		AddToCart	1612457469582	1612457469707	OK	 
REQUEST		BookingDetails	1612457469506	1612457469707	OK	 
REQUEST		GetToken	1612457469413	1612457469707	OK	 
USER	Timed1	END	1612457469748
REQUEST		GetTours	1612457469636	1612457469805	OK	 
REQUEST		ConfirmPayment	1612457469710	1612457469852	OK	 
USER	Timed1	START	1612457469911
REQUEST		AddTourToCart	1612457469779	1612457469950	OK	 
REQUEST		CreateTimed	1612457469935	1612457469995	OK	 
REQUEST		BookingDetails	1612457469978	1612457470059	OK	 
REQUEST		GetToken	1612457469912	1612457470071	OK	 
REQUEST		ConfirmPayment	1612457470060	1612457470191	OK	 
REQUEST		GetTours	1612457470096	1612457470236	OK	 
USER	Timed1	END	1612457470261
USER	Timed1	START	1612457470413
REQUEST		AddTourToCart	1612457470301	1612457470441	OK	 
REQUEST		BookingDetails	1612457470483	1612457470550	OK	 
REQUEST		GetToken	1612457470414	1612457470556	OK	 
USER	Timed1	END	1612457470660
REQUEST		ConfirmPayment	1612457470552	1612457470697	OK	 
REQUEST		AddToCart	1612457470711	1612457470758	OK	 
REQUEST		GetTours	1612457470711	1612457470843	OK	 
USER	Timed1	START	1612457470912
REQUEST		AddTourToCart	1612457470809	1612457470958	OK	 
REQUEST		CreateTimed	1612457470966	1612457471028	OK	 
REQUEST		BookingDetails	1612457471015	1612457471055	OK	 
REQUEST		GetToken	1612457470912	1612457471093	OK	 
REQUEST		AddToCart	1612457471075	1612457471119	OK	 
USER	Timed1	END	1612457471178
REQUEST		ConfirmPayment	1612457471061	1612457471211	OK	 
REQUEST		AddTourToCart	1612457471240	1612457471396	OK	 
REQUEST		CreateTimed	1612457471359	1612457471409	OK	 
USER	Timed1	START	1612457471413
REQUEST		GetToken	1612457471413	1612457471527	OK	 
REQUEST		AddToCart	1612457471564	1612457471616	OK	 
REQUEST		GetTours	1612457471762	1612457471940	OK	 
REQUEST		AddTourToCart	1612457471846	1612457472014	OK	 
REQUEST		CreateTimed	1612457471963	1612457472019	OK	 
REQUEST		BookingDetails	1612457472030	1612457472104	OK	 
REQUEST		AddToCart	1612457472096	1612457472139	OK	 
USER	Timed1	END	1612457472241
REQUEST		GetTours	1612457472121	1612457472258	OK	 
REQUEST		ConfirmPayment	1612457472109	1612457472274	OK	 
USER	Timed1	START	1612457472413
REQUEST		BookingDetails	1612457472413	1612457472463	OK	 
REQUEST		CreateTimed	1612457472444	1612457472480	OK	 
REQUEST		GetToken	1612457472413	1612457472524	OK	 
REQUEST		AddToCart	1612457472531	1612457472614	OK	 
REQUEST		ConfirmPayment	1612457472464	1612457472628	OK	 
REQUEST		GetTours	1612457472627	1612457472777	OK	 
USER	Timed1	END	1612457472857
USER	Timed1	START	1612457472912
REQUEST		BookingDetails	1612457473023	1612457473065	OK	 
REQUEST		GetToken	1612457472913	1612457473065	OK	 
REQUEST		CreateTimed	1612457473049	1612457473079	OK	 
REQUEST		AddTourToCart	1612457472945	1612457473096	OK	 
USER	Timed1	END	1612457473195
REQUEST		ConfirmPayment	1612457473067	1612457473212	OK	 
REQUEST		GetTours	1612457473145	1612457473312	OK	 
REQUEST		AddTourToCart	1612457473262	1612457473411	OK	 
USER	Timed1	START	1612457473413
REQUEST		BookingDetails	1612457473484	1612457473529	OK	 
REQUEST		GetToken	1612457473414	1612457473545	OK	 
REQUEST		AddToCart	1612457473528	1612457473568	OK	 
REQUEST		ConfirmPayment	1612457473531	1612457473662	OK	 
USER	Timed1	END	1612457473699
REQUEST		GetTours	1612457473628	1612457473775	OK	 
USER	Timed1	START	1612457473913
REQUEST		AddTourToCart	1612457473779	1612457473927	OK	 
REQUEST		GetToken	1612457473914	1612457474088	OK	 
REQUEST		CreateTimed	1612457474049	1612457474090	OK	 
REQUEST		AddToCart	1612457474069	1612457474120	OK	 
REQUEST		BookingDetails	1612457474081	1612457474143	OK	 
USER	Timed1	END	1612457474215
USER	Timed1	START	1612457474413
REQUEST		ConfirmPayment	1612457474145	1612457474524	OK	 
REQUEST		AddTourToCart	1612457474315	1612457474531	OK	 
REQUEST		CreateTimed	1612457474508	1612457474706	OK	 
REQUEST		AddToCart	1612457474548	1612457474709	OK	 
REQUEST		GetToken	1612457474413	1612457474709	OK	 
REQUEST		GetTours	1612457474571	1612457474761	OK	 
REQUEST		AddTourToCart	1612457474779	1612457474931	OK	 
REQUEST		CreateTimed	1612457474975	1612457475038	OK	 
REQUEST		AddToCart	1612457475091	1612457475140	OK	 
REQUEST		BookingDetails	1612457475098	1612457475142	OK	 
USER	Timed1	END	1612457475279
REQUEST		GetTours	1612457475123	1612457475302	OK	 
REQUEST		ConfirmPayment	1612457475148	1612457475304	OK	 
USER	Timed1	START	1612457475412
REQUEST		CreateTimed	1612457475392	1612457475447	OK	 
USER	Timed1	END	1612457475632
REQUEST		GetToken	1612457475413	1612457475642	OK	 
REQUEST		AddToCart	1612457475713	1612457475780	OK	 
REQUEST		BookingDetails	1612457475708	1612457475781	OK	 
REQUEST		GetTours	1612457475713	1612457475855	OK	 
REQUEST		AddTourToCart	1612457475766	1612457475906	OK	 
USER	Timed1	START	1612457475913
REQUEST		ConfirmPayment	1612457475785	1612457475925	OK	 
REQUEST		GetToken	1612457475913	1612457476101	OK	 
REQUEST		CreateTimed	1612457475994	1612457476100	OK	 
USER	Timed1	END	1612457476217
USER	Timed1	START	1612457476413
REQUEST		BookingDetails	1612457476449	1612457476492	OK	 
REQUEST		GetTours	1612457476142	1612457476491	OK	 
REQUEST		BookingDetails	1612457476042	1612457476496	OK	 
REQUEST		AddTourToCart	1612457476305	1612457476546	OK	 
REQUEST		GetToken	1612457476414	1612457476634	OK	 
USER	Timed1	END	1612457476676
REQUEST		ConfirmPayment	1612457476495	1612457476707	OK	 
REQUEST		ConfirmPayment	1612457476499	1612457476716	OK	 
REQUEST		AddToCart	1612457476670	1612457476747	OK	 
USER	Timed1	START	1612457476912
REQUEST		GetTours	1612457476785	1612457476944	OK	 
REQUEST		CreateTimed	1612457476954	1612457476995	OK	 
REQUEST		AddTourToCart	1612457476859	1612457477033	OK	 
REQUEST		GetToken	1612457476913	1612457477061	OK	 
REQUEST		AddToCart	1612457477105	1612457477159	OK	 
REQUEST		BookingDetails	1612457477106	1612457477161	OK	 
REQUEST		ConfirmPayment	1612457477163	1612457477292	OK	 
USER	Timed1	START	1612457477413
USER	Timed1	END	1612457477527
REQUEST		CreateTimed	1612457477445	1612457477621	OK	 
REQUEST		AddTourToCart	1612457477496	1612457477656	OK	 
REQUEST		GetToken	1612457477414	1612457477703	OK	 
REQUEST		AddToCart	1612457477701	1612457477754	OK	 
REQUEST		GetTours	1612457477750	1612457477909	OK	 
REQUEST		CreateTimed	1612457477962	1612457478003	OK	 
REQUEST		BookingDetails	1612457478000	1612457478043	OK	 
REQUEST		AddTourToCart	1612457477949	1612457478101	OK	 
REQUEST		AddToCart	1612457478065	1612457478106	OK	 
REQUEST		ConfirmPayment	1612457478044	1612457478166	OK	 
USER	Timed1	END	1612457478307
REQUEST		GetTours	1612457478168	1612457478309	OK	 
USER	Timed1	START	1612457478419
REQUEST		CreateTimed	1612457478400	1612457478454	OK	 
REQUEST		GetToken	1612457478419	1612457478547	OK	 
REQUEST		BookingDetails	1612457478624	1612457478696	OK	 
REQUEST		AddToCart	1612457478708	1612457478791	OK	 
REQUEST		ConfirmPayment	1612457478698	1612457478871	OK	 
REQUEST		GetTours	1612457478759	1612457478914	OK	 
USER	Timed1	START	1612457478914
USER	Timed1	END	1612457478930
REQUEST		CreateTimed	1612457479017	1612457479075	OK	 
REQUEST		BookingDetails	1612457479006	1612457479078	OK	 
REQUEST		AddTourToCart	1612457478911	1612457479085	OK	 
REQUEST		GetToken	1612457478914	1612457479141	OK	 
REQUEST		ConfirmPayment	1612457479086	1612457479223	OK	 
REQUEST		GetTours	1612457479110	1612457479256	OK	 
USER	Timed1	START	1612457479413
REQUEST		AddTourToCart	1612457479312	1612457479462	OK	 
REQUEST		BookingDetails	1612457479457	1612457479498	OK	 
REQUEST		GetToken	1612457479413	1612457479574	OK	 
REQUEST		AddToCart	1612457479556	1612457479586	OK	 
REQUEST		ConfirmPayment	1612457479500	1612457479638	OK	 
USER	Timed1	END	1612457479719
USER	Timed1	END	1612457479719
USER	Timed1	START	1612457479913
REQUEST		GetTours	1612457479794	1612457479948	OK	 
REQUEST		GetToken	1612457479913	1612457480033	OK	 
REQUEST		AddTourToCart	1612457479918	1612457480112	OK	 
REQUEST		BookingDetails	1612457480093	1612457480146	OK	 
REQUEST		CreateTimed	1612457480103	1612457480157	OK	 
REQUEST		AddToCart	1612457480145	1612457480185	OK	 
REQUEST		ConfirmPayment	1612457480148	1612457480293	OK	 
USER	Timed1	END	1612457480295
REQUEST		AddTourToCart	1612457480259	1612457480405	OK	 
USER	Timed1	START	1612457480413
REQUEST		CreateTimed	1612457480418	1612457480484	OK	 
REQUEST		GetToken	1612457480413	1612457480579	OK	 
REQUEST		AddToCart	1612457480579	1612457480631	OK	 
REQUEST		GetTours	1612457480591	1612457480726	OK	 
REQUEST		CreateTimed	1612457480933	1612457480974	OK	 
REQUEST		AddToCart	1612457481037	1612457481079	OK	 
REQUEST		AddTourToCart	1612457480952	1612457481090	OK	 
USER	Timed1	END	1612457481169
REQUEST		BookingDetails	1612457481160	1612457481200	OK	 
REQUEST		GetTours	1612457481187	1612457481324	KO	status.find.in(200,201,202,203,204,205,206,207,208,209,304), found 500
USER	Timed1	END	1612457481330
REQUEST		ConfirmPayment	1612457481203	1612457481366	OK	 
USER	Timed1	START	1612457481413
REQUEST		BookingDetails	1612457481487	1612457481536	OK	 
REQUEST		GetToken	1612457481417	1612457481539	OK	 
REQUEST		CreateTimed	1612457481538	1612457481584	OK	 
REQUEST		AddToCart	1612457481586	1612457481630	OK	 
REQUEST		ConfirmPayment	1612457481538	1612457481668	OK	 
REQUEST		GetTours	1612457481638	1612457481780	OK	 
USER	Timed1	END	1612457481875
REQUEST		AddTourToCart	1612457481730	1612457481884	OK	 
USER	Timed1	START	1612457481913
REQUEST		CreateTimed	1612457481936	1612457481996	OK	 
REQUEST		BookingDetails	1612457481978	1612457482020	OK	 
REQUEST		GetToken	1612457481913	1612457482088	OK	 
USER	Timed1	END	1612457482226
REQUEST		ConfirmPayment	1612457482022	1612457482230	OK	 
REQUEST		GetTours	1612457482081	1612457482252	OK	 
USER	Timed1	START	1612457482412
REQUEST		GetToken	1612457482413	1612457482568	OK	 
REQUEST		AddToCart	1612457482542	1612457482594	OK	 
REQUEST		BookingDetails	1612457482587	1612457482634	OK	 
USER	Timed1	END	1612457482642
REQUEST		GetTours	1612457482637	1612457482774	OK	 
REQUEST		ConfirmPayment	1612457482636	1612457482776	OK	 
USER	Timed1	START	1612457482912
REQUEST		AddTourToCart	1612457482785	1612457482938	OK	 
REQUEST		CreateTimed	1612457482909	1612457482949	OK	 
REQUEST		GetToken	1612457482913	1612457483027	OK	 
REQUEST		BookingDetails	1612457483000	1612457483041	OK	 
REQUEST		AddToCart	1612457483089	1612457483130	OK	 
REQUEST		ConfirmPayment	1612457483042	1612457483199	OK	 
USER	Timed1	END	1612457483296
USER	Timed1	START	1612457483413
REQUEST		CreateTimed	1612457483548	1612457483605	OK	 
REQUEST		GetToken	1612457483414	1612457483609	OK	 
REQUEST		AddToCart	1612457483572	1612457483622	OK	 
REQUEST		AddTourToCart	1612457483256	1612457483655	OK	 
REQUEST		GetTours	1612457483596	1612457483752	OK	 
REQUEST		AddTourToCart	1612457483777	1612457483928	OK	 
REQUEST		BookingDetails	1612457483954	1612457483999	OK	 
REQUEST		AddToCart	1612457484036	1612457484121	OK	 
REQUEST		CreateTimed	1612457484038	1612457484126	OK	 
REQUEST		ConfirmPayment	1612457484000	1612457484149	OK	 
REQUEST		GetTours	1612457484133	1612457484268	OK	 
USER	Timed1	END	1612457484371
USER	Timed1	START	1612457484412
REQUEST		GetToken	1612457484412	1612457484561	OK	 
REQUEST		AddToCart	1612457484613	1612457484657	OK	 
REQUEST		BookingDetails	1612457484611	1612457484657	OK	 
USER	Timed1	END	1612457484673
REQUEST		CreateTimed	1612457484659	1612457484793	OK	 
USER	Timed1	START	1612457484912
REQUEST		GetToken	1612457484913	1612457485118	OK	 
REQUEST		BookingDetails	1612457485129	1612457485182	OK	 
REQUEST		CreateTimed	1612457485105	1612457485182	OK	 
USER	Timed1	END	1612457485234
REQUEST		GetTours	1612457484628	1612457485314	OK	 
REQUEST		AddTourToCart	1612457484754	1612457485314	OK	 
REQUEST		ConfirmPayment	1612457484659	1612457485317	OK	 
REQUEST		GetTours	1612457485123	1612457485321	OK	 
REQUEST		ConfirmPayment	1612457485184	1612457485373	OK	 
USER	Timed1	START	1612457485412
REQUEST		AddTourToCart	1612457485272	1612457485482	OK	 
REQUEST		GetToken	1612457485414	1612457485591	OK	 
REQUEST		AddToCart	1612457485564	1612457485625	OK	 
USER	Timed1	END	1612457485779
REQUEST		GetTours	1612457485660	1612457485807	OK	 
REQUEST		BookingDetails	1612457485796	1612457485842	OK	 
USER	Timed1	START	1612457485912
REQUEST		GetToken	1612457485914	1612457486061	OK	 
REQUEST		CreateTimed	1612457486094	1612457486136	OK	 
REQUEST		AddToCart	1612457486123	1612457486153	OK	 
USER	Timed1	END	1612457486203
REQUEST		BookingDetails	1612457486186	1612457486277	OK	 
USER	Timed1	START	1612457486413
REQUEST		CreateTimed	1612457486466	1612457486519	OK	 
REQUEST		ConfirmPayment	1612457485844	1612457486522	OK	 
REQUEST		GetToken	1612457486414	1612457486544	OK	 
REQUEST		ConfirmPayment	1612457486279	1612457486564	OK	 
REQUEST		AddTourToCart	1612457486319	1612457486564	OK	 
REQUEST		AddToCart	1612457486594	1612457486658	OK	 
REQUEST		GetTours	1612457486627	1612457486771	OK	 
REQUEST		AddTourToCart	1612457486812	1612457487007	OK	 
REQUEST		AddToCart	1612457487062	1612457487110	OK	 
USER	Timed1	END	1612457487153
REQUEST		CreateTimed	1612457487116	1612457487160	OK	 
REQUEST		BookingDetails	1612457487140	1612457487187	OK	 
REQUEST		GetTours	1612457487161	1612457487324	OK	 
REQUEST		ConfirmPayment	1612457487191	1612457487327	OK	 
USER	Timed1	START	1612457487412
REQUEST		CreateTimed	1612457487410	1612457487472	OK	 
REQUEST		GetToken	1612457487412	1612457487523	OK	 
REQUEST		BookingDetails	1612457487523	1612457487577	OK	 
REQUEST		AddToCart	1612457487578	1612457487624	OK	 
REQUEST		AddTourToCart	1612457486329	1612457487658	OK	 
REQUEST		ConfirmPayment	1612457487578	1612457487716	OK	 
REQUEST		GetTours	1612457487661	1612457487810	OK	 
USER	Timed1	START	1612457487912
REQUEST		AddTourToCart	1612457487776	1612457487928	OK	 
REQUEST		GetToken	1612457487912	1612457488095	OK	 
REQUEST		CreateTimed	1612457488096	1612457488146	OK	 
USER	Timed1	END	1612457488320
USER	Timed1	END	1612457488377
USER	Timed1	START	1612457488413
REQUEST		AddTourToCart	1612457488328	1612457488476	OK	 
REQUEST		BookingDetails	1612457488165	1612457488493	OK	 
REQUEST		GetTours	1612457488114	1612457488500	OK	 
REQUEST		BookingDetails	1612457488477	1612457488528	OK	 
REQUEST		GetToken	1612457488413	1612457488560	OK	 
REQUEST		AddToCart	1612457488538	1612457488577	OK	 
REQUEST		ConfirmPayment	1612457488495	1612457488640	OK	 
REQUEST		ConfirmPayment	1612457488529	1612457488670	OK	 
REQUEST		GetTours	1612457488627	1612457488767	OK	 
USER	Timed1	START	1612457488912
REQUEST		CreateTimed	1612457488891	1612457488958	OK	 
REQUEST		AddTourToCart	1612457488817	1612457488991	OK	 
REQUEST		GetToken	1612457488912	1612457489077	OK	 
REQUEST		AddToCart	1612457489098	1612457489150	OK	 
REQUEST		BookingDetails	1612457489165	1612457489205	OK	 
REQUEST		ConfirmPayment	1612457489207	1612457489368	OK	 
USER	Timed1	START	1612457489413
USER	Timed1	END	1612457489530
USER	Timed1	END	1612457489566
REQUEST		GetToken	1612457489426	1612457489587	OK	 
REQUEST		AddToCart	1612457489563	1612457489606	OK	 
REQUEST		AddTourToCart	1612457489502	1612457489666	OK	 
REQUEST		GetTours	1612457489580	1612457489705	OK	 
REQUEST		AddTourToCart	1612457489771	1612457489985	OK	 
REQUEST		CreateTimed	1612457489942	1612457489997	OK	 
REQUEST		BookingDetails	1612457489963	1612457490010	OK	 
REQUEST		AddToCart	1612457490079	1612457490130	OK	 
REQUEST		GetTours	1612457490177	1612457490307	OK	 
USER	Timed1	END	1612457490329
REQUEST		ConfirmPayment	1612457490012	1612457490392	OK	 
USER	Timed1	START	1612457490412
REQUEST		GetToken	1612457490413	1612457490571	OK	 
REQUEST		AddToCart	1612457490589	1612457490682	OK	 
USER	Timed1	END	1612457490718
REQUEST		CreateTimed	1612457490659	1612457490723	OK	 
REQUEST		GetTours	1612457490611	1612457490747	OK	 
REQUEST		AddTourToCart	1612457490709	1612457490875	OK	 
USER	Timed1	START	1612457490913
REQUEST		CreateTimed	1612457490931	1612457490976	OK	 
REQUEST		BookingDetails	1612457491001	1612457491050	OK	 
REQUEST		GetToken	1612457490913	1612457491053	OK	 
REQUEST		ConfirmPayment	1612457491052	1612457491252	OK	 
REQUEST		GetTours	1612457491133	1612457491267	OK	 
USER	Timed1	START	1612457491412
REQUEST		AddTourToCart	1612457491311	1612457491484	OK	 
REQUEST		GetToken	1612457491412	1612457491532	OK	 
REQUEST		AddToCart	1612457491574	1612457491639	OK	 
USER	Timed1	END	1612457491643
USER	Timed1	END	1612457491673
REQUEST		GetTours	1612457491685	1612457491821	OK	 
REQUEST		BookingDetails	1612457491726	1612457491878	OK	 
USER	Timed1	START	1612457491912
REQUEST		AddTourToCart	1612457491749	1612457492164	OK	 
REQUEST		ConfirmPayment	1612457491879	1612457492302	OK	 
REQUEST		GetToken	1612457491912	1612457492327	OK	 
REQUEST		BookingDetails	1612457491980	1612457492331	OK	 
REQUEST		AddToCart	1612457492056	1612457492332	OK	 
USER	Timed1	END	1612457492370
USER	Timed1	START	1612457492413
REQUEST		AddTourToCart	1612457492270	1612457492538	OK	 
REQUEST		CreateTimed	1612457492319	1612457492541	OK	 
REQUEST		GetToken	1612457492414	1612457492572	OK	 
REQUEST		CreateTimed	1612457492485	1612457492572	OK	 
REQUEST		ConfirmPayment	1612457492338	1612457492575	OK	 
REQUEST		AddToCart	1612457492550	1612457492587	OK	 
REQUEST		GetTours	1612457492641	1612457492778	OK	 
REQUEST		AddTourToCart	1612457492829	1612457492975	OK	 
REQUEST		AddToCart	1612457493335	1612457493371	OK	 
USER	Timed1	END	1612457493396
REQUEST		GetTours	1612457493338	1612457493482	OK	 
USER	Timed1	START	1612457493496
REQUEST		BookingDetails	1612457493545	1612457493639	OK	 
REQUEST		AddToCart	1612457493575	1612457493639	OK	 
REQUEST		BookingDetails	1612457493576	1612457493640	OK	 
REQUEST		CreateTimed	1612457493577	1612457493641	OK	 
REQUEST		GetToken	1612457493497	1612457493696	OK	 
REQUEST		GetTours	1612457493590	1612457493739	OK	 
REQUEST		ConfirmPayment	1612457493641	1612457493815	OK	 
REQUEST		ConfirmPayment	1612457493644	1612457493815	OK	 
USER	Timed1	START	1612457493913
REQUEST		AddTourToCart	1612457493781	1612457493928	OK	 
REQUEST		GetToken	1612457493913	1612457494036	OK	 
REQUEST		CreateTimed	1612457494010	1612457494174	OK	 
USER	Timed1	END	1612457494255
USER	Timed1	START	1612457494414
REQUEST		GetTours	1612457494373	1612457494513	OK	 
REQUEST		GetToken	1612457494414	1612457494533	OK	 
REQUEST		AddTourToCart	1612457494501	1612457494644	OK	 
REQUEST		BookingDetails	1612457494646	1612457494686	OK	 
REQUEST		CreateTimed	1612457494662	1612457494701	OK	 
REQUEST		AddToCart	1612457494710	1612457494770	OK	 
REQUEST		GetTours	1612457494642	1612457494775	OK	 
REQUEST		ConfirmPayment	1612457494687	1612457494818	OK	 
REQUEST		AddTourToCart	1612457494741	1612457494886	OK	 
USER	Timed1	START	1612457494912
REQUEST		CreateTimed	1612457494932	1612457494980	OK	 
REQUEST		GetToken	1612457494912	1612457495046	OK	 
REQUEST		AddToCart	1612457495040	1612457495187	OK	 
REQUEST		BookingDetails	1612457495176	1612457495220	OK	 
USER	Timed1	END	1612457495306
REQUEST		ConfirmPayment	1612457495221	1612457495356	OK	 
USER	Timed1	START	1612457495413
REQUEST		CreateTimed	1612457495480	1612457495526	OK	 
REQUEST		GetToken	1612457495413	1612457495538	OK	 
USER	Timed1	END	1612457495579
REQUEST		AddToCart	1612457495537	1612457495587	OK	 
REQUEST		AddTourToCart	1612457495517	1612457495668	OK	 
REQUEST		BookingDetails	1612457495704	1612457495760	OK	 
REQUEST		GetTours	1612457495776	1612457495909	OK	 
REQUEST		AddToCart	1612457496049	1612457496089	OK	 
REQUEST		BookingDetails	1612457495983	1612457496126	OK	 
REQUEST		CreateTimed	1612457495997	1612457496125	OK	 
REQUEST		AddTourToCart	1612457495778	1612457496228	OK	 
REQUEST		ConfirmPayment	1612457496128	1612457496314	OK	 
REQUEST		GetTours	1612457496191	1612457496340	OK	 
USER	Timed1	START	1612457496412
REQUEST		GetToken	1612457496413	1612457496570	OK	 
REQUEST		AddToCart	1612457496541	1612457496587	OK	 
REQUEST		BookingDetails	1612457496529	1612457496587	OK	 
REQUEST		GetTours	1612457496595	1612457496734	OK	 
REQUEST		CreateTimed	1612457496672	1612457496734	OK	 
REQUEST		ConfirmPayment	1612457496590	1612457496737	OK	 
USER	Timed1	END	1612457496818
USER	Timed1	END	1612457496819
USER	Timed1	START	1612457496913
REQUEST		CreateTimed	1612457496990	1612457497042	OK	 
REQUEST		AddTourToCart	1612457496912	1612457497070	OK	 
REQUEST		GetToken	1612457496913	1612457497085	OK	 
REQUEST		BookingDetails	1612457497129	1612457497201	OK	 
REQUEST		GetTours	1612457497093	1612457497242	OK	 
REQUEST		ConfirmPayment	1612457497202	1612457497375	OK	 
USER	Timed1	START	1612457497412
REQUEST		AddTourToCart	1612457497356	1612457497505	OK	 
REQUEST		GetToken	1612457497420	1612457497552	OK	 
REQUEST		AddToCart	1612457497573	1612457497610	OK	 
REQUEST		GetTours	1612457497590	1612457497723	OK	 
REQUEST		BookingDetails	1612457497738	1612457497799	OK	 
USER	Timed1	END	1612457497822
REQUEST		AddTourToCart	1612457497737	1612457497893	OK	 
USER	Timed1	START	1612457497912
REQUEST		CreateTimed	1612457497879	1612457497934	OK	 
REQUEST		ConfirmPayment	1612457497801	1612457498011	OK	 
REQUEST		GetToken	1612457497913	1612457498053	OK	 
REQUEST		BookingDetails	1612457498044	1612457498096	OK	 
REQUEST		AddToCart	1612457498087	1612457498120	OK	 
REQUEST		ConfirmPayment	1612457498100	1612457498235	OK	 
USER	Timed1	END	1612457498359
REQUEST		AddTourToCart	1612457498246	1612457498400	OK	 
USER	Timed1	START	1612457498412
REQUEST		CreateTimed	1612457498489	1612457498527	OK	 
REQUEST		GetToken	1612457498413	1612457498550	OK	 
REQUEST		AddToCart	1612457498555	1612457498586	OK	 
REQUEST		GetTours	1612457498612	1612457498759	OK	 
REQUEST		AddTourToCart	1612457498727	1612457498880	OK	 
REQUEST		BookingDetails	1612457498940	1612457498984	OK	 
REQUEST		AddToCart	1612457499057	1612457499096	OK	 
REQUEST		ConfirmPayment	1612457498988	1612457499112	OK	 
REQUEST		CreateTimed	1612457499168	1612457499230	OK	 
REQUEST		GetTours	1612457499122	1612457499302	OK	 
USER	Timed1	END	1612457499318
REQUEST		ConfirmPayment	1612457495762	1612457499327	KO	status.find.in(200,201,202,203,204,205,206,207,208,209,304), found 400
USER	Timed1	END	1612457499329
USER	Timed1	START	1612457499413
REQUEST		BookingDetails	1612457499530	1612457499584	OK	 
REQUEST		GetToken	1612457499413	1612457499585	OK	 
REQUEST		CreateTimed	1612457499542	1612457499596	OK	 
REQUEST		AddToCart	1612457499556	1612457499611	OK	 
REQUEST		ConfirmPayment	1612457499588	1612457499713	OK	 
REQUEST		GetTours	1612457499589	1612457499718	OK	 
USER	Timed1	END	1612457499741
USER	Timed1	START	1612457499912
REQUEST		AddTourToCart	1612457499763	1612457499960	OK	 
REQUEST		CreateTimed	1612457499980	1612457500079	OK	 
REQUEST		GetToken	1612457499913	1612457500114	OK	 
REQUEST		GetTours	1612457500104	1612457500242	OK	 
REQUEST		BookingDetails	1612457500232	1612457500268	OK	 
USER	Timed1	END	1612457500377
USER	Timed1	START	1612457500413
REQUEST		ConfirmPayment	1612457500271	1612457500460	OK	 
REQUEST		AddTourToCart	1612457500309	1612457500474	OK	 
REQUEST		GetToken	1612457500413	1612457500552	OK	 
REQUEST		AddToCart	1612457500589	1612457500650	OK	 
REQUEST		BookingDetails	1612457500601	1612457500655	OK	 
REQUEST		GetTours	1612457500615	1612457500754	OK	 
REQUEST		ConfirmPayment	1612457500656	1612457500785	OK	 
REQUEST		AddTourToCart	1612457500721	1612457500899	OK	 
USER	Timed1	START	1612457500913
REQUEST		CreateTimed	1612457500935	1612457500990	OK	 
USER	Timed1	END	1612457501015
REQUEST		GetToken	1612457500913	1612457501052	OK	 
REQUEST		BookingDetails	1612457501105	1612457501147	OK	 
REQUEST		AddToCart	1612457501117	1612457501159	OK	 
USER	Timed1	END	1612457501237
REQUEST		ConfirmPayment	1612457501149	1612457501290	OK	 
REQUEST		AddTourToCart	1612457501246	1612457501398	OK	 
USER	Timed1	START	1612457501413
REQUEST		GetToken	1612457501413	1612457501547	OK	 
REQUEST		AddToCart	1612457501559	1612457501600	OK	 
REQUEST		CreateTimed	1612457501648	1612457501700	OK	 
REQUEST		GetTours	1612457501653	1612457501804	OK	 
REQUEST		AddTourToCart	1612457501757	1612457501905	OK	 
REQUEST		CreateTimed	1612457501889	1612457501959	OK	 
REQUEST		BookingDetails	1612457501994	1612457502043	OK	 
REQUEST		AddToCart	1612457502056	1612457502090	OK	 
USER	Timed1	END	1612457502115
REQUEST		ConfirmPayment	1612457502044	1612457502168	OK	 
REQUEST		GetTours	1612457502162	1612457502289	OK	 
USER	Timed1	START	1612457502412
REQUEST		GetToken	1612457502412	1612457502539	OK	 
REQUEST		AddToCart	1612457502551	1612457502584	OK	 
REQUEST		CreateTimed	1612457502670	1612457502709	OK	 
USER	Timed1	END	1612457502716
REQUEST		GetTours	1612457502603	1612457502741	OK	 
REQUEST		BookingDetails	1612457502703	1612457502776	OK	 
USER	Timed1	START	1612457502912
REQUEST		ConfirmPayment	1612457502780	1612457502928	OK	 
REQUEST		AddTourToCart	1612457502807	1612457502950	OK	 
REQUEST		BookingDetails	1612457502976	1612457503039	OK	 
REQUEST		GetToken	1612457502913	1612457503076	OK	 
REQUEST		ConfirmPayment	1612457503041	1612457503172	OK	 
REQUEST		GetTours	1612457503091	1612457503259	OK	 
REQUEST		CreateTimed	1612457503232	1612457503275	OK	 
USER	Timed1	START	1612457503412
REQUEST		AddTourToCart	1612457503292	1612457503458	OK	 
USER	Timed1	END	1612457503463
REQUEST		GetToken	1612457503412	1612457503556	OK	 
REQUEST		AddToCart	1612457503542	1612457503583	OK	 
REQUEST		GetTours	1612457503587	1612457503725	OK	 
REQUEST		BookingDetails	1612457503711	1612457503767	OK	 
USER	Timed1	END	1612457503791
USER	Timed1	START	1612457503912
REQUEST		ConfirmPayment	1612457503768	1612457503984	OK	 
REQUEST		AddTourToCart	1612457503778	1612457503986	OK	 
REQUEST		GetToken	1612457503912	1612457504038	OK	 
REQUEST		CreateTimed	1612457504076	1612457504115	OK	 
REQUEST		AddToCart	1612457504079	1612457504128	OK	 
USER	Timed1	END	1612457504293
REQUEST		BookingDetails	1612457504277	1612457504311	OK	 
REQUEST		AddTourToCart	1612457504261	1612457504414	OK	 
USER	Timed1	START	1612457504414
REQUEST		ConfirmPayment	1612457504313	1612457504437	OK	 
REQUEST		GetToken	1612457504414	1612457504573	OK	 
REQUEST		CreateTimed	1612457504508	1612457504573	OK	 
REQUEST		AddToCart	1612457504560	1612457504627	OK	 
REQUEST		GetTours	1612457504587	1612457504722	OK	 
REQUEST		AddTourToCart	1612457504727	1612457504897	OK	 
REQUEST		CreateTimed	1612457504897	1612457505052	OK	 
REQUEST		AddToCart	1612457505041	1612457505114	OK	 
USER	Timed1	END	1612457505173
REQUEST		BookingDetails	1612457505118	1612457505179	OK	 
REQUEST		GetTours	1612457505130	1612457505361	OK	 
USER	Timed1	START	1612457505413
REQUEST		ConfirmPayment	1612457505181	1612457505437	OK	 
REQUEST		CreateTimed	1612457505404	1612457505441	OK	 
REQUEST		GetToken	1612457505435	1612457505591	OK	 
REQUEST		AddToCart	1612457505576	1612457505614	OK	 
REQUEST		BookingDetails	1612457505578	1612457505614	OK	 
REQUEST		GetTours	1612457505629	1612457505764	OK	 
REQUEST		ConfirmPayment	1612457505616	1612457505853	OK	 
REQUEST		AddTourToCart	1612457505724	1612457505875	OK	 
USER	Timed1	START	1612457505913
REQUEST		CreateTimed	1612457505883	1612457505927	OK	 
USER	Timed1	END	1612457505931
REQUEST		GetToken	1612457505913	1612457506055	OK	 
REQUEST		BookingDetails	1612457506055	1612457506102	OK	 
USER	Timed1	END	1612457506177
REQUEST		ConfirmPayment	1612457506103	1612457506230	OK	 
REQUEST		GetTours	1612457506116	1612457506244	OK	 
USER	Timed1	START	1612457506412
REQUEST		BookingDetails	1612457506445	1612457506497	OK	 
REQUEST		AddTourToCart	1612457506365	1612457506514	OK	 
REQUEST		GetToken	1612457506412	1612457506535	OK	 
REQUEST		AddToCart	1612457506594	1612457506644	OK	 
REQUEST		ConfirmPayment	1612457506498	1612457506644	OK	 
REQUEST		GetTours	1612457506617	1612457506769	OK	 
USER	Timed1	START	1612457506912
REQUEST		AddTourToCart	1612457506766	1612457506916	OK	 
USER	Timed1	END	1612457506988
REQUEST		BookingDetails	1612457506930	1612457507050	OK	 
REQUEST		CreateTimed	1612457506963	1612457507052	OK	 
REQUEST		GetToken	1612457506913	1612457507079	OK	 
REQUEST		AddToCart	1612457507058	1612457507160	OK	 
REQUEST		ConfirmPayment	1612457507051	1612457507196	OK	 
REQUEST		AddTourToCart	1612457507246	1612457507400	OK	 
USER	Timed1	START	1612457507413
USER	Timed1	END	1612457507442
REQUEST		CreateTimed	1612457507479	1612457507531	OK	 
REQUEST		GetToken	1612457507413	1612457507566	OK	 
REQUEST		AddToCart	1612457507551	1612457507633	OK	 
REQUEST		GetTours	1612457507646	1612457507785	OK	 
REQUEST		AddTourToCart	1612457507772	1612457507915	OK	 
REQUEST		CreateTimed	1612457507903	1612457507946	OK	 
REQUEST		BookingDetails	1612457508057	1612457508103	OK	 
REQUEST		AddToCart	1612457508087	1612457508146	OK	 
REQUEST		ConfirmPayment	1612457508107	1612457508264	OK	 
REQUEST		GetTours	1612457508161	1612457508293	OK	 
USER	Timed1	START	1612457508412
USER	Timed1	END	1612457508440
REQUEST		CreateTimed	1612457508403	1612457508463	OK	 
REQUEST		GetToken	1612457508414	1612457508570	OK	 
REQUEST		BookingDetails	1612457508534	1612457508587	OK	 
REQUEST		AddToCart	1612457508570	1612457508637	OK	 
REQUEST		ConfirmPayment	1612457508589	1612457508728	OK	 
REQUEST		GetTours	1612457508637	1612457508778	OK	 
USER	Timed1	END	1612457508858
USER	Timed1	START	1612457508912
REQUEST		AddTourToCart	1612457508789	1612457508929	OK	 
REQUEST		CreateTimed	1612457508909	1612457508947	OK	 
REQUEST		BookingDetails	1612457508949	1612457509056	OK	 
REQUEST		GetToken	1612457508912	1612457509080	OK	 
REQUEST		ConfirmPayment	1612457509058	1612457509198	OK	 
REQUEST		GetTours	1612457509154	1612457509289	OK	 
USER	Timed1	END	1612457509298
USER	Timed1	START	1612457509413
REQUEST		AddTourToCart	1612457509296	1612457509464	OK	 
REQUEST		BookingDetails	1612457509466	1612457509512	OK	 
REQUEST		GetToken	1612457509414	1612457509543	OK	 
REQUEST		AddToCart	1612457509572	1612457509616	OK	 
USER	Timed1	END	1612457509707
REQUEST		ConfirmPayment	1612457509514	1612457509714	OK	 
REQUEST		GetTours	1612457509641	1612457509770	OK	 
REQUEST		AddTourToCart	1612457509781	1612457509940	OK	 
REQUEST		BookingDetails	1612457509951	1612457510237	OK	 
USER	Timed1	START	1612457509912
REQUEST		CreateTimed	1612457509955	1612457510240	OK	 
REQUEST		AddToCart	1612457510083	1612457510245	OK	 
USER	Timed1	END	1612457510248
REQUEST		ConfirmPayment	1612457510238	1612457510375	OK	 
REQUEST		GetToken	1612457509912	1612457510375	OK	 
USER	Timed1	START	1612457510414
REQUEST		AddTourToCart	1612457510291	1612457510461	OK	 
REQUEST		GetToken	1612457510415	1612457510528	OK	 
REQUEST		CreateTimed	1612457510462	1612457510528	OK	 
REQUEST		AddToCart	1612457510548	1612457510599	OK	 
REQUEST		GetTours	1612457510618	1612457510749	OK	 
REQUEST		AddTourToCart	1612457510773	1612457510916	OK	 
REQUEST		CreateTimed	1612457511198	1612457511244	OK	 
USER	Timed1	END	1612457511276
REQUEST		BookingDetails	1612457511246	1612457511296	OK	 
USER	Timed1	START	1612457511416
REQUEST		GetTours	1612457511273	1612457511519	OK	 
REQUEST		AddToCart	1612457511382	1612457511523	OK	 
REQUEST		ConfirmPayment	1612457511313	1612457511581	OK	 
REQUEST		CreateTimed	1612457511437	1612457511607	OK	 
REQUEST		BookingDetails	1612457511562	1612457511632	OK	 
REQUEST		AddToCart	1612457511568	1612457511647	OK	 
REQUEST		GetToken	1612457511418	1612457511674	OK	 
USER	Timed1	END	1612457511737
REQUEST		GetTours	1612457511608	1612457511757	OK	 
REQUEST		ConfirmPayment	1612457511646	1612457511825	OK	 
USER	Timed1	START	1612457511924
REQUEST		CreateTimed	1612457511902	1612457512051	OK	 
REQUEST		AddTourToCart	1612457511760	1612457512072	OK	 
USER	Timed1	END	1612457512205
REQUEST		GetToken	1612457511973	1612457512215	OK	 
REQUEST		BookingDetails	1612457512252	1612457512304	OK	 
USER	Timed1	START	1612457512414
REQUEST		ConfirmPayment	1612457512310	1612457512490	OK	 
REQUEST		GetToken	1612457512414	1612457512598	OK	 
REQUEST		BookingDetails	1612457512619	1612457512667	OK	 
REQUEST		AddTourToCart	1612457512547	1612457512709	OK	 
USER	Timed1	END	1612457512744
REQUEST		GetTours	1612457512574	1612457512744	OK	 
REQUEST		AddToCart	1612457512693	1612457512771	OK	 
REQUEST		ConfirmPayment	1612457512670	1612457512807	OK	 
USER	Timed1	START	1612457512913
REQUEST		GetTours	1612457512685	1612457512961	OK	 
REQUEST		CreateTimed	1612457512961	1612457513031	OK	 
REQUEST		GetToken	1612457512970	1612457513128	OK	 
REQUEST		AddTourToCart	1612457512906	1612457513131	OK	 
REQUEST		BookingDetails	1612457513130	1612457513223	OK	 
REQUEST		AddToCart	1612457513230	1612457513325	OK	 
USER	Timed1	END	1612457513388
REQUEST		ConfirmPayment	1612457513231	1612457513408	OK	 
USER	Timed1	START	1612457513414
REQUEST		CreateTimed	1612457513556	1612457513644	OK	 
REQUEST		GetToken	1612457513431	1612457513660	OK	 
REQUEST		AddToCart	1612457513620	1612457513682	OK	 
REQUEST		GetTours	1612457513774	1612457513918	OK	 
REQUEST		AddTourToCart	1612457513769	1612457513933	OK	 
REQUEST		CreateTimed	1612457513920	1612457513992	OK	 
REQUEST		BookingDetails	1612457514044	1612457514158	OK	 
REQUEST		AddTourToCart	1612457514013	1612457514178	OK	 
REQUEST		AddToCart	1612457514153	1612457514271	OK	 
REQUEST		ConfirmPayment	1612457514160	1612457514298	OK	 
USER	Timed1	START	1612457514413
REQUEST		CreateTimed	1612457514406	1612457514458	OK	 
REQUEST		GetTours	1612457514389	1612457514528	OK	 
REQUEST		GetToken	1612457514413	1612457514576	OK	 
USER	Timed1	END	1612457514607
REQUEST		BookingDetails	1612457514661	1612457514709	OK	 
REQUEST		AddToCart	1612457514679	1612457514713	OK	 
REQUEST		GetTours	1612457514685	1612457514842	OK	 
REQUEST		ConfirmPayment	1612457514710	1612457514846	OK	 
USER	Timed1	END	1612457514849
USER	Timed1	START	1612457514913
REQUEST		CreateTimed	1612457514921	1612457515056	OK	 
REQUEST		BookingDetails	1612457515081	1612457515131	OK	 
REQUEST		AddTourToCart	1612457514988	1612457515239	OK	 
REQUEST		GetToken	1612457514919	1612457515238	OK	 
REQUEST		ConfirmPayment	1612457515133	1612457515277	OK	 
REQUEST		GetTours	1612457515274	1612457515411	OK	 
USER	Timed1	START	1612457515413
USER	Timed1	END	1612457515494
REQUEST		BookingDetails	1612457515461	1612457515513	OK	 
REQUEST		AddToCart	1612457515581	1612457515626	OK	 
REQUEST		GetToken	1612457515440	1612457515698	OK	 
REQUEST		ConfirmPayment	1612457515514	1612457515716	OK	 
REQUEST		AddTourToCart	1612457515541	1612457515718	OK	 
USER	Timed1	END	1612457515817
REQUEST		GetTours	1612457515718	1612457515854	OK	 
USER	Timed1	START	1612457515913
REQUEST		AddTourToCart	1612457515846	1612457516004	OK	 
REQUEST		GetToken	1612457515913	1612457516095	OK	 
REQUEST		BookingDetails	1612457516111	1612457516161	OK	 
REQUEST		AddToCart	1612457516243	1612457516297	OK	 
REQUEST		CreateTimed	1612457516245	1612457516299	OK	 
REQUEST		ConfirmPayment	1612457516164	1612457516330	OK	 
USER	Timed1	START	1612457516414
USER	Timed1	END	1612457516438
REQUEST		CreateTimed	1612457516470	1612457516513	OK	 
REQUEST		GetToken	1612457516415	1612457516559	OK	 
REQUEST		AddTourToCart	1612457516442	1612457516612	OK	 
REQUEST		AddToCart	1612457516713	1612457516760	OK	 
REQUEST		GetTours	1612457516691	1612457516873	OK	 
REQUEST		AddTourToCart	1612457516879	1612457517026	OK	 
REQUEST		CreateTimed	1612457516944	1612457517043	OK	 
REQUEST		AddToCart	1612457517101	1612457517152	OK	 
USER	Timed1	END	1612457517314
REQUEST		BookingDetails	1612457517311	1612457517369	OK	 
USER	Timed1	START	1612457517412
REQUEST		CreateTimed	1612457517527	1612457517574	OK	 
REQUEST		AddToCart	1612457517564	1612457517600	OK	 
REQUEST		BookingDetails	1612457517517	1612457517573	OK	 
REQUEST		GetTours	1612457517300	1612457517748	OK	 
REQUEST		GetToken	1612457517412	1612457517828	OK	 
USER	Timed1	END	1612457517849
USER	Timed1	START	1612457517912
REQUEST		CreateTimed	1612457517979	1612457518016	OK	 
REQUEST		GetToken	1612457517912	1612457518047	OK	 
REQUEST		BookingDetails	1612457518047	1612457518177	OK	 
USER	Timed1	END	1612457518281
REQUEST		ConfirmPayment	1612457517371	1612457518328	OK	 
REQUEST		ConfirmPayment	1612457517767	1612457518354	OK	 
REQUEST		GetTours	1612457518156	1612457518354	OK	 
REQUEST		ConfirmPayment	1612457518179	1612457518370	OK	 
REQUEST		AddTourToCart	1612457517876	1612457518370	OK	 
REQUEST		GetTours	1612457517772	1612457518370	OK	 
USER	Timed1	START	1612457518412
REQUEST		GetToken	1612457518412	1612457518673	OK	 
REQUEST		BookingDetails	1612457518673	1612457518717	OK	 
USER	Timed1	END	1612457518762
REQUEST		AddToCart	1612457518832	1612457518877	OK	 
USER	Timed1	START	1612457518912
REQUEST		GetTours	1612457518766	1612457518930	OK	 
REQUEST		ConfirmPayment	1612457518718	1612457518962	OK	 
REQUEST		AddTourToCart	1612457518799	1612457518980	OK	 
REQUEST		BookingDetails	1612457519019	1612457519066	OK	 
REQUEST		GetToken	1612457518912	1612457519122	OK	 
REQUEST		AddToCart	1612457519053	1612457519266	OK	 
REQUEST		ConfirmPayment	1612457519067	1612457519335	OK	 
USER	Timed1	END	1612457519366
REQUEST		CreateTimed	1612457519165	1612457519366	OK	 
USER	Timed1	START	1612457519414
REQUEST		AddTourToCart	1612457519366	1612457519520	OK	 
REQUEST		AddTourToCart	1612457519398	1612457519586	OK	 
REQUEST		GetToken	1612457519414	1612457519586	OK	 
REQUEST		AddToCart	1612457519702	1612457519745	OK	 
REQUEST		CreateTimed	1612457519746	1612457519828	OK	 
REQUEST		GetTours	1612457519883	1612457520081	OK	 
REQUEST		AddTourToCart	1612457519933	1612457520147	OK	 
REQUEST		AddToCart	1612457520126	1612457520217	OK	 
REQUEST		CreateTimed	1612457520167	1612457520225	OK	 
USER	Timed1	START	1612457520415
REQUEST		BookingDetails	1612457520384	1612457520466	OK	 
REQUEST		GetTours	1612457520336	1612457520547	OK	 
REQUEST		ConfirmPayment	1612457520467	1612457520649	OK	 
REQUEST		GetToken	1612457520415	1612457520649	OK	 
REQUEST		AddToCart	1612457520703	1612457520739	OK	 
REQUEST		BookingDetails	1612457520832	1612457520892	OK	 
USER	Timed1	START	1612457520913
REQUEST		GetTours	1612457520757	1612457520913	OK	 
REQUEST		ConfirmPayment	1612457520893	1612457521084	OK	 
REQUEST		CreateTimed	1612457521048	1612457521130	OK	 
REQUEST		GetToken	1612457520913	1612457521131	OK	 
REQUEST		CreateTimed	1612457521183	1612457521227	OK	 
REQUEST		BookingDetails	1612457521250	1612457521297	OK	 
REQUEST		AddTourToCart	1612457521170	1612457521348	OK	 
USER	Timed1	END	1612457521349
USER	Timed1	END	1612457521419
USER	Timed1	START	1612457521413
USER	Timed1	END	1612457521426
REQUEST		GetTours	1612457521221	1612457521451	OK	 
REQUEST		ConfirmPayment	1612457521345	1612457521566	OK	 
REQUEST		GetToken	1612457521421	1612457521651	OK	 
REQUEST		AddToCart	1612457521651	1612457521687	OK	 
REQUEST		AddTourToCart	1612457521566	1612457521730	OK	 
REQUEST		GetTours	1612457521755	1612457521911	OK	 
USER	Timed1	START	1612457521912
USER	Timed1	END	1612457521968
REQUEST		GetToken	1612457521913	1612457522045	OK	 
REQUEST		AddTourToCart	1612457521916	1612457522085	OK	 
REQUEST		BookingDetails	1612457522132	1612457522217	OK	 
REQUEST		AddToCart	1612457522134	1612457522218	OK	 
REQUEST		CreateTimed	1612457522294	1612457522352	OK	 
USER	Timed1	END	1612457522371
USER	Timed1	START	1612457522415
REQUEST		BookingDetails	1612457522296	1612457522497	OK	 
REQUEST		ConfirmPayment	1612457522264	1612457522501	OK	 
REQUEST		GetToken	1612457522447	1612457522651	OK	 
REQUEST		ConfirmPayment	1612457522502	1612457522671	OK	 
REQUEST		AddToCart	1612457522654	1612457522802	OK	 
REQUEST		AddTourToCart	1612457522497	1612457522827	OK	 
REQUEST		CreateTimed	1612457522845	1612457522903	OK	 
REQUEST		GetTours	1612457522827	1612457522967	OK	 
REQUEST		CreateTimed	1612457523010	1612457523075	OK	 
REQUEST		AddTourToCart	1612457522920	1612457523080	OK	 
REQUEST		AddToCart	1612457523050	1612457523211	OK	 
REQUEST		BookingDetails	1612457523355	1612457523412	OK	 
USER	Timed1	START	1612457523412
REQUEST		GetTours	1612457523292	1612457523452	OK	 
REQUEST		ConfirmPayment	1612457523413	1612457523668	OK	 
USER	Timed1	END	1612457523669
REQUEST		GetToken	1612457523412	1612457523721	OK	 
REQUEST		AddToCart	1612457523704	1612457523797	OK	 
REQUEST		CreateTimed	1612457523750	1612457523803	OK	 
USER	Timed1	START	1612457523912
REQUEST		BookingDetails	1612457523906	1612457524023	OK	 
REQUEST		GetTours	1612457523829	1612457524072	OK	 
USER	Timed1	END	1612457524119
REQUEST		AddTourToCart	1612457523977	1612457524228	OK	 
REQUEST		CreateTimed	1612457524070	1612457524229	OK	 
REQUEST		GetToken	1612457523912	1612457524365	OK	 
USER	Timed1	START	1612457524413
REQUEST		GetTours	1612457524253	1612457524423	OK	 
USER	Timed1	END	1612457524603
REQUEST		BookingDetails	1612457524211	1612457524623	OK	 
REQUEST		ConfirmPayment	1612457524049	1612457524662	OK	 
REQUEST		GetToken	1612457524414	1612457524696	OK	 
REQUEST		AddTourToCart	1612457524600	1612457524757	OK	 
REQUEST		ConfirmPayment	1612457524625	1612457524774	OK	 
REQUEST		AddToCart	1612457524752	1612457524807	OK	 
REQUEST		BookingDetails	1612457524807	1612457524879	OK	 
USER	Timed1	START	1612457524914
REQUEST		GetTours	1612457524802	1612457524957	OK	 
REQUEST		GetToken	1612457524916	1612457525174	OK	 
REQUEST		ConfirmPayment	1612457524880	1612457525186	OK	 
REQUEST		BookingDetails	1612457525253	1612457525384	OK	 
REQUEST		AddTourToCart	1612457525130	1612457525384	OK	 
REQUEST		AddToCart	1612457525368	1612457525418	OK	 
USER	Timed1	START	1612457525415
REQUEST		CreateTimed	1612457525412	1612457525471	OK	 
USER	Timed1	END	1612457525566
REQUEST		ConfirmPayment	1612457525386	1612457525569	OK	 
REQUEST		AddTourToCart	1612457525495	1612457525656	OK	 
REQUEST		GetToken	1612457525417	1612457525679	OK	 
REQUEST		AddToCart	1612457525703	1612457525762	OK	 
USER	Timed1	END	1612457525804
REQUEST		GetTours	1612457525812	1612457525974	OK	 
REQUEST		CreateTimed	1612457526065	1612457526126	OK	 
REQUEST		AddTourToCart	1612457525963	1612457526126	OK	 
REQUEST		AddToCart	1612457526189	1612457526382	OK	 
USER	Timed1	START	1612457526413
REQUEST		BookingDetails	1612457526480	1612457526525	OK	 
REQUEST		GetToken	1612457526413	1612457526557	OK	 
REQUEST		GetTours	1612457526421	1612457526572	OK	 
REQUEST		CreateTimed	1612457526525	1612457526572	OK	 
REQUEST		ConfirmPayment	1612457526527	1612457526665	OK	 
USER	Timed1	END	1612457526766
REQUEST		AddToCart	1612457526688	1612457526833	OK	 
REQUEST		CreateTimed	1612457526829	1612457526901	OK	 
USER	Timed1	START	1612457526915
REQUEST		GetTours	1612457526829	1612457527043	OK	 
REQUEST		GetToken	1612457526924	1612457527071	OK	 
REQUEST		AddTourToCart	1612457526977	1612457527247	OK	 
REQUEST		BookingDetails	1612457527129	1612457527255	OK	 
REQUEST		CreateTimed	1612457527170	1612457527286	OK	 
REQUEST		ConfirmPayment	1612457527256	1612457527421	OK	 
USER	Timed1	START	1612457527413
REQUEST		GetTours	1612457527384	1612457527524	OK	 
REQUEST		BookingDetails	1612457527577	1612457527773	OK	 
REQUEST		GetToken	1612457527421	1612457527819	OK	 
REQUEST		AddToCart	1612457527559	1612457527827	OK	 
USER	Timed1	END	1612457527830
REQUEST		AddTourToCart	1612457527578	1612457527856	OK	 
USER	Timed1	END	1612457527889
USER	Timed1	START	1612457527916
REQUEST		BookingDetails	1612457527904	1612457527963	OK	 
REQUEST		GetTours	1612457527872	1612457528026	OK	 
REQUEST		ConfirmPayment	1612457527856	1612457528055	OK	 
REQUEST		ConfirmPayment	1612457527966	1612457528191	OK	 
REQUEST		AddToCart	1612457528075	1612457528191	OK	 
REQUEST		GetToken	1612457527924	1612457528191	OK	 
USER	Timed1	END	1612457528213
REQUEST		AddTourToCart	1612457528055	1612457528267	OK	 
REQUEST		BookingDetails	1612457528300	1612457528384	OK	 
USER	Timed1	START	1612457528415
REQUEST		CreateTimed	1612457528385	1612457528455	OK	 
REQUEST		ConfirmPayment	1612457528385	1612457528568	OK	 
REQUEST		GetToken	1612457528425	1612457528569	OK	 
USER	Timed1	END	1612457528574
REQUEST		AddTourToCart	1612457528527	1612457528699	OK	 
REQUEST		CreateTimed	1612457528803	1612457528861	OK	 
REQUEST		AddToCart	1612457528865	1612457528941	OK	 
REQUEST		GetTours	1612457528866	1612457529025	OK	 
REQUEST		AddTourToCart	1612457529044	1612457529189	OK	 
REQUEST		AddToCart	1612457529211	1612457529284	OK	 
REQUEST		CreateTimed	1612457529209	1612457529299	OK	 
REQUEST		GetTours	1612457529211	1612457529358	OK	 
USER	Timed1	START	1612457529413
USER	Timed1	END	1612457529669
REQUEST		BookingDetails	1612457529470	1612457529674	OK	 
REQUEST		AddToCart	1612457529572	1612457529727	OK	 
REQUEST		GetToken	1612457529413	1612457529727	OK	 
REQUEST		ConfirmPayment	1612457529675	1612457529868	OK	 
USER	Timed1	START	1612457529913
REQUEST		CreateTimed	1612457529859	1612457529977	OK	 
REQUEST		BookingDetails	1612457529866	1612457530007	OK	 
REQUEST		GetTours	1612457529944	1612457530091	OK	 
REQUEST		GetToken	1612457529913	1612457530123	OK	 
REQUEST		AddTourToCart	1612457530040	1612457530216	OK	 
REQUEST		ConfirmPayment	1612457530040	1612457530219	OK	 
REQUEST		CreateTimed	1612457530208	1612457530242	OK	 
USER	Timed1	START	1612457530412
USER	Timed1	END	1612457530427
REQUEST		BookingDetails	1612457530378	1612457530554	OK	 
REQUEST		AddTourToCart	1612457530378	1612457530576	OK	 
REQUEST		GetTours	1612457530288	1612457530576	OK	 
REQUEST		ConfirmPayment	1612457530555	1612457530685	OK	 
REQUEST		GetToken	1612457530412	1612457530804	OK	 
REQUEST		AddToCart	1612457530734	1612457530857	OK	 
REQUEST		GetTours	1612457530730	1612457530878	OK	 
USER	Timed1	START	1612457530914
REQUEST		BookingDetails	1612457531008	1612457531051	OK	 
USER	Timed1	END	1612457531059
REQUEST		GetToken	1612457530914	1612457531076	OK	 
REQUEST		AddToCart	1612457531128	1612457531169	OK	 
REQUEST		ConfirmPayment	1612457531056	1612457531198	OK	 
USER	Timed1	END	1612457531217
REQUEST		AddTourToCart	1612457531095	1612457531323	OK	 
USER	Timed1	START	1612457531413
REQUEST		BookingDetails	1612457531322	1612457531423	OK	 
REQUEST		CreateTimed	1612457531322	1612457531443	OK	 
USER	Timed1	END	1612457531572
REQUEST		ConfirmPayment	1612457531425	1612457531577	OK	 
REQUEST		GetToken	1612457531413	1612457531597	OK	 
REQUEST		AddTourToCart	1612457531580	1612457531739	OK	 
REQUEST		CreateTimed	1612457531861	1612457531927	OK	 
REQUEST		AddToCart	1612457531904	1612457531994	OK	 
REQUEST		GetTours	1612457531861	1612457532008	OK	 
REQUEST		AddToCart	1612457532079	1612457532120	OK	 
REQUEST		GetTours	1612457532175	1612457532326	OK	 
REQUEST		AddTourToCart	1612457531904	1612457532328	OK	 
USER	Timed1	START	1612457532412
REQUEST		CreateTimed	1612457532388	1612457532454	OK	 
REQUEST		BookingDetails	1612457532449	1612457532537	OK	 
REQUEST		GetToken	1612457532413	1612457532645	OK	 
REQUEST		AddToCart	1612457532613	1612457532682	OK	 
REQUEST		CreateTimed	1612457532670	1612457532710	OK	 
REQUEST		ConfirmPayment	1612457532562	1612457532748	OK	 
USER	Timed1	START	1612457532912
USER	Timed1	END	1612457532871
REQUEST		BookingDetails	1612457532941	1612457532987	OK	 
REQUEST		GetToken	1612457532939	1612457533110	OK	 
REQUEST		GetTours	1612457533010	1612457533179	OK	 
REQUEST		AddTourToCart	1612457533025	1612457533199	OK	 
REQUEST		ConfirmPayment	1612457533009	1612457533228	OK	 
REQUEST		CreateTimed	1612457533135	1612457533228	OK	 
USER	Timed1	END	1612457533231
REQUEST		GetTours	1612457533129	1612457533272	OK	 
USER	Timed1	START	1612457533413
REQUEST		AddTourToCart	1612457533332	1612457533482	OK	 
REQUEST		BookingDetails	1612457533480	1612457533564	OK	 
REQUEST		GetToken	1612457533480	1612457533658	OK	 
USER	Timed1	END	1612457533701
REQUEST		AddToCart	1612457533678	1612457533714	OK	 
REQUEST		ConfirmPayment	1612457533565	1612457533759	OK	 
REQUEST		BookingDetails	1612457533717	1612457533813	OK	 
USER	Timed1	START	1612457533912
REQUEST		GetTours	1612457533685	1612457533915	OK	 
REQUEST		GetToken	1612457533912	1612457534070	OK	 
REQUEST		ConfirmPayment	1612457533898	1612457534075	OK	 
REQUEST		AddToCart	1612457534114	1612457534173	OK	 
USER	Timed1	END	1612457534204
REQUEST		BookingDetails	1612457534232	1612457534306	OK	 
REQUEST		CreateTimed	1612457534253	1612457534398	OK	 
USER	Timed1	START	1612457534412
USER	Timed1	END	1612457534581
REQUEST		ConfirmPayment	1612457534357	1612457534615	OK	 
REQUEST		GetToken	1612457534460	1612457534616	OK	 
REQUEST		AddTourToCart	1612457534276	1612457534645	OK	 
REQUEST		AddToCart	1612457534663	1612457534706	OK	 
REQUEST		GetTours	1612457534724	1612457534878	OK	 
REQUEST		CreateTimed	1612457534930	1612457535022	OK	 
REQUEST		AddToCart	1612457535075	1612457535116	OK	 
REQUEST		AddTourToCart	1612457534977	1612457535145	OK	 
REQUEST		GetTours	1612457535178	1612457535313	OK	 
REQUEST		CreateTimed	1612457535272	1612457535338	OK	 
USER	Timed1	START	1612457535412
REQUEST		BookingDetails	1612457535462	1612457535518	OK	 
REQUEST		GetToken	1612457535413	1612457535582	OK	 
REQUEST		AddToCart	1612457535619	1612457535677	OK	 
REQUEST		ConfirmPayment	1612457535547	1612457535679	OK	 
REQUEST		AddTourToCart	1612457534194	1612457535715	OK	 
USER	Timed1	END	1612457535751
REQUEST		CreateTimed	1612457535704	1612457535765	OK	 
USER	Timed1	START	1612457535911
REQUEST		GetTours	1612457535717	1612457536018	OK	 
REQUEST		AddTourToCart	1612457535881	1612457536064	OK	 
REQUEST		BookingDetails	1612457536035	1612457536117	OK	 
REQUEST		GetToken	1612457535976	1612457536180	OK	 
USER	Timed1	END	1612457536233
REQUEST		GetTours	1612457536121	1612457536269	OK	 
REQUEST		ConfirmPayment	1612457536118	1612457536295	OK	 
REQUEST		CreateTimed	1612457536204	1612457536295	OK	 
REQUEST		BookingDetails	1612457536343	1612457536387	OK	 
USER	Timed1	START	1612457536414
REQUEST		AddTourToCart	1612457536315	1612457536492	OK	 
REQUEST		ConfirmPayment	1612457536390	1612457536515	OK	 
REQUEST		GetToken	1612457536417	1612457536607	OK	 
REQUEST		AddToCart	1612457536585	1612457536633	OK	 
USER	Timed1	END	1612457536765
REQUEST		GetTours	1612457536681	1612457536811	OK	 
REQUEST		BookingDetails	1612457536768	1612457536832	OK	 
USER	Timed1	START	1612457536913
REQUEST		ConfirmPayment	1612457536833	1612457536958	OK	 
USER	Timed1	END	1612457537143
REQUEST		GetToken	1612457536913	1612457537144	OK	 
REQUEST		AddTourToCart	1612457537036	1612457537188	OK	 
REQUEST		AddToCart	1612457537181	1612457537215	OK	 
REQUEST		BookingDetails	1612457537298	1612457537359	OK	 
REQUEST		CreateTimed	1612457537307	1612457537361	OK	 
USER	Timed1	START	1612457537414
REQUEST		AddTourToCart	1612457537273	1612457537446	OK	 
REQUEST		ConfirmPayment	1612457537360	1612457537488	OK	 
USER	Timed1	END	1612457537660
REQUEST		CreateTimed	1612457537597	1612457537663	OK	 
REQUEST		AddToCart	1612457537656	1612457537703	OK	 
REQUEST		GetToken	1612457537414	1612457537724	OK	 
REQUEST		GetTours	1612457537659	1612457537804	OK	 
REQUEST		AddTourToCart	1612457537821	1612457537983	OK	 
REQUEST		AddToCart	1612457538148	1612457538193	OK	 
REQUEST		GetTours	1612457538232	1612457538387	OK	 
REQUEST		BookingDetails	1612457538363	1612457538423	OK	 
REQUEST		CreateTimed	1612457538380	1612457538442	OK	 
REQUEST		ConfirmPayment	1612457538424	1612457538568	OK	 
USER	Timed1	END	1612457538683
REQUEST		BookingDetails	1612457538687	1612457538772	OK	 
REQUEST		AddToCart	1612457538732	1612457538800	OK	 
REQUEST		CreateTimed	1612457538802	1612457538850	OK	 
REQUEST		GetTours	1612457538707	1612457538884	OK	 
REQUEST		ConfirmPayment	1612457538775	1612457538907	OK	 
REQUEST		AddTourToCart	1612457538820	1612457538976	OK	 
USER	Timed1	END	1612457539299
REQUEST		GetTours	1612457539234	1612457539392	OK	 
REQUEST		CreateTimed	1612457539339	1612457539401	OK	 
REQUEST		BookingDetails	1612457539445	1612457539498	OK	 
USER	Timed1	END	1612457539519
REQUEST		AddTourToCart	1612457539406	1612457539555	OK	 
REQUEST		ConfirmPayment	1612457539499	1612457539677	OK	 
REQUEST		BookingDetails	1612457539852	1612457539900	OK	 
REQUEST		GetTours	1612457539803	1612457539941	OK	 
USER	Timed1	END	1612457540020
REQUEST		ConfirmPayment	1612457539901	1612457540053	OK	 
REQUEST		AddTourToCart	1612457539887	1612457540053	OK	 
REQUEST		CreateTimed	1612457540214	1612457540259	OK	 
REQUEST		BookingDetails	1612457540404	1612457540457	OK	 
REQUEST		CreateTimed	1612457540497	1612457540534	OK	 
REQUEST		AddTourToCart	1612457540406	1612457540567	OK	 
REQUEST		ConfirmPayment	1612457540460	1612457540591	OK	 
USER	Timed1	END	1612457540598
REQUEST		AddTourToCart	1612457540945	1612457541128	OK	 
REQUEST		BookingDetails	1612457541266	1612457541387	OK	 
REQUEST		ConfirmPayment	1612457541389	1612457541523	OK	 
REQUEST		BookingDetails	1612457541539	1612457541580	OK	 
USER	Timed1	END	1612457541611
REQUEST		CreateTimed	1612457541648	1612457541728	OK	 
REQUEST		ConfirmPayment	1612457541589	1612457541730	OK	 
USER	Timed1	END	1612457541912
REQUEST		CreateTimed	1612457542149	1612457542192	OK	 
USER	Timed1	END	1612457542680
REQUEST		CreateTimed	1612457542720	1612457542779	OK	 
REQUEST		BookingDetails	1612457542736	1612457542800	OK	 
REQUEST		ConfirmPayment	1612457542802	1612457542947	OK	 
USER	Timed1	END	1612457543058
REQUEST		CreateTimed	1612457543069	1612457543123	OK	 
REQUEST		BookingDetails	1612457543197	1612457543253	OK	 
REQUEST		ConfirmPayment	1612457543255	1612457543382	OK	 
USER	Timed1	END	1612457543595
REQUEST		CreateTimed	1612457543599	1612457543654	OK	 
REQUEST		BookingDetails	1612457543784	1612457543851	OK	 
REQUEST		BookingDetails	1612457544125	1612457544173	OK	 
REQUEST		CreateTimed	1612457544218	1612457544271	OK	 
REQUEST		ConfirmPayment	1612457544174	1612457544340	OK	 
REQUEST		CreateTimed	1612457544452	1612457544524	OK	 
USER	Timed1	END	1612457544529
REQUEST		BookingDetails	1612457544655	1612457544729	OK	 
USER	Timed1	END	1612457544733
REQUEST		ConfirmPayment	1612457544732	1612457544884	OK	 
REQUEST		CreateTimed	1612457544998	1612457545041	OK	 
REQUEST		BookingDetails	1612457545273	1612457545325	OK	 
REQUEST		ConfirmPayment	1612457545327	1612457545461	OK	 
REQUEST		BookingDetails	1612457545534	1612457545577	OK	 
REQUEST		ConfirmPayment	1612457545578	1612457545707	OK	 
USER	Timed1	END	1612457545950
REQUEST		CreateTimed	1612457545980	1612457546043	OK	 
REQUEST		BookingDetails	1612457546043	1612457546121	OK	 
REQUEST		ConfirmPayment	1612457546125	1612457546256	OK	 
USER	Timed1	END	1612457546440
REQUEST		CreateTimed	1612457546559	1612457546612	OK	 
REQUEST		CreateTimed	1612457547060	1612457547121	OK	 
REQUEST		BookingDetails	1612457547047	1612457547224	OK	 
REQUEST		ConfirmPayment	1612457543854	1612457547318	KO	status.find.in(200,201,202,203,204,205,206,207,208,209,304), found 400
USER	Timed1	END	1612457547323
USER	Timed1	END	1612457547343
REQUEST		ConfirmPayment	1612457547241	1612457547429	OK	 
REQUEST		CreateTimed	1612457547571	1612457547638	OK	 
REQUEST		BookingDetails	1612457547692	1612457547820	OK	 
USER	Timed1	END	1612457547888
REQUEST		ConfirmPayment	1612457547824	1612457548004	OK	 
REQUEST		BookingDetails	1612457548124	1612457548164	OK	 
REQUEST		CreateTimed	1612457548133	1612457548193	OK	 
REQUEST		ConfirmPayment	1612457548167	1612457548308	OK	 
USER	Timed1	END	1612457548467
REQUEST		BookingDetails	1612457548640	1612457548684	OK	 
USER	Timed1	END	1612457548712
REQUEST		ConfirmPayment	1612457548686	1612457548813	OK	 
USER	Timed1	END	1612457549262
REQUEST		BookingDetails	1612457549197	1612457549309	OK	 
REQUEST		ConfirmPayment	1612457549372	1612457549533	OK	 
USER	Timed1	END	1612457550434
USER	Timed1	END	1612457551008
USER	Timed1	END	1612457551311
USER	Timed1	END	1612457551817
USER	Timed1	END	1612457552539
