RUN	GeneralAdmission1	generaladmission1	1612374171013	 	3.5.0
USER	GeneralAdmission1	START	1612374174072
USER	GeneralAdmission1	START	1612374174011
USER	GeneralAdmission1	START	1612374174067
USER	GeneralAdmission1	START	1612374174085
USER	GeneralAdmission1	START	1612374174084
USER	GeneralAdmission1	START	1612374174094
USER	GeneralAdmission1	START	1612374174091
USER	GeneralAdmission1	START	1612374174181
USER	GeneralAdmission1	START	1612374174141
USER	GeneralAdmission1	START	1612374174178
USER	GeneralAdmission1	START	1612374174191
USER	GeneralAdmission1	START	1612374174180
USER	GeneralAdmission1	START	1612374174207
USER	GeneralAdmission1	START	1612374174202
USER	GeneralAdmission1	START	1612374174222
USER	GeneralAdmission1	START	1612374174324
USER	GeneralAdmission1	START	1612374174284
USER	GeneralAdmission1	START	1612374174370
USER	GeneralAdmission1	START	1612374174306
USER	GeneralAdmission1	START	1612374174322
USER	GeneralAdmission1	START	1612374174377
USER	GeneralAdmission1	START	1612374174339
USER	GeneralAdmission1	START	1612374174394
USER	GeneralAdmission1	START	1612374174408
USER	GeneralAdmission1	START	1612374174409
USER	GeneralAdmission1	START	1612374174424
USER	GeneralAdmission1	START	1612374174443
USER	GeneralAdmission1	START	1612374174474
USER	GeneralAdmission1	START	1612374174456
USER	GeneralAdmission1	START	1612374174459
USER	GeneralAdmission1	START	1612374174495
USER	GeneralAdmission1	START	1612374174478
USER	GeneralAdmission1	START	1612374174507
USER	GeneralAdmission1	START	1612374174512
USER	GeneralAdmission1	START	1612374174524
USER	GeneralAdmission1	START	1612374174514
USER	GeneralAdmission1	START	1612374174539
USER	GeneralAdmission1	START	1612374174563
USER	GeneralAdmission1	START	1612374174580
USER	GeneralAdmission1	START	1612374174587
USER	GeneralAdmission1	START	1612374174589
USER	GeneralAdmission1	START	1612374174591
USER	GeneralAdmission1	START	1612374174613
USER	GeneralAdmission1	START	1612374174612
USER	GeneralAdmission1	START	1612374174618
USER	GeneralAdmission1	START	1612374174638
USER	GeneralAdmission1	START	1612374174657
USER	GeneralAdmission1	START	1612374174664
USER	GeneralAdmission1	START	1612374174678
USER	GeneralAdmission1	START	1612374174685
USER	GeneralAdmission1	START	1612374174703
USER	GeneralAdmission1	START	1612374174737
USER	GeneralAdmission1	START	1612374174751
USER	GeneralAdmission1	START	1612374174715
USER	GeneralAdmission1	START	1612374174731
USER	GeneralAdmission1	START	1612374174736
USER	GeneralAdmission1	START	1612374174769
USER	GeneralAdmission1	START	1612374174777
USER	GeneralAdmission1	START	1612374174783
USER	GeneralAdmission1	START	1612374174793
USER	GeneralAdmission1	START	1612374174777
USER	GeneralAdmission1	START	1612374174798
USER	GeneralAdmission1	START	1612374174819
USER	GeneralAdmission1	START	1612374174806
USER	GeneralAdmission1	START	1612374174849
USER	GeneralAdmission1	START	1612374174842
USER	GeneralAdmission1	START	1612374174864
USER	GeneralAdmission1	START	1612374174866
USER	GeneralAdmission1	START	1612374174954
USER	GeneralAdmission1	START	1612374174885
USER	GeneralAdmission1	START	1612374174898
USER	GeneralAdmission1	START	1612374174914
USER	GeneralAdmission1	START	1612374174951
USER	GeneralAdmission1	START	1612374174917
USER	GeneralAdmission1	START	1612374174968
USER	GeneralAdmission1	START	1612374175003
USER	GeneralAdmission1	START	1612374175052
USER	GeneralAdmission1	START	1612374175016
USER	GeneralAdmission1	START	1612374175033
USER	GeneralAdmission1	START	1612374175036
USER	GeneralAdmission1	START	1612374175046
USER	GeneralAdmission1	START	1612374175141
USER	GeneralAdmission1	START	1612374175058
USER	GeneralAdmission1	START	1612374175102
USER	GeneralAdmission1	START	1612374175122
USER	GeneralAdmission1	START	1612374175142
USER	GeneralAdmission1	START	1612374175137
USER	GeneralAdmission1	START	1612374175202
USER	GeneralAdmission1	START	1612374175171
USER	GeneralAdmission1	START	1612374175135
USER	GeneralAdmission1	START	1612374175188
USER	GeneralAdmission1	START	1612374175210
USER	GeneralAdmission1	START	1612374175251
USER	GeneralAdmission1	START	1612374175235
USER	GeneralAdmission1	START	1612374175240
USER	GeneralAdmission1	START	1612374175243
USER	GeneralAdmission1	START	1612374175251
USER	GeneralAdmission1	START	1612374175280
USER	GeneralAdmission1	START	1612374175326
USER	GeneralAdmission1	START	1612374175406
REQUEST		GetToken	1612374174132	1612374177724	OK	 
REQUEST		GetToken	1612374174103	1612374177409	OK	 
REQUEST		GetToken	1612374174068	1612374177975	OK	 
REQUEST		GetToken	1612374174292	1612374178041	OK	 
REQUEST		GetToken	1612374174255	1612374178341	OK	 
REQUEST		GetToken	1612374174412	1612374178242	OK	 
REQUEST		GetToken	1612374174154	1612374178415	OK	 
REQUEST		GetToken	1612374174410	1612374178447	OK	 
REQUEST		GetToken	1612374174192	1612374178497	OK	 
REQUEST		GetToken	1612374174296	1612374178817	OK	 
REQUEST		GetToken	1612374174162	1612374178827	OK	 
REQUEST		GetToken	1612374174534	1612374178851	OK	 
REQUEST		GetToken	1612374174478	1612374178970	OK	 
REQUEST		GetToken	1612374174137	1612374179039	OK	 
REQUEST		GetToken	1612374174308	1612374179069	OK	 
REQUEST		GetToken	1612374174410	1612374179106	OK	 
REQUEST		GetToken	1612374174273	1612374179282	OK	 
REQUEST		GetToken	1612374174558	1612374179254	OK	 
REQUEST		GetToken	1612374174427	1612374179310	OK	 
REQUEST		GetToken	1612374174329	1612374179431	OK	 
REQUEST		GetToken	1612374174651	1612374179435	OK	 
REQUEST		GetToken	1612374174473	1612374179443	OK	 
REQUEST		GetToken	1612374174215	1612374179502	OK	 
REQUEST		GetToken	1612374174087	1612374179540	OK	 
REQUEST		GetToken	1612374174512	1612374179552	OK	 
REQUEST		GetToken	1612374174548	1612374179672	OK	 
REQUEST		GetToken	1612374174394	1612374179712	OK	 
REQUEST		GetToken	1612374174443	1612374179712	OK	 
REQUEST		GetToken	1612374174558	1612374179786	OK	 
REQUEST		GetToken	1612374174241	1612374179791	OK	 
REQUEST		GetToken	1612374174631	1612374180048	OK	 
REQUEST		GetToken	1612374174540	1612374180136	OK	 
REQUEST		GetToken	1612374174508	1612374180193	OK	 
REQUEST		GetToken	1612374174665	1612374180278	OK	 
REQUEST		GetToken	1612374174324	1612374180347	OK	 
REQUEST		GetToken	1612374174734	1612374180355	OK	 
REQUEST		GetToken	1612374174598	1612374180448	OK	 
REQUEST		GetToken	1612374174614	1612374180426	OK	 
REQUEST		GetToken	1612374174619	1612374180491	OK	 
REQUEST		GetToken	1612374174747	1612374180511	OK	 
REQUEST		GetToken	1612374174490	1612374180531	OK	 
REQUEST		GetToken	1612374174452	1612374180577	OK	 
REQUEST		GetToken	1612374174686	1612374180663	OK	 
REQUEST		GetToken	1612374174716	1612374180688	OK	 
REQUEST		GetToken	1612374174701	1612374180720	OK	 
REQUEST		GetToken	1612374174543	1612374180726	OK	 
REQUEST		GetToken	1612374174565	1612374180744	OK	 
REQUEST		GetToken	1612374174394	1612374180849	OK	 
REQUEST		GetToken	1612374174782	1612374180859	OK	 
REQUEST		GetToken	1612374174621	1612374180920	OK	 
REQUEST		GetToken	1612374174679	1612374180919	OK	 
REQUEST		GetToken	1612374174765	1612374180972	OK	 
REQUEST		GetToken	1612374174746	1612374181200	OK	 
REQUEST		GetToken	1612374174830	1612374181200	OK	 
REQUEST		GetToken	1612374174730	1612374181369	OK	 
REQUEST		GetToken	1612374174831	1612374181389	OK	 
REQUEST		GetToken	1612374174764	1612374181410	OK	 
REQUEST		GetToken	1612374174962	1612374181549	OK	 
REQUEST		GetToken	1612374174816	1612374181530	OK	 
REQUEST		GetToken	1612374174837	1612374181543	OK	 
REQUEST		GetToken	1612374174848	1612374181650	OK	 
REQUEST		GetToken	1612374174801	1612374181624	OK	 
REQUEST		GetToken	1612374174868	1612374181730	OK	 
REQUEST		GetToken	1612374175090	1612374181770	OK	 
REQUEST		GetToken	1612374174928	1612374181873	OK	 
REQUEST		GetToken	1612374174982	1612374182035	OK	 
REQUEST		GetToken	1612374174884	1612374182192	OK	 
REQUEST		GetToken	1612374174980	1612374182121	OK	 
REQUEST		GetToken	1612374174993	1612374182255	OK	 
REQUEST		GetToken	1612374175054	1612374182310	OK	 
REQUEST		GetToken	1612374174769	1612374182316	OK	 
REQUEST		GetToken	1612374175097	1612374182339	OK	 
REQUEST		GetToken	1612374175118	1612374182410	OK	 
REQUEST		GetToken	1612374174823	1612374182475	OK	 
REQUEST		GetToken	1612374175119	1612374182493	OK	 
REQUEST		GetToken	1612374175150	1612374182533	OK	 
REQUEST		GetToken	1612374175208	1612374182768	OK	 
REQUEST		GetToken	1612374174851	1612374182820	OK	 
REQUEST		GetToken	1612374175224	1612374182864	OK	 
REQUEST		GetToken	1612374175216	1612374182858	OK	 
REQUEST		GetToken	1612374175000	1612374182882	OK	 
REQUEST		GetToken	1612374174887	1612374182884	OK	 
REQUEST		GetToken	1612374175173	1612374182888	OK	 
REQUEST		GetToken	1612374175219	1612374183088	OK	 
REQUEST		GetToken	1612374174986	1612374183104	OK	 
REQUEST		GetToken	1612374175066	1612374183102	OK	 
REQUEST		GetToken	1612374175273	1612374183121	OK	 
REQUEST		GetToken	1612374175019	1612374183138	OK	 
REQUEST		GetToken	1612374175270	1612374183160	OK	 
REQUEST		GetToken	1612374175134	1612374183297	OK	 
REQUEST		GetToken	1612374175192	1612374183350	OK	 
REQUEST		GetToken	1612374175422	1612374183428	OK	 
REQUEST		GetToken	1612374175376	1612374183448	OK	 
REQUEST		GetToken	1612374175154	1612374183488	OK	 
REQUEST		GetToken	1612374175237	1612374183492	OK	 
REQUEST		AddToCart	1612374183326	1612374183580	OK	 
REQUEST		GetToken	1612374175248	1612374183646	OK	 
REQUEST		GetToken	1612374175292	1612374183659	OK	 
REQUEST		AddToCart	1612374183138	1612374183702	OK	 
REQUEST		AddToCart	1612374183583	1612374183728	OK	 
REQUEST		AddToCart	1612374183426	1612374183753	OK	 
REQUEST		AddToCart	1612374183700	1612374183874	OK	 
REQUEST		GetToken	1612374175304	1612374183987	OK	 
REQUEST		AddToCart	1612374183640	1612374184074	OK	 
REQUEST		GetToken	1612374175308	1612374184093	OK	 
REQUEST		AddToCart	1612374183991	1612374184100	OK	 
REQUEST		AddToCart	1612374184074	1612374184263	OK	 
REQUEST		AddToCart	1612374183557	1612374184307	OK	 
REQUEST		GetToken	1612374175405	1612374184429	OK	 
REQUEST		AddToCart	1612374184357	1612374184488	OK	 
REQUEST		AddToCart	1612374184219	1612374184478	OK	 
REQUEST		AddToCart	1612374183611	1612374184512	OK	 
REQUEST		AddToCart	1612374184360	1612374184576	OK	 
REQUEST		AddToCart	1612374183958	1612374184551	OK	 
REQUEST		AddToCart	1612374184328	1612374184577	OK	 
REQUEST		AddToCart	1612374184414	1612374184625	OK	 
REQUEST		AddToCart	1612374184391	1612374184699	OK	 
REQUEST		AddToCart	1612374184627	1612374184735	OK	 
REQUEST		AddToCart	1612374184451	1612374184708	OK	 
REQUEST		AddToCart	1612374184492	1612374184735	OK	 
REQUEST		AddToCart	1612374184648	1612374184812	OK	 
REQUEST		AddToCart	1612374184626	1612374184837	OK	 
REQUEST		AddToCart	1612374184639	1612374184866	OK	 
REQUEST		AddToCart	1612374184706	1612374184878	OK	 
REQUEST		AddToCart	1612374184819	1612374184945	OK	 
REQUEST		AddToCart	1612374184867	1612374184954	OK	 
REQUEST		AddToCart	1612374184913	1612374185125	OK	 
REQUEST		AddToCart	1612374184935	1612374185292	OK	 
REQUEST		AddToCart	1612374185090	1612374185346	OK	 
REQUEST		AddToCart	1612374185354	1612374185563	OK	 
REQUEST		AddToCart	1612374185357	1612374185568	OK	 
REQUEST		AddToCart	1612374185348	1612374185569	OK	 
REQUEST		AddToCart	1612374185535	1612374185637	OK	 
REQUEST		AddToCart	1612374185535	1612374185648	OK	 
REQUEST		AddToCart	1612374185566	1612374185655	OK	 
REQUEST		AddToCart	1612374185566	1612374185658	OK	 
REQUEST		AddToCart	1612374185592	1612374185687	OK	 
REQUEST		AddToCart	1612374185594	1612374185687	OK	 
REQUEST		AddToCart	1612374185627	1612374185687	OK	 
REQUEST		AddToCart	1612374185627	1612374185708	OK	 
REQUEST		AddToCart	1612374185658	1612374185736	OK	 
REQUEST		AddToCart	1612374185685	1612374185803	OK	 
REQUEST		AddToCart	1612374185779	1612374185871	OK	 
REQUEST		AddToCart	1612374185770	1612374185877	OK	 
REQUEST		AddToCart	1612374185839	1612374185924	OK	 
REQUEST		AddToCart	1612374185871	1612374185928	OK	 
REQUEST		AddToCart	1612374185869	1612374185928	OK	 
REQUEST		AddToCart	1612374185953	1612374185994	OK	 
REQUEST		AddToCart	1612374185973	1612374186017	OK	 
REQUEST		AddToCart	1612374186013	1612374186071	OK	 
REQUEST		AddToCart	1612374186140	1612374186295	OK	 
REQUEST		AddToCart	1612374186293	1612374186352	OK	 
REQUEST		AddToCart	1612374186409	1612374186487	OK	 
REQUEST		AddToCart	1612374186413	1612374186487	OK	 
REQUEST		AddToCart	1612374186540	1612374186600	OK	 
REQUEST		AddToCart	1612374186552	1612374186620	OK	 
REQUEST		AddToCart	1612374186620	1612374186669	OK	 
REQUEST		AddToCart	1612374186551	1612374186667	OK	 
REQUEST		AddToCart	1612374186647	1612374186710	OK	 
REQUEST		AddToCart	1612374186619	1612374186732	OK	 
REQUEST		AddToCart	1612374186708	1612374186759	OK	 
REQUEST		AddToCart	1612374186759	1612374186833	OK	 
REQUEST		AddToCart	1612374186788	1612374186855	OK	 
REQUEST		AddToCart	1612374186786	1612374186855	OK	 
REQUEST		AddToCart	1612374187004	1612374187075	OK	 
REQUEST		AddToCart	1612374187004	1612374187112	OK	 
REQUEST		AddToCart	1612374187023	1612374187111	OK	 
REQUEST		AddToCart	1612374187098	1612374187189	OK	 
REQUEST		AddToCart	1612374187179	1612374187226	OK	 
REQUEST		AddToCart	1612374187197	1612374187246	OK	 
REQUEST		AddToCart	1612374187181	1612374187276	OK	 
REQUEST		AddToCart	1612374187225	1612374187294	OK	 
REQUEST		AddToCart	1612374187224	1612374187294	OK	 
REQUEST		AddToCart	1612374187253	1612374187346	OK	 
REQUEST		AddToCart	1612374187336	1612374187401	OK	 
REQUEST		AddToCart	1612374187384	1612374187427	OK	 
REQUEST		AddToCart	1612374187386	1612374187443	OK	 
REQUEST		AddToCart	1612374187443	1612374187491	OK	 
REQUEST		AddToCart	1612374187422	1612374187499	OK	 
REQUEST		AddToCart	1612374187470	1612374187531	OK	 
REQUEST		AddToCart	1612374187490	1612374187552	OK	 
REQUEST		AddToCart	1612374187691	1612374187871	OK	 
REQUEST		AddToCart	1612374187530	1612374187872	OK	 
REQUEST		AddToCart	1612374187739	1612374187894	OK	 
REQUEST		AddToCart	1612374187695	1612374187946	OK	 
REQUEST		AddToCart	1612374187772	1612374188006	OK	 
REQUEST		AddToCart	1612374187842	1612374188051	OK	 
REQUEST		AddToCart	1612374187802	1612374188051	OK	 
REQUEST		AddToCart	1612374187836	1612374188051	OK	 
REQUEST		AddToCart	1612374187775	1612374188051	OK	 
REQUEST		AddToCart	1612374187900	1612374188081	OK	 
REQUEST		AddToCart	1612374187942	1612374188105	OK	 
REQUEST		AddToCart	1612374187942	1612374188162	OK	 
REQUEST		AddToCart	1612374187873	1612374188279	OK	 
REQUEST		AddToCart	1612374187872	1612374188362	OK	 
REQUEST		AddToCart	1612374187900	1612374188434	OK	 
REQUEST		AddToCart	1612374187962	1612374188487	OK	 
REQUEST		AddToCart	1612374188098	1612374188583	OK	 
REQUEST		AddToCart	1612374188030	1612374188584	OK	 
REQUEST		AddToCart	1612374188075	1612374188583	OK	 
REQUEST		AddToCart	1612374187899	1612374188584	OK	 
REQUEST		AddToCart	1612374188006	1612374188648	OK	 
REQUEST		AddToCart	1612374188006	1612374188649	OK	 
REQUEST		AddToCart	1612374187915	1612374188670	OK	 
REQUEST		AddToCart	1612374188360	1612374188671	OK	 
REQUEST		AddToCart	1612374187870	1612374188671	OK	 
REQUEST		AddToCart	1612374188332	1612374188700	OK	 
REQUEST		AddToCart	1612374187987	1612374188704	OK	 
REQUEST		AddToCart	1612374188333	1612374188705	OK	 
REQUEST		AddToCart	1612374187986	1612374188721	OK	 
REQUEST		AddToCart	1612374188030	1612374188751	OK	 
REQUEST		AddToCart	1612374187962	1612374188793	OK	 
REQUEST		AddToCart	1612374188332	1612374188794	OK	 
REQUEST		AddToCart	1612374188700	1612374188804	OK	 
REQUEST		AddToCart	1612374188396	1612374188822	OK	 
REQUEST		AddToCart	1612374188329	1612374188853	OK	 
REQUEST		AddToCart	1612374188670	1612374188859	OK	 
REQUEST		AddToCart	1612374188435	1612374188859	OK	 
REQUEST		AddToCart	1612374188652	1612374188874	OK	 
REQUEST		AddToCart	1612374188753	1612374188917	OK	 
REQUEST		AddToCart	1612374188753	1612374188903	OK	 
REQUEST		AddToCart	1612374188787	1612374188923	OK	 
REQUEST		AddToCart	1612374188723	1612374188941	OK	 
REQUEST		AddToCart	1612374188753	1612374188973	OK	 
REQUEST		AddToCart	1612374188772	1612374188973	OK	 
REQUEST		AddToCart	1612374188821	1612374188977	OK	 
REQUEST		AddToCart	1612374188654	1612374188994	OK	 
REQUEST		AddToCart	1612374188396	1612374189071	OK	 
REQUEST		AddToCart	1612374188903	1612374189006	OK	 
REQUEST		AddToCart	1612374188774	1612374189006	OK	 
REQUEST		AddToCart	1612374188585	1612374189147	OK	 
REQUEST		AddToCart	1612374188924	1612374189147	OK	 
REQUEST		AddToCart	1612374188858	1612374189192	OK	 
REQUEST		AddToCart	1612374189031	1612374189217	OK	 
REQUEST		AddToCart	1612374188944	1612374189224	OK	 
REQUEST		AddToCart	1612374188971	1612374189243	OK	 
REQUEST		AddToCart	1612374189127	1612374189247	OK	 
REQUEST		AddToCart	1612374188944	1612374189276	OK	 
REQUEST		AddToCart	1612374188918	1612374189286	OK	 
REQUEST		AddToCart	1612374188972	1612374189286	OK	 
REQUEST		AddToCart	1612374189197	1612374189293	OK	 
REQUEST		AddToCart	1612374188923	1612374189310	OK	 
REQUEST		AddToCart	1612374188925	1612374189314	OK	 
REQUEST		AddToCart	1612374188922	1612374189315	OK	 
REQUEST		AddToCart	1612374189186	1612374189333	OK	 
REQUEST		AddToCart	1612374188947	1612374189334	OK	 
REQUEST		AddToCart	1612374189240	1612374189365	OK	 
REQUEST		AddToCart	1612374189335	1612374189465	OK	 
REQUEST		AddToCart	1612374189240	1612374189400	OK	 
REQUEST		AddToCart	1612374189526	1612374189598	OK	 
REQUEST		AddToCart	1612374189546	1612374189663	OK	 
REQUEST		AddToCart	1612374189547	1612374189665	OK	 
REQUEST		AddToCart	1612374189547	1612374189662	OK	 
REQUEST		AddToCart	1612374189527	1612374189669	OK	 
REQUEST		AddToCart	1612374189619	1612374189742	OK	 
REQUEST		AddToCart	1612374189711	1612374189768	OK	 
REQUEST		AddToCart	1612374189727	1612374189793	OK	 
REQUEST		AddToCart	1612374189743	1612374189813	OK	 
REQUEST		AddToCart	1612374189669	1612374189994	OK	 
REQUEST		AddToCart	1612374189790	1612374189993	OK	 
REQUEST		CreateGeneral	1612374189744	1612374190109	OK	 
REQUEST		AddToCart	1612374189837	1612374190142	OK	 
REQUEST		AddToCart	1612374190089	1612374190162	OK	 
REQUEST		AddToCart	1612374190141	1612374190226	OK	 
REQUEST		CreateGeneral	1612374189994	1612374190227	OK	 
REQUEST		CreateGeneral	1612374190087	1612374190268	OK	 
REQUEST		AddToCart	1612374190231	1612374190280	OK	 
REQUEST		AddToCart	1612374190252	1612374190309	OK	 
REQUEST		AddToCart	1612374190280	1612374190324	OK	 
REQUEST		CreateGeneral	1612374190141	1612374190325	OK	 
REQUEST		CreateGeneral	1612374190230	1612374190386	OK	 
REQUEST		AddToCart	1612374190301	1612374190382	OK	 
REQUEST		CreateGeneral	1612374190301	1612374190486	OK	 
REQUEST		AddToCart	1612374190450	1612374190650	OK	 
REQUEST		AddToCart	1612374190432	1612374190637	OK	 
REQUEST		AddToCart	1612374190450	1612374190646	OK	 
REQUEST		CreateGeneral	1612374190382	1612374190722	OK	 
REQUEST		AddToCart	1612374190672	1612374190743	OK	 
REQUEST		AddToCart	1612374190803	1612374190865	OK	 
REQUEST		CreateGeneral	1612374190678	1612374190905	OK	 
REQUEST		CreateGeneral	1612374190721	1612374190960	OK	 
REQUEST		AddToCart	1612374190936	1612374191006	OK	 
REQUEST		CreateGeneral	1612374190905	1612374191104	OK	 
REQUEST		CreateGeneral	1612374190944	1612374191248	OK	 
REQUEST		CreateGeneral	1612374191025	1612374191252	OK	 
REQUEST		CreateGeneral	1612374190987	1612374191281	OK	 
REQUEST		CreateGeneral	1612374191059	1612374191278	OK	 
REQUEST		CreateGeneral	1612374191063	1612374191325	OK	 
REQUEST		CreateGeneral	1612374191063	1612374191330	OK	 
REQUEST		CreateGeneral	1612374191061	1612374191350	OK	 
REQUEST		CreateGeneral	1612374191129	1612374191400	OK	 
REQUEST		CreateGeneral	1612374191105	1612374191400	OK	 
REQUEST		AddToCart	1612374191489	1612374191558	OK	 
REQUEST		CreateGeneral	1612374191400	1612374191776	OK	 
REQUEST		CreateGeneral	1612374191417	1612374191826	OK	 
REQUEST		AddToCart	1612374191765	1612374191922	OK	 
REQUEST		AddToCart	1612374191773	1612374191922	OK	 
REQUEST		AddToCart	1612374191853	1612374191944	OK	 
REQUEST		AddToCart	1612374191773	1612374191948	OK	 
REQUEST		AddToCart	1612374191877	1612374191973	OK	 
REQUEST		AddToCart	1612374191773	1612374191971	OK	 
REQUEST		AddToCart	1612374191825	1612374191969	OK	 
REQUEST		AddToCart	1612374191859	1612374191990	OK	 
REQUEST		AddToCart	1612374191854	1612374191994	OK	 
REQUEST		AddToCart	1612374191880	1612374191994	OK	 
REQUEST		CreateGeneral	1612374191772	1612374191994	OK	 
REQUEST		AddToCart	1612374191896	1612374192127	OK	 
REQUEST		CreateGeneral	1612374191696	1612374192127	OK	 
REQUEST		CreateGeneral	1612374191772	1612374192386	OK	 
REQUEST		AddToCart	1612374191899	1612374192420	OK	 
REQUEST		AddToCart	1612374191920	1612374192420	OK	 
REQUEST		AddToCart	1612374191903	1612374192427	OK	 
REQUEST		CreateGeneral	1612374191826	1612374192458	OK	 
REQUEST		CreateGeneral	1612374191943	1612374192468	OK	 
REQUEST		CreateGeneral	1612374191920	1612374192473	OK	 
REQUEST		AddToCart	1612374191917	1612374192499	OK	 
REQUEST		AddToCart	1612374191948	1612374192499	OK	 
REQUEST		CreateGeneral	1612374191825	1612374192501	OK	 
REQUEST		AddToCart	1612374191917	1612374192524	OK	 
REQUEST		CreateGeneral	1612374191942	1612374192551	OK	 
REQUEST		CreateGeneral	1612374191877	1612374192600	OK	 
REQUEST		AddToCart	1612374192295	1612374192626	OK	 
REQUEST		CreateGeneral	1612374191990	1612374192686	OK	 
REQUEST		CreateGeneral	1612374192018	1612374192826	OK	 
REQUEST		CreateGeneral	1612374191994	1612374192833	OK	 
REQUEST		AddToCart	1612374192448	1612374192911	OK	 
REQUEST		AddToCart	1612374192420	1612374192912	OK	 
REQUEST		CreateGeneral	1612374192238	1612374192940	OK	 
REQUEST		AddToCart	1612374192505	1612374193071	OK	 
REQUEST		AddToCart	1612374192522	1612374193071	OK	 
REQUEST		CreateGeneral	1612374192355	1612374193130	OK	 
REQUEST		CreateGeneral	1612374192352	1612374193154	OK	 
REQUEST		CreateGeneral	1612374192425	1612374193230	OK	 
REQUEST		AddToCart	1612374192598	1612374193308	OK	 
REQUEST		CreateGeneral	1612374192368	1612374193430	OK	 
REQUEST		CreateGeneral	1612374192333	1612374193437	OK	 
REQUEST		CreateGeneral	1612374192469	1612374193484	OK	 
REQUEST		CreateGeneral	1612374192571	1612374193484	OK	 
REQUEST		CreateGeneral	1612374192722	1612374193488	OK	 
REQUEST		CreateGeneral	1612374192722	1612374193509	OK	 
REQUEST		CreateGeneral	1612374192468	1612374193509	OK	 
REQUEST		CreateGeneral	1612374192524	1612374193536	OK	 
REQUEST		AddToCart	1612374192581	1612374193537	OK	 
REQUEST		CreateGeneral	1612374192602	1612374193553	OK	 
REQUEST		CreateGeneral	1612374191971	1612374193536	KO	status.find.is(200), but actually found 400
REQUEST		CreateGeneral	1612374192652	1612374193580	OK	 
REQUEST		AddToCart	1612374192600	1612374193583	OK	 
REQUEST		CreateGeneral	1612374192549	1612374193587	OK	 
REQUEST		CreateGeneral	1612374192549	1612374193601	OK	 
REQUEST		AddToCart	1612374192749	1612374193601	OK	 
REQUEST		CreateGeneral	1612374192822	1612374193607	KO	status.find.is(200), but actually found 400
REQUEST		CreateGeneral	1612374192708	1612374193623	OK	 
REQUEST		CreateGeneral	1612374192823	1612374193624	OK	 
REQUEST		CreateGeneral	1612374192566	1612374193629	OK	 
REQUEST		CreateGeneral	1612374192825	1612374193658	OK	 
REQUEST		CreateGeneral	1612374193050	1612374193658	OK	 
REQUEST		CreateGeneral	1612374192039	1612374193861	OK	 
REQUEST		CreateGeneral	1612374193052	1612374194030	OK	 
REQUEST		CreateGeneral	1612374192826	1612374194091	OK	 
REQUEST		CreateGeneral	1612374193153	1612374194093	OK	 
REQUEST		BookingDetails	1612374194143	1612374194218	OK	 
REQUEST		BookingDetails	1612374194341	1612374194416	OK	 
REQUEST		BookingDetails	1612374194335	1612374194416	OK	 
REQUEST		BookingDetails	1612374194338	1612374194415	OK	 
REQUEST		BookingDetails	1612374194416	1612374194461	OK	 
REQUEST		CreateGeneral	1612374193222	1612374194557	OK	 
REQUEST		BookingDetails	1612374194599	1612374194683	OK	 
REQUEST		BookingDetails	1612374194736	1612374194806	OK	 
REQUEST		BookingDetails	1612374195027	1612374195192	OK	 
REQUEST		BookingDetails	1612374195014	1612374195221	OK	 
REQUEST		BookingDetails	1612374195151	1612374195850	OK	 
REQUEST		BookingDetails	1612374195284	1612374196080	OK	 
REQUEST		BookingDetails	1612374195285	1612374196159	OK	 
REQUEST		BookingDetails	1612374195396	1612374196139	OK	 
REQUEST		BookingDetails	1612374195282	1612374196160	OK	 
REQUEST		BookingDetails	1612374195399	1612374196160	OK	 
REQUEST		BookingDetails	1612374195317	1612374196234	OK	 
REQUEST		BookingDetails	1612374195352	1612374196262	OK	 
REQUEST		BookingDetails	1612374195488	1612374196266	OK	 
REQUEST		BookingDetails	1612374195889	1612374196305	OK	 
REQUEST		BookingDetails	1612374195488	1612374196284	OK	 
REQUEST		BookingDetails	1612374195855	1612374196330	OK	 
REQUEST		BookingDetails	1612374196077	1612374196365	OK	 
REQUEST		CreateGeneral	1612374194010	1612374196417	KO	status.find.is(200), but actually found 400
REQUEST		CreateGeneral	1612374194563	1612374196440	KO	status.find.is(200), but actually found 400
REQUEST		CreateGeneral	1612374195471	1612374196908	KO	status.find.is(200), but actually found 400
REQUEST		CreateGeneral	1612374195148	1612374196909	KO	status.find.is(200), but actually found 400
REQUEST		CreateGeneral	1612374196077	1612374196943	KO	status.find.is(200), but actually found 400
REQUEST		CreateGeneral	1612374195468	1612374196943	KO	status.find.is(200), but actually found 400
REQUEST		CreateGeneral	1612374193750	1612374197066	OK	 
REQUEST		CreateGeneral	1612374193364	1612374197073	OK	 
REQUEST		CreateGeneral	1612374192330	1612374197073	OK	 
REQUEST		CreateGeneral	1612374193430	1612374197073	OK	 
REQUEST		CreateGeneral	1612374193512	1612374197378	OK	 
REQUEST		CreateGeneral	1612374193753	1612374197385	OK	 
REQUEST		CreateGeneral	1612374193879	1612374197436	OK	 
REQUEST		BookingDetails	1612374196502	1612374197474	OK	 
REQUEST		ConfirmPayment	1612374194466	1612374197502	OK	 
REQUEST		ConfirmPayment	1612374195236	1612374197507	OK	 
USER	GeneralAdmission1	END	1612374197519
ERROR	BookingDetails: Failed to build request: No attribute named 'checkoutTokenID' is defined 	1612374197587
USER	GeneralAdmission1	END	1612374197568
ERROR	ConfirmPayment: Failed to build request: No attribute named 'checkoutTokenID' is defined 	1612374197622
REQUEST		ConfirmPayment	1612374194439	1612374197639	OK	 
REQUEST		ConfirmPayment	1612374194223	1612374197639	OK	 
REQUEST		ConfirmPayment	1612374194486	1612374197691	OK	 
USER	GeneralAdmission1	END	1612374197691
ERROR	BookingDetails: Failed to build request: No attribute named 'checkoutTokenID' is defined 	1612374197739
USER	GeneralAdmission1	END	1612374197711
REQUEST		BookingDetails	1612374196328	1612374197739	OK	 
ERROR	ConfirmPayment: Failed to build request: No attribute named 'checkoutTokenID' is defined 	1612374197779
USER	GeneralAdmission1	END	1612374197715
USER	GeneralAdmission1	END	1612374197752
REQUEST		ConfirmPayment	1612374194686	1612374197757	OK	 
REQUEST		ConfirmPayment	1612374194903	1612374197837	OK	 
USER	GeneralAdmission1	END	1612374197837
USER	GeneralAdmission1	END	1612374197837
REQUEST		BookingDetails	1612374196505	1612374197833	OK	 
USER	GeneralAdmission1	END	1612374197896
REQUEST		CreateGeneral	1612374194948	1612374197926	OK	 
REQUEST		CreateGeneral	1612374195109	1612374197930	OK	 
REQUEST		CreateGeneral	1612374194992	1612374197961	OK	 
REQUEST		CreateGeneral	1612374195046	1612374197961	OK	 
REQUEST		ConfirmPayment	1612374195199	1612374197962	OK	 
REQUEST		BookingDetails	1612374196522	1612374197963	OK	 
REQUEST		BookingDetails	1612374196614	1612374198010	OK	 
REQUEST		CreateGeneral	1612374195147	1612374198010	OK	 
USER	GeneralAdmission1	END	1612374198032
REQUEST		CreateGeneral	1612374195522	1612374198038	OK	 
REQUEST		CreateGeneral	1612374195027	1612374198059	OK	 
REQUEST		CreateGeneral	1612374195143	1612374198062	OK	 
REQUEST		BookingDetails	1612374196573	1612374198065	OK	 
REQUEST		CreateGeneral	1612374195142	1612374198081	OK	 
REQUEST		CreateGeneral	1612374195521	1612374198082	OK	 
REQUEST		CreateGeneral	1612374195046	1612374198111	OK	 
REQUEST		BookingDetails	1612374196477	1612374198142	OK	 
REQUEST		CreateGeneral	1612374195475	1612374198161	OK	 
REQUEST		CreateGeneral	1612374195646	1612374198202	OK	 
REQUEST		BookingDetails	1612374196505	1612374198410	OK	 
REQUEST		CreateGeneral	1612374195150	1612374198449	OK	 
REQUEST		CreateGeneral	1612374196159	1612374198533	OK	 
REQUEST		CreateGeneral	1612374196284	1612374198533	OK	 
REQUEST		CreateGeneral	1612374193750	1612374198533	OK	 
REQUEST		CreateGeneral	1612374193436	1612374198533	OK	 
REQUEST		CreateGeneral	1612374195943	1612374198536	OK	 
REQUEST		CreateGeneral	1612374196471	1612374198586	OK	 
REQUEST		ConfirmPayment	1612374195853	1612374198588	OK	 
REQUEST		CreateGeneral	1612374193754	1612374198605	OK	 
USER	GeneralAdmission1	END	1612374198621
REQUEST		ConfirmPayment	1612374196233	1612374198641	OK	 
REQUEST		BookingDetails	1612374196691	1612374198670	OK	 
USER	GeneralAdmission1	END	1612374198670
REQUEST		BookingDetails	1612374197138	1612374198775	OK	 
REQUEST		CreateGeneral	1612374193488	1612374198774	OK	 
REQUEST		ConfirmPayment	1612374194460	1612374198843	OK	 
REQUEST		CreateGeneral	1612374196556	1612374198864	OK	 
REQUEST		ConfirmPayment	1612374196139	1612374198882	OK	 
REQUEST		ConfirmPayment	1612374196241	1612374198859	OK	 
REQUEST		ConfirmPayment	1612374196305	1612374198890	OK	 
REQUEST		ConfirmPayment	1612374196234	1612374198890	OK	 
USER	GeneralAdmission1	END	1612374198891
USER	GeneralAdmission1	END	1612374198904
REQUEST		ConfirmPayment	1612374196303	1612374199073	OK	 
USER	GeneralAdmission1	END	1612374198907
REQUEST		ConfirmPayment	1612374196383	1612374199133	OK	 
USER	GeneralAdmission1	END	1612374198911
REQUEST		ConfirmPayment	1612374196330	1612374199166	OK	 
USER	GeneralAdmission1	END	1612374198992
USER	GeneralAdmission1	END	1612374199170
REQUEST		CreateGeneral	1612374195553	1612374199168	OK	 
USER	GeneralAdmission1	END	1612374199172
USER	GeneralAdmission1	END	1612374199194
REQUEST		ConfirmPayment	1612374196383	1612374199207	OK	 
USER	GeneralAdmission1	END	1612374199250
REQUEST		CreateGeneral	1612374196603	1612374199320	OK	 
REQUEST		CreateGeneral	1612374196608	1612374199369	OK	 
REQUEST		ConfirmPayment	1612374196266	1612374199417	OK	 
REQUEST		BookingDetails	1612374196834	1612374199418	OK	 
REQUEST		ConfirmPayment	1612374197500	1612374199420	OK	 
REQUEST		ConfirmPayment	1612374196238	1612374199420	OK	 
REQUEST		BookingDetails	1612374197756	1612374199420	OK	 
USER	GeneralAdmission1	END	1612374199423
USER	GeneralAdmission1	END	1612374199424
REQUEST		BookingDetails	1612374196857	1612374199445	OK	 
REQUEST		BookingDetails	1612374197223	1612374199447	OK	 
USER	GeneralAdmission1	END	1612374199443
REQUEST		ConfirmPayment	1612374196330	1612374199473	OK	 
REQUEST		BookingDetails	1612374196974	1612374199488	OK	 
REQUEST		BookingDetails	1612374197500	1612374199488	OK	 
REQUEST		BookingDetails	1612374197739	1612374199488	OK	 
REQUEST		BookingDetails	1612374197502	1612374199507	OK	 
USER	GeneralAdmission1	END	1612374199508
REQUEST		BookingDetails	1612374197385	1612374199537	OK	 
REQUEST		BookingDetails	1612374197507	1612374199537	OK	 
REQUEST		ConfirmPayment	1612374197800	1612374199641	OK	 
REQUEST		BookingDetails	1612374197524	1612374199642	OK	 
USER	GeneralAdmission1	END	1612374199687
REQUEST		BookingDetails	1612374197621	1612374199790	OK	 
REQUEST		BookingDetails	1612374197524	1612374199794	OK	 
REQUEST		ConfirmPayment	1612374197924	1612374199813	OK	 
REQUEST		BookingDetails	1612374197709	1612374199813	OK	 
REQUEST		BookingDetails	1612374197895	1612374199819	OK	 
REQUEST		BookingDetails	1612374197674	1612374199841	OK	 
REQUEST		BookingDetails	1612374197908	1612374199842	OK	 
USER	GeneralAdmission1	END	1612374199846
REQUEST		ConfirmPayment	1612374198032	1612374199864	OK	 
REQUEST		BookingDetails	1612374197713	1612374199864	OK	 
REQUEST		BookingDetails	1612374197621	1612374199867	OK	 
REQUEST		ConfirmPayment	1612374198484	1612374199896	OK	 
REQUEST		ConfirmPayment	1612374198111	1612374199897	OK	 
REQUEST		BookingDetails	1612374197609	1612374199897	OK	 
USER	GeneralAdmission1	END	1612374199897
REQUEST		BookingDetails	1612374197780	1612374199942	OK	 
REQUEST		BookingDetails	1612374198106	1612374199944	OK	 
USER	GeneralAdmission1	END	1612374199915
REQUEST		BookingDetails	1612374198585	1612374199958	OK	 
USER	GeneralAdmission1	END	1612374199942
REQUEST		BookingDetails	1612374198138	1612374199959	OK	 
REQUEST		BookingDetails	1612374197858	1612374199958	OK	 
REQUEST		BookingDetails	1612374197962	1612374199963	OK	 
REQUEST		ConfirmPayment	1612374198033	1612374199988	OK	 
REQUEST		BookingDetails	1612374198181	1612374200011	OK	 
REQUEST		ConfirmPayment	1612374198673	1612374200013	OK	 
USER	GeneralAdmission1	END	1612374200013
REQUEST		ConfirmPayment	1612374198181	1612374200036	OK	 
USER	GeneralAdmission1	END	1612374200037
USER	GeneralAdmission1	END	1612374200061
REQUEST		ConfirmPayment	1612374198780	1612374200108	OK	 
USER	GeneralAdmission1	END	1612374200113
ERROR	BookingDetails: Failed to build request: No attribute named 'checkoutTokenID' is defined 	1612374200420
ERROR	ConfirmPayment: Failed to build request: No attribute named 'checkoutTokenID' is defined 	1612374200421
USER	GeneralAdmission1	END	1612374200424
ERROR	BookingDetails: Failed to build request: No attribute named 'checkoutTokenID' is defined 	1612374200472
ERROR	ConfirmPayment: Failed to build request: No attribute named 'checkoutTokenID' is defined 	1612374200472
USER	GeneralAdmission1	END	1612374200475
REQUEST		ConfirmPayment	1612374199445	1612374200517	OK	 
REQUEST		ConfirmPayment	1612374199440	1612374200517	OK	 
USER	GeneralAdmission1	END	1612374200521
USER	GeneralAdmission1	END	1612374200521
REQUEST		ConfirmPayment	1612374199474	1612374200540	OK	 
REQUEST		ConfirmPayment	1612374199474	1612374200540	OK	 
REQUEST		ConfirmPayment	1612374199508	1612374200541	OK	 
USER	GeneralAdmission1	END	1612374200567
USER	GeneralAdmission1	END	1612374200567
REQUEST		ConfirmPayment	1612374199534	1612374200567	OK	 
USER	GeneralAdmission1	END	1612374200570
REQUEST		ConfirmPayment	1612374199508	1612374200592	OK	 
REQUEST		ConfirmPayment	1612374199508	1612374200592	OK	 
USER	GeneralAdmission1	END	1612374200593
USER	GeneralAdmission1	END	1612374200607
USER	GeneralAdmission1	END	1612374200633
REQUEST		ConfirmPayment	1612374199540	1612374200637	OK	 
USER	GeneralAdmission1	END	1612374200653
REQUEST		ConfirmPayment	1612374199813	1612374200655	OK	 
REQUEST		ConfirmPayment	1612374199540	1612374200655	OK	 
REQUEST		ConfirmPayment	1612374199864	1612374200657	OK	 
REQUEST		ConfirmPayment	1612374199738	1612374200657	OK	 
REQUEST		ConfirmPayment	1612374199945	1612374200659	OK	 
REQUEST		ConfirmPayment	1612374199862	1612374200683	OK	 
REQUEST		ConfirmPayment	1612374199845	1612374200686	OK	 
USER	GeneralAdmission1	END	1612374200703
REQUEST		ConfirmPayment	1612374199842	1612374200705	OK	 
USER	GeneralAdmission1	END	1612374200707
ERROR	BookingDetails: Failed to build request: No attribute named 'checkoutTokenID' is defined 	1612374200942
REQUEST		ConfirmPayment	1612374200009	1612374200730	OK	 
REQUEST		ConfirmPayment	1612374200039	1612374201011	OK	 
USER	GeneralAdmission1	END	1612374200729
ERROR	ConfirmPayment: Failed to build request: No attribute named 'checkoutTokenID' is defined 	1612374201029
REQUEST		ConfirmPayment	1612374199963	1612374201000	OK	 
ERROR	BookingDetails: Failed to build request: No attribute named 'checkoutTokenID' is defined 	1612374201045
REQUEST		ConfirmPayment	1612374199938	1612374201004	OK	 
REQUEST		ConfirmPayment	1612374200008	1612374201034	OK	 
USER	GeneralAdmission1	END	1612374200729
ERROR	ConfirmPayment: Failed to build request: No attribute named 'checkoutTokenID' is defined 	1612374201062
REQUEST		ConfirmPayment	1612374199987	1612374201058	OK	 
USER	GeneralAdmission1	END	1612374200734
REQUEST		ConfirmPayment	1612374200006	1612374201061	OK	 
USER	GeneralAdmission1	END	1612374200743
ERROR	BookingDetails: Failed to build request: No attribute named 'checkoutTokenID' is defined 	1612374201081
USER	GeneralAdmission1	END	1612374200871
ERROR	ConfirmPayment: Failed to build request: No attribute named 'checkoutTokenID' is defined 	1612374201082
REQUEST		ConfirmPayment	1612374199896	1612374201081	OK	 
USER	GeneralAdmission1	END	1612374200874
REQUEST		ConfirmPayment	1612374199863	1612374201082	OK	 
USER	GeneralAdmission1	END	1612374201041
USER	GeneralAdmission1	END	1612374201061
USER	GeneralAdmission1	END	1612374201061
USER	GeneralAdmission1	END	1612374201063
ERROR	BookingDetails: Failed to build request: No attribute named 'checkoutTokenID' is defined 	1612374201112
USER	GeneralAdmission1	END	1612374201063
ERROR	ConfirmPayment: Failed to build request: No attribute named 'checkoutTokenID' is defined 	1612374201123
USER	GeneralAdmission1	END	1612374201063
USER	GeneralAdmission1	END	1612374201081
USER	GeneralAdmission1	END	1612374201081
USER	GeneralAdmission1	END	1612374201082
USER	GeneralAdmission1	END	1612374201104
USER	GeneralAdmission1	END	1612374201104
USER	GeneralAdmission1	END	1612374201110
USER	GeneralAdmission1	END	1612374201125
REQUEST		BookingDetails	1612374201080	1612374201201	OK	 
REQUEST		BookingDetails	1612374201113	1612374201231	OK	 
REQUEST		BookingDetails	1612374201104	1612374201240	OK	 
REQUEST		BookingDetails	1612374201111	1612374201240	OK	 
REQUEST		ConfirmPayment	1612374201231	1612374201507	OK	 
USER	GeneralAdmission1	END	1612374201514
REQUEST		ConfirmPayment	1612374201286	1612374201508	OK	 
REQUEST		ConfirmPayment	1612374201285	1612374201514	OK	 
REQUEST		ConfirmPayment	1612374201285	1612374201539	OK	 
USER	GeneralAdmission1	END	1612374201543
USER	GeneralAdmission1	END	1612374201571
USER	GeneralAdmission1	END	1612374201572
REQUEST		ConfirmPayment	1612374199897	1612374201649	OK	 
REQUEST		BookingDetails	1612374201514	1612374201651	OK	 
USER	GeneralAdmission1	END	1612374201652
REQUEST		BookingDetails	1612374201574	1612374201656	OK	 
REQUEST		BookingDetails	1612374201574	1612374201673	OK	 
REQUEST		ConfirmPayment	1612374201654	1612374201809	OK	 
USER	GeneralAdmission1	END	1612374201814
REQUEST		ConfirmPayment	1612374201673	1612374201846	OK	 
USER	GeneralAdmission1	END	1612374201862
REQUEST		ConfirmPayment	1612374201676	1612374201896	OK	 
USER	GeneralAdmission1	END	1612374201902
REQUEST		BookingDetails	1612374201931	1612374201998	OK	 
REQUEST		BookingDetails	1612374202092	1612374202254	OK	 
REQUEST		BookingDetails	1612374202089	1612374202253	OK	 
REQUEST		BookingDetails	1612374202168	1612374202282	OK	 
REQUEST		BookingDetails	1612374202164	1612374202283	OK	 
REQUEST		BookingDetails	1612374201965	1612374202361	OK	 
REQUEST		BookingDetails	1612374202231	1612374202388	OK	 
REQUEST		BookingDetails	1612374202246	1612374202470	OK	 
REQUEST		BookingDetails	1612374202249	1612374202592	OK	 
REQUEST		ConfirmPayment	1612374202168	1612374202757	OK	 
USER	GeneralAdmission1	END	1612374202777
REQUEST		BookingDetails	1612374202283	1612374202828	OK	 
REQUEST		ConfirmPayment	1612374202318	1612374203013	OK	 
USER	GeneralAdmission1	END	1612374203016
REQUEST		BookingDetails	1612374202388	1612374203053	OK	 
REQUEST		BookingDetails	1612374202413	1612374203081	OK	 
REQUEST		BookingDetails	1612374202494	1612374203101	OK	 
REQUEST		BookingDetails	1612374202558	1612374203130	OK	 
REQUEST		BookingDetails	1612374202534	1612374203131	OK	 
REQUEST		BookingDetails	1612374202572	1612374203133	OK	 
REQUEST		BookingDetails	1612374202573	1612374203133	OK	 
REQUEST		BookingDetails	1612374202577	1612374203133	OK	 
REQUEST		BookingDetails	1612374202592	1612374203178	OK	 
REQUEST		BookingDetails	1612374202676	1612374203196	OK	 
REQUEST		BookingDetails	1612374202674	1612374203197	OK	 
REQUEST		BookingDetails	1612374202797	1612374203441	OK	 
REQUEST		BookingDetails	1612374202893	1612374203469	OK	 
REQUEST		BookingDetails	1612374203196	1612374203493	OK	 
REQUEST		BookingDetails	1612374203439	1612374203599	OK	 
REQUEST		BookingDetails	1612374203473	1612374203689	OK	 
REQUEST		ConfirmPayment	1612374202353	1612374207445	OK	 
REQUEST		ConfirmPayment	1612374202354	1612374207451	OK	 
REQUEST		ConfirmPayment	1612374202357	1612374207451	OK	 
REQUEST		ConfirmPayment	1612374202413	1612374207452	OK	 
USER	GeneralAdmission1	END	1612374207453
REQUEST		ConfirmPayment	1612374202414	1612374207474	OK	 
USER	GeneralAdmission1	END	1612374207472
USER	GeneralAdmission1	END	1612374207487
REQUEST		ConfirmPayment	1612374202475	1612374207477	OK	 
USER	GeneralAdmission1	END	1612374207498
USER	GeneralAdmission1	END	1612374207511
USER	GeneralAdmission1	END	1612374207528
REQUEST		ConfirmPayment	1612374203154	1612374208654	OK	 
REQUEST		ConfirmPayment	1612374203104	1612374208654	OK	 
USER	GeneralAdmission1	END	1612374208659
USER	GeneralAdmission1	END	1612374208659
REQUEST		ConfirmPayment	1612374203394	1612374208660	OK	 
REQUEST		ConfirmPayment	1612374203199	1612374208662	OK	 
USER	GeneralAdmission1	END	1612374208664
USER	GeneralAdmission1	END	1612374208682
REQUEST		ConfirmPayment	1612374203153	1612374208685	OK	 
USER	GeneralAdmission1	END	1612374208702
REQUEST		ConfirmPayment	1612374203181	1612374209422	OK	 
REQUEST		ConfirmPayment	1612374203154	1612374209422	OK	 
REQUEST		ConfirmPayment	1612374202596	1612374209422	OK	 
REQUEST		ConfirmPayment	1612374203059	1612374209424	OK	 
REQUEST		ConfirmPayment	1612374202845	1612374209424	OK	 
USER	GeneralAdmission1	END	1612374209428
USER	GeneralAdmission1	END	1612374209478
REQUEST		ConfirmPayment	1612374203135	1612374209521	OK	 
USER	GeneralAdmission1	END	1612374209505
USER	GeneralAdmission1	END	1612374209520
REQUEST		ConfirmPayment	1612374203154	1612374209560	OK	 
USER	GeneralAdmission1	END	1612374209522
USER	GeneralAdmission1	END	1612374209559
USER	GeneralAdmission1	END	1612374209584
REQUEST		ConfirmPayment	1612374203693	1612374209592	OK	 
REQUEST		ConfirmPayment	1612374203468	1612374209597	OK	 
USER	GeneralAdmission1	END	1612374209607
REQUEST		ConfirmPayment	1612374203498	1612374209624	OK	 
USER	GeneralAdmission1	END	1612374209614
USER	GeneralAdmission1	END	1612374209640
REQUEST		ConfirmPayment	1612374203602	1612374209640	OK	 
USER	GeneralAdmission1	END	1612374209643
REQUEST		ConfirmPayment	1612374203472	1612374209644	OK	 
USER	GeneralAdmission1	END	1612374209647
REQUEST		ConfirmPayment	1612374203083	1612374211474	OK	 
USER	GeneralAdmission1	END	1612374211477
