RUN	TimedTour1	timedtour1	1611837208329	 	3.5.0
USER	TimedTour1	START	1611837210165
REQUEST		request_0	1611837210229	1611837210687	OK	 
REQUEST		request_0 Redirect 1	1611837210719	1611837211436	KO	jsonPath($..access_token).find.exists, found nothing
REQUEST		request_1	1611837213561	1611837213568	OK	 
ERROR	request_2: Failed to build request: No attribute named 'authToken' is defined 	1611837213584
REQUEST		request_3	1611837213669	1611837213711	KO	status.find.in(200,201,202,203,204,205,206,207,208,209,304), found 401
REQUEST		request_5	1611837213621	1611837213766	OK	 
REQUEST		request_4	1611837213646	1611837214481	OK	 
REQUEST		request_6	1611837232514	1611837232726	OK	 
REQUEST		request_8	1611837232735	1611837232752	OK	 
REQUEST		request_7	1611837232743	1611837232774	OK	 
REQUEST		request_8	1611837232757	1611837232982	OK	 
REQUEST		request_9	1611837236006	1611837236209	OK	 
REQUEST		request_11	1611837236217	1611837236258	OK	 
REQUEST		request_13	1611837236228	1611837236265	KO	status.find.in(200,201,202,203,204,205,206,207,208,209,304), found 401
REQUEST		request_10	1611837236246	1611837236280	OK	 
REQUEST		request_12	1611837236241	1611837236293	KO	status.find.in(200,201,202,203,204,205,206,207,208,209,304), found 401
REQUEST		request_14	1611837238322	1611837238334	OK	 
REQUEST		request_15	1611837238361	1611837238391	OK	 
REQUEST		request_16	1611837238371	1611837238406	OK	 
REQUEST		request_18	1611837238346	1611837238423	OK	 
REQUEST		request_15	1611837238398	1611837238462	OK	 
REQUEST		request_17	1611837238379	1611837238584	OK	 
REQUEST		request_19	1611837240597	1611837240768	OK	 
REQUEST		request_25	1611837240914	1611837241059	OK	 
REQUEST		request_26	1611837240909	1611837241089	OK	 
REQUEST		request_22	1611837240979	1611837241097	OK	 
REQUEST		request_27	1611837240970	1611837241106	OK	 
REQUEST		request_31	1611837241012	1611837241300	OK	 
REQUEST		request_20	1611837240892	1611837241433	OK	 
REQUEST		favicon.ico	1611837240896	1611837241440	OK	 
REQUEST		runtime.js	1611837240899	1611837241445	OK	 
REQUEST		request_21	1611837240946	1611837241460	OK	 
REQUEST		polyfills.js	1611837240975	1611837241491	OK	 
REQUEST		styles.js	1611837240992	1611837241645	OK	 
REQUEST		request_23	1611837241027	1611837242010	OK	 
REQUEST		request_29	1611837241038	1611837242016	OK	 
REQUEST		vendor.js	1611837240872	1611837242155	OK	 
REQUEST		request_30	1611837240927	1611837244253	OK	 
REQUEST		js?id=G-JM0RFMB8WQ	1611837240949	1611837244341	OK	 
REQUEST		request_28	1611837240853	1611837244448	OK	 
REQUEST		main.js	1611837240996	1611837244543	OK	 
REQUEST		/	1611837241006	1611837245986	OK	 
REQUEST		request_24	1611837241043	1611837246066	OK	 
REQUEST		request_25	1611837241086	1611837246071	OK	 
REQUEST		request_32	1611837247091	1611837247284	OK	 
REQUEST		request_33	1611837247288	1611837247338	OK	 
REQUEST		request_34	1611837248347	1611837248365	OK	 
REQUEST		request_35	1611837248370	1611837248382	OK	 
REQUEST		request_36	1611837248377	1611837248386	OK	 
REQUEST		request_36	1611837248391	1611837248620	OK	 
REQUEST		request_37	1611837249636	1611837249639	OK	 
REQUEST		request_39	1611837249647	1611837249672	KO	status.find.in(200,201,202,203,204,205,206,207,208,209,304), found 401
REQUEST		request_38	1611837249664	1611837249676	KO	status.find.in(200,201,202,203,204,205,206,207,208,209,304), found 401
REQUEST		request_40	1611837249657	1611837249856	OK	 
REQUEST		request_41	1611837250876	1611837250894	OK	 
USER	TimedTour1	END	1611837250911
