RUN	GeneralAdmission1	generaladmission1	1612375210587	 	3.5.0
USER	GeneralAdmission1	START	1612375212820
USER	GeneralAdmission1	START	1612375212810
USER	GeneralAdmission1	START	1612375212821
USER	GeneralAdmission1	START	1612375212824
USER	GeneralAdmission1	START	1612375212808
USER	GeneralAdmission1	START	1612375212802
USER	GeneralAdmission1	START	1612375212800
USER	GeneralAdmission1	START	1612375212746
USER	GeneralAdmission1	START	1612375212873
USER	GeneralAdmission1	START	1612375212881
USER	GeneralAdmission1	START	1612375212889
USER	GeneralAdmission1	START	1612375212873
USER	GeneralAdmission1	START	1612375212874
USER	GeneralAdmission1	START	1612375212877
USER	GeneralAdmission1	START	1612375212892
USER	GeneralAdmission1	START	1612375212879
USER	GeneralAdmission1	START	1612375212895
USER	GeneralAdmission1	START	1612375212916
USER	GeneralAdmission1	START	1612375212926
USER	GeneralAdmission1	START	1612375212924
USER	GeneralAdmission1	START	1612375212930
USER	GeneralAdmission1	START	1612375212937
USER	GeneralAdmission1	START	1612375212931
USER	GeneralAdmission1	START	1612375212939
USER	GeneralAdmission1	START	1612375212946
USER	GeneralAdmission1	START	1612375212955
USER	GeneralAdmission1	START	1612375212952
USER	GeneralAdmission1	START	1612375212957
USER	GeneralAdmission1	START	1612375212961
USER	GeneralAdmission1	START	1612375212963
USER	GeneralAdmission1	START	1612375212976
USER	GeneralAdmission1	START	1612375212964
USER	GeneralAdmission1	START	1612375212982
USER	GeneralAdmission1	START	1612375212991
USER	GeneralAdmission1	START	1612375212974
USER	GeneralAdmission1	START	1612375212983
USER	GeneralAdmission1	START	1612375212980
USER	GeneralAdmission1	START	1612375212994
USER	GeneralAdmission1	START	1612375212989
USER	GeneralAdmission1	START	1612375212991
USER	GeneralAdmission1	START	1612375212997
USER	GeneralAdmission1	START	1612375213012
USER	GeneralAdmission1	START	1612375213010
USER	GeneralAdmission1	START	1612375213021
USER	GeneralAdmission1	START	1612375213023
USER	GeneralAdmission1	START	1612375213019
USER	GeneralAdmission1	START	1612375213043
USER	GeneralAdmission1	START	1612375213040
USER	GeneralAdmission1	START	1612375213053
USER	GeneralAdmission1	START	1612375213099
USER	GeneralAdmission1	START	1612375213116
USER	GeneralAdmission1	START	1612375213122
USER	GeneralAdmission1	START	1612375213127
USER	GeneralAdmission1	START	1612375213125
USER	GeneralAdmission1	START	1612375213178
USER	GeneralAdmission1	START	1612375213093
USER	GeneralAdmission1	START	1612375213131
USER	GeneralAdmission1	START	1612375213130
USER	GeneralAdmission1	START	1612375213134
USER	GeneralAdmission1	START	1612375213135
USER	GeneralAdmission1	START	1612375213201
USER	GeneralAdmission1	START	1612375213150
USER	GeneralAdmission1	START	1612375213193
USER	GeneralAdmission1	START	1612375213164
USER	GeneralAdmission1	START	1612375213192
USER	GeneralAdmission1	START	1612375213199
USER	GeneralAdmission1	START	1612375213197
USER	GeneralAdmission1	START	1612375213206
USER	GeneralAdmission1	START	1612375213229
USER	GeneralAdmission1	START	1612375213233
USER	GeneralAdmission1	START	1612375213222
USER	GeneralAdmission1	START	1612375213232
USER	GeneralAdmission1	START	1612375213237
USER	GeneralAdmission1	START	1612375213235
USER	GeneralAdmission1	START	1612375213254
USER	GeneralAdmission1	START	1612375213247
USER	GeneralAdmission1	START	1612375213243
USER	GeneralAdmission1	START	1612375213249
USER	GeneralAdmission1	START	1612375213251
USER	GeneralAdmission1	START	1612375213254
USER	GeneralAdmission1	START	1612375213257
USER	GeneralAdmission1	START	1612375213265
USER	GeneralAdmission1	START	1612375213271
USER	GeneralAdmission1	START	1612375213274
USER	GeneralAdmission1	START	1612375213272
USER	GeneralAdmission1	START	1612375213280
USER	GeneralAdmission1	START	1612375213280
USER	GeneralAdmission1	START	1612375213293
USER	GeneralAdmission1	START	1612375213276
USER	GeneralAdmission1	START	1612375213277
USER	GeneralAdmission1	START	1612375213301
USER	GeneralAdmission1	START	1612375213312
USER	GeneralAdmission1	START	1612375213302
USER	GeneralAdmission1	START	1612375213315
USER	GeneralAdmission1	START	1612375213369
USER	GeneralAdmission1	START	1612375213321
USER	GeneralAdmission1	START	1612375213332
USER	GeneralAdmission1	START	1612375213338
USER	GeneralAdmission1	START	1612375213385
USER	GeneralAdmission1	START	1612375213416
REQUEST		GetToken	1612375212949	1612375219038	OK	 
REQUEST		GetToken	1612375212906	1612375218861	OK	 
REQUEST		GetToken	1612375212940	1612375218862	OK	 
REQUEST		GetToken	1612375212969	1612375219061	OK	 
REQUEST		GetToken	1612375212942	1612375219065	OK	 
REQUEST		GetToken	1612375213366	1612375219065	OK	 
REQUEST		GetToken	1612375212837	1612375219076	OK	 
REQUEST		GetToken	1612375212829	1612375219092	OK	 
REQUEST		GetToken	1612375212812	1612375219158	OK	 
REQUEST		GetToken	1612375212946	1612375219169	OK	 
REQUEST		GetToken	1612375212837	1612375219181	OK	 
REQUEST		GetToken	1612375212812	1612375219190	OK	 
REQUEST		GetToken	1612375212906	1612375219192	OK	 
REQUEST		GetToken	1612375212838	1612375219221	OK	 
REQUEST		GetToken	1612375212900	1612375219222	OK	 
REQUEST		GetToken	1612375212967	1612375219239	OK	 
REQUEST		GetToken	1612375212830	1612375219250	OK	 
REQUEST		GetToken	1612375212808	1612375219256	OK	 
REQUEST		GetToken	1612375212995	1612375219264	OK	 
REQUEST		GetToken	1612375213059	1612375219279	OK	 
REQUEST		GetToken	1612375213141	1612375219289	OK	 
REQUEST		GetToken	1612375213181	1612375219300	OK	 
REQUEST		GetToken	1612375213210	1612375219313	OK	 
REQUEST		GetToken	1612375213237	1612375219324	OK	 
REQUEST		GetToken	1612375212891	1612375219381	OK	 
REQUEST		GetToken	1612375213267	1612375219380	OK	 
REQUEST		GetToken	1612375212889	1612375219400	OK	 
REQUEST		GetToken	1612375212978	1612375219425	OK	 
REQUEST		GetToken	1612375212944	1612375219588	OK	 
REQUEST		GetToken	1612375212910	1612375219586	OK	 
REQUEST		GetToken	1612375212954	1612375219633	OK	 
REQUEST		GetToken	1612375212921	1612375219671	OK	 
REQUEST		GetToken	1612375213004	1612375219671	OK	 
REQUEST		GetToken	1612375213292	1612375219664	OK	 
REQUEST		GetToken	1612375213063	1612375219710	OK	 
REQUEST		GetToken	1612375212925	1612375219872	OK	 
REQUEST		GetToken	1612375212990	1612375219879	OK	 
REQUEST		GetToken	1612375212971	1612375219880	OK	 
REQUEST		GetToken	1612375213059	1612375220050	OK	 
REQUEST		GetToken	1612375212974	1612375220054	OK	 
REQUEST		GetToken	1612375212978	1612375220079	OK	 
REQUEST		GetToken	1612375213050	1612375220102	OK	 
REQUEST		GetToken	1612375212995	1612375220104	OK	 
REQUEST		GetToken	1612375212984	1612375220118	OK	 
REQUEST		GetToken	1612375213191	1612375220198	OK	 
REQUEST		GetToken	1612375213132	1612375220323	OK	 
REQUEST		GetToken	1612375213002	1612375220400	OK	 
REQUEST		GetToken	1612375212977	1612375220493	OK	 
REQUEST		GetToken	1612375213015	1612375220509	OK	 
REQUEST		GetToken	1612375213200	1612375220510	OK	 
REQUEST		GetToken	1612375213184	1612375220594	OK	 
REQUEST		GetToken	1612375213217	1612375220602	OK	 
REQUEST		GetToken	1612375213063	1612375220601	OK	 
REQUEST		GetToken	1612375212994	1612375220628	OK	 
REQUEST		GetToken	1612375213112	1612375220654	OK	 
REQUEST		GetToken	1612375213064	1612375220631	OK	 
REQUEST		GetToken	1612375213136	1612375220640	OK	 
REQUEST		GetToken	1612375213050	1612375220671	OK	 
REQUEST		GetToken	1612375213146	1612375220669	OK	 
REQUEST		GetToken	1612375213144	1612375220696	OK	 
REQUEST		GetToken	1612375213226	1612375220704	OK	 
REQUEST		GetToken	1612375212933	1612375220705	OK	 
REQUEST		GetToken	1612375212910	1612375220707	OK	 
REQUEST		GetToken	1612375213246	1612375220708	OK	 
REQUEST		GetToken	1612375213115	1612375220713	OK	 
REQUEST		GetToken	1612375213217	1612375220733	OK	 
REQUEST		GetToken	1612375213000	1612375220766	OK	 
REQUEST		GetToken	1612375213143	1612375220758	OK	 
REQUEST		GetToken	1612375213204	1612375220759	OK	 
REQUEST		GetToken	1612375213259	1612375220764	OK	 
REQUEST		GetToken	1612375213259	1612375220767	OK	 
REQUEST		GetToken	1612375213158	1612375220778	OK	 
REQUEST		GetToken	1612375213254	1612375220792	OK	 
REQUEST		GetToken	1612375213281	1612375220869	OK	 
REQUEST		GetToken	1612375213219	1612375220831	OK	 
REQUEST		GetToken	1612375213243	1612375220823	OK	 
REQUEST		GetToken	1612375213207	1612375220827	OK	 
REQUEST		GetToken	1612375213247	1612375220833	OK	 
REQUEST		GetToken	1612375213298	1612375220885	OK	 
REQUEST		GetToken	1612375213285	1612375220895	OK	 
REQUEST		GetToken	1612375213269	1612375220947	OK	 
REQUEST		GetToken	1612375213303	1612375220959	OK	 
REQUEST		GetToken	1612375213238	1612375220970	OK	 
REQUEST		GetToken	1612375212959	1612375220989	OK	 
REQUEST		GetToken	1612375213363	1612375220998	OK	 
REQUEST		GetToken	1612375213313	1612375221007	OK	 
REQUEST		GetToken	1612375213265	1612375221019	OK	 
REQUEST		GetToken	1612375213286	1612375221018	OK	 
REQUEST		GetToken	1612375213264	1612375221031	OK	 
REQUEST		GetToken	1612375213250	1612375221044	OK	 
REQUEST		GetToken	1612375213299	1612375221059	OK	 
REQUEST		GetToken	1612375213346	1612375221075	OK	 
REQUEST		GetToken	1612375213297	1612375221078	OK	 
REQUEST		GetToken	1612375213277	1612375221081	OK	 
REQUEST		GetToken	1612375213329	1612375221102	OK	 
REQUEST		GetToken	1612375213312	1612375221110	OK	 
REQUEST		GetToken	1612375213371	1612375221118	OK	 
REQUEST		GetToken	1612375213368	1612375221119	OK	 
REQUEST		GetToken	1612375213415	1612375221145	OK	 
REQUEST		GetToken	1612375213417	1612375221156	OK	 
REQUEST		AddToCart	1612375224136	1612375225760	OK	 
REQUEST		AddToCart	1612375224136	1612375225761	OK	 
REQUEST		AddToCart	1612375224134	1612375225763	OK	 
REQUEST		AddToCart	1612375224136	1612375225771	OK	 
REQUEST		AddToCart	1612375224139	1612375225869	OK	 
REQUEST		AddToCart	1612375224235	1612375225870	OK	 
REQUEST		AddToCart	1612375224159	1612375225875	OK	 
REQUEST		AddToCart	1612375224220	1612375225876	OK	 
REQUEST		AddToCart	1612375224237	1612375225899	OK	 
REQUEST		AddToCart	1612375224265	1612375225899	OK	 
REQUEST		AddToCart	1612375224258	1612375225937	OK	 
REQUEST		AddToCart	1612375224214	1612375226111	OK	 
REQUEST		AddToCart	1612375224192	1612375226111	OK	 
REQUEST		AddToCart	1612375224217	1612375226114	OK	 
REQUEST		AddToCart	1612375224198	1612375226113	OK	 
REQUEST		AddToCart	1612375224148	1612375226128	OK	 
REQUEST		AddToCart	1612375224283	1612375226133	OK	 
REQUEST		AddToCart	1612375224301	1612375226150	OK	 
REQUEST		AddToCart	1612375224289	1612375226241	OK	 
REQUEST		AddToCart	1612375224148	1612375226283	OK	 
REQUEST		AddToCart	1612375224277	1612375226288	OK	 
REQUEST		AddToCart	1612375225205	1612375226411	OK	 
REQUEST		AddToCart	1612375225135	1612375226416	OK	 
REQUEST		AddToCart	1612375225333	1612375226417	OK	 
REQUEST		AddToCart	1612375224338	1612375226417	OK	 
REQUEST		AddToCart	1612375225135	1612375226431	OK	 
REQUEST		AddToCart	1612375224411	1612375226455	OK	 
REQUEST		AddToCart	1612375224605	1612375226462	OK	 
REQUEST		AddToCart	1612375224452	1612375226473	OK	 
REQUEST		AddToCart	1612375224651	1612375226473	OK	 
REQUEST		AddToCart	1612375224604	1612375226473	OK	 
REQUEST		AddToCart	1612375224397	1612375226473	OK	 
REQUEST		AddToCart	1612375224361	1612375226491	OK	 
REQUEST		AddToCart	1612375224367	1612375226495	OK	 
REQUEST		AddToCart	1612375224405	1612375226504	OK	 
REQUEST		AddToCart	1612375224689	1612375226713	OK	 
REQUEST		AddToCart	1612375224717	1612375226724	OK	 
REQUEST		AddToCart	1612375224687	1612375226728	OK	 
REQUEST		AddToCart	1612375224689	1612375226730	OK	 
REQUEST		AddToCart	1612375224893	1612375226954	OK	 
REQUEST		AddToCart	1612375224877	1612375226954	OK	 
REQUEST		AddToCart	1612375225063	1612375226953	OK	 
REQUEST		AddToCart	1612375225067	1612375226955	OK	 
REQUEST		AddToCart	1612375224892	1612375226954	OK	 
REQUEST		AddToCart	1612375225117	1612375227001	OK	 
REQUEST		AddToCart	1612375225085	1612375227000	OK	 
REQUEST		AddToCart	1612375225407	1612375227153	OK	 
REQUEST		AddToCart	1612375225525	1612375227165	OK	 
REQUEST		AddToCart	1612375225674	1612375227161	OK	 
REQUEST		AddToCart	1612375225521	1612375227164	OK	 
REQUEST		AddToCart	1612375225620	1612375227168	OK	 
REQUEST		AddToCart	1612375225659	1612375227169	OK	 
REQUEST		AddToCart	1612375225615	1612375227171	OK	 
REQUEST		AddToCart	1612375225630	1612375227190	OK	 
REQUEST		AddToCart	1612375225664	1612375227193	OK	 
REQUEST		AddToCart	1612375225501	1612375227193	OK	 
REQUEST		AddToCart	1612375225700	1612375227207	OK	 
REQUEST		AddToCart	1612375225692	1612375227207	OK	 
REQUEST		AddToCart	1612375225682	1612375227270	OK	 
REQUEST		AddToCart	1612375225734	1612375227376	OK	 
REQUEST		AddToCart	1612375225748	1612375227377	OK	 
REQUEST		AddToCart	1612375225759	1612375227377	OK	 
REQUEST		AddToCart	1612375225748	1612375227377	OK	 
REQUEST		AddToCart	1612375225743	1612375227381	OK	 
REQUEST		AddToCart	1612375225740	1612375227391	OK	 
REQUEST		AddToCart	1612375225818	1612375227472	OK	 
REQUEST		AddToCart	1612375225761	1612375227472	OK	 
REQUEST		AddToCart	1612375225793	1612375227473	OK	 
REQUEST		AddToCart	1612375225792	1612375227472	OK	 
REQUEST		AddToCart	1612375225797	1612375227489	OK	 
REQUEST		AddToCart	1612375225800	1612375227492	OK	 
REQUEST		AddToCart	1612375225799	1612375227497	OK	 
REQUEST		AddToCart	1612375225935	1612375227505	OK	 
REQUEST		AddToCart	1612375225831	1612375227529	OK	 
REQUEST		AddToCart	1612375225922	1612375227537	OK	 
REQUEST		AddToCart	1612375225915	1612375227537	OK	 
REQUEST		AddToCart	1612375225960	1612375227538	OK	 
REQUEST		AddToCart	1612375225972	1612375227541	OK	 
REQUEST		AddToCart	1612375225890	1612375227541	OK	 
REQUEST		AddToCart	1612375225976	1612375227564	OK	 
REQUEST		AddToCart	1612375225998	1612375227563	OK	 
REQUEST		AddToCart	1612375226000	1612375227574	OK	 
REQUEST		AddToCart	1612375226041	1612375227578	OK	 
REQUEST		AddToCart	1612375226033	1612375227577	OK	 
REQUEST		AddToCart	1612375226000	1612375227577	OK	 
REQUEST		AddToCart	1612375226059	1612375227578	OK	 
REQUEST		AddToCart	1612375226064	1612375227579	OK	 
REQUEST		AddToCart	1612375226016	1612375227601	OK	 
REQUEST		AddToCart	1612375226050	1612375227601	OK	 
REQUEST		AddToCart	1612375226053	1612375227599	OK	 
REQUEST		AddToCart	1612375226108	1612375227616	OK	 
REQUEST		AddToCart	1612375226083	1612375227623	OK	 
REQUEST		AddToCart	1612375226102	1612375227625	OK	 
REQUEST		AddToCart	1612375226102	1612375227625	OK	 
REQUEST		AddToCart	1612375226133	1612375227633	OK	 
REQUEST		AddToCart	1612375226149	1612375227633	OK	 
REQUEST		AddToCart	1612375226141	1612375227645	OK	 
REQUEST		AddToCart	1612375226139	1612375227645	OK	 
REQUEST		AddToCart	1612375226157	1612375227656	OK	 
REQUEST		AddToCart	1612375226186	1612375227659	OK	 
REQUEST		AddToCart	1612375228947	1612375229979	OK	 
REQUEST		AddToCart	1612375228778	1612375229978	OK	 
REQUEST		AddToCart	1612375228886	1612375229978	OK	 
REQUEST		AddToCart	1612375228915	1612375229978	OK	 
REQUEST		AddToCart	1612375228780	1612375229978	OK	 
REQUEST		AddToCart	1612375228777	1612375229979	OK	 
REQUEST		AddToCart	1612375228899	1612375229979	OK	 
REQUEST		AddToCart	1612375228935	1612375230000	OK	 
REQUEST		AddToCart	1612375228778	1612375230005	OK	 
REQUEST		AddToCart	1612375228895	1612375230006	OK	 
REQUEST		AddToCart	1612375228887	1612375230011	OK	 
REQUEST		AddToCart	1612375230000	1612375230066	OK	 
REQUEST		AddToCart	1612375229287	1612375230107	OK	 
REQUEST		AddToCart	1612375230002	1612375230108	OK	 
REQUEST		AddToCart	1612375230002	1612375230119	OK	 
REQUEST		AddToCart	1612375230019	1612375230119	OK	 
REQUEST		AddToCart	1612375229247	1612375230130	OK	 
REQUEST		AddToCart	1612375230025	1612375230130	OK	 
REQUEST		AddToCart	1612375230018	1612375230136	OK	 
REQUEST		AddToCart	1612375230018	1612375230137	OK	 
REQUEST		AddToCart	1612375229731	1612375230150	OK	 
REQUEST		AddToCart	1612375229728	1612375230158	OK	 
REQUEST		AddToCart	1612375229418	1612375230161	OK	 
REQUEST		AddToCart	1612375229299	1612375230179	OK	 
REQUEST		AddToCart	1612375229743	1612375230242	OK	 
REQUEST		AddToCart	1612375229459	1612375230242	OK	 
REQUEST		AddToCart	1612375229742	1612375230254	OK	 
REQUEST		AddToCart	1612375229441	1612375230271	OK	 
REQUEST		AddToCart	1612375230187	1612375230271	OK	 
REQUEST		AddToCart	1612375230158	1612375230279	OK	 
REQUEST		AddToCart	1612375229456	1612375230282	OK	 
REQUEST		AddToCart	1612375230187	1612375230286	OK	 
REQUEST		AddToCart	1612375230200	1612375230320	OK	 
REQUEST		AddToCart	1612375230206	1612375230320	OK	 
REQUEST		AddToCart	1612375230200	1612375230331	OK	 
REQUEST		AddToCart	1612375230196	1612375230334	OK	 
REQUEST		AddToCart	1612375230201	1612375230338	OK	 
REQUEST		AddToCart	1612375230196	1612375230338	OK	 
REQUEST		AddToCart	1612375229491	1612375230353	OK	 
REQUEST		AddToCart	1612375229493	1612375230357	OK	 
REQUEST		AddToCart	1612375229492	1612375230503	OK	 
REQUEST		AddToCart	1612375230219	1612375230504	OK	 
REQUEST		AddToCart	1612375230234	1612375230512	OK	 
REQUEST		AddToCart	1612375229480	1612375230514	OK	 
REQUEST		AddToCart	1612375230406	1612375230745	OK	 
REQUEST		AddToCart	1612375229510	1612375230744	OK	 
REQUEST		AddToCart	1612375230395	1612375230745	OK	 
REQUEST		AddToCart	1612375230394	1612375230747	OK	 
REQUEST		AddToCart	1612375230391	1612375230747	OK	 
REQUEST		AddToCart	1612375230407	1612375230750	OK	 
REQUEST		AddToCart	1612375229129	1612375230876	OK	 
REQUEST		AddToCart	1612375229466	1612375230944	OK	 
REQUEST		AddToCart	1612375230501	1612375230981	OK	 
REQUEST		AddToCart	1612375229504	1612375231001	OK	 
REQUEST		AddToCart	1612375229495	1612375231017	OK	 
REQUEST		AddToCart	1612375230275	1612375231030	OK	 
REQUEST		AddToCart	1612375229489	1612375231048	OK	 
REQUEST		AddToCart	1612375230224	1612375231048	OK	 
REQUEST		AddToCart	1612375229470	1612375231069	OK	 
REQUEST		AddToCart	1612375230499	1612375231081	OK	 
REQUEST		AddToCart	1612375230506	1612375231092	OK	 
REQUEST		AddToCart	1612375230395	1612375231103	OK	 
REQUEST		AddToCart	1612375229128	1612375231121	OK	 
REQUEST		AddToCart	1612375230529	1612375231186	OK	 
REQUEST		AddToCart	1612375230500	1612375231186	OK	 
REQUEST		AddToCart	1612375230531	1612375231187	OK	 
REQUEST		AddToCart	1612375230516	1612375231187	OK	 
REQUEST		AddToCart	1612375230525	1612375231190	OK	 
REQUEST		AddToCart	1612375230555	1612375231322	OK	 
REQUEST		AddToCart	1612375230564	1612375231325	OK	 
REQUEST		AddToCart	1612375229141	1612375231325	OK	 
REQUEST		AddToCart	1612375230564	1612375231325	OK	 
REQUEST		AddToCart	1612375230563	1612375231335	OK	 
REQUEST		AddToCart	1612375230662	1612375231346	OK	 
REQUEST		AddToCart	1612375230581	1612375231346	OK	 
REQUEST		AddToCart	1612375230564	1612375231346	OK	 
REQUEST		AddToCart	1612375229141	1612375231349	OK	 
REQUEST		AddToCart	1612375230639	1612375231351	OK	 
REQUEST		AddToCart	1612375230579	1612375231359	OK	 
REQUEST		AddToCart	1612375230564	1612375231359	OK	 
REQUEST		AddToCart	1612375230617	1612375231372	OK	 
REQUEST		AddToCart	1612375230604	1612375231376	OK	 
REQUEST		AddToCart	1612375229130	1612375231374	OK	 
REQUEST		AddToCart	1612375229130	1612375231374	OK	 
REQUEST		AddToCart	1612375230599	1612375231376	OK	 
REQUEST		AddToCart	1612375230599	1612375231381	OK	 
REQUEST		AddToCart	1612375230605	1612375231382	OK	 
REQUEST		AddToCart	1612375230617	1612375231387	OK	 
REQUEST		AddToCart	1612375230605	1612375231393	OK	 
REQUEST		AddToCart	1612375229157	1612375231410	OK	 
REQUEST		AddToCart	1612375230629	1612375231410	OK	 
REQUEST		AddToCart	1612375230634	1612375231413	OK	 
REQUEST		AddToCart	1612375230584	1612375231415	OK	 
REQUEST		AddToCart	1612375230616	1612375231422	OK	 
REQUEST		AddToCart	1612375230635	1612375231427	OK	 
REQUEST		AddToCart	1612375230647	1612375231422	OK	 
REQUEST		AddToCart	1612375230659	1612375231440	OK	 
REQUEST		AddToCart	1612375230653	1612375231443	OK	 
REQUEST		AddToCart	1612375230662	1612375231455	OK	 
REQUEST		AddToCart	1612375230666	1612375231461	OK	 
REQUEST		CreateGeneral	1612375232996	1612375233722	OK	 
REQUEST		CreateGeneral	1612375233020	1612375233919	KO	status.find.is(200), but actually found 400
REQUEST		CreateGeneral	1612375233002	1612375234283	OK	 
REQUEST		CreateGeneral	1612375233001	1612375234454	OK	 
REQUEST		CreateGeneral	1612375233026	1612375234477	OK	 
REQUEST		CreateGeneral	1612375233009	1612375234667	OK	 
REQUEST		CreateGeneral	1612375233021	1612375234680	OK	 
REQUEST		CreateGeneral	1612375233116	1612375234748	OK	 
REQUEST		CreateGeneral	1612375233002	1612375234749	OK	 
REQUEST		CreateGeneral	1612375232998	1612375234752	OK	 
REQUEST		CreateGeneral	1612375233001	1612375234956	OK	 
REQUEST		CreateGeneral	1612375233136	1612375235013	OK	 
REQUEST		CreateGeneral	1612375233148	1612375235012	OK	 
REQUEST		CreateGeneral	1612375233134	1612375235089	OK	 
REQUEST		CreateGeneral	1612375233137	1612375235092	OK	 
REQUEST		CreateGeneral	1612375233151	1612375235097	OK	 
REQUEST		CreateGeneral	1612375233137	1612375235151	OK	 
REQUEST		CreateGeneral	1612375233160	1612375235311	OK	 
REQUEST		CreateGeneral	1612375232997	1612375235316	OK	 
REQUEST		CreateGeneral	1612375233199	1612375235482	OK	 
REQUEST		CreateGeneral	1612375233163	1612375235481	OK	 
REQUEST		CreateGeneral	1612375233171	1612375235488	OK	 
REQUEST		CreateGeneral	1612375233261	1612375235513	OK	 
REQUEST		CreateGeneral	1612375233275	1612375235609	OK	 
REQUEST		CreateGeneral	1612375233251	1612375235609	OK	 
REQUEST		CreateGeneral	1612375233761	1612375235672	KO	status.find.is(200), but actually found 400
REQUEST		CreateGeneral	1612375233766	1612375235771	KO	status.find.is(200), but actually found 400
REQUEST		CreateGeneral	1612375233348	1612375235907	OK	 
REQUEST		CreateGeneral	1612375233361	1612375235954	OK	 
REQUEST		CreateGeneral	1612375233507	1612375236007	OK	 
REQUEST		CreateGeneral	1612375233364	1612375236038	OK	 
REQUEST		CreateGeneral	1612375233511	1612375236059	OK	 
REQUEST		CreateGeneral	1612375233753	1612375236108	OK	 
REQUEST		CreateGeneral	1612375233073	1612375236108	OK	 
REQUEST		CreateGeneral	1612375233520	1612375236108	OK	 
REQUEST		CreateGeneral	1612375233287	1612375236171	OK	 
REQUEST		CreateGeneral	1612375233763	1612375236171	OK	 
REQUEST		CreateGeneral	1612375233327	1612375236208	OK	 
REQUEST		CreateGeneral	1612375233880	1612375236214	OK	 
REQUEST		CreateGeneral	1612375233292	1612375236214	OK	 
REQUEST		CreateGeneral	1612375233325	1612375236214	OK	 
REQUEST		CreateGeneral	1612375234333	1612375236226	KO	status.find.is(200), but actually found 400
REQUEST		CreateGeneral	1612375233765	1612375236227	OK	 
REQUEST		CreateGeneral	1612375233276	1612375236237	OK	 
REQUEST		CreateGeneral	1612375233348	1612375236238	OK	 
REQUEST		CreateGeneral	1612375233950	1612375236320	OK	 
REQUEST		CreateGeneral	1612375234002	1612375236322	OK	 
REQUEST		CreateGeneral	1612375234374	1612375236322	KO	status.find.is(200), but actually found 400
REQUEST		CreateGeneral	1612375234360	1612375236449	KO	status.find.is(200), but actually found 400
REQUEST		CreateGeneral	1612375234011	1612375236501	OK	 
REQUEST		CreateGeneral	1612375234058	1612375236535	OK	 
REQUEST		CreateGeneral	1612375233248	1612375236532	OK	 
REQUEST		CreateGeneral	1612375233348	1612375236536	OK	 
REQUEST		CreateGeneral	1612375234021	1612375236536	OK	 
REQUEST		CreateGeneral	1612375234059	1612375236535	OK	 
REQUEST		CreateGeneral	1612375234201	1612375236550	OK	 
REQUEST		CreateGeneral	1612375234073	1612375236548	OK	 
REQUEST		CreateGeneral	1612375233516	1612375236583	OK	 
REQUEST		CreateGeneral	1612375234127	1612375236608	OK	 
REQUEST		CreateGeneral	1612375233349	1612375236602	OK	 
REQUEST		CreateGeneral	1612375233135	1612375236602	OK	 
REQUEST		CreateGeneral	1612375234365	1612375236608	OK	 
REQUEST		CreateGeneral	1612375234106	1612375236607	OK	 
REQUEST		CreateGeneral	1612375234331	1612375236625	OK	 
REQUEST		CreateGeneral	1612375233284	1612375236636	OK	 
REQUEST		CreateGeneral	1612375233766	1612375236642	OK	 
REQUEST		CreateGeneral	1612375234196	1612375236641	OK	 
REQUEST		CreateGeneral	1612375234201	1612375236652	OK	 
REQUEST		CreateGeneral	1612375234085	1612375236654	OK	 
REQUEST		CreateGeneral	1612375234387	1612375236665	OK	 
REQUEST		CreateGeneral	1612375234374	1612375236668	OK	 
REQUEST		CreateGeneral	1612375234198	1612375236671	OK	 
REQUEST		CreateGeneral	1612375234417	1612375236678	OK	 
REQUEST		CreateGeneral	1612375234375	1612375236681	OK	 
REQUEST		CreateGeneral	1612375234195	1612375236686	OK	 
REQUEST		CreateGeneral	1612375234364	1612375236692	OK	 
REQUEST		CreateGeneral	1612375234376	1612375236694	OK	 
REQUEST		CreateGeneral	1612375234425	1612375236697	OK	 
REQUEST		CreateGeneral	1612375234331	1612375236697	OK	 
REQUEST		CreateGeneral	1612375234391	1612375236706	OK	 
REQUEST		CreateGeneral	1612375234475	1612375236717	OK	 
REQUEST		CreateGeneral	1612375234410	1612375236717	OK	 
REQUEST		CreateGeneral	1612375234411	1612375236720	OK	 
REQUEST		CreateGeneral	1612375234382	1612375236733	OK	 
REQUEST		CreateGeneral	1612375234413	1612375236739	OK	 
REQUEST		CreateGeneral	1612375234103	1612375236734	OK	 
REQUEST		CreateGeneral	1612375234473	1612375236735	OK	 
REQUEST		CreateGeneral	1612375234431	1612375236738	KO	status.find.is(200), but actually found 400
REQUEST		CreateGeneral	1612375234416	1612375236763	OK	 
REQUEST		CreateGeneral	1612375234414	1612375236763	OK	 
REQUEST		CreateGeneral	1612375234475	1612375236772	OK	 
REQUEST		CreateGeneral	1612375234442	1612375236772	OK	 
REQUEST		CreateGeneral	1612375234463	1612375236782	OK	 
REQUEST		CreateGeneral	1612375234482	1612375236786	OK	 
REQUEST		CreateGeneral	1612375234035	1612375236899	OK	 
REQUEST		CreateGeneral	1612375234325	1612375237241	OK	 
REQUEST		CreateGeneral	1612375234411	1612375237343	OK	 
REQUEST		CreateGeneral	1612375234398	1612375237574	OK	 
ERROR	BookingDetails: Failed to build request: No attribute named 'checkoutTokenID' is defined 	1612375237938
ERROR	ConfirmPayment: Failed to build request: No attribute named 'checkoutTokenID' is defined 	1612375237938
USER	GeneralAdmission1	END	1612375237947
REQUEST		CreateGeneral	1612375234452	1612375237971	OK	 
REQUEST		BookingDetails	1612375237727	1612375237985	OK	 
REQUEST		ConfirmPayment	1612375237988	1612375238269	OK	 
USER	GeneralAdmission1	END	1612375238273
REQUEST		BookingDetails	1612375238289	1612375238342	OK	 
REQUEST		CreateGeneral	1612375234338	1612375238342	OK	 
REQUEST		BookingDetails	1612375238486	1612375238533	OK	 
REQUEST		BookingDetails	1612375238464	1612375238533	OK	 
REQUEST		ConfirmPayment	1612375238348	1612375238536	OK	 
USER	GeneralAdmission1	END	1612375238570
REQUEST		BookingDetails	1612375238675	1612375238734	OK	 
REQUEST		BookingDetails	1612375238689	1612375238752	OK	 
REQUEST		ConfirmPayment	1612375238564	1612375238764	OK	 
USER	GeneralAdmission1	END	1612375238772
REQUEST		ConfirmPayment	1612375238569	1612375238789	OK	 
USER	GeneralAdmission1	END	1612375238798
REQUEST		BookingDetails	1612375238763	1612375238810	OK	 
REQUEST		BookingDetails	1612375238776	1612375238852	OK	 
REQUEST		BookingDetails	1612375238776	1612375238892	OK	 
REQUEST		ConfirmPayment	1612375238739	1612375238992	OK	 
USER	GeneralAdmission1	END	1612375239002
REQUEST		ConfirmPayment	1612375238773	1612375239005	OK	 
REQUEST		ConfirmPayment	1612375238821	1612375239039	OK	 
USER	GeneralAdmission1	END	1612375239040
REQUEST		ConfirmPayment	1612375238857	1612375239043	OK	 
USER	GeneralAdmission1	END	1612375239044
USER	GeneralAdmission1	END	1612375239053
REQUEST		ConfirmPayment	1612375238894	1612375239108	OK	 
REQUEST		BookingDetails	1612375238997	1612375239109	OK	 
USER	GeneralAdmission1	END	1612375239114
REQUEST		BookingDetails	1612375239040	1612375239138	OK	 
REQUEST		BookingDetails	1612375239044	1612375239267	OK	 
REQUEST		BookingDetails	1612375239095	1612375239540	OK	 
REQUEST		BookingDetails	1612375239098	1612375239539	OK	 
REQUEST		BookingDetails	1612375239104	1612375239564	OK	 
REQUEST		BookingDetails	1612375239156	1612375239600	OK	 
REQUEST		ConfirmPayment	1612375239113	1612375239600	OK	 
USER	GeneralAdmission1	END	1612375239606
ERROR	BookingDetails: Failed to build request: No attribute named 'checkoutTokenID' is defined 	1612375239677
ERROR	ConfirmPayment: Failed to build request: No attribute named 'checkoutTokenID' is defined 	1612375239677
USER	GeneralAdmission1	END	1612375239679
ERROR	BookingDetails: Failed to build request: No attribute named 'checkoutTokenID' is defined 	1612375239786
ERROR	ConfirmPayment: Failed to build request: No attribute named 'checkoutTokenID' is defined 	1612375239787
USER	GeneralAdmission1	END	1612375239789
REQUEST		ConfirmPayment	1612375239141	1612375239790	OK	 
USER	GeneralAdmission1	END	1612375239793
REQUEST		ConfirmPayment	1612375239271	1612375239847	OK	 
REQUEST		BookingDetails	1612375239318	1612375239849	OK	 
USER	GeneralAdmission1	END	1612375239850
REQUEST		BookingDetails	1612375239324	1612375239853	OK	 
REQUEST		BookingDetails	1612375239517	1612375239963	OK	 
REQUEST		BookingDetails	1612375239499	1612375239966	OK	 
REQUEST		BookingDetails	1612375239538	1612375240012	OK	 
REQUEST		BookingDetails	1612375239535	1612375240115	OK	 
ERROR	BookingDetails: Failed to build request: No attribute named 'checkoutTokenID' is defined 	1612375240237
ERROR	ConfirmPayment: Failed to build request: No attribute named 'checkoutTokenID' is defined 	1612375240238
USER	GeneralAdmission1	END	1612375240240
ERROR	BookingDetails: Failed to build request: No attribute named 'checkoutTokenID' is defined 	1612375240334
ERROR	ConfirmPayment: Failed to build request: No attribute named 'checkoutTokenID' is defined 	1612375240335
USER	GeneralAdmission1	END	1612375240339
ERROR	BookingDetails: Failed to build request: No attribute named 'checkoutTokenID' is defined 	1612375240453
ERROR	ConfirmPayment: Failed to build request: No attribute named 'checkoutTokenID' is defined 	1612375240453
USER	GeneralAdmission1	END	1612375240455
REQUEST		BookingDetails	1612375239615	1612375240491	OK	 
REQUEST		ConfirmPayment	1612375239569	1612375240533	OK	 
REQUEST		ConfirmPayment	1612375239605	1612375240533	OK	 
REQUEST		BookingDetails	1612375239615	1612375240533	OK	 
USER	GeneralAdmission1	END	1612375240551
USER	GeneralAdmission1	END	1612375240551
REQUEST		ConfirmPayment	1612375239554	1612375240553	OK	 
REQUEST		ConfirmPayment	1612375239554	1612375240558	OK	 
USER	GeneralAdmission1	END	1612375240562
USER	GeneralAdmission1	END	1612375240595
REQUEST		BookingDetails	1612375239912	1612375240615	OK	 
ERROR	BookingDetails: Failed to build request: No attribute named 'checkoutTokenID' is defined 	1612375240765
ERROR	ConfirmPayment: Failed to build request: No attribute named 'checkoutTokenID' is defined 	1612375240768
USER	GeneralAdmission1	END	1612375240770
REQUEST		BookingDetails	1612375239959	1612375241394	OK	 
REQUEST		BookingDetails	1612375240074	1612375241393	OK	 
REQUEST		ConfirmPayment	1612375239853	1612375241394	OK	 
REQUEST		ConfirmPayment	1612375239858	1612375241394	OK	 
USER	GeneralAdmission1	END	1612375241409
USER	GeneralAdmission1	END	1612375241413
REQUEST		ConfirmPayment	1612375239967	1612375241451	OK	 
REQUEST		BookingDetails	1612375240122	1612375241452	OK	 
REQUEST		BookingDetails	1612375240122	1612375241452	OK	 
REQUEST		BookingDetails	1612375240015	1612375241455	OK	 
REQUEST		BookingDetails	1612375240068	1612375241455	OK	 
REQUEST		ConfirmPayment	1612375239973	1612375241456	OK	 
REQUEST		BookingDetails	1612375240226	1612375241467	OK	 
USER	GeneralAdmission1	END	1612375241468
REQUEST		BookingDetails	1612375240178	1612375241479	OK	 
USER	GeneralAdmission1	END	1612375241484
REQUEST		BookingDetails	1612375240127	1612375241491	OK	 
REQUEST		ConfirmPayment	1612375240120	1612375241495	OK	 
REQUEST		ConfirmPayment	1612375240016	1612375241502	OK	 
REQUEST		BookingDetails	1612375240212	1612375241502	OK	 
REQUEST		BookingDetails	1612375240227	1612375241506	OK	 
REQUEST		BookingDetails	1612375240505	1612375241516	OK	 
USER	GeneralAdmission1	END	1612375241516
REQUEST		BookingDetails	1612375240246	1612375241519	OK	 
USER	GeneralAdmission1	END	1612375241520
REQUEST		BookingDetails	1612375240227	1612375241532	OK	 
REQUEST		BookingDetails	1612375240245	1612375241541	OK	 
REQUEST		BookingDetails	1612375240180	1612375241533	OK	 
REQUEST		BookingDetails	1612375240239	1612375241551	OK	 
REQUEST		BookingDetails	1612375240329	1612375241552	OK	 
REQUEST		BookingDetails	1612375240335	1612375241564	OK	 
REQUEST		ConfirmPayment	1612375240496	1612375241567	OK	 
REQUEST		BookingDetails	1612375240557	1612375241571	OK	 
USER	GeneralAdmission1	END	1612375241571
REQUEST		ConfirmPayment	1612375240619	1612375241759	OK	 
USER	GeneralAdmission1	END	1612375241762
REQUEST		ConfirmPayment	1612375240552	1612375241764	OK	 
USER	GeneralAdmission1	END	1612375241767
REQUEST		BookingDetails	1612375240782	1612375243618	OK	 
REQUEST		BookingDetails	1612375240772	1612375243618	OK	 
REQUEST		BookingDetails	1612375240604	1612375243635	OK	 
REQUEST		BookingDetails	1612375240791	1612375243683	OK	 
REQUEST		BookingDetails	1612375240621	1612375243843	OK	 
REQUEST		ConfirmPayment	1612375241464	1612375244082	OK	 
REQUEST		BookingDetails	1612375240637	1612375244080	OK	 
REQUEST		BookingDetails	1612375240638	1612375244083	OK	 
REQUEST		ConfirmPayment	1612375241495	1612375244086	OK	 
USER	GeneralAdmission1	END	1612375244087
REQUEST		ConfirmPayment	1612375241483	1612375244088	OK	 
REQUEST		ConfirmPayment	1612375241491	1612375244088	OK	 
USER	GeneralAdmission1	END	1612375244097
USER	GeneralAdmission1	END	1612375244098
USER	GeneralAdmission1	END	1612375244098
REQUEST		ConfirmPayment	1612375241531	1612375244099	OK	 
USER	GeneralAdmission1	END	1612375244101
REQUEST		BookingDetails	1612375240642	1612375244234	OK	 
REQUEST		ConfirmPayment	1612375241563	1612375244234	OK	 
REQUEST		BookingDetails	1612375240602	1612375244235	OK	 
REQUEST		BookingDetails	1612375241245	1612375244236	OK	 
REQUEST		BookingDetails	1612375240590	1612375244236	OK	 
REQUEST		ConfirmPayment	1612375241552	1612375244236	OK	 
REQUEST		ConfirmPayment	1612375241533	1612375244245	OK	 
REQUEST		ConfirmPayment	1612375241551	1612375244245	OK	 
USER	GeneralAdmission1	END	1612375244250
USER	GeneralAdmission1	END	1612375244259
REQUEST		BookingDetails	1612375240786	1612375244261	OK	 
REQUEST		BookingDetails	1612375240652	1612375244266	OK	 
USER	GeneralAdmission1	END	1612375244260
REQUEST		ConfirmPayment	1612375241411	1612375244266	OK	 
REQUEST		BookingDetails	1612375241579	1612375244266	OK	 
USER	GeneralAdmission1	END	1612375244262
REQUEST		ConfirmPayment	1612375241567	1612375244273	OK	 
REQUEST		BookingDetails	1612375241348	1612375244273	OK	 
USER	GeneralAdmission1	END	1612375244290
REQUEST		BookingDetails	1612375240606	1612375244292	OK	 
REQUEST		BookingDetails	1612375240604	1612375244317	OK	 
USER	GeneralAdmission1	END	1612375244292
REQUEST		BookingDetails	1612375240655	1612375244328	OK	 
REQUEST		BookingDetails	1612375240615	1612375244315	OK	 
REQUEST		BookingDetails	1612375240627	1612375244338	OK	 
REQUEST		BookingDetails	1612375240722	1612375244329	OK	 
REQUEST		ConfirmPayment	1612375241578	1612375244338	OK	 
REQUEST		BookingDetails	1612375240698	1612375244342	OK	 
REQUEST		BookingDetails	1612375240604	1612375244348	OK	 
USER	GeneralAdmission1	END	1612375244355
REQUEST		BookingDetails	1612375240726	1612375244377	OK	 
REQUEST		BookingDetails	1612375240685	1612375244374	OK	 
REQUEST		BookingDetails	1612375240904	1612375244374	OK	 
REQUEST		BookingDetails	1612375240697	1612375244375	OK	 
REQUEST		BookingDetails	1612375240740	1612375244377	OK	 
REQUEST		BookingDetails	1612375241985	1612375244378	OK	 
REQUEST		BookingDetails	1612375240704	1612375244389	OK	 
REQUEST		BookingDetails	1612375240709	1612375244417	OK	 
REQUEST		BookingDetails	1612375240772	1612375244418	OK	 
REQUEST		BookingDetails	1612375240759	1612375244419	OK	 
REQUEST		BookingDetails	1612375240709	1612375244425	OK	 
REQUEST		ConfirmPayment	1612375241507	1612375244425	OK	 
REQUEST		BookingDetails	1612375240761	1612375244425	OK	 
REQUEST		BookingDetails	1612375240680	1612375244440	OK	 
USER	GeneralAdmission1	END	1612375244445
REQUEST		ConfirmPayment	1612375241563	1612375244451	OK	 
REQUEST		BookingDetails	1612375240687	1612375244456	OK	 
REQUEST		BookingDetails	1612375240685	1612375244454	OK	 
REQUEST		BookingDetails	1612375240711	1612375244456	OK	 
USER	GeneralAdmission1	END	1612375244465
REQUEST		BookingDetails	1612375240733	1612375244468	OK	 
REQUEST		BookingDetails	1612375240672	1612375244468	OK	 
REQUEST		ConfirmPayment	1612375241480	1612375244469	OK	 
REQUEST		BookingDetails	1612375240733	1612375244478	OK	 
USER	GeneralAdmission1	END	1612375244481
REQUEST		BookingDetails	1612375240768	1612375244488	OK	 
REQUEST		BookingDetails	1612375240783	1612375244488	OK	 
REQUEST		ConfirmPayment	1612375241483	1612375244489	OK	 
REQUEST		BookingDetails	1612375240698	1612375244490	OK	 
REQUEST		ConfirmPayment	1612375241551	1612375244502	OK	 
USER	GeneralAdmission1	END	1612375244503
REQUEST		BookingDetails	1612375240735	1612375244508	OK	 
USER	GeneralAdmission1	END	1612375244507
REQUEST		ConfirmPayment	1612375241528	1612375244508	OK	 
REQUEST		ConfirmPayment	1612375241519	1612375244514	OK	 
REQUEST		BookingDetails	1612375240673	1612375244516	OK	 
USER	GeneralAdmission1	END	1612375244519
USER	GeneralAdmission1	END	1612375244522
REQUEST		ConfirmPayment	1612375241412	1612375244525	OK	 
USER	GeneralAdmission1	END	1612375244531
REQUEST		BookingDetails	1612375242350	1612375244532	OK	 
REQUEST		ConfirmPayment	1612375243621	1612375245078	OK	 
USER	GeneralAdmission1	END	1612375245081
REQUEST		ConfirmPayment	1612375243637	1612375245257	OK	 
USER	GeneralAdmission1	END	1612375245260
REQUEST		ConfirmPayment	1612375243621	1612375245271	OK	 
USER	GeneralAdmission1	END	1612375245275
REQUEST		ConfirmPayment	1612375243846	1612375245612	OK	 
USER	GeneralAdmission1	END	1612375245614
REQUEST		ConfirmPayment	1612375243686	1612375245617	OK	 
USER	GeneralAdmission1	END	1612375245620
REQUEST		ConfirmPayment	1612375244093	1612375245821	OK	 
USER	GeneralAdmission1	END	1612375245823
REQUEST		ConfirmPayment	1612375244088	1612375245825	OK	 
USER	GeneralAdmission1	END	1612375245828
REQUEST		ConfirmPayment	1612375244259	1612375245862	OK	 
REQUEST		ConfirmPayment	1612375244250	1612375245862	OK	 
USER	GeneralAdmission1	END	1612375245866
USER	GeneralAdmission1	END	1612375245866
REQUEST		ConfirmPayment	1612375244259	1612375245874	OK	 
REQUEST		ConfirmPayment	1612375244251	1612375245874	OK	 
USER	GeneralAdmission1	END	1612375245882
USER	GeneralAdmission1	END	1612375245882
REQUEST		ConfirmPayment	1612375244273	1612375245925	OK	 
REQUEST		ConfirmPayment	1612375244290	1612375245925	OK	 
REQUEST		ConfirmPayment	1612375244289	1612375245925	OK	 
REQUEST		ConfirmPayment	1612375244301	1612375245928	OK	 
USER	GeneralAdmission1	END	1612375245930
REQUEST		ConfirmPayment	1612375244327	1612375245940	OK	 
USER	GeneralAdmission1	END	1612375245930
USER	GeneralAdmission1	END	1612375245940
USER	GeneralAdmission1	END	1612375245941
USER	GeneralAdmission1	END	1612375245943
REQUEST		ConfirmPayment	1612375244366	1612375245988	OK	 
REQUEST		ConfirmPayment	1612375244351	1612375245988	OK	 
REQUEST		ConfirmPayment	1612375244354	1612375245989	OK	 
REQUEST		ConfirmPayment	1612375244348	1612375245991	OK	 
REQUEST		ConfirmPayment	1612375244404	1612375245993	OK	 
USER	GeneralAdmission1	END	1612375245995
USER	GeneralAdmission1	END	1612375246001
USER	GeneralAdmission1	END	1612375246003
REQUEST		ConfirmPayment	1612375244393	1612375246004	OK	 
REQUEST		ConfirmPayment	1612375244350	1612375246005	OK	 
USER	GeneralAdmission1	END	1612375246003
USER	GeneralAdmission1	END	1612375246003
USER	GeneralAdmission1	END	1612375246012
USER	GeneralAdmission1	END	1612375246012
REQUEST		ConfirmPayment	1612375244369	1612375246016	OK	 
USER	GeneralAdmission1	END	1612375246019
REQUEST		ConfirmPayment	1612375244432	1612375246025	OK	 
USER	GeneralAdmission1	END	1612375246028
REQUEST		ConfirmPayment	1612375244469	1612375246030	OK	 
USER	GeneralAdmission1	END	1612375246036
REQUEST		ConfirmPayment	1612375244445	1612375246040	OK	 
USER	GeneralAdmission1	END	1612375246042
REQUEST		ConfirmPayment	1612375244469	1612375246050	OK	 
REQUEST		ConfirmPayment	1612375244401	1612375246048	OK	 
REQUEST		ConfirmPayment	1612375244417	1612375246048	OK	 
REQUEST		ConfirmPayment	1612375244442	1612375246048	OK	 
REQUEST		ConfirmPayment	1612375244401	1612375246049	OK	 
REQUEST		ConfirmPayment	1612375244400	1612375246049	OK	 
REQUEST		ConfirmPayment	1612375244440	1612375246050	OK	 
USER	GeneralAdmission1	END	1612375246085
USER	GeneralAdmission1	END	1612375246091
USER	GeneralAdmission1	END	1612375246091
REQUEST		ConfirmPayment	1612375244500	1612375246099	OK	 
USER	GeneralAdmission1	END	1612375246095
REQUEST		ConfirmPayment	1612375244454	1612375246102	OK	 
REQUEST		ConfirmPayment	1612375244480	1612375246102	OK	 
REQUEST		ConfirmPayment	1612375244480	1612375246112	OK	 
USER	GeneralAdmission1	END	1612375246096
REQUEST		ConfirmPayment	1612375244469	1612375246112	OK	 
REQUEST		ConfirmPayment	1612375244446	1612375246112	OK	 
USER	GeneralAdmission1	END	1612375246096
USER	GeneralAdmission1	END	1612375246096
USER	GeneralAdmission1	END	1612375246113
USER	GeneralAdmission1	END	1612375246115
USER	GeneralAdmission1	END	1612375246117
USER	GeneralAdmission1	END	1612375246123
USER	GeneralAdmission1	END	1612375246125
REQUEST		ConfirmPayment	1612375244524	1612375246126	OK	 
USER	GeneralAdmission1	END	1612375246127
REQUEST		ConfirmPayment	1612375244502	1612375246129	OK	 
USER	GeneralAdmission1	END	1612375246130
USER	GeneralAdmission1	END	1612375246135
REQUEST		ConfirmPayment	1612375244273	1612375246323	OK	 
REQUEST		ConfirmPayment	1612375244502	1612375246323	OK	 
REQUEST		ConfirmPayment	1612375244516	1612375246323	OK	 
USER	GeneralAdmission1	END	1612375246334
USER	GeneralAdmission1	END	1612375246334
USER	GeneralAdmission1	END	1612375246334
REQUEST		ConfirmPayment	1612375244487	1612375246335	OK	 
REQUEST		ConfirmPayment	1612375244537	1612375246339	OK	 
USER	GeneralAdmission1	END	1612375246340
USER	GeneralAdmission1	END	1612375246346
REQUEST		ConfirmPayment	1612375244401	1612375246450	OK	 
USER	GeneralAdmission1	END	1612375246453
