RUN	LocalSimulation3	localsimulation3	1610363740568	 	3.5.0
USER	LocalSimulation3	START	1610363742700
REQUEST		request_0	1610363742738	1610363743178	OK	 
REQUEST		request_0 Redirect 1	1610363743188	1610363743674	OK	 
REQUEST		request_8	1610363743727	1610363743826	OK	 
REQUEST		request_2	1610363743734	1610363743833	OK	 
REQUEST		request_4	1610363743726	1610363743844	OK	 
REQUEST		request_3	1610363743733	1610363743858	OK	 
REQUEST		request_7	1610363743777	1610363743922	OK	 
REQUEST		request_9	1610363743730	1610363743937	KO	status.find.in(200,201,202,203,204,205,206,207,208,209,304), found 401
REQUEST		request_10	1610363743819	1610363743982	KO	status.find.in(200,201,202,203,204,205,206,207,208,209,304), found 401
REQUEST		request_5	1610363743776	1610363744170	OK	 
REQUEST		request_1	1610363743818	1610363744172	OK	 
REQUEST		request_6	1610363743735	1610363744626	OK	 
REQUEST		request_11	1610363747651	1610363747661	OK	 
REQUEST		request_12	1610363747662	1610363747668	KO	status.find.in(200,201,202,203,204,205,206,207,208,209,304), found 401
REQUEST		request_14	1610363747665	1610363747671	KO	status.find.in(200,201,202,203,204,205,206,207,208,209,304), found 401
REQUEST		request_13	1610363747664	1610363747682	OK	 
REQUEST		request_15	1610363749689	1610363749882	OK	 
REQUEST		request_16	1610363750895	1610363750914	OK	 
REQUEST		request_17	1610363753924	1610363753926	OK	 
REQUEST		request_37	1610363753990	1610363754025	KO	status.find.in(200,201,202,203,204,205,206,207,208,209,304), found 401
REQUEST		request_20	1610363753994	1610363754041	OK	 
REQUEST		request_19	1610363753998	1610363754042	KO	status.find.in(200,201,202,203,204,205,206,207,208,209,304), found 401
REQUEST		request_21	1610363754004	1610363754064	KO	status.find.in(200,201,202,203,204,205,206,207,208,209,304), found 401
REQUEST		request_18	1610363753991	1610363754074	KO	status.find.in(200,201,202,203,204,205,206,207,208,209,304), found 401
REQUEST		request_24	1610363753987	1610363754160	OK	 
REQUEST		request_23	1610363753937	1610363754312	OK	 
REQUEST		request_25	1610363753967	1610363754320	OK	 
REQUEST		request_22	1610363753985	1610363754321	OK	 
REQUEST		request_29	1610363753988	1610363754327	OK	 
REQUEST		request_35	1610363753989	1610363754333	OK	 
REQUEST		request_26	1610363753997	1610363754338	OK	 
REQUEST		request_28	1610363754001	1610363754339	OK	 
REQUEST		request_27	1610363754002	1610363754418	OK	 
REQUEST		request_34	1610363753983	1610363755005	OK	 
REQUEST		request_39	1610363753981	1610363755013	OK	 
REQUEST		request_33	1610363753967	1610363755016	OK	 
REQUEST		request_38	1610363753982	1610363755045	OK	 
REQUEST		request_31	1610363753986	1610363755050	OK	 
REQUEST		request_40	1610363753984	1610363755051	OK	 
REQUEST		request_30	1610363753988	1610363755055	OK	 
REQUEST		request_36	1610363753993	1610363755057	OK	 
REQUEST		request_32	1610363754003	1610363755058	OK	 
REQUEST		request_41	1610363753992	1610363755073	OK	 
REQUEST		request_42	1610363756081	1610363756117	OK	 
REQUEST		request_44	1610363756121	1610363756142	OK	 
REQUEST		request_45	1610363756120	1610363756314	OK	 
REQUEST		request_43	1610363756122	1610363756316	OK	 
REQUEST		request_47	1610363756121	1610363756317	OK	 
REQUEST		request_46	1610363756123	1610363756903	OK	 
REQUEST		request_48	1610363757919	1610363758107	OK	 
REQUEST		request_49	1610363759121	1610363759416	OK	 
REQUEST		request_50	1610363759417	1610363759615	OK	 
REQUEST		request_51	1610363760621	1610363760624	OK	 
REQUEST		request_53	1610363760705	1610363760728	KO	status.find.in(200,201,202,203,204,205,206,207,208,209,304), found 401
REQUEST		request_56	1610363760703	1610363760887	OK	 
REQUEST		request_55	1610363760707	1610363760894	OK	 
REQUEST		request_54	1610363760710	1610363760900	OK	 
REQUEST		request_52	1610363760633	1610363761160	KO	status.find.in(200,201,202,203,204,205,206,207,208,209,304), found 400
REQUEST		request_57	1610363763178	1610363763196	OK	 
REQUEST		request_58	1610363763198	1610363763204	KO	status.find.in(200,201,202,203,204,205,206,207,208,209,304), found 401
REQUEST		request_59	1610363765212	1610363765484	OK	 
USER	LocalSimulation3	END	1610363765506
