RUN	GeneralAdmission1	generaladmission1	1612371335395	 	3.5.0
USER	GeneralAdmission1	START	1612371337791
USER	GeneralAdmission1	START	1612371337790
USER	GeneralAdmission1	START	1612371337820
USER	GeneralAdmission1	START	1612371337796
USER	GeneralAdmission1	START	1612371337794
USER	GeneralAdmission1	START	1612371337813
USER	GeneralAdmission1	START	1612371337828
USER	GeneralAdmission1	START	1612371337829
USER	GeneralAdmission1	START	1612371337926
USER	GeneralAdmission1	START	1612371337915
USER	GeneralAdmission1	START	1612371337917
USER	GeneralAdmission1	START	1612371337944
USER	GeneralAdmission1	START	1612371337981
USER	GeneralAdmission1	START	1612371337952
USER	GeneralAdmission1	START	1612371337960
USER	GeneralAdmission1	START	1612371337941
USER	GeneralAdmission1	START	1612371337969
USER	GeneralAdmission1	START	1612371337966
USER	GeneralAdmission1	START	1612371337999
USER	GeneralAdmission1	START	1612371337994
USER	GeneralAdmission1	START	1612371338036
USER	GeneralAdmission1	START	1612371337998
USER	GeneralAdmission1	START	1612371338011
USER	GeneralAdmission1	START	1612371338016
USER	GeneralAdmission1	START	1612371338013
USER	GeneralAdmission1	START	1612371338022
USER	GeneralAdmission1	START	1612371338044
USER	GeneralAdmission1	START	1612371338013
USER	GeneralAdmission1	START	1612371338045
USER	GeneralAdmission1	START	1612371338052
USER	GeneralAdmission1	START	1612371338047
USER	GeneralAdmission1	START	1612371338063
USER	GeneralAdmission1	START	1612371338060
USER	GeneralAdmission1	START	1612371338066
USER	GeneralAdmission1	START	1612371338059
USER	GeneralAdmission1	START	1612371338093
USER	GeneralAdmission1	START	1612371338067
USER	GeneralAdmission1	START	1612371338094
USER	GeneralAdmission1	START	1612371338101
USER	GeneralAdmission1	START	1612371338103
USER	GeneralAdmission1	START	1612371338110
USER	GeneralAdmission1	START	1612371338113
USER	GeneralAdmission1	START	1612371338112
USER	GeneralAdmission1	START	1612371338117
USER	GeneralAdmission1	START	1612371338123
USER	GeneralAdmission1	START	1612371338192
USER	GeneralAdmission1	START	1612371338132
USER	GeneralAdmission1	START	1612371338144
USER	GeneralAdmission1	START	1612371338204
USER	GeneralAdmission1	START	1612371338265
REQUEST		GetToken	1612371337841	1612371342999	OK	 
REQUEST		GetToken	1612371337848	1612371343105	OK	 
REQUEST		GetToken	1612371338132	1612371343048	OK	 
REQUEST		GetToken	1612371337983	1612371343010	OK	 
REQUEST		GetToken	1612371337859	1612371343110	OK	 
REQUEST		GetToken	1612371337852	1612371343079	OK	 
REQUEST		GetToken	1612371337856	1612371343111	OK	 
REQUEST		GetToken	1612371337847	1612371343237	OK	 
REQUEST		GetToken	1612371337848	1612371343265	OK	 
REQUEST		GetToken	1612371337957	1612371343263	OK	 
REQUEST		GetToken	1612371337928	1612371343314	OK	 
REQUEST		GetToken	1612371337847	1612371343330	OK	 
REQUEST		GetToken	1612371337978	1612371343339	OK	 
REQUEST		GetToken	1612371337991	1612371343348	OK	 
REQUEST		GetToken	1612371337984	1612371343376	OK	 
REQUEST		GetToken	1612371337995	1612371343382	OK	 
REQUEST		GetToken	1612371338015	1612371343421	OK	 
REQUEST		GetToken	1612371338023	1612371343484	OK	 
REQUEST		GetToken	1612371337947	1612371343507	OK	 
REQUEST		GetToken	1612371337995	1612371343517	OK	 
REQUEST		GetToken	1612371338031	1612371343541	OK	 
REQUEST		GetToken	1612371338048	1612371343541	OK	 
REQUEST		GetToken	1612371338014	1612371343553	OK	 
REQUEST		GetToken	1612371338046	1612371343573	OK	 
REQUEST		GetToken	1612371338096	1612371343572	OK	 
REQUEST		GetToken	1612371337997	1612371343593	OK	 
REQUEST		GetToken	1612371338074	1612371343597	OK	 
REQUEST		GetToken	1612371338021	1612371343674	OK	 
REQUEST		GetToken	1612371338017	1612371343775	OK	 
REQUEST		GetToken	1612371338079	1612371343800	OK	 
REQUEST		GetToken	1612371338078	1612371343799	OK	 
REQUEST		GetToken	1612371338082	1612371343810	OK	 
REQUEST		GetToken	1612371338233	1612371343814	OK	 
REQUEST		GetToken	1612371338078	1612371343842	OK	 
REQUEST		GetToken	1612371338118	1612371343921	OK	 
REQUEST		GetToken	1612371338118	1612371343935	OK	 
REQUEST		GetToken	1612371338040	1612371343944	OK	 
REQUEST		GetToken	1612371338073	1612371343952	OK	 
REQUEST		GetToken	1612371338095	1612371343954	OK	 
REQUEST		GetToken	1612371338116	1612371343978	OK	 
REQUEST		GetToken	1612371338267	1612371343980	OK	 
REQUEST		GetToken	1612371338219	1612371344050	OK	 
REQUEST		GetToken	1612371338111	1612371344070	OK	 
REQUEST		GetToken	1612371338125	1612371344064	OK	 
REQUEST		GetToken	1612371338128	1612371344065	OK	 
REQUEST		GetToken	1612371338216	1612371344071	OK	 
REQUEST		GetToken	1612371338046	1612371344079	OK	 
REQUEST		GetToken	1612371338031	1612371344093	OK	 
REQUEST		GetToken	1612371338203	1612371344120	OK	 
REQUEST		GetToken	1612371338145	1612371344119	OK	 
REQUEST		AddToCart	1612371348413	1612371350015	OK	 
REQUEST		AddToCart	1612371348255	1612371350012	OK	 
REQUEST		AddToCart	1612371348384	1612371350027	OK	 
REQUEST		AddToCart	1612371348367	1612371350023	OK	 
REQUEST		AddToCart	1612371348341	1612371350023	OK	 
REQUEST		AddToCart	1612371348328	1612371350011	OK	 
REQUEST		AddToCart	1612371348371	1612371350051	OK	 
REQUEST		AddToCart	1612371348257	1612371350072	OK	 
REQUEST		AddToCart	1612371348258	1612371350100	OK	 
REQUEST		AddToCart	1612371348453	1612371350102	OK	 
REQUEST		AddToCart	1612371348451	1612371350103	OK	 
REQUEST		AddToCart	1612371348508	1612371350138	OK	 
REQUEST		AddToCart	1612371348451	1612371350148	OK	 
REQUEST		AddToCart	1612371348272	1612371350217	OK	 
REQUEST		AddToCart	1612371348253	1612371350243	OK	 
REQUEST		AddToCart	1612371348256	1612371350261	OK	 
REQUEST		AddToCart	1612371348259	1612371350262	OK	 
REQUEST		AddToCart	1612371349094	1612371350570	OK	 
REQUEST		AddToCart	1612371349033	1612371350576	OK	 
REQUEST		AddToCart	1612371349113	1612371350582	OK	 
REQUEST		AddToCart	1612371349097	1612371350594	OK	 
REQUEST		AddToCart	1612371349110	1612371350592	OK	 
REQUEST		AddToCart	1612371349103	1612371350595	OK	 
REQUEST		AddToCart	1612371349119	1612371350608	OK	 
REQUEST		AddToCart	1612371349120	1612371350642	OK	 
REQUEST		AddToCart	1612371348568	1612371350643	OK	 
REQUEST		AddToCart	1612371348575	1612371350649	OK	 
REQUEST		AddToCart	1612371349139	1612371350650	OK	 
REQUEST		AddToCart	1612371348601	1612371350664	OK	 
REQUEST		AddToCart	1612371348590	1612371350673	OK	 
REQUEST		AddToCart	1612371349136	1612371350690	OK	 
REQUEST		AddToCart	1612371348589	1612371350746	OK	 
REQUEST		AddToCart	1612371348589	1612371350832	OK	 
REQUEST		AddToCart	1612371348599	1612371350837	OK	 
REQUEST		AddToCart	1612371348614	1612371350838	OK	 
REQUEST		AddToCart	1612371348842	1612371350849	OK	 
REQUEST		AddToCart	1612371348609	1612371350856	OK	 
REQUEST		AddToCart	1612371348614	1612371350860	OK	 
REQUEST		AddToCart	1612371348846	1612371350865	OK	 
REQUEST		AddToCart	1612371348863	1612371350873	OK	 
REQUEST		AddToCart	1612371348681	1612371350888	OK	 
REQUEST		AddToCart	1612371349015	1612371350896	OK	 
REQUEST		AddToCart	1612371349016	1612371350898	OK	 
REQUEST		AddToCart	1612371349030	1612371350910	OK	 
REQUEST		AddToCart	1612371348878	1612371350915	OK	 
REQUEST		AddToCart	1612371348799	1612371350921	OK	 
REQUEST		AddToCart	1612371348987	1612371350926	OK	 
REQUEST		AddToCart	1612371349008	1612371350932	OK	 
REQUEST		AddToCart	1612371348866	1612371350936	OK	 
REQUEST		AddToCart	1612371349002	1612371350944	OK	 
REQUEST		AddToCart	1612371353065	1612371353356	OK	 
REQUEST		AddToCart	1612371353063	1612371353356	OK	 
REQUEST		AddToCart	1612371353061	1612371353356	OK	 
REQUEST		AddToCart	1612371353070	1612371353356	OK	 
REQUEST		AddToCart	1612371353063	1612371353358	OK	 
REQUEST		AddToCart	1612371353075	1612371353378	OK	 
REQUEST		AddToCart	1612371353081	1612371353381	OK	 
REQUEST		AddToCart	1612371353145	1612371353384	OK	 
REQUEST		AddToCart	1612371353122	1612371353380	OK	 
REQUEST		AddToCart	1612371353303	1612371353407	OK	 
REQUEST		AddToCart	1612371353075	1612371353408	OK	 
REQUEST		AddToCart	1612371353121	1612371353406	OK	 
REQUEST		AddToCart	1612371353289	1612371353424	OK	 
REQUEST		AddToCart	1612371353267	1612371353449	OK	 
REQUEST		AddToCart	1612371353223	1612371353449	OK	 
REQUEST		AddToCart	1612371353126	1612371353464	OK	 
REQUEST		AddToCart	1612371353154	1612371353464	OK	 
REQUEST		AddToCart	1612371353603	1612371353640	OK	 
REQUEST		AddToCart	1612371353624	1612371353668	OK	 
REQUEST		AddToCart	1612371353627	1612371353696	OK	 
REQUEST		AddToCart	1612371353625	1612371353705	OK	 
REQUEST		AddToCart	1612371353636	1612371353717	OK	 
REQUEST		AddToCart	1612371353629	1612371353729	OK	 
REQUEST		AddToCart	1612371353629	1612371353743	OK	 
REQUEST		AddToCart	1612371353681	1612371353795	OK	 
REQUEST		AddToCart	1612371353679	1612371353797	OK	 
REQUEST		AddToCart	1612371353664	1612371353794	OK	 
REQUEST		AddToCart	1612371353685	1612371353816	OK	 
REQUEST		AddToCart	1612371353693	1612371353859	OK	 
REQUEST		AddToCart	1612371353693	1612371353865	OK	 
REQUEST		AddToCart	1612371353696	1612371353871	OK	 
REQUEST		AddToCart	1612371353789	1612371353878	OK	 
REQUEST		AddToCart	1612371353879	1612371353971	OK	 
REQUEST		AddToCart	1612371353885	1612371353975	OK	 
REQUEST		AddToCart	1612371353871	1612371353991	OK	 
REQUEST		AddToCart	1612371353867	1612371354063	OK	 
REQUEST		AddToCart	1612371353889	1612371354091	OK	 
REQUEST		AddToCart	1612371353897	1612371354092	OK	 
REQUEST		AddToCart	1612371353900	1612371354092	OK	 
REQUEST		AddToCart	1612371353926	1612371354253	OK	 
REQUEST		AddToCart	1612371353923	1612371354254	OK	 
REQUEST		AddToCart	1612371353906	1612371354254	OK	 
REQUEST		AddToCart	1612371353960	1612371354333	OK	 
REQUEST		AddToCart	1612371353920	1612371354337	OK	 
REQUEST		AddToCart	1612371353937	1612371354338	OK	 
REQUEST		AddToCart	1612371353959	1612371354345	OK	 
REQUEST		AddToCart	1612371353959	1612371354345	OK	 
REQUEST		AddToCart	1612371353971	1612371354345	OK	 
REQUEST		AddToCart	1612371353959	1612371354359	OK	 
REQUEST		AddToCart	1612371353960	1612371354359	OK	 
REQUEST		CreateGeneral	1612371356409	1612371357268	KO	status.find.is(200), but actually found 400
REQUEST		CreateGeneral	1612371356467	1612371357580	KO	status.find.is(200), but actually found 400
REQUEST		CreateGeneral	1612371356482	1612371357642	KO	status.find.is(200), but actually found 400
REQUEST		CreateGeneral	1612371356374	1612371357650	OK	 
REQUEST		CreateGeneral	1612371356382	1612371357711	OK	 
REQUEST		CreateGeneral	1612371356375	1612371357720	OK	 
REQUEST		CreateGeneral	1612371356424	1612371357720	OK	 
REQUEST		CreateGeneral	1612371356408	1612371357724	OK	 
REQUEST		CreateGeneral	1612371356381	1612371357723	OK	 
REQUEST		CreateGeneral	1612371356426	1612371357768	OK	 
REQUEST		CreateGeneral	1612371356881	1612371357768	KO	status.find.is(200), but actually found 400
REQUEST		CreateGeneral	1612371356426	1612371357831	OK	 
REQUEST		CreateGeneral	1612371356447	1612371357832	OK	 
REQUEST		CreateGeneral	1612371356820	1612371357887	KO	status.find.is(200), but actually found 400
REQUEST		CreateGeneral	1612371356459	1612371358041	OK	 
REQUEST		CreateGeneral	1612371356476	1612371358048	OK	 
REQUEST		CreateGeneral	1612371356875	1612371358058	OK	 
REQUEST		CreateGeneral	1612371356380	1612371358059	OK	 
REQUEST		CreateGeneral	1612371356476	1612371358058	OK	 
REQUEST		CreateGeneral	1612371356459	1612371358058	OK	 
REQUEST		CreateGeneral	1612371356738	1612371358060	OK	 
REQUEST		CreateGeneral	1612371356774	1612371358102	OK	 
REQUEST		CreateGeneral	1612371356738	1612371358084	OK	 
REQUEST		CreateGeneral	1612371356817	1612371358134	OK	 
REQUEST		CreateGeneral	1612371356988	1612371358141	OK	 
REQUEST		CreateGeneral	1612371356821	1612371358140	OK	 
REQUEST		CreateGeneral	1612371357001	1612371358151	OK	 
REQUEST		CreateGeneral	1612371356819	1612371358154	OK	 
REQUEST		CreateGeneral	1612371356887	1612371358157	OK	 
REQUEST		CreateGeneral	1612371356790	1612371358241	OK	 
REQUEST		CreateGeneral	1612371357275	1612371358234	KO	status.find.is(200), but actually found 400
REQUEST		CreateGeneral	1612371356739	1612371358249	OK	 
REQUEST		CreateGeneral	1612371356681	1612371358258	OK	 
REQUEST		CreateGeneral	1612371357132	1612371358259	OK	 
REQUEST		CreateGeneral	1612371357131	1612371358265	OK	 
REQUEST		CreateGeneral	1612371356645	1612371358281	OK	 
REQUEST		CreateGeneral	1612371357131	1612371358298	OK	 
REQUEST		CreateGeneral	1612371357347	1612371358339	OK	 
REQUEST		CreateGeneral	1612371357365	1612371358340	OK	 
REQUEST		CreateGeneral	1612371357360	1612371358349	OK	 
REQUEST		CreateGeneral	1612371357067	1612371358348	OK	 
REQUEST		CreateGeneral	1612371356985	1612371358352	OK	 
REQUEST		CreateGeneral	1612371357364	1612371358352	OK	 
REQUEST		CreateGeneral	1612371357360	1612371358361	OK	 
REQUEST		CreateGeneral	1612371357360	1612371358379	OK	 
REQUEST		CreateGeneral	1612371357360	1612371358381	OK	 
REQUEST		CreateGeneral	1612371357261	1612371358390	OK	 
REQUEST		CreateGeneral	1612371357263	1612371358406	OK	 
REQUEST		CreateGeneral	1612371357365	1612371358406	OK	 
REQUEST		CreateGeneral	1612371356880	1612371358419	OK	 
ERROR	BookingDetails: Failed to build request: No attribute named 'checkoutTokenID' is defined 	1612371361292
ERROR	CreatePaymentIntent: Failed to build request: No attribute named 'checkoutTokenID' is defined 	1612371361293
ERROR	ConfirmPayment: Failed to build request: No attribute named 'checkoutTokenID' is defined 	1612371361294
USER	GeneralAdmission1	END	1612371361300
ERROR	BookingDetails: Failed to build request: No attribute named 'checkoutTokenID' is defined 	1612371361586
ERROR	CreatePaymentIntent: Failed to build request: No attribute named 'checkoutTokenID' is defined 	1612371361587
ERROR	ConfirmPayment: Failed to build request: No attribute named 'checkoutTokenID' is defined 	1612371361588
USER	GeneralAdmission1	END	1612371361589
ERROR	BookingDetails: Failed to build request: No attribute named 'checkoutTokenID' is defined 	1612371361647
ERROR	CreatePaymentIntent: Failed to build request: No attribute named 'checkoutTokenID' is defined 	1612371361649
ERROR	ConfirmPayment: Failed to build request: No attribute named 'checkoutTokenID' is defined 	1612371361651
USER	GeneralAdmission1	END	1612371361653
ERROR	BookingDetails: Failed to build request: No attribute named 'checkoutTokenID' is defined 	1612371361854
ERROR	CreatePaymentIntent: Failed to build request: No attribute named 'checkoutTokenID' is defined 	1612371361855
ERROR	ConfirmPayment: Failed to build request: No attribute named 'checkoutTokenID' is defined 	1612371361856
USER	GeneralAdmission1	END	1612371361857
ERROR	BookingDetails: Failed to build request: No attribute named 'checkoutTokenID' is defined 	1612371361905
ERROR	CreatePaymentIntent: Failed to build request: No attribute named 'checkoutTokenID' is defined 	1612371361906
ERROR	ConfirmPayment: Failed to build request: No attribute named 'checkoutTokenID' is defined 	1612371361907
USER	GeneralAdmission1	END	1612371361921
REQUEST		BookingDetails	1612371361726	1612371361982	OK	 
REQUEST		BookingDetails	1612371361657	1612371361982	OK	 
REQUEST		BookingDetails	1612371361753	1612371361994	OK	 
REQUEST		BookingDetails	1612371361756	1612371361997	OK	 
REQUEST		BookingDetails	1612371361831	1612371362014	OK	 
REQUEST		BookingDetails	1612371361754	1612371362022	OK	 
REQUEST		BookingDetails	1612371361886	1612371362023	OK	 
REQUEST		BookingDetails	1612371361754	1612371362027	OK	 
REQUEST		BookingDetails	1612371361886	1612371362085	OK	 
ERROR	BookingDetails: Failed to build request: No attribute named 'checkoutTokenID' is defined 	1612371362299
ERROR	CreatePaymentIntent: Failed to build request: No attribute named 'checkoutTokenID' is defined 	1612371362316
ERROR	ConfirmPayment: Failed to build request: No attribute named 'checkoutTokenID' is defined 	1612371362318
USER	GeneralAdmission1	END	1612371362327
REQUEST		CreatePaymentIntent	1612371362011	1612371367996	OK	 
REQUEST		CreatePaymentIntent	1612371362000	1612371367996	OK	 
REQUEST		BookingDetails	1612371362329	1612371368126	OK	 
REQUEST		BookingDetails	1612371362316	1612371368283	OK	 
REQUEST		BookingDetails	1612371362332	1612371368287	OK	 
REQUEST		BookingDetails	1612371362341	1612371368854	OK	 
REQUEST		BookingDetails	1612371362317	1612371368893	OK	 
REQUEST		BookingDetails	1612371362105	1612371368959	OK	 
REQUEST		BookingDetails	1612371362393	1612371368959	OK	 
REQUEST		BookingDetails	1612371362278	1612371368959	OK	 
REQUEST		BookingDetails	1612371362131	1612371368962	OK	 
REQUEST		BookingDetails	1612371362166	1612371368963	OK	 
REQUEST		BookingDetails	1612371362112	1612371368963	OK	 
REQUEST		BookingDetails	1612371362278	1612371368963	OK	 
REQUEST		BookingDetails	1612371362185	1612371369004	OK	 
REQUEST		BookingDetails	1612371362362	1612371369043	OK	 
REQUEST		BookingDetails	1612371362131	1612371369038	OK	 
REQUEST		BookingDetails	1612371362233	1612371369040	OK	 
REQUEST		BookingDetails	1612371362294	1612371369059	OK	 
REQUEST		BookingDetails	1612371362363	1612371369074	OK	 
REQUEST		BookingDetails	1612371362391	1612371369074	OK	 
REQUEST		CreatePaymentIntent	1612371362103	1612371369109	OK	 
REQUEST		CreatePaymentIntent	1612371362007	1612371369110	OK	 
REQUEST		BookingDetails	1612371362282	1612371369116	OK	 
REQUEST		BookingDetails	1612371362085	1612371369115	OK	 
REQUEST		BookingDetails	1612371362394	1612371369118	OK	 
REQUEST		CreatePaymentIntent	1612371368298	1612371369128	OK	 
REQUEST		CreatePaymentIntent	1612371362012	1612371369144	OK	 
REQUEST		CreatePaymentIntent	1612371362038	1612371369147	OK	 
REQUEST		CreatePaymentIntent	1612371362035	1612371369148	OK	 
REQUEST		BookingDetails	1612371362282	1612371369178	OK	 
REQUEST		CreatePaymentIntent	1612371362040	1612371369174	OK	 
REQUEST		BookingDetails	1612371362394	1612371369178	OK	 
REQUEST		BookingDetails	1612371362282	1612371369177	OK	 
REQUEST		BookingDetails	1612371362442	1612371369199	OK	 
REQUEST		CreatePaymentIntent	1612371362035	1612371369198	OK	 
REQUEST		CreatePaymentIntent	1612371368288	1612371369215	OK	 
REQUEST		BookingDetails	1612371362406	1612371369226	OK	 
REQUEST		BookingDetails	1612371362442	1612371369252	OK	 
REQUEST		BookingDetails	1612371362328	1612371369275	OK	 
REQUEST		BookingDetails	1612371362392	1612371369278	OK	 
REQUEST		BookingDetails	1612371362317	1612371369363	OK	 
REQUEST		BookingDetails	1612371362411	1612371369368	OK	 
REQUEST		BookingDetails	1612371362412	1612371369370	OK	 
REQUEST		BookingDetails	1612371362317	1612371369393	OK	 
REQUEST		BookingDetails	1612371362464	1612371369402	OK	 
REQUEST		CreatePaymentIntent	1612371368861	1612371369632	OK	 
REQUEST		CreatePaymentIntent	1612371368997	1612371370030	OK	 
REQUEST		CreatePaymentIntent	1612371368898	1612371370037	OK	 
REQUEST		CreatePaymentIntent	1612371368130	1612371370041	OK	 
REQUEST		CreatePaymentIntent	1612371368997	1612371370378	OK	 
REQUEST		CreatePaymentIntent	1612371368997	1612371370378	OK	 
REQUEST		CreatePaymentIntent	1612371368998	1612371370459	OK	 
REQUEST		CreatePaymentIntent	1612371368963	1612371370465	OK	 
REQUEST		CreatePaymentIntent	1612371368997	1612371370466	OK	 
REQUEST		CreatePaymentIntent	1612371369096	1612371370475	OK	 
REQUEST		CreatePaymentIntent	1612371368998	1612371370484	OK	 
REQUEST		CreatePaymentIntent	1612371369098	1612371370491	OK	 
REQUEST		CreatePaymentIntent	1612371369041	1612371370816	OK	 
REQUEST		CreatePaymentIntent	1612371369289	1612371370858	OK	 
REQUEST		CreatePaymentIntent	1612371369296	1612371370859	OK	 
REQUEST		CreatePaymentIntent	1612371369231	1612371370865	OK	 
REQUEST		CreatePaymentIntent	1612371369380	1612371370871	OK	 
REQUEST		CreatePaymentIntent	1612371369098	1612371370875	OK	 
REQUEST		CreatePaymentIntent	1612371369047	1612371370887	OK	 
REQUEST		CreatePaymentIntent	1612371369152	1612371370888	OK	 
REQUEST		CreatePaymentIntent	1612371369252	1612371370891	OK	 
REQUEST		CreatePaymentIntent	1612371369383	1612371370891	OK	 
REQUEST		CreatePaymentIntent	1612371369106	1612371370891	OK	 
REQUEST		CreatePaymentIntent	1612371369226	1612371370976	OK	 
REQUEST		CreatePaymentIntent	1612371369212	1612371370976	OK	 
REQUEST		CreatePaymentIntent	1612371369238	1612371370977	OK	 
REQUEST		CreatePaymentIntent	1612371369403	1612371370980	OK	 
REQUEST		CreatePaymentIntent	1612371369383	1612371370982	OK	 
REQUEST		CreatePaymentIntent	1612371369278	1612371371013	OK	 
REQUEST		CreatePaymentIntent	1612371369150	1612371371022	OK	 
REQUEST		CreatePaymentIntent	1612371369408	1612371371029	OK	 
REQUEST		CreatePaymentIntent	1612371369082	1612371371156	OK	 
REQUEST		CreatePaymentIntent	1612371369150	1612371371163	OK	 
REQUEST		ConfirmPayment	1612371370037	1612371371964	OK	 
USER	GeneralAdmission1	END	1612371371969
REQUEST		ConfirmPayment	1612371370058	1612371371970	OK	 
REQUEST		ConfirmPayment	1612371369636	1612371371971	OK	 
REQUEST		ConfirmPayment	1612371369415	1612371371982	OK	 
REQUEST		ConfirmPayment	1612371370390	1612371371982	OK	 
USER	GeneralAdmission1	END	1612371371983
USER	GeneralAdmission1	END	1612371371997
USER	GeneralAdmission1	END	1612371372004
REQUEST		ConfirmPayment	1612371370049	1612371372033	OK	 
USER	GeneralAdmission1	END	1612371372028
USER	GeneralAdmission1	END	1612371372065
REQUEST		ConfirmPayment	1612371370891	1612371372798	OK	 
REQUEST		ConfirmPayment	1612371370391	1612371372804	OK	 
REQUEST		ConfirmPayment	1612371370962	1612371372805	OK	 
REQUEST		ConfirmPayment	1612371370955	1612371372805	OK	 
USER	GeneralAdmission1	END	1612371372806
REQUEST		ConfirmPayment	1612371370941	1612371372805	OK	 
USER	GeneralAdmission1	END	1612371372819
USER	GeneralAdmission1	END	1612371372823
USER	GeneralAdmission1	END	1612371372823
USER	GeneralAdmission1	END	1612371372825
REQUEST		ConfirmPayment	1612371370915	1612371372824	OK	 
REQUEST		ConfirmPayment	1612371370481	1612371372828	OK	 
USER	GeneralAdmission1	END	1612371372828
USER	GeneralAdmission1	END	1612371372831
REQUEST		ConfirmPayment	1612371371034	1612371373508	OK	 
USER	GeneralAdmission1	END	1612371373512
REQUEST		ConfirmPayment	1612371370491	1612371373514	OK	 
USER	GeneralAdmission1	END	1612371373517
REQUEST		ConfirmPayment	1612371371048	1612371373523	OK	 
USER	GeneralAdmission1	END	1612371373525
REQUEST		ConfirmPayment	1612371371040	1612371373569	OK	 
USER	GeneralAdmission1	END	1612371373573
REQUEST		ConfirmPayment	1612371371182	1612371373577	OK	 
USER	GeneralAdmission1	END	1612371373609
REQUEST		ConfirmPayment	1612371371041	1612371373617	OK	 
REQUEST		ConfirmPayment	1612371371029	1612371373623	OK	 
REQUEST		ConfirmPayment	1612371371013	1612371373624	OK	 
USER	GeneralAdmission1	END	1612371373629
USER	GeneralAdmission1	END	1612371373636
USER	GeneralAdmission1	END	1612371373636
REQUEST		ConfirmPayment	1612371368008	1612371373695	OK	 
USER	GeneralAdmission1	END	1612371373699
REQUEST		ConfirmPayment	1612371369256	1612371373694	OK	 
USER	GeneralAdmission1	END	1612371373709
REQUEST		ConfirmPayment	1612371369403	1612371373798	OK	 
USER	GeneralAdmission1	END	1612371373802
REQUEST		ConfirmPayment	1612371368008	1612371374032	OK	 
REQUEST		ConfirmPayment	1612371369389	1612371374032	OK	 
REQUEST		ConfirmPayment	1612371369278	1612371374033	OK	 
REQUEST		ConfirmPayment	1612371369231	1612371374044	OK	 
REQUEST		ConfirmPayment	1612371369408	1612371374037	OK	 
USER	GeneralAdmission1	END	1612371374038
USER	GeneralAdmission1	END	1612371374044
REQUEST		ConfirmPayment	1612371369296	1612371374051	OK	 
USER	GeneralAdmission1	END	1612371374044
USER	GeneralAdmission1	END	1612371374051
USER	GeneralAdmission1	END	1612371374052
USER	GeneralAdmission1	END	1612371374059
REQUEST		ConfirmPayment	1612371369255	1612371374253	OK	 
USER	GeneralAdmission1	END	1612371374256
REQUEST		ConfirmPayment	1612371371040	1612371374547	OK	 
REQUEST		ConfirmPayment	1612371370501	1612371374548	OK	 
REQUEST		ConfirmPayment	1612371371050	1612371374550	OK	 
REQUEST		ConfirmPayment	1612371370871	1612371374559	OK	 
USER	GeneralAdmission1	END	1612371374560
REQUEST		ConfirmPayment	1612371371179	1612371374562	OK	 
USER	GeneralAdmission1	END	1612371374560
REQUEST		ConfirmPayment	1612371371015	1612371374562	OK	 
USER	GeneralAdmission1	END	1612371374561
USER	GeneralAdmission1	END	1612371374566
REQUEST		ConfirmPayment	1612371370466	1612371374574	OK	 
USER	GeneralAdmission1	END	1612371374573
USER	GeneralAdmission1	END	1612371374576
REQUEST		ConfirmPayment	1612371370478	1612371374579	OK	 
USER	GeneralAdmission1	END	1612371374581
USER	GeneralAdmission1	END	1612371374586
REQUEST		ConfirmPayment	1612371370892	1612371375563	OK	 
REQUEST		ConfirmPayment	1612371370826	1612371375566	OK	 
USER	GeneralAdmission1	END	1612371375567
USER	GeneralAdmission1	END	1612371375569
REQUEST		ConfirmPayment	1612371370871	1612371375577	OK	 
USER	GeneralAdmission1	END	1612371375581
REQUEST		ConfirmPayment	1612371370489	1612371375599	OK	 
REQUEST		ConfirmPayment	1612371371027	1612371375603	OK	 
USER	GeneralAdmission1	END	1612371375604
USER	GeneralAdmission1	END	1612371375608
