RUN	TimedTour1	timedtour1	1611834134409	 	3.5.0
USER	TimedTour1	START	1611834136046
REQUEST		request_0	1611834136092	1611834136418	OK	 
REQUEST		request_0 Redirect 1	1611834136439	1611834136730	OK	 
REQUEST		request_1	1611834138777	1611834138783	OK	 
REQUEST		request_5	1611834138884	1611834138979	OK	 
REQUEST		request_2	1611834138862	1611834138997	KO	status.find.in(200,201,202,203,204,205,206,207,208,209,304), found 401
REQUEST		request_3	1611834138869	1611834139019	KO	status.find.in(200,201,202,203,204,205,206,207,208,209,304), found 401
REQUEST		request_4	1611834138826	1611834139715	OK	 
REQUEST		request_6	1611834157742	1611834157952	OK	 
REQUEST		request_8	1611834157960	1611834157970	OK	 
REQUEST		request_7	1611834157966	1611834157993	OK	 
REQUEST		request_8	1611834157982	1611834158208	OK	 
REQUEST		request_9	1611834161224	1611834161443	OK	 
REQUEST		request_12	1611834161468	1611834161487	KO	status.find.in(200,201,202,203,204,205,206,207,208,209,304), found 401
REQUEST		request_13	1611834161451	1611834161502	KO	status.find.in(200,201,202,203,204,205,206,207,208,209,304), found 401
REQUEST		request_10	1611834161457	1611834161619	OK	 
REQUEST		request_11	1611834161481	1611834161679	OK	 
REQUEST		request_14	1611834163699	1611834163706	OK	 
REQUEST		request_16	1611834163722	1611834163842	OK	 
REQUEST		request_18	1611834163745	1611834163868	OK	 
REQUEST		request_15	1611834163766	1611834163906	OK	 
REQUEST		request_17	1611834163729	1611834163951	OK	 
REQUEST		request_15	1611834163932	1611834164042	OK	 
REQUEST		request_19	1611834166092	1611834166102	OK	 
REQUEST		request_22	1611834166459	1611834166679	OK	 
REQUEST		request_26	1611834166309	1611834166691	OK	 
REQUEST		request_31	1611834166338	1611834166705	OK	 
REQUEST		request_25	1611834166651	1611834166713	OK	 
REQUEST		request_21	1611834166318	1611834166740	OK	 
REQUEST		request_25	1611834166728	1611834166789	OK	 
REQUEST		favicon.ico	1611834166350	1611834166802	OK	 
REQUEST		request_20	1611834166355	1611834166808	OK	 
REQUEST		styles.js	1611834166441	1611834166964	OK	 
REQUEST		request_23	1611834166485	1611834167361	OK	 
REQUEST		request_29	1611834166644	1611834167636	OK	 
REQUEST		polyfills.js	1611834166659	1611834167644	OK	 
REQUEST		runtime.js	1611834166664	1611834167756	OK	 
REQUEST		js?id=G-JM0RFMB8WQ	1611834166228	1611834167798	OK	 
REQUEST		request_27	1611834166471	1611834168055	OK	 
REQUEST		request_28	1611834166446	1611834168137	OK	 
REQUEST		/	1611834166359	1611834168263	OK	 
REQUEST		vendor.js	1611834166507	1611834168348	OK	 
REQUEST		main.js	1611834166521	1611834171884	OK	 
REQUEST		request_30	1611834166526	1611834175181	OK	 
REQUEST		request_24	1611834166637	1611834175229	OK	 
REQUEST		request_32	1611834176247	1611834176493	OK	 
REQUEST		request_33	1611834176498	1611834176514	OK	 
REQUEST		request_34	1611834177520	1611834177529	OK	 
REQUEST		request_35	1611834177540	1611834177568	OK	 
REQUEST		request_36	1611834177546	1611834177576	OK	 
REQUEST		request_36	1611834177588	1611834177986	OK	 
REQUEST		request_37	1611834178999	1611834179002	OK	 
REQUEST		request_39	1611834179010	1611834179029	KO	status.find.in(200,201,202,203,204,205,206,207,208,209,304), found 401
REQUEST		request_38	1611834179020	1611834179037	KO	status.find.in(200,201,202,203,204,205,206,207,208,209,304), found 401
REQUEST		request_40	1611834179026	1611834179234	OK	 
REQUEST		request_41	1611834180250	1611834180275	OK	 
USER	TimedTour1	END	1611834180287
