RUN	GeneralAdmission1	generaladmission1	1612287004211	 	3.5.0
USER	GeneralAdmission1	START	1612287005883
REQUEST		GetToken	1612287005914	1612287006231	OK	 
REQUEST		GetToken Redirect 1	1612287006278	1612287006755	OK	 
REQUEST		request_1	1612287006847	1612287007710	OK	 
REQUEST		AddToCart	1612287012744	1612287012751	OK	 
REQUEST		AddToCart Redirect 1	1612287012758	1612287012888	OK	 
REQUEST		CreateGeneral	1612287013906	1612287013911	OK	 
REQUEST		CreateGeneral Redirect 1	1612287013917	1612287014261	OK	 
REQUEST		BookingDetails	1612287018274	1612287018280	OK	 
REQUEST		BookingDetails Redirect 1	1612287018286	1612287018434	OK	 
REQUEST		StripeElement	1612287018440	1612287019239	OK	 
REQUEST		ui-shared-1a3494666c8cbd375492e006f2e840cd.css	1612287019338	1612287019554	OK	 
REQUEST		shared-8b0cf640a52a1422947f168069c49b9d.js	1612287019316	1612287020106	OK	 
REQUEST		elements-inner-card-77d7d4c2ce976deb5d1dc2ff2a238146.js	1612287019334	1612287020258	OK	 
REQUEST		ui-shared-121e554d3a08b818808584dff61fc32c.js	1612287019325	1612287020919	OK	 
REQUEST		CreatePaymentIntent	1612287024047	1612287024054	OK	 
REQUEST		CreatePaymentIntent Redirect 1	1612287024061	1612287032035	OK	 
REQUEST		StripeController	1612287045107	1612287045801	OK	 
REQUEST		controller-6d15abacacad5eabb07034f26400b450.js	1612287045817	1612287046621	OK	 
REQUEST		StripeCountryRanges	1612287048652	1612287050025	OK	 
REQUEST		PrivateStripe	1612287056170	1612287069333	OK	 
REQUEST		Elements1	1612287069338	1612287070153	OK	 
REQUEST		Elements2	1612287070156	1612287070351	OK	 
REQUEST		Elements3	1612287070358	1612287070544	OK	 
REQUEST		Elements4	1612287070546	1612287070726	OK	 
REQUEST		Elements5	1612287070730	1612287070909	OK	 
REQUEST		Elements6	1612287070912	1612287071100	OK	 
REQUEST		Elements6	1612287071104	1612287071303	OK	 
REQUEST		Elements7	1612287071313	1612287071496	OK	 
REQUEST		Elements8	1612287071500	1612287071686	OK	 
REQUEST		Elements9	1612287071691	1612287071884	OK	 
REQUEST		Elements10	1612287071886	1612287071930	OK	 
REQUEST		Elements11	1612287071933	1612287072133	OK	 
REQUEST		Elements12	1612287073142	1612287073354	OK	 
REQUEST		Elements13	1612287075373	1612287075821	OK	 
REQUEST		Elements14	1612287077848	1612287078054	OK	 
REQUEST		Elements15	1612287078058	1612287078244	OK	 
REQUEST		Elements16	1612287079266	1612287079451	OK	 
REQUEST		AddCardDetails	1612287080472	1612287080871	KO	status.find.in(200,201,202,203,204,205,206,207,208,209,304), found 400
USER	GeneralAdmission1	END	1612287080886
