RUN	GeneralAdmission1	generaladmission1	1612372658349	 	3.5.0
USER	GeneralAdmission1	START	1612372660259
USER	GeneralAdmission1	START	1612372660263
USER	GeneralAdmission1	START	1612372660263
USER	GeneralAdmission1	START	1612372660282
USER	GeneralAdmission1	START	1612372660256
USER	GeneralAdmission1	START	1612372660258
USER	GeneralAdmission1	START	1612372660263
USER	GeneralAdmission1	START	1612372660263
USER	GeneralAdmission1	START	1612372660370
USER	GeneralAdmission1	START	1612372660374
USER	GeneralAdmission1	START	1612372660373
USER	GeneralAdmission1	START	1612372660376
USER	GeneralAdmission1	START	1612372660371
USER	GeneralAdmission1	START	1612372660374
USER	GeneralAdmission1	START	1612372660381
USER	GeneralAdmission1	START	1612372660378
USER	GeneralAdmission1	START	1612372660389
USER	GeneralAdmission1	START	1612372660405
USER	GeneralAdmission1	START	1612372660400
USER	GeneralAdmission1	START	1612372660391
USER	GeneralAdmission1	START	1612372660395
USER	GeneralAdmission1	START	1612372660398
USER	GeneralAdmission1	START	1612372660401
USER	GeneralAdmission1	START	1612372660406
USER	GeneralAdmission1	START	1612372660412
USER	GeneralAdmission1	START	1612372660423
USER	GeneralAdmission1	START	1612372660416
USER	GeneralAdmission1	START	1612372660418
USER	GeneralAdmission1	START	1612372660419
USER	GeneralAdmission1	START	1612372660426
USER	GeneralAdmission1	START	1612372660424
USER	GeneralAdmission1	START	1612372660431
USER	GeneralAdmission1	START	1612372660437
USER	GeneralAdmission1	START	1612372660450
USER	GeneralAdmission1	START	1612372660438
USER	GeneralAdmission1	START	1612372660440
USER	GeneralAdmission1	START	1612372660441
USER	GeneralAdmission1	START	1612372660446
USER	GeneralAdmission1	START	1612372660444
USER	GeneralAdmission1	START	1612372660468
USER	GeneralAdmission1	START	1612372660460
USER	GeneralAdmission1	START	1612372660469
USER	GeneralAdmission1	START	1612372660469
USER	GeneralAdmission1	START	1612372660471
USER	GeneralAdmission1	START	1612372660469
USER	GeneralAdmission1	START	1612372660463
USER	GeneralAdmission1	START	1612372660485
USER	GeneralAdmission1	START	1612372660452
USER	GeneralAdmission1	START	1612372660489
USER	GeneralAdmission1	START	1612372660496
REQUEST		GetToken	1612372660434	1612372665461	OK	 
REQUEST		GetToken	1612372660306	1612372665463	OK	 
REQUEST		GetToken	1612372660435	1612372665474	OK	 
REQUEST		GetToken	1612372660427	1612372665475	OK	 
REQUEST		GetToken	1612372660414	1612372665463	OK	 
REQUEST		GetToken	1612372660312	1612372665476	OK	 
REQUEST		GetToken	1612372660451	1612372665676	OK	 
REQUEST		GetToken	1612372660382	1612372665677	OK	 
REQUEST		GetToken	1612372660309	1612372665691	OK	 
REQUEST		GetToken	1612372660307	1612372665702	OK	 
REQUEST		GetToken	1612372660378	1612372665703	OK	 
REQUEST		GetToken	1612372660450	1612372665708	OK	 
REQUEST		GetToken	1612372660440	1612372665708	OK	 
REQUEST		GetToken	1612372660386	1612372665707	OK	 
REQUEST		GetToken	1612372660408	1612372665945	OK	 
REQUEST		GetToken	1612372660406	1612372666049	OK	 
REQUEST		GetToken	1612372660386	1612372666053	OK	 
REQUEST		GetToken	1612372660382	1612372666122	OK	 
REQUEST		GetToken	1612372660458	1612372666136	OK	 
REQUEST		GetToken	1612372660433	1612372666149	OK	 
REQUEST		GetToken	1612372660457	1612372666155	OK	 
REQUEST		GetToken	1612372660473	1612372666196	OK	 
REQUEST		GetToken	1612372660458	1612372666237	OK	 
REQUEST		GetToken	1612372660454	1612372666257	OK	 
REQUEST		GetToken	1612372660474	1612372666353	OK	 
REQUEST		GetToken	1612372660478	1612372666623	OK	 
REQUEST		GetToken	1612372660427	1612372666639	OK	 
REQUEST		GetToken	1612372660308	1612372666694	OK	 
REQUEST		GetToken	1612372660475	1612372666719	OK	 
REQUEST		GetToken	1612372660308	1612372666727	OK	 
REQUEST		GetToken	1612372660404	1612372666736	OK	 
REQUEST		GetToken	1612372660436	1612372666740	OK	 
REQUEST		GetToken	1612372660384	1612372666761	OK	 
REQUEST		GetToken	1612372660449	1612372666762	OK	 
REQUEST		GetToken	1612372660306	1612372666766	OK	 
REQUEST		GetToken	1612372660486	1612372666785	OK	 
REQUEST		GetToken	1612372660395	1612372666798	OK	 
REQUEST		GetToken	1612372660404	1612372666814	OK	 
REQUEST		GetToken	1612372660408	1612372666805	OK	 
REQUEST		GetToken	1612372660409	1612372666817	OK	 
REQUEST		GetToken	1612372660493	1612372666803	OK	 
REQUEST		GetToken	1612372660390	1612372666810	OK	 
REQUEST		GetToken	1612372660470	1612372666867	OK	 
REQUEST		GetToken	1612372660412	1612372666861	OK	 
REQUEST		GetToken	1612372660306	1612372666870	OK	 
REQUEST		GetToken	1612372660476	1612372666879	OK	 
REQUEST		GetToken	1612372660491	1612372666930	OK	 
REQUEST		GetToken	1612372660432	1612372666932	OK	 
REQUEST		GetToken	1612372660499	1612372666948	OK	 
REQUEST		GetToken	1612372660477	1612372666952	OK	 
REQUEST		AddToCart	1612372670676	1612372672321	OK	 
REQUEST		AddToCart	1612372670678	1612372672465	OK	 
REQUEST		AddToCart	1612372670680	1612372672467	OK	 
REQUEST		AddToCart	1612372670682	1612372672481	OK	 
REQUEST		AddToCart	1612372670680	1612372672483	OK	 
REQUEST		AddToCart	1612372670681	1612372672482	OK	 
REQUEST		AddToCart	1612372670721	1612372672485	OK	 
REQUEST		AddToCart	1612372670718	1612372672492	OK	 
REQUEST		AddToCart	1612372670753	1612372672509	OK	 
REQUEST		AddToCart	1612372670754	1612372672527	OK	 
REQUEST		AddToCart	1612372670755	1612372672531	OK	 
REQUEST		AddToCart	1612372670753	1612372672543	OK	 
REQUEST		AddToCart	1612372670746	1612372672549	OK	 
REQUEST		AddToCart	1612372670749	1612372672551	OK	 
REQUEST		AddToCart	1612372670953	1612372672567	OK	 
REQUEST		AddToCart	1612372671925	1612372672861	OK	 
REQUEST		AddToCart	1612372671863	1612372672861	OK	 
REQUEST		AddToCart	1612372671919	1612372672859	OK	 
REQUEST		AddToCart	1612372671932	1612372672867	OK	 
REQUEST		AddToCart	1612372671070	1612372672885	OK	 
REQUEST		AddToCart	1612372671868	1612372672871	OK	 
REQUEST		AddToCart	1612372671933	1612372672872	OK	 
REQUEST		AddToCart	1612372671069	1612372672885	OK	 
REQUEST		AddToCart	1612372671136	1612372672924	OK	 
REQUEST		AddToCart	1612372671699	1612372672934	OK	 
REQUEST		AddToCart	1612372671252	1612372672937	OK	 
REQUEST		AddToCart	1612372671649	1612372672940	OK	 
REQUEST		AddToCart	1612372671359	1612372672949	OK	 
REQUEST		AddToCart	1612372671153	1612372672967	OK	 
REQUEST		AddToCart	1612372671736	1612372672964	OK	 
REQUEST		AddToCart	1612372671159	1612372672986	OK	 
REQUEST		AddToCart	1612372671167	1612372672992	OK	 
REQUEST		AddToCart	1612372671829	1612372672998	OK	 
REQUEST		AddToCart	1612372671204	1612372673005	OK	 
REQUEST		AddToCart	1612372671948	1612372673014	OK	 
REQUEST		AddToCart	1612372671782	1612372673015	OK	 
REQUEST		AddToCart	1612372671945	1612372673031	OK	 
REQUEST		AddToCart	1612372671752	1612372673032	OK	 
REQUEST		AddToCart	1612372671269	1612372673043	OK	 
REQUEST		AddToCart	1612372671630	1612372673053	OK	 
REQUEST		AddToCart	1612372671842	1612372673053	OK	 
REQUEST		AddToCart	1612372671786	1612372673054	OK	 
REQUEST		AddToCart	1612372671962	1612372673073	OK	 
REQUEST		AddToCart	1612372671857	1612372673079	OK	 
REQUEST		AddToCart	1612372671962	1612372673080	OK	 
REQUEST		AddToCart	1612372671731	1612372673102	OK	 
REQUEST		AddToCart	1612372671749	1612372673105	OK	 
REQUEST		AddToCart	1612372671834	1612372673106	OK	 
REQUEST		AddToCart	1612372671785	1612372673120	OK	 
REQUEST		AddToCart	1612372671802	1612372673172	OK	 
REQUEST		AddToCart	1612372675328	1612372675464	OK	 
REQUEST		AddToCart	1612372675492	1612372675564	OK	 
REQUEST		AddToCart	1612372675519	1612372675572	OK	 
REQUEST		AddToCart	1612372675521	1612372675589	OK	 
REQUEST		AddToCart	1612372675482	1612372675589	OK	 
REQUEST		AddToCart	1612372675527	1612372675627	OK	 
REQUEST		AddToCart	1612372675527	1612372675628	OK	 
REQUEST		AddToCart	1612372675528	1612372675629	OK	 
REQUEST		AddToCart	1612372675545	1612372675640	OK	 
REQUEST		AddToCart	1612372675558	1612372675650	OK	 
REQUEST		AddToCart	1612372675571	1612372675651	OK	 
REQUEST		AddToCart	1612372675580	1612372675655	OK	 
REQUEST		AddToCart	1612372675576	1612372675690	OK	 
REQUEST		AddToCart	1612372675585	1612372675702	OK	 
REQUEST		AddToCart	1612372675601	1612372675714	OK	 
REQUEST		AddToCart	1612372675882	1612372675936	OK	 
REQUEST		AddToCart	1612372675909	1612372676000	OK	 
REQUEST		AddToCart	1612372675907	1612372676001	OK	 
REQUEST		AddToCart	1612372675911	1612372676047	OK	 
REQUEST		AddToCart	1612372675923	1612372676161	OK	 
REQUEST		AddToCart	1612372675924	1612372676162	OK	 
REQUEST		AddToCart	1612372675920	1612372676165	OK	 
REQUEST		AddToCart	1612372675937	1612372676164	OK	 
REQUEST		AddToCart	1612372675966	1612372676223	OK	 
REQUEST		AddToCart	1612372675945	1612372676223	OK	 
REQUEST		AddToCart	1612372675985	1612372676325	OK	 
REQUEST		AddToCart	1612372675975	1612372676325	OK	 
REQUEST		AddToCart	1612372675979	1612372676327	OK	 
REQUEST		AddToCart	1612372676026	1612372676594	OK	 
REQUEST		AddToCart	1612372676007	1612372676595	OK	 
REQUEST		AddToCart	1612372676026	1612372676595	OK	 
REQUEST		AddToCart	1612372676080	1612372676594	OK	 
REQUEST		AddToCart	1612372676007	1612372676592	OK	 
REQUEST		AddToCart	1612372676040	1612372676596	OK	 
REQUEST		AddToCart	1612372676052	1612372676605	OK	 
REQUEST		AddToCart	1612372676045	1612372676617	OK	 
REQUEST		AddToCart	1612372676088	1612372676640	OK	 
REQUEST		AddToCart	1612372676130	1612372676641	OK	 
REQUEST		AddToCart	1612372676050	1612372676646	OK	 
REQUEST		AddToCart	1612372676119	1612372676648	OK	 
REQUEST		AddToCart	1612372676120	1612372676655	OK	 
REQUEST		AddToCart	1612372676060	1612372676660	OK	 
REQUEST		AddToCart	1612372676086	1612372676661	OK	 
REQUEST		AddToCart	1612372676106	1612372676671	OK	 
REQUEST		AddToCart	1612372676017	1612372676686	OK	 
REQUEST		AddToCart	1612372676087	1612372676686	OK	 
REQUEST		AddToCart	1612372676106	1612372676693	OK	 
REQUEST		AddToCart	1612372676094	1612372676696	OK	 
REQUEST		AddToCart	1612372676119	1612372676701	OK	 
REQUEST		AddToCart	1612372676178	1612372676708	OK	 
REQUEST		CreateGeneral	1612372678469	1612372679115	OK	 
REQUEST		CreateGeneral	1612372678574	1612372679172	OK	 
REQUEST		CreateGeneral	1612372678696	1612372679188	KO	status.find.is(200), but actually found 400
REQUEST		CreateGeneral	1612372678588	1612372679204	OK	 
REQUEST		CreateGeneral	1612372678718	1612372679259	KO	status.find.is(200), but actually found 400
REQUEST		CreateGeneral	1612372678707	1612372679274	KO	status.find.is(200), but actually found 400
REQUEST		CreateGeneral	1612372678603	1612372679301	OK	 
REQUEST		CreateGeneral	1612372678602	1612372679380	OK	 
REQUEST		CreateGeneral	1612372678646	1612372679396	OK	 
REQUEST		CreateGeneral	1612372678663	1612372679401	OK	 
REQUEST		CreateGeneral	1612372678654	1612372679401	OK	 
REQUEST		CreateGeneral	1612372678638	1612372679402	OK	 
REQUEST		CreateGeneral	1612372678665	1612372679409	OK	 
REQUEST		CreateGeneral	1612372678942	1612372679420	OK	 
REQUEST		CreateGeneral	1612372678652	1612372679420	OK	 
REQUEST		CreateGeneral	1612372679009	1612372679422	OK	 
REQUEST		CreateGeneral	1612372678668	1612372679427	OK	 
REQUEST		CreateGeneral	1612372679010	1612372679431	OK	 
REQUEST		CreateGeneral	1612372679053	1612372679436	OK	 
REQUEST		CreateGeneral	1612372679177	1612372679803	OK	 
REQUEST		CreateGeneral	1612372679169	1612372680080	OK	 
REQUEST		CreateGeneral	1612372679176	1612372680104	OK	 
REQUEST		CreateGeneral	1612372679230	1612372680203	OK	 
REQUEST		CreateGeneral	1612372679177	1612372680205	OK	 
REQUEST		CreateGeneral	1612372679229	1612372680260	OK	 
REQUEST		CreateGeneral	1612372679348	1612372680264	OK	 
REQUEST		CreateGeneral	1612372679350	1612372680264	OK	 
REQUEST		CreateGeneral	1612372679350	1612372680265	OK	 
REQUEST		CreateGeneral	1612372679629	1612372680810	OK	 
REQUEST		CreateGeneral	1612372679634	1612372680814	OK	 
REQUEST		CreateGeneral	1612372679637	1612372680816	OK	 
REQUEST		CreateGeneral	1612372679631	1612372680816	OK	 
REQUEST		CreateGeneral	1612372679636	1612372680816	OK	 
REQUEST		CreateGeneral	1612372679637	1612372680829	OK	 
REQUEST		CreateGeneral	1612372679647	1612372680829	OK	 
REQUEST		CreateGeneral	1612372679638	1612372680829	OK	 
REQUEST		CreateGeneral	1612372679673	1612372680841	OK	 
REQUEST		CreateGeneral	1612372679673	1612372680842	OK	 
REQUEST		CreateGeneral	1612372679661	1612372680843	OK	 
REQUEST		CreateGeneral	1612372679685	1612372680846	OK	 
REQUEST		CreateGeneral	1612372679689	1612372680858	OK	 
REQUEST		CreateGeneral	1612372679690	1612372680863	OK	 
REQUEST		CreateGeneral	1612372679701	1612372680874	OK	 
REQUEST		CreateGeneral	1612372679705	1612372680874	OK	 
REQUEST		CreateGeneral	1612372679703	1612372680880	OK	 
REQUEST		CreateGeneral	1612372679717	1612372680889	OK	 
REQUEST		CreateGeneral	1612372679709	1612372680894	OK	 
REQUEST		CreateGeneral	1612372679703	1612372680901	OK	 
REQUEST		CreateGeneral	1612372679690	1612372681896	OK	 
REQUEST		CreateGeneral	1612372679691	1612372681935	OK	 
ERROR	BookingDetails: Failed to build request: No attribute named 'checkoutTokenID' is defined 	1612372683196
ERROR	CreatePaymentIntent: Failed to build request: No attribute named 'checkoutTokenID' is defined 	1612372683197
ERROR	BookingDetails: Failed to build request: No attribute named 'checkoutTokenID' is defined 	1612372683263
ERROR	CreatePaymentIntent: Failed to build request: No attribute named 'checkoutTokenID' is defined 	1612372683264
ERROR	BookingDetails: Failed to build request: No attribute named 'checkoutTokenID' is defined 	1612372683278
ERROR	CreatePaymentIntent: Failed to build request: No attribute named 'checkoutTokenID' is defined 	1612372683279
REQUEST		BookingDetails	1612372683120	1612372683405	OK	 
REQUEST		BookingDetails	1612372683177	1612372683440	OK	 
REQUEST		BookingDetails	1612372683310	1612372683449	OK	 
REQUEST		BookingDetails	1612372683208	1612372683450	OK	 
REQUEST		BookingDetails	1612372683387	1612372683652	OK	 
REQUEST		BookingDetails	1612372683403	1612372683652	OK	 
REQUEST		BookingDetails	1612372683412	1612372688819	OK	 
REQUEST		BookingDetails	1612372683424	1612372688820	OK	 
REQUEST		BookingDetails	1612372683436	1612372688820	OK	 
REQUEST		BookingDetails	1612372683425	1612372688822	OK	 
REQUEST		BookingDetails	1612372683424	1612372688823	OK	 
REQUEST		BookingDetails	1612372683436	1612372689121	OK	 
REQUEST		BookingDetails	1612372683448	1612372689127	OK	 
REQUEST		BookingDetails	1612372683439	1612372689122	OK	 
REQUEST		BookingDetails	1612372683448	1612372689137	OK	 
REQUEST		BookingDetails	1612372683436	1612372689158	OK	 
REQUEST		BookingDetails	1612372684864	1612372689168	OK	 
REQUEST		BookingDetails	1612372684085	1612372689191	OK	 
REQUEST		BookingDetails	1612372684279	1612372689191	OK	 
REQUEST		BookingDetails	1612372683807	1612372689191	OK	 
REQUEST		BookingDetails	1612372684279	1612372689197	OK	 
REQUEST		BookingDetails	1612372684210	1612372689210	OK	 
REQUEST		BookingDetails	1612372684279	1612372689210	OK	 
REQUEST		BookingDetails	1612372684834	1612372689210	OK	 
REQUEST		BookingDetails	1612372684109	1612372689216	OK	 
ERROR	ConfirmPayment: Failed to build request: No attribute named 'checkoutTokenID' is defined 	1612372689235
REQUEST		BookingDetails	1612372684829	1612372689233	OK	 
REQUEST		BookingDetails	1612372684815	1612372689236	OK	 
REQUEST		BookingDetails	1612372684863	1612372689250	OK	 
REQUEST		BookingDetails	1612372684843	1612372689261	OK	 
REQUEST		BookingDetails	1612372684864	1612372689255	OK	 
USER	GeneralAdmission1	END	1612372689261
REQUEST		CreatePaymentIntent	1612372683412	1612372689261	OK	 
REQUEST		BookingDetails	1612372684868	1612372689269	OK	 
REQUEST		BookingDetails	1612372684843	1612372689288	OK	 
REQUEST		BookingDetails	1612372684869	1612372689287	OK	 
REQUEST		CreatePaymentIntent	1612372683455	1612372689289	OK	 
ERROR	ConfirmPayment: Failed to build request: No attribute named 'checkoutTokenID' is defined 	1612372689322
REQUEST		CreatePaymentIntent	1612372683655	1612372689321	OK	 
REQUEST		BookingDetails	1612372684211	1612372689319	OK	 
REQUEST		BookingDetails	1612372684889	1612372689319	OK	 
REQUEST		CreatePaymentIntent	1612372683456	1612372689321	OK	 
REQUEST		BookingDetails	1612372684266	1612372689331	OK	 
ERROR	ConfirmPayment: Failed to build request: No attribute named 'checkoutTokenID' is defined 	1612372689370
USER	GeneralAdmission1	END	1612372689364
REQUEST		BookingDetails	1612372684884	1612372689371	OK	 
REQUEST		BookingDetails	1612372684830	1612372689372	OK	 
REQUEST		CreatePaymentIntent	1612372683448	1612372689373	OK	 
REQUEST		BookingDetails	1612372684876	1612372689379	OK	 
REQUEST		BookingDetails	1612372684830	1612372689417	OK	 
USER	GeneralAdmission1	END	1612372689418
REQUEST		BookingDetails	1612372684843	1612372689422	OK	 
REQUEST		BookingDetails	1612372684890	1612372689430	OK	 
REQUEST		BookingDetails	1612372685940	1612372689434	OK	 
REQUEST		BookingDetails	1612372685903	1612372689442	OK	 
REQUEST		CreatePaymentIntent	1612372688829	1612372690306	OK	 
REQUEST		CreatePaymentIntent	1612372683656	1612372690307	OK	 
REQUEST		CreatePaymentIntent	1612372688838	1612372690311	OK	 
REQUEST		CreatePaymentIntent	1612372688841	1612372690320	OK	 
REQUEST		CreatePaymentIntent	1612372688841	1612372690320	OK	 
REQUEST		CreatePaymentIntent	1612372689146	1612372690322	OK	 
REQUEST		CreatePaymentIntent	1612372689197	1612372690322	OK	 
REQUEST		CreatePaymentIntent	1612372688841	1612372690336	OK	 
REQUEST		CreatePaymentIntent	1612372689128	1612372690352	OK	 
REQUEST		CreatePaymentIntent	1612372689205	1612372690359	OK	 
REQUEST		CreatePaymentIntent	1612372689229	1612372690369	OK	 
REQUEST		CreatePaymentIntent	1612372689138	1612372690372	OK	 
REQUEST		CreatePaymentIntent	1612372689234	1612372690385	OK	 
REQUEST		CreatePaymentIntent	1612372689163	1612372690385	OK	 
REQUEST		CreatePaymentIntent	1612372689234	1612372690388	OK	 
REQUEST		CreatePaymentIntent	1612372689273	1612372690398	OK	 
REQUEST		CreatePaymentIntent	1612372689286	1612372690399	OK	 
REQUEST		CreatePaymentIntent	1612372689318	1612372690397	OK	 
REQUEST		CreatePaymentIntent	1612372689362	1612372690403	OK	 
REQUEST		CreatePaymentIntent	1612372689236	1612372690410	OK	 
REQUEST		CreatePaymentIntent	1612372689255	1612372690411	OK	 
REQUEST		CreatePaymentIntent	1612372689251	1612372690412	OK	 
REQUEST		CreatePaymentIntent	1612372689283	1612372690425	OK	 
REQUEST		CreatePaymentIntent	1612372689418	1612372690426	OK	 
REQUEST		CreatePaymentIntent	1612372689217	1612372690426	OK	 
REQUEST		CreatePaymentIntent	1612372689421	1612372690438	OK	 
REQUEST		CreatePaymentIntent	1612372689172	1612372690439	OK	 
REQUEST		CreatePaymentIntent	1612372689325	1612372690442	OK	 
REQUEST		CreatePaymentIntent	1612372689291	1612372690441	OK	 
REQUEST		BookingDetails	1612372684906	1612372690448	OK	 
REQUEST		CreatePaymentIntent	1612372689362	1612372690454	OK	 
REQUEST		CreatePaymentIntent	1612372689417	1612372690460	OK	 
REQUEST		CreatePaymentIntent	1612372689219	1612372690467	OK	 
REQUEST		CreatePaymentIntent	1612372689368	1612372690471	OK	 
REQUEST		CreatePaymentIntent	1612372689447	1612372690471	OK	 
REQUEST		CreatePaymentIntent	1612372689138	1612372690474	OK	 
REQUEST		BookingDetails	1612372684903	1612372690483	OK	 
REQUEST		CreatePaymentIntent	1612372689434	1612372690487	OK	 
REQUEST		BookingDetails	1612372684895	1612372690491	OK	 
REQUEST		CreatePaymentIntent	1612372689449	1612372690565	OK	 
REQUEST		CreatePaymentIntent	1612372689453	1612372690566	OK	 
REQUEST		CreatePaymentIntent	1612372689429	1612372690581	OK	 
REQUEST		CreatePaymentIntent	1612372690497	1612372690943	OK	 
REQUEST		CreatePaymentIntent	1612372690487	1612372690951	OK	 
REQUEST		CreatePaymentIntent	1612372690463	1612372690951	OK	 
REQUEST		ConfirmPayment	1612372695350	1612372695622	OK	 
REQUEST		ConfirmPayment	1612372695323	1612372695628	OK	 
REQUEST		ConfirmPayment	1612372695364	1612372695628	OK	 
REQUEST		ConfirmPayment	1612372695291	1612372695629	OK	 
USER	GeneralAdmission1	END	1612372695630
USER	GeneralAdmission1	END	1612372695650
USER	GeneralAdmission1	END	1612372695650
REQUEST		ConfirmPayment	1612372695423	1612372695631	OK	 
USER	GeneralAdmission1	END	1612372695650
USER	GeneralAdmission1	END	1612372695654
REQUEST		ConfirmPayment	1612372696326	1612372696509	OK	 
USER	GeneralAdmission1	END	1612372696514
REQUEST		ConfirmPayment	1612372696356	1612372696643	OK	 
REQUEST		ConfirmPayment	1612372696360	1612372696643	OK	 
REQUEST		ConfirmPayment	1612372696314	1612372696643	OK	 
USER	GeneralAdmission1	END	1612372696654
USER	GeneralAdmission1	END	1612372696654
USER	GeneralAdmission1	END	1612372696654
REQUEST		ConfirmPayment	1612372696319	1612372696655	OK	 
USER	GeneralAdmission1	END	1612372696658
REQUEST		ConfirmPayment	1612372696349	1612372696690	OK	 
REQUEST		ConfirmPayment	1612372696368	1612372696694	OK	 
USER	GeneralAdmission1	END	1612372696695
REQUEST		ConfirmPayment	1612372696377	1612372696697	OK	 
USER	GeneralAdmission1	END	1612372696698
REQUEST		ConfirmPayment	1612372696385	1612372696705	OK	 
USER	GeneralAdmission1	END	1612372696705
USER	GeneralAdmission1	END	1612372696709
REQUEST		ConfirmPayment	1612372696404	1612372696790	OK	 
REQUEST		ConfirmPayment	1612372696390	1612372696790	OK	 
REQUEST		ConfirmPayment	1612372696400	1612372696791	OK	 
USER	GeneralAdmission1	END	1612372696798
USER	GeneralAdmission1	END	1612372696798
USER	GeneralAdmission1	END	1612372696798
REQUEST		ConfirmPayment	1612372696428	1612372696863	OK	 
REQUEST		ConfirmPayment	1612372696421	1612372696864	OK	 
USER	GeneralAdmission1	END	1612372696870
USER	GeneralAdmission1	END	1612372696871
REQUEST		ConfirmPayment	1612372696434	1612372696913	OK	 
USER	GeneralAdmission1	END	1612372696920
REQUEST		ConfirmPayment	1612372696412	1612372696949	OK	 
REQUEST		ConfirmPayment	1612372696426	1612372696962	OK	 
USER	GeneralAdmission1	END	1612372696963
USER	GeneralAdmission1	END	1612372696999
REQUEST		ConfirmPayment	1612372696440	1612372697020	OK	 
USER	GeneralAdmission1	END	1612372697025
REQUEST		ConfirmPayment	1612372696417	1612372697057	OK	 
REQUEST		ConfirmPayment	1612372696470	1612372697063	OK	 
REQUEST		ConfirmPayment	1612372696428	1612372697063	OK	 
REQUEST		ConfirmPayment	1612372696461	1612372697062	OK	 
USER	GeneralAdmission1	END	1612372697064
REQUEST		ConfirmPayment	1612372696442	1612372697069	OK	 
USER	GeneralAdmission1	END	1612372697074
USER	GeneralAdmission1	END	1612372697082
USER	GeneralAdmission1	END	1612372697082
REQUEST		ConfirmPayment	1612372696461	1612372697084	OK	 
USER	GeneralAdmission1	END	1612372697085
USER	GeneralAdmission1	END	1612372697090
REQUEST		ConfirmPayment	1612372696446	1612372697116	OK	 
USER	GeneralAdmission1	END	1612372697120
REQUEST		ConfirmPayment	1612372696473	1612372697124	OK	 
REQUEST		ConfirmPayment	1612372696483	1612372697133	OK	 
USER	GeneralAdmission1	END	1612372697143
REQUEST		ConfirmPayment	1612372696486	1612372697149	OK	 
USER	GeneralAdmission1	END	1612372697149
REQUEST		ConfirmPayment	1612372696452	1612372697159	OK	 
USER	GeneralAdmission1	END	1612372697161
USER	GeneralAdmission1	END	1612372697164
REQUEST		ConfirmPayment	1612372696463	1612372697218	OK	 
REQUEST		ConfirmPayment	1612372696587	1612372697220	OK	 
USER	GeneralAdmission1	END	1612372697221
USER	GeneralAdmission1	END	1612372697224
REQUEST		ConfirmPayment	1612372696491	1612372697253	OK	 
REQUEST		ConfirmPayment	1612372696570	1612372697255	OK	 
REQUEST		ConfirmPayment	1612372696489	1612372697259	OK	 
REQUEST		ConfirmPayment	1612372696571	1612372697259	OK	 
USER	GeneralAdmission1	END	1612372697275
USER	GeneralAdmission1	END	1612372697275
REQUEST		ConfirmPayment	1612372696963	1612372697280	OK	 
REQUEST		ConfirmPayment	1612372696963	1612372697280	OK	 
USER	GeneralAdmission1	END	1612372697276
REQUEST		ConfirmPayment	1612372696487	1612372697281	OK	 
USER	GeneralAdmission1	END	1612372697280
USER	GeneralAdmission1	END	1612372697292
USER	GeneralAdmission1	END	1612372697292
USER	GeneralAdmission1	END	1612372697294
REQUEST		ConfirmPayment	1612372696947	1612372697294	OK	 
USER	GeneralAdmission1	END	1612372697299
REQUEST		ConfirmPayment	1612372696332	1612372697565	OK	 
USER	GeneralAdmission1	END	1612372697569
REQUEST		ConfirmPayment	1612372696414	1612372697687	OK	 
USER	GeneralAdmission1	END	1612372697693
REQUEST		ConfirmPayment	1612372696400	1612372697780	OK	 
USER	GeneralAdmission1	END	1612372697783
