RUN	computerdatabase.advanced.AdvancedSimulationStep04	advancedsimulationstep04	1611792109113	 	3.5.0
USER	Users	START	1611792110905
USER	Admins	START	1611792110908
REQUEST		Home	1611792110948	1611792111041	OK	 
REQUEST		Home	1611792110948	1611792111042	OK	 
REQUEST		Home Redirect 1	1611792111062	1611792111141	OK	 
REQUEST		Home Redirect 1	1611792111064	1611792111142	OK	 
USER	Users	START	1611792111898
REQUEST		Home	1611792111900	1611792111979	OK	 
REQUEST		Home Redirect 1	1611792111982	1611792112038	OK	 
REQUEST		Search	1611792112203	1611792112243	OK	 
REQUEST		Search	1611792112206	1611792112254	OK	 
USER	Users	START	1611792112901
REQUEST		Home	1611792112903	1611792112975	OK	 
REQUEST		Home Redirect 1	1611792112977	1611792113029	OK	 
REQUEST		Search	1611792113048	1611792113093	OK	 
REQUEST		Select	1611792113410	1611792113462	OK	 
REQUEST		Select	1611792113412	1611792113462	OK	 
USER	Users	START	1611792113892
REQUEST		Home	1611792113893	1611792114003	OK	 
REQUEST		Home Redirect 1	1611792114005	1611792114065	OK	 
REQUEST		Search	1611792114059	1611792114121	OK	 
REQUEST		Select	1611792114110	1611792114147	OK	 
REQUEST		Page 0	1611792114490	1611792114536	OK	 
REQUEST		Page 0	1611792114491	1611792114534	OK	 
USER	Users	START	1611792114892
REQUEST		Home	1611792114893	1611792114977	OK	 
REQUEST		Home Redirect 1	1611792114980	1611792115040	OK	 
REQUEST		Search	1611792115073	1611792115114	OK	 
REQUEST		Select	1611792115143	1611792115184	OK	 
REQUEST		Page 0	1611792115160	1611792115205	OK	 
REQUEST		Page 1	1611792115550	1611792115593	OK	 
REQUEST		Page 1	1611792115552	1611792115603	OK	 
USER	Admins	START	1611792115893
USER	Users	START	1611792115893
REQUEST		Home	1611792115894	1611792115988	OK	 
REQUEST		Home	1611792115896	1611792115993	OK	 
REQUEST		Home Redirect 1	1611792115997	1611792116074	OK	 
REQUEST		Home Redirect 1	1611792115994	1611792116085	OK	 
REQUEST		Search	1611792116071	1611792116119	OK	 
REQUEST		Select	1611792116131	1611792116171	OK	 
REQUEST		Page 0	1611792116192	1611792116232	OK	 
REQUEST		Page 1	1611792116223	1611792116260	OK	 
REQUEST		Page 2	1611792116612	1611792116664	OK	 
REQUEST		Page 2	1611792116613	1611792116671	OK	 
USER	Users	START	1611792116893
REQUEST		Home	1611792116894	1611792116988	OK	 
REQUEST		Home Redirect 1	1611792116993	1611792117048	OK	 
REQUEST		Search	1611792117103	1611792117143	OK	 
REQUEST		Select	1611792117134	1611792117193	OK	 
REQUEST		Search	1611792117104	1611792117194	OK	 
REQUEST		Page 0	1611792117181	1611792117237	OK	 
REQUEST		Page 1	1611792117243	1611792117284	OK	 
REQUEST		Page 2	1611792117274	1611792117325	OK	 
REQUEST		Page 3	1611792117681	1611792117722	OK	 
REQUEST		Page 3	1611792117682	1611792117730	OK	 
USER	Users	START	1611792117883
REQUEST		Home	1611792117884	1611792117953	OK	 
REQUEST		Home Redirect 1	1611792117955	1611792118026	OK	 
REQUEST		Search	1611792118062	1611792118102	OK	 
REQUEST		Select	1611792118149	1611792118192	OK	 
REQUEST		Page 0	1611792118208	1611792118261	OK	 
REQUEST		Select	1611792118213	1611792118263	OK	 
REQUEST		Page 1	1611792118251	1611792118310	OK	 
REQUEST		Page 2	1611792118299	1611792118340	OK	 
REQUEST		Page 3	1611792118330	1611792118372	OK	 
USER	Users	END	1611792118741
REQUEST		Form	1611792118738	1611792118774	OK	 
USER	Users	START	1611792118892
REQUEST		Home	1611792118894	1611792118981	OK	 
REQUEST		Home Redirect 1	1611792118984	1611792119047	OK	 
REQUEST		Search	1611792119035	1611792119071	OK	 
REQUEST		Select	1611792119117	1611792119317	OK	 
REQUEST		Page 0	1611792119205	1611792119318	OK	 
REQUEST		Page 1	1611792119293	1611792119342	OK	 
REQUEST		Page 0	1611792119295	1611792119349	OK	 
REQUEST		Page 2	1611792119326	1611792119368	OK	 
USER	Users	END	1611792119387
REQUEST		Page 3	1611792119358	1611792119404	OK	 
REQUEST		Post	1611792119797	1611792119835	OK	 
USER	Users	START	1611792119886
REQUEST		Post Redirect 1	1611792119855	1611792119898	OK	 
USER	Admins	END	1611792119902
REQUEST		Home	1611792119886	1611792119966	OK	 
REQUEST		Home Redirect 1	1611792119969	1611792120062	OK	 
REQUEST		Search	1611792120060	1611792120107	OK	 
REQUEST		Select	1611792120089	1611792120130	OK	 
REQUEST		Page 0	1611792120324	1611792120364	OK	 
REQUEST		Page 1	1611792120341	1611792120389	OK	 
REQUEST		Page 1	1611792120360	1611792120409	OK	 
REQUEST		Page 2	1611792120356	1611792120410	OK	 
USER	Users	END	1611792120420
REQUEST		Page 3	1611792120388	1611792120431	OK	 
REQUEST		Search	1611792121074	1611792121112	OK	 
REQUEST		Select	1611792121122	1611792121158	OK	 
REQUEST		Page 0	1611792121141	1611792121184	OK	 
REQUEST		Page 1	1611792121392	1611792121433	OK	 
USER	Users	END	1611792121441
REQUEST		Page 2	1611792121408	1611792121458	OK	 
REQUEST		Page 3	1611792121424	1611792121480	OK	 
REQUEST		Page 2	1611792121425	1611792121489	OK	 
REQUEST		Select	1611792122127	1611792122169	OK	 
REQUEST		Page 0	1611792122174	1611792122226	OK	 
REQUEST		Page 1	1611792122192	1611792122255	OK	 
REQUEST		Page 2	1611792122440	1611792122484	OK	 
USER	Users	END	1611792122491
REQUEST		Page 3	1611792122471	1611792122521	OK	 
REQUEST		Page 3	1611792122502	1611792122542	OK	 
REQUEST		Page 0	1611792123174	1611792123213	OK	 
REQUEST		Page 1	1611792123237	1611792123279	OK	 
REQUEST		Page 2	1611792123268	1611792123308	OK	 
USER	Users	END	1611792123534
REQUEST		Page 3	1611792123502	1611792123540	OK	 
REQUEST		Form	1611792123552	1611792123592	OK	 
REQUEST		Page 1	1611792124224	1611792124264	OK	 
REQUEST		Page 2	1611792124287	1611792124346	OK	 
REQUEST		Page 3	1611792124318	1611792124355	OK	 
USER	Users	END	1611792124553
REQUEST		Post	1611792124599	1611792124637	OK	 
REQUEST		Post Redirect 1	1611792124639	1611792124683	OK	 
USER	Admins	END	1611792124687
REQUEST		Page 2	1611792125279	1611792125323	OK	 
USER	Users	END	1611792125374
REQUEST		Page 3	1611792125358	1611792125392	OK	 
REQUEST		Page 3	1611792126328	1611792126373	OK	 
USER	Users	END	1611792126407
USER	Users	END	1611792127394
