RUN	GeneralAdmission1	generaladmission1	1612441398961	 	3.5.0
USER	GeneralAdmission1	START	1612441400698
USER	GeneralAdmission1	START	1612441400729
USER	GeneralAdmission1	START	1612441400697
USER	GeneralAdmission1	START	1612441400710
USER	GeneralAdmission1	START	1612441400738
USER	GeneralAdmission1	START	1612441400695
USER	GeneralAdmission1	START	1612441400702
USER	GeneralAdmission1	START	1612441400695
USER	GeneralAdmission1	START	1612441400833
USER	GeneralAdmission1	START	1612441400829
USER	GeneralAdmission1	START	1612441400832
USER	GeneralAdmission1	START	1612441400830
USER	GeneralAdmission1	START	1612441400829
USER	GeneralAdmission1	START	1612441400834
USER	GeneralAdmission1	START	1612441400838
USER	GeneralAdmission1	START	1612441400854
USER	GeneralAdmission1	START	1612441400846
USER	GeneralAdmission1	START	1612441400842
USER	GeneralAdmission1	START	1612441400847
USER	GeneralAdmission1	START	1612441400849
USER	GeneralAdmission1	START	1612441400859
USER	GeneralAdmission1	START	1612441400853
USER	GeneralAdmission1	START	1612441400864
USER	GeneralAdmission1	START	1612441400859
USER	GeneralAdmission1	START	1612441400872
USER	GeneralAdmission1	START	1612441400873
USER	GeneralAdmission1	START	1612441400865
USER	GeneralAdmission1	START	1612441400866
USER	GeneralAdmission1	START	1612441400873
USER	GeneralAdmission1	START	1612441400874
USER	GeneralAdmission1	START	1612441400886
USER	GeneralAdmission1	START	1612441400889
USER	GeneralAdmission1	START	1612441400891
USER	GeneralAdmission1	START	1612441400878
USER	GeneralAdmission1	START	1612441400882
USER	GeneralAdmission1	START	1612441400895
USER	GeneralAdmission1	START	1612441400891
USER	GeneralAdmission1	START	1612441400904
USER	GeneralAdmission1	START	1612441400880
USER	GeneralAdmission1	START	1612441400898
USER	GeneralAdmission1	START	1612441400899
USER	GeneralAdmission1	START	1612441400902
USER	GeneralAdmission1	START	1612441400906
USER	GeneralAdmission1	START	1612441400911
USER	GeneralAdmission1	START	1612441400909
USER	GeneralAdmission1	START	1612441400915
USER	GeneralAdmission1	START	1612441400927
USER	GeneralAdmission1	START	1612441400922
USER	GeneralAdmission1	START	1612441400925
USER	GeneralAdmission1	START	1612441400914
USER	GeneralAdmission1	START	1612441400923
USER	GeneralAdmission1	START	1612441400928
USER	GeneralAdmission1	START	1612441400932
USER	GeneralAdmission1	START	1612441400936
USER	GeneralAdmission1	START	1612441400930
USER	GeneralAdmission1	START	1612441400941
USER	GeneralAdmission1	START	1612441400938
USER	GeneralAdmission1	START	1612441400941
USER	GeneralAdmission1	START	1612441400943
USER	GeneralAdmission1	START	1612441400945
USER	GeneralAdmission1	START	1612441400957
USER	GeneralAdmission1	START	1612441400958
USER	GeneralAdmission1	START	1612441400949
USER	GeneralAdmission1	START	1612441400959
USER	GeneralAdmission1	START	1612441400964
USER	GeneralAdmission1	START	1612441400959
USER	GeneralAdmission1	START	1612441400961
USER	GeneralAdmission1	START	1612441400962
USER	GeneralAdmission1	START	1612441400955
USER	GeneralAdmission1	START	1612441400969
USER	GeneralAdmission1	START	1612441400964
USER	GeneralAdmission1	START	1612441400976
USER	GeneralAdmission1	START	1612441400981
USER	GeneralAdmission1	START	1612441400980
USER	GeneralAdmission1	START	1612441400979
USER	GeneralAdmission1	START	1612441400978
USER	GeneralAdmission1	START	1612441400981
USER	GeneralAdmission1	START	1612441400982
USER	GeneralAdmission1	START	1612441400982
USER	GeneralAdmission1	START	1612441400993
USER	GeneralAdmission1	START	1612441400993
USER	GeneralAdmission1	START	1612441400996
USER	GeneralAdmission1	START	1612441400997
USER	GeneralAdmission1	START	1612441400998
USER	GeneralAdmission1	START	1612441401011
USER	GeneralAdmission1	START	1612441401005
USER	GeneralAdmission1	START	1612441401008
USER	GeneralAdmission1	START	1612441400995
USER	GeneralAdmission1	START	1612441401014
USER	GeneralAdmission1	START	1612441401010
USER	GeneralAdmission1	START	1612441401013
USER	GeneralAdmission1	START	1612441401014
USER	GeneralAdmission1	START	1612441401022
USER	GeneralAdmission1	START	1612441401027
USER	GeneralAdmission1	START	1612441401029
USER	GeneralAdmission1	START	1612441401040
USER	GeneralAdmission1	START	1612441401041
USER	GeneralAdmission1	START	1612441401046
USER	GeneralAdmission1	START	1612441401055
USER	GeneralAdmission1	START	1612441401064
REQUEST		GetToken	1612441400860	1612441401582	OK	 
REQUEST		GetToken	1612441400760	1612441401699	OK	 
REQUEST		GetToken	1612441400876	1612441401707	OK	 
REQUEST		GetToken	1612441400965	1612441401949	OK	 
REQUEST		GetToken	1612441400901	1612441401954	OK	 
REQUEST		GetToken	1612441400870	1612441402009	OK	 
REQUEST		GetToken	1612441400840	1612441402010	OK	 
REQUEST		GetToken	1612441400896	1612441402045	OK	 
REQUEST		GetToken	1612441400890	1612441402080	OK	 
REQUEST		GetToken	1612441400909	1612441402098	OK	 
REQUEST		GetToken	1612441400926	1612441402146	OK	 
REQUEST		GetToken	1612441400925	1612441402151	OK	 
REQUEST		GetToken	1612441400916	1612441402178	OK	 
REQUEST		GetToken	1612441400912	1612441402196	OK	 
REQUEST		GetToken	1612441400994	1612441402228	OK	 
REQUEST		GetToken	1612441400959	1612441402375	OK	 
REQUEST		GetToken	1612441400876	1612441402425	OK	 
REQUEST		GetToken	1612441400899	1612441402438	OK	 
REQUEST		GetToken	1612441400977	1612441402475	OK	 
REQUEST		GetToken	1612441400753	1612441402696	OK	 
REQUEST		GetToken	1612441401015	1612441402690	OK	 
REQUEST		GetToken	1612441400911	1612441402698	OK	 
REQUEST		GetToken	1612441400944	1612441402729	OK	 
REQUEST		GetToken	1612441400879	1612441402731	OK	 
REQUEST		GetToken	1612441400930	1612441402751	OK	 
REQUEST		GetToken	1612441400989	1612441402764	OK	 
REQUEST		GetToken	1612441400758	1612441402920	OK	 
REQUEST		GetToken	1612441400865	1612441402924	OK	 
REQUEST		GetToken	1612441401006	1612441402926	OK	 
REQUEST		GetToken	1612441401007	1612441402931	OK	 
REQUEST		GetToken	1612441400943	1612441402933	OK	 
REQUEST		GetToken	1612441400759	1612441402934	OK	 
REQUEST		GetToken	1612441400855	1612441402961	OK	 
REQUEST		GetToken	1612441400843	1612441402962	OK	 
REQUEST		GetToken	1612441400757	1612441402964	OK	 
REQUEST		GetToken	1612441400758	1612441402964	OK	 
REQUEST		GetToken	1612441400840	1612441402993	OK	 
REQUEST		GetToken	1612441400840	1612441403001	OK	 
REQUEST		GetToken	1612441400867	1612441402999	OK	 
REQUEST		GetToken	1612441400897	1612441402992	OK	 
REQUEST		GetToken	1612441400863	1612441403259	OK	 
REQUEST		GetToken	1612441400839	1612441403260	OK	 
REQUEST		GetToken	1612441400881	1612441403310	OK	 
REQUEST		GetToken	1612441400862	1612441403311	OK	 
REQUEST		GetToken	1612441400946	1612441403312	OK	 
REQUEST		GetToken	1612441400973	1612441403314	OK	 
REQUEST		GetToken	1612441400880	1612441403316	OK	 
REQUEST		GetToken	1612441400929	1612441403323	OK	 
REQUEST		GetToken	1612441400962	1612441403396	OK	 
REQUEST		GetToken	1612441400973	1612441403397	OK	 
REQUEST		GetToken	1612441400988	1612441403413	OK	 
REQUEST		GetToken	1612441400857	1612441403418	OK	 
REQUEST		GetToken	1612441400947	1612441403423	OK	 
REQUEST		GetToken	1612441400960	1612441403423	OK	 
REQUEST		GetToken	1612441400915	1612441403424	OK	 
REQUEST		GetToken	1612441400910	1612441403437	OK	 
REQUEST		GetToken	1612441400904	1612441403447	OK	 
REQUEST		GetToken	1612441400895	1612441403448	OK	 
REQUEST		GetToken	1612441400963	1612441403449	OK	 
REQUEST		GetToken	1612441400912	1612441403450	OK	 
REQUEST		GetToken	1612441400931	1612441403452	OK	 
REQUEST		GetToken	1612441400932	1612441403471	OK	 
REQUEST		GetToken	1612441400977	1612441403477	OK	 
REQUEST		GetToken	1612441400977	1612441403476	OK	 
REQUEST		GetToken	1612441400948	1612441403482	OK	 
REQUEST		GetToken	1612441400993	1612441403495	OK	 
REQUEST		GetToken	1612441400951	1612441403494	OK	 
REQUEST		GetToken	1612441400998	1612441403494	OK	 
REQUEST		GetToken	1612441400878	1612441403508	OK	 
REQUEST		GetToken	1612441400756	1612441403511	OK	 
REQUEST		GetToken	1612441401023	1612441403535	OK	 
REQUEST		GetToken	1612441400855	1612441403525	OK	 
REQUEST		GetToken	1612441401052	1612441403545	OK	 
REQUEST		GetToken	1612441400947	1612441403552	OK	 
REQUEST		GetToken	1612441401036	1612441403567	OK	 
REQUEST		GetToken	1612441401011	1612441403566	OK	 
REQUEST		GetToken	1612441400834	1612441403582	OK	 
REQUEST		GetToken	1612441401008	1612441403604	OK	 
REQUEST		GetToken	1612441401013	1612441403614	OK	 
REQUEST		GetToken	1612441401031	1612441403618	OK	 
REQUEST		GetToken	1612441400991	1612441403617	OK	 
REQUEST		GetToken	1612441400975	1612441403634	OK	 
REQUEST		GetToken	1612441401008	1612441403635	OK	 
REQUEST		GetToken	1612441400992	1612441403647	OK	 
REQUEST		GetToken	1612441401026	1612441403650	OK	 
REQUEST		GetToken	1612441400846	1612441403651	OK	 
REQUEST		GetToken	1612441401042	1612441403664	OK	 
REQUEST		GetToken	1612441401024	1612441403663	OK	 
REQUEST		GetToken	1612441400757	1612441403668	OK	 
REQUEST		GetToken	1612441401039	1612441403678	OK	 
REQUEST		GetToken	1612441400893	1612441403681	OK	 
REQUEST		GetToken	1612441400929	1612441403691	OK	 
REQUEST		GetToken	1612441400945	1612441403695	OK	 
REQUEST		GetToken	1612441400974	1612441403704	OK	 
REQUEST		GetToken	1612441400991	1612441403714	OK	 
REQUEST		GetToken	1612441400999	1612441403723	OK	 
REQUEST		GetToken	1612441401031	1612441403727	OK	 
REQUEST		GetToken	1612441401043	1612441403732	OK	 
REQUEST		GetToken	1612441401060	1612441403739	OK	 
REQUEST		GetToken	1612441401065	1612441403742	OK	 
REQUEST		AddToCart	1612441406712	1612441406814	OK	 
REQUEST		AddToCart	1612441406718	1612441406846	OK	 
REQUEST		AddToCart	1612441406716	1612441406849	OK	 
REQUEST		AddToCart	1612441406983	1612441407050	OK	 
REQUEST		AddToCart	1612441407001	1612441407055	OK	 
REQUEST		AddToCart	1612441407030	1612441407078	OK	 
REQUEST		AddToCart	1612441407031	1612441407089	OK	 
REQUEST		AddToCart	1612441407078	1612441407158	OK	 
REQUEST		AddToCart	1612441407124	1612441407177	OK	 
REQUEST		AddToCart	1612441407141	1612441407227	OK	 
REQUEST		AddToCart	1612441407172	1612441407248	OK	 
REQUEST		AddToCart	1612441407172	1612441407248	OK	 
REQUEST		AddToCart	1612441407201	1612441407257	OK	 
REQUEST		AddToCart	1612441407218	1612441407282	OK	 
REQUEST		AddToCart	1612441407252	1612441407315	OK	 
REQUEST		AddToCart	1612441407387	1612441407458	OK	 
REQUEST		AddToCart	1612441407434	1612441407492	OK	 
REQUEST		AddToCart	1612441407451	1612441407518	OK	 
REQUEST		AddToCart	1612441407498	1612441407561	OK	 
REQUEST		AddToCart	1612441407716	1612441407849	OK	 
REQUEST		AddToCart	1612441407735	1612441407925	OK	 
REQUEST		AddToCart	1612441407735	1612441407949	OK	 
REQUEST		AddToCart	1612441407738	1612441407949	OK	 
REQUEST		AddToCart	1612441407765	1612441407972	OK	 
REQUEST		AddToCart	1612441407763	1612441407976	OK	 
REQUEST		AddToCart	1612441407781	1612441408004	OK	 
REQUEST		AddToCart	1612441407955	1612441408042	OK	 
REQUEST		AddToCart	1612441407955	1612441408114	OK	 
REQUEST		AddToCart	1612441407955	1612441408113	OK	 
REQUEST		AddToCart	1612441407958	1612441408114	OK	 
REQUEST		AddToCart	1612441407970	1612441408168	OK	 
REQUEST		AddToCart	1612441407970	1612441408220	OK	 
REQUEST		AddToCart	1612441407986	1612441408340	OK	 
REQUEST		AddToCart	1612441407986	1612441408341	OK	 
REQUEST		AddToCart	1612441407986	1612441408345	OK	 
REQUEST		AddToCart	1612441407986	1612441408350	OK	 
REQUEST		AddToCart	1612441408016	1612441408353	OK	 
REQUEST		AddToCart	1612441408032	1612441408369	OK	 
REQUEST		AddToCart	1612441408032	1612441408375	OK	 
REQUEST		AddToCart	1612441408032	1612441408375	OK	 
REQUEST		AddToCart	1612441408279	1612441408400	OK	 
REQUEST		AddToCart	1612441408344	1612441408420	OK	 
REQUEST		AddToCart	1612441408280	1612441408420	OK	 
REQUEST		AddToCart	1612441408344	1612441408534	OK	 
REQUEST		AddToCart	1612441408349	1612441408583	OK	 
REQUEST		AddToCart	1612441408350	1612441408587	OK	 
REQUEST		AddToCart	1612441408344	1612441408588	OK	 
REQUEST		AddToCart	1612441408346	1612441408588	OK	 
REQUEST		AddToCart	1612441408406	1612441408674	OK	 
REQUEST		AddToCart	1612441408436	1612441408678	OK	 
REQUEST		AddToCart	1612441408402	1612441408681	OK	 
REQUEST		AddToCart	1612441408452	1612441409096	OK	 
REQUEST		AddToCart	1612441408452	1612441409097	OK	 
REQUEST		AddToCart	1612441408452	1612441409102	OK	 
REQUEST		AddToCart	1612441408452	1612441409174	OK	 
REQUEST		AddToCart	1612441408468	1612441409298	OK	 
REQUEST		AddToCart	1612441408471	1612441409311	OK	 
REQUEST		AddToCart	1612441408468	1612441409311	OK	 
REQUEST		AddToCart	1612441408468	1612441409313	OK	 
REQUEST		AddToCart	1612441408482	1612441409419	OK	 
REQUEST		AddToCart	1612441408484	1612441409419	OK	 
REQUEST		AddToCart	1612441408499	1612441409421	OK	 
REQUEST		AddToCart	1612441408482	1612441409424	OK	 
REQUEST		AddToCart	1612441408503	1612441409523	OK	 
REQUEST		AddToCart	1612441408529	1612441409535	OK	 
REQUEST		AddToCart	1612441408499	1612441409535	OK	 
REQUEST		AddToCart	1612441408499	1612441409535	OK	 
REQUEST		AddToCart	1612441408529	1612441409589	OK	 
REQUEST		AddToCart	1612441408561	1612441409589	OK	 
REQUEST		AddToCart	1612441408561	1612441409599	OK	 
REQUEST		AddToCart	1612441408546	1612441409608	OK	 
REQUEST		AddToCart	1612441408546	1612441409608	OK	 
REQUEST		AddToCart	1612441408567	1612441409610	OK	 
REQUEST		AddToCart	1612441408577	1612441409621	OK	 
REQUEST		AddToCart	1612441408598	1612441409629	OK	 
REQUEST		AddToCart	1612441408638	1612441409629	OK	 
REQUEST		AddToCart	1612441408597	1612441409655	OK	 
REQUEST		AddToCart	1612441408579	1612441409653	OK	 
REQUEST		AddToCart	1612441408738	1612441409744	OK	 
REQUEST		AddToCart	1612441408640	1612441409744	OK	 
REQUEST		AddToCart	1612441408674	1612441409744	OK	 
REQUEST		AddToCart	1612441408640	1612441409770	OK	 
REQUEST		AddToCart	1612441408671	1612441409777	OK	 
REQUEST		AddToCart	1612441408640	1612441409780	OK	 
REQUEST		AddToCart	1612441408687	1612441409781	OK	 
REQUEST		AddToCart	1612441408644	1612441409780	OK	 
REQUEST		AddToCart	1612441408703	1612441409787	OK	 
REQUEST		AddToCart	1612441408687	1612441409787	OK	 
REQUEST		AddToCart	1612441408671	1612441409787	OK	 
REQUEST		AddToCart	1612441408719	1612441409796	OK	 
REQUEST		AddToCart	1612441408655	1612441409807	OK	 
REQUEST		AddToCart	1612441408671	1612441409807	OK	 
REQUEST		AddToCart	1612441408733	1612441409807	OK	 
REQUEST		AddToCart	1612441408674	1612441409814	OK	 
REQUEST		AddToCart	1612441408689	1612441409814	OK	 
REQUEST		AddToCart	1612441408705	1612441409818	OK	 
REQUEST		AddToCart	1612441408734	1612441409824	OK	 
REQUEST		AddToCart	1612441408736	1612441409828	OK	 
REQUEST		AddToCart	1612441408750	1612441409831	OK	 
REQUEST		AddToCart	1612441408752	1612441409834	OK	 
REQUEST		AddToCart2	1612441409823	1612441409910	OK	 
REQUEST		AddToCart2	1612441409853	1612441409931	OK	 
REQUEST		AddToCart2	1612441409855	1612441409934	OK	 
REQUEST		AddToCart2	1612441410054	1612441410119	OK	 
REQUEST		AddToCart2	1612441410071	1612441410137	OK	 
REQUEST		AddToCart2	1612441410087	1612441410151	OK	 
REQUEST		AddToCart2	1612441410103	1612441410170	OK	 
REQUEST		AddToCart2	1612441410173	1612441410228	OK	 
REQUEST		AddToCart2	1612441410191	1612441410248	OK	 
REQUEST		AddToCart2	1612441410231	1612441410293	OK	 
REQUEST		AddToCart2	1612441410256	1612441410330	OK	 
REQUEST		AddToCart2	1612441410256	1612441410331	OK	 
REQUEST		AddToCart2	1612441410272	1612441410337	OK	 
REQUEST		AddToCart2	1612441410303	1612441410382	OK	 
REQUEST		AddToCart2	1612441410339	1612441410414	OK	 
REQUEST		AddToCart2	1612441410472	1612441410543	OK	 
REQUEST		AddToCart2	1612441410503	1612441410629	OK	 
REQUEST		AddToCart2	1612441410534	1612441410629	OK	 
REQUEST		AddToCart2	1612441410566	1612441410641	OK	 
REQUEST		AddToCart2	1612441410862	1612441410935	OK	 
REQUEST		AddToCart2	1612441410940	1612441411001	OK	 
REQUEST		AddToCart2	1612441410958	1612441411023	OK	 
REQUEST		AddToCart2	1612441410974	1612441411038	OK	 
REQUEST		AddToCart2	1612441410990	1612441411054	OK	 
REQUEST		AddToCart2	1612441410992	1612441411058	OK	 
REQUEST		AddToCart2	1612441411021	1612441411083	OK	 
REQUEST		AddToCart2	1612441411053	1612441411107	OK	 
REQUEST		AddToCart2	1612441411132	1612441411202	OK	 
REQUEST		AddToCart2	1612441411132	1612441411202	OK	 
REQUEST		AddToCart2	1612441411133	1612441411209	OK	 
REQUEST		AddToCart2	1612441411174	1612441411241	OK	 
REQUEST		AddToCart2	1612441411237	1612441411384	OK	 
REQUEST		AddToCart2	1612441411347	1612441411434	OK	 
REQUEST		AddToCart2	1612441411365	1612441411450	OK	 
REQUEST		AddToCart2	1612441411365	1612441411451	OK	 
REQUEST		AddToCart2	1612441411365	1612441411455	OK	 
REQUEST		AddToCart2	1612441411367	1612441411455	OK	 
REQUEST		AddToCart2	1612441411382	1612441411462	OK	 
REQUEST		AddToCart2	1612441411398	1612441411469	OK	 
REQUEST		AddToCart2	1612441411398	1612441411482	OK	 
REQUEST		AddToCart2	1612441411413	1612441411483	OK	 
REQUEST		AddToCart2	1612441411432	1612441411496	OK	 
REQUEST		AddToCart2	1612441411432	1612441411504	OK	 
REQUEST		AddToCart2	1612441411547	1612441411619	OK	 
REQUEST		AddToCart2	1612441411593	1612441411659	OK	 
REQUEST		AddToCart2	1612441411616	1612441411674	OK	 
REQUEST		AddToCart2	1612441411616	1612441411685	OK	 
REQUEST		AddToCart2	1612441411616	1612441411686	OK	 
REQUEST		AddToCart2	1612441411694	1612441411758	OK	 
REQUEST		AddToCart2	1612441411692	1612441411759	OK	 
REQUEST		AddToCart2	1612441411693	1612441411763	OK	 
REQUEST		AddToCart2	1612441412106	1612441412170	OK	 
REQUEST		AddToCart2	1612441412107	1612441412178	OK	 
REQUEST		AddToCart2	1612441412107	1612441412177	OK	 
REQUEST		AddToCart2	1612441412188	1612441412239	OK	 
REQUEST		AddToCart2	1612441412310	1612441412383	OK	 
REQUEST		AddToCart2	1612441412328	1612441412398	OK	 
REQUEST		AddToCart2	1612441412328	1612441412401	OK	 
REQUEST		AddToCart2	1612441412327	1612441412426	OK	 
REQUEST		AddToCart2	1612441412430	1612441412491	OK	 
REQUEST		AddToCart2	1612441412438	1612441412502	OK	 
REQUEST		AddToCart2	1612441412438	1612441412518	OK	 
REQUEST		AddToCart2	1612441412440	1612441412520	OK	 
REQUEST		AddToCart2	1612441412531	1612441412651	OK	 
REQUEST		AddToCart2	1612441412559	1612441412676	OK	 
REQUEST		AddToCart2	1612441412559	1612441412676	OK	 
REQUEST		AddToCart2	1612441412559	1612441412676	OK	 
REQUEST		AddToCart2	1612441412606	1612441412717	OK	 
REQUEST		AddToCart2	1612441412623	1612441412718	OK	 
REQUEST		AddToCart2	1612441412624	1612441412721	OK	 
REQUEST		AddToCart2	1612441412624	1612441412725	OK	 
REQUEST		AddToCart2	1612441412639	1612441412725	OK	 
REQUEST		AddToCart2	1612441412639	1612441412733	OK	 
REQUEST		AddToCart2	1612441412624	1612441412736	OK	 
REQUEST		AddToCart2	1612441412626	1612441412736	OK	 
REQUEST		AddToCart2	1612441412626	1612441412740	OK	 
REQUEST		AddToCart2	1612441412669	1612441412742	OK	 
REQUEST		AddToCart2	1612441412669	1612441412766	OK	 
REQUEST		AddToCart2	1612441412761	1612441412966	OK	 
REQUEST		AddToCart2	1612441412765	1612441412999	OK	 
REQUEST		AddToCart2	1612441412765	1612441413001	OK	 
REQUEST		AddToCart2	1612441412799	1612441413151	OK	 
REQUEST		AddToCart2	1612441412779	1612441413151	OK	 
REQUEST		AddToCart2	1612441412796	1612441413155	OK	 
REQUEST		AddToCart2	1612441412794	1612441413161	OK	 
REQUEST		AddToCart2	1612441412797	1612441413161	OK	 
REQUEST		AddToCart2	1612441412794	1612441413169	OK	 
REQUEST		AddToCart2	1612441412794	1612441413183	OK	 
REQUEST		AddToCart2	1612441412809	1612441413314	OK	 
REQUEST		AddToCart2	1612441412824	1612441413332	OK	 
REQUEST		AddToCart2	1612441412824	1612441413332	OK	 
REQUEST		AddToCart2	1612441412826	1612441413332	OK	 
REQUEST		AddToCart2	1612441412826	1612441413341	OK	 
REQUEST		AddToCart2	1612441412830	1612441413344	OK	 
REQUEST		AddToCart2	1612441412832	1612441413347	OK	 
REQUEST		AddToCart2	1612441412834	1612441413354	OK	 
REQUEST		AddToCart2	1612441412828	1612441413369	OK	 
REQUEST		AddToCart2	1612441412824	1612441413370	OK	 
REQUEST		AddToCart2	1612441412853	1612441413373	OK	 
REQUEST		AddToCart2	1612441412801	1612441413714	OK	 
REQUEST		CreateGeneral	1612441414144	1612441416299	OK	 
REQUEST		CreateGeneral	1612441413945	1612441416301	OK	 
REQUEST		CreateGeneral	1612441413959	1612441416308	OK	 
REQUEST		CreateGeneral	1612441414178	1612441416556	OK	 
REQUEST		CreateGeneral	1612441414193	1612441416692	OK	 
REQUEST		CreateGeneral	1612441414318	1612441417065	OK	 
REQUEST		CreateGeneral	1612441414349	1612441417109	OK	 
REQUEST		CreateGeneral	1612441414270	1612441417112	OK	 
REQUEST		CreateGeneral	1612441414349	1612441417115	OK	 
REQUEST		CreateGeneral	1612441414426	1612441417346	OK	 
REQUEST		CreateGeneral	1612441414395	1612441417373	OK	 
REQUEST		CreateGeneral	1612441414643	1612441417911	OK	 
REQUEST		CreateGeneral	1612441414566	1612441417911	OK	 
REQUEST		CreateGeneral	1612441415034	1612441417933	OK	 
REQUEST		CreateGeneral	1612441414662	1612441417940	OK	 
REQUEST		CreateGeneral	1612441414955	1612441417960	OK	 
REQUEST		CreateGeneral	1612441415067	1612441418031	OK	 
REQUEST		CreateGeneral	1612441415052	1612441418039	OK	 
REQUEST		CreateGeneral	1612441415111	1612441418213	OK	 
REQUEST		CreateGeneral	1612441415084	1612441418373	OK	 
REQUEST		CreateGeneral	1612441415082	1612441418390	OK	 
REQUEST		CreateGeneral	1612441415236	1612441418667	OK	 
REQUEST		CreateGeneral	1612441415237	1612441418675	OK	 
REQUEST		CreateGeneral	1612441415268	1612441418688	OK	 
REQUEST		CreateGeneral	1612441415237	1612441418828	OK	 
REQUEST		CreateGeneral	1612441415128	1612441418856	OK	 
REQUEST		CreateGeneral	1612441415473	1612441419100	OK	 
REQUEST		CreateGeneral	1612441415506	1612441419131	KO	status.find.is(200), but actually found 400
REQUEST		CreateGeneral	1612441415409	1612441419147	OK	 
REQUEST		CreateGeneral	1612441415456	1612441419179	OK	 
REQUEST		CreateGeneral	1612441415490	1612441419179	OK	 
REQUEST		CreateGeneral	1612441415493	1612441419392	OK	 
REQUEST		CreateGeneral	1612441415521	1612441419738	OK	 
REQUEST		CreateGeneral	1612441415490	1612441419738	OK	 
REQUEST		CreateGeneral	1612441415644	1612441419808	OK	 
REQUEST		CreateGeneral	1612441415490	1612441419827	OK	 
REQUEST		CreateGeneral	1612441415692	1612441420105	OK	 
REQUEST		CreateGeneral	1612441415725	1612441420231	OK	 
REQUEST		BookingDetails	1612441420310	1612441420417	OK	 
REQUEST		BookingDetails	1612441420312	1612441420417	OK	 
REQUEST		BookingDetails	1612441420313	1612441420425	OK	 
REQUEST		CreateGeneral	1612441415786	1612441420541	OK	 
REQUEST		CreateGeneral	1612441415786	1612441420541	OK	 
REQUEST		CreateGeneral	1612441415724	1612441420545	OK	 
REQUEST		CreateGeneral	1612441416189	1612441420571	OK	 
REQUEST		BookingDetails	1612441420576	1612441420631	OK	 
REQUEST		BookingDetails	1612441420697	1612441420763	OK	 
REQUEST		CreateGeneral	1612441416206	1612441420940	OK	 
REQUEST		CreateGeneral	1612441416206	1612441420941	OK	 
REQUEST		BookingDetails	1612441421070	1612441421142	OK	 
REQUEST		BookingDetails	1612441421118	1612441421189	OK	 
REQUEST		BookingDetails	1612441421116	1612441421190	OK	 
REQUEST		BookingDetails	1612441421120	1612441421205	OK	 
REQUEST		CreateGeneral	1612441416423	1612441421334	OK	 
REQUEST		CreateGeneral	1612441416553	1612441421428	KO	status.find.is(200), but actually found 400
REQUEST		CreateGeneral	1612441416423	1612441421433	OK	 
REQUEST		BookingDetails	1612441421363	1612441421445	OK	 
REQUEST		CreateGeneral	1612441416516	1612441421446	OK	 
REQUEST		CreateGeneral	1612441416456	1612441421450	OK	 
REQUEST		BookingDetails	1612441421382	1612441421465	OK	 
REQUEST		CreateGeneral	1612441416535	1612441421799	OK	 
REQUEST		CreateGeneral	1612441416550	1612441421878	OK	 
REQUEST		CreateGeneral	1612441416703	1612441421924	OK	 
REQUEST		CreateGeneral	1612441416669	1612441421944	OK	 
REQUEST		BookingDetails	1612441421923	1612441422134	OK	 
REQUEST		BookingDetails	1612441421923	1612441422134	OK	 
REQUEST		BookingDetails	1612441421955	1612441422162	OK	 
REQUEST		BookingDetails	1612441421959	1612441422184	OK	 
REQUEST		BookingDetails	1612441421970	1612441422190	OK	 
REQUEST		BookingDetails	1612441422046	1612441422198	OK	 
REQUEST		BookingDetails	1612441422064	1612441422198	OK	 
REQUEST		CreateGeneral	1612441416703	1612441422428	OK	 
REQUEST		BookingDetails	1612441422232	1612441422429	OK	 
REQUEST		CreateGeneral	1612441416703	1612441422429	OK	 
REQUEST		BookingDetails	1612441422388	1612441422441	OK	 
REQUEST		BookingDetails	1612441422407	1612441422478	OK	 
REQUEST		BookingDetails	1612441422686	1612441422799	OK	 
REQUEST		BookingDetails	1612441422685	1612441422799	OK	 
REQUEST		CreateGeneral	1612441416750	1612441422801	OK	 
REQUEST		BookingDetails	1612441422703	1612441422807	OK	 
REQUEST		CreateGeneral	1612441416746	1612441422815	OK	 
REQUEST		CreateGeneral	1612441416746	1612441422852	OK	 
REQUEST		CreateGeneral	1612441416746	1612441422888	OK	 
REQUEST		BookingDetails	1612441422843	1612441422963	OK	 
REQUEST		BookingDetails	1612441422875	1612441422970	OK	 
REQUEST		BookingDetails	1612441423107	1612441423172	OK	 
REQUEST		BookingDetails	1612441423154	1612441423231	OK	 
REQUEST		CreateGeneral	1612441416766	1612441423234	OK	 
REQUEST		BookingDetails	1612441423188	1612441423265	OK	 
REQUEST		BookingDetails	1612441423188	1612441423268	OK	 
REQUEST		CreateGeneral	1612441416747	1612441423269	OK	 
REQUEST		CreateGeneral	1612441416763	1612441423289	OK	 
REQUEST		CreateGeneral	1612441416763	1612441423296	OK	 
REQUEST		CreateGeneral	1612441416763	1612441423312	OK	 
REQUEST		CreateGeneral	1612441416792	1612441423342	OK	 
REQUEST		CreateGeneral	1612441417029	1612441423372	OK	 
REQUEST		BookingDetails	1612441423401	1612441423460	OK	 
REQUEST		BookingDetails	1612441423745	1612441423810	OK	 
REQUEST		BookingDetails	1612441423746	1612441423820	OK	 
REQUEST		CreateGeneral	1612441417011	1612441423827	OK	 
REQUEST		CreateGeneral	1612441417167	1612441423829	OK	 
REQUEST		CreateGeneral	1612441417168	1612441423863	OK	 
REQUEST		CreateGeneral	1612441414161	1612441423863	OK	 
REQUEST		CreateGeneral	1612441416979	1612441423949	OK	 
REQUEST		BookingDetails	1612441423825	1612441424031	OK	 
REQUEST		CreateGeneral	1612441417201	1612441424022	OK	 
REQUEST		BookingDetails	1612441423841	1612441424092	OK	 
REQUEST		CreateGeneral	1612441417339	1612441424171	OK	 
REQUEST		CreateGeneral	1612441417202	1612441424171	OK	 
REQUEST		CreateGeneral	1612441417202	1612441424171	OK	 
REQUEST		CreateGeneral	1612441414238	1612441424173	OK	 
REQUEST		CreateGeneral	1612441417388	1612441424187	OK	 
REQUEST		CreateGeneral	1612441417360	1612441424187	OK	 
REQUEST		CreateGeneral	1612441417358	1612441424187	OK	 
REQUEST		CreateGeneral	1612441417358	1612441424199	OK	 
REQUEST		CreateGeneral	1612441417358	1612441424206	OK	 
REQUEST		BookingDetails	1612441424118	1612441424210	OK	 
REQUEST		CreateGeneral	1612441417363	1612441424212	OK	 
REQUEST		CreateGeneral	1612441417364	1612441424216	OK	 
REQUEST		CreateGeneral	1612441417388	1612441424221	OK	 
REQUEST		CreateGeneral	1612441414349	1612441424235	OK	 
REQUEST		CreateGeneral	1612441417390	1612441424251	OK	 
REQUEST		CreateGeneral	1612441417731	1612441424286	OK	 
REQUEST		CreateGeneral	1612441414644	1612441424288	OK	 
REQUEST		CreateGeneral	1612441419142	1612441424302	OK	 
REQUEST		BookingDetails	1612441424251	1612441424313	OK	 
REQUEST		CreateGeneral	1612441415473	1612441424332	OK	 
REQUEST		CreateGeneral	1612441415537	1612441424361	OK	 
REQUEST		ConfirmPayment	1612441420424	1612441424405	OK	 
REQUEST		ConfirmPayment	1612441420428	1612441424406	OK	 
REQUEST		ConfirmPayment	1612441420633	1612441424406	OK	 
USER	GeneralAdmission1	END	1612441424417
USER	GeneralAdmission1	END	1612441424417
USER	GeneralAdmission1	END	1612441424417
REQUEST		ConfirmPayment	1612441420422	1612441424420	OK	 
USER	GeneralAdmission1	END	1612441424422
REQUEST		CreateGeneral	1612441415708	1612441424436	OK	 
REQUEST		ConfirmPayment	1612441420766	1612441424489	OK	 
USER	GeneralAdmission1	END	1612441424493
REQUEST		CreateGeneral	1612441415786	1612441424494	OK	 
REQUEST		ConfirmPayment	1612441421194	1612441424553	OK	 
REQUEST		ConfirmPayment	1612441421194	1612441424552	OK	 
USER	GeneralAdmission1	END	1612441424563
REQUEST		ConfirmPayment	1612441421145	1612441424567	OK	 
USER	GeneralAdmission1	END	1612441424563
USER	GeneralAdmission1	END	1612441424580
REQUEST		BookingDetails	1612441424566	1612441424654	OK	 
REQUEST		ConfirmPayment	1612441421208	1612441424655	OK	 
REQUEST		ConfirmPayment	1612441421449	1612441424661	OK	 
REQUEST		ConfirmPayment	1612441421467	1612441424663	OK	 
REQUEST		ConfirmPayment	1612441422138	1612441424668	OK	 
REQUEST		BookingDetails	1612441424570	1612441424701	OK	 
USER	GeneralAdmission1	END	1612441424733
REQUEST		ConfirmPayment	1612441422194	1612441424737	OK	 
USER	GeneralAdmission1	END	1612441424733
REQUEST		CreateGeneral	1612441421431	1612441424742	OK	 
REQUEST		ConfirmPayment	1612441422189	1612441424756	OK	 
USER	GeneralAdmission1	END	1612441424737
REQUEST		BookingDetails	1612441424564	1612441424754	OK	 
USER	GeneralAdmission1	END	1612441424756
REQUEST		ConfirmPayment	1612441422138	1612441424771	OK	 
REQUEST		CreateGeneral	1612441416266	1612441424773	OK	 
USER	GeneralAdmission1	END	1612441424775
USER	GeneralAdmission1	END	1612441424783
REQUEST		BookingDetails	1612441424652	1612441424783	OK	 
USER	GeneralAdmission1	END	1612441424784
REQUEST		ConfirmPayment	1612441422164	1612441424785	OK	 
USER	GeneralAdmission1	END	1612441424787
REQUEST		CreateGeneral	1612441416405	1612441424819	OK	 
REQUEST		ConfirmPayment	1612441422204	1612441425035	OK	 
REQUEST		ConfirmPayment	1612441422803	1612441425103	OK	 
REQUEST		ConfirmPayment	1612441422810	1612441425082	OK	 
REQUEST		ConfirmPayment	1612441422204	1612441425095	OK	 
REQUEST		ConfirmPayment	1612441422806	1612441425102	OK	 
USER	GeneralAdmission1	END	1612441425103
REQUEST		ConfirmPayment	1612441423234	1612441425134	OK	 
USER	GeneralAdmission1	END	1612441425110
REQUEST		ConfirmPayment	1612441422973	1612441425134	OK	 
REQUEST		ConfirmPayment	1612441422444	1612441425139	OK	 
USER	GeneralAdmission1	END	1612441425127
USER	GeneralAdmission1	END	1612441425132
USER	GeneralAdmission1	END	1612441425135
USER	GeneralAdmission1	END	1612441425137
REQUEST		ConfirmPayment	1612441423176	1612441425153	OK	 
USER	GeneralAdmission1	END	1612441425139
REQUEST		ConfirmPayment	1612441422481	1612441425155	OK	 
USER	GeneralAdmission1	END	1612441425157
REQUEST		ConfirmPayment	1612441422437	1612441425164	OK	 
USER	GeneralAdmission1	END	1612441425167
USER	GeneralAdmission1	END	1612441425168
REQUEST		ConfirmPayment	1612441422967	1612441425170	OK	 
USER	GeneralAdmission1	END	1612441425169
USER	GeneralAdmission1	END	1612441425173
REQUEST		ConfirmPayment	1612441423273	1612441425202	OK	 
REQUEST		CreateGeneral	1612441416747	1612441425202	OK	 
USER	GeneralAdmission1	END	1612441425217
REQUEST		ConfirmPayment	1612441423269	1612441425219	OK	 
USER	GeneralAdmission1	END	1612441425222
REQUEST		ConfirmPayment	1612441423463	1612441425305	OK	 
REQUEST		ConfirmPayment	1612441423812	1612441425306	OK	 
USER	GeneralAdmission1	END	1612441425308
USER	GeneralAdmission1	END	1612441425313
REQUEST		ConfirmPayment	1612441424213	1612441425401	OK	 
REQUEST		ConfirmPayment	1612441423825	1612441425399	OK	 
REQUEST		ConfirmPayment	1612441424090	1612441425400	OK	 
REQUEST		ConfirmPayment	1612441424315	1612441425435	OK	 
REQUEST		CreateGeneral	1612441417185	1612441425449	OK	 
USER	GeneralAdmission1	END	1612441425410
USER	GeneralAdmission1	END	1612441425431
USER	GeneralAdmission1	END	1612441425437
REQUEST		BookingDetails	1612441425071	1612441425453	OK	 
USER	GeneralAdmission1	END	1612441425449
REQUEST		ConfirmPayment	1612441424785	1612441425452	OK	 
REQUEST		CreateGeneral	1612441413929	1612441425452	OK	 
REQUEST		ConfirmPayment	1612441424094	1612441425454	OK	 
REQUEST		BookingDetails	1612441425086	1612441425471	OK	 
REQUEST		CreateGeneral	1612441417361	1612441425456	OK	 
USER	GeneralAdmission1	END	1612441425459
REQUEST		CreateGeneral	1612441415506	1612441425474	OK	 
REQUEST		ConfirmPayment	1612441424771	1612441425484	OK	 
REQUEST		CreateGeneral	1612441417205	1612441425486	OK	 
USER	GeneralAdmission1	END	1612441425487
REQUEST		BookingDetails	1612441425367	1612441425502	OK	 
USER	GeneralAdmission1	END	1612441425503
REQUEST		BookingDetails	1612441425451	1612441425700	OK	 
REQUEST		ConfirmPayment	1612441425454	1612441425783	OK	 
USER	GeneralAdmission1	END	1612441425784
REQUEST		ConfirmPayment	1612441425474	1612441425805	OK	 
USER	GeneralAdmission1	END	1612441425806
REQUEST		BookingDetails	1612441425493	1612441425807	OK	 
REQUEST		ConfirmPayment	1612441425504	1612441425817	OK	 
USER	GeneralAdmission1	END	1612441425819
REQUEST		BookingDetails	1612441425490	1612441425887	OK	 
REQUEST		ConfirmPayment	1612441425704	1612441425902	OK	 
USER	GeneralAdmission1	END	1612441425907
REQUEST		ConfirmPayment	1612441425810	1612441426024	OK	 
USER	GeneralAdmission1	END	1612441426087
REQUEST		BookingDetails	1612441425816	1612441426095	OK	 
REQUEST		BookingDetails	1612441425889	1612441426145	OK	 
REQUEST		BookingDetails	1612441425968	1612441426153	OK	 
REQUEST		ConfirmPayment	1612441424661	1612441426158	OK	 
USER	GeneralAdmission1	END	1612441426176
REQUEST		ConfirmPayment	1612441424716	1612441426182	OK	 
REQUEST		BookingDetails	1612441425957	1612441426182	OK	 
USER	GeneralAdmission1	END	1612441426185
REQUEST		ConfirmPayment	1612441426145	1612441426313	OK	 
USER	GeneralAdmission1	END	1612441426316
REQUEST		ConfirmPayment	1612441426150	1612441426331	OK	 
USER	GeneralAdmission1	END	1612441426337
REQUEST		ConfirmPayment	1612441426174	1612441426343	OK	 
USER	GeneralAdmission1	END	1612441426351
REQUEST		ConfirmPayment	1612441426185	1612441426352	OK	 
USER	GeneralAdmission1	END	1612441426356
REQUEST		BookingDetails	1612441426448	1612441426512	OK	 
REQUEST		BookingDetails	1612441426449	1612441426535	OK	 
REQUEST		ConfirmPayment	1612441425888	1612441426589	OK	 
USER	GeneralAdmission1	END	1612441426590
REQUEST		ConfirmPayment	1612441426516	1612441426800	OK	 
REQUEST		ConfirmPayment	1612441426539	1612441426805	OK	 
USER	GeneralAdmission1	END	1612441426805
USER	GeneralAdmission1	END	1612441426807
REQUEST		BookingDetails	1612441426818	1612441426902	OK	 
REQUEST		BookingDetails	1612441426819	1612441426953	OK	 
REQUEST		BookingDetails	1612441426858	1612441426991	OK	 
REQUEST		BookingDetails	1612441426905	1612441427148	OK	 
REQUEST		ConfirmPayment	1612441426904	1612441427150	OK	 
USER	GeneralAdmission1	END	1612441427152
REQUEST		ConfirmPayment	1612441426955	1612441427170	OK	 
USER	GeneralAdmission1	END	1612441427173
REQUEST		ConfirmPayment	1612441426992	1612441427219	OK	 
USER	GeneralAdmission1	END	1612441427221
REQUEST		BookingDetails	1612441427240	1612441427341	OK	 
REQUEST		BookingDetails	1612441427286	1612441427356	OK	 
REQUEST		ConfirmPayment	1612441427151	1612441427368	OK	 
REQUEST		BookingDetails	1612441427304	1612441427373	OK	 
REQUEST		BookingDetails	1612441427304	1612441427375	OK	 
USER	GeneralAdmission1	END	1612441427376
REQUEST		BookingDetails	1612441427321	1612441427406	OK	 
REQUEST		BookingDetails	1612441427355	1612441427872	OK	 
REQUEST		ConfirmPayment	1612441427357	1612441427872	OK	 
REQUEST		ConfirmPayment	1612441427380	1612441427873	OK	 
REQUEST		BookingDetails	1612441427383	1612441427873	OK	 
USER	GeneralAdmission1	END	1612441427892
REQUEST		ConfirmPayment	1612441427345	1612441427893	OK	 
USER	GeneralAdmission1	END	1612441427903
REQUEST		ConfirmPayment	1612441427375	1612441427905	OK	 
REQUEST		ConfirmPayment	1612441427407	1612441427905	OK	 
USER	GeneralAdmission1	END	1612441427908
USER	GeneralAdmission1	END	1612441427908
USER	GeneralAdmission1	END	1612441427908
REQUEST		BookingDetails	1612441427872	1612441428234	OK	 
REQUEST		BookingDetails	1612441427889	1612441428407	OK	 
REQUEST		BookingDetails	1612441427959	1612441428459	OK	 
REQUEST		ConfirmPayment	1612441427889	1612441428459	OK	 
REQUEST		BookingDetails	1612441427902	1612441428460	OK	 
REQUEST		BookingDetails	1612441427893	1612441428461	OK	 
USER	GeneralAdmission1	END	1612441428469
REQUEST		ConfirmPayment	1612441427891	1612441428483	OK	 
USER	GeneralAdmission1	END	1612441428485
REQUEST		BookingDetails	1612441428070	1612441428558	OK	 
REQUEST		BookingDetails	1612441428181	1612441429218	OK	 
REQUEST		BookingDetails	1612441428181	1612441429370	OK	 
REQUEST		BookingDetails	1612441428180	1612441429831	OK	 
REQUEST		BookingDetails	1612441428201	1612441429966	OK	 
REQUEST		BookingDetails	1612441428201	1612441429967	OK	 
REQUEST		BookingDetails	1612441428202	1612441429968	OK	 
REQUEST		BookingDetails	1612441428215	1612441429976	OK	 
REQUEST		BookingDetails	1612441428216	1612441430100	OK	 
REQUEST		BookingDetails	1612441428509	1612441430102	OK	 
REQUEST		BookingDetails	1612441428215	1612441430102	OK	 
REQUEST		ConfirmPayment	1612441428235	1612441430105	OK	 
REQUEST		BookingDetails	1612441428235	1612441430105	OK	 
USER	GeneralAdmission1	END	1612441430109
REQUEST		BookingDetails	1612441428215	1612441430109	OK	 
REQUEST		BookingDetails	1612441428233	1612441430112	OK	 
REQUEST		BookingDetails	1612441428262	1612441430121	OK	 
REQUEST		BookingDetails	1612441428309	1612441430122	OK	 
REQUEST		BookingDetails	1612441428292	1612441430123	OK	 
REQUEST		BookingDetails	1612441428293	1612441430125	OK	 
REQUEST		BookingDetails	1612441428249	1612441430127	OK	 
REQUEST		BookingDetails	1612441428338	1612441430466	OK	 
REQUEST		BookingDetails	1612441428790	1612441430786	OK	 
REQUEST		ConfirmPayment	1612441429219	1612441430788	OK	 
REQUEST		ConfirmPayment	1612441428410	1612441430788	OK	 
REQUEST		BookingDetails	1612441428773	1612441430790	OK	 
REQUEST		ConfirmPayment	1612441428469	1612441430792	OK	 
USER	GeneralAdmission1	END	1612441430791
REQUEST		ConfirmPayment	1612441428469	1612441430794	OK	 
REQUEST		ConfirmPayment	1612441428467	1612441430799	OK	 
USER	GeneralAdmission1	END	1612441430791
USER	GeneralAdmission1	END	1612441430795
REQUEST		ConfirmPayment	1612441428560	1612441430803	OK	 
REQUEST		BookingDetails	1612441428370	1612441430803	OK	 
REQUEST		BookingDetails	1612441428836	1612441430806	OK	 
USER	GeneralAdmission1	END	1612441430805
USER	GeneralAdmission1	END	1612441430807
REQUEST		BookingDetails	1612441429232	1612441430809	OK	 
USER	GeneralAdmission1	END	1612441430810
REQUEST		BookingDetails	1612441429495	1612441430811	OK	 
REQUEST		BookingDetails	1612441428446	1612441430814	OK	 
REQUEST		BookingDetails	1612441429479	1612441430844	OK	 
REQUEST		BookingDetails	1612441429462	1612441430866	OK	 
REQUEST		BookingDetails	1612441429494	1612441430867	OK	 
REQUEST		ConfirmPayment	1612441429371	1612441430924	OK	 
USER	GeneralAdmission1	END	1612441430927
REQUEST		ConfirmPayment	1612441429833	1612441430972	OK	 
USER	GeneralAdmission1	END	1612441430974
REQUEST		BookingDetails	1612441429495	1612441431280	OK	 
REQUEST		ConfirmPayment	1612441429981	1612441431288	OK	 
REQUEST		ConfirmPayment	1612441429970	1612441431288	OK	 
USER	GeneralAdmission1	END	1612441431291
USER	GeneralAdmission1	END	1612441431291
REQUEST		ConfirmPayment	1612441429969	1612441431344	OK	 
USER	GeneralAdmission1	END	1612441431345
REQUEST		ConfirmPayment	1612441429971	1612441431346	OK	 
USER	GeneralAdmission1	END	1612441431348
REQUEST		ConfirmPayment	1612441430129	1612441431504	OK	 
USER	GeneralAdmission1	END	1612441431506
REQUEST		ConfirmPayment	1612441430102	1612441431558	OK	 
USER	GeneralAdmission1	END	1612441431560
REQUEST		ConfirmPayment	1612441430111	1612441431561	OK	 
REQUEST		ConfirmPayment	1612441430108	1612441431563	OK	 
USER	GeneralAdmission1	END	1612441431565
REQUEST		ConfirmPayment	1612441430125	1612441431566	OK	 
REQUEST		ConfirmPayment	1612441430105	1612441431566	OK	 
USER	GeneralAdmission1	END	1612441431566
USER	GeneralAdmission1	END	1612441431569
USER	GeneralAdmission1	END	1612441431569
REQUEST		ConfirmPayment	1612441430123	1612441431582	OK	 
USER	GeneralAdmission1	END	1612441431584
REQUEST		ConfirmPayment	1612441430114	1612441431598	OK	 
USER	GeneralAdmission1	END	1612441431604
REQUEST		ConfirmPayment	1612441430122	1612441431656	OK	 
REQUEST		ConfirmPayment	1612441430788	1612441431658	OK	 
REQUEST		ConfirmPayment	1612441430808	1612441431660	OK	 
REQUEST		ConfirmPayment	1612441430812	1612441431659	OK	 
REQUEST		ConfirmPayment	1612441430806	1612441431659	OK	 
USER	GeneralAdmission1	END	1612441431660
REQUEST		ConfirmPayment	1612441430796	1612441431673	OK	 
USER	GeneralAdmission1	END	1612441431668
USER	GeneralAdmission1	END	1612441431676
USER	GeneralAdmission1	END	1612441431678
USER	GeneralAdmission1	END	1612441431678
USER	GeneralAdmission1	END	1612441431681
REQUEST		ConfirmPayment	1612441430468	1612441431689	OK	 
USER	GeneralAdmission1	END	1612441431691
REQUEST		ConfirmPayment	1612441430811	1612441431695	OK	 
REQUEST		ConfirmPayment	1612441430868	1612441431695	OK	 
REQUEST		ConfirmPayment	1612441430845	1612441431696	OK	 
REQUEST		ConfirmPayment	1612441430815	1612441431696	OK	 
REQUEST		ConfirmPayment	1612441430869	1612441431696	OK	 
USER	GeneralAdmission1	END	1612441431702
USER	GeneralAdmission1	END	1612441431702
REQUEST		ConfirmPayment	1612441431283	1612441431703	OK	 
USER	GeneralAdmission1	END	1612441431702
USER	GeneralAdmission1	END	1612441431703
USER	GeneralAdmission1	END	1612441431703
USER	GeneralAdmission1	END	1612441431705
REQUEST		ConfirmPayment	1612441430105	1612441432035	OK	 
USER	GeneralAdmission1	END	1612441432037
REQUEST		ConfirmPayment	1612441430127	1612441432095	OK	 
USER	GeneralAdmission1	END	1612441432097
