RUN	GeneralAdmission1	generaladmission1	1612373421679	 	3.5.0
USER	GeneralAdmission1	START	1612373423460
USER	GeneralAdmission1	START	1612373423466
USER	GeneralAdmission1	START	1612373423477
USER	GeneralAdmission1	START	1612373423463
USER	GeneralAdmission1	START	1612373423463
USER	GeneralAdmission1	START	1612373423458
USER	GeneralAdmission1	START	1612373423460
USER	GeneralAdmission1	START	1612373423462
USER	GeneralAdmission1	START	1612373423575
USER	GeneralAdmission1	START	1612373423575
USER	GeneralAdmission1	START	1612373423575
USER	GeneralAdmission1	START	1612373423579
USER	GeneralAdmission1	START	1612373423580
USER	GeneralAdmission1	START	1612373423578
USER	GeneralAdmission1	START	1612373423582
USER	GeneralAdmission1	START	1612373423598
USER	GeneralAdmission1	START	1612373423581
USER	GeneralAdmission1	START	1612373423588
USER	GeneralAdmission1	START	1612373423607
USER	GeneralAdmission1	START	1612373423598
USER	GeneralAdmission1	START	1612373423614
USER	GeneralAdmission1	START	1612373423601
USER	GeneralAdmission1	START	1612373423601
USER	GeneralAdmission1	START	1612373423609
USER	GeneralAdmission1	START	1612373423609
USER	GeneralAdmission1	START	1612373423614
USER	GeneralAdmission1	START	1612373423622
USER	GeneralAdmission1	START	1612373423617
USER	GeneralAdmission1	START	1612373423618
USER	GeneralAdmission1	START	1612373423620
USER	GeneralAdmission1	START	1612373423626
USER	GeneralAdmission1	START	1612373423637
USER	GeneralAdmission1	START	1612373423642
USER	GeneralAdmission1	START	1612373423640
USER	GeneralAdmission1	START	1612373423636
USER	GeneralAdmission1	START	1612373423641
USER	GeneralAdmission1	START	1612373423655
USER	GeneralAdmission1	START	1612373423657
USER	GeneralAdmission1	START	1612373423653
USER	GeneralAdmission1	START	1612373423658
USER	GeneralAdmission1	START	1612373423660
USER	GeneralAdmission1	START	1612373423660
USER	GeneralAdmission1	START	1612373423664
USER	GeneralAdmission1	START	1612373423670
USER	GeneralAdmission1	START	1612373423651
USER	GeneralAdmission1	START	1612373423676
USER	GeneralAdmission1	START	1612373423672
USER	GeneralAdmission1	START	1612373423672
USER	GeneralAdmission1	START	1612373423674
USER	GeneralAdmission1	START	1612373423686
USER	GeneralAdmission1	START	1612373423671
USER	GeneralAdmission1	START	1612373423688
USER	GeneralAdmission1	START	1612373423689
USER	GeneralAdmission1	START	1612373423691
USER	GeneralAdmission1	START	1612373423697
USER	GeneralAdmission1	START	1612373423692
USER	GeneralAdmission1	START	1612373423698
USER	GeneralAdmission1	START	1612373423692
USER	GeneralAdmission1	START	1612373423701
USER	GeneralAdmission1	START	1612373423719
USER	GeneralAdmission1	START	1612373423707
USER	GeneralAdmission1	START	1612373423708
USER	GeneralAdmission1	START	1612373423711
USER	GeneralAdmission1	START	1612373423714
USER	GeneralAdmission1	START	1612373423717
USER	GeneralAdmission1	START	1612373423751
USER	GeneralAdmission1	START	1612373423725
USER	GeneralAdmission1	START	1612373423755
USER	GeneralAdmission1	START	1612373423750
USER	GeneralAdmission1	START	1612373423748
USER	GeneralAdmission1	START	1612373423760
USER	GeneralAdmission1	START	1612373423774
USER	GeneralAdmission1	START	1612373423776
USER	GeneralAdmission1	START	1612373423768
USER	GeneralAdmission1	START	1612373423785
USER	GeneralAdmission1	START	1612373423792
USER	GeneralAdmission1	START	1612373423795
USER	GeneralAdmission1	START	1612373423808
USER	GeneralAdmission1	START	1612373423821
USER	GeneralAdmission1	START	1612373423810
USER	GeneralAdmission1	START	1612373423823
USER	GeneralAdmission1	START	1612373423812
USER	GeneralAdmission1	START	1612373423820
USER	GeneralAdmission1	START	1612373423827
USER	GeneralAdmission1	START	1612373423813
USER	GeneralAdmission1	START	1612373423835
USER	GeneralAdmission1	START	1612373423828
USER	GeneralAdmission1	START	1612373423836
USER	GeneralAdmission1	START	1612373423843
USER	GeneralAdmission1	START	1612373423839
USER	GeneralAdmission1	START	1612373423845
USER	GeneralAdmission1	START	1612373423842
USER	GeneralAdmission1	START	1612373423852
USER	GeneralAdmission1	START	1612373423846
USER	GeneralAdmission1	START	1612373423853
USER	GeneralAdmission1	START	1612373423857
USER	GeneralAdmission1	START	1612373423871
USER	GeneralAdmission1	START	1612373423879
USER	GeneralAdmission1	START	1612373423874
USER	GeneralAdmission1	START	1612373423902
REQUEST		GetToken	1612373423515	1612373424778	OK	 
REQUEST		GetToken	1612373423583	1612373424782	OK	 
REQUEST		GetToken	1612373423515	1612373424934	OK	 
REQUEST		GetToken	1612373423516	1612373424961	OK	 
REQUEST		GetToken	1612373423602	1612373424778	OK	 
REQUEST		GetToken	1612373423585	1612373425017	OK	 
REQUEST		GetToken	1612373423616	1612373425026	OK	 
REQUEST		GetToken	1612373423515	1612373425046	OK	 
REQUEST		GetToken	1612373423638	1612373425051	OK	 
REQUEST		GetToken	1612373423632	1612373425074	OK	 
REQUEST		GetToken	1612373423661	1612373425090	OK	 
REQUEST		GetToken	1612373423782	1612373425232	OK	 
REQUEST		GetToken	1612373423620	1612373425245	OK	 
REQUEST		GetToken	1612373423586	1612373425244	OK	 
REQUEST		GetToken	1612373423599	1612373425270	OK	 
REQUEST		GetToken	1612373423587	1612373425286	OK	 
REQUEST		GetToken	1612373423515	1612373425308	OK	 
REQUEST		GetToken	1612373423651	1612373425312	OK	 
REQUEST		GetToken	1612373423515	1612373425319	OK	 
REQUEST		GetToken	1612373423605	1612373425325	OK	 
REQUEST		GetToken	1612373423595	1612373425347	OK	 
REQUEST		GetToken	1612373423683	1612373425351	OK	 
REQUEST		GetToken	1612373423581	1612373425358	OK	 
REQUEST		GetToken	1612373423611	1612373425371	OK	 
REQUEST		GetToken	1612373423607	1612373425361	OK	 
REQUEST		GetToken	1612373423800	1612373425382	OK	 
REQUEST		GetToken	1612373423649	1612373425408	OK	 
REQUEST		GetToken	1612373423664	1612373425439	OK	 
REQUEST		GetToken	1612373423733	1612373425437	OK	 
REQUEST		GetToken	1612373423638	1612373425463	OK	 
REQUEST		GetToken	1612373423825	1612373425497	OK	 
REQUEST		GetToken	1612373423647	1612373425509	OK	 
REQUEST		GetToken	1612373423854	1612373425522	OK	 
REQUEST		GetToken	1612373423700	1612373425539	OK	 
REQUEST		GetToken	1612373423770	1612373425544	OK	 
REQUEST		GetToken	1612373423771	1612373425549	OK	 
REQUEST		GetToken	1612373423810	1612373425570	OK	 
REQUEST		GetToken	1612373423662	1612373425581	OK	 
REQUEST		GetToken	1612373423817	1612373425594	OK	 
REQUEST		GetToken	1612373423858	1612373425601	OK	 
REQUEST		GetToken	1612373423838	1612373425633	OK	 
REQUEST		GetToken	1612373423862	1612373425663	OK	 
REQUEST		GetToken	1612373423904	1612373425696	OK	 
REQUEST		GetToken	1612373423828	1612373425714	OK	 
REQUEST		GetToken	1612373423812	1612373425758	OK	 
REQUEST		GetToken	1612373423846	1612373425758	OK	 
REQUEST		GetToken	1612373423704	1612373425813	OK	 
REQUEST		GetToken	1612373423619	1612373425869	OK	 
REQUEST		GetToken	1612373423515	1612373425870	OK	 
REQUEST		GetToken	1612373423727	1612373425873	OK	 
REQUEST		GetToken	1612373423583	1612373425886	OK	 
REQUEST		GetToken	1612373423753	1612373425922	OK	 
REQUEST		GetToken	1612373423833	1612373425946	OK	 
REQUEST		GetToken	1612373423862	1612373425947	OK	 
REQUEST		GetToken	1612373423700	1612373425973	OK	 
REQUEST		GetToken	1612373423745	1612373425989	OK	 
REQUEST		GetToken	1612373423862	1612373425994	OK	 
REQUEST		GetToken	1612373423676	1612373426016	OK	 
REQUEST		GetToken	1612373423832	1612373426017	OK	 
REQUEST		GetToken	1612373423803	1612373426038	OK	 
REQUEST		GetToken	1612373423665	1612373426038	OK	 
REQUEST		GetToken	1612373423701	1612373426039	OK	 
REQUEST		GetToken	1612373423606	1612373426073	OK	 
REQUEST		GetToken	1612373423517	1612373426074	OK	 
REQUEST		GetToken	1612373423626	1612373426073	OK	 
REQUEST		GetToken	1612373423703	1612373426089	OK	 
REQUEST		GetToken	1612373423806	1612373426241	OK	 
REQUEST		GetToken	1612373423790	1612373426248	OK	 
REQUEST		GetToken	1612373423673	1612373426249	OK	 
REQUEST		GetToken	1612373423821	1612373426266	OK	 
REQUEST		GetToken	1612373423681	1612373426406	OK	 
REQUEST		GetToken	1612373423675	1612373426409	OK	 
REQUEST		GetToken	1612373423830	1612373426421	OK	 
REQUEST		GetToken	1612373423785	1612373426431	OK	 
REQUEST		GetToken	1612373423721	1612373426457	OK	 
REQUEST		GetToken	1612373423663	1612373426487	OK	 
REQUEST		GetToken	1612373423686	1612373426496	OK	 
REQUEST		GetToken	1612373423892	1612373426512	OK	 
REQUEST		GetToken	1612373423749	1612373426505	OK	 
REQUEST		GetToken	1612373423651	1612373426525	OK	 
REQUEST		GetToken	1612373423856	1612373426534	OK	 
REQUEST		GetToken	1612373423652	1612373426607	OK	 
REQUEST		GetToken	1612373423682	1612373426609	OK	 
REQUEST		GetToken	1612373423737	1612373426615	OK	 
REQUEST		GetToken	1612373423626	1612373426616	OK	 
REQUEST		GetToken	1612373423845	1612373426620	OK	 
REQUEST		GetToken	1612373423694	1612373426647	OK	 
REQUEST		GetToken	1612373423847	1612373426647	OK	 
REQUEST		GetToken	1612373423705	1612373426662	OK	 
REQUEST		GetToken	1612373423869	1612373426664	OK	 
REQUEST		GetToken	1612373423725	1612373426679	OK	 
REQUEST		GetToken	1612373423614	1612373426700	OK	 
REQUEST		GetToken	1612373423647	1612373426710	OK	 
REQUEST		GetToken	1612373423663	1612373426720	OK	 
REQUEST		GetToken	1612373423681	1612373426725	OK	 
REQUEST		GetToken	1612373423705	1612373426734	OK	 
REQUEST		GetToken	1612373423741	1612373426739	OK	 
REQUEST		GetToken	1612373423900	1612373426988	OK	 
REQUEST		GetToken	1612373423891	1612373426989	OK	 
REQUEST		GetToken	1612373423825	1612373427015	OK	 
REQUEST		AddToCart	1612373430015	1612373430179	OK	 
REQUEST		AddToCart	1612373430016	1612373430180	OK	 
REQUEST		AddToCart	1612373430016	1612373430179	OK	 
REQUEST		AddToCart	1612373430015	1612373430181	OK	 
REQUEST		AddToCart	1612373430061	1612373430191	OK	 
REQUEST		AddToCart	1612373430042	1612373430191	OK	 
REQUEST		AddToCart	1612373430040	1612373430191	OK	 
REQUEST		AddToCart	1612373430016	1612373430214	OK	 
REQUEST		AddToCart	1612373430091	1612373430240	OK	 
REQUEST		AddToCart	1612373430075	1612373430240	OK	 
REQUEST		AddToCart	1612373430102	1612373430247	OK	 
REQUEST		AddToCart	1612373430283	1612373430326	OK	 
REQUEST		AddToCart	1612373430297	1612373430349	OK	 
REQUEST		AddToCart	1612373430287	1612373430349	OK	 
REQUEST		AddToCart	1612373430297	1612373430349	OK	 
REQUEST		AddToCart	1612373430319	1612373430364	OK	 
REQUEST		AddToCart	1612373430341	1612373430380	OK	 
REQUEST		AddToCart	1612373430336	1612373430383	OK	 
REQUEST		AddToCart	1612373430347	1612373430396	OK	 
REQUEST		AddToCart	1612373430357	1612373430402	OK	 
REQUEST		AddToCart	1612373430387	1612373430443	OK	 
REQUEST		AddToCart	1612373430402	1612373430471	OK	 
REQUEST		AddToCart	1612373430414	1612373430475	OK	 
REQUEST		AddToCart	1612373430417	1612373430490	OK	 
REQUEST		AddToCart	1612373430403	1612373430490	OK	 
REQUEST		AddToCart	1612373430426	1612373430503	OK	 
REQUEST		AddToCart	1612373430430	1612373430509	OK	 
REQUEST		AddToCart	1612373430483	1612373430539	OK	 
REQUEST		AddToCart	1612373430483	1612373430544	OK	 
REQUEST		AddToCart	1612373430487	1612373430545	OK	 
REQUEST		AddToCart	1612373430521	1612373430573	OK	 
REQUEST		AddToCart	1612373430536	1612373430587	OK	 
REQUEST		AddToCart	1612373430539	1612373430592	OK	 
REQUEST		AddToCart	1612373430562	1612373430598	OK	 
REQUEST		AddToCart	1612373430566	1612373430615	OK	 
REQUEST		AddToCart	1612373430573	1612373430638	OK	 
REQUEST		AddToCart	1612373430587	1612373430651	OK	 
REQUEST		AddToCart	1612373430612	1612373430664	OK	 
REQUEST		AddToCart	1612373430624	1612373430702	OK	 
REQUEST		AddToCart	1612373430633	1612373430705	OK	 
REQUEST		AddToCart	1612373430650	1612373430719	OK	 
REQUEST		AddToCart	1612373430684	1612373430739	OK	 
REQUEST		AddToCart	1612373430725	1612373430775	OK	 
REQUEST		AddToCart	1612373430713	1612373430776	OK	 
REQUEST		AddToCart	1612373430769	1612373430814	OK	 
REQUEST		AddToCart	1612373430770	1612373430839	OK	 
REQUEST		AddToCart	1612373430820	1612373430879	OK	 
REQUEST		AddToCart	1612373430882	1612373430935	OK	 
REQUEST		AddToCart	1612373430884	1612373430958	OK	 
REQUEST		AddToCart	1612373430886	1612373430965	OK	 
REQUEST		AddToCart	1612373430894	1612373430966	OK	 
REQUEST		AddToCart	1612373430928	1612373430976	OK	 
REQUEST		AddToCart	1612373430956	1612373431006	OK	 
REQUEST		AddToCart	1612373430979	1612373431014	OK	 
REQUEST		AddToCart	1612373430959	1612373431015	OK	 
REQUEST		AddToCart	1612373430995	1612373431109	OK	 
REQUEST		AddToCart	1612373431002	1612373431112	OK	 
REQUEST		AddToCart	1612373431028	1612373431121	OK	 
REQUEST		AddToCart	1612373431028	1612373431206	OK	 
REQUEST		AddToCart	1612373431053	1612373431256	OK	 
REQUEST		AddToCart	1612373431085	1612373431279	OK	 
REQUEST		AddToCart	1612373431057	1612373431280	OK	 
REQUEST		AddToCart	1612373431090	1612373431285	OK	 
REQUEST		AddToCart	1612373431058	1612373431285	OK	 
REQUEST		AddToCart	1612373431094	1612373431295	OK	 
REQUEST		AddToCart	1612373431088	1612373431298	OK	 
REQUEST		AddToCart	1612373431254	1612373431305	OK	 
REQUEST		AddToCart	1612373431260	1612373431347	OK	 
REQUEST		AddToCart	1612373431261	1612373431383	OK	 
REQUEST		AddToCart	1612373431274	1612373431383	OK	 
REQUEST		AddToCart	1612373431413	1612373431456	OK	 
REQUEST		AddToCart	1612373431429	1612373431505	OK	 
REQUEST		AddToCart	1612373431421	1612373431508	OK	 
REQUEST		AddToCart	1612373431464	1612373431533	OK	 
REQUEST		AddToCart	1612373431437	1612373431532	OK	 
REQUEST		AddToCart	1612373431505	1612373431595	OK	 
REQUEST		AddToCart	1612373431532	1612373431611	OK	 
REQUEST		AddToCart	1612373431543	1612373431623	OK	 
REQUEST		AddToCart	1612373431551	1612373431663	OK	 
REQUEST		AddToCart	1612373431557	1612373431661	OK	 
REQUEST		AddToCart	1612373431544	1612373431672	OK	 
REQUEST		AddToCart	1612373431635	1612373431696	OK	 
REQUEST		AddToCart	1612373431637	1612373431727	OK	 
REQUEST		AddToCart	1612373431640	1612373431743	OK	 
REQUEST		AddToCart	1612373431640	1612373431878	OK	 
REQUEST		AddToCart	1612373431652	1612373431965	OK	 
REQUEST		AddToCart	1612373431679	1612373431968	OK	 
REQUEST		AddToCart	1612373431675	1612373431971	OK	 
REQUEST		AddToCart	1612373431661	1612373431972	OK	 
REQUEST		AddToCart	1612373431659	1612373431979	OK	 
REQUEST		AddToCart	1612373431708	1612373431996	OK	 
REQUEST		AddToCart	1612373431687	1612373432002	OK	 
REQUEST		AddToCart	1612373431727	1612373432012	OK	 
REQUEST		AddToCart	1612373431735	1612373432015	OK	 
REQUEST		AddToCart	1612373431737	1612373432019	OK	 
REQUEST		AddToCart	1612373431740	1612373432027	OK	 
REQUEST		AddToCart	1612373431748	1612373432031	OK	 
REQUEST		AddToCart	1612373432001	1612373432161	OK	 
REQUEST		AddToCart	1612373432001	1612373432173	OK	 
REQUEST		AddToCart	1612373432019	1612373432173	OK	 
REQUEST		AddToCart	1612373433190	1612373433256	OK	 
REQUEST		AddToCart	1612373433190	1612373433262	OK	 
REQUEST		AddToCart	1612373433188	1612373433265	OK	 
REQUEST		AddToCart	1612373433201	1612373433270	OK	 
REQUEST		AddToCart	1612373433197	1612373433277	OK	 
REQUEST		AddToCart	1612373433202	1612373433278	OK	 
REQUEST		AddToCart	1612373433193	1612373433278	OK	 
REQUEST		AddToCart	1612373433218	1612373433290	OK	 
REQUEST		AddToCart	1612373433247	1612373433333	OK	 
REQUEST		AddToCart	1612373433250	1612373433334	OK	 
REQUEST		AddToCart	1612373433254	1612373433340	OK	 
REQUEST		AddToCart	1612373433340	1612373433394	OK	 
REQUEST		AddToCart	1612373433359	1612373433436	OK	 
REQUEST		AddToCart	1612373433360	1612373433439	OK	 
REQUEST		AddToCart	1612373433360	1612373433439	OK	 
REQUEST		AddToCart	1612373433384	1612373433445	OK	 
REQUEST		AddToCart	1612373433387	1612373433452	OK	 
REQUEST		AddToCart	1612373433370	1612373433452	OK	 
REQUEST		AddToCart	1612373433403	1612373433476	OK	 
REQUEST		AddToCart	1612373433407	1612373433487	OK	 
REQUEST		AddToCart	1612373433453	1612373433516	OK	 
REQUEST		AddToCart	1612373433481	1612373433536	OK	 
REQUEST		AddToCart	1612373433474	1612373433536	OK	 
REQUEST		AddToCart	1612373433500	1612373433571	OK	 
REQUEST		AddToCart	1612373433511	1612373433576	OK	 
REQUEST		AddToCart	1612373433513	1612373433583	OK	 
REQUEST		AddToCart	1612373433499	1612373433584	OK	 
REQUEST		AddToCart	1612373433545	1612373433596	OK	 
REQUEST		AddToCart	1612373433555	1612373433606	OK	 
REQUEST		AddToCart	1612373433555	1612373433612	OK	 
REQUEST		AddToCart	1612373433587	1612373433645	OK	 
REQUEST		AddToCart	1612373433597	1612373433677	OK	 
REQUEST		AddToCart	1612373433604	1612373433693	OK	 
REQUEST		AddToCart	1612373433607	1612373433699	OK	 
REQUEST		AddToCart	1612373433623	1612373433706	OK	 
REQUEST		AddToCart	1612373433658	1612373433744	OK	 
REQUEST		AddToCart	1612373433646	1612373433751	OK	 
REQUEST		AddToCart	1612373433671	1612373433788	OK	 
REQUEST		AddToCart	1612373433708	1612373433808	OK	 
REQUEST		AddToCart	1612373433709	1612373433844	OK	 
REQUEST		AddToCart	1612373433727	1612373433850	OK	 
REQUEST		AddToCart	1612373433744	1612373433858	OK	 
REQUEST		AddToCart	1612373433786	1612373433889	OK	 
REQUEST		AddToCart	1612373433783	1612373433897	OK	 
REQUEST		AddToCart	1612373433821	1612373433908	OK	 
REQUEST		AddToCart	1612373433844	1612373433914	OK	 
REQUEST		AddToCart	1612373433883	1612373433925	OK	 
REQUEST		AddToCart	1612373433944	1612373433991	OK	 
REQUEST		AddToCart	1612373433973	1612373434016	OK	 
REQUEST		AddToCart	1612373433967	1612373434021	OK	 
REQUEST		AddToCart	1612373433973	1612373434033	OK	 
REQUEST		AddToCart	1612373433980	1612373434041	OK	 
REQUEST		AddToCart	1612373434014	1612373434052	OK	 
REQUEST		AddToCart	1612373434022	1612373434065	OK	 
REQUEST		AddToCart	1612373434022	1612373434081	OK	 
REQUEST		AddToCart	1612373434114	1612373434177	OK	 
REQUEST		AddToCart	1612373434127	1612373434180	OK	 
REQUEST		AddToCart	1612373434117	1612373434181	OK	 
REQUEST		AddToCart	1612373434211	1612373434269	OK	 
REQUEST		AddToCart	1612373434262	1612373434298	OK	 
REQUEST		AddToCart	1612373434285	1612373434332	OK	 
REQUEST		AddToCart	1612373434286	1612373434339	OK	 
REQUEST		AddToCart	1612373434296	1612373434358	OK	 
REQUEST		AddToCart	1612373434296	1612373434363	OK	 
REQUEST		AddToCart	1612373434306	1612373434369	OK	 
REQUEST		AddToCart	1612373434309	1612373434372	OK	 
REQUEST		AddToCart	1612373434299	1612373434373	OK	 
REQUEST		AddToCart	1612373434352	1612373434391	OK	 
REQUEST		AddToCart	1612373434389	1612373434435	OK	 
REQUEST		AddToCart	1612373434390	1612373434437	OK	 
REQUEST		AddToCart	1612373434464	1612373434516	OK	 
REQUEST		AddToCart	1612373434534	1612373434576	OK	 
REQUEST		AddToCart	1612373434539	1612373434580	OK	 
REQUEST		AddToCart	1612373434552	1612373434594	OK	 
REQUEST		AddToCart	1612373434554	1612373434605	OK	 
REQUEST		AddToCart	1612373434602	1612373434649	OK	 
REQUEST		AddToCart	1612373434616	1612373434667	OK	 
REQUEST		AddToCart	1612373434627	1612373434676	OK	 
REQUEST		AddToCart	1612373434676	1612373434729	OK	 
REQUEST		AddToCart	1612373434676	1612373434733	OK	 
REQUEST		AddToCart	1612373434681	1612373434749	OK	 
REQUEST		AddToCart	1612373434701	1612373434772	OK	 
REQUEST		AddToCart	1612373434737	1612373434797	OK	 
REQUEST		AddToCart	1612373434754	1612373434805	OK	 
REQUEST		AddToCart	1612373434881	1612373435055	OK	 
REQUEST		AddToCart	1612373434969	1612373435069	OK	 
REQUEST		AddToCart	1612373434973	1612373435116	OK	 
REQUEST		AddToCart	1612373434982	1612373435120	OK	 
REQUEST		AddToCart	1612373435018	1612373435145	OK	 
REQUEST		AddToCart	1612373435009	1612373435148	OK	 
REQUEST		AddToCart	1612373435001	1612373435151	OK	 
REQUEST		AddToCart	1612373434982	1612373435152	OK	 
REQUEST		AddToCart	1612373434984	1612373435162	OK	 
REQUEST		AddToCart	1612373435016	1612373435164	OK	 
REQUEST		AddToCart	1612373435027	1612373435171	OK	 
REQUEST		AddToCart	1612373435031	1612373435175	OK	 
REQUEST		AddToCart	1612373435037	1612373435184	OK	 
REQUEST		AddToCart	1612373435165	1612373435219	OK	 
REQUEST		AddToCart	1612373435182	1612373435247	OK	 
REQUEST		AddToCart	1612373435182	1612373435252	OK	 
REQUEST		CreateGeneral	1612373436267	1612373436456	OK	 
REQUEST		CreateGeneral	1612373436264	1612373436467	OK	 
REQUEST		CreateGeneral	1612373436270	1612373436503	OK	 
REQUEST		CreateGeneral	1612373436278	1612373436504	OK	 
REQUEST		CreateGeneral	1612373436292	1612373436562	OK	 
REQUEST		CreateGeneral	1612373436290	1612373436591	OK	 
REQUEST		CreateGeneral	1612373436290	1612373436604	OK	 
REQUEST		CreateGeneral	1612373436294	1612373436604	OK	 
REQUEST		CreateGeneral	1612373436340	1612373436665	OK	 
REQUEST		CreateGeneral	1612373436441	1612373436675	KO	status.find.is(200), but actually found 400
REQUEST		CreateGeneral	1612373436341	1612373436688	OK	 
REQUEST		CreateGeneral	1612373436446	1612373436733	KO	status.find.is(200), but actually found 400
REQUEST		CreateGeneral	1612373436399	1612373436782	OK	 
REQUEST		CreateGeneral	1612373436352	1612373436782	OK	 
REQUEST		CreateGeneral	1612373436460	1612373436827	OK	 
REQUEST		CreateGeneral	1612373436484	1612373436848	OK	 
REQUEST		CreateGeneral	1612373436446	1612373436851	OK	 
REQUEST		CreateGeneral	1612373436454	1612373436872	OK	 
REQUEST		CreateGeneral	1612373436546	1612373437089	OK	 
REQUEST		CreateGeneral	1612373436585	1612373437139	OK	 
REQUEST		CreateGeneral	1612373436578	1612373437161	OK	 
REQUEST		CreateGeneral	1612373436709	1612373437161	KO	status.find.is(200), but actually found 400
REQUEST		CreateGeneral	1612373436598	1612373437272	OK	 
REQUEST		CreateGeneral	1612373436622	1612373437284	OK	 
REQUEST		CreateGeneral	1612373436610	1612373437288	OK	 
REQUEST		CreateGeneral	1612373436459	1612373437302	OK	 
REQUEST		CreateGeneral	1612373436598	1612373437352	OK	 
REQUEST		CreateGeneral	1612373436616	1612373437356	OK	 
REQUEST		CreateGeneral	1612373436683	1612373437356	OK	 
REQUEST		CreateGeneral	1612373436652	1612373437353	OK	 
REQUEST		CreateGeneral	1612373436492	1612373437399	OK	 
REQUEST		CreateGeneral	1612373436523	1612373437419	OK	 
REQUEST		CreateGeneral	1612373436698	1612373437431	OK	 
REQUEST		CreateGeneral	1612373436709	1612373437439	OK	 
REQUEST		CreateGeneral	1612373436753	1612373437444	OK	 
REQUEST		CreateGeneral	1612373436794	1612373437457	OK	 
REQUEST		CreateGeneral	1612373436814	1612373437637	OK	 
REQUEST		CreateGeneral	1612373436850	1612373437721	OK	 
REQUEST		CreateGeneral	1612373436861	1612373437829	OK	 
REQUEST		CreateGeneral	1612373436894	1612373437891	OK	 
REQUEST		CreateGeneral	1612373436859	1612373437894	OK	 
REQUEST		CreateGeneral	1612373436903	1612373438047	OK	 
REQUEST		CreateGeneral	1612373436919	1612373438121	OK	 
REQUEST		CreateGeneral	1612373436924	1612373438163	OK	 
REQUEST		CreateGeneral	1612373437046	1612373438248	OK	 
REQUEST		CreateGeneral	1612373436933	1612373438423	OK	 
REQUEST		CreateGeneral	1612373437046	1612373438423	OK	 
REQUEST		CreateGeneral	1612373437059	1612373438423	OK	 
REQUEST		CreateGeneral	1612373437182	1612373438423	OK	 
REQUEST		CreateGeneral	1612373437035	1612373438423	OK	 
REQUEST		CreateGeneral	1612373437190	1612373438438	OK	 
REQUEST		CreateGeneral	1612373436545	1612373438438	OK	 
REQUEST		CreateGeneral	1612373437069	1612373438439	OK	 
REQUEST		CreateGeneral	1612373437086	1612373438451	OK	 
REQUEST		CreateGeneral	1612373437337	1612373438452	OK	 
REQUEST		CreateGeneral	1612373437275	1612373438457	OK	 
REQUEST		CreateGeneral	1612373437190	1612373438463	OK	 
REQUEST		CreateGeneral	1612373437305	1612373438474	OK	 
REQUEST		CreateGeneral	1612373436996	1612373438549	OK	 
REQUEST		CreateGeneral	1612373437350	1612373438550	OK	 
REQUEST		CreateGeneral	1612373437374	1612373438570	OK	 
REQUEST		CreateGeneral	1612373437368	1612373438578	OK	 
REQUEST		CreateGeneral	1612373437396	1612373438639	OK	 
REQUEST		CreateGeneral	1612373437383	1612373438655	OK	 
REQUEST		CreateGeneral	1612373437382	1612373438675	OK	 
REQUEST		CreateGeneral	1612373437520	1612373438769	OK	 
REQUEST		CreateGeneral	1612373437375	1612373438772	OK	 
REQUEST		CreateGeneral	1612373437443	1612373438772	OK	 
REQUEST		CreateGeneral	1612373437444	1612373438781	OK	 
REQUEST		CreateGeneral	1612373436760	1612373438784	OK	 
REQUEST		CreateGeneral	1612373437581	1612373438955	OK	 
REQUEST		CreateGeneral	1612373437612	1612373439058	OK	 
REQUEST		CreateGeneral	1612373437682	1612373439060	OK	 
REQUEST		CreateGeneral	1612373437678	1612373439063	OK	 
REQUEST		CreateGeneral	1612373437586	1612373439066	OK	 
REQUEST		CreateGeneral	1612373437601	1612373439071	OK	 
REQUEST		CreateGeneral	1612373437756	1612373439079	OK	 
REQUEST		CreateGeneral	1612373437654	1612373439086	OK	 
REQUEST		CreateGeneral	1612373438085	1612373439097	OK	 
REQUEST		CreateGeneral	1612373437777	1612373439088	OK	 
REQUEST		CreateGeneral	1612373437023	1612373439097	OK	 
REQUEST		CreateGeneral	1612373438063	1612373439097	OK	 
REQUEST		CreateGeneral	1612373437734	1612373439107	OK	 
REQUEST		CreateGeneral	1612373437801	1612373439120	OK	 
REQUEST		CreateGeneral	1612373438128	1612373439121	OK	 
REQUEST		CreateGeneral	1612373437738	1612373439121	OK	 
REQUEST		CreateGeneral	1612373437813	1612373439121	OK	 
REQUEST		CreateGeneral	1612373438124	1612373439135	OK	 
REQUEST		CreateGeneral	1612373438163	1612373439210	OK	 
REQUEST		CreateGeneral	1612373438163	1612373439211	OK	 
REQUEST		CreateGeneral	1612373438153	1612373439211	OK	 
REQUEST		CreateGeneral	1612373438253	1612373439213	OK	 
REQUEST		CreateGeneral	1612373438259	1612373439217	OK	 
REQUEST		CreateGeneral	1612373438174	1612373439226	OK	 
REQUEST		CreateGeneral	1612373438149	1612373439234	OK	 
REQUEST		CreateGeneral	1612373438176	1612373439238	OK	 
REQUEST		CreateGeneral	1612373438186	1612373439249	OK	 
REQUEST		CreateGeneral	1612373438223	1612373439261	OK	 
REQUEST		CreateGeneral	1612373438189	1612373439269	OK	 
REQUEST		CreateGeneral	1612373438167	1612373440189	OK	 
REQUEST		BookingDetails	1612373440460	1612373440513	OK	 
REQUEST		BookingDetails	1612373440472	1612373440518	OK	 
REQUEST		BookingDetails	1612373440516	1612373440575	OK	 
REQUEST		BookingDetails	1612373440529	1612373440582	OK	 
ERROR	BookingDetails: Failed to build request: No attribute named 'checkoutTokenID' is defined 	1612373440682
ERROR	ConfirmPayment: Failed to build request: No attribute named 'checkoutTokenID' is defined 	1612373440683
USER	GeneralAdmission1	END	1612373440687
REQUEST		BookingDetails	1612373440597	1612373440726	OK	 
REQUEST		ConfirmPayment	1612373440516	1612373440728	OK	 
REQUEST		BookingDetails	1612373440566	1612373440733	OK	 
REQUEST		BookingDetails	1612373440612	1612373440733	OK	 
REQUEST		BookingDetails	1612373440612	1612373440735	OK	 
USER	GeneralAdmission1	END	1612373440753
ERROR	BookingDetails: Failed to build request: No attribute named 'checkoutTokenID' is defined 	1612373440757
ERROR	ConfirmPayment: Failed to build request: No attribute named 'checkoutTokenID' is defined 	1612373440760
REQUEST		ConfirmPayment	1612373440525	1612373440759	OK	 
REQUEST		ConfirmPayment	1612373440587	1612373440760	OK	 
USER	GeneralAdmission1	END	1612373440768
REQUEST		ConfirmPayment	1612373440580	1612373440769	OK	 
USER	GeneralAdmission1	END	1612373440768
USER	GeneralAdmission1	END	1612373440769
USER	GeneralAdmission1	END	1612373440777
REQUEST		BookingDetails	1612373440670	1612373440798	OK	 
REQUEST		BookingDetails	1612373440693	1612373441000	OK	 
REQUEST		BookingDetails	1612373440787	1612373441154	OK	 
ERROR	BookingDetails: Failed to build request: No attribute named 'checkoutTokenID' is defined 	1612373441170
ERROR	ConfirmPayment: Failed to build request: No attribute named 'checkoutTokenID' is defined 	1612373441170
USER	GeneralAdmission1	END	1612373441171
REQUEST		BookingDetails	1612373440852	1612373441192	OK	 
REQUEST		BookingDetails	1612373440831	1612373441199	OK	 
REQUEST		ConfirmPayment	1612373440757	1612373441198	OK	 
REQUEST		ConfirmPayment	1612373440754	1612373441206	OK	 
REQUEST		ConfirmPayment	1612373440742	1612373441219	OK	 
USER	GeneralAdmission1	END	1612373441222
REQUEST		BookingDetails	1612373440876	1612373441227	OK	 
USER	GeneralAdmission1	END	1612373441227
REQUEST		BookingDetails	1612373440854	1612373441234	OK	 
USER	GeneralAdmission1	END	1612373441227
REQUEST		ConfirmPayment	1612373440757	1612373441237	OK	 
USER	GeneralAdmission1	END	1612373441249
REQUEST		ConfirmPayment	1612373440801	1612373441250	OK	 
USER	GeneralAdmission1	END	1612373441254
REQUEST		BookingDetails	1612373440788	1612373441258	OK	 
REQUEST		ConfirmPayment	1612373441002	1612373441325	OK	 
REQUEST		BookingDetails	1612373441094	1612373441329	OK	 
USER	GeneralAdmission1	END	1612373441330
REQUEST		BookingDetails	1612373441143	1612373441465	OK	 
REQUEST		BookingDetails	1612373441168	1612373441740	OK	 
REQUEST		ConfirmPayment	1612373441159	1612373441890	OK	 
USER	GeneralAdmission1	END	1612373441894
REQUEST		ConfirmPayment	1612373441205	1612373441953	OK	 
REQUEST		BookingDetails	1612373441276	1612373441956	OK	 
USER	GeneralAdmission1	END	1612373441957
REQUEST		ConfirmPayment	1612373441222	1612373441971	OK	 
USER	GeneralAdmission1	END	1612373441980
REQUEST		ConfirmPayment	1612373441246	1612373441983	OK	 
REQUEST		ConfirmPayment	1612373441261	1612373441983	OK	 
REQUEST		BookingDetails	1612373441291	1612373441984	OK	 
REQUEST		ConfirmPayment	1612373441234	1612373441984	OK	 
REQUEST		BookingDetails	1612373441311	1612373441993	OK	 
USER	GeneralAdmission1	END	1612373442003
USER	GeneralAdmission1	END	1612373442003
REQUEST		BookingDetails	1612373441369	1612373442007	OK	 
USER	GeneralAdmission1	END	1612373442006
REQUEST		BookingDetails	1612373441357	1612373442016	OK	 
REQUEST		BookingDetails	1612373441294	1612373442015	OK	 
REQUEST		BookingDetails	1612373441370	1612373442029	OK	 
REQUEST		ConfirmPayment	1612373441338	1612373442036	OK	 
REQUEST		BookingDetails	1612373441424	1612373442036	OK	 
REQUEST		BookingDetails	1612373441403	1612373442039	OK	 
USER	GeneralAdmission1	END	1612373442053
REQUEST		BookingDetails	1612373441461	1612373442057	OK	 
REQUEST		BookingDetails	1612373441444	1612373442071	OK	 
REQUEST		BookingDetails	1612373441449	1612373442071	OK	 
REQUEST		BookingDetails	1612373441641	1612373442085	OK	 
REQUEST		ConfirmPayment	1612373441475	1612373442110	OK	 
REQUEST		BookingDetails	1612373441436	1612373442115	OK	 
USER	GeneralAdmission1	END	1612373442116
REQUEST		BookingDetails	1612373441370	1612373442121	OK	 
REQUEST		BookingDetails	1612373441726	1612373442208	OK	 
REQUEST		BookingDetails	1612373441833	1612373442486	OK	 
REQUEST		BookingDetails	1612373441898	1612373442491	OK	 
REQUEST		ConfirmPayment	1612373441960	1612373442981	OK	 
REQUEST		ConfirmPayment	1612373441745	1612373442984	OK	 
USER	GeneralAdmission1	END	1612373442994
REQUEST		BookingDetails	1612373441894	1612373442999	OK	 
USER	GeneralAdmission1	END	1612373443000
REQUEST		ConfirmPayment	1612373442016	1612373443059	OK	 
USER	GeneralAdmission1	END	1612373443063
REQUEST		ConfirmPayment	1612373442005	1612373443064	OK	 
USER	GeneralAdmission1	END	1612373443067
REQUEST		ConfirmPayment	1612373442022	1612373443098	OK	 
REQUEST		ConfirmPayment	1612373442006	1612373443099	OK	 
USER	GeneralAdmission1	END	1612373443108
USER	GeneralAdmission1	END	1612373443109
REQUEST		ConfirmPayment	1612373442054	1612373443112	OK	 
USER	GeneralAdmission1	END	1612373443120
REQUEST		BookingDetails	1612373442054	1612373443120	OK	 
REQUEST		ConfirmPayment	1612373442022	1612373443133	OK	 
USER	GeneralAdmission1	END	1612373443139
REQUEST		ConfirmPayment	1612373442033	1612373443141	OK	 
REQUEST		ConfirmPayment	1612373442054	1612373443148	OK	 
USER	GeneralAdmission1	END	1612373443148
USER	GeneralAdmission1	END	1612373443151
REQUEST		BookingDetails	1612373442127	1612373443153	OK	 
REQUEST		BookingDetails	1612373442169	1612373443192	OK	 
REQUEST		ConfirmPayment	1612373442084	1612373443576	OK	 
REQUEST		ConfirmPayment	1612373442065	1612373443577	OK	 
REQUEST		ConfirmPayment	1612373442089	1612373443582	OK	 
USER	GeneralAdmission1	END	1612373443583
USER	GeneralAdmission1	END	1612373443583
REQUEST		ConfirmPayment	1612373442082	1612373443591	OK	 
USER	GeneralAdmission1	END	1612373443591
REQUEST		BookingDetails	1612373442253	1612373443594	OK	 
USER	GeneralAdmission1	END	1612373443595
REQUEST		ConfirmPayment	1612373442119	1612373443602	OK	 
USER	GeneralAdmission1	END	1612373443607
REQUEST		BookingDetails	1612373442477	1612373443661	OK	 
REQUEST		BookingDetails	1612373442439	1612373443666	OK	 
REQUEST		ConfirmPayment	1612373442211	1612373443666	OK	 
REQUEST		BookingDetails	1612373442439	1612373443679	OK	 
REQUEST		ConfirmPayment	1612373442126	1612373443679	OK	 
USER	GeneralAdmission1	END	1612373443680
USER	GeneralAdmission1	END	1612373443691
REQUEST		BookingDetails	1612373442474	1612373443791	OK	 
REQUEST		BookingDetails	1612373442457	1612373443854	OK	 
REQUEST		BookingDetails	1612373442784	1612373443858	OK	 
REQUEST		BookingDetails	1612373442457	1612373443858	OK	 
REQUEST		BookingDetails	1612373442439	1612373443926	OK	 
REQUEST		BookingDetails	1612373442440	1612373443930	OK	 
REQUEST		BookingDetails	1612373442440	1612373443931	OK	 
REQUEST		ConfirmPayment	1612373442497	1612373444152	OK	 
USER	GeneralAdmission1	END	1612373444155
REQUEST		BookingDetails	1612373442452	1612373444309	OK	 
REQUEST		BookingDetails	1612373442463	1612373444383	OK	 
REQUEST		BookingDetails	1612373442452	1612373444387	OK	 
REQUEST		BookingDetails	1612373442452	1612373444387	OK	 
REQUEST		BookingDetails	1612373442784	1612373444398	OK	 
REQUEST		ConfirmPayment	1612373442489	1612373444398	OK	 
USER	GeneralAdmission1	END	1612373444408
REQUEST		BookingDetails	1612373442561	1612373444410	OK	 
REQUEST		BookingDetails	1612373442574	1612373444505	OK	 
REQUEST		BookingDetails	1612373442564	1612373444510	OK	 
REQUEST		BookingDetails	1612373442588	1612373444517	OK	 
REQUEST		BookingDetails	1612373442643	1612373444544	OK	 
REQUEST		BookingDetails	1612373442659	1612373444574	OK	 
REQUEST		BookingDetails	1612373442679	1612373444577	OK	 
REQUEST		BookingDetails	1612373442789	1612373444986	OK	 
REQUEST		BookingDetails	1612373442959	1612373445106	OK	 
REQUEST		BookingDetails	1612373443070	1612373445108	OK	 
REQUEST		BookingDetails	1612373442782	1612373445132	OK	 
REQUEST		BookingDetails	1612373443108	1612373445147	OK	 
REQUEST		BookingDetails	1612373443073	1612373445174	OK	 
REQUEST		BookingDetails	1612373443089	1612373445182	OK	 
REQUEST		BookingDetails	1612373443076	1612373445182	OK	 
REQUEST		BookingDetails	1612373443088	1612373445194	OK	 
REQUEST		BookingDetails	1612373443108	1612373445199	OK	 
REQUEST		ConfirmPayment	1612373443003	1612373445218	OK	 
REQUEST		ConfirmPayment	1612373443158	1612373445218	OK	 
USER	GeneralAdmission1	END	1612373445224
USER	GeneralAdmission1	END	1612373445224
REQUEST		ConfirmPayment	1612373443196	1612373445253	OK	 
USER	GeneralAdmission1	END	1612373445258
REQUEST		BookingDetails	1612373443113	1612373445299	OK	 
REQUEST		BookingDetails	1612373442786	1612373445387	OK	 
REQUEST		BookingDetails	1612373443135	1612373445390	OK	 
REQUEST		BookingDetails	1612373443108	1612373445390	OK	 
REQUEST		BookingDetails	1612373443134	1612373445410	OK	 
REQUEST		BookingDetails	1612373443126	1612373445410	OK	 
REQUEST		BookingDetails	1612373443135	1612373445417	OK	 
REQUEST		BookingDetails	1612373443120	1612373445426	OK	 
REQUEST		BookingDetails	1612373443121	1612373445461	OK	 
REQUEST		ConfirmPayment	1612373443126	1612373445638	OK	 
REQUEST		BookingDetails	1612373443139	1612373445639	OK	 
REQUEST		BookingDetails	1612373443227	1612373445646	OK	 
USER	GeneralAdmission1	END	1612373445650
REQUEST		BookingDetails	1612373443150	1612373445654	OK	 
REQUEST		ConfirmPayment	1612373443858	1612373445789	OK	 
REQUEST		BookingDetails	1612373443225	1612373445789	OK	 
REQUEST		BookingDetails	1612373443227	1612373445788	OK	 
USER	GeneralAdmission1	END	1612373445801
REQUEST		BookingDetails	1612373443227	1612373445802	OK	 
REQUEST		BookingDetails	1612373443219	1612373445806	OK	 
REQUEST		ConfirmPayment	1612373443664	1612373445810	OK	 
REQUEST		ConfirmPayment	1612373443691	1612373445816	OK	 
USER	GeneralAdmission1	END	1612373445817
USER	GeneralAdmission1	END	1612373445823
REQUEST		BookingDetails	1612373443239	1612373445918	OK	 
REQUEST		BookingDetails	1612373443270	1612373445921	OK	 
REQUEST		ConfirmPayment	1612373443794	1612373445931	OK	 
REQUEST		BookingDetails	1612373443259	1612373445931	OK	 
REQUEST		ConfirmPayment	1612373443869	1612373445932	OK	 
USER	GeneralAdmission1	END	1612373445936
USER	GeneralAdmission1	END	1612373445946
REQUEST		BookingDetails	1612373443277	1612373445947	OK	 
REQUEST		BookingDetails	1612373443234	1612373445951	OK	 
REQUEST		BookingDetails	1612373443246	1612373445958	OK	 
REQUEST		ConfirmPayment	1612373443598	1612373445968	OK	 
USER	GeneralAdmission1	END	1612373445973
REQUEST		BookingDetails	1612373444194	1612373446091	OK	 
REQUEST		ConfirmPayment	1612373443674	1612373446229	OK	 
REQUEST		ConfirmPayment	1612373444312	1612373446233	OK	 
REQUEST		ConfirmPayment	1612373444397	1612373446234	OK	 
USER	GeneralAdmission1	END	1612373446234
REQUEST		ConfirmPayment	1612373443869	1612373446242	OK	 
USER	GeneralAdmission1	END	1612373446243
USER	GeneralAdmission1	END	1612373446243
USER	GeneralAdmission1	END	1612373446246
REQUEST		ConfirmPayment	1612373444397	1612373446253	OK	 
REQUEST		ConfirmPayment	1612373444407	1612373446256	OK	 
USER	GeneralAdmission1	END	1612373446257
REQUEST		ConfirmPayment	1612373443940	1612373446260	OK	 
USER	GeneralAdmission1	END	1612373446260
USER	GeneralAdmission1	END	1612373446267
REQUEST		ConfirmPayment	1612373443940	1612373446287	OK	 
REQUEST		ConfirmPayment	1612373444387	1612373446287	OK	 
USER	GeneralAdmission1	END	1612373446292
USER	GeneralAdmission1	END	1612373446292
REQUEST		ConfirmPayment	1612373444413	1612373446301	OK	 
USER	GeneralAdmission1	END	1612373446304
REQUEST		ConfirmPayment	1612373444548	1612373446306	OK	 
USER	GeneralAdmission1	END	1612373446311
REQUEST		ConfirmPayment	1612373444510	1612373446336	OK	 
REQUEST		ConfirmPayment	1612373444989	1612373446339	OK	 
USER	GeneralAdmission1	END	1612373446340
REQUEST		ConfirmPayment	1612373445199	1612373446343	OK	 
USER	GeneralAdmission1	END	1612373446344
REQUEST		ConfirmPayment	1612373444577	1612373446349	OK	 
USER	GeneralAdmission1	END	1612373446350
USER	GeneralAdmission1	END	1612373446354
REQUEST		ConfirmPayment	1612373445207	1612373446360	OK	 
REQUEST		ConfirmPayment	1612373444518	1612373446363	OK	 
USER	GeneralAdmission1	END	1612373446364
USER	GeneralAdmission1	END	1612373446367
REQUEST		ConfirmPayment	1612373444522	1612373446375	OK	 
USER	GeneralAdmission1	END	1612373446378
REQUEST		ConfirmPayment	1612373445136	1612373446379	OK	 
USER	GeneralAdmission1	END	1612373446387
REQUEST		ConfirmPayment	1612373444581	1612373446394	OK	 
USER	GeneralAdmission1	END	1612373446398
REQUEST		ConfirmPayment	1612373445426	1612373446479	OK	 
REQUEST		ConfirmPayment	1612373445304	1612373446480	OK	 
REQUEST		ConfirmPayment	1612373445398	1612373446480	OK	 
REQUEST		ConfirmPayment	1612373445191	1612373446491	OK	 
REQUEST		ConfirmPayment	1612373445182	1612373446491	OK	 
USER	GeneralAdmission1	END	1612373446492
REQUEST		ConfirmPayment	1612373445463	1612373446492	OK	 
USER	GeneralAdmission1	END	1612373446494
REQUEST		ConfirmPayment	1612373445417	1612373446499	OK	 
REQUEST		ConfirmPayment	1612373445191	1612373446502	OK	 
REQUEST		ConfirmPayment	1612373445417	1612373446517	OK	 
USER	GeneralAdmission1	END	1612373446494
REQUEST		ConfirmPayment	1612373443930	1612373446528	OK	 
REQUEST		ConfirmPayment	1612373445391	1612373446516	OK	 
REQUEST		ConfirmPayment	1612373445155	1612373446516	OK	 
REQUEST		ConfirmPayment	1612373445430	1612373446523	OK	 
USER	GeneralAdmission1	END	1612373446497
REQUEST		ConfirmPayment	1612373445403	1612373446544	OK	 
USER	GeneralAdmission1	END	1612373446511
USER	GeneralAdmission1	END	1612373446518
USER	GeneralAdmission1	END	1612373446522
REQUEST		ConfirmPayment	1612373445652	1612373446550	OK	 
USER	GeneralAdmission1	END	1612373446528
USER	GeneralAdmission1	END	1612373446532
REQUEST		ConfirmPayment	1612373445112	1612373446558	OK	 
REQUEST		ConfirmPayment	1612373445108	1612373446558	OK	 
USER	GeneralAdmission1	END	1612373446545
USER	GeneralAdmission1	END	1612373446549
USER	GeneralAdmission1	END	1612373446549
USER	GeneralAdmission1	END	1612373446549
USER	GeneralAdmission1	END	1612373446551
USER	GeneralAdmission1	END	1612373446558
USER	GeneralAdmission1	END	1612373446566
USER	GeneralAdmission1	END	1612373446566
REQUEST		ConfirmPayment	1612373446094	1612373453749	OK	 
USER	GeneralAdmission1	END	1612373453752
REQUEST		ConfirmPayment	1612373445653	1612373455066	OK	 
USER	GeneralAdmission1	END	1612373455070
REQUEST		ConfirmPayment	1612373445661	1612373455075	OK	 
USER	GeneralAdmission1	END	1612373455080
REQUEST		ConfirmPayment	1612373445817	1612373455216	OK	 
REQUEST		ConfirmPayment	1612373445802	1612373455217	OK	 
REQUEST		ConfirmPayment	1612373445810	1612373455219	OK	 
REQUEST		ConfirmPayment	1612373445802	1612373455221	OK	 
USER	GeneralAdmission1	END	1612373455222
USER	GeneralAdmission1	END	1612373455224
USER	GeneralAdmission1	END	1612373455229
USER	GeneralAdmission1	END	1612373455229
REQUEST		ConfirmPayment	1612373445931	1612373455357	OK	 
USER	GeneralAdmission1	END	1612373455360
REQUEST		ConfirmPayment	1612373445963	1612373455364	OK	 
USER	GeneralAdmission1	END	1612373455371
REQUEST		ConfirmPayment	1612373445921	1612373455373	OK	 
USER	GeneralAdmission1	END	1612373455377
REQUEST		ConfirmPayment	1612373445950	1612373455378	OK	 
USER	GeneralAdmission1	END	1612373455384
REQUEST		ConfirmPayment	1612373445945	1612373455388	OK	 
USER	GeneralAdmission1	END	1612373455395
REQUEST		ConfirmPayment	1612373445956	1612373455396	OK	 
USER	GeneralAdmission1	END	1612373455398
