RUN	computerdatabase.advanced.AdvancedSimulationStep03	advancedsimulationstep03	1611791647631	 	3.5.0
USER	Admins	START	1611791649441
USER	Users	START	1611791649436
REQUEST		Home	1611791649485	1611791649601	OK	 
REQUEST		Home	1611791649485	1611791649594	OK	 
REQUEST		Home Redirect 1	1611791649631	1611791649717	OK	 
REQUEST		Home Redirect 1	1611791649626	1611791649709	OK	 
USER	Users	START	1611791650427
REQUEST		Home	1611791650428	1611791650501	OK	 
REQUEST		Home Redirect 1	1611791650503	1611791650546	OK	 
REQUEST		Search	1611791650766	1611791650806	OK	 
REQUEST		Search	1611791650767	1611791650828	OK	 
USER	Users	START	1611791651424
REQUEST		Home	1611791651426	1611791651510	OK	 
REQUEST		Home Redirect 1	1611791651512	1611791651563	OK	 
REQUEST		Search	1611791651568	1611791651606	OK	 
REQUEST		Select	1611791651973	1611791652188	OK	 
REQUEST		Select	1611791651974	1611791652216	OK	 
USER	Users	START	1611791652422
REQUEST		Home	1611791652423	1611791652508	OK	 
REQUEST		Home Redirect 1	1611791652510	1611791652566	OK	 
REQUEST		Search	1611791652580	1611791652618	OK	 
REQUEST		Select	1611791652625	1611791652683	OK	 
REQUEST		Home	1611791653234	1611791653348	OK	 
REQUEST		Home Redirect 1	1611791653350	1611791653390	OK	 
REQUEST		Home	1611791653203	1611791653391	OK	 
USER	Users	START	1611791653422
REQUEST		Home Redirect 1	1611791653396	1611791653464	OK	 
REQUEST		Home	1611791653422	1611791653556	OK	 
REQUEST		Home Redirect 1	1611791653559	1611791653630	OK	 
REQUEST		Search	1611791653580	1611791653618	OK	 
REQUEST		Select	1611791653643	1611791653686	OK	 
REQUEST		Home	1611791653687	1611791653725	OK	 
REQUEST		Home Redirect 1	1611791653729	1611791653768	OK	 
USER	Admins	START	1611791654407
USER	Users	START	1611791654407
REQUEST		Home	1611791654408	1611791654497	OK	 
REQUEST		Home	1611791654414	1611791654500	OK	 
REQUEST		Home Redirect 1	1611791654509	1611791654592	OK	 
REQUEST		Home Redirect 1	1611791654506	1611791654606	OK	 
REQUEST		Select	1611791654642	1611791654684	OK	 
REQUEST		Search	1611791654645	1611791654690	OK	 
REQUEST		Home	1611791654706	1611791654743	OK	 
REQUEST		Home Redirect 1	1611791654746	1611791654783	OK	 
USER	Users	START	1611791655412
REQUEST		Page 1	1611791655408	1611791655478	OK	 
REQUEST		Page 1	1611791655473	1611791655517	OK	 
REQUEST		Home	1611791655413	1611791655545	OK	 
REQUEST		Home Redirect 1	1611791655548	1611791655632	OK	 
REQUEST		Search	1611791655612	1611791655663	OK	 
REQUEST		Search	1611791655629	1611791655672	OK	 
REQUEST		Home	1611791655693	1611791655738	OK	 
REQUEST		Select	1611791655706	1611791655757	OK	 
REQUEST		Home Redirect 1	1611791655741	1611791655780	OK	 
REQUEST		Page 1	1611791655787	1611791655828	OK	 
REQUEST		Page 2	1611791656161	1611791656209	OK	 
REQUEST		Page 2	1611791656201	1611791656267	OK	 
USER	Users	START	1611791656413
REQUEST		Home	1611791656414	1611791656511	OK	 
REQUEST		Page 2	1611791656507	1611791656551	OK	 
REQUEST		Home Redirect 1	1611791656514	1611791656560	OK	 
REQUEST		Select	1611791656679	1611791656728	OK	 
REQUEST		Search	1611791656648	1611791656718	OK	 
REQUEST		Select	1611791656695	1611791656746	OK	 
REQUEST		Home	1611791656772	1611791656809	OK	 
REQUEST		Page 1	1611791656789	1611791656837	OK	 
REQUEST		Home Redirect 1	1611791656812	1611791656859	OK	 
REQUEST		Page 3	1611791656853	1611791656894	OK	 
REQUEST		Page 3	1611791656915	1611791656952	OK	 
REQUEST		Page 3	1611791657193	1611791657238	OK	 
USER	Users	START	1611791657414
REQUEST		Home	1611791657415	1611791657510	OK	 
REQUEST		Page 2	1611791657516	1611791657565	OK	 
REQUEST		Home Redirect 1	1611791657513	1611791657575	OK	 
REQUEST		Search	1611791657574	1611791657618	OK	 
REQUEST		Page 4	1611791657649	1611791657691	OK	 
REQUEST		Page 4	1611791657696	1611791657766	OK	 
REQUEST		Home	1611791657743	1611791657778	OK	 
REQUEST		Select	1611791657744	1611791657786	OK	 
REQUEST		Home	1611791657761	1611791657798	OK	 
REQUEST		Home Redirect 1	1611791657781	1611791657830	OK	 
REQUEST		Page 1	1611791657795	1611791657860	OK	 
REQUEST		Home Redirect 1	1611791657801	1611791657858	OK	 
REQUEST		Page 4	1611791657995	1611791658035	OK	 
REQUEST		Page 3	1611791658205	1611791658250	OK	 
USER	Users	START	1611791658419
REQUEST		Home	1611791658420	1611791658535	OK	 
REQUEST		Page 2	1611791658547	1611791658586	OK	 
REQUEST		Home Redirect 1	1611791658539	1611791658597	OK	 
REQUEST		Search	1611791658596	1611791658637	OK	 
REQUEST		Select	1611791658639	1611791658682	OK	 
REQUEST		Home	1611791658810	1611791658850	OK	 
REQUEST		Home Redirect 1	1611791658853	1611791658894	OK	 
REQUEST		Page 1	1611791658876	1611791658939	OK	 
REQUEST		Page 4	1611791658998	1611791659043	OK	 
REQUEST		Page 3	1611791659226	1611791659263	OK	 
REQUEST		Search	1611791659613	1611791659653	OK	 
REQUEST		Page 2	1611791659629	1611791659679	OK	 
REQUEST		Select	1611791659663	1611791659702	OK	 
REQUEST		Home	1611791659694	1611791659731	OK	 
REQUEST		Home Redirect 1	1611791659734	1611791659775	OK	 
REQUEST		Page 1	1611791659847	1611791659888	OK	 
REQUEST		Page 1	1611791659878	1611791659918	OK	 
REQUEST		Page 4	1611791660019	1611791660060	OK	 
REQUEST		Page 3	1611791660323	1611791660361	OK	 
REQUEST		Page 2	1611791660573	1611791660615	OK	 
REQUEST		Page 2	1611791660605	1611791660645	OK	 
REQUEST		Select	1611791660670	1611791660736	OK	 
REQUEST		Home	1611791660714	1611791660752	OK	 
REQUEST		Home Redirect 1	1611791660755	1611791660805	OK	 
REQUEST		Page 1	1611791660901	1611791660961	OK	 
REQUEST		Page 4	1611791661109	1611791661154	OK	 
REQUEST		Page 3	1611791661250	1611791661288	OK	 
REQUEST		Page 3	1611791661281	1611791661320	OK	 
REQUEST		Page 2	1611791661641	1611791661687	OK	 
REQUEST		Home	1611791661750	1611791661786	OK	 
REQUEST		Page 1	1611791661781	1611791661823	OK	 
REQUEST		Home Redirect 1	1611791661789	1611791661831	OK	 
REQUEST		Page 4	1611791662031	1611791662067	OK	 
REQUEST		Page 4	1611791662076	1611791662114	OK	 
REQUEST		Page 3	1611791662333	1611791662420	OK	 
REQUEST		Page 2	1611791662504	1611791662548	OK	 
USER	Users	END	1611791662711
REQUEST		Form	1611791662770	1611791662811	OK	 
REQUEST		Page 1	1611791662817	1611791662860	OK	 
USER	Users	END	1611791663047
REQUEST		Page 4	1611791663167	1611791663210	OK	 
REQUEST		Page 3	1611791663193	1611791663228	OK	 
REQUEST		Page 2	1611791663535	1611791663571	OK	 
REQUEST		Post	1611791663821	1611791663856	OK	 
REQUEST		Page 1	1611791663848	1611791663884	OK	 
REQUEST		Post Redirect 1	1611791663870	1611791663909	OK	 
USER	Admins	END	1611791663915
REQUEST		Page 4	1611791663973	1611791664007	OK	 
USER	Users	END	1611791664051
REQUEST		Page 3	1611791664207	1611791664256	OK	 
REQUEST		Page 2	1611791664567	1611791664607	OK	 
REQUEST		Page 4	1611791665004	1611791665044	OK	 
USER	Users	END	1611791665076
REQUEST		Page 3	1611791665244	1611791665288	OK	 
REQUEST		Page 4	1611791666041	1611791666074	OK	 
USER	Users	END	1611791666166
USER	Users	END	1611791667075
REQUEST		Form	1611791667122	1611791667168	OK	 
USER	Users	END	1611791668217
REQUEST		Post	1611791668186	1611791668218	OK	 
REQUEST		Post Redirect 1	1611791668220	1611791668258	OK	 
USER	Admins	END	1611791668261
USER	Users	END	1611791669014
USER	Users	END	1611791670058
USER	Users	END	1611791671084
