RUN	GeneralAdmission1	generaladmission1	1612273429904	 	3.5.0
USER	GeneralAdmission1	START	1612273431771
REQUEST		GetToken	1612273431807	1612273432282	OK	 
REQUEST		GetToken Redirect 1	1612273432312	1612273432898	OK	 
REQUEST		request_1	1612273433036	1612273433816	OK	 
REQUEST		AddToCart	1612273438857	1612273438865	OK	 
REQUEST		AddToCart Redirect 1	1612273438869	1612273438977	OK	 
REQUEST		CreateGeneral	1612273439999	1612273440006	OK	 
REQUEST		CreateGeneral Redirect 1	1612273440009	1612273440359	OK	 
REQUEST		BookingDetails	1612273444374	1612273444380	OK	 
REQUEST		BookingDetails Redirect 1	1612273444385	1612273444487	OK	 
REQUEST		StripeElement	1612273444492	1612273445346	OK	 
REQUEST		ui-shared-1a3494666c8cbd375492e006f2e840cd.css	1612273445420	1612273445493	OK	 
REQUEST		ui-shared-121e554d3a08b818808584dff61fc32c.js	1612273445425	1612273446604	OK	 
REQUEST		shared-8b0cf640a52a1422947f168069c49b9d.js	1612273445433	1612273446809	OK	 
REQUEST		elements-inner-card-77d7d4c2ce976deb5d1dc2ff2a238146.js	1612273445439	1612273446854	OK	 
REQUEST		CreatePaymentIntent	1612273449893	1612273449908	OK	 
REQUEST		CreatePaymentIntent Redirect 1	1612273449914	1612273450479	OK	 
REQUEST		StripeController	1612273463545	1612273464195	OK	 
REQUEST		controller-6d15abacacad5eabb07034f26400b450.js	1612273464206	1612273464942	OK	 
REQUEST		StripeCountryRanges	1612273466985	1612273467847	OK	 
REQUEST		PrivateStripe	1612273473918	1612273474389	OK	 
REQUEST		Elements1	1612273474395	1612273475294	OK	 
REQUEST		Elements2	1612273475298	1612273475528	OK	 
REQUEST		Elements3	1612273475531	1612273475715	OK	 
REQUEST		Elements4	1612273475717	1612273475902	OK	 
REQUEST		Elements5	1612273475905	1612273476093	OK	 
REQUEST		Elements6	1612273476096	1612273476283	OK	 
REQUEST		Elements6	1612273476285	1612273476473	OK	 
REQUEST		Elements7	1612273476476	1612273476663	OK	 
REQUEST		Elements8	1612273476666	1612273476862	OK	 
REQUEST		Elements9	1612273476865	1612273477049	OK	 
REQUEST		Elements10	1612273477053	1612273477726	OK	 
REQUEST		Elements11	1612273477729	1612273477921	OK	 
REQUEST		Elements12	1612273478936	1612273479132	OK	 
REQUEST		Elements13	1612273481139	1612273481341	OK	 
REQUEST		Elements14	1612273483355	1612273483544	OK	 
REQUEST		Elements15	1612273483549	1612273483744	OK	 
USER	GeneralAdmission1	END	1612273484759
