RUN	GeneralAdmission1	generaladmission1	1612268835885	 	3.5.0
USER	GeneralAdmission1	START	1612268837759
REQUEST		GetToken	1612268837800	1612268838215	OK	 
REQUEST		GetToken Redirect 1	1612268838245	1612268838434	OK	 
REQUEST		request_1	1612268838528	1612268839375	OK	 
REQUEST		AddToCart	1612268844406	1612268844412	OK	 
REQUEST		AddToCart Redirect 1	1612268844418	1612268844543	OK	 
REQUEST		CreateGeneral	1612268845549	1612268845555	OK	 
REQUEST		CreateGeneral Redirect 1	1612268845558	1612268845948	OK	 
REQUEST		BookingDetails	1612268849971	1612268849978	OK	 
REQUEST		BookingDetails Redirect 1	1612268849982	1612268850096	OK	 
REQUEST		StripeElement	1612268850099	1612268850292	OK	 
REQUEST		ui-shared-121e554d3a08b818808584dff61fc32c.js	1612268850373	1612268850678	OK	 
REQUEST		elements-inner-card-77d7d4c2ce976deb5d1dc2ff2a238146.js	1612268850392	1612268850903	OK	 
REQUEST		shared-8b0cf640a52a1422947f168069c49b9d.js	1612268850384	1612268850986	OK	 
REQUEST		ui-shared-1a3494666c8cbd375492e006f2e840cd.css	1612268850396	1612268851027	OK	 
REQUEST		CreatePaymentIntent	1612268854060	1612268854067	OK	 
REQUEST		CreatePaymentIntent Redirect 1	1612268854070	1612268854593	OK	 
REQUEST		StripeController	1612268867670	1612268868345	OK	 
REQUEST		controller-6d15abacacad5eabb07034f26400b450.js	1612268868356	1612268868611	OK	 
USER	GeneralAdmission1	END	1612268868691
