RUN	TimedTour1	timedtour1	1611854538537	 	3.5.0
USER	TimedTour1	START	1611854540263
REQUEST		request_0	1611854540302	1611854540660	OK	 
REQUEST		request_0 Redirect 1	1611854540688	1611854540994	OK	 
REQUEST		request_1	1611854543013	1611854543018	OK	 
REQUEST		request_1 Redirect 1	1611854543019	1611854543023	KO	status.find.in(200,201,202,203,204,205,206,207,208,209,304), found 405
REQUEST		request_6	1611854561055	1611854561960	OK	 
REQUEST		request_8	1611854562040	1611854562046	OK	 
REQUEST		request_7	1611854561991	1611854562114	OK	 
REQUEST		request_8	1611854562055	1611854562287	OK	 
REQUEST		request_9	1611854565297	1611854565529	OK	 
REQUEST		request_11	1611854565549	1611854565574	OK	 
REQUEST		request_13	1611854565535	1611854565585	KO	status.find.in(200,201,202,203,204,205,206,207,208,209,304), found 401
REQUEST		request_10	1611854565567	1611854565601	OK	 
REQUEST		request_12	1611854565558	1611854565612	KO	status.find.in(200,201,202,203,204,205,206,207,208,209,304), found 401
REQUEST		request_11	1611854565582	1611854565643	KO	status.find.in(200,201,202,203,204,205,206,207,208,209,304), found 405
REQUEST		request_14	1611854567656	1611854567663	OK	 
REQUEST		request_14 Redirect 1	1611854567665	1611854567677	KO	status.find.in(200,201,202,203,204,205,206,207,208,209,304), found 405
REQUEST		request_19	1611854569695	1611854569705	KO	status.find.in(200,201,202,203,204,205,206,207,208,209,304), found 404
REQUEST		request_32	1611854570740	1611854570969	OK	 
REQUEST		request_33	1611854570978	1611854571015	OK	 
REQUEST		request_34	1611854572035	1611854572049	OK	 
REQUEST		request_35	1611854572069	1611854572089	OK	 
REQUEST		request_36	1611854572077	1611854572093	OK	 
REQUEST		request_36	1611854572099	1611854572321	OK	 
REQUEST		request_37	1611854573375	1611854573401	OK	 
REQUEST		request_37 Redirect 1	1611854573403	1611854573422	KO	status.find.in(200,201,202,203,204,205,206,207,208,209,304), found 405
REQUEST		request_41	1611854574442	1611854574465	OK	 
USER	TimedTour1	END	1611854574472
