RUN	GeneralAdmission1	generaladmission1	1612371031191	 	3.5.0
USER	GeneralAdmission1	START	1612371033345
USER	GeneralAdmission1	START	1612371033328
USER	GeneralAdmission1	START	1612371033370
USER	GeneralAdmission1	START	1612371033348
USER	GeneralAdmission1	START	1612371033328
USER	GeneralAdmission1	START	1612371033370
USER	GeneralAdmission1	START	1612371033353
USER	GeneralAdmission1	START	1612371033345
USER	GeneralAdmission1	START	1612371033458
USER	GeneralAdmission1	START	1612371033467
USER	GeneralAdmission1	START	1612371033474
USER	GeneralAdmission1	START	1612371033466
USER	GeneralAdmission1	START	1612371033458
USER	GeneralAdmission1	START	1612371033469
USER	GeneralAdmission1	START	1612371033533
USER	GeneralAdmission1	START	1612371033488
USER	GeneralAdmission1	START	1612371033472
USER	GeneralAdmission1	START	1612371033471
USER	GeneralAdmission1	START	1612371033527
USER	GeneralAdmission1	START	1612371033498
USER	GeneralAdmission1	START	1612371033537
USER	GeneralAdmission1	START	1612371033535
USER	GeneralAdmission1	START	1612371033543
USER	GeneralAdmission1	START	1612371033548
USER	GeneralAdmission1	START	1612371033548
USER	GeneralAdmission1	START	1612371033550
USER	GeneralAdmission1	START	1612371033553
USER	GeneralAdmission1	START	1612371033554
USER	GeneralAdmission1	START	1612371033566
USER	GeneralAdmission1	START	1612371033572
USER	GeneralAdmission1	START	1612371033574
USER	GeneralAdmission1	START	1612371033561
USER	GeneralAdmission1	START	1612371033583
USER	GeneralAdmission1	START	1612371033575
USER	GeneralAdmission1	START	1612371033576
USER	GeneralAdmission1	START	1612371033585
USER	GeneralAdmission1	START	1612371033604
USER	GeneralAdmission1	START	1612371033578
USER	GeneralAdmission1	START	1612371033603
USER	GeneralAdmission1	START	1612371033629
USER	GeneralAdmission1	START	1612371033595
USER	GeneralAdmission1	START	1612371033603
USER	GeneralAdmission1	START	1612371033620
USER	GeneralAdmission1	START	1612371033634
USER	GeneralAdmission1	START	1612371033646
USER	GeneralAdmission1	START	1612371033641
USER	GeneralAdmission1	START	1612371033637
USER	GeneralAdmission1	START	1612371033641
USER	GeneralAdmission1	START	1612371033658
USER	GeneralAdmission1	START	1612371033648
USER	GeneralAdmission1	START	1612371033655
USER	GeneralAdmission1	START	1612371033669
USER	GeneralAdmission1	START	1612371033672
USER	GeneralAdmission1	START	1612371033679
USER	GeneralAdmission1	START	1612371033674
USER	GeneralAdmission1	START	1612371033676
USER	GeneralAdmission1	START	1612371033678
USER	GeneralAdmission1	START	1612371033692
USER	GeneralAdmission1	START	1612371033677
USER	GeneralAdmission1	START	1612371033685
USER	GeneralAdmission1	START	1612371033693
USER	GeneralAdmission1	START	1612371033690
USER	GeneralAdmission1	START	1612371033701
USER	GeneralAdmission1	START	1612371033701
USER	GeneralAdmission1	START	1612371033703
USER	GeneralAdmission1	START	1612371033707
USER	GeneralAdmission1	START	1612371033718
USER	GeneralAdmission1	START	1612371033710
USER	GeneralAdmission1	START	1612371033714
USER	GeneralAdmission1	START	1612371033723
USER	GeneralAdmission1	START	1612371033720
USER	GeneralAdmission1	START	1612371033720
USER	GeneralAdmission1	START	1612371033734
USER	GeneralAdmission1	START	1612371033726
USER	GeneralAdmission1	START	1612371033731
USER	GeneralAdmission1	START	1612371033734
USER	GeneralAdmission1	START	1612371033733
USER	GeneralAdmission1	START	1612371033736
USER	GeneralAdmission1	START	1612371033737
USER	GeneralAdmission1	START	1612371033744
USER	GeneralAdmission1	START	1612371033740
USER	GeneralAdmission1	START	1612371033753
USER	GeneralAdmission1	START	1612371033755
USER	GeneralAdmission1	START	1612371033747
USER	GeneralAdmission1	START	1612371033762
USER	GeneralAdmission1	START	1612371033761
USER	GeneralAdmission1	START	1612371033756
USER	GeneralAdmission1	START	1612371033757
USER	GeneralAdmission1	START	1612371033768
USER	GeneralAdmission1	START	1612371033779
USER	GeneralAdmission1	START	1612371033769
USER	GeneralAdmission1	START	1612371033775
USER	GeneralAdmission1	START	1612371033771
USER	GeneralAdmission1	START	1612371033815
USER	GeneralAdmission1	START	1612371033812
USER	GeneralAdmission1	START	1612371033870
USER	GeneralAdmission1	START	1612371033879
USER	GeneralAdmission1	START	1612371033857
USER	GeneralAdmission1	START	1612371033929
USER	GeneralAdmission1	START	1612371033924
REQUEST		GetToken	1612371033686	1612371034701	OK	 
REQUEST		GetToken	1612371033570	1612371034962	OK	 
REQUEST		GetToken	1612371033388	1612371034922	OK	 
REQUEST		GetToken	1612371033393	1612371034798	OK	 
REQUEST		GetToken	1612371033388	1612371035012	OK	 
REQUEST		GetToken	1612371033390	1612371035074	OK	 
REQUEST		GetToken	1612371033503	1612371035091	OK	 
REQUEST		GetToken	1612371033501	1612371035126	OK	 
REQUEST		GetToken	1612371033388	1612371035187	OK	 
REQUEST		GetToken	1612371033550	1612371035349	OK	 
REQUEST		GetToken	1612371033554	1612371035356	OK	 
REQUEST		GetToken	1612371033386	1612371035401	OK	 
REQUEST		GetToken	1612371033396	1612371035466	OK	 
REQUEST		GetToken	1612371033475	1612371035472	OK	 
REQUEST		GetToken	1612371033687	1612371035574	OK	 
REQUEST		GetToken	1612371033483	1612371035583	OK	 
REQUEST		GetToken	1612371033551	1612371035587	OK	 
REQUEST		GetToken	1612371033476	1612371035634	OK	 
REQUEST		GetToken	1612371033728	1612371035639	OK	 
REQUEST		GetToken	1612371033711	1612371035648	OK	 
REQUEST		GetToken	1612371033534	1612371035654	OK	 
REQUEST		GetToken	1612371033584	1612371035660	OK	 
REQUEST		GetToken	1612371033541	1612371035760	OK	 
REQUEST		GetToken	1612371033626	1612371035822	OK	 
REQUEST		GetToken	1612371033554	1612371035860	OK	 
REQUEST		GetToken	1612371033484	1612371035914	OK	 
REQUEST		GetToken	1612371033561	1612371035916	OK	 
REQUEST		GetToken	1612371033660	1612371035940	OK	 
REQUEST		GetToken	1612371033564	1612371035950	OK	 
REQUEST		GetToken	1612371033583	1612371035960	OK	 
REQUEST		GetToken	1612371033542	1612371035961	OK	 
REQUEST		GetToken	1612371033690	1612371036010	OK	 
REQUEST		GetToken	1612371033600	1612371036014	OK	 
REQUEST		GetToken	1612371033628	1612371036027	OK	 
REQUEST		GetToken	1612371033566	1612371036043	OK	 
REQUEST		GetToken	1612371033397	1612371036051	OK	 
REQUEST		GetToken	1612371033667	1612371036091	OK	 
REQUEST		GetToken	1612371033632	1612371036097	OK	 
REQUEST		GetToken	1612371033504	1612371036154	OK	 
REQUEST		GetToken	1612371033485	1612371036144	OK	 
REQUEST		GetToken	1612371033603	1612371036148	OK	 
REQUEST		GetToken	1612371033592	1612371036177	OK	 
REQUEST		GetToken	1612371033702	1612371036184	OK	 
REQUEST		GetToken	1612371033666	1612371036228	OK	 
REQUEST		GetToken	1612371033574	1612371036266	OK	 
REQUEST		GetToken	1612371033549	1612371036240	OK	 
REQUEST		GetToken	1612371033634	1612371036298	OK	 
REQUEST		GetToken	1612371033721	1612371036300	OK	 
REQUEST		GetToken	1612371033681	1612371036309	OK	 
REQUEST		GetToken	1612371033729	1612371036313	OK	 
REQUEST		GetToken	1612371033630	1612371036336	OK	 
REQUEST		GetToken	1612371033570	1612371036337	OK	 
REQUEST		GetToken	1612371033670	1612371036349	OK	 
REQUEST		GetToken	1612371033753	1612371036364	OK	 
REQUEST		GetToken	1612371033742	1612371036366	OK	 
REQUEST		GetToken	1612371033696	1612371036385	OK	 
REQUEST		GetToken	1612371033702	1612371036412	OK	 
REQUEST		GetToken	1612371033605	1612371036399	OK	 
REQUEST		GetToken	1612371033664	1612371036418	OK	 
REQUEST		GetToken	1612371033658	1612371036425	OK	 
REQUEST		GetToken	1612371033724	1612371036459	OK	 
REQUEST		GetToken	1612371033718	1612371036520	OK	 
REQUEST		GetToken	1612371033653	1612371036535	OK	 
REQUEST		GetToken	1612371033594	1612371036533	OK	 
REQUEST		GetToken	1612371033727	1612371036555	OK	 
REQUEST		GetToken	1612371033710	1612371036558	OK	 
REQUEST		GetToken	1612371033746	1612371036569	OK	 
REQUEST		GetToken	1612371033691	1612371036572	OK	 
REQUEST		GetToken	1612371033743	1612371036573	OK	 
REQUEST		GetToken	1612371033745	1612371036621	OK	 
REQUEST		GetToken	1612371033672	1612371036625	OK	 
REQUEST		GetToken	1612371033636	1612371036627	OK	 
REQUEST		GetToken	1612371033740	1612371036632	OK	 
REQUEST		GetToken	1612371033772	1612371036658	OK	 
REQUEST		GetToken	1612371033747	1612371036643	OK	 
REQUEST		GetToken	1612371033780	1612371036651	OK	 
REQUEST		GetToken	1612371033764	1612371036659	OK	 
REQUEST		GetToken	1612371033667	1612371036728	OK	 
REQUEST		GetToken	1612371033705	1612371036742	OK	 
REQUEST		GetToken	1612371033790	1612371036762	OK	 
REQUEST		GetToken	1612371033721	1612371036774	OK	 
REQUEST		GetToken	1612371033784	1612371036783	OK	 
REQUEST		GetToken	1612371033690	1612371036793	OK	 
REQUEST		GetToken	1612371033766	1612371036795	OK	 
REQUEST		GetToken	1612371033761	1612371036821	OK	 
REQUEST		GetToken	1612371033889	1612371036838	OK	 
REQUEST		GetToken	1612371033711	1612371036842	OK	 
REQUEST		GetToken	1612371033789	1612371036847	OK	 
REQUEST		GetToken	1612371033803	1612371036866	OK	 
REQUEST		GetToken	1612371033735	1612371036881	OK	 
REQUEST		GetToken	1612371033905	1612371036897	OK	 
REQUEST		GetToken	1612371033905	1612371036905	OK	 
REQUEST		GetToken	1612371033741	1612371036916	OK	 
REQUEST		GetToken	1612371033975	1612371036941	OK	 
REQUEST		GetToken	1612371033758	1612371036959	OK	 
REQUEST		GetToken	1612371033776	1612371036968	OK	 
REQUEST		GetToken	1612371033896	1612371037019	OK	 
REQUEST		GetToken	1612371033804	1612371037050	OK	 
REQUEST		GetToken	1612371033920	1612371037065	OK	 
REQUEST		GetToken	1612371033975	1612371037062	OK	 
REQUEST		AddToCart	1612371040058	1612371040103	OK	 
REQUEST		AddToCart	1612371040061	1612371040161	OK	 
REQUEST		AddToCart	1612371040059	1612371040162	OK	 
REQUEST		AddToCart	1612371040054	1612371040201	OK	 
REQUEST		AddToCart	1612371040068	1612371040371	OK	 
REQUEST		AddToCart	1612371040116	1612371040370	OK	 
REQUEST		AddToCart	1612371040252	1612371040396	OK	 
REQUEST		AddToCart	1612371040240	1612371040401	OK	 
REQUEST		AddToCart	1612371040334	1612371040408	OK	 
REQUEST		AddToCart	1612371040390	1612371040429	OK	 
REQUEST		AddToCart	1612371040393	1612371040439	OK	 
REQUEST		AddToCart	1612371040445	1612371040480	OK	 
REQUEST		AddToCart	1612371040507	1612371040550	OK	 
REQUEST		AddToCart	1612371040535	1612371040565	OK	 
REQUEST		AddToCart	1612371040622	1612371040674	OK	 
REQUEST		AddToCart	1612371040626	1612371040677	OK	 
REQUEST		AddToCart	1612371040630	1612371040688	OK	 
REQUEST		AddToCart	1612371040671	1612371040728	OK	 
REQUEST		AddToCart	1612371040688	1612371040763	OK	 
REQUEST		AddToCart	1612371040705	1612371040775	OK	 
REQUEST		AddToCart	1612371040702	1612371040775	OK	 
REQUEST		AddToCart	1612371040760	1612371040825	OK	 
REQUEST		AddToCart	1612371040830	1612371040866	OK	 
REQUEST		AddToCart	1612371040897	1612371040933	OK	 
REQUEST		AddToCart	1612371040930	1612371040980	OK	 
REQUEST		AddToCart	1612371040938	1612371041020	OK	 
REQUEST		AddToCart	1612371040951	1612371041021	OK	 
REQUEST		AddToCart	1612371040980	1612371041064	OK	 
REQUEST		AddToCart	1612371040975	1612371041065	OK	 
REQUEST		AddToCart	1612371041038	1612371041092	OK	 
REQUEST		AddToCart	1612371041051	1612371041188	OK	 
REQUEST		AddToCart	1612371041052	1612371041196	OK	 
REQUEST		AddToCart	1612371041051	1612371041196	OK	 
REQUEST		AddToCart	1612371041060	1612371041203	OK	 
REQUEST		AddToCart	1612371041101	1612371041339	OK	 
REQUEST		AddToCart	1612371041151	1612371041353	OK	 
REQUEST		AddToCart	1612371041103	1612371041353	OK	 
REQUEST		AddToCart	1612371041154	1612371041367	OK	 
REQUEST		AddToCart	1612371041180	1612371041391	OK	 
REQUEST		AddToCart	1612371041265	1612371041640	OK	 
REQUEST		AddToCart	1612371041297	1612371041646	OK	 
REQUEST		AddToCart	1612371041289	1612371041643	OK	 
REQUEST		AddToCart	1612371041259	1612371041645	OK	 
REQUEST		AddToCart	1612371041304	1612371041646	OK	 
REQUEST		AddToCart	1612371041201	1612371041755	OK	 
REQUEST		AddToCart	1612371041344	1612371041831	OK	 
REQUEST		AddToCart	1612371041324	1612371041820	OK	 
REQUEST		AddToCart	1612371041344	1612371041828	OK	 
REQUEST		AddToCart	1612371041337	1612371041820	OK	 
REQUEST		AddToCart	1612371041196	1612371041862	OK	 
REQUEST		AddToCart	1612371041376	1612371041921	OK	 
REQUEST		AddToCart	1612371041376	1612371042033	OK	 
REQUEST		AddToCart	1612371041386	1612371042100	OK	 
REQUEST		AddToCart	1612371041431	1612371042124	OK	 
REQUEST		AddToCart	1612371041443	1612371042132	OK	 
REQUEST		AddToCart	1612371041406	1612371042124	OK	 
REQUEST		AddToCart	1612371041407	1612371042123	OK	 
REQUEST		AddToCart	1612371041521	1612371042168	OK	 
REQUEST		AddToCart	1612371041493	1612371042168	OK	 
REQUEST		AddToCart	1612371041529	1612371042468	OK	 
REQUEST		AddToCart	1612371041570	1612371042472	OK	 
REQUEST		AddToCart	1612371041600	1612371042476	OK	 
REQUEST		AddToCart	1612371041529	1612371042479	OK	 
REQUEST		AddToCart	1612371041584	1612371042484	OK	 
REQUEST		AddToCart	1612371041620	1612371042487	OK	 
REQUEST		AddToCart	1612371041587	1612371042492	OK	 
REQUEST		AddToCart	1612371041610	1612371042506	OK	 
REQUEST		AddToCart	1612371041627	1612371042607	OK	 
REQUEST		AddToCart	1612371041620	1612371042606	OK	 
REQUEST		AddToCart	1612371041668	1612371042766	OK	 
REQUEST		AddToCart	1612371041672	1612371042778	OK	 
REQUEST		AddToCart	1612371041692	1612371042782	OK	 
REQUEST		AddToCart	1612371041693	1612371042782	OK	 
REQUEST		AddToCart	1612371041678	1612371042797	OK	 
REQUEST		AddToCart	1612371041763	1612371042796	OK	 
REQUEST		AddToCart	1612371041741	1612371042797	OK	 
REQUEST		AddToCart	1612371041729	1612371042797	OK	 
REQUEST		AddToCart	1612371041760	1612371042797	OK	 
REQUEST		AddToCart	1612371041831	1612371042800	OK	 
REQUEST		AddToCart	1612371041672	1612371042799	OK	 
REQUEST		AddToCart	1612371041809	1612371042829	OK	 
REQUEST		AddToCart	1612371041875	1612371042828	OK	 
REQUEST		AddToCart	1612371041820	1612371042829	OK	 
REQUEST		AddToCart	1612371041884	1612371042842	OK	 
REQUEST		AddToCart	1612371041796	1612371042864	OK	 
REQUEST		AddToCart	1612371041875	1612371042865	OK	 
REQUEST		AddToCart	1612371041946	1612371042876	OK	 
REQUEST		AddToCart	1612371042034	1612371042890	OK	 
REQUEST		AddToCart	1612371041921	1612371042885	OK	 
REQUEST		AddToCart	1612371041934	1612371042899	OK	 
REQUEST		AddToCart	1612371041950	1612371042901	OK	 
REQUEST		AddToCart	1612371041944	1612371042926	OK	 
REQUEST		AddToCart	1612371041945	1612371042926	OK	 
REQUEST		AddToCart	1612371041976	1612371042930	OK	 
REQUEST		AddToCart	1612371041961	1612371042946	OK	 
REQUEST		AddToCart	1612371042017	1612371042947	OK	 
REQUEST		AddToCart	1612371041960	1612371042951	OK	 
REQUEST		AddToCart	1612371042095	1612371042954	OK	 
REQUEST		AddToCart	1612371042098	1612371042966	OK	 
REQUEST		AddToCart	1612371042094	1612371042966	OK	 
REQUEST		AddToCart	1612371043110	1612371043154	OK	 
REQUEST		AddToCart	1612371043203	1612371043266	OK	 
REQUEST		AddToCart	1612371043208	1612371043266	OK	 
REQUEST		AddToCart	1612371043217	1612371043280	OK	 
REQUEST		AddToCart	1612371043403	1612371043534	OK	 
REQUEST		AddToCart	1612371043426	1612371043535	OK	 
REQUEST		AddToCart	1612371043425	1612371043539	OK	 
REQUEST		AddToCart	1612371043438	1612371043554	OK	 
REQUEST		AddToCart	1612371043449	1612371043554	OK	 
REQUEST		AddToCart	1612371043511	1612371043566	OK	 
REQUEST		AddToCart	1612371043564	1612371043606	OK	 
REQUEST		AddToCart	1612371043575	1612371043678	OK	 
REQUEST		AddToCart	1612371043377	1612371043796	OK	 
REQUEST		AddToCart	1612371043734	1612371043805	OK	 
REQUEST		AddToCart	1612371043679	1612371043807	OK	 
REQUEST		AddToCart	1612371043378	1612371043807	OK	 
REQUEST		AddToCart	1612371043691	1612371043807	OK	 
REQUEST		AddToCart	1612371043694	1612371043808	OK	 
REQUEST		AddToCart	1612371043778	1612371043844	OK	 
REQUEST		AddToCart	1612371043783	1612371043848	OK	 
REQUEST		AddToCart	1612371043784	1612371043848	OK	 
REQUEST		AddToCart	1612371043831	1612371043904	OK	 
REQUEST		AddToCart	1612371043871	1612371043950	OK	 
REQUEST		AddToCart	1612371043950	1612371044050	OK	 
REQUEST		AddToCart	1612371044019	1612371044060	OK	 
REQUEST		AddToCart	1612371044040	1612371044100	OK	 
REQUEST		AddToCart	1612371044039	1612371044106	OK	 
REQUEST		AddToCart	1612371044086	1612371044201	OK	 
REQUEST		AddToCart	1612371044084	1612371044223	OK	 
REQUEST		AddToCart	1612371044104	1612371044251	OK	 
REQUEST		AddToCart	1612371044198	1612371044265	OK	 
REQUEST		AddToCart	1612371044205	1612371044266	OK	 
REQUEST		AddToCart	1612371044207	1612371044282	OK	 
REQUEST		AddToCart	1612371044223	1612371044307	OK	 
REQUEST		AddToCart	1612371044344	1612371044392	OK	 
REQUEST		AddToCart	1612371044366	1612371044422	OK	 
REQUEST		AddToCart	1612371044379	1612371044439	OK	 
REQUEST		AddToCart	1612371044384	1612371044453	OK	 
REQUEST		AddToCart	1612371044397	1612371044491	OK	 
REQUEST		AddToCart	1612371044647	1612371044720	OK	 
REQUEST		AddToCart	1612371044668	1612371044791	OK	 
REQUEST		AddToCart	1612371044671	1612371044828	OK	 
REQUEST		AddToCart	1612371044673	1612371044830	OK	 
REQUEST		AddToCart	1612371044671	1612371044830	OK	 
REQUEST		AddToCart	1612371044762	1612371044829	OK	 
REQUEST		AddToCart	1612371044865	1612371044937	OK	 
REQUEST		AddToCart	1612371044877	1612371044941	OK	 
REQUEST		AddToCart	1612371044876	1612371044941	OK	 
REQUEST		AddToCart	1612371044886	1612371044951	OK	 
REQUEST		AddToCart	1612371044897	1612371044964	OK	 
REQUEST		AddToCart	1612371044951	1612371045062	OK	 
REQUEST		AddToCart	1612371045047	1612371045089	OK	 
REQUEST		AddToCart	1612371045122	1612371045161	OK	 
REQUEST		AddToCart	1612371045138	1612371045176	OK	 
REQUEST		AddToCart	1612371045169	1612371045259	OK	 
REQUEST		AddToCart	1612371045167	1612371045267	OK	 
REQUEST		AddToCart	1612371045181	1612371045302	OK	 
REQUEST		AddToCart	1612371045182	1612371045302	OK	 
REQUEST		AddToCart	1612371045170	1612371045303	OK	 
REQUEST		AddToCart	1612371045487	1612371045548	OK	 
REQUEST		AddToCart	1612371045495	1612371045548	OK	 
REQUEST		AddToCart	1612371045504	1612371045611	OK	 
REQUEST		AddToCart	1612371045504	1612371045615	OK	 
REQUEST		AddToCart	1612371045512	1612371045624	OK	 
REQUEST		AddToCart	1612371045544	1612371045631	OK	 
REQUEST		AddToCart	1612371045504	1612371045632	OK	 
REQUEST		AddToCart	1612371045544	1612371045631	OK	 
REQUEST		AddToCart	1612371045616	1612371045664	OK	 
REQUEST		AddToCart	1612371045628	1612371045678	OK	 
REQUEST		AddToCart	1612371045772	1612371045827	OK	 
REQUEST		AddToCart	1612371045794	1612371045859	OK	 
REQUEST		AddToCart	1612371045803	1612371045872	OK	 
REQUEST		AddToCart	1612371045807	1612371045913	OK	 
REQUEST		AddToCart	1612371045813	1612371045919	OK	 
REQUEST		AddToCart	1612371045826	1612371045972	OK	 
REQUEST		AddToCart	1612371045828	1612371045982	OK	 
REQUEST		AddToCart	1612371045827	1612371045983	OK	 
REQUEST		AddToCart	1612371045840	1612371046017	OK	 
REQUEST		AddToCart	1612371045836	1612371046020	OK	 
REQUEST		AddToCart	1612371045836	1612371046020	OK	 
REQUEST		AddToCart	1612371045863	1612371046024	OK	 
REQUEST		AddToCart	1612371045865	1612371046045	OK	 
REQUEST		AddToCart	1612371045845	1612371046044	OK	 
REQUEST		AddToCart	1612371045881	1612371046086	OK	 
REQUEST		AddToCart	1612371045877	1612371046082	OK	 
REQUEST		AddToCart	1612371045887	1612371046117	OK	 
REQUEST		AddToCart	1612371045929	1612371046203	OK	 
REQUEST		AddToCart	1612371045914	1612371046203	OK	 
REQUEST		AddToCart	1612371045919	1612371046203	OK	 
REQUEST		AddToCart	1612371045868	1612371046219	OK	 
REQUEST		AddToCart	1612371045927	1612371046239	OK	 
REQUEST		AddToCart	1612371045939	1612371046251	OK	 
REQUEST		AddToCart	1612371045943	1612371046256	OK	 
REQUEST		AddToCart	1612371045957	1612371046268	OK	 
REQUEST		AddToCart	1612371045947	1612371046268	OK	 
REQUEST		AddToCart	1612371045965	1612371046318	OK	 
REQUEST		AddToCart	1612371045966	1612371046339	OK	 
REQUEST		AddToCart	1612371045966	1612371046349	OK	 
REQUEST		AddToCart	1612371045981	1612371046351	OK	 
REQUEST		AddToCart	1612371045984	1612371046375	OK	 
REQUEST		CreateGeneral	1612371046160	1612371046591	OK	 
REQUEST		CreateGeneral	1612371046287	1612371046618	OK	 
REQUEST		CreateGeneral	1612371046287	1612371046631	OK	 
REQUEST		CreateGeneral	1612371046287	1612371046705	OK	 
REQUEST		CreateGeneral	1612371046543	1612371046962	OK	 
REQUEST		CreateGeneral	1612371046549	1612371046982	OK	 
REQUEST		CreateGeneral	1612371046549	1612371046987	OK	 
REQUEST		CreateGeneral	1612371046590	1612371047159	KO	status.find.is(200), but actually found 400
REQUEST		CreateGeneral	1612371046581	1612371047216	OK	 
REQUEST		CreateGeneral	1612371046566	1612371047216	OK	 
REQUEST		CreateGeneral	1612371046611	1612371047241	OK	 
REQUEST		CreateGeneral	1612371046692	1612371047331	OK	 
REQUEST		CreateGeneral	1612371046834	1612371047527	OK	 
REQUEST		CreateGeneral	1612371046835	1612371047527	OK	 
REQUEST		CreateGeneral	1612371046834	1612371047529	OK	 
REQUEST		CreateGeneral	1612371046849	1612371047574	OK	 
REQUEST		CreateGeneral	1612371046879	1612371047581	OK	 
REQUEST		CreateGeneral	1612371046925	1612371047613	OK	 
REQUEST		CreateGeneral	1612371046922	1612371047613	OK	 
REQUEST		CreateGeneral	1612371046808	1612371047641	OK	 
REQUEST		CreateGeneral	1612371046958	1612371047669	OK	 
REQUEST		CreateGeneral	1612371047065	1612371047702	OK	 
REQUEST		CreateGeneral	1612371046834	1612371047710	OK	 
REQUEST		CreateGeneral	1612371047056	1612371047740	OK	 
REQUEST		CreateGeneral	1612371047107	1612371047776	OK	 
REQUEST		CreateGeneral	1612371047207	1612371047788	OK	 
REQUEST		CreateGeneral	1612371047116	1612371047798	OK	 
REQUEST		CreateGeneral	1612371047257	1612371047798	KO	status.find.is(200), but actually found 400
REQUEST		CreateGeneral	1612371047292	1612371047819	KO	status.find.is(200), but actually found 400
REQUEST		CreateGeneral	1612371047277	1612371047832	OK	 
REQUEST		CreateGeneral	1612371047256	1612371047832	OK	 
REQUEST		CreateGeneral	1612371047284	1612371047867	OK	 
REQUEST		CreateGeneral	1612371046832	1612371047876	OK	 
REQUEST		CreateGeneral	1612371047315	1612371047877	OK	 
REQUEST		CreateGeneral	1612371047397	1612371047955	OK	 
REQUEST		CreateGeneral	1612371047429	1612371048104	OK	 
REQUEST		CreateGeneral	1612371047450	1612371048115	OK	 
REQUEST		CreateGeneral	1612371047458	1612371048120	OK	 
REQUEST		CreateGeneral	1612371047728	1612371048129	OK	 
REQUEST		CreateGeneral	1612371047527	1612371048150	OK	 
REQUEST		CreateGeneral	1612371047798	1612371048169	OK	 
REQUEST		CreateGeneral	1612371047851	1612371048221	KO	status.find.is(200), but actually found 400
REQUEST		CreateGeneral	1612371047847	1612371048264	OK	 
REQUEST		CreateGeneral	1612371047852	1612371048287	OK	 
REQUEST		CreateGeneral	1612371047960	1612371048302	KO	status.find.is(200), but actually found 400
REQUEST		CreateGeneral	1612371047853	1612371048317	OK	 
REQUEST		CreateGeneral	1612371047942	1612371048404	OK	 
REQUEST		CreateGeneral	1612371047951	1612371048409	OK	 
REQUEST		CreateGeneral	1612371047969	1612371048423	OK	 
REQUEST		CreateGeneral	1612371047950	1612371048431	OK	 
REQUEST		CreateGeneral	1612371048098	1612371048506	OK	 
REQUEST		CreateGeneral	1612371048169	1612371048507	OK	 
REQUEST		CreateGeneral	1612371048270	1612371048508	OK	 
REQUEST		CreateGeneral	1612371048068	1612371048513	OK	 
REQUEST		CreateGeneral	1612371048183	1612371048530	OK	 
REQUEST		CreateGeneral	1612371048292	1612371048623	OK	 
REQUEST		CreateGeneral	1612371048325	1612371048637	OK	 
REQUEST		CreateGeneral	1612371048325	1612371048640	OK	 
REQUEST		CreateGeneral	1612371048326	1612371048651	OK	 
REQUEST		CreateGeneral	1612371048559	1612371048749	OK	 
REQUEST		CreateGeneral	1612371048567	1612371048780	OK	 
REQUEST		CreateGeneral	1612371048617	1612371048832	OK	 
REQUEST		CreateGeneral	1612371048633	1612371048838	OK	 
REQUEST		CreateGeneral	1612371048634	1612371048838	OK	 
REQUEST		CreateGeneral	1612371048660	1612371048896	OK	 
REQUEST		CreateGeneral	1612371048660	1612371048897	OK	 
REQUEST		CreateGeneral	1612371048684	1612371048932	OK	 
REQUEST		CreateGeneral	1612371048661	1612371048934	OK	 
REQUEST		CreateGeneral	1612371048672	1612371048938	OK	 
REQUEST		CreateGeneral	1612371048878	1612371049032	KO	status.find.is(200), but actually found 400
REQUEST		CreateGeneral	1612371048879	1612371049169	OK	 
REQUEST		CreateGeneral	1612371048882	1612371049202	OK	 
REQUEST		CreateGeneral	1612371048983	1612371049220	OK	 
REQUEST		CreateGeneral	1612371048930	1612371049227	OK	 
REQUEST		CreateGeneral	1612371048920	1612371049228	OK	 
REQUEST		CreateGeneral	1612371048998	1612371049297	OK	 
REQUEST		CreateGeneral	1612371049138	1612371049480	KO	status.find.is(200), but actually found 400
REQUEST		CreateGeneral	1612371049025	1612371049579	OK	 
REQUEST		CreateGeneral	1612371049039	1612371049579	OK	 
REQUEST		CreateGeneral	1612371049054	1612371049614	OK	 
REQUEST		CreateGeneral	1612371049058	1612371049652	OK	 
REQUEST		CreateGeneral	1612371049041	1612371049669	OK	 
REQUEST		CreateGeneral	1612371049054	1612371049676	OK	 
REQUEST		CreateGeneral	1612371049055	1612371049738	OK	 
REQUEST		CreateGeneral	1612371049143	1612371049738	OK	 
REQUEST		CreateGeneral	1612371049245	1612371049737	KO	status.find.is(200), but actually found 400
REQUEST		CreateGeneral	1612371049144	1612371049761	OK	 
REQUEST		CreateGeneral	1612371049249	1612371049858	OK	 
REQUEST		CreateGeneral	1612371049250	1612371049867	OK	 
REQUEST		CreateGeneral	1612371049248	1612371049867	OK	 
REQUEST		BookingDetails	1612371050597	1612371050666	OK	 
REQUEST		BookingDetails	1612371050632	1612371050671	OK	 
ERROR	BookingDetails: Failed to build request: No attribute named 'checkoutTokenID' is defined 	1612371051180
ERROR	CreatePaymentIntent: Failed to build request: No attribute named 'checkoutTokenID' is defined 	1612371051181
REQUEST		BookingDetails	1612371050644	1612371051695	OK	 
ERROR	BookingDetails: Failed to build request: No attribute named 'checkoutTokenID' is defined 	1612371051823
ERROR	CreatePaymentIntent: Failed to build request: No attribute named 'checkoutTokenID' is defined 	1612371051824
ERROR	BookingDetails: Failed to build request: No attribute named 'checkoutTokenID' is defined 	1612371051833
ERROR	CreatePaymentIntent: Failed to build request: No attribute named 'checkoutTokenID' is defined 	1612371051833
REQUEST		BookingDetails	1612371050712	1612371051989	OK	 
REQUEST		BookingDetails	1612371050968	1612371052019	OK	 
REQUEST		BookingDetails	1612371050988	1612371052020	OK	 
REQUEST		BookingDetails	1612371051005	1612371052035	OK	 
REQUEST		BookingDetails	1612371051343	1612371052037	OK	 
REQUEST		BookingDetails	1612371051249	1612371052043	OK	 
REQUEST		BookingDetails	1612371051579	1612371052051	OK	 
REQUEST		BookingDetails	1612371051546	1612371052055	OK	 
REQUEST		BookingDetails	1612371051229	1612371052064	OK	 
REQUEST		BookingDetails	1612371051545	1612371052078	OK	 
REQUEST		CreatePaymentIntent	1612371050671	1612371052095	OK	 
REQUEST		BookingDetails	1612371051228	1612371052119	OK	 
REQUEST		BookingDetails	1612371051547	1612371052115	OK	 
REQUEST		BookingDetails	1612371051650	1612371052119	OK	 
REQUEST		BookingDetails	1612371051593	1612371052142	OK	 
REQUEST		BookingDetails	1612371051626	1612371052155	OK	 
REQUEST		BookingDetails	1612371051632	1612371052179	OK	 
ERROR	BookingDetails: Failed to build request: No attribute named 'checkoutTokenID' is defined 	1612371052226
REQUEST		BookingDetails	1612371051680	1612371052225	OK	 
ERROR	CreatePaymentIntent: Failed to build request: No attribute named 'checkoutTokenID' is defined 	1612371052240
REQUEST		BookingDetails	1612371051712	1612371052230	OK	 
REQUEST		CreatePaymentIntent	1612371050681	1612371052258	OK	 
ERROR	BookingDetails: Failed to build request: No attribute named 'checkoutTokenID' is defined 	1612371052313
ERROR	CreatePaymentIntent: Failed to build request: No attribute named 'checkoutTokenID' is defined 	1612371052314
ERROR	BookingDetails: Failed to build request: No attribute named 'checkoutTokenID' is defined 	1612371053055
ERROR	CreatePaymentIntent: Failed to build request: No attribute named 'checkoutTokenID' is defined 	1612371053056
REQUEST		BookingDetails	1612371051745	1612371053472	OK	 
REQUEST		BookingDetails	1612371051797	1612371053475	OK	 
REQUEST		BookingDetails	1612371051819	1612371053480	OK	 
ERROR	BookingDetails: Failed to build request: No attribute named 'checkoutTokenID' is defined 	1612371053489
REQUEST		BookingDetails	1612371051727	1612371053480	OK	 
ERROR	CreatePaymentIntent: Failed to build request: No attribute named 'checkoutTokenID' is defined 	1612371053491
REQUEST		BookingDetails	1612371051845	1612371053492	OK	 
REQUEST		BookingDetails	1612371051841	1612371053499	OK	 
REQUEST		BookingDetails	1612371051789	1612371053499	OK	 
REQUEST		BookingDetails	1612371051885	1612371053525	OK	 
REQUEST		BookingDetails	1612371051878	1612371053527	OK	 
REQUEST		CreatePaymentIntent	1612371051727	1612371053530	OK	 
REQUEST		BookingDetails	1612371051885	1612371053530	OK	 
REQUEST		CreatePaymentIntent	1612371052145	1612371053661	OK	 
REQUEST		CreatePaymentIntent	1612371052027	1612371053670	OK	 
REQUEST		CreatePaymentIntent	1612371052052	1612371053682	OK	 
REQUEST		CreatePaymentIntent	1612371052055	1612371053690	OK	 
REQUEST		CreatePaymentIntent	1612371052028	1612371053701	OK	 
REQUEST		CreatePaymentIntent	1612371052078	1612371053730	OK	 
REQUEST		CreatePaymentIntent	1612371052069	1612371053730	OK	 
REQUEST		CreatePaymentIntent	1612371052066	1612371053730	OK	 
REQUEST		CreatePaymentIntent	1612371052119	1612371053745	OK	 
REQUEST		CreatePaymentIntent	1612371052095	1612371053745	OK	 
REQUEST		CreatePaymentIntent	1612371052143	1612371053770	OK	 
REQUEST		CreatePaymentIntent	1612371051993	1612371053771	OK	 
REQUEST		CreatePaymentIntent	1612371052138	1612371053771	OK	 
ERROR	BookingDetails: Failed to build request: No attribute named 'checkoutTokenID' is defined 	1612371053796
ERROR	CreatePaymentIntent: Failed to build request: No attribute named 'checkoutTokenID' is defined 	1612371053797
REQUEST		CreatePaymentIntent	1612371052157	1612371053796	OK	 
REQUEST		CreatePaymentIntent	1612371052192	1612371053803	OK	 
REQUEST		BookingDetails	1612371051962	1612371054170	OK	 
REQUEST		CreatePaymentIntent	1612371052230	1612371054175	OK	 
REQUEST		CreatePaymentIntent	1612371052165	1612371054183	OK	 
REQUEST		BookingDetails	1612371052142	1612371054330	OK	 
REQUEST		BookingDetails	1612371052138	1612371054334	OK	 
REQUEST		CreatePaymentIntent	1612371052241	1612371054577	OK	 
REQUEST		BookingDetails	1612371052162	1612371054677	OK	 
REQUEST		CreatePaymentIntent	1612371053490	1612371054748	OK	 
REQUEST		BookingDetails	1612371052190	1612371054887	OK	 
REQUEST		BookingDetails	1612371052271	1612371054888	OK	 
REQUEST		BookingDetails	1612371052347	1612371054903	OK	 
REQUEST		BookingDetails	1612371052293	1612371054922	OK	 
REQUEST		BookingDetails	1612371052409	1612371054926	OK	 
REQUEST		BookingDetails	1612371052756	1612371054939	OK	 
REQUEST		BookingDetails	1612371052170	1612371055043	OK	 
REQUEST		BookingDetails	1612371052165	1612371055086	OK	 
ERROR	ConfirmPayment: Failed to build request: No attribute named 'checkoutTokenID' is defined 	1612371055182
USER	GeneralAdmission1	END	1612371055191
REQUEST		CreatePaymentIntent	1612371053499	1612371055223	OK	 
REQUEST		BookingDetails	1612371052447	1612371055351	OK	 
REQUEST		BookingDetails	1612371052422	1612371055351	OK	 
REQUEST		BookingDetails	1612371052529	1612371055470	OK	 
REQUEST		BookingDetails	1612371052514	1612371055471	OK	 
REQUEST		BookingDetails	1612371052529	1612371055475	OK	 
REQUEST		BookingDetails	1612371052529	1612371055486	OK	 
REQUEST		BookingDetails	1612371052636	1612371055486	OK	 
REQUEST		CreatePaymentIntent	1612371053504	1612371055502	OK	 
REQUEST		BookingDetails	1612371052540	1612371055512	OK	 
REQUEST		BookingDetails	1612371052653	1612371055513	OK	 
REQUEST		CreatePaymentIntent	1612371053480	1612371055579	OK	 
REQUEST		BookingDetails	1612371052662	1612371055581	OK	 
REQUEST		CreatePaymentIntent	1612371053491	1612371055580	OK	 
REQUEST		BookingDetails	1612371052653	1612371055580	OK	 
REQUEST		BookingDetails	1612371052787	1612371055637	OK	 
REQUEST		BookingDetails	1612371052433	1612371055652	OK	 
REQUEST		BookingDetails	1612371053208	1612371055730	OK	 
REQUEST		CreatePaymentIntent	1612371053511	1612371055734	OK	 
REQUEST		CreatePaymentIntent	1612371053475	1612371055747	OK	 
REQUEST		BookingDetails	1612371053229	1612371055759	OK	 
ERROR	ConfirmPayment: Failed to build request: No attribute named 'checkoutTokenID' is defined 	1612371055824
USER	GeneralAdmission1	END	1612371055828
ERROR	ConfirmPayment: Failed to build request: No attribute named 'checkoutTokenID' is defined 	1612371055834
USER	GeneralAdmission1	END	1612371055836
REQUEST		CreateGeneral	1612371049391	1612371055952	KO	status.find.is(200), but actually found 400
REQUEST		CreateGeneral	1612371049351	1612371055951	KO	status.find.is(200), but actually found 400
REQUEST		BookingDetails	1612371052920	1612371056095	OK	 
REQUEST		BookingDetails	1612371052839	1612371056097	OK	 
REQUEST		BookingDetails	1612371052879	1612371056097	OK	 
REQUEST		BookingDetails	1612371052881	1612371056102	OK	 
REQUEST		BookingDetails	1612371052952	1612371056113	OK	 
REQUEST		BookingDetails	1612371052948	1612371056121	OK	 
REQUEST		BookingDetails	1612371052951	1612371056121	OK	 
REQUEST		CreatePaymentIntent	1612371054333	1612371056121	OK	 
REQUEST		CreatePaymentIntent	1612371054175	1612371056141	OK	 
REQUEST		BookingDetails	1612371053175	1612371056151	OK	 
REQUEST		CreatePaymentIntent	1612371054338	1612371056150	OK	 
REQUEST		BookingDetails	1612371052908	1612371056155	OK	 
ERROR	ConfirmPayment: Failed to build request: No attribute named 'checkoutTokenID' is defined 	1612371056242
USER	GeneralAdmission1	END	1612371056244
ERROR	ConfirmPayment: Failed to build request: No attribute named 'checkoutTokenID' is defined 	1612371056347
USER	GeneralAdmission1	END	1612371056349
REQUEST		BookingDetails	1612371053247	1612371056847	OK	 
ERROR	ConfirmPayment: Failed to build request: No attribute named 'checkoutTokenID' is defined 	1612371057071
USER	GeneralAdmission1	END	1612371057073
REQUEST		CreatePaymentIntent	1612371053670	1612371057176	OK	 
REQUEST		BookingDetails	1612371053250	1612371057177	OK	 
REQUEST		BookingDetails	1612371053308	1612371057183	OK	 
REQUEST		CreatePaymentIntent	1612371053647	1612371057190	OK	 
REQUEST		CreatePaymentIntent	1612371053609	1612371057191	OK	 
REQUEST		CreateGeneral	1612371049291	1612371057374	OK	 
REQUEST		CreateGeneral	1612371049289	1612371057379	OK	 
REQUEST		CreateGeneral	1612371049257	1612371057390	OK	 
REQUEST		CreateGeneral	1612371049376	1612371057389	OK	 
REQUEST		CreateGeneral	1612371049258	1612371057390	OK	 
REQUEST		CreatePaymentIntent	1612371054692	1612371057390	OK	 
REQUEST		CreatePaymentIntent	1612371054909	1612371057414	OK	 
REQUEST		BookingDetails	1612371053783	1612371057414	OK	 
REQUEST		BookingDetails	1612371053870	1612371057414	OK	 
REQUEST		BookingDetails	1612371053807	1612371057417	OK	 
REQUEST		BookingDetails	1612371053770	1612371057427	OK	 
REQUEST		BookingDetails	1612371053694	1612371057430	OK	 
REQUEST		CreatePaymentIntent	1612371054927	1612371057430	OK	 
REQUEST		BookingDetails	1612371053744	1612371057445	OK	 
REQUEST		BookingDetails	1612371053767	1612371057455	OK	 
REQUEST		BookingDetails	1612371053766	1612371057458	OK	 
REQUEST		BookingDetails	1612371053766	1612371057466	OK	 
REQUEST		BookingDetails	1612371053884	1612371057469	OK	 
REQUEST		BookingDetails	1612371053884	1612371057486	OK	 
ERROR	ConfirmPayment: Failed to build request: No attribute named 'checkoutTokenID' is defined 	1612371057497
REQUEST		CreatePaymentIntent	1612371054914	1612371057487	OK	 
REQUEST		CreateGeneral	1612371049292	1612371057486	OK	 
USER	GeneralAdmission1	END	1612371057507
REQUEST		CreateGeneral	1612371049364	1612371057507	OK	 
REQUEST		CreateGeneral	1612371049375	1612371057519	OK	 
REQUEST		BookingDetails	1612371053660	1612371057661	OK	 
REQUEST		CreatePaymentIntent	1612371055356	1612371057668	OK	 
REQUEST		CreatePaymentIntent	1612371054919	1612371057673	OK	 
REQUEST		CreatePaymentIntent	1612371055533	1612371057679	OK	 
REQUEST		CreatePaymentIntent	1612371054935	1612371057676	OK	 
REQUEST		CreatePaymentIntent	1612371055508	1612371057679	OK	 
REQUEST		CreatePaymentIntent	1612371055090	1612371057679	OK	 
REQUEST		CreatePaymentIntent	1612371055046	1612371057697	OK	 
REQUEST		CreatePaymentIntent	1612371055490	1612371057697	OK	 
REQUEST		CreatePaymentIntent	1612371055483	1612371057703	OK	 
REQUEST		CreatePaymentIntent	1612371055501	1612371057703	OK	 
REQUEST		CreatePaymentIntent	1612371054942	1612371057714	OK	 
REQUEST		CreatePaymentIntent	1612371055641	1612371057721	OK	 
REQUEST		CreatePaymentIntent	1612371055590	1612371057721	OK	 
REQUEST		CreatePaymentIntent	1612371055535	1612371057722	OK	 
ERROR	ConfirmPayment: Failed to build request: No attribute named 'checkoutTokenID' is defined 	1612371057805
USER	GeneralAdmission1	END	1612371057806
REQUEST		CreatePaymentIntent	1612371055617	1612371058010	OK	 
REQUEST		CreatePaymentIntent	1612371055657	1612371058219	OK	 
REQUEST		CreatePaymentIntent	1612371055495	1612371058250	OK	 
REQUEST		CreatePaymentIntent	1612371055747	1612371058352	OK	 
REQUEST		CreatePaymentIntent	1612371055356	1612371058463	OK	 
REQUEST		CreatePaymentIntent	1612371056121	1612371058468	OK	 
REQUEST		CreatePaymentIntent	1612371055764	1612371058468	OK	 
REQUEST		CreatePaymentIntent	1612371056121	1612371058468	OK	 
REQUEST		CreatePaymentIntent	1612371056113	1612371058481	OK	 
REQUEST		CreatePaymentIntent	1612371057430	1612371058511	OK	 
REQUEST		CreatePaymentIntent	1612371057431	1612371058514	OK	 
REQUEST		CreatePaymentIntent	1612371057458	1612371058517	OK	 
REQUEST		CreatePaymentIntent	1612371057446	1612371058517	OK	 
REQUEST		CreatePaymentIntent	1612371057434	1612371058518	OK	 
REQUEST		CreatePaymentIntent	1612371057447	1612371058525	OK	 
REQUEST		CreatePaymentIntent	1612371056160	1612371058531	OK	 
REQUEST		CreatePaymentIntent	1612371056125	1612371058550	OK	 
REQUEST		CreatePaymentIntent	1612371056164	1612371058551	OK	 
REQUEST		CreatePaymentIntent	1612371056851	1612371058552	OK	 
REQUEST		CreatePaymentIntent	1612371056139	1612371058563	OK	 
REQUEST		CreatePaymentIntent	1612371056140	1612371058566	OK	 
REQUEST		CreatePaymentIntent	1612371057182	1612371058575	OK	 
REQUEST		CreatePaymentIntent	1612371057190	1612371058580	OK	 
REQUEST		CreatePaymentIntent	1612371056140	1612371058830	OK	 
REQUEST		CreatePaymentIntent	1612371057467	1612371058881	OK	 
REQUEST		CreatePaymentIntent	1612371057478	1612371058931	OK	 
REQUEST		CreatePaymentIntent	1612371057482	1612371059085	OK	 
REQUEST		CreatePaymentIntent	1612371057663	1612371059105	OK	 
REQUEST		CreatePaymentIntent	1612371057483	1612371059112	OK	 
REQUEST		CreatePaymentIntent	1612371057504	1612371059113	OK	 
REQUEST		ConfirmPayment	1612371057801	1612371059178	OK	 
REQUEST		ConfirmPayment	1612371057768	1612371059183	OK	 
USER	GeneralAdmission1	END	1612371059183
USER	GeneralAdmission1	END	1612371059192
ERROR	BookingDetails: Failed to build request: No attribute named 'checkoutTokenID' is defined 	1612371059964
ERROR	CreatePaymentIntent: Failed to build request: No attribute named 'checkoutTokenID' is defined 	1612371059964
ERROR	BookingDetails: Failed to build request: No attribute named 'checkoutTokenID' is defined 	1612371059977
ERROR	CreatePaymentIntent: Failed to build request: No attribute named 'checkoutTokenID' is defined 	1612371059978
REQUEST		ConfirmPayment	1612371057852	1612371060247	OK	 
USER	GeneralAdmission1	END	1612371060250
REQUEST		ConfirmPayment	1612371057754	1612371060336	OK	 
USER	GeneralAdmission1	END	1612371060339
REQUEST		ConfirmPayment	1612371057768	1612371060350	OK	 
USER	GeneralAdmission1	END	1612371060354
REQUEST		ConfirmPayment	1612371058185	1612371060384	OK	 
REQUEST		ConfirmPayment	1612371057718	1612371060385	OK	 
REQUEST		ConfirmPayment	1612371058752	1612371060386	OK	 
REQUEST		ConfirmPayment	1612371057847	1612371060391	OK	 
REQUEST		ConfirmPayment	1612371058600	1612371060396	OK	 
USER	GeneralAdmission1	END	1612371060399
USER	GeneralAdmission1	END	1612371060402
USER	GeneralAdmission1	END	1612371060405
USER	GeneralAdmission1	END	1612371060409
USER	GeneralAdmission1	END	1612371060409
REQUEST		ConfirmPayment	1612371056269	1612371060491	OK	 
REQUEST		ConfirmPayment	1612371056140	1612371060511	OK	 
USER	GeneralAdmission1	END	1612371060512
USER	GeneralAdmission1	END	1612371060517
REQUEST		ConfirmPayment	1612371057703	1612371060720	OK	 
REQUEST		ConfirmPayment	1612371057721	1612371060726	OK	 
USER	GeneralAdmission1	END	1612371060728
USER	GeneralAdmission1	END	1612371060736
REQUEST		ConfirmPayment	1612371058189	1612371061087	OK	 
USER	GeneralAdmission1	END	1612371061092
REQUEST		ConfirmPayment	1612371057795	1612371061169	OK	 
REQUEST		ConfirmPayment	1612371060153	1612371061173	OK	 
USER	GeneralAdmission1	END	1612371061175
REQUEST		ConfirmPayment	1612371059603	1612371061178	OK	 
REQUEST		ConfirmPayment	1612371059229	1612371061178	OK	 
USER	GeneralAdmission1	END	1612371061179
REQUEST		ConfirmPayment	1612371059516	1612371061189	OK	 
USER	GeneralAdmission1	END	1612371061189
USER	GeneralAdmission1	END	1612371061189
USER	GeneralAdmission1	END	1612371061198
REQUEST		ConfirmPayment	1612371060140	1612371061221	OK	 
REQUEST		ConfirmPayment	1612371060164	1612371061221	OK	 
REQUEST		ConfirmPayment	1612371057648	1612371061221	OK	 
USER	GeneralAdmission1	END	1612371061232
USER	GeneralAdmission1	END	1612371061232
USER	GeneralAdmission1	END	1612371061232
REQUEST		ConfirmPayment	1612371057768	1612371061393	OK	 
USER	GeneralAdmission1	END	1612371061396
REQUEST		ConfirmPayment	1612371057767	1612371061430	OK	 
USER	GeneralAdmission1	END	1612371061433
REQUEST		ConfirmPayment	1612371057734	1612371061438	OK	 
REQUEST		ConfirmPayment	1612371057798	1612371061439	OK	 
USER	GeneralAdmission1	END	1612371061446
USER	GeneralAdmission1	END	1612371061446
REQUEST		BookingDetails	1612371061389	1612371061617	OK	 
REQUEST		BookingDetails	1612371061380	1612371061620	OK	 
REQUEST		BookingDetails	1612371061415	1612371062145	OK	 
REQUEST		BookingDetails	1612371061411	1612371062146	OK	 
REQUEST		BookingDetails	1612371061415	1612371062247	OK	 
REQUEST		ConfirmPayment	1612371061200	1612371062586	OK	 
REQUEST		ConfirmPayment	1612371061198	1612371062586	OK	 
REQUEST		ConfirmPayment	1612371061188	1612371062587	OK	 
REQUEST		ConfirmPayment	1612371057712	1612371062588	OK	 
USER	GeneralAdmission1	END	1612371062607
USER	GeneralAdmission1	END	1612371062607
USER	GeneralAdmission1	END	1612371062608
USER	GeneralAdmission1	END	1612371062608
REQUEST		ConfirmPayment	1612371061415	1612371062688	OK	 
REQUEST		BookingDetails	1612371061521	1612371062689	OK	 
REQUEST		BookingDetails	1612371061533	1612371062689	OK	 
REQUEST		ConfirmPayment	1612371061506	1612371062705	OK	 
USER	GeneralAdmission1	END	1612371062707
REQUEST		ConfirmPayment	1612371061449	1612371062715	OK	 
USER	GeneralAdmission1	END	1612371062716
REQUEST		BookingDetails	1612371061508	1612371062719	OK	 
USER	GeneralAdmission1	END	1612371062720
REQUEST		CreatePaymentIntent	1612371061636	1612371063530	OK	 
REQUEST		CreatePaymentIntent	1612371061620	1612371063531	OK	 
REQUEST		ConfirmPayment	1612371059757	1612371063544	OK	 
REQUEST		ConfirmPayment	1612371059605	1612371063544	OK	 
REQUEST		CreatePaymentIntent	1612371062250	1612371063543	OK	 
REQUEST		ConfirmPayment	1612371059756	1612371063546	OK	 
REQUEST		ConfirmPayment	1612371061675	1612371063561	OK	 
REQUEST		ConfirmPayment	1612371061690	1612371063561	OK	 
REQUEST		ConfirmPayment	1612371061715	1612371063561	OK	 
USER	GeneralAdmission1	END	1612371063565
USER	GeneralAdmission1	END	1612371063569
USER	GeneralAdmission1	END	1612371063570
REQUEST		CreatePaymentIntent	1612371062151	1612371063586	OK	 
USER	GeneralAdmission1	END	1612371063584
REQUEST		ConfirmPayment	1612371061428	1612371063587	OK	 
USER	GeneralAdmission1	END	1612371063585
USER	GeneralAdmission1	END	1612371063585
USER	GeneralAdmission1	END	1612371063599
REQUEST		ConfirmPayment	1612371061715	1612371063837	OK	 
USER	GeneralAdmission1	END	1612371063841
REQUEST		CreatePaymentIntent	1612371062151	1612371063937	OK	 
ERROR	ConfirmPayment: Failed to build request: No attribute named 'checkoutTokenID' is defined 	1612371063967
USER	GeneralAdmission1	END	1612371063970
ERROR	ConfirmPayment: Failed to build request: No attribute named 'checkoutTokenID' is defined 	1612371063980
USER	GeneralAdmission1	END	1612371063981
REQUEST		CreatePaymentIntent	1612371062706	1612371064026	OK	 
REQUEST		CreatePaymentIntent	1612371062705	1612371064029	OK	 
REQUEST		CreatePaymentIntent	1612371062727	1612371064033	OK	 
REQUEST		ConfirmPayment	1612371061722	1612371064467	OK	 
REQUEST		ConfirmPayment	1612371061704	1612371064471	OK	 
USER	GeneralAdmission1	END	1612371064472
USER	GeneralAdmission1	END	1612371064475
REQUEST		ConfirmPayment	1612371062014	1612371064483	OK	 
REQUEST		ConfirmPayment	1612371061736	1612371064483	OK	 
REQUEST		ConfirmPayment	1612371061701	1612371064490	OK	 
REQUEST		ConfirmPayment	1612371061704	1612371064490	OK	 
REQUEST		ConfirmPayment	1612371061699	1612371064491	OK	 
USER	GeneralAdmission1	END	1612371064491
USER	GeneralAdmission1	END	1612371064491
USER	GeneralAdmission1	END	1612371064505
REQUEST		ConfirmPayment	1612371061735	1612371064507	OK	 
USER	GeneralAdmission1	END	1612371064506
USER	GeneralAdmission1	END	1612371064506
USER	GeneralAdmission1	END	1612371064515
REQUEST		ConfirmPayment	1612371062527	1612371065536	OK	 
REQUEST		ConfirmPayment	1612371062482	1612371065536	OK	 
REQUEST		ConfirmPayment	1612371063092	1612371065536	OK	 
REQUEST		ConfirmPayment	1612371062485	1612371065538	OK	 
REQUEST		ConfirmPayment	1612371061735	1612371065539	OK	 
USER	GeneralAdmission1	END	1612371065544
REQUEST		ConfirmPayment	1612371062259	1612371065556	OK	 
USER	GeneralAdmission1	END	1612371065555
REQUEST		ConfirmPayment	1612371062835	1612371065560	OK	 
USER	GeneralAdmission1	END	1612371065555
USER	GeneralAdmission1	END	1612371065557
REQUEST		ConfirmPayment	1612371062364	1612371065569	OK	 
USER	GeneralAdmission1	END	1612371065557
USER	GeneralAdmission1	END	1612371065562
USER	GeneralAdmission1	END	1612371065570
USER	GeneralAdmission1	END	1612371065574
REQUEST		ConfirmPayment	1612371062469	1612371066520	OK	 
REQUEST		ConfirmPayment	1612371062552	1612371066520	OK	 
REQUEST		ConfirmPayment	1612371062224	1612371066520	OK	 
USER	GeneralAdmission1	END	1612371066527
USER	GeneralAdmission1	END	1612371066527
USER	GeneralAdmission1	END	1612371066527
REQUEST		ConfirmPayment	1612371062936	1612371067108	OK	 
REQUEST		ConfirmPayment	1612371062927	1612371067110	OK	 
REQUEST		ConfirmPayment	1612371063114	1612371067110	OK	 
USER	GeneralAdmission1	END	1612371067111
REQUEST		ConfirmPayment	1612371062567	1612371067116	OK	 
REQUEST		ConfirmPayment	1612371062552	1612371067120	OK	 
USER	GeneralAdmission1	END	1612371067122
REQUEST		ConfirmPayment	1612371063118	1612371067125	OK	 
USER	GeneralAdmission1	END	1612371067124
USER	GeneralAdmission1	END	1612371067128
USER	GeneralAdmission1	END	1612371067133
REQUEST		ConfirmPayment	1612371062484	1612371067134	OK	 
USER	GeneralAdmission1	END	1612371067135
USER	GeneralAdmission1	END	1612371067137
REQUEST		ConfirmPayment	1612371061699	1612371068671	OK	 
REQUEST		ConfirmPayment	1612371062567	1612371068671	OK	 
REQUEST		ConfirmPayment	1612371063128	1612371068672	OK	 
REQUEST		ConfirmPayment	1612371062577	1612371068672	OK	 
USER	GeneralAdmission1	END	1612371068678
USER	GeneralAdmission1	END	1612371068678
REQUEST		ConfirmPayment	1612371062586	1612371068683	OK	 
REQUEST		ConfirmPayment	1612371062618	1612371068683	OK	 
REQUEST		ConfirmPayment	1612371062568	1612371068683	OK	 
USER	GeneralAdmission1	END	1612371068678
USER	GeneralAdmission1	END	1612371068678
USER	GeneralAdmission1	END	1612371068688
USER	GeneralAdmission1	END	1612371068688
USER	GeneralAdmission1	END	1612371068688
REQUEST		ConfirmPayment	1612371062577	1612371068689	OK	 
USER	GeneralAdmission1	END	1612371068692
REQUEST		ConfirmPayment	1612371068033	1612371069123	OK	 
REQUEST		ConfirmPayment	1612371068030	1612371069123	OK	 
USER	GeneralAdmission1	END	1612371069127
USER	GeneralAdmission1	END	1612371069127
REQUEST		ConfirmPayment	1612371067568	1612371069128	OK	 
REQUEST		ConfirmPayment	1612371068043	1612371069129	OK	 
REQUEST		