RUN	RecordedSimulation1	recordedsimulation1	1610015379333	BookTours run 1	3.5.0
USER	RecordedSimulation1	START	1610015381120
REQUEST		request_0	1610015381161	1610015381485	OK	 
REQUEST		request_1	1610015381538	1610015381565	OK	 
REQUEST		request_2	1610015381539	1610015381626	OK	 
REQUEST		request_3	1610015381540	1610015381643	OK	 
REQUEST		request_4	1610015382647	1610015382681	OK	 
ERROR	request_5: Failed to build request: Resource /recordedsimulation1/0005_request.json not found 	1610015382684
ERROR	request_6: Failed to build request: Resource /recordedsimulation1/0006_request.txt not found 	1610015382685
ERROR	request_8: Failed to build request: Resource /recordedsimulation1/0008_request.json not found 	1610015382686
REQUEST		request_7	1610015382686	1610015382705	OK	 
ERROR	request_9: Failed to build request: Resource /recordedsimulation1/0009_request.txt not found 	1610015386706
REQUEST		request_10	1610015387716	1610015387739	OK	 
ERROR	request_11: Failed to build request: Resource /recordedsimulation1/0011_request.json not found 	1610015387740
REQUEST		request_15	1610015388174	1610015388220	KO	status.find.in(200,201,202,203,204,205,206,207,208,209,304), found 400
REQUEST		request_14	1610015388180	1610015388222	OK	 
REQUEST		request_12	1610015387766	1610015388304	OK	 
REQUEST		request_27	1610015388175	1610015388316	OK	 
REQUEST		request_13	1610015388179	1610015388319	OK	 
REQUEST		request_17	1610015388177	1610015388346	OK	 
REQUEST		request_21	1610015387742	1610015388926	OK	 
REQUEST		request_18	1610015388171	1610015388937	OK	 
REQUEST		request_16	1610015387765	1610015388946	OK	 
REQUEST		request_29	1610015388172	1610015388951	OK	 
REQUEST		request_26	1610015387765	1610015388953	OK	 
REQUEST		request_22	1610015388172	1610015389025	OK	 
REQUEST		request_20	1610015388176	1610015389027	OK	 
REQUEST		request_23	1610015388173	1610015389028	OK	 
REQUEST		request_28	1610015388173	1610015389030	OK	 
REQUEST		request_19	1610015388176	1610015389032	OK	 
REQUEST		request_25	1610015388178	1610015389038	OK	 
REQUEST		request_24	1610015388179	1610015389087	OK	 
REQUEST		request_30	1610015390089	1610015390274	OK	 
REQUEST		request_31	1610015391277	1610015391552	OK	 
ERROR	request_38: Failed to build request: Resource /recordedsimulation1/0038_request.json not found 	1610015391559
REQUEST		request_34	1610015391653	1610015391679	OK	 
REQUEST		request_35	1610015391560	1610015391752	OK	 
REQUEST		request_36	1610015391562	1610015391798	OK	 
REQUEST		request_32	1610015391655	1610015391849	OK	 
REQUEST		request_37	1610015391652	1610015391850	OK	 
REQUEST		request_33	1610015391612	1610015391982	KO	status.find.in(200,201,202,203,204,205,206,207,208,209,304), found 400
ERROR	request_39: Failed to build request: Resource /recordedsimulation1/0039_request.txt not found 	1610015394984
USER	RecordedSimulation1	END	1610015395000
