RUN	LocalSimulation3	localsimulation3	1610366818748	 	3.5.0
USER	LocalSimulation3	START	1610366820284
USER	LocalSimulation3	START	1610366820285
USER	LocalSimulation3	START	1610366820285
USER	LocalSimulation3	START	1610366820285
USER	LocalSimulation3	START	1610366820284
USER	LocalSimulation3	START	1610366820285
USER	LocalSimulation3	START	1610366820724
USER	LocalSimulation3	START	1610366820303
USER	LocalSimulation3	START	1610366820309
USER	LocalSimulation3	START	1610366820732
REQUEST		request_0	1610366820325	1610366820796	OK	 
REQUEST		request_0	1610366820324	1610366820835	OK	 
REQUEST		request_0	1610366820323	1610366820835	OK	 
REQUEST		request_0	1610366820325	1610366820859	OK	 
REQUEST		request_0	1610366820325	1610366820868	OK	 
REQUEST		request_0	1610366820325	1610366820868	OK	 
REQUEST		request_0	1610366820724	1610366820877	OK	 
REQUEST		request_0	1610366820325	1610366820884	OK	 
REQUEST		request_0	1610366820733	1610366820886	OK	 
REQUEST		request_0	1610366820325	1610366820888	OK	 
REQUEST		request_0 Redirect 1	1610366820836	1610366821855	OK	 
REQUEST		request_9	1610366821892	1610366821950	KO	status.find.in(200,201,202,203,204,205,206,207,208,209,304), found 401
REQUEST		request_1	1610366821894	1610366821954	OK	 
REQUEST		request_0 Redirect 1	1610366820868	1610366821956	OK	 
REQUEST		request_4	1610366821963	1610366821981	OK	 
REQUEST		request_9	1610366821966	1610366822018	KO	status.find.in(200,201,202,203,204,205,206,207,208,209,304), found 401
REQUEST		request_10	1610366821960	1610366822019	KO	status.find.in(200,201,202,203,204,205,206,207,208,209,304), found 401
REQUEST		request_4	1610366821920	1610366822034	OK	 
REQUEST		request_3	1610366821965	1610366822036	OK	 
REQUEST		request_8	1610366821967	1610366822038	OK	 
REQUEST		request_3	1610366821942	1610366822048	OK	 
REQUEST		request_8	1610366821943	1610366822050	OK	 
REQUEST		request_10	1610366821943	1610366822122	KO	status.find.in(200,201,202,203,204,205,206,207,208,209,304), found 401
REQUEST		request_2	1610366821962	1610366822126	OK	 
REQUEST		request_0 Redirect 1	1610366820805	1610366822127	OK	 
REQUEST		request_7	1610366821922	1610366822129	OK	 
REQUEST		request_7	1610366821964	1610366822129	OK	 
REQUEST		request_0 Redirect 1	1610366820859	1610366822137	OK	 
REQUEST		request_3	1610366822135	1610366822160	OK	 
REQUEST		request_4	1610366822140	1610366822161	OK	 
REQUEST		request_9	1610366822134	1610366822174	KO	status.find.in(200,201,202,203,204,205,206,207,208,209,304), found 401
REQUEST		request_8	1610366822131	1610366822186	OK	 
REQUEST		request_10	1610366822132	1610366822187	KO	status.find.in(200,201,202,203,204,205,206,207,208,209,304), found 401
REQUEST		request_1	1610366821968	1610366822195	OK	 
REQUEST		request_8	1610366822140	1610366822203	OK	 
REQUEST		request_4	1610366822140	1610366822204	OK	 
REQUEST		request_9	1610366822145	1610366822206	KO	status.find.in(200,201,202,203,204,205,206,207,208,209,304), found 401
REQUEST		request_3	1610366822147	1610366822208	OK	 
REQUEST		request_7	1610366822138	1610366822219	OK	 
REQUEST		request_2	1610366821921	1610366822221	OK	 
REQUEST		request_2	1610366822139	1610366822222	OK	 
REQUEST		request_10	1610366822148	1610366822248	KO	status.find.in(200,201,202,203,204,205,206,207,208,209,304), found 401
REQUEST		request_2	1610366822137	1610366822272	OK	 
REQUEST		request_1	1610366822139	1610366822274	OK	 
REQUEST		request_0 Redirect 1	1610366820868	1610366822293	OK	 
REQUEST		request_0 Redirect 1	1610366820885	1610366822294	OK	 
REQUEST		request_4	1610366822295	1610366822313	OK	 
REQUEST		request_3	1610366822299	1610366822317	OK	 
REQUEST		request_3	1610366822301	1610366822318	OK	 
REQUEST		request_4	1610366822301	1610366822319	OK	 
REQUEST		request_7	1610366822141	1610366822344	OK	 
REQUEST		request_7	1610366822301	1610366822871	OK	 
REQUEST		request_9	1610366822300	1610366823235	KO	status.find.in(200,201,202,203,204,205,206,207,208,209,304), found 401
REQUEST		request_1	1610366822149	1610366823236	OK	 
REQUEST		request_8	1610366822296	1610366823248	OK	 
REQUEST		request_7	1610366822298	1610366823284	OK	 
REQUEST		request_9	1610366822296	1610366823285	KO	status.find.in(200,201,202,203,204,205,206,207,208,209,304), found 401
REQUEST		request_8	1610366822301	1610366823294	OK	 
REQUEST		request_1	1610366822297	1610366823367	OK	 
REQUEST		request_10	1610366822300	1610366823373	KO	status.find.in(200,201,202,203,204,205,206,207,208,209,304), found 401
REQUEST		request_10	1610366822298	1610366823378	KO	status.find.in(200,201,202,203,204,205,206,207,208,209,304), found 401
REQUEST		request_2	1610366822297	1610366823382	OK	 
REQUEST		request_1	1610366822298	1610366823389	OK	 
REQUEST		request_2	1610366822299	1610366823422	OK	 
REQUEST		request_0 Redirect 1	1610366820888	1610366823422	OK	 
REQUEST		request_0 Redirect 1	1610366820878	1610366823422	OK	 
REQUEST		request_4	1610366823433	1610366823452	OK	 
REQUEST		request_3	1610366823427	1610366823453	OK	 
REQUEST		request_4	1610366823431	1610366823455	OK	 
REQUEST		request_3	1610366823434	1610366823456	OK	 
REQUEST		request_6	1610366821896	1610366823465	OK	 
REQUEST		request_8	1610366823429	1610366823483	OK	 
REQUEST		request_9	1610366823430	1610366823492	KO	status.find.in(200,201,202,203,204,205,206,207,208,209,304), found 401
REQUEST		request_9	1610366823427	1610366823492	KO	status.find.in(200,201,202,203,204,205,206,207,208,209,304), found 401
REQUEST		request_10	1610366823424	1610366823493	KO	status.find.in(200,201,202,203,204,205,206,207,208,209,304), found 401
REQUEST		request_10	1610366823424	1610366823493	KO	status.find.in(200,201,202,203,204,205,206,207,208,209,304), found 401
REQUEST		request_8	1610366823432	1610366823510	OK	 
REQUEST		request_7	1610366823423	1610366823541	OK	 
REQUEST		request_7	1610366823425	1610366823543	OK	 
REQUEST		request_0 Redirect 1	1610366820887	1610366823549	OK	 
REQUEST		request_8	1610366823555	1610366823564	OK	 
REQUEST		request_5	1610366821965	1610366823585	OK	 
REQUEST		request_0 Redirect 1	1610366820835	1610366823586	OK	 
REQUEST		request_3	1610366823554	1610366823586	OK	 
REQUEST		request_4	1610366823556	1610366823587	OK	 
REQUEST		request_9	1610366823557	1610366823587	KO	status.find.in(200,201,202,203,204,205,206,207,208,209,304), found 401
REQUEST		request_8	1610366823588	1610366823598	OK	 
REQUEST		request_10	1610366823587	1610366823599	KO	status.find.in(200,201,202,203,204,205,206,207,208,209,304), found 401
REQUEST		request_3	1610366823591	1610366823606	OK	 
REQUEST		request_4	1610366823593	1610366823607	OK	 
REQUEST		request_6	1610366822296	1610366823628	OK	 
REQUEST		request_6	1610366822136	1610366823632	OK	 
REQUEST		request_6	1610366822142	1610366823640	OK	 
REQUEST		request_1	1610366823427	1610366823662	OK	 
REQUEST		request_1	1610366823425	1610366823664	OK	 
REQUEST		request_10	1610366823553	1610366823664	KO	status.find.in(200,201,202,203,204,205,206,207,208,209,304), found 401
REQUEST		request_1	1610366823551	1610366823665	OK	 
REQUEST		request_2	1610366823426	1610366823671	OK	 
REQUEST		request_2	1610366823426	1610366823671	OK	 
REQUEST		request_9	1610366823592	1610366823672	KO	status.find.in(200,201,202,203,204,205,206,207,208,209,304), found 401
REQUEST		request_7	1610366823558	1610366823678	OK	 
REQUEST		request_7	1610366823590	1610366823707	OK	 
REQUEST		request_1	1610366823590	1610366823714	OK	 
REQUEST		request_2	1610366823559	1610366823716	OK	 
REQUEST		request_2	1610366823593	1610366823728	OK	 
REQUEST		request_5	1610366821895	1610366823731	OK	 
REQUEST		request_5	1610366823552	1610366823848	OK	 
REQUEST		request_5	1610366823594	1610366823848	OK	 
REQUEST		request_5	1610366822295	1610366823855	OK	 
REQUEST		request_5	1610366822143	1610366823896	OK	 
REQUEST		request_5	1610366823437	1610366823896	OK	 
REQUEST		request_5	1610366822298	1610366823901	OK	 
REQUEST		request_5	1610366823434	1610366823923	OK	 
REQUEST		request_5	1610366822138	1610366824017	OK	 
REQUEST		request_6	1610366822296	1610366824204	OK	 
REQUEST		request_6	1610366823428	1610366824244	OK	 
REQUEST		request_6	1610366823427	1610366824261	OK	 
REQUEST		request_6	1610366821961	1610366824318	OK	 
REQUEST		request_6	1610366823557	1610366824336	OK	 
REQUEST		request_6	1610366823589	1610366824417	OK	 
REQUEST		request_11	1610366826750	1610366826753	OK	 
REQUEST		request_12	1610366826754	1610366826765	KO	status.find.in(200,201,202,203,204,205,206,207,208,209,304), found 401
REQUEST		request_14	1610366826757	1610366826766	KO	status.find.in(200,201,202,203,204,205,206,207,208,209,304), found 401
REQUEST		request_13	1610366826755	1610366826784	OK	 
REQUEST		request_11	1610366826903	1610366826905	OK	 
REQUEST		request_11	1610366826903	1610366826905	OK	 
REQUEST		request_12	1610366826907	1610366826915	KO	status.find.in(200,201,202,203,204,205,206,207,208,209,304), found 401
REQUEST		request_14	1610366826908	1610366826918	KO	status.find.in(200,201,202,203,204,205,206,207,208,209,304), found 401
REQUEST		request_14	1610366826907	1610366826920	KO	status.find.in(200,201,202,203,204,205,206,207,208,209,304), found 401
REQUEST		request_12	1610366826907	1610366826922	KO	status.find.in(200,201,202,203,204,205,206,207,208,209,304), found 401
REQUEST		request_13	1610366826907	1610366826925	OK	 
REQUEST		request_13	1610366826908	1610366826934	OK	 
REQUEST		request_11	1610366827026	1610366827032	OK	 
REQUEST		request_14	1610366827034	1610366827040	KO	status.find.in(200,201,202,203,204,205,206,207,208,209,304), found 401
REQUEST		request_12	1610366827036	1610366827044	KO	status.find.in(200,201,202,203,204,205,206,207,208,209,304), found 401
REQUEST		request_13	1610366827035	1610366827061	OK	 
REQUEST		request_11	1610366827212	1610366827216	OK	 
REQUEST		request_12	1610366827218	1610366827227	KO	status.find.in(200,201,202,203,204,205,206,207,208,209,304), found 401
REQUEST		request_14	1610366827218	1610366827228	KO	status.find.in(200,201,202,203,204,205,206,207,208,209,304), found 401
REQUEST		request_13	1610366827220	1610366827238	OK	 
REQUEST		request_11	1610366827259	1610366827261	OK	 
REQUEST		request_14	1610366827263	1610366827266	KO	status.find.in(200,201,202,203,204,205,206,207,208,209,304), found 401
REQUEST		request_12	1610366827264	1610366827267	KO	status.find.in(200,201,202,203,204,205,206,207,208,209,304), found 401
REQUEST		request_11	1610366827276	1610366827278	OK	 
REQUEST		request_13	1610366827264	1610366827281	OK	 
REQUEST		request_12	1610366827280	1610366827283	KO	status.find.in(200,201,202,203,204,205,206,207,208,209,304), found 401
REQUEST		request_14	1610366827281	1610366827284	KO	status.find.in(200,201,202,203,204,205,206,207,208,209,304), found 401
REQUEST		request_13	1610366827282	1610366827306	OK	 
REQUEST		request_11	1610366827322	1610366827325	OK	 
REQUEST		request_12	1610366827327	1610366827330	KO	status.find.in(200,201,202,203,204,205,206,207,208,209,304), found 401
REQUEST		request_14	1610366827328	1610366827331	KO	status.find.in(200,201,202,203,204,205,206,207,208,209,304), found 401
REQUEST		request_11	1610366827338	1610366827339	OK	 
REQUEST		request_14	1610366827340	1610366827345	KO	status.find.in(200,201,202,203,204,205,206,207,208,209,304), found 401
REQUEST		request_13	1610366827329	1610366827346	OK	 
REQUEST		request_12	1610366827343	1610366827347	KO	status.find.in(200,201,202,203,204,205,206,207,208,209,304), found 401
REQUEST		request_13	1610366827342	1610366827356	OK	 
REQUEST		request_11	1610366827428	1610366827431	OK	 
REQUEST		request_12	1610366827434	1610366827437	KO	status.find.in(200,201,202,203,204,205,206,207,208,209,304), found 401
REQUEST		request_14	1610366827434	1610366827438	KO	status.find.in(200,201,202,203,204,205,206,207,208,209,304), found 401
REQUEST		request_13	1610366827433	1610366827451	OK	 
REQUEST		request_15	1610366828788	1610366829003	OK	 
REQUEST		request_15	1610366828943	1610366829141	OK	 
REQUEST		request_15	1610366828928	1610366829142	OK	 
REQUEST		request_15	1610366829066	1610366829267	OK	 
REQUEST		request_15	1610366829240	1610366829443	OK	 
REQUEST		request_15	1610366829286	1610366829484	OK	 
REQUEST		request_15	1610366829317	1610366829513	OK	 
REQUEST		request_15	1610366829362	1610366829560	OK	 
REQUEST		request_15	1610366829362	1610366829589	OK	 
REQUEST		request_15	1610366829455	1610366829653	OK	 
REQUEST		request_16	1610366830017	1610366830063	OK	 
REQUEST		request_16	1610366830142	1610366830166	OK	 
REQUEST		request_16	1610366830158	1610366830181	OK	 
REQUEST		request_16	1610366830282	1610366830313	OK	 
REQUEST		request_16	1610366830454	1610366830482	OK	 
REQUEST		request_16	1610366830500	1610366830527	OK	 
REQUEST		request_16	1610366830516	1610366830547	OK	 
REQUEST		request_16	1610366830562	1610366830612	OK	 
REQUEST		request_16	1610366830592	1610366830640	OK	 
REQUEST		request_16	1610366830670	1610366830704	OK	 
REQUEST		request_17	1610366833067	1610366833069	OK	 
REQUEST		request_20	1610366833074	1610366833131	OK	 
REQUEST		request_21	1610366833073	1610366833131	KO	status.find.in(200,201,202,203,204,205,206,207,208,209,304), found 401
REQUEST		request_37	1610366833119	1610366833151	KO	status.find.in(200,201,202,203,204,205,206,207,208,209,304), found 401
REQUEST		request_19	1610366833121	1610366833152	KO	status.find.in(200,201,202,203,204,205,206,207,208,209,304), found 401
REQUEST		request_18	1610366833125	1610366833155	KO	status.find.in(200,201,202,203,204,205,206,207,208,209,304), found 401
REQUEST		request_17	1610366833175	1610366833178	OK	 
REQUEST		request_17	1610366833190	1610366833194	OK	 
REQUEST		request_19	1610366833181	1610366833217	KO	status.find.in(200,201,202,203,204,205,206,207,208,209,304), found 401
REQUEST		request_18	1610366833204	1610366833240	KO	status.find.in(200,201,202,203,204,205,206,207,208,209,304), found 401
REQUEST		request_20	1610366833204	1610366833240	OK	 
REQUEST		request_18	1610366833203	1610366833240	KO	status.find.in(200,201,202,203,204,205,206,207,208,209,304), found 401
REQUEST		request_37	1610366833205	1610366833241	KO	status.find.in(200,201,202,203,204,205,206,207,208,209,304), found 401
REQUEST		request_37	1610366833207	1610366833242	KO	status.find.in(200,201,202,203,204,205,206,207,208,209,304), found 401
REQUEST		request_19	1610366833202	1610366833256	KO	status.find.in(200,201,202,203,204,205,206,207,208,209,304), found 401
REQUEST		request_20	1610366833199	1610366833260	OK	 
REQUEST		request_21	1610366833189	1610366833260	KO	status.find.in(200,201,202,203,204,205,206,207,208,209,304), found 401
REQUEST		request_21	1610366833207	1610366833261	KO	status.find.in(200,201,202,203,204,205,206,207,208,209,304), found 401
REQUEST		request_17	1610366833327	1610366833338	OK	 
REQUEST		request_24	1610366833093	1610366833341	OK	 
REQUEST		request_28	1610366833112	1610366833347	OK	 
REQUEST		request_20	1610366833350	1610366833383	OK	 
REQUEST		request_18	1610366833343	1610366833383	KO	status.find.in(200,201,202,203,204,205,206,207,208,209,304), found 401
REQUEST		request_21	1610366833345	1610366833384	KO	status.find.in(200,201,202,203,204,205,206,207,208,209,304), found 401
REQUEST		request_37	1610366833345	1610366833387	KO	status.find.in(200,201,202,203,204,205,206,207,208,209,304), found 401
REQUEST		request_19	1610366833353	1610366833393	KO	status.find.in(200,201,202,203,204,205,206,207,208,209,304), found 401
REQUEST		request_35	1610366833113	1610366833421	OK	 
REQUEST		request_27	1610366833116	1610366833484	OK	 
REQUEST		request_22	1610366833117	1610366833490	OK	 
REQUEST		request_26	1610366833118	1610366833493	OK	 
REQUEST		request_23	1610366833119	1610366833496	OK	 
REQUEST		request_17	1610366833495	1610366833501	OK	 
REQUEST		request_21	1610366833503	1610366833528	KO	status.find.in(200,201,202,203,204,205,206,207,208,209,304), found 401
REQUEST		request_20	1610366833515	1610366833530	OK	 
REQUEST		request_18	1610366833508	1610366833531	KO	status.find.in(200,201,202,203,204,205,206,207,208,209,304), found 401
REQUEST		request_37	1610366833505	1610366833533	KO	status.find.in(200,201,202,203,204,205,206,207,208,209,304), found 401
REQUEST		request_19	1610366833512	1610366833534	KO	status.find.in(200,201,202,203,204,205,206,207,208,209,304), found 401
REQUEST		request_17	1610366833540	1610366833543	OK	 
REQUEST		request_29	1610366833122	1610366833555	OK	 
REQUEST		request_25	1610366833123	1610366833562	OK	 
REQUEST		request_23	1610366833198	1610366833571	OK	 
REQUEST		request_27	1610366833200	1610366833588	OK	 
REQUEST		request_24	1610366833203	1610366833590	OK	 
REQUEST		request_35	1610366833209	1610366833591	OK	 
REQUEST		request_28	1610366833183	1610366833592	OK	 
REQUEST		request_26	1610366833202	1610366833592	OK	 
REQUEST		request_22	1610366833207	1610366833599	OK	 
REQUEST		request_25	1610366833184	1610366833600	OK	 
REQUEST		request_26	1610366833185	1610366833603	OK	 
REQUEST		request_24	1610366833186	1610366833604	OK	 
REQUEST		request_29	1610366833201	1610366833606	OK	 
REQUEST		request_35	1610366833187	1610366833606	OK	 
REQUEST		request_27	1610366833189	1610366833608	OK	 
REQUEST		request_37	1610366833550	1610366833609	KO	status.find.in(200,201,202,203,204,205,206,207,208,209,304), found 401
REQUEST		request_17	1610366833557	1610366833611	OK	 
REQUEST		request_20	1610366833563	1610366833635	OK	 
REQUEST		request_21	1610366833551	1610366833636	KO	status.find.in(200,201,202,203,204,205,206,207,208,209,304), found 401
REQUEST		request_19	1610366833571	1610366833636	KO	status.find.in(200,201,202,203,204,205,206,207,208,209,304), found 401
REQUEST		request_18	1610366833615	1610366833638	KO	status.find.in(200,201,202,203,204,205,206,207,208,209,304), found 401
REQUEST		request_17	1610366833619	1610366833640	OK	 
REQUEST		request_19	1610366833627	1610366833640	KO	status.find.in(200,201,202,203,204,205,206,207,208,209,304), found 401
REQUEST		request_37	1610366833627	1610366833641	KO	status.find.in(200,201,202,203,204,205,206,207,208,209,304), found 401
REQUEST		request_20	1610366833620	1610366833650	OK	 
REQUEST		request_17	1610366833646	1610366833659	OK	 
REQUEST		request_21	1610366833647	1610366833668	KO	status.find.in(200,201,202,203,204,205,206,207,208,209,304), found 401
REQUEST		request_37	1610366833644	1610366833669	KO	status.find.in(200,201,202,203,204,205,206,207,208,209,304), found 401
REQUEST		request_20	1610366833643	1610366833670	OK	 
REQUEST		request_18	1610366833567	1610366833675	KO	status.find.in(200,201,202,203,204,205,206,207,208,209,304), found 401
REQUEST		request_21	1610366833666	1610366833683	KO	status.find.in(200,201,202,203,204,205,206,207,208,209,304), found 401
REQUEST		request_19	1610366833656	1610366833683	KO	status.find.in(200,201,202,203,204,205,206,207,208,209,304), found 401
REQUEST		request_18	1610366833651	1610366833684	KO	status.find.in(200,201,202,203,204,205,206,207,208,209,304), found 401
REQUEST		request_37	1610366833672	1610366833685	KO	status.find.in(200,201,202,203,204,205,206,207,208,209,304), found 401
REQUEST		request_20	1610366833673	1610366833685	OK	 
REQUEST		request_19	1610366833670	1610366833685	KO	status.find.in(200,201,202,203,204,205,206,207,208,209,304), found 401
REQUEST		request_18	1610366833674	1610366833687	KO	status.find.in(200,201,202,203,204,205,206,207,208,209,304), found 401
REQUEST		request_21	1610366833614	1610366833687	KO	status.find.in(200,201,202,203,204,205,206,207,208,209,304), found 401
REQUEST		request_17	1610366833707	1610366833710	OK	 
REQUEST		request_21	1610366833728	1610366833742	KO	status.find.in(200,201,202,203,204,205,206,207,208,209,304), found 401
REQUEST		request_20	1610366833724	1610366833742	OK	 
REQUEST		request_37	1610366833730	1610366833746	KO	status.find.in(200,201,202,203,204,205,206,207,208,209,304), found 401
REQUEST		request_19	1610366833735	1610366833749	KO	status.find.in(200,201,202,203,204,205,206,207,208,209,304), found 401
REQUEST		request_18	1610366833732	1610366833750	KO	status.find.in(200,201,202,203,204,205,206,207,208,209,304), found 401
REQUEST		request_28	1610366833210	1610366833864	OK	 
REQUEST		request_22	1610366833203	1610366833864	OK	 
REQUEST		request_25	1610366833210	1610366833879	OK	 
REQUEST		request_23	1610366833206	1610366833889	OK	 
REQUEST		request_29	1610366833201	1610366833892	OK	 
REQUEST		request_27	1610366833348	1610366834268	OK	 
REQUEST		request_23	1610366833353	1610366834270	OK	 
REQUEST		request_25	1610366833351	1610366834292	OK	 
REQUEST		request_27	1610366833506	1610366834298	OK	 
REQUEST		request_22	1610366833508	1610366834299	OK	 
REQUEST		request_25	1610366833509	1610366834302	OK	 
REQUEST		request_28	1610366833511	1610366834304	OK	 
REQUEST		request_35	1610366833509	1610366834340	OK	 
REQUEST		request_39	1610366833114	1610366834355	OK	 
REQUEST		request_26	1610366833511	1610366834361	OK	 
REQUEST		request_24	1610366833513	1610366834365	OK	 
REQUEST		request_30	1610366833092	1610366834368	OK	 
REQUEST		request_25	1610366833667	1610366834374	OK	 
REQUEST		request_38	1610366833074	1610366834378	OK	 
REQUEST		request_32	1610366833114	1610366834379	OK	 
REQUEST		request_35	1610366833664	1610366834382	OK	 
REQUEST		request_24	1610366833665	1610366834395	OK	 
REQUEST		request_29	1610366833510	1610366834402	OK	 
REQUEST		request_29	1610366833662	1610366834414	OK	 
REQUEST		request_23	1610366833723	1610366834424	OK	 
REQUEST		request_23	1610366833674	1610366834446	OK	 
REQUEST		request_24	1610366833725	1610366834477	OK	 
REQUEST		request_29	1610366833714	1610366834509	OK	 
REQUEST		request_32	1610366833197	1610366834699	OK	 
REQUEST		request_31	1610366833201	1610366834715	OK	 
REQUEST		request_34	1610366833199	1610366834716	OK	 
REQUEST		request_23	1610366833516	1610366834752	OK	 
REQUEST		request_38	1610366833188	1610366834768	OK	 
REQUEST		request_41	1610366833187	1610366834769	OK	 
REQUEST		request_30	1610366833201	1610366834769	OK	 
REQUEST		request_33	1610366833206	1610366834771	OK	 
REQUEST		request_40	1610366833208	1610366834771	OK	 
REQUEST		request_31	1610366833202	1610366834775	OK	 
REQUEST		request_36	1610366833206	1610366834776	OK	 
REQUEST		request_38	1610366833205	1610366834777	OK	 
REQUEST		request_41	1610366833208	1610366834778	OK	 
REQUEST		request_33	1610366833202	1610366834780	OK	 
REQUEST		request_41	1610366833351	1610366834814	OK	 
REQUEST		request_24	1610366833561	1610366834825	OK	 
REQUEST		request_32	1610366833547	1610366834825	OK	 
REQUEST		request_36	1610366833350	1610366834825	OK	 
REQUEST		request_40	1610366833352	1610366834826	OK	 
REQUEST		request_35	1610366833560	1610366834827	OK	 
REQUEST		request_33	1610366833352	1610366834828	OK	 
REQUEST		request_32	1610366833355	1610366834828	OK	 
REQUEST		request_26	1610366833569	1610366834829	OK	 
REQUEST		request_28	1610366833561	1610366834834	OK	 
REQUEST		request_23	1610366833546	1610366834835	OK	 
REQUEST		request_27	1610366833548	1610366834837	OK	 
REQUEST		request_25	1610366833566	1610366834839	OK	 
REQUEST		request_22	1610366833550	1610366834840	OK	 
REQUEST		request_29	1610366833549	1610366834844	OK	 
REQUEST		request_31	1610366833354	1610366834853	OK	 
REQUEST		request_36	1610366833616	1610366834898	OK	 
REQUEST		request_41	1610366833548	1610366834898	OK	 
REQUEST		request_30	1610366833615	1610366834899	OK	 
REQUEST		request_31	1610366833617	1610366834901	OK	 
REQUEST		request_38	1610366833618	1610366834902	OK	 
REQUEST		request_30	1610366833349	1610366834902	OK	 
REQUEST		request_39	1610366833549	1610366834903	OK	 
REQUEST		request_39	1610366833620	1610366834903	OK	 
REQUEST		request_40	1610366833622	1610366834904	OK	 
REQUEST		request_41	1610366833649	1610366834904	OK	 
REQUEST		request_34	1610366833622	1610366834904	OK	 
REQUEST		request_33	1610366833625	1610366834906	OK	 
REQUEST		request_41	1610366833626	1610366834906	OK	 
REQUEST		request_33	1610366833653	1610366834907	OK	 
REQUEST		request_32	1610366833625	1610366834912	OK	 
REQUEST		request_27	1610366833617	1610366834938	OK	 
REQUEST		request_23	1610366833618	1610366834939	OK	 
REQUEST		request_28	1610366833624	1610366834940	OK	 
REQUEST		request_22	1610366833624	1610366834942	OK	 
REQUEST		request_25	1610366833622	1610366834944	OK	 
REQUEST		request_30	1610366833663	1610366834954	OK	 
REQUEST		request_34	1610366833662	1610366834958	OK	 
REQUEST		request_35	1610366833623	1610366834959	OK	 
REQUEST		request_41	1610366833663	1610366834959	OK	 
REQUEST		request_38	1610366833668	1610366834959	OK	 
REQUEST		request_26	1610366833621	1610366834960	OK	 
REQUEST		request_39	1610366833671	1610366834960	OK	 
REQUEST		request_24	1610366833626	1610366834961	OK	 
REQUEST		request_32	1610366833666	1610366834963	OK	 
REQUEST		request_31	1610366833726	1610366834963	OK	 
REQUEST		request_40	1610366833713	1610366834964	OK	 
REQUEST		request_36	1610366833727	1610366834965	OK	 
REQUEST		request_33	1610366833673	1610366834965	OK	 
REQUEST		request_33	1610366833731	1610366834965	OK	 
REQUEST		request_25	1610366833645	1610366834972	OK	 
REQUEST		request_40	1610366833645	1610366834973	OK	 
REQUEST		request_29	1610366833625	1610366834982	OK	 
REQUEST		request_27	1610366833646	1610366835000	OK	 
REQUEST		request_24	1610366833650	1610366835007	OK	 
REQUEST		request_29	1610366833648	1610366835014	OK	 
REQUEST		request_23	1610366833662	1610366835015	OK	 
REQUEST		request_41	1610366833732	1610366835016	OK	 
REQUEST		request_32	1610366833722	1610366835024	OK	 
REQUEST		request_28	1610366833657	1610366835032	OK	 
REQUEST		request_22	1610366833660	1610366835034	OK	 
REQUEST		request_35	1610366833658	1610366835039	OK	 
REQUEST		request_36	1610366833670	1610366835042	OK	 
REQUEST		request_38	1610366833727	1610366835050	OK	 
REQUEST		request_26	1610366833653	1610366835051	OK	 
REQUEST		request_22	1610366833669	1610366835084	OK	 
REQUEST		request_24	1610366833342	1610366835116	OK	 
REQUEST		request_33	1610366833120	1610366835135	OK	 
REQUEST		request_34	1610366833118	1610366835136	OK	 
REQUEST		request_41	1610366833121	1610366835157	OK	 
REQUEST		request_35	1610366833343	1610366835159	OK	 
REQUEST		request_36	1610366833115	1610366835174	OK	 
REQUEST		request_32	1610366833184	1610366835174	OK	 
REQUEST		request_39	1610366833510	1610366835379	OK	 
REQUEST		request_38	1610366833515	1610366835446	OK	 
REQUEST		request_30	1610366833505	1610366835494	OK	 
REQUEST		request_40	1610366833515	1610366835494	OK	 
REQUEST		request_28	1610366833670	1610366835527	OK	 
REQUEST		request_26	1610366833668	1610366835555	OK	 
REQUEST		request_31	1610366833116	1610366835571	OK	 
REQUEST		request_40	1610366833661	1610366835608	OK	 
REQUEST		request_36	1610366833507	1610366835616	OK	 
REQUEST		request_32	1610366833514	1610366835617	OK	 
REQUEST		request_34	1610366833512	1610366835617	OK	 
REQUEST		request_40	1610366833124	1610366835619	OK	 
REQUEST		request_33	1610366833513	1610366835619	OK	 
REQUEST		request_41	1610366833514	1610366835620	OK	 
REQUEST		request_36	1610366833655	1610366835621	OK	 
REQUEST		request_30	1610366833654	1610366835621	OK	 
REQUEST		request_38	1610366833642	1610366835628	OK	 
REQUEST		request_31	1610366833504	1610366835628	OK	 
REQUEST		request_22	1610366833726	1610366835666	OK	 
REQUEST		request_27	1610366833667	1610366835678	OK	 
REQUEST		request_34	1610366833731	1610366835699	OK	 
REQUEST		request_39	1610366833736	1610366835701	OK	 
REQUEST		request_30	1610366833735	1610366835701	OK	 
REQUEST		request_35	1610366833724	1610366835713	OK	 
REQUEST		request_31	1610366833664	1610366835732	OK	 
REQUEST		request_40	1610366833564	1610366835751	OK	 
REQUEST		request_31	1610366833563	1610366835752	OK	 
REQUEST		request_36	1610366833182	1610366835818	OK	 
REQUEST		request_26	1610366833733	1610366835826	OK	 
REQUEST		request_30	1610366833546	1610366835829	OK	 
REQUEST		request_31	1610366833657	1610366835842	OK	 
REQUEST		request_27	1610366833733	1610366835844	OK	 
REQUEST		request_28	1610366833734	1610366835860	OK	 
REQUEST		request_25	1610366833729	1610366835869	OK	 
REQUEST		request_42	1610366835987	1610366836018	OK	 
REQUEST		request_32	1610366833652	1610366836034	OK	 
REQUEST		request_34	1610366833661	1610366836034	OK	 
REQUEST		request_44	1610366836020	1610366836041	OK	 
REQUEST		request_39	1610366833655	1610366836052	OK	 
REQUEST		request_43	1610366836019	1610366836206	OK	 
REQUEST		request_47	1610366836020	1610366836211	OK	 
REQUEST		request_46	1610366836020	1610366836221	OK	 
REQUEST		request_22	1610366833347	1610366836388	OK	 
REQUEST		request_28	1610366833347	1610366836393	OK	 
REQUEST		request_40	1610366833203	1610366836414	OK	 
REQUEST		request_34	1610366833185	1610366836629	OK	 
REQUEST		request_42	1610366836634	1610366836670	OK	 
REQUEST		request_42	1610366836634	1610366836712	OK	 
REQUEST		request_44	1610366836671	1610366836716	OK	 
REQUEST		request_26	1610366833340	1610366836722	OK	 
REQUEST		request_44	1610366836714	1610366836739	OK	 
REQUEST		request_38	1610366833348	1610366836752	OK	 
REQUEST		request_42	1610366836740	1610366836772	OK	 
REQUEST		request_29	1610366833344	1610366836788	OK	 
REQUEST		request_45	1610366836021	1610366836788	OK	 
REQUEST		request_44	1610366836774	1610366836793	OK	 
REQUEST		request_34	1610366833565	1610366836857	OK	 
REQUEST		request_47	1610366836671	1610366836857	OK	 
REQUEST		request_43	1610366836672	1610366836884	OK	 
REQUEST		request_36	1610366833568	1610366836884	OK	 
REQUEST		request_33	1610366833569	1610366836884	OK	 
REQUEST		request_38	1610366833570	1610366836885	OK	 
REQUEST		request_45	1610366836672	1610366836885	OK	 
REQUEST		request_47	1610366836713	1610366836904	OK	 
REQUEST		request_43	1610366836715	1610366836915	OK	 
REQUEST		request_42	1610366836879	1610366836916	OK	 
REQUEST		request_46	1610366836713	1610366836916	OK	 
REQUEST		request_44	1610366836918	1610366836941	OK	 
REQUEST		request_45	1610366836773	1610366836961	OK	 
REQUEST		request_47	1610366836775	1610366836969	OK	 
REQUEST		request_43	1610366836776	1610366836970	OK	 
REQUEST		request_42	1610366837068	1610366837093	OK	 
REQUEST		request_47	1610366836917	1610366837109	OK	 
REQUEST		request_43	1610366836918	1610366837109	OK	 
REQUEST		request_44	1610366837096	1610366837120	OK	 
REQUEST		request_45	1610366836917	1610366837120	OK	 
REQUEST		request_30	1610366833204	1610366837197	OK	 
REQUEST		request_47	1610366837094	1610366837422	OK	 
REQUEST		request_43	1610366837095	1610366837427	OK	 
REQUEST		request_46	1610366837095	1610366837428	OK	 
REQUEST		request_46	1610366836776	1610366837558	OK	 
REQUEST		request_45	1610366836714	1610366837565	OK	 
REQUEST		request_46	1610366836919	1610366837824	OK	 
REQUEST		request_42	1610366837889	1610366837918	OK	 
REQUEST		request_44	1610366837920	1610366837946	OK	 
REQUEST		request_48	1610366837794	1610366837983	OK	 
REQUEST		request_34	1610366833346	1610366838006	OK	 
REQUEST		request_39	1610366833341	1610366838012	OK	 
REQUEST		request_45	1610366837095	1610366838015	OK	 
REQUEST		request_46	1610366836672	1610366838093	OK	 
REQUEST		request_43	1610366837921	1610366838109	OK	 
REQUEST		request_47	1610366837921	1610366838111	OK	 
REQUEST		request_46	1610366837919	1610366838144	OK	 
REQUEST		request_39	1610366833204	1610366838599	OK	 
REQUEST		request_39	1610366833206	1610366838600	OK	 
REQUEST		request_48	1610366838567	1610366838753	OK	 
REQUEST		request_48	1610366838568	1610366838772	OK	 
REQUEST		request_45	1610366837920	1610366838801	OK	 
REQUEST		request_48	1610366838833	1610366839018	OK	 
REQUEST		request_42	1610366839020	1610366839053	OK	 
REQUEST		request_44	1610366839054	1610366839080	OK	 
REQUEST		request_49	1610366838989	1610366839174	OK	 
REQUEST		request_48	1610366839020	1610366839372	OK	 
REQUEST		request_43	1610366839053	1610366839375	OK	 
REQUEST		request_47	1610366839054	1610366839376	OK	 
REQUEST		request_46	1610366839054	1610366839378	OK	 
REQUEST		request_48	1610366839098	1610366839381	OK	 
REQUEST		request_50	1610366839175	1610366839388	OK	 
REQUEST		request_42	1610366839612	1610366839642	OK	 
REQUEST		request_42	1610366839612	1610366839658	OK	 
REQUEST		request_44	1610366839645	1610366839675	OK	 
REQUEST		request_44	1610366839659	1610366839687	OK	 
REQUEST		request_47	1610366839644	1610366839832	OK	 
REQUEST		request_43	1610366839644	1610366839835	OK	 
REQUEST		request_46	1610366839644	1610366839854	OK	 
REQUEST		request_47	1610366839659	1610366839855	OK	 
REQUEST		request_46	1610366839659	1610366839859	OK	 
REQUEST		request_43	1610366839659	1610366839861	OK	 
REQUEST		request_49	1610366839765	1610366839951	OK	 
REQUEST		request_49	1610366839781	1610366839974	OK	 
REQUEST		request_45	1610366839055	1610366839978	OK	 
REQUEST		request_48	1610366839812	1610366839997	OK	 
REQUEST		request_50	1610366839952	1610366840135	OK	 
REQUEST		request_50	1610366839975	1610366840165	OK	 
REQUEST		request_49	1610366840029	1610366840228	OK	 
REQUEST		request_51	1610366840402	1610366840403	OK	 
REQUEST		request_45	1610366839645	1610366840417	OK	 
REQUEST		request_50	1610366840229	1610366840422	OK	 
REQUEST		request_53	1610366840412	1610366840433	KO	status.find.in(200,201,202,203,204,205,206,207,208,209,304), found 401
REQUEST		request_45	1610366839660	1610366840446	OK	 
REQUEST		request_49	1610366840386	1610366840572	OK	 
REQUEST		request_49	1610366840386	1610366840577	OK	 
REQUEST		request_55	1610366840412	1610366840600	OK	 
REQUEST		request_54	1610366840411	1610366840601	OK	 
REQUEST		request_56	1610366840412	1610366840601	OK	 
REQUEST		request_50	1610366840572	1610366840758	OK	 
REQUEST		request_50	1610366840578	1610366840759	OK	 
REQUEST		request_52	1610366840413	1610366840856	KO	status.find.in(200,201,202,203,204,205,206,207,208,209,304), found 400
REQUEST		request_51	1610366841149	1610366841151	OK	 
REQUEST		request_53	1610366841154	1610366841157	KO	status.find.in(200,201,202,203,204,205,206,207,208,209,304), found 401
REQUEST		request_51	1610366841180	1610366841182	OK	 
REQUEST		request_53	1610366841183	1610366841187	KO	status.find.in(200,201,202,203,204,205,206,207,208,209,304), found 401
REQUEST		request_48	1610366840993	1610366841188	OK	 
REQUEST		request_49	1610366841008	1610366841348	OK	 
REQUEST		request_55	1610366841152	1610366841372	OK	 
REQUEST		request_54	1610366841152	1610366841373	OK	 
REQUEST		request_55	1610366841184	1610366841383	OK	 
REQUEST		request_56	1610366841154	1610366841384	OK	 
REQUEST		request_54	1610366841185	1610366841387	OK	 
REQUEST		request_56	1610366841186	1610366841388	OK	 
REQUEST		request_51	1610366841428	1610366841430	OK	 
REQUEST		request_53	1610366841431	1610366841435	KO	status.find.in(200,201,202,203,204,205,206,207,208,209,304), found 401
REQUEST		request_50	1610366841349	1610366841558	OK	 
REQUEST		request_48	1610366841428	1610366841642	OK	 
REQUEST		request_54	1610366841432	1610366841644	OK	 
REQUEST		request_48	1610366841459	1610366841651	OK	 
REQUEST		request_56	1610366841430	1610366841656	OK	 
REQUEST		request_55	1610366841432	1610366841659	OK	 
REQUEST		request_52	1610366841184	1610366841752	KO	status.find.in(200,201,202,203,204,205,206,207,208,209,304), found 400
REQUEST		request_51	1610366841768	1610366841769	OK	 
REQUEST		request_51	1610366841768	1610366841769	OK	 
REQUEST		request_53	1610366841771	1610366841774	KO	status.find.in(200,201,202,203,204,205,206,207,208,209,304), found 401
REQUEST		request_53	1610366841772	1610366841775	KO	status.find.in(200,201,202,203,204,205,206,207,208,209,304), found 401
REQUEST		request_52	1610366841431	1610366841839	KO	status.find.in(200,201,202,203,204,205,206,207,208,209,304), found 400
REQUEST		request_56	1610366841771	1610366841957	OK	 
REQUEST		request_54	1610366841771	1610366841965	OK	 
REQUEST		request_55	1610366841771	1610366841966	OK	 
REQUEST		request_54	1610366841772	1610366841967	OK	 
REQUEST		request_55	1610366841771	1610366841973	OK	 
REQUEST		request_56	1610366841771	1610366841973	OK	 
REQUEST		request_52	1610366841153	1610366841993	KO	status.find.in(200,201,202,203,204,205,206,207,208,209,304), found 400
REQUEST		request_52	1610366841770	1610366842144	KO	status.find.in(200,201,202,203,204,205,206,207,208,209,304), found 400
REQUEST		request_52	1610366841770	1610366842243	KO	status.find.in(200,201,202,203,204,205,206,207,208,209,304), found 400
REQUEST		request_49	1610366842204	1610366842390	OK	 
REQUEST		request_51	1610366842561	1610366842561	OK	 
REQUEST		request_53	1610366842563	1610366842566	KO	status.find.in(200,201,202,203,204,205,206,207,208,209,304), found 401
REQUEST		request_50	1610366842391	1610366842587	OK	 
REQUEST		request_54	1610366842563	1610366842748	OK	 
REQUEST		request_56	1610366842565	1610366842752	OK	 
REQUEST		request_55	1610366842562	1610366842757	OK	 
REQUEST		request_49	1610366842654	1610366842836	OK	 
REQUEST		request_49	1610366842654	1610366842843	OK	 
REQUEST		request_57	1610366842859	1610366842881	OK	 
REQUEST		request_58	1610366842882	1610366842885	KO	status.find.in(200,201,202,203,204,205,206,207,208,209,304), found 401
REQUEST		request_52	1610366842564	1610366842915	KO	status.find.in(200,201,202,203,204,205,206,207,208,209,304), found 400
REQUEST		request_50	1610366842837	1610366843021	OK	 
REQUEST		request_50	1610366842843	1610366843031	OK	 
REQUEST		request_51	1610366843601	1610366843602	OK	 
REQUEST		request_53	1610366843603	1610366843606	KO	status.find.in(200,201,202,203,204,205,206,207,208,209,304), found 401
REQUEST		request_57	1610366843755	1610366843771	OK	 
REQUEST		request_58	1610366843772	1610366843777	KO	status.find.in(200,201,202,203,204,205,206,207,208,209,304), found 401
REQUEST		request_56	1610366843603	1610366843788	OK	 
REQUEST		request_55	1610366843605	1610366843794	OK	 
REQUEST		request_54	1610366843604	1610366843799	OK	 
REQUEST		request_57	1610366843847	1610366843874	OK	 
REQUEST		request_58	1610366843875	1610366843877	KO	status.find.in(200,201,202,203,204,205,206,207,208,209,304), found 401
REQUEST		request_52	1610366843604	1610366844000	KO	status.find.in(200,201,202,203,204,205,206,207,208,209,304), found 400
REQUEST		request_57	1610366844003	1610366844020	OK	 
REQUEST		request_58	1610366844020	1610366844022	KO	status.find.in(200,201,202,203,204,205,206,207,208,209,304), found 401
REQUEST		request_51	1610366844034	1610366844036	OK	 
REQUEST		request_51	1610366844034	1610366844039	OK	 
REQUEST		request_53	1610366844038	1610366844043	KO	status.find.in(200,201,202,203,204,205,206,207,208,209,304), found 401
REQUEST		request_53	1610366844041	1610366844045	KO	status.find.in(200,201,202,203,204,205,206,207,208,209,304), found 401
REQUEST		request_57	1610366844159	1610366844181	OK	 
REQUEST		request_58	1610366844182	1610366844184	KO	status.find.in(200,201,202,203,204,205,206,207,208,209,304), found 401
REQUEST		request_56	1610366844038	1610366844227	OK	 
REQUEST		request_55	1610366844039	1610366844238	OK	 
REQUEST		request_56	1610366844040	1610366844254	OK	 
REQUEST		request_54	1610366844039	1610366844255	OK	 
REQUEST		request_55	1610366844042	1610366844260	OK	 
REQUEST		request_54	1610366844042	1610366844261	OK	 
REQUEST		request_57	1610366844252	1610366844286	OK	 
REQUEST		request_58	1610366844287	1610366844289	KO	status.find.in(200,201,202,203,204,205,206,207,208,209,304), found 401
REQUEST		request_52	1610366844037	1610366844431	KO	status.find.in(200,201,202,203,204,205,206,207,208,209,304), found 400
REQUEST		request_52	1610366844040	1610366844553	KO	status.find.in(200,201,202,203,204,205,206,207,208,209,304), found 400
REQUEST		request_57	1610366844917	1610366844934	OK	 
REQUEST		request_58	1610366844935	1610366844936	KO	status.find.in(200,201,202,203,204,205,206,207,208,209,304), found 401
REQUEST		request_59	1610366844887	1610366845099	OK	 
USER	LocalSimulation3	END	1610366845112
REQUEST		request_59	1610366845779	1610366845982	OK	 
USER	LocalSimulation3	END	1610366845994
REQUEST		request_57	1610366846011	1610366846059	OK	 
REQUEST		request_58	1610366846060	1610366846062	KO	status.find.in(200,201,202,203,204,205,206,207,208,209,304), found 401
REQUEST		request_59	1610366845889	1610366846091	OK	 
USER	LocalSimulation3	END	1610366846102
REQUEST		request_59	1610366846026	1610366846229	OK	 
USER	LocalSimulation3	END	1610366846240
REQUEST		request_59	1610366846197	1610366846414	OK	 
USER	LocalSimulation3	END	1610366846488
REQUEST		request_57	1610366846446	1610366846494	OK	 
REQUEST		request_58	1610366846494	1610366846499	KO	status.find.in(200,201,202,203,204,205,206,207,208,209,304), found 401
REQUEST		request_59	1610366846306	1610366846523	OK	 
USER	LocalSimulation3	END	1610366846535
REQUEST		request_57	1610366846555	1610366846589	OK	 
REQUEST		request_58	1610366846590	1610366846592	KO	status.find.in(200,201,202,203,204,205,206,207,208,209,304), found 401
REQUEST		request_59	1610366846944	1610366847162	OK	 
USER	LocalSimulation3	END	1610366847172
REQUEST		request_59	1610366848066	1610366848267	OK	 
USER	LocalSimulation3	END	1610366848308
REQUEST		request_59	1610366848515	1610366848736	OK	 
USER	LocalSimulation3	END	1610366848753
REQUEST		request_59	1610366848593	1610366848814	OK	 
USER	LocalSimulation3	END	1610366848824
