RUN	TimedTour1	timedtour1	1611849759226	 	3.5.0
USER	TimedTour1	START	1611849761085
REQUEST		request_0	1611849761119	1611849761505	OK	 
REQUEST		request_0 Redirect 1	1611849761531	1611849762244	OK	 
REQUEST		request_1	1611849764280	1611849764287	OK	 
ERROR	request_2: Failed to build request: No attribute named 'token' is defined 	1611849764303
REQUEST		request_3	1611849764353	1611849764393	KO	status.find.in(200,201,202,203,204,205,206,207,208,209,304), found 401
REQUEST		request_5	1611849764367	1611849764490	OK	 
REQUEST		request_4	1611849764324	1611849765209	OK	 
REQUEST		request_6	1611849783240	1611849783730	OK	 
REQUEST		request_8	1611849783740	1611849783776	OK	 
REQUEST		request_7	1611849783762	1611849783800	OK	 
REQUEST		request_8	1611849783792	1611849783911	OK	 
REQUEST		request_9	1611849786928	1611849787180	OK	 
REQUEST		request_12	1611849787238	1611849787266	KO	status.find.in(200,201,202,203,204,205,206,207,208,209,304), found 401
REQUEST		request_13	1611849787211	1611849787290	KO	status.find.in(200,201,202,203,204,205,206,207,208,209,304), found 401
REQUEST		request_10	1611849787202	1611849787315	OK	 
REQUEST		request_11	1611849787248	1611849787341	OK	 
REQUEST		request_14	1611849789370	1611849789376	OK	 
REQUEST		request_16	1611849789411	1611849789478	OK	 
REQUEST		request_18	1611849789434	1611849789516	OK	 
REQUEST		request_15	1611849789445	1611849789545	OK	 
REQUEST		request_15	1611849789560	1611849789583	OK	 
REQUEST		request_17	1611849789399	1611849789613	OK	 
REQUEST		request_19	1611849791655	1611849791667	OK	 
REQUEST		request_22	1611849791805	1611849792049	OK	 
REQUEST		request_27	1611849791968	1611849792065	OK	 
REQUEST		request_25	1611849791865	1611849792071	OK	 
REQUEST		polyfills.js	1611849791825	1611849792165	OK	 
REQUEST		request_25	1611849792093	1611849792340	OK	 
REQUEST		request_31	1611849791853	1611849792352	OK	 
REQUEST		runtime.js	1611849791833	1611849792379	OK	 
REQUEST		request_21	1611849791875	1611849792675	OK	 
REQUEST		request_29	1611849791895	1611849792695	OK	 
REQUEST		styles.js	1611849791914	1611849793706	OK	 
REQUEST		favicon.ico	1611849791918	1611849793932	OK	 
REQUEST		request_23	1611849791991	1611849793936	OK	 
REQUEST		request_20	1611849792031	1611849793964	OK	 
REQUEST		request_24	1611849791768	1611849794270	OK	 
REQUEST		vendor.js	1611849791837	1611849794302	OK	 
REQUEST		main.js	1611849791901	1611849797204	OK	 
REQUEST		js?id=G-JM0RFMB8WQ	1611849791924	1611849798744	OK	 
REQUEST		request_26	1611849792024	1611849798919	OK	 
REQUEST		request_30	1611849791947	1611849798941	OK	 
REQUEST		request_28	1611849792004	1611849798977	OK	 
REQUEST		/	1611849791999	1611849799109	OK	 
REQUEST		request_32	1611849800213	1611849800452	OK	 
REQUEST		request_33	1611849800457	1611849800474	OK	 
REQUEST		request_34	1611849801486	1611849801490	OK	 
REQUEST		request_36	1611849801494	1611849801514	OK	 
REQUEST		request_35	1611849801497	1611849801524	OK	 
REQUEST		request_36	1611849801522	1611849801624	OK	 
REQUEST		request_37	1611849802641	1611849802645	OK	 
REQUEST		request_38	1611849802651	1611849802680	KO	status.find.in(200,201,202,203,204,205,206,207,208,209,304), found 401
REQUEST		request_39	1611849802677	1611849802704	KO	status.find.in(200,201,202,203,204,205,206,207,208,209,304), found 401
REQUEST		request_40	1611849802673	1611849802938	OK	 
REQUEST		request_41	1611849803949	1611849803976	OK	 
USER	TimedTour1	END	1611849803995
