RUN	LocalSimulation3	localsimulation3	1610358067265	test	3.5.0
USER	LocalSimulation3	START	1610358068906
REQUEST		request_0	1610358068981	1610358069419	OK	 
REQUEST		request_0 Redirect 1	1610358069427	1610358070524	OK	 
ERROR	request_6: Failed to build request: Resource /localsimulation3/0006_request.txt not found 	1610358070538
ERROR	request_7: Failed to build request: Resource /localsimulation3/0007_request.txt not found 	1610358070538
ERROR	request_9: Failed to build request: Resource /localsimulation3/0009_request.json not found 	1610358070539
ERROR	request_10: Failed to build request: Resource /localsimulation3/0010_request.json not found 	1610358070539
REQUEST		request_4	1610358070556	1610358070579	OK	 
REQUEST		request_3	1610358070560	1610358070590	OK	 
REQUEST		request_8	1610358070558	1610358070602	OK	 
REQUEST		request_5	1610358070559	1610358070900	OK	 
REQUEST		request_1	1610358070557	1610358070925	OK	 
REQUEST		request_2	1610358070555	1610358071016	OK	 
REQUEST		request_11	1610358074028	1610358074035	OK	 
ERROR	request_12: Failed to build request: Resource /localsimulation3/0012_request.json not found 	1610358074035
ERROR	request_14: Failed to build request: Resource /localsimulation3/0014_request.json not found 	1610358074036
REQUEST		request_13	1610358074036	1610358074114	OK	 
ERROR	request_15: Failed to build request: Resource /localsimulation3/0015_request.txt not found 	1610358076118
ERROR	request_16: Failed to build request: Resource /localsimulation3/0016_request.txt not found 	1610358077132
REQUEST		request_17	1610358080138	1610358080143	OK	 
ERROR	request_18: Failed to build request: Resource /localsimulation3/0018_request.json not found 	1610358080144
ERROR	request_19: Failed to build request: Resource /localsimulation3/0019_request.json not found 	1610358080144
REQUEST		request_20	1610358080206	1610358080228	OK	 
REQUEST		request_26	1610358080188	1610358080371	OK	 
REQUEST		request_28	1610358080172	1610358080432	OK	 
REQUEST		request_22	1610358080189	1610358080497	OK	 
REQUEST		request_35	1610358080190	1610358080503	OK	 
REQUEST		request_24	1610358080196	1610358080511	OK	 
REQUEST		request_21	1610358080194	1610358080567	KO	status.find.in(200,201,202,203,204,205,206,207,208,209,304), found 401
REQUEST		request_37	1610358080192	1610358080569	KO	status.find.in(200,201,202,203,204,205,206,207,208,209,304), found 401
REQUEST		request_23	1610358080187	1610358080572	OK	 
REQUEST		request_29	1610358080202	1610358080577	OK	 
REQUEST		request_27	1610358080202	1610358080580	OK	 
REQUEST		request_25	1610358080205	1610358080582	OK	 
REQUEST		request_38	1610358080149	1610358081060	OK	 
REQUEST		request_40	1610358080171	1610358081126	OK	 
REQUEST		request_32	1610358080201	1610358081130	OK	 
REQUEST		request_33	1610358080186	1610358081132	OK	 
REQUEST		request_39	1610358080191	1610358081158	OK	 
REQUEST		request_41	1610358080189	1610358081167	OK	 
REQUEST		request_34	1610358080197	1610358081198	OK	 
REQUEST		request_30	1610358080199	1610358081199	OK	 
REQUEST		request_36	1610358080200	1610358081201	OK	 
REQUEST		request_31	1610358080203	1610358081217	OK	 
REQUEST		request_42	1610358082225	1610358082266	OK	 
ERROR	request_45: Failed to build request: Resource /localsimulation3/0045_request.txt not found 	1610358082267
ERROR	request_46: Failed to build request: Resource /localsimulation3/0046_request.txt not found 	1610358082267
REQUEST		request_44	1610358082271	1610358082290	OK	 
REQUEST		request_43	1610358082268	1610358082448	OK	 
REQUEST		request_47	1610358082270	1610358082454	OK	 
REQUEST		request_48	1610358083468	1610358083654	OK	 
REQUEST		request_49	1610358084660	1610358084841	OK	 
REQUEST		request_50	1610358084842	1610358085023	OK	 
REQUEST		request_51	1610358086033	1610358086038	OK	 
ERROR	request_53: Failed to build request: Resource /localsimulation3/0053_request.json not found 	1610358086045
REQUEST		request_55	1610358086046	1610358086227	OK	 
REQUEST		request_54	1610358086073	1610358086267	OK	 
REQUEST		request_56	1610358086074	1610358086268	OK	 
REQUEST		request_52	1610358086047	1610358086576	KO	status.find.in(200,201,202,203,204,205,206,207,208,209,304), found 400
REQUEST		request_57	1610358088579	1610358088597	OK	 
ERROR	request_58: Failed to build request: Resource /localsimulation3/0058_request.json not found 	1610358088597
ERROR	request_59: Failed to build request: Resource /localsimulation3/0059_request.txt not found 	1610358090605
USER	LocalSimulation3	END	1610358090659
