RUN	TimedTour1	timedtour1	1611854362887	 	3.5.0
USER	TimedTour1	START	1611854364725
REQUEST		request_0	1611854364760	1611854365212	OK	 
REQUEST		request_0 Redirect 1	1611854365236	1611854365541	OK	 
REQUEST		request_1	1611854367587	1611854367593	OK	 
REQUEST		request_1 Redirect 1	1611854367596	1611854367601	KO	status.find.in(200,201,202,203,204,205,206,207,208,209,304), found 405
REQUEST		request_6	1611854385627	1611854386878	OK	 
REQUEST		request_8	1611854386910	1611854386924	OK	 
REQUEST		request_7	1611854386920	1611854386991	OK	 
REQUEST		request_8	1611854386939	1611854387170	OK	 
REQUEST		request_9	1611854390187	1611854390392	OK	 
REQUEST		request_11	1611854390422	1611854390440	OK	 
REQUEST		request_13	1611854390412	1611854390451	KO	status.find.in(200,201,202,203,204,205,206,207,208,209,304), found 401
REQUEST		request_10	1611854390406	1611854390466	OK	 
REQUEST		request_12	1611854390427	1611854390473	KO	status.find.in(200,201,202,203,204,205,206,207,208,209,304), found 401
REQUEST		request_11	1611854390445	1611854390505	KO	status.find.in(200,201,202,203,204,205,206,207,208,209,304), found 405
REQUEST		request_14	1611854392519	1611854392524	OK	 
REQUEST		request_14 Redirect 1	1611854392527	1611854392531	KO	status.find.in(200,201,202,203,204,205,206,207,208,209,304), found 405
REQUEST		request_19	1611854394546	1611854394555	KO	status.find.in(200,201,202,203,204,205,206,207,208,209,304), found 404
REQUEST		request_32	1611854395572	1611854395777	OK	 
REQUEST		request_33	1611854395786	1611854395819	OK	 
REQUEST		request_34	1611854396833	1611854396841	OK	 
REQUEST		request_35	1611854396857	1611854396872	OK	 
REQUEST		request_36	1611854396867	1611854396880	OK	 
REQUEST		request_36	1611854396887	1611854397098	OK	 
REQUEST		request_37	1611854398113	1611854398120	OK	 
REQUEST		request_37 Redirect 1	1611854398124	1611854398128	KO	status.find.in(200,201,202,203,204,205,206,207,208,209,304), found 405
REQUEST		request_41	1611854399155	1611854399178	OK	 
USER	TimedTour1	END	1611854399189
