RUN	LocalSimulation3	localsimulation3	1610040247967	Local3	3.5.0
USER	LocalSimulation3	START	1610040249584
REQUEST		request_0	1610040249620	1610040254008	KO	j.n.ConnectException: Connection refused: no further information
REQUEST		request_11	1610040257017	1610040261092	KO	j.n.ConnectException: Connection refused: no further information
ERROR	request_15: Failed to build request: Resource /localsimulation3/0015_request.txt not found 	1610040263102
ERROR	request_16: Failed to build request: Resource /localsimulation3/0016_request.txt not found 	1610040264109
REQUEST		request_17	1610040267125	1610040271220	KO	j.n.ConnectException: Connection refused: no further information
REQUEST		request_42	1610040272232	1610040272380	OK	 
ERROR	request_45: Failed to build request: Resource /localsimulation3/0045_request.txt not found 	1610040272406
ERROR	request_46: Failed to build request: Resource /localsimulation3/0046_request.txt not found 	1610040272406
REQUEST		request_44	1610040272436	1610040272519	OK	 
REQUEST		request_43	1610040272435	1610040273189	OK	 
REQUEST		request_47	1610040272420	1610040273222	OK	 
REQUEST		request_48	1610040274235	1610040274418	OK	 
REQUEST		request_49	1610040275434	1610040275628	OK	 
REQUEST		request_50	1610040275631	1610040275819	OK	 
REQUEST		request_51	1610040276836	1610040280884	KO	j.n.ConnectException: Connection refused: no further information
REQUEST		request_57	1610040282893	1610040282911	OK	 
ERROR	request_58: Failed to build request: Resource /localsimulation3/0058_request.json not found 	1610040282912
ERROR	request_59: Failed to build request: Resource /localsimulation3/0059_request.txt not found 	1610040284915
USER	LocalSimulation3	END	1610040284921
