RUN	GeneralAdmission1	generaladmission1	1612374551697	 	3.5.0
USER	GeneralAdmission1	START	1612374554019
USER	GeneralAdmission1	START	1612374553917
USER	GeneralAdmission1	START	1612374553998
USER	GeneralAdmission1	START	1612374553999
USER	GeneralAdmission1	START	1612374554001
USER	GeneralAdmission1	START	1612374553999
USER	GeneralAdmission1	START	1612374554000
USER	GeneralAdmission1	START	1612374554023
USER	GeneralAdmission1	START	1612374554081
USER	GeneralAdmission1	START	1612374554083
USER	GeneralAdmission1	START	1612374554081
USER	GeneralAdmission1	START	1612374554087
USER	GeneralAdmission1	START	1612374554091
USER	GeneralAdmission1	START	1612374554090
USER	GeneralAdmission1	START	1612374554091
USER	GeneralAdmission1	START	1612374554107
USER	GeneralAdmission1	START	1612374554103
USER	GeneralAdmission1	START	1612374554107
USER	GeneralAdmission1	START	1612374554113
USER	GeneralAdmission1	START	1612374554112
USER	GeneralAdmission1	START	1612374554117
USER	GeneralAdmission1	START	1612374554118
USER	GeneralAdmission1	START	1612374554116
USER	GeneralAdmission1	START	1612374554136
USER	GeneralAdmission1	START	1612374554141
USER	GeneralAdmission1	START	1612374554140
USER	GeneralAdmission1	START	1612374554137
USER	GeneralAdmission1	START	1612374554142
USER	GeneralAdmission1	START	1612374554144
USER	GeneralAdmission1	START	1612374554154
USER	GeneralAdmission1	START	1612374554143
USER	GeneralAdmission1	START	1612374554157
USER	GeneralAdmission1	START	1612374554177
USER	GeneralAdmission1	START	1612374554161
USER	GeneralAdmission1	START	1612374554172
USER	GeneralAdmission1	START	1612374554169
USER	GeneralAdmission1	START	1612374554189
USER	GeneralAdmission1	START	1612374554186
USER	GeneralAdmission1	START	1612374554198
USER	GeneralAdmission1	START	1612374554178
USER	GeneralAdmission1	START	1612374554202
USER	GeneralAdmission1	START	1612374554201
USER	GeneralAdmission1	START	1612374554207
USER	GeneralAdmission1	START	1612374554216
USER	GeneralAdmission1	START	1612374554227
USER	GeneralAdmission1	START	1612374554228
USER	GeneralAdmission1	START	1612374554235
USER	GeneralAdmission1	START	1612374554231
USER	GeneralAdmission1	START	1612374554241
USER	GeneralAdmission1	START	1612374554237
USER	GeneralAdmission1	START	1612374554254
USER	GeneralAdmission1	START	1612374554243
USER	GeneralAdmission1	START	1612374554255
USER	GeneralAdmission1	START	1612374554259
USER	GeneralAdmission1	START	1612374554280
USER	GeneralAdmission1	START	1612374554284
USER	GeneralAdmission1	START	1612374554261
USER	GeneralAdmission1	START	1612374554272
USER	GeneralAdmission1	START	1612374554330
USER	GeneralAdmission1	START	1612374554291
USER	GeneralAdmission1	START	1612374554296
USER	GeneralAdmission1	START	1612374554294
USER	GeneralAdmission1	START	1612374554378
USER	GeneralAdmission1	START	1612374554322
USER	GeneralAdmission1	START	1612374554413
USER	GeneralAdmission1	START	1612374554409
USER	GeneralAdmission1	START	1612374554427
USER	GeneralAdmission1	START	1612374554445
USER	GeneralAdmission1	START	1612374554415
USER	GeneralAdmission1	START	1612374554430
USER	GeneralAdmission1	START	1612374554455
USER	GeneralAdmission1	START	1612374554449
USER	GeneralAdmission1	START	1612374554410
USER	GeneralAdmission1	START	1612374554455
USER	GeneralAdmission1	START	1612374554459
USER	GeneralAdmission1	START	1612374554454
USER	GeneralAdmission1	START	1612374554458
USER	GeneralAdmission1	START	1612374554456
USER	GeneralAdmission1	START	1612374554470
USER	GeneralAdmission1	START	1612374554476
USER	GeneralAdmission1	START	1612374554477
USER	GeneralAdmission1	START	1612374554483
USER	GeneralAdmission1	START	1612374554489
USER	GeneralAdmission1	START	1612374554480
USER	GeneralAdmission1	START	1612374554493
USER	GeneralAdmission1	START	1612374554512
USER	GeneralAdmission1	START	1612374554496
USER	GeneralAdmission1	START	1612374554500
USER	GeneralAdmission1	START	1612374554510
USER	GeneralAdmission1	START	1612374554511
USER	GeneralAdmission1	START	1612374554526
USER	GeneralAdmission1	START	1612374554530
USER	GeneralAdmission1	START	1612374554542
USER	GeneralAdmission1	START	1612374554540
USER	GeneralAdmission1	START	1612374554534
USER	GeneralAdmission1	START	1612374554548
USER	GeneralAdmission1	START	1612374554550
USER	GeneralAdmission1	START	1612374554574
USER	GeneralAdmission1	START	1612374554577
USER	GeneralAdmission1	START	1612374554597
REQUEST		GetToken	1612374554488	1612374560141	OK	 
REQUEST		GetToken	1612374554448	1612374560175	OK	 
REQUEST		GetToken	1612374554083	1612374560189	OK	 
REQUEST		GetToken	1612374554102	1612374560171	OK	 
REQUEST		GetToken	1612374554159	1612374560182	OK	 
REQUEST		GetToken	1612374554155	1612374560144	OK	 
REQUEST		GetToken	1612374554122	1612374560316	OK	 
REQUEST		GetToken	1612374554058	1612374560354	OK	 
REQUEST		GetToken	1612374553991	1612374560380	OK	 
REQUEST		GetToken	1612374554125	1612374560382	OK	 
REQUEST		GetToken	1612374554129	1612374560384	OK	 
REQUEST		GetToken	1612374554099	1612374560398	OK	 
REQUEST		GetToken	1612374554248	1612374560400	OK	 
REQUEST		GetToken	1612374554104	1612374560433	OK	 
REQUEST		GetToken	1612374554152	1612374560440	OK	 
REQUEST		GetToken	1612374554436	1612374560441	OK	 
REQUEST		GetToken	1612374554462	1612374560460	OK	 
REQUEST		GetToken	1612374554133	1612374560463	OK	 
REQUEST		GetToken	1612374554497	1612374560479	OK	 
REQUEST		GetToken	1612374554289	1612374560605	OK	 
REQUEST		GetToken	1612374554158	1612374560608	OK	 
REQUEST		GetToken	1612374554170	1612374560620	OK	 
REQUEST		GetToken	1612374554440	1612374560631	OK	 
REQUEST		GetToken	1612374554529	1612374560644	OK	 
REQUEST		GetToken	1612374554412	1612374560644	OK	 
REQUEST		GetToken	1612374554206	1612374560646	OK	 
REQUEST		GetToken	1612374554200	1612374560710	OK	 
REQUEST		GetToken	1612374554126	1612374560747	OK	 
REQUEST		GetToken	1612374554180	1612374560789	OK	 
REQUEST		GetToken	1612374554217	1612374560990	OK	 
REQUEST		GetToken	1612374554237	1612374561007	OK	 
REQUEST		GetToken	1612374554496	1612374561019	OK	 
REQUEST		GetToken	1612374554465	1612374561032	OK	 
REQUEST		GetToken	1612374554256	1612374561137	OK	 
REQUEST		GetToken	1612374554571	1612374561137	OK	 
REQUEST		GetToken	1612374554404	1612374561153	OK	 
REQUEST		GetToken	1612374554529	1612374561154	OK	 
REQUEST		GetToken	1612374554241	1612374561189	OK	 
REQUEST		GetToken	1612374554149	1612374561247	OK	 
REQUEST		GetToken	1612374554185	1612374561265	OK	 
REQUEST		GetToken	1612374554071	1612374561266	OK	 
REQUEST		GetToken	1612374554284	1612374561337	OK	 
REQUEST		GetToken	1612374554287	1612374561368	OK	 
REQUEST		GetToken	1612374554253	1612374561382	OK	 
REQUEST		GetToken	1612374554057	1612374561383	OK	 
REQUEST		GetToken	1612374554104	1612374561398	OK	 
REQUEST		GetToken	1612374554380	1612374561408	OK	 
REQUEST		GetToken	1612374554465	1612374561440	OK	 
REQUEST		GetToken	1612374554217	1612374561426	OK	 
REQUEST		GetToken	1612374554190	1612374561527	OK	 
REQUEST		GetToken	1612374554505	1612374561521	OK	 
REQUEST		GetToken	1612374554415	1612374561533	OK	 
REQUEST		GetToken	1612374554092	1612374561541	OK	 
REQUEST		GetToken	1612374554244	1612374561551	OK	 
REQUEST		GetToken	1612374554176	1612374561571	OK	 
REQUEST		GetToken	1612374554036	1612374561582	OK	 
REQUEST		GetToken	1612374554602	1612374561668	OK	 
REQUEST		GetToken	1612374554397	1612374561732	OK	 
REQUEST		GetToken	1612374554460	1612374561784	OK	 
REQUEST		GetToken	1612374554087	1612374561784	OK	 
REQUEST		GetToken	1612374554119	1612374561824	OK	 
REQUEST		GetToken	1612374554211	1612374561842	OK	 
REQUEST		GetToken	1612374554158	1612374562112	OK	 
REQUEST		GetToken	1612374554125	1612374562128	OK	 
REQUEST		GetToken	1612374554068	1612374562153	OK	 
REQUEST		GetToken	1612374554494	1612374562154	OK	 
REQUEST		GetToken	1612374554246	1612374562172	OK	 
REQUEST		GetToken	1612374554445	1612374562179	OK	 
REQUEST		GetToken	1612374554206	1612374562180	OK	 
REQUEST		GetToken	1612374554524	1612374562183	OK	 
REQUEST		GetToken	1612374554593	1612374562210	OK	 
REQUEST		GetToken	1612374554190	1612374562212	OK	 
REQUEST		GetToken	1612374554473	1612374562239	OK	 
REQUEST		GetToken	1612374554335	1612374562229	OK	 
REQUEST		GetToken	1612374554269	1612374562240	OK	 
REQUEST		GetToken	1612374554564	1612374562247	OK	 
REQUEST		GetToken	1612374554142	1612374562261	OK	 
REQUEST		GetToken	1612374554034	1612374562290	OK	 
REQUEST		GetToken	1612374554227	1612374562292	OK	 
REQUEST		GetToken	1612374554514	1612374562294	OK	 
REQUEST		GetToken	1612374554133	1612374562306	OK	 
REQUEST		GetToken	1612374554286	1612374562313	OK	 
REQUEST		GetToken	1612374554092	1612374562366	OK	 
REQUEST		GetToken	1612374554545	1612374562365	OK	 
REQUEST		GetToken	1612374554404	1612374562380	OK	 
REQUEST		GetToken	1612374554260	1612374562376	OK	 
REQUEST		GetToken	1612374554446	1612374562390	OK	 
REQUEST		GetToken	1612374554447	1612374562400	OK	 
REQUEST		GetToken	1612374554440	1612374562399	OK	 
REQUEST		GetToken	1612374554268	1612374562401	OK	 
REQUEST		GetToken	1612374554472	1612374562409	OK	 
REQUEST		GetToken	1612374554456	1612374562426	OK	 
REQUEST		GetToken	1612374554491	1612374562419	OK	 
REQUEST		GetToken	1612374554517	1612374562451	OK	 
REQUEST		GetToken	1612374554515	1612374562455	OK	 
REQUEST		GetToken	1612374554528	1612374562463	OK	 
REQUEST		GetToken	1612374554549	1612374562479	OK	 
REQUEST		GetToken	1612374554555	1612374562484	OK	 
REQUEST		GetToken	1612374554556	1612374562498	OK	 
REQUEST		GetToken	1612374554591	1612374562510	OK	 
REQUEST		AddToCart	1612374565487	1612374567985	OK	 
REQUEST		AddToCart	1612374565534	1612374568149	OK	 
REQUEST		AddToCart	1612374565532	1612374568149	OK	 
REQUEST		AddToCart	1612374565537	1612374568150	OK	 
REQUEST		AddToCart	1612374565532	1612374568150	OK	 
REQUEST		AddToCart	1612374565531	1612374568190	OK	 
REQUEST		AddToCart	1612374565428	1612374568236	OK	 
REQUEST		AddToCart	1612374565544	1612374568248	OK	 
REQUEST		AddToCart	1612374565531	1612374568198	OK	 
REQUEST		AddToCart	1612374565537	1612374568198	OK	 
REQUEST		AddToCart	1612374566427	1612374568199	OK	 
REQUEST		AddToCart	1612374566416	1612374568199	OK	 
REQUEST		AddToCart	1612374565487	1612374568282	OK	 
REQUEST		AddToCart	1612374565547	1612374568297	OK	 
REQUEST		AddToCart	1612374565488	1612374568301	OK	 
REQUEST		AddToCart	1612374566581	1612374568301	OK	 
REQUEST		AddToCart	1612374565482	1612374568352	OK	 
REQUEST		AddToCart	1612374565427	1612374568361	OK	 
REQUEST		AddToCart	1612374565427	1612374568363	OK	 
REQUEST		AddToCart	1612374565486	1612374568363	OK	 
REQUEST		AddToCart	1612374565725	1612374568380	OK	 
REQUEST		AddToCart	1612374565661	1612374568380	OK	 
REQUEST		AddToCart	1612374565538	1612374568399	OK	 
REQUEST		AddToCart	1612374565531	1612374568399	OK	 
REQUEST		AddToCart	1612374566545	1612374568400	OK	 
REQUEST		AddToCart	1612374566546	1612374568402	OK	 
REQUEST		AddToCart	1612374565620	1612374568402	OK	 
REQUEST		AddToCart	1612374565636	1612374568428	OK	 
REQUEST		AddToCart	1612374565650	1612374568429	OK	 
REQUEST		AddToCart	1612374565623	1612374568429	OK	 
REQUEST		AddToCart	1612374566411	1612374568431	OK	 
REQUEST		AddToCart	1612374566741	1612374568431	OK	 
REQUEST		AddToCart	1612374565665	1612374568455	OK	 
REQUEST		AddToCart	1612374566590	1612374568454	OK	 
REQUEST		AddToCart	1612374565665	1612374568454	OK	 
REQUEST		AddToCart	1612374566429	1612374568455	OK	 
REQUEST		AddToCart	1612374567296	1612374568486	OK	 
REQUEST		AddToCart	1612374566562	1612374568487	OK	 
REQUEST		AddToCart	1612374566455	1612374568497	OK	 
REQUEST		AddToCart	1612374566567	1612374568497	OK	 
REQUEST		AddToCart	1612374566679	1612374568505	OK	 
REQUEST		AddToCart	1612374566394	1612374568506	OK	 
REQUEST		AddToCart	1612374566546	1612374568512	OK	 
REQUEST		AddToCart	1612374566562	1612374568520	OK	 
REQUEST		AddToCart	1612374567211	1612374568574	OK	 
REQUEST		AddToCart	1612374567173	1612374568575	OK	 
REQUEST		AddToCart	1612374567518	1612374568586	OK	 
REQUEST		AddToCart	1612374567233	1612374568586	OK	 
REQUEST		AddToCart	1612374567262	1612374568590	OK	 
REQUEST		AddToCart	1612374567250	1612374568587	OK	 
REQUEST		AddToCart	1612374567262	1612374568591	OK	 
REQUEST		AddToCart	1612374567235	1612374568604	OK	 
REQUEST		AddToCart	1612374567501	1612374568608	OK	 
REQUEST		AddToCart	1612374566822	1612374568884	OK	 
REQUEST		AddToCart	1612374567292	1612374568899	OK	 
REQUEST		AddToCart	1612374567484	1612374568903	OK	 
REQUEST		AddToCart	1612374567266	1612374568910	OK	 
REQUEST		AddToCart	1612374567234	1612374568896	OK	 
REQUEST		AddToCart	1612374567167	1612374568923	OK	 
REQUEST		AddToCart	1612374567371	1612374568903	OK	 
REQUEST		AddToCart	1612374567314	1612374568929	OK	 
REQUEST		AddToCart	1612374566154	1612374568922	OK	 
REQUEST		AddToCart	1612374567327	1612374568939	OK	 
REQUEST		AddToCart	1612374567433	1612374568949	OK	 
REQUEST		AddToCart	1612374567414	1612374568944	OK	 
REQUEST		AddToCart	1612374566825	1612374568950	OK	 
REQUEST		AddToCart	1612374567327	1612374568953	OK	 
REQUEST		AddToCart	1612374567399	1612374568953	OK	 
REQUEST		AddToCart	1612374566149	1612374568953	OK	 
REQUEST		AddToCart	1612374566834	1612374568965	OK	 
REQUEST		AddToCart	1612374567127	1612374568975	OK	 
REQUEST		AddToCart	1612374567327	1612374568974	OK	 
REQUEST		AddToCart	1612374567144	1612374568974	OK	 
REQUEST		AddToCart	1612374566856	1612374568975	OK	 
REQUEST		AddToCart	1612374565999	1612374568990	OK	 
REQUEST		AddToCart	1612374567419	1612374568990	OK	 
REQUEST		AddToCart	1612374567469	1612374568990	OK	 
REQUEST		AddToCart	1612374566042	1612374568991	OK	 
REQUEST		AddToCart	1612374566029	1612374569012	OK	 
REQUEST		AddToCart	1612374567282	1612374569009	OK	 
REQUEST		AddToCart	1612374567399	1612374569011	OK	 
REQUEST		AddToCart	1612374567400	1612374569012	OK	 
REQUEST		AddToCart	1612374566170	1612374569025	OK	 
REQUEST		AddToCart	1612374565819	1612374569021	OK	 
REQUEST		AddToCart	1612374567472	1612374569025	OK	 
REQUEST		AddToCart	1612374566302	1612374569028	OK	 
REQUEST		AddToCart	1612374567400	1612374569035	OK	 
REQUEST		AddToCart	1612374566172	1612374569035	OK	 
REQUEST		AddToCart	1612374565818	1612374569035	OK	 
REQUEST		AddToCart	1612374566380	1612374569043	OK	 
REQUEST		AddToCart	1612374566259	1612374569038	OK	 
REQUEST		AddToCart	1612374567484	1612374569048	OK	 
REQUEST		AddToCart	1612374567429	1612374569049	OK	 
REQUEST		AddToCart	1612374566021	1612374569052	OK	 
REQUEST		AddToCart	1612374567518	1612374569052	OK	 
REQUEST		AddToCart	1612374567470	1612374569058	OK	 
REQUEST		AddToCart	1612374567501	1612374569058	OK	 
REQUEST		AddToCart	1612374567484	1612374569068	OK	 
REQUEST		AddToCart	1612374566335	1612374569072	OK	 
REQUEST		AddToCart	1612374566198	1612374569078	OK	 
REQUEST		AddToCart	1612374570992	1612374571125	OK	 
REQUEST		AddToCart	1612374571187	1612374571311	OK	 
REQUEST		AddToCart	1612374571188	1612374571310	OK	 
REQUEST		AddToCart	1612374571189	1612374571311	OK	 
REQUEST		AddToCart	1612374571186	1612374571316	OK	 
REQUEST		AddToCart	1612374571207	1612374571322	OK	 
REQUEST		AddToCart	1612374571248	1612374571329	OK	 
REQUEST		AddToCart	1612374571281	1612374571336	OK	 
REQUEST		AddToCart	1612374571302	1612374571363	OK	 
REQUEST		AddToCart	1612374571303	1612374571369	OK	 
REQUEST		AddToCart	1612374571303	1612374571370	OK	 
REQUEST		AddToCart	1612374571303	1612374571383	OK	 
REQUEST		AddToCart	1612374571353	1612374571403	OK	 
REQUEST		AddToCart	1612374571363	1612374571415	OK	 
REQUEST		AddToCart	1612374571379	1612374571427	OK	 
REQUEST		AddToCart	1612374571379	1612374571432	OK	 
REQUEST		AddToCart	1612374571403	1612374571493	OK	 
REQUEST		AddToCart	1612374571402	1612374571530	OK	 
REQUEST		AddToCart	1612374571404	1612374571530	OK	 
REQUEST		AddToCart	1612374571411	1612374571530	OK	 
REQUEST		AddToCart	1612374571404	1612374571531	OK	 
REQUEST		AddToCart	1612374571418	1612374571570	OK	 
REQUEST		AddToCart	1612374571427	1612374571598	OK	 
REQUEST		AddToCart	1612374571427	1612374571601	OK	 
REQUEST		AddToCart	1612374571403	1612374571605	OK	 
REQUEST		AddToCart	1612374571431	1612374571632	OK	 
REQUEST		AddToCart	1612374571442	1612374571711	OK	 
REQUEST		AddToCart	1612374571432	1612374571955	OK	 
REQUEST		AddToCart	1612374571453	1612374571978	OK	 
REQUEST		AddToCart	1612374571452	1612374571978	OK	 
REQUEST		AddToCart	1612374571455	1612374571978	OK	 
REQUEST		AddToCart	1612374571456	1612374571978	OK	 
REQUEST		AddToCart	1612374571486	1612374572073	OK	 
REQUEST		AddToCart	1612374571488	1612374572098	OK	 
REQUEST		AddToCart	1612374571520	1612374572290	OK	 
REQUEST		AddToCart	1612374571588	1612374572290	OK	 
REQUEST		AddToCart	1612374571489	1612374572291	OK	 
REQUEST		AddToCart	1612374571502	1612374572291	OK	 
REQUEST		AddToCart	1612374571608	1612374572305	OK	 
REQUEST		AddToCart	1612374571489	1612374572303	OK	 
REQUEST		AddToCart	1612374571607	1612374572305	OK	 
REQUEST		AddToCart	1612374571502	1612374572315	OK	 
REQUEST		AddToCart	1612374571598	1612374572315	OK	 
REQUEST		AddToCart	1612374571506	1612374572318	OK	 
REQUEST		AddToCart	1612374571506	1612374572338	OK	 
REQUEST		AddToCart	1612374571620	1612374572346	OK	 
REQUEST		AddToCart	1612374571522	1612374572347	OK	 
REQUEST		AddToCart	1612374571614	1612374572359	OK	 
REQUEST		AddToCart	1612374571619	1612374572360	OK	 
REQUEST		AddToCart	1612374571522	1612374572362	OK	 
REQUEST		AddToCart	1612374571532	1612374572370	OK	 
REQUEST		AddToCart	1612374571589	1612374572373	OK	 
REQUEST		AddToCart	1612374571613	1612374572378	OK	 
REQUEST		AddToCart	1612374571893	1612374572384	OK	 
REQUEST		AddToCart	1612374571952	1612374572401	OK	 
REQUEST		AddToCart	1612374571945	1612374572407	OK	 
REQUEST		AddToCart	1612374571946	1612374572401	OK	 
REQUEST		AddToCart	1612374571944	1612374572401	OK	 
REQUEST		AddToCart	1612374571951	1612374572407	OK	 
REQUEST		AddToCart	1612374571955	1612374572420	OK	 
REQUEST		AddToCart	1612374571963	1612374572420	OK	 
REQUEST		AddToCart	1612374571948	1612374572421	OK	 
REQUEST		AddToCart	1612374571957	1612374572425	OK	 
REQUEST		AddToCart	1612374571964	1612374572425	OK	 
REQUEST		AddToCart	1612374572051	1612374572725	OK	 
REQUEST		AddToCart	1612374572048	1612374572741	OK	 
REQUEST		AddToCart	1612374572047	1612374572979	OK	 
REQUEST		AddToCart	1612374572038	1612374572983	OK	 
REQUEST		AddToCart	1612374572058	1612374572982	OK	 
REQUEST		AddToCart	1612374572060	1612374572982	OK	 
REQUEST		AddToCart	1612374571969	1612374572983	OK	 
REQUEST		AddToCart	1612374571971	1612374572998	OK	 
REQUEST		AddToCart	1612374571971	1612374572998	OK	 
REQUEST		AddToCart	1612374571991	1612374573038	OK	 
REQUEST		AddToCart	1612374571972	1612374573041	OK	 
REQUEST		AddToCart	1612374571991	1612374573047	OK	 
REQUEST		AddToCart	1612374572041	1612374573046	OK	 
REQUEST		AddToCart	1612374572039	1612374573047	OK	 
REQUEST		AddToCart	1612374572010	1612374573061	OK	 
REQUEST		AddToCart	1612374571993	1612374573060	OK	 
REQUEST		AddToCart	1612374572009	1612374573061	OK	 
REQUEST		AddToCart	1612374572058	1612374573061	OK	 
REQUEST		AddToCart	1612374571968	1612374573076	OK	 
REQUEST		AddToCart	1612374571990	1612374573076	OK	 
REQUEST		AddToCart	1612374572013	1612374573092	OK	 
REQUEST		AddToCart	1612374572029	1612374573080	OK	 
REQUEST		AddToCart	1612374572025	1612374573095	OK	 
REQUEST		AddToCart	1612374572076	1612374573095	OK	 
REQUEST		AddToCart	1612374572025	1612374573096	OK	 
REQUEST		AddToCart	1612374572049	1612374573099	OK	 
REQUEST		AddToCart	1612374572013	1612374573110	OK	 
REQUEST		AddToCart	1612374572035	1612374573112	OK	 
REQUEST		AddToCart	1612374572070	1612374573112	OK	 
REQUEST		AddToCart	1612374571993	1612374573119	OK	 
REQUEST		AddToCart	1612374572051	1612374573125	OK	 
REQUEST		AddToCart	1612374572084	1612374573128	OK	 
REQUEST		AddToCart	1612374572060	1612374573133	OK	 
REQUEST		AddToCart	1612374572025	1612374573133	OK	 
REQUEST		AddToCart	1612374572070	1612374573142	OK	 
REQUEST		AddToCart	1612374572073	1612374573145	OK	 
REQUEST		CreateGeneral	1612374574129	1612374574707	OK	 
REQUEST		CreateGeneral	1612374574322	1612374574713	OK	 
REQUEST		CreateGeneral	1612374574325	1612374574784	OK	 
REQUEST		CreateGeneral	1612374574333	1612374574961	OK	 
REQUEST		CreateGeneral	1612374574322	1612374574961	OK	 
REQUEST		CreateGeneral	1612374574342	1612374575024	OK	 
REQUEST		CreateGeneral	1612374574329	1612374575028	OK	 
REQUEST		CreateGeneral	1612374574387	1612374575102	OK	 
REQUEST		CreateGeneral	1612374574412	1612374575102	OK	 
REQUEST		CreateGeneral	1612374574368	1612374575102	OK	 
REQUEST		CreateGeneral	1612374574381	1612374575102	OK	 
REQUEST		CreateGeneral	1612374574381	1612374575102	OK	 
REQUEST		CreateGeneral	1612374574433	1612374575228	OK	 
REQUEST		CreateGeneral	1612374574440	1612374575235	OK	 
REQUEST		CreateGeneral	1612374574502	1612374575304	OK	 
REQUEST		CreateGeneral	1612374574541	1612374575311	OK	 
REQUEST		CreateGeneral	1612374574574	1612374575355	OK	 
REQUEST		CreateGeneral	1612374574542	1612374575365	OK	 
REQUEST		CreateGeneral	1612374574618	1612374575379	OK	 
REQUEST		CreateGeneral	1612374574542	1612374575381	OK	 
REQUEST		CreateGeneral	1612374574636	1612374575403	OK	 
REQUEST		CreateGeneral	1612374574620	1612374575403	OK	 
REQUEST		CreateGeneral	1612374574719	1612374575930	OK	 
REQUEST		CreateGeneral	1612374574602	1612374575931	OK	 
REQUEST		CreateGeneral	1612374574992	1612374575989	OK	 
REQUEST		CreateGeneral	1612374574538	1612374575996	OK	 
REQUEST		CreateGeneral	1612374574991	1612374576148	OK	 
REQUEST		CreateGeneral	1612374574961	1612374576650	OK	 
REQUEST		CreateGeneral	1612374575303	1612374576662	OK	 
REQUEST		CreateGeneral	1612374575127	1612374576663	OK	 
REQUEST		CreateGeneral	1612374574324	1612374576665	OK	 
REQUEST		CreateGeneral	1612374574993	1612374576668	OK	 
REQUEST		CreateGeneral	1612374575077	1612374576675	OK	 
REQUEST		CreateGeneral	1612374575341	1612374576680	KO	status.find.is(200), but actually found 400
REQUEST		CreateGeneral	1612374575304	1612374576689	OK	 
REQUEST		CreateGeneral	1612374575322	1612374576692	OK	 
REQUEST		CreateGeneral	1612374575304	1612374576708	OK	 
REQUEST		CreateGeneral	1612374575320	1612374576776	OK	 
REQUEST		CreateGeneral	1612374575329	1612374576780	OK	 
REQUEST		CreateGeneral	1612374575304	1612374576780	OK	 
REQUEST		CreateGeneral	1612374574421	1612374576816	OK	 
REQUEST		CreateGeneral	1612374575341	1612374576864	OK	 
REQUEST		CreateGeneral	1612374575353	1612374577099	OK	 
REQUEST		CreateGeneral	1612374575369	1612374577102	OK	 
REQUEST		CreateGeneral	1612374575373	1612374577100	OK	 
REQUEST		CreateGeneral	1612374575353	1612374577102	OK	 
REQUEST		CreateGeneral	1612374575337	1612374577102	OK	 
REQUEST		CreateGeneral	1612374575365	1612374577105	OK	 
REQUEST		CreateGeneral	1612374575434	1612374577123	KO	status.find.is(200), but actually found 400
REQUEST		CreateGeneral	1612374575421	1612374577189	OK	 
REQUEST		CreateGeneral	1612374575422	1612374577194	OK	 
REQUEST		CreateGeneral	1612374575372	1612374577193	OK	 
REQUEST		CreateGeneral	1612374575392	1612374577222	OK	 
REQUEST		CreateGeneral	1612374575383	1612374577250	OK	 
REQUEST		CreateGeneral	1612374575419	1612374577250	OK	 
REQUEST		CreateGeneral	1612374575421	1612374577335	OK	 
REQUEST		CreateGeneral	1612374575426	1612374577340	OK	 
REQUEST		CreateGeneral	1612374575390	1612374577339	OK	 
REQUEST		CreateGeneral	1612374575439	1612374577338	OK	 
REQUEST		CreateGeneral	1612374575729	1612374577341	OK	 
REQUEST		CreateGeneral	1612374575747	1612374577355	OK	 
REQUEST		CreateGeneral	1612374575439	1612374577355	OK	 
REQUEST		CreateGeneral	1612374575439	1612374577363	OK	 
REQUEST		CreateGeneral	1612374575999	1612374577367	OK	 
REQUEST		CreateGeneral	1612374574993	1612374577367	OK	 
REQUEST		CreateGeneral	1612374576002	1612374577398	OK	 
REQUEST		CreateGeneral	1612374576047	1612374577399	OK	 
REQUEST		CreateGeneral	1612374576001	1612374577401	OK	 
REQUEST		CreateGeneral	1612374576115	1612374577410	KO	status.find.is(200), but actually found 400
REQUEST		CreateGeneral	1612374576061	1612374577427	OK	 
REQUEST		CreateGeneral	1612374576003	1612374577427	OK	 
REQUEST		CreateGeneral	1612374576042	1612374577427	OK	 
REQUEST		CreateGeneral	1612374576050	1612374577433	OK	 
REQUEST		CreateGeneral	1612374576080	1612374577497	OK	 
REQUEST		CreateGeneral	1612374576078	1612374577498	OK	 
REQUEST		CreateGeneral	1612374576100	1612374577497	OK	 
REQUEST		CreateGeneral	1612374576067	1612374577505	OK	 
REQUEST		CreateGeneral	1612374576107	1612374577582	OK	 
REQUEST		CreateGeneral	1612374576115	1612374577632	OK	 
REQUEST		CreateGeneral	1612374576084	1612374577632	OK	 
REQUEST		CreateGeneral	1612374576081	1612374577638	OK	 
REQUEST		CreateGeneral	1612374576148	1612374577645	KO	status.find.is(200), but actually found 400
REQUEST		CreateGeneral	1612374576127	1612374577651	OK	 
REQUEST		CreateGeneral	1612374576101	1612374577658	OK	 
REQUEST		CreateGeneral	1612374576128	1612374577669	OK	 
REQUEST		CreateGeneral	1612374576125	1612374577669	OK	 
REQUEST		CreateGeneral	1612374576125	1612374577675	OK	 
REQUEST		CreateGeneral	1612374576137	1612374577676	OK	 
REQUEST		CreateGeneral	1612374576142	1612374577703	OK	 
REQUEST		CreateGeneral	1612374576099	1612374577738	OK	 
REQUEST		CreateGeneral	1612374576142	1612374577741	OK	 
REQUEST		CreateGeneral	1612374576133	1612374577741	OK	 
REQUEST		CreateGeneral	1612374575379	1612374577753	OK	 
REQUEST		CreateGeneral	1612374576151	1612374577753	OK	 
REQUEST		CreateGeneral	1612374575433	1612374577828	OK	 
REQUEST		CreateGeneral	1612374575984	1612374578403	OK	 
REQUEST		CreateGeneral	1612374576061	1612374578462	OK	 
REQUEST		CreateGeneral	1612374576080	1612374578626	OK	 
REQUEST		CreateGeneral	1612374576119	1612374578674	OK	 
REQUEST		CreateGeneral	1612374576068	1612374578705	OK	 
REQUEST		BookingDetails	1612374578967	1612374579101	OK	 
REQUEST		BookingDetails	1612374578966	1612374579101	OK	 
REQUEST		BookingDetails	1612374579027	1612374579108	OK	 
REQUEST		BookingDetails	1612374579032	1612374579118	OK	 
REQUEST		ConfirmPayment	1612374579105	1612374579403	OK	 
USER	GeneralAdmission1	END	1612374579413
REQUEST		BookingDetails	1612374578711	1612374579429	OK	 
REQUEST		BookingDetails	1612374578787	1612374579433	OK	 
REQUEST		ConfirmPayment	1612374579112	1612374579450	OK	 
REQUEST		BookingDetails	1612374579130	1612374579450	OK	 
USER	GeneralAdmission1	END	1612374579455
REQUEST		BookingDetails	1612374579127	1612374579471	OK	 
REQUEST		BookingDetails	1612374579127	1612374579471	OK	 
REQUEST		BookingDetails	1612374579130	1612374579471	OK	 
REQUEST		ConfirmPayment	1612374579120	1612374579517	OK	 
REQUEST		BookingDetails	1612374579127	1612374579518	OK	 
USER	GeneralAdmission1	END	1612374579523
REQUEST		BookingDetails	1612374579318	1612374579534	OK	 
REQUEST		BookingDetails	1612374579313	1612374579535	OK	 
REQUEST		BookingDetails	1612374579231	1612374579546	OK	 
REQUEST		ConfirmPayment	1612374579106	1612374579590	OK	 
REQUEST		BookingDetails	1612374579360	1612374579596	OK	 
USER	GeneralAdmission1	END	1612374579594
REQUEST		BookingDetails	1612374579369	1612374579612	OK	 
REQUEST		BookingDetails	1612374578720	1612374579619	OK	 
REQUEST		BookingDetails	1612374579411	1612374579896	OK	 
REQUEST		BookingDetails	1612374579409	1612374579912	OK	 
REQUEST		BookingDetails	1612374579388	1612374579916	OK	 
REQUEST		BookingDetails	1612374579243	1612374579925	OK	 
REQUEST		BookingDetails	1612374579385	1612374579925	OK	 
REQUEST		ConfirmPayment	1612374579433	1612374580011	OK	 
REQUEST		ConfirmPayment	1612374579437	1612374580011	OK	 
REQUEST		ConfirmPayment	1612374579454	1612374580021	OK	 
USER	GeneralAdmission1	END	1612374580022
USER	GeneralAdmission1	END	1612374580022
USER	GeneralAdmission1	END	1612374580026
REQUEST		ConfirmPayment	1612374579478	1612374580077	OK	 
USER	GeneralAdmission1	END	1612374580081
REQUEST		ConfirmPayment	1612374579479	1612374580148	OK	 
USER	GeneralAdmission1	END	1612374580151
REQUEST		ConfirmPayment	1612374579479	1612374580160	OK	 
USER	GeneralAdmission1	END	1612374580162
REQUEST		ConfirmPayment	1612374579542	1612374580173	OK	 
USER	GeneralAdmission1	END	1612374580178
REQUEST		ConfirmPayment	1612374579551	1612374580289	OK	 
USER	GeneralAdmission1	END	1612374580292
REQUEST		ConfirmPayment	1612374579522	1612374580301	OK	 
USER	GeneralAdmission1	END	1612374580304
REQUEST		ConfirmPayment	1612374579542	1612374580331	OK	 
USER	GeneralAdmission1	END	1612374580334
REQUEST		ConfirmPayment	1612374579626	1612374580435	OK	 
REQUEST		ConfirmPayment	1612374579612	1612374580435	OK	 
USER	GeneralAdmission1	END	1612374580440
USER	GeneralAdmission1	END	1612374580440
REQUEST		ConfirmPayment	1612374579617	1612374580468	OK	 
REQUEST		ConfirmPayment	1612374579898	1612374580468	OK	 
USER	GeneralAdmission1	END	1612374580471
USER	GeneralAdmission1	END	1612374580471
REQUEST		ConfirmPayment	1612374579917	1612374580531	OK	 
REQUEST		ConfirmPayment	1612374579932	1612374580531	OK	 
REQUEST		ConfirmPayment	1612374579928	1612374580532	OK	 
REQUEST		ConfirmPayment	1612374579931	1612374580532	OK	 
USER	GeneralAdmission1	END	1612374580543
USER	GeneralAdmission1	END	1612374580543
USER	GeneralAdmission1	END	1612374580543
REQUEST		BookingDetails	1612374579942	1612374580545	OK	 
REQUEST		BookingDetails	1612374579940	1612374580549	OK	 
USER	GeneralAdmission1	END	1612374580545
REQUEST		BookingDetails	1612374580009	1612374580546	OK	 
REQUEST		BookingDetails	1612374580153	1612374580558	OK	 
REQUEST		BookingDetails	1612374580008	1612374580562	OK	 
ERROR	BookingDetails: Failed to build request: No attribute named 'checkoutTokenID' is defined 	1612374580692
ERROR	ConfirmPayment: Failed to build request: No attribute named 'checkoutTokenID' is defined 	1612374580692
USER	GeneralAdmission1	END	1612374580693
REQUEST		BookingDetails	1612374580655	1612374580981	OK	 
ERROR	BookingDetails: Failed to build request: No attribute named 'checkoutTokenID' is defined 	1612374581128
ERROR	ConfirmPayment: Failed to build request: No attribute named 'checkoutTokenID' is defined 	1612374581128
USER	GeneralAdmission1	END	1612374581129
REQUEST		ConfirmPayment	1612374580563	1612374581397	OK	 
REQUEST		ConfirmPayment	1612374580549	1612374581397	OK	 
REQUEST		BookingDetails	1612374580675	1612374581402	OK	 
USER	GeneralAdmission1	END	1612374581402
USER	GeneralAdmission1	END	1612374581402
ERROR	BookingDetails: Failed to build request: No attribute named 'checkoutTokenID' is defined 	1612374581414
ERROR	ConfirmPayment: Failed to build request: No attribute named 'checkoutTokenID' is defined 	1612374581415
USER	GeneralAdmission1	END	1612374581416
REQUEST		ConfirmPayment	1612374580558	1612374581609	OK	 
REQUEST		BookingDetails	1612374580679	1612374581609	OK	 
REQUEST		ConfirmPayment	1612374580558	1612374581609	OK	 
USER	GeneralAdmission1	END	1612374581622
REQUEST		BookingDetails	1612374580782	1612374581622	OK	 
REQUEST		BookingDetails	1612374580681	1612374581622	OK	 
REQUEST		BookingDetails	1612374580793	1612374581623	OK	 
USER	GeneralAdmission1	END	1612374581623
REQUEST		BookingDetails	1612374580825	1612374581627	OK	 
REQUEST		BookingDetails	1612374580711	1612374581632	OK	 
REQUEST		BookingDetails	1612374580679	1612374581640	OK	 
REQUEST		BookingDetails	1612374580681	1612374581642	OK	 
REQUEST		BookingDetails	1612374580793	1612374581660	OK	 
ERROR	BookingDetails: Failed to build request: No attribute named 'checkoutTokenID' is defined 	1612374581671
ERROR	ConfirmPayment: Failed to build request: No attribute named 'checkoutTokenID' is defined 	1612374581671
REQUEST		BookingDetails	1612374580694	1612374581667	OK	 
REQUEST		BookingDetails	1612374580695	1612374581671	OK	 
USER	GeneralAdmission1	END	1612374581676
REQUEST		ConfirmPayment	1612374580571	1612374581683	OK	 
USER	GeneralAdmission1	END	1612374581687
REQUEST		ConfirmPayment	1612374580983	1612374582329	OK	 
USER	GeneralAdmission1	END	1612374582332
REQUEST		BookingDetails	1612374581110	1612374582570	OK	 
REQUEST		BookingDetails	1612374581122	1612374582572	OK	 
REQUEST		BookingDetails	1612374581117	1612374582572	OK	 
REQUEST		BookingDetails	1612374581122	1612374582583	OK	 
REQUEST		BookingDetails	1612374581193	1612374583287	OK	 
REQUEST		BookingDetails	1612374581202	1612374583294	OK	 
REQUEST		BookingDetails	1612374580869	1612374583294	OK	 
REQUEST		BookingDetails	1612374581122	1612374583294	OK	 
REQUEST		ConfirmPayment	1612374581405	1612374583299	OK	 
USER	GeneralAdmission1	END	1612374583306
REQUEST		BookingDetails	1612374581202	1612374583307	OK	 
REQUEST		BookingDetails	1612374581108	1612374583513	OK	 
REQUEST		BookingDetails	1612374581229	1612374583516	OK	 
REQUEST		BookingDetails	1612374581259	1612374583541	OK	 
REQUEST		BookingDetails	1612374581367	1612374583541	OK	 
REQUEST		BookingDetails	1612374581367	1612374583541	OK	 
REQUEST		BookingDetails	1612374581373	1612374583553	OK	 
REQUEST		BookingDetails	1612374581356	1612374583612	OK	 
REQUEST		BookingDetails	1612374581350	1612374583613	OK	 
REQUEST		BookingDetails	1612374581260	1612374583613	OK	 
REQUEST		BookingDetails	1612374581356	1612374583618	OK	 
REQUEST		BookingDetails	1612374581356	1612374583620	OK	 
REQUEST		BookingDetails	1612374581367	1612374583629	OK	 
REQUEST		BookingDetails	1612374581359	1612374583640	OK	 
REQUEST		BookingDetails	1612374581443	1612374584520	OK	 
REQUEST		BookingDetails	1612374581442	1612374584525	OK	 
REQUEST		BookingDetails	1612374581442	1612374584525	OK	 
REQUEST		BookingDetails	1612374581409	1612374584527	OK	 
REQUEST		BookingDetails	1612374581406	1612374584768	OK	 
REQUEST		BookingDetails	1612374581439	1612374584768	OK	 
REQUEST		BookingDetails	1612374581405	1612374584768	OK	 
REQUEST		ConfirmPayment	1612374581621	1612374584826	OK	 
REQUEST		BookingDetails	1612374581373	1612374584826	OK	 
USER	GeneralAdmission1	END	1612374584831
REQUEST		ConfirmPayment	1612374581636	1612374584832	OK	 
USER	GeneralAdmission1	END	1612374584840
REQUEST		BookingDetails	1612374581750	1612374584841	OK	 
REQUEST		BookingDetails	1612374581692	1612374584841	OK	 
REQUEST		BookingDetails	1612374581708	1612374584841	OK	 
REQUEST		ConfirmPayment	1612374581655	1612374584868	OK	 
REQUEST		ConfirmPayment	1612374581640	1612374584876	OK	 
REQUEST		ConfirmPayment	1612374581667	1612374584876	OK	 
REQUEST		ConfirmPayment	1612374581676	1612374584876	OK	 
REQUEST		ConfirmPayment	1612374581642	1612374584878	OK	 
USER	GeneralAdmission1	END	1612374584879
REQUEST		BookingDetails	1612374581511	1612374584882	OK	 
USER	GeneralAdmission1	END	1612374584883
USER	GeneralAdmission1	END	1612374584890
REQUEST		BookingDetails	1612374581507	1612374584895	OK	 
REQUEST		ConfirmPayment	1612374581679	1612374584902	OK	 
REQUEST		BookingDetails	1612374581655	1612374584896	OK	 
USER	GeneralAdmission1	END	1612374584890
REQUEST		ConfirmPayment	1612374581648	1612374584922	OK	 
REQUEST		BookingDetails	1612374581645	1612374584918	OK	 
USER	GeneralAdmission1	END	1612374584895
REQUEST		BookingDetails	1612374581591	1612374584922	OK	 
USER	GeneralAdmission1	END	1612374584924
REQUEST		BookingDetails	1612374581507	1612374584934	OK	 
USER	GeneralAdmission1	END	1612374584938
REQUEST		BookingDetails	1612374581659	1612374584946	OK	 
REQUEST		BookingDetails	1612374581506	1612374584946	OK	 
REQUEST		ConfirmPayment	1612374581645	1612374584949	OK	 
REQUEST		ConfirmPayment	1612374581639	1612374584951	OK	 
REQUEST		BookingDetails	1612374581680	1612374584956	OK	 
USER	GeneralAdmission1	END	1612374584961
USER	GeneralAdmission1	END	1612374584963
REQUEST		BookingDetails	1612374581687	1612374585016	OK	 
REQUEST		BookingDetails	1612374581687	1612374585017	OK	 
REQUEST		BookingDetails	1612374581694	1612374585019	OK	 
REQUEST		BookingDetails	1612374581752	1612374585028	OK	 
REQUEST		BookingDetails	1612374581744	1612374585041	OK	 
REQUEST		BookingDetails	1612374581680	1612374585041	OK	 
REQUEST		BookingDetails	1612374581762	1612374585052	OK	 
REQUEST		BookingDetails	1612374581762	1612374585052	OK	 
REQUEST		ConfirmPayment	1612374582586	1612374585363	OK	 
REQUEST		ConfirmPayment	1612374582590	1612374585364	OK	 
REQUEST		BookingDetails	1612374582408	1612374585365	OK	 
REQUEST		BookingDetails	1612374581833	1612374585366	OK	 
REQUEST		ConfirmPayment	1612374582583	1612374585368	OK	 
REQUEST		ConfirmPayment	1612374582586	1612374585380	OK	 
USER	GeneralAdmission1	END	1612374585390
USER	GeneralAdmission1	END	1612374585392
USER	GeneralAdmission1	END	1612374585394
USER	GeneralAdmission1	END	1612374585395
REQUEST		BookingDetails	1612374582709	1612374585396	OK	 
REQUEST		BookingDetails	1612374582679	1612374585404	OK	 
REQUEST		BookingDetails	1612374582635	1612374585404	OK	 
REQUEST		BookingDetails	1612374582469	1612374585587	OK	 
REQUEST		ConfirmPayment	1612374583546	1612374585588	OK	 
REQUEST		ConfirmPayment	1612374583289	1612374585590	OK	 
REQUEST		ConfirmPayment	1612374583518	1612374585590	OK	 
REQUEST		ConfirmPayment	1612374583515	1612374585593	OK	 
USER	GeneralAdmission1	END	1612374585609
REQUEST		ConfirmPayment	1612374583302	1612374585612	OK	 
USER	GeneralAdmission1	END	1612374585611
USER	GeneralAdmission1	END	1612374585611
USER	GeneralAdmission1	END	1612374585613
USER	GeneralAdmission1	END	1612374585624
REQUEST		ConfirmPayment	1612374583313	1612374585631	OK	 
USER	GeneralAdmission1	END	1612374585635
REQUEST		ConfirmPayment	1612374583304	1612374585647	OK	 
USER	GeneralAdmission1	END	1612374585651
REQUEST		ConfirmPayment	1612374583631	1612374585727	OK	 
REQUEST		ConfirmPayment	1612374583623	1612374585727	OK	 
REQUEST		ConfirmPayment	1612374583546	1612374585732	OK	 
REQUEST		ConfirmPayment	1612374583303	1612374585732	OK	 
USER	GeneralAdmission1	END	1612374585732
USER	GeneralAdmission1	END	1612374585734
REQUEST		ConfirmPayment	1612374583556	1612374585743	OK	 
USER	GeneralAdmission1	END	1612374585742
USER	GeneralAdmission1	END	1612374585744
USER	GeneralAdmission1	END	1612374585746
REQUEST		ConfirmPayment	1612374583547	1612374585769	OK	 
REQUEST		ConfirmPayment	1612374583626	1612374585782	OK	 
REQUEST		ConfirmPayment	1612374583630	1612374585782	OK	 
REQUEST		ConfirmPayment	1612374583623	1612374585782	OK	 
USER	GeneralAdmission1	END	1612374585784
USER	GeneralAdmission1	END	1612374585799
USER	GeneralAdmission1	END	1612374585800
USER	GeneralAdmission1	END	1612374585800
REQUEST		ConfirmPayment	1612374583640	1612374585877	OK	 
USER	GeneralAdmission1	END	1612374585880
REQUEST		ConfirmPayment	1612374583647	1612374585953	OK	 
REQUEST		ConfirmPayment	1612374584522	1612374585953	OK	 
REQUEST		ConfirmPayment	1612374584781	1612374585963	OK	 
REQUEST		ConfirmPayment	1612374584535	1612374585961	OK	 
USER	GeneralAdmission1	END	1612374585963
REQUEST		ConfirmPayment	1612374584535	1612374585965	OK	 
REQUEST		ConfirmPayment	1612374584532	1612374585971	OK	 
REQUEST		ConfirmPayment	1612374584780	1612374585971	OK	 
USER	GeneralAdmission1	END	1612374585963
REQUEST		ConfirmPayment	1612374584776	1612374585972	OK	 
REQUEST		ConfirmPayment	1612374584830	1612374585977	OK	 
USER	GeneralAdmission1	END	1612374585972
USER	GeneralAdmission1	END	1612374585974
USER	GeneralAdmission1	END	1612374585983
USER	GeneralAdmission1	END	1612374585985
USER	GeneralAdmission1	END	1612374585985
USER	GeneralAdmission1	END	1612374585985
USER	GeneralAdmission1	END	1612374585987
REQUEST		ConfirmPayment	1612374585024	1612374586114	OK	 
REQUEST		ConfirmPayment	1612374584944	1612374586114	OK	 
REQUEST		ConfirmPayment	1612374584951	1612374586114	OK	 
REQUEST		ConfirmPayment	1612374584894	1612374586114	OK	 
REQUEST		ConfirmPayment	1612374584922	1612374586124	OK	 
USER	GeneralAdmission1	END	1612374586124
REQUEST		ConfirmPayment	1612374585056	1612374586130	OK	 
REQUEST		ConfirmPayment	1612374584963	1612374586129	OK	 
USER	GeneralAdmission1	END	1612374586124
REQUEST		ConfirmPayment	1612374584956	1612374586130	OK	 
REQUEST		ConfirmPayment	1612374584846	1612374586130	OK	 
USER	GeneralAdmission1	END	1612374586129
REQUEST		ConfirmPayment	1612374584846	1612374586141	OK	 
REQUEST		ConfirmPayment	1612374584922	1612374586141	OK	 
USER	GeneralAdmission1	END	1612374586129
REQUEST		ConfirmPayment	1612374584945	1612374586142	OK	 
USER	GeneralAdmission1	END	1612374586130
REQUEST		ConfirmPayment	1612374585394	1612374586156	OK	 
USER	GeneralAdmission1	END	1612374586141
REQUEST		ConfirmPayment	1612374585593	1612374586180	OK	 
USER	GeneralAdmission1	END	1612374586142
REQUEST		ConfirmPayment	1612374585046	1612374586158	OK	 
REQUEST		ConfirmPayment	1612374584937	1612374586162	OK	 
USER	GeneralAdmission1	END	1612374586143
REQUEST		ConfirmPayment	1612374585409	1612374586190	OK	 
USER	GeneralAdmission1	END	1612374586143
USER	GeneralAdmission1	END	1612374586155
REQUEST		ConfirmPayment	1612374585056	1612374586189	OK	 
USER	GeneralAdmission1	END	1612374586155
USER	GeneralAdmission1	END	1612374586156
USER	GeneralAdmission1	END	1612374586186
REQUEST		ConfirmPayment	1612374585409	1612374586216	OK	 
USER	GeneralAdmission1	END	1612374586189
USER	GeneralAdmission1	END	1612374586190
REQUEST		ConfirmPayment	1612374585404	1612374586222	OK	 
REQUEST		ConfirmPayment	1612374585019	1612374586223	OK	 
REQUEST		ConfirmPayment	1612374585046	1612374586225	OK	 
USER	GeneralAdmission1	END	1612374586192
USER	GeneralAdmission1	END	1612374586206
USER	GeneralAdmission1	END	1612374586217
USER	GeneralAdmission1	END	1612374586240
USER	GeneralAdmission1	END	1612374586247
USER	GeneralAdmission1	END	1612374586260
USER	GeneralAdmission1	END	1612374586261
REQUEST		ConfirmPayment	1612374585031	1612374586275	OK	 
REQUEST		ConfirmPayment	1612374584846	1612374586262	OK	 
USER	GeneralAdmission1	END	1612374586279
USER	GeneralAdmission1	END	1612374586291
REQUEST		ConfirmPayment	1612374585024	1612374586292	OK	 
USER	GeneralAdmission1	END	1612374586295
REQUEST		ConfirmPayment	1612374585391	1612374586307	OK	 
USER	GeneralAdmission1	END	1612374586310
