RUN	GeneralAdmission1	generaladmission1	1612271978725	 	3.5.0
USER	GeneralAdmission1	START	1612271980596
REQUEST		GetToken	1612271980644	1612271981088	OK	 
REQUEST		GetToken Redirect 1	1612271981121	1612271981681	OK	 
REQUEST		request_1	1612271981818	1612271982659	OK	 
REQUEST		AddToCart	1612271987705	1612271987721	OK	 
REQUEST		AddToCart Redirect 1	1612271987728	1612271987849	OK	 
REQUEST		CreateGeneral	1612271988856	1612271988862	OK	 
REQUEST		CreateGeneral Redirect 1	1612271988866	1612271989220	OK	 
REQUEST		BookingDetails	1612271993240	1612271993246	OK	 
REQUEST		BookingDetails Redirect 1	1612271993251	1612271993400	OK	 
REQUEST		StripeElement	1612271993407	1612271994266	OK	 
REQUEST		ui-shared-1a3494666c8cbd375492e006f2e840cd.css	1612271994364	1612271994736	OK	 
REQUEST		elements-inner-card-77d7d4c2ce976deb5d1dc2ff2a238146.js	1612271994351	1612271995088	OK	 
REQUEST		shared-8b0cf640a52a1422947f168069c49b9d.js	1612271994356	1612271995393	OK	 
REQUEST		ui-shared-121e554d3a08b818808584dff61fc32c.js	1612271994368	1612271995925	OK	 
REQUEST		CreatePaymentIntent	1612271998980	1612271998986	OK	 
REQUEST		CreatePaymentIntent Redirect 1	1612271998989	1612271999621	OK	 
REQUEST		StripeController	1612272012685	1612272013353	OK	 
REQUEST		controller-6d15abacacad5eabb07034f26400b450.js	1612272013363	1612272014091	OK	 
REQUEST		StripeCountryRanges	1612272016132	1612272017000	OK	 
REQUEST		PrivateStripe	1612272023061	1612272023490	OK	 
REQUEST		Elements1	1612272023493	1612272024324	OK	 
REQUEST		Elements2	1612272024328	1612272024528	OK	 
REQUEST		request_28	1612272024532	1612272024716	OK	 
USER	GeneralAdmission1	END	1612272024764
