RUN	computerdatabase.advanced.AdvancedSimulationStep03	advancedsimulationstep03	1611791256176	 	3.5.0
USER	Admins	START	1611791257965
USER	Users	START	1611791257958
REQUEST		Home	1611791258003	1611791258105	OK	 
REQUEST		Home	1611791258003	1611791258102	OK	 
REQUEST		Home Redirect 1	1611791258125	1611791258210	OK	 
REQUEST		Home Redirect 1	1611791258123	1611791258209	OK	 
USER	Users	START	1611791258951
REQUEST		Home	1611791258953	1611791259025	OK	 
REQUEST		Home Redirect 1	1611791259028	1611791259096	OK	 
REQUEST		Search	1611791259256	1611791259328	OK	 
REQUEST		Search	1611791259259	1611791259325	OK	 
USER	Users	START	1611791259949
REQUEST		Home	1611791259950	1611791260051	OK	 
REQUEST		Search	1611791260110	1611791260148	OK	 
REQUEST		Home Redirect 1	1611791260054	1611791260159	OK	 
REQUEST		Select	1611791260492	1611791260537	OK	 
REQUEST		Select	1611791260494	1611791260541	OK	 
USER	Users	START	1611791260944
REQUEST		Home	1611791260945	1611791261023	OK	 
REQUEST		Home Redirect 1	1611791261030	1611791261102	OK	 
REQUEST		Search	1611791261181	1611791261224	OK	 
REQUEST		Select	1611791261164	1611791261231	OK	 
REQUEST		Home	1611791261556	1611791261648	OK	 
REQUEST		Home	1611791261555	1611791261649	OK	 
REQUEST		Home Redirect 1	1611791261653	1611791261692	OK	 
REQUEST		Home Redirect 1	1611791261654	1611791261706	OK	 
USER	Users	START	1611791261945
REQUEST		Home	1611791261946	1611791262028	OK	 
REQUEST		Home Redirect 1	1611791262032	1611791262091	OK	 
REQUEST		Search	1611791262117	1611791262157	OK	 
REQUEST		Select	1611791262254	1611791262295	OK	 
REQUEST		Home	1611791262271	1611791262305	OK	 
REQUEST		Home Redirect 1	1611791262308	1611791262352	OK	 
USER	Admins	START	1611791262941
USER	Users	START	1611791262941
REQUEST		Home	1611791262941	1611791263035	OK	 
REQUEST		Home	1611791262951	1611791263038	OK	 
REQUEST		Home Redirect 1	1611791263039	1611791263118	OK	 
REQUEST		Home Redirect 1	1611791263043	1611791263162	OK	 
REQUEST		Search	1611791263108	1611791263168	OK	 
REQUEST		Select	1611791263175	1611791263228	OK	 
REQUEST		Home	1611791263305	1611791263345	OK	 
REQUEST		Home Redirect 1	1611791263348	1611791263384	OK	 
REQUEST		Page 1	1611791263711	1611791263749	OK	 
REQUEST		Page 1	1611791263730	1611791263867	OK	 
USER	Users	START	1611791263945
REQUEST		Home	1611791263946	1611791264018	OK	 
REQUEST		Home Redirect 1	1611791264021	1611791264070	OK	 
REQUEST		Search	1611791264142	1611791264193	OK	 
REQUEST		Search	1611791264174	1611791264215	OK	 
REQUEST		Select	1611791264192	1611791264234	OK	 
REQUEST		Home	1611791264250	1611791264290	OK	 
REQUEST		Home Redirect 1	1611791264293	1611791264331	OK	 
REQUEST		Page 1	1611791264373	1611791264417	OK	 
REQUEST		Page 2	1611791264439	1611791264484	OK	 
REQUEST		Page 2	1611791264545	1611791264581	OK	 
USER	Users	START	1611791264935
REQUEST		Home	1611791264936	1611791265007	OK	 
REQUEST		Home Redirect 1	1611791265010	1611791265060	OK	 
REQUEST		Search	1611791265090	1611791265128	OK	 
REQUEST		Page 2	1611791265106	1611791265145	OK	 
REQUEST		Page 3	1611791265123	1611791265189	OK	 
REQUEST		Select	1611791265209	1611791265252	OK	 
REQUEST		Page 3	1611791265228	1611791265265	OK	 
REQUEST		Home	1611791265244	1611791265281	OK	 
REQUEST		Select	1611791265245	1611791265287	OK	 
REQUEST		Home Redirect 1	1611791265285	1611791265325	OK	 
REQUEST		Page 1	1611791265390	1611791265430	OK	 
REQUEST		Page 3	1611791265781	1611791265821	OK	 
USER	Users	START	1611791265937
REQUEST		Page 4	1611791265937	1611791265990	OK	 
REQUEST		Home	1611791265941	1611791266012	OK	 
REQUEST		Page 4	1611791266018	1611791266058	OK	 
REQUEST		Home Redirect 1	1611791266017	1611791266070	OK	 
REQUEST		Search	1611791266069	1611791266107	OK	 
REQUEST		Page 2	1611791266117	1611791266162	OK	 
REQUEST		Select	1611791266135	1611791266173	OK	 
REQUEST		Home	1611791266259	1611791266297	OK	 
REQUEST		Home	1611791266304	1611791266347	OK	 
REQUEST		Home Redirect 1	1611791266303	1611791266353	OK	 
REQUEST		Page 1	1611791266340	1611791266381	OK	 
REQUEST		Home Redirect 1	1611791266350	1611791266398	OK	 
REQUEST		Page 4	1611791266574	1611791266614	OK	 
REQUEST		Page 3	1611791266809	1611791266848	OK	 
USER	Users	START	1611791266933
REQUEST		Home	1611791266934	1611791267001	OK	 
REQUEST		Home Redirect 1	1611791267004	1611791267060	OK	 
REQUEST		Page 2	1611791267058	1611791267103	OK	 
REQUEST		Search	1611791267084	1611791267136	OK	 
REQUEST		Select	1611791267130	1611791267174	OK	 
REQUEST		Home	1611791267187	1611791267224	OK	 
REQUEST		Home Redirect 1	1611791267227	1611791267270	OK	 
REQUEST		Page 1	1611791267338	1611791267388	OK	 
REQUEST		Page 4	1611791267597	1611791267655	OK	 
REQUEST		Page 3	1611791267738	1611791267782	OK	 
REQUEST		Page 2	1611791268072	1611791268110	OK	 
REQUEST		Search	1611791268078	1611791268119	OK	 
REQUEST		Select	1611791268159	1611791268199	OK	 
REQUEST		Home	1611791268190	1611791268227	OK	 
REQUEST		Home Redirect 1	1611791268230	1611791268265	OK	 
REQUEST		Page 1	1611791268362	1611791268401	OK	 
REQUEST		Page 1	1611791268411	1611791268459	OK	 
REQUEST		Page 4	1611791268533	1611791268584	OK	 
REQUEST		Page 3	1611791268752	1611791268789	OK	 
REQUEST		Page 2	1611791269082	1611791269120	OK	 
REQUEST		Select	1611791269142	1611791269184	OK	 
REQUEST		Page 2	1611791269145	1611791269190	OK	 
REQUEST		Home	1611791269206	1611791269238	OK	 
REQUEST		Home Redirect 1	1611791269241	1611791269281	OK	 
REQUEST		Page 1	1611791269282	1611791269334	OK	 
REQUEST		Page 4	1611791269532	1611791269584	OK	 
REQUEST		Page 3	1611791269766	1611791269807	OK	 
REQUEST		Page 3	1611791269831	1611791269866	OK	 
REQUEST		Page 2	1611791270016	1611791270054	OK	 
REQUEST		Home	1611791270195	1611791270235	OK	 
REQUEST		Home Redirect 1	1611791270239	1611791270281	OK	 
REQUEST		Page 1	1611791270272	1611791270315	OK	 
REQUEST		Page 4	1611791270553	1611791270592	OK	 
REQUEST		Page 4	1611791270616	1611791270661	OK	 
REQUEST		Page 3	1611791270694	1611791270747	OK	 
REQUEST		Page 2	1611791270991	1611791271031	OK	 
REQUEST		Form	1611791271008	1611791271052	OK	 
USER	Users	END	1611791271079
REQUEST		Page 1	1611791271288	1611791271338	OK	 
REQUEST		Page 4	1611791271491	1611791271560	OK	 
USER	Users	END	1611791271632
REQUEST		Page 3	1611791271679	1611791271731	OK	 
REQUEST		Page 2	1611791272023	1611791272060	OK	 
REQUEST		Post	1611791272063	1611791272102	OK	 
REQUEST		Post Redirect 1	1611791272114	1611791272152	OK	 
USER	Admins	END	1611791272155
REQUEST		Page 1	1611791272291	1611791272337	OK	 
REQUEST		Page 4	1611791272478	1611791272513	OK	 
USER	Users	END	1611791272666
REQUEST		Page 3	1611791272697	1611791272752	OK	 
REQUEST		Page 2	1611791273025	1611791273083	OK	 
REQUEST		Page 4	1611791273501	1611791273536	OK	 
USER	Users	END	1611791273595
REQUEST		Page 3	1611791273720	1611791273755	OK	 
REQUEST		Page 4	1611791274501	1611791274537	OK	 
USER	Users	END	1611791274594
REQUEST		Form	1611791275612	1611791275651	OK	 
USER	Users	END	1611791275678
USER	Users	END	1611791276569
REQUEST		Post	1611791276663	1611791276706	OK	 
REQUEST		Post Redirect 1	1611791276708	1611791276768	OK	 
USER	Admins	END	1611791276770
USER	Users	END	1611791277522
USER	Users	END	1611791278542
USER	Users	END	1611791279541
