RUN	GeneralAdmission1	generaladmission1	1612438957494	 	3.5.0
USER	GeneralAdmission1	START	1612438959251
USER	GeneralAdmission1	START	1612438959218
USER	GeneralAdmission1	START	1612438959219
USER	GeneralAdmission1	START	1612438959215
USER	GeneralAdmission1	START	1612438959218
USER	GeneralAdmission1	START	1612438959263
USER	GeneralAdmission1	START	1612438959219
USER	GeneralAdmission1	START	1612438959227
USER	GeneralAdmission1	START	1612438959390
USER	GeneralAdmission1	START	1612438959390
USER	GeneralAdmission1	START	1612438959389
USER	GeneralAdmission1	START	1612438959382
USER	GeneralAdmission1	START	1612438959455
USER	GeneralAdmission1	START	1612438959546
USER	GeneralAdmission1	START	1612438959654
USER	GeneralAdmission1	START	1612438959746
USER	GeneralAdmission1	START	1612438959854
USER	GeneralAdmission1	START	1612438959947
USER	GeneralAdmission1	START	1612438960056
USER	GeneralAdmission1	START	1612438960148
REQUEST		GetToken	1612438959397	1612438960155	OK	 
REQUEST		GetToken	1612438959267	1612438960128	OK	 
REQUEST		GetToken	1612438959265	1612438960133	OK	 
REQUEST		GetToken	1612438959269	1612438960220	OK	 
REQUEST		GetToken	1612438959266	1612438960183	OK	 
REQUEST		GetToken	1612438959262	1612438960223	OK	 
REQUEST		GetToken	1612438959264	1612438960221	OK	 
REQUEST		GetToken	1612438959400	1612438960187	OK	 
USER	GeneralAdmission1	START	1612438960303
REQUEST		GetToken	1612438959392	1612438960314	OK	 
REQUEST		GetToken	1612438959268	1612438960321	OK	 
REQUEST		GetToken	1612438959391	1612438960324	OK	 
REQUEST		GetToken	1612438959266	1612438960329	OK	 
REQUEST		GetToken	1612438959456	1612438960337	OK	 
USER	GeneralAdmission1	START	1612438960363
REQUEST		GetToken	1612438959547	1612438960424	OK	 
REQUEST		GetToken	1612438959747	1612438960426	OK	 
USER	GeneralAdmission1	START	1612438960473
REQUEST		GetToken	1612438959655	1612438960522	OK	 
USER	GeneralAdmission1	START	1612438960581
REQUEST		GetToken	1612438959952	1612438960674	OK	 
USER	GeneralAdmission1	START	1612438960692
USER	GeneralAdmission1	START	1612438960815
REQUEST		GetToken	1612438960057	1612438960819	OK	 
USER	GeneralAdmission1	START	1612438960924
USER	GeneralAdmission1	START	1612438961033
USER	GeneralAdmission1	START	1612438961142
USER	GeneralAdmission1	START	1612438961251
USER	GeneralAdmission1	START	1612438961297
USER	GeneralAdmission1	START	1612438961406
USER	GeneralAdmission1	START	1612438961498
USER	GeneralAdmission1	START	1612438961607
USER	GeneralAdmission1	START	1612438961701
USER	GeneralAdmission1	START	1612438961794
REQUEST		GetToken	1612438960156	1612438961799	OK	 
USER	GeneralAdmission1	START	1612438961901
USER	GeneralAdmission1	START	1612438961995
USER	GeneralAdmission1	START	1612438962103
USER	GeneralAdmission1	START	1612438962197
REQUEST		GetToken	1612438960313	1612438962303	OK	 
USER	GeneralAdmission1	START	1612438962318
REQUEST		GetToken	1612438960364	1612438962359	OK	 
USER	GeneralAdmission1	START	1612438962429
REQUEST		GetToken	1612438961298	1612438962462	OK	 
USER	GeneralAdmission1	START	1612438962537
REQUEST		GetToken	1612438961406	1612438962583	OK	 
REQUEST		GetToken	1612438961252	1612438962592	OK	 
REQUEST		GetToken	1612438961499	1612438962600	OK	 
REQUEST		GetToken	1612438960582	1612438962639	OK	 
REQUEST		GetToken	1612438961702	1612438962643	OK	 
REQUEST		GetToken	1612438961607	1612438962647	OK	 
REQUEST		GetToken	1612438961794	1612438962653	OK	 
USER	GeneralAdmission1	START	1612438962658
REQUEST		GetToken	1612438959859	1612438962685	OK	 
REQUEST		GetToken	1612438961902	1612438962719	OK	 
REQUEST		GetToken	1612438961033	1612438962720	OK	 
REQUEST		GetToken	1612438960694	1612438962750	OK	 
USER	GeneralAdmission1	START	1612438962754
REQUEST		GetToken	1612438961143	1612438962795	OK	 
USER	GeneralAdmission1	START	1612438962863
REQUEST		GetToken	1612438960818	1612438962911	OK	 
USER	GeneralAdmission1	START	1612438962986
USER	GeneralAdmission1	START	1612438963095
USER	GeneralAdmission1	START	1612438963203
USER	GeneralAdmission1	START	1612438963296
USER	GeneralAdmission1	START	1612438963404
USER	GeneralAdmission1	START	1612438963498
USER	GeneralAdmission1	START	1612438963606
USER	GeneralAdmission1	START	1612438963700
USER	GeneralAdmission1	START	1612438963793
REQUEST		GetToken	1612438962104	1612438963834	OK	 
REQUEST		GetToken	1612438960925	1612438963835	OK	 
REQUEST		GetToken	1612438961996	1612438963843	OK	 
USER	GeneralAdmission1	START	1612438963900
USER	GeneralAdmission1	START	1612438963993
REQUEST		GetToken	1612438962321	1612438964000	OK	 
REQUEST		GetToken	1612438962198	1612438964056	OK	 
USER	GeneralAdmission1	START	1612438964097
REQUEST		GetToken	1612438962432	1612438964230	OK	 
USER	GeneralAdmission1	START	1612438964216
REQUEST		GetToken	1612438963297	1612438964290	OK	 
USER	GeneralAdmission1	START	1612438964316
REQUEST		GetToken	1612438963404	1612438964364	OK	 
REQUEST		GetToken	1612438963498	1612438964373	OK	 
REQUEST		GetToken	1612438963607	1612438964386	OK	 
REQUEST		GetToken	1612438962864	1612438964387	OK	 
REQUEST		GetToken	1612438963700	1612438964401	OK	 
USER	GeneralAdmission1	START	1612438964427
REQUEST		GetToken	1612438962987	1612438964451	OK	 
REQUEST		GetToken	1612438963204	1612438964460	OK	 
REQUEST		GetToken	1612438962659	1612438964460	OK	 
REQUEST		GetToken	1612438963095	1612438964503	OK	 
REQUEST		GetToken	1612438962538	1612438964521	OK	 
REQUEST		GetToken	1612438963794	1612438964523	OK	 
USER	GeneralAdmission1	START	1612438964531
REQUEST		GetToken	1612438962757	1612438964550	OK	 
REQUEST		GetToken	1612438963900	1612438964614	OK	 
REQUEST		GetToken	1612438963994	1612438964628	OK	 
USER	GeneralAdmission1	START	1612438964638
REQUEST		GetToken	1612438964098	1612438964708	OK	 
USER	GeneralAdmission1	START	1612438964762
REQUEST		GetToken	1612438960474	1612438964780	OK	 
REQUEST		GetToken	1612438964225	1612438964836	OK	 
REQUEST		GetToken	1612438964317	1612438964868	OK	 
USER	GeneralAdmission1	START	1612438964871
REQUEST		GetToken	1612438964429	1612438964963	OK	 
USER	GeneralAdmission1	START	1612438964981
REQUEST		GetToken	1612438964640	1612438965068	OK	 
REQUEST		GetToken	1612438964534	1612438965072	OK	 
USER	GeneralAdmission1	START	1612438965090
REQUEST		GetToken	1612438964763	1612438965172	OK	 
USER	GeneralAdmission1	START	1612438965198
REQUEST		GetToken	1612438964879	1612438965252	OK	 
USER	GeneralAdmission1	START	1612438965291
USER	GeneralAdmission1	START	1612438965401
REQUEST		AddToCart	1612438965321	1612438965460	OK	 
USER	GeneralAdmission1	START	1612438965494
REQUEST		AddToCart	1612438965322	1612438965508	OK	 
REQUEST		AddToCart	1612438965322	1612438965528	OK	 
REQUEST		AddToCart	1612438965326	1612438965533	OK	 
REQUEST		AddToCart	1612438965320	1612438965534	OK	 
REQUEST		AddToCart	1612438965358	1612438965549	OK	 
REQUEST		AddToCart	1612438965357	1612438965551	OK	 
REQUEST		AddToCart	1612438965324	1612438965553	OK	 
REQUEST		AddToCart	1612438965325	1612438965564	OK	 
REQUEST		AddToCart	1612438965358	1612438965572	OK	 
REQUEST		AddToCart	1612438965347	1612438965576	OK	 
REQUEST		AddToCart	1612438965325	1612438965577	OK	 
USER	GeneralAdmission1	START	1612438965604
REQUEST		AddToCart	1612438965433	1612438965680	OK	 
REQUEST		GetToken	1612438965092	1612438965679	OK	 
REQUEST		AddToCart	1612438965452	1612438965689	OK	 
REQUEST		AddToCart	1612438965356	1612438965693	OK	 
USER	GeneralAdmission1	START	1612438965695
REQUEST		GetToken	1612438965199	1612438965713	OK	 
REQUEST		AddToCart	1612438965550	1612438965731	OK	 
REQUEST		GetToken	1612438964985	1612438965744	OK	 
REQUEST		GetToken	1612438965292	1612438965770	OK	 
USER	GeneralAdmission1	START	1612438965803
REQUEST		AddToCart	1612438965682	1612438965838	OK	 
USER	GeneralAdmission1	START	1612438965898
REQUEST		GetToken	1612438965401	1612438965908	OK	 
REQUEST		AddToCart	1612438965839	1612438965987	OK	 
USER	GeneralAdmission1	START	1612438966006
REQUEST		GetToken	1612438965495	1612438966030	OK	 
USER	GeneralAdmission1	START	1612438966098
REQUEST		GetToken	1612438965604	1612438966130	OK	 
USER	GeneralAdmission1	START	1612438966206
USER	GeneralAdmission1	START	1612438966313
REQUEST		GetToken	1612438965699	1612438966379	OK	 
USER	GeneralAdmission1	START	1612438966422
REQUEST		GetToken	1612438965803	1612438966512	OK	 
USER	GeneralAdmission1	START	1612438966532
USER	GeneralAdmission1	START	1612438966640
REQUEST		GetToken	1612438965899	1612438966706	OK	 
REQUEST		GetToken	1612438966008	1612438966739	OK	 
USER	GeneralAdmission1	START	1612438966748
USER	GeneralAdmission1	START	1612438966869
REQUEST		GetToken	1612438966098	1612438966875	OK	 
USER	GeneralAdmission1	START	1612438966977
REQUEST		AddToCart	1612438966808	1612438967015	OK	 
REQUEST		GetToken	1612438966314	1612438967045	OK	 
USER	GeneralAdmission1	START	1612438967084
REQUEST		GetToken	1612438966207	1612438967116	OK	 
REQUEST		GetToken	1612438966422	1612438967152	OK	 
USER	GeneralAdmission1	START	1612438967207
REQUEST		GetToken	1612438966533	1612438967251	OK	 
USER	GeneralAdmission1	START	1612438967300
REQUEST		GetToken	1612438966641	1612438967370	OK	 
USER	GeneralAdmission1	START	1612438967394
REQUEST		AddToCart	1612438967317	1612438967454	OK	 
USER	GeneralAdmission1	START	1612438967501
REQUEST		AddToCart	1612438967363	1612438967520	OK	 
USER	GeneralAdmission1	START	1612438967594
REQUEST		AddToCart	1612438967473	1612438967667	OK	 
REQUEST		GetToken	1612438966872	1612438967676	OK	 
USER	GeneralAdmission1	START	1612438967702
REQUEST		GetToken	1612438966978	1612438967731	OK	 
USER	GeneralAdmission1	START	1612438967795
REQUEST		AddToCart	1612438967612	1612438967812	OK	 
REQUEST		AddToCart	1612438967595	1612438967812	OK	 
REQUEST		AddToCart	1612438967612	1612438967816	OK	 
REQUEST		GetToken	1612438967084	1612438967830	OK	 
USER	GeneralAdmission1	START	1612438967904
REQUEST		AddToCart	1612438967656	1612438967938	OK	 
REQUEST		GetToken	1612438966751	1612438967955	OK	 
REQUEST		AddToCart	1612438967674	1612438967957	OK	 
REQUEST		GetToken	1612438967209	1612438967955	OK	 
REQUEST		AddToCart	1612438967656	1612438967960	OK	 
REQUEST		AddToCart	1612438967657	1612438967970	OK	 
USER	GeneralAdmission1	START	1612438967995
REQUEST		AddToCart	1612438967702	1612438968006	OK	 
REQUEST		AddToCart	1612438967737	1612438968006	OK	 
REQUEST		AddToCart	1612438967738	1612438968013	OK	 
REQUEST		AddToCart	1612438967765	1612438968032	OK	 
REQUEST		GetToken	1612438967301	1612438968035	OK	 
REQUEST		AddToCart	1612438967812	1612438968055	OK	 
USER	GeneralAdmission1	START	1612438968104
REQUEST		AddToCart	1612438967921	1612438968117	OK	 
REQUEST		GetToken	1612438967394	1612438968160	OK	 
USER	GeneralAdmission1	START	1612438968196
REQUEST		GetToken	1612438967502	1612438968217	OK	 
USER	GeneralAdmission1	START	1612438968304
REQUEST		GetToken	1612438967704	1612438968390	OK	 
REQUEST		GetToken	1612438967595	1612438968408	OK	 
USER	GeneralAdmission1	START	1612438968414
REQUEST		GetToken	1612438967796	1612438968488	OK	 
USER	GeneralAdmission1	START	1612438968538
REQUEST		GetToken	1612438967905	1612438968639	OK	 
USER	GeneralAdmission1	START	1612438968646
REQUEST		AddToCart2	1612438968476	1612438968690	OK	 
REQUEST		GetToken	1612438967996	1612438968695	OK	 
REQUEST		AddToCart2	1612438968523	1612438968701	OK	 
USER	GeneralAdmission1	START	1612438968754
REQUEST		AddToCart2	1612438968554	1612438968830	OK	 
REQUEST		AddToCart2	1612438968553	1612438968852	OK	 
USER	GeneralAdmission1	START	1612438968862
REQUEST		AddToCart2	1612438968555	1612438968879	OK	 
USER	GeneralAdmission1	START	1612438968970
REQUEST		AddToCart2	1612438968571	1612438968983	OK	 
REQUEST		AddToCart2	1612438968571	1612438968983	OK	 
REQUEST		AddToCart2	1612438968571	1612438968983	OK	 
REQUEST		AddToCart2	1612438968588	1612438968986	OK	 
REQUEST		AddToCart2	1612438968573	1612438968991	OK	 
REQUEST		AddToCart2	1612438968588	1612438969047	OK	 
REQUEST		GetToken	1612438968104	1612438969072	OK	 
USER	GeneralAdmission1	START	1612438969095
REQUEST		AddToCart2	1612438968693	1612438969106	OK	 
REQUEST		AddToCart2	1612438968703	1612438969116	OK	 
REQUEST		GetToken	1612438968197	1612438969115	OK	 
REQUEST		AddToCart2	1612438968601	1612438969122	OK	 
REQUEST		AddToCart2	1612438968705	1612438969123	OK	 
REQUEST		AddToCart2	1612438968738	1612438969125	OK	 
REQUEST		GetToken	1612438968305	1612438969163	OK	 
USER	GeneralAdmission1	START	1612438969203
REQUEST		GetToken	1612438968417	1612438969209	OK	 
REQUEST		GetToken	1612438968539	1612438969243	OK	 
REQUEST		AddToCart	1612438969018	1612438969287	OK	 
REQUEST		AddToCart2	1612438968994	1612438969293	OK	 
USER	GeneralAdmission1	START	1612438969294
REQUEST		AddToCart	1612438969065	1612438969305	OK	 
USER	GeneralAdmission1	START	1612438969393
REQUEST		AddToCart	1612438969251	1612438969400	OK	 
REQUEST		AddToCart	1612438969298	1612438969452	OK	 
USER	GeneralAdmission1	START	1612438969498
REQUEST		AddToCart	1612438969374	1612438969522	OK	 
REQUEST		AddToCart	1612438969391	1612438969558	OK	 
REQUEST		GetToken	1612438968756	1612438969591	OK	 
USER	GeneralAdmission1	START	1612438969594
REQUEST		AddToCart	1612438969402	1612438969596	OK	 
REQUEST		AddToCart	1612438969407	1612438969630	OK	 
REQUEST		AddToCart	1612438969423	1612438969630	OK	 
REQUEST		AddToCart2	1612438968850	1612438969643	OK	 
REQUEST		GetToken	1612438968864	1612438969643	OK	 
REQUEST		GetToken	1612438968971	1612438969682	OK	 
USER	GeneralAdmission1	START	1612438969699
REQUEST		AddToCart	1612438969469	1612438969722	OK	 
REQUEST		AddToCart	1612438968849	1612438969726	OK	 
REQUEST		AddToCart	1612438969470	1612438969726	OK	 
REQUEST		AddToCart	1612438969530	1612438969732	OK	 
REQUEST		AddToCart	1612438969469	1612438969732	OK	 
REQUEST		AddToCart	1612438968849	1612438969739	OK	 
REQUEST		AddToCart	1612438969562	1612438969760	OK	 
REQUEST		AddToCart	1612438969546	1612438969761	OK	 
REQUEST		AddToCart	1612438969514	1612438969761	OK	 
REQUEST		AddToCart	1612438969622	1612438969791	OK	 
USER	GeneralAdmission1	START	1612438969793
REQUEST		AddToCart	1612438969632	1612438969841	OK	 
USER	GeneralAdmission1	START	1612438969898
REQUEST		GetToken	1612438969096	1612438969901	OK	 
REQUEST		GetToken	1612438969204	1612438969907	OK	 
REQUEST		AddToCart	1612438969714	1612438969946	OK	 
REQUEST		GetToken	1612438968646	1612438969947	OK	 
REQUEST		GetToken	1612438969295	1612438969970	OK	 
REQUEST		AddToCart	1612438969789	1612438969994	OK	 
USER	GeneralAdmission1	START	1612438970007
REQUEST		GetToken	1612438969393	1612438970052	OK	 
REQUEST		AddToCart	1612438969852	1612438970064	OK	 
REQUEST		AddToCart	1612438969882	1612438970083	OK	 
USER	GeneralAdmission1	START	1612438970101
REQUEST		AddToCart	1612438969977	1612438970195	OK	 
USER	GeneralAdmission1	START	1612438970209
REQUEST		AddToCart2	1612438970023	1612438970218	OK	 
REQUEST		GetToken	1612438969499	1612438970280	OK	 
USER	GeneralAdmission1	START	1612438970317
REQUEST		AddToCart	1612438970089	1612438970327	OK	 
REQUEST		AddToCart	1612438970089	1612438970327	OK	 
REQUEST		GetToken	1612438969594	1612438970335	OK	 
REQUEST		AddToCart	1612438970178	1612438970346	OK	 
REQUEST		AddToCart	1612438968850	1612438970376	OK	 
REQUEST		AddToCart	1612438970271	1612438970413	OK	 
USER	GeneralAdmission1	START	1612438970425
REQUEST		GetToken	1612438969701	1612438970425	OK	 
REQUEST		GetToken	1612438969793	1612438970433	OK	 
REQUEST		GetToken	1612438969899	1612438970501	OK	 
USER	GeneralAdmission1	START	1612438970530
REQUEST		GetToken	1612438970103	1612438970542	OK	 
REQUEST		GetToken	1612438970010	1612438970549	OK	 
REQUEST		AddToCart2	1612438970471	1612438970577	OK	 
REQUEST		AddToCart2	1612438970532	1612438970628	OK	 
REQUEST		GetToken	1612438970211	1612438970637	OK	 
USER	GeneralAdmission1	START	1612438970639
USER	GeneralAdmission1	START	1612438970748
REQUEST		AddToCart2	1612438970670	1612438970750	OK	 
REQUEST		GetToken	1612438970532	1612438970781	OK	 
REQUEST		AddToCart	1612438970703	1612438970811	OK	 
REQUEST		AddToCart	1612438970732	1612438970830	OK	 
REQUEST		AddToCart	1612438970765	1612438970857	OK	 
USER	GeneralAdmission1	START	1612438970859
REQUEST		AddToCart	1612438970780	1612438970875	OK	 
REQUEST		GetToken	1612438970642	1612438970945	OK	 
REQUEST		AddToCart2	1612438970829	1612438970950	OK	 
REQUEST		AddToCart2	1612438970829	1612438970954	OK	 
REQUEST		AddToCart2	1612438970829	1612438970954	OK	 
REQUEST		GetToken	1612438970318	1612438970975	OK	 
USER	GeneralAdmission1	START	1612438970979
REQUEST		AddToCart	1612438970919	1612438971008	OK	 
REQUEST		GetToken	1612438970425	1612438971049	OK	 
REQUEST		AddToCart2	1612438970947	1612438971080	OK	 
USER	GeneralAdmission1	START	1612438971087
REQUEST		AddToCart2	1612438970966	1612438971103	OK	 
REQUEST		AddToCart2	1612438970966	1612438971106	OK	 
REQUEST		AddToCart2	1612438970981	1612438971141	OK	 
REQUEST		GetToken	1612438970749	1612438971169	OK	 
USER	GeneralAdmission1	START	1612438971195
REQUEST		AddToCart2	1612438971013	1612438971318	OK	 
REQUEST		AddToCart2	1612438971028	1612438971318	OK	 
REQUEST		AddToCart2	1612438971013	1612438971323	OK	 
REQUEST		AddToCart	1612438971042	1612438971325	OK	 
REQUEST		AddToCart2	1612438971042	1612438971329	OK	 
REQUEST		AddToCart2	1612438971073	1612438971331	OK	 
REQUEST		GetToken	1612438970860	1612438971364	OK	 
USER	GeneralAdmission1	START	1612438971376
USER	GeneralAdmission1	START	1612438971395
REQUEST		AddToCart	1612438971135	1612438971415	OK	 
REQUEST		AddToCart2	1612438971134	1612438971428	OK	 
USER	GeneralAdmission1	START	1612438971504
USER	GeneralAdmission1	START	1612438971598
REQUEST		AddToCart	1612438971396	1612438971629	OK	 
USER	GeneralAdmission1	START	1612438971704
REQUEST		AddToCart	1612438971520	1612438971747	OK	 
REQUEST		GetToken	1612438970981	1612438971749	OK	 
USER	GeneralAdmission1	START	1612438971797
USER	GeneralAdmission1	START	1612438971907
USER	GeneralAdmission1	START	1612438971999
REQUEST		AddToCart	1612438971720	1612438972034	OK	 
USER	GeneralAdmission1	START	1612438972095
REQUEST		GetToken	1612438971090	1612438972103	OK	 
REQUEST		AddToCart	1612438971754	1612438972105	OK	 
REQUEST		GetToken	1612438971195	1612438972160	OK	 
REQUEST		AddToCart	1612438971891	1612438972162	OK	 
USER	GeneralAdmission1	START	1612438972202
USER	GeneralAdmission1	START	1612438972312
REQUEST		AddToCart	1612438972062	1612438972333	OK	 
REQUEST		GetToken	1612438971377	1612438972364	OK	 
REQUEST		AddToCart	1612438972125	1612438972379	OK	 
REQUEST		AddToCart	1612438972157	1612438972397	OK	 
REQUEST		GetToken	1612438971397	1612438972400	OK	 
USER	GeneralAdmission1	START	1612438972418
REQUEST		GetToken	1612438971505	1612438972515	OK	 
REQUEST		AddToCart	1612438972264	1612438972532	OK	 
USER	GeneralAdmission1	START	1612438972528
REQUEST		AddToCart2	1612438972295	1612438972564	OK	 
REQUEST		AddToCart2	1612438972315	1612438972566	OK	 
REQUEST		GetToken	1612438971598	1612438972610	OK	 
REQUEST		AddToCart	1612438972378	1612438972616	OK	 
USER	GeneralAdmission1	START	1612438972639
REQUEST		AddToCart2	1612438972407	1612438972652	OK	 
REQUEST		AddToCart2	1612438972462	1612438972703	OK	 
REQUEST		GetToken	1612438971705	1612438972720	OK	 
USER	GeneralAdmission1	START	1612438972751
REQUEST		AddToCart2	1612438972531	1612438972759	OK	 
REQUEST		AddToCart2	1612438972578	1612438972777	OK	 
REQUEST		GetToken	1612438971798	1612438972777	OK	 
REQUEST		AddToCart2	1612438972601	1612438972821	OK	 
REQUEST		GetToken	1612438971909	1612438972821	OK	 
USER	GeneralAdmission1	START	1612438972871
REQUEST		AddToCart2	1612438972641	1612438972920	OK	 
REQUEST		AddToCart2	1612438972644	1612438972920	OK	 
REQUEST		AddToCart	1612438972684	1612438972929	OK	 
REQUEST		GetToken	1612438972000	1612438972979	OK	 
USER	GeneralAdmission1	START	1612438972980
REQUEST		AddToCart2	1612438972734	1612438973070	OK	 
USER	GeneralAdmission1	START	1612438973088
REQUEST		AddToCart2	1612438972734	1612438973182	OK	 
USER	GeneralAdmission1	START	1612438973195
REQUEST		AddToCart2	1612438972736	1612438973228	OK	 
REQUEST		AddToCart	1612438972749	1612438973253	OK	 
REQUEST		AddToCart2	1612438972749	1612438973261	OK	 
REQUEST		GetToken	1612438972095	1612438973261	OK	 
REQUEST		AddToCart2	1612438972750	1612438973278	OK	 
REQUEST		AddToCart2	1612438972749	1612438973303	OK	 
REQUEST		AddToCart2	1612438972781	1612438973303	OK	 
REQUEST		AddToCart2	1612438972767	1612438973303	OK	 
USER	GeneralAdmission1	START	1612438973301
REQUEST		AddToCart2	1612438972781	1612438973366	OK	 
REQUEST		GetToken	1612438972203	1612438973374	OK	 
REQUEST		AddToCart2	1612438972796	1612438973386	OK	 
USER	GeneralAdmission1	START	1612438973395
REQUEST		AddToCart	1612438972841	1612438973415	OK	 
REQUEST		AddToCart2	1612438972965	1612438973480	OK	 
USER	GeneralAdmission1	START	1612438973504
USER	GeneralAdmission1	START	1612438973596
REQUEST		GetToken	1612438972313	1612438973631	OK	 
REQUEST		AddToCart	1612438972965	1612438973635	OK	 
REQUEST		CreateGeneral	1612438972718	1612438973635	OK	 
REQUEST		AddToCart	1612438972965	1612438973668	OK	 
REQUEST		GetToken	1612438972420	1612438973668	OK	 
REQUEST		CreateGeneral	1612438972860	1612438973670	OK	 
USER	GeneralAdmission1	START	1612438973704
REQUEST		AddToCart2	1612438973012	1612438973746	OK	 
REQUEST		AddToCart2	1612438973068	1612438973748	OK	 
REQUEST		CreateGeneral	1612438972903	1612438973750	OK	 
REQUEST		GetToken	1612438972532	1612438973759	OK	 
REQUEST		CreateGeneral	1612438973012	1612438973761	OK	 
REQUEST		AddToCart2	1612438972858	1612438973762	OK	 
REQUEST		CreateGeneral	1612438972858	1612438973763	OK	 
REQUEST		CreateGeneral	1612438973012	1612438973769	OK	 
USER	GeneralAdmission1	START	1612438973796
REQUEST		AddToCart	1612438973043	1612438973865	OK	 
REQUEST		GetToken	1612438972641	1612438973866	OK	 
REQUEST		AddToCart2	1612438973104	1612438973868	OK	 
USER	GeneralAdmission1	START	1612438973905
USER	GeneralAdmission1	START	1612438973998
REQUEST		AddToCart	1612438973166	1612438974062	OK	 
REQUEST		CreateGeneral	1612438972998	1612438974062	OK	 
REQUEST		AddToCart2	1612438973210	1612438974065	OK	 
USER	GeneralAdmission1	START	1612438974092
REQUEST		AddToCart	1612438973228	1612438974160	OK	 
USER	GeneralAdmission1	START	1612438974201
REQUEST		GetToken	1612438972751	1612438974254	OK	 
REQUEST		CreateGeneral	1612438973151	1612438974256	OK	 
REQUEST		CreateGeneral	1612438973014	1612438974261	OK	 
REQUEST		CreateGeneral	1612438973134	1612438974270	OK	 
REQUEST		GetToken	1612438972874	1612438974293	OK	 
REQUEST		AddToCart2	1612438973334	1612438974299	OK	 
REQUEST		GetToken	1612438972983	1612438974299	OK	 
USER	GeneralAdmission1	START	1612438974309
REQUEST		AddToCart2	1612438973364	1612438974313	OK	 
REQUEST		AddToCart2	1612438973334	1612438974313	OK	 
REQUEST		CreateGeneral	1612438973153	1612438974313	OK	 
REQUEST		CreateGeneral	1612438973012	1612438974316	OK	 
REQUEST		AddToCart2	1612438973397	1612438974319	OK	 
REQUEST		CreateGeneral	1612438973308	1612438974322	OK	 
REQUEST		AddToCart	1612438973398	1612438974328	OK	 
REQUEST		AddToCart	1612438973505	1612438974329	OK	 
REQUEST		CreateGeneral	1612438973072	1612438974329	OK	 
REQUEST		GetToken	1612438973088	1612438974329	OK	 
REQUEST		CreateGeneral	1612438973151	1612438974330	OK	 
REQUEST		AddToCart	1612438973413	1612438974334	OK	 
REQUEST		AddToCart2	1612438973428	1612438974334	OK	 
REQUEST		AddToCart	1612438973645	1612438974336	OK	 
REQUEST		GetToken	1612438973198	1612438974337	OK	 
REQUEST		CreateGeneral	1612438973151	1612438974343	OK	 
REQUEST		GetToken	1612438973505	1612438974343	OK	 
REQUEST		GetToken	1612438973303	1612438974346	OK	 
REQUEST		CreateGeneral	1612438972734	1612438974354	OK	 
REQUEST		GetToken	1612438973597	1612438974357	OK	 
REQUEST		AddToCart	1612438973705	1612438974379	OK	 
REQUEST		AddToCart2	1612438973827	1612438974395	OK	 
USER	GeneralAdmission1	START	1612438974415
REQUEST		GetToken	1612438973705	1612438974465	OK	 
REQUEST		GetToken	1612438973796	1612438974469	OK	 
REQUEST		AddToCart2	1612438973877	1612438974476	OK	 
REQUEST		AddToCart2	1612438973844	1612438974496	OK	 
REQUEST		AddToCart2	1612438973892	1612438974505	OK	 
USER	GeneralAdmission1	START	1612438974524
REQUEST		CreateGeneral	1612438973675	1612438974610	OK	 
REQUEST		AddToCart2	1612438974014	1612438974626	OK	 
REQUEST		GetToken	1612438973998	1612438974637	OK	 
REQUEST		AddToCart	1612438974217	1612438974642	OK	 
REQUEST		GetToken	1612438973907	1612438974643	OK	 
REQUEST		GetToken	1612438974094	1612438974643	OK	 
REQUEST		AddToCart	1612438974172	1612438974645	OK	 
REQUEST		AddToCart	1612438974079	1612438974645	OK	 
REQUEST		AddToCart	1612438974250	1612438974646	OK	 
USER	GeneralAdmission1	START	1612438974647
REQUEST		AddToCart	1612438974124	1612438974652	OK	 
REQUEST		AddToCart2	1612438974432	1612438974675	OK	 
REQUEST		AddToCart2	1612438974335	1612438974676	OK	 
REQUEST		GetToken	1612438974312	1612438974692	OK	 
REQUEST		GetToken	1612438974203	1612438974720	OK	 
USER	GeneralAdmission1	START	1612438974757
REQUEST		AddToCart	1612438974600	1612438974761	OK	 
REQUEST		GetToken	1612438974416	1612438974778	OK	 
REQUEST		CreateGeneral	1612438974248	1612438974816	OK	 
REQUEST		AddToCart2	1612438974635	1612438974816	OK	 
REQUEST		AddToCart	1612438974652	1612438974823	OK	 
REQUEST		AddToCart	1612438974697	1612438974835	OK	 
USER	GeneralAdmission1	START	1612438974865
REQUEST		GetToken	1612438974525	1612438974867	OK	 
REQUEST		AddToCart2	1612438974757	1612438974931	OK	 
REQUEST		CreateGeneral	1612438974601	1612438974933	OK	 
REQUEST		GetToken	1612438974651	1612438974933	OK	 
REQUEST		CreateGeneral	1612438974654	1612438974960	OK	 
USER	GeneralAdmission1	START	1612438974980
REQUEST		GetToken	1612438974758	1612438975010	OK	 
USER	GeneralAdmission1	START	1612438975081
REQUEST		AddToCart	1612438974913	1612438975148	OK	 
REQUEST		AddToCart	1612438974960	1612438975148	OK	 
REQUEST		AddToCart	1612438974912	1612438975149	OK	 
USER	GeneralAdmission1	START	1612438975204
REQUEST		AddToCart	1612438975068	1612438975270	OK	 
REQUEST		AddToCart2	1612438975051	1612438975284	OK	 
USER	GeneralAdmission1	START	1612438975296
REQUEST		AddToCart	1612438974979	1612438975301	OK	 
REQUEST		AddToCart2	1612438975114	1612438975340	OK	 
REQUEST		AddToCart2	1612438975174	1612438975340	OK	 
REQUEST		GetToken	1612438974865	1612438975349	OK	 
REQUEST		CreateGeneral	1612438974978	1612438975361	OK	 
REQUEST		CreateGeneral	1612438974978	1612438975387	OK	 
USER	GeneralAdmission1	START	1612438975403
REQUEST		CreateGeneral	1612438975129	1612438975412	OK	 
REQUEST		CreateGeneral	1612438975130	1612438975438	OK	 
REQUEST		CreateGeneral	1612438974776	1612438975452	OK	 
USER	GeneralAdmission1	START	1612438975495
REQUEST		CreateGeneral	1612438975098	1612438975500	OK	 
REQUEST		CreateGeneral	1612438975152	1612438975514	OK	 
USER	GeneralAdmission1	START	1612438975602
REQUEST		AddToCart	1612438975346	1612438975612	OK	 
REQUEST		AddToCart2	1612438975409	1612438975626	OK	 
REQUEST		AddToCart	1612438975299	1612438975625	OK	 
REQUEST		AddToCart2	1612438975345	1612438975626	OK	 
REQUEST		AddToCart	1612438975435	1612438975642	OK	 
REQUEST		AddToCart2	1612438975392	1612438975643	OK	 
REQUEST		AddToCart	1612438975451	1612438975666	OK	 
USER	GeneralAdmission1	START	1612438975695
REQUEST		AddToCart	1612438975513	1612438975773	OK	 
USER	GeneralAdmission1	START	1612438975801
REQUEST		GetToken	1612438975084	1612438975818	OK	 
REQUEST		GetToken	1612438974980	1612438975820	OK	 
REQUEST		CreateGeneral	1612438975348	1612438975823	OK	 
REQUEST		CreateGeneral	1612438975346	1612438975823	OK	 
REQUEST		AddToCart2	1612438975543	1612438975827	OK	 
REQUEST		CreateGeneral	1612438975347	1612438975830	OK	 
REQUEST		AddToCart	1612438975558	1612438975845	OK	 
REQUEST		CreateGeneral	1612438975347	1612438975846	OK	 
REQUEST		CreateGeneral	1612438975346	1612438975846	OK	 
REQUEST		AddToCart	1612438975558	1612438975846	OK	 
REQUEST		AddToCart	1612438975650	1612438975867	OK	 
REQUEST		GetToken	1612438975205	1612438975867	OK	 
REQUEST		CreateGeneral	1612438975451	1612438975871	OK	 
REQUEST		AddToCart2	1612438975635	1612438975874	OK	 
REQUEST		GetToken	1612438975299	1612438975873	OK	 
USER	GeneralAdmission1	START	1612438975892
REQUEST		AddToCart	1612438975787	1612438975897	OK	 
REQUEST		GetToken	1612438975407	1612438975992	OK	 
USER	GeneralAdmission1	START	1612438976001
REQUEST		GetToken	1612438975495	1612438976011	OK	 
REQUEST		AddToCart2	1612438975940	1612438976088	OK	 
USER	GeneralAdmission1	START	1612438976092
REQUEST		AddToCart	1612438975956	1612438976096	OK	 
REQUEST		GetToken	1612438975602	1612438976123	OK	 
REQUEST		AddToCart	1612438975988	1612438976126	OK	 
REQUEST		GetToken	1612438973398	1612438976126	OK	 
USER	GeneralAdmission1	START	1612438976201
REQUEST		AddToCart	1612438976062	1612438976205	OK	 
REQUEST		GetToken	1612438975696	1612438976256	OK	 
REQUEST		GetToken	1612438975803	1612438976291	OK	 
USER	GeneralAdmission1	START	1612438976310
REQUEST		AddToCart	1612438976185	1612438976380	OK	 
USER	GeneralAdmission1	START	1612438976418
REQUEST		AddToCart2	1612438976266	1612438976440	OK	 
REQUEST		GetToken	1612438975893	1612438976474	OK	 
REQUEST		CreateGeneral	1612438974978	1612438976515	OK	 
USER	GeneralAdmission1	START	1612438976527
REQUEST		AddToCart	1612438976370	1612438976559	OK	 
REQUEST		AddToCart2	1612438976418	1612438976584	OK	 
REQUEST		GetToken	1612438976003	1612438976628	OK	 
USER	GeneralAdmission1	START	1612438976651
USER	GeneralAdmission1	START	1612438976758
REQUEST		GetToken	1612438976096	1612438976848	OK	 
USER	GeneralAdmission1	START	1612438976865
REQUEST		AddToCart2	1612438976653	1612438976949	OK	 
USER	GeneralAdmission1	START	1612438976973
REQUEST		CreateGeneral	1612438976578	1612438976975	OK	 
REQUEST		AddToCart2	1612438976684	1612438976998	OK	 
REQUEST		CreateGeneral	1612438976577	1612438976998	OK	 
REQUEST		GetToken	1612438976202	1612438976998	OK	 
USER	GeneralAdmission1	START	1612438977082
REQUEST		AddToCart	1612438976759	1612438977108	OK	 
REQUEST		GetToken	1612438976311	1612438977151	OK	 
USER	GeneralAdmission1	START	1612438977205
REQUEST		AddToCart2	1612438976882	1612438977244	OK	 
REQUEST		CreateGeneral	1612438976852	1612438977281	OK	 
REQUEST		AddToCart2	1612438977067	1612438977293	OK	 
REQUEST		CreateGeneral	1612438976944	1612438977293	OK	 
USER	GeneralAdmission1	START	1612438977299
REQUEST		AddToCart	1612438977116	1612438977350	OK	 
REQUEST		CreateGeneral	1612438976944	1612438977351	OK	 
USER	GeneralAdmission1	START	1612438977392
REQUEST		AddToCart	1612438977177	1612438977452	OK	 
REQUEST		AddToCart2	1612438977177	1612438977452	OK	 
REQUEST		CreateGeneral	1612438976669	1612438977458	OK	 
USER	GeneralAdmission1	START	1612438977499
REQUEST		CreateGeneral	1612438977098	1612438977510	OK	 
REQUEST		GetToken	1612438976530	1612438977517	OK	 
REQUEST		CreateGeneral	1612438976789	1612438977578	OK	 
REQUEST		CreateGeneral	1612438976728	1612438977593	OK	 
REQUEST		CreateGeneral	1612438977205	1612438977597	OK	 
REQUEST		CreateGeneral	1612438976806	1612438977597	OK	 
USER	GeneralAdmission1	START	1612438977597
REQUEST		AddToCart2	1612438977348	1612438977636	OK	 
REQUEST		CreateGeneral	1612438977252	1612438977636	OK	 
REQUEST		AddToCart2	1612438977348	1612438977650	OK	 
USER	GeneralAdmission1	START	1612438977701
REQUEST		AddToCart	1612438977377	1612438977710	OK	 
REQUEST		AddToCart2	1612438977348	1612438977710	OK	 
REQUEST		AddToCart2	1612438977395	1612438977710	OK	 
REQUEST		AddToCart2	1612438977348	1612438977714	OK	 
REQUEST		CreateGeneral	1612438977270	1612438977714	OK	 
REQUEST		AddToCart	1612438977409	1612438977720	OK	 
REQUEST		CreateGeneral	1612438977286	1612438977728	OK	 
REQUEST		GetToken	1612438976653	1612438977736	OK	 
REQUEST		CreateGeneral	1612438977330	1612438977737	OK	 
REQUEST		CreateGeneral	1612438977330	1612438977775	OK	 
REQUEST		CreateGeneral	1612438977331	1612438977778	OK	 
REQUEST		AddToCart	1612438977520	1612438977784	OK	 
REQUEST		GetToken	1612438976419	1612438977786	OK	 
REQUEST		CreateGeneral	1612438977376	1612438977788	OK	 
USER	GeneralAdmission1	START	1612438977796
REQUEST		CreateGeneral	1612438977424	1612438977799	OK	 
REQUEST		GetToken	1612438976760	1612438977852	OK	 
REQUEST		AddToCart	1612438977625	1612438977876	OK	 
REQUEST		CreateGeneral	1612438977499	1612438977876	OK	 
REQUEST		GetToken	1612438976868	1612438977896	OK	 
USER	GeneralAdmission1	START	1612438977904
USER	GeneralAdmission1	START	1612438977997
USER	GeneralAdmission1	START	1612438978105
USER	GeneralAdmission1	START	1612438978196
USER	GeneralAdmission1	START	1612438978303
REQUEST		AddToCart2	1612438977653	1612438978426	OK	 
USER	GeneralAdmission1	START	1612438978427
USER	GeneralAdmission1	START	1612438978534
USER	GeneralAdmission1	START	1612438978642
REQUEST		AddToCart2	1612438977657	1612438978710	OK	 
REQUEST		AddToCart2	1612438977825	1612438978710	OK	 
REQUEST		AddToCart2	1612438977656	1612438978742	OK	 
REQUEST		AddToCart2	1612438977656	1612438978742	OK	 
REQUEST		AddToCart2	1612438977656	1612438978744	OK	 
REQUEST		BookingDetails	1612438977687	1612438978744	OK	 
USER	GeneralAdmission1	START	1612438978750
REQUEST		BookingDetails	1612438977765	1612438978854	OK	 
REQUEST		AddToCart	1612438977736	1612438978854	OK	 
REQUEST		BookingDetails	1612438977784	1612438978854	OK	 
USER	GeneralAdmission1	START	1612438978859
REQUEST		BookingDetails	1612438977784	1612438978922	OK	 
REQUEST		BookingDetails	1612438977784	1612438978923	OK	 
REQUEST		BookingDetails	1612438977650	1612438978923	OK	 
REQUEST		AddToCart	1612438977799	1612438978923	OK	 
REQUEST		AddToCart2	1612438977765	1612438978924	OK	 
REQUEST		GetToken	1612438976973	1612438978960	OK	 
USER	GeneralAdmission1	START	1612438978968
REQUEST		GetToken	1612438977206	1612438979023	OK	 
REQUEST		GetToken	1612438977395	1612438979061	OK	 
USER	GeneralAdmission1	START	1612438979088
REQUEST		GetToken	1612438977084	1612438979220	OK	 
REQUEST		GetToken	1612438977500	1612438979237	OK	 
REQUEST		GetToken	1612438977301	1612438979240	OK	 
REQUEST		AddToCart2	1612438977843	1612438979290	OK	 
REQUEST		CreateGeneral	1612438977764	1612438979290	OK	 
REQUEST		CreateGeneral	1612438977766	1612438979312	OK	 
REQUEST		GetToken	1612438977597	1612438979635	OK	 
REQUEST		AddToCart	1612438977843	1612438979726	OK	 
REQUEST		CreateGeneral	1612438977784	1612438979726	OK	 
REQUEST		GetToken	1612438977702	1612438979729	OK	 
REQUEST		AddToCart	1612438977997	1612438979961	OK	 
REQUEST		AddToCart2	1612438978166	1612438980143	OK	 
REQUEST		BookingDetails	1612438978272	1612438980145	OK	 
REQUEST		BookingDetails	1612438978069	1612438980160	OK	 
REQUEST		GetToken	1612438977799	1612438980172	OK	 
REQUEST		AddToCart2	1612438978165	1612438980193	OK	 
REQUEST		BookingDetails	1612438978275	1612438980193	OK	 
REQUEST		AddToCart2	1612438978166	1612438980215	OK	 
REQUEST		BookingDetails	1612438978273	1612438980507	OK	 
REQUEST		GetToken	1612438977906	1612438980522	OK	 
REQUEST		GetToken	1612438978196	1612438980528	OK	 
REQUEST		GetToken	1612438977997	1612438980529	OK	 
REQUEST		GetToken	1612438978304	1612438980536	OK	 
REQUEST		GetToken	1612438978107	1612438980536	OK	 
REQUEST		AddToCart2	1612438978275	1612438980715	OK	 
REQUEST		AddToCart	1612438978273	1612438980850	OK	 
REQUEST		AddToCart2	1612438978303	1612438980982	OK	 
REQUEST		CreateGeneral	1612438978504	1612438980982	OK	 
REQUEST		BookingDetails	1612438978336	1612438980985	OK	 
REQUEST		BookingDetails	1612438978353	1612438980986	OK	 
REQUEST		CreateGeneral	1612438978091	1612438980989	OK	 
REQUEST		CreateGeneral	1612438977873	1612438980994	OK	 
REQUEST		CreateGeneral	1612438978368	1612438980994	OK	 
REQUEST		CreateGeneral	1612438978337	1612438981359	OK	 
REQUEST		BookingDetails	1612438978338	1612438981385	OK	 
REQUEST		BookingDetails	1612438978619	1612438981385	OK	 
REQUEST		CreateGeneral	1612438978321	1612438981385	OK	 
REQUEST		BookingDetails	1612438978322	1612438981390	OK	 
REQUEST		GetToken	1612438978432	1612438981390	OK	 
REQUEST		BookingDetails	1612438978339	1612438981562	OK	 
REQUEST		GetToken	1612438978644	1612438981565	OK	 
REQUEST		CreateGeneral	1612438978338	1612438981580	OK	 
REQUEST		AddToCart	1612438978766	1612438981656	OK	 
REQUEST		AddToCart	1612438978383	1612438981732	OK	 
REQUEST		ConfirmPayment	1612438978924	1612438981738	OK	 
REQUEST		GetToken	1612438978861	1612438981788	OK	 
REQUEST		BookingDetails	1612438978368	1612438981802	OK	 
REQUEST		GetToken	1612438978969	1612438981808	OK	 
REQUEST		GetToken	1612438978753	1612438981816	OK	 
REQUEST		GetToken	1612438978536	1612438981816	OK	 
REQUEST		BookingDetails	1612438978353	1612438981817	OK	 
REQUEST		AddToCart2	1612438978629	1612438981925	OK	 
REQUEST		AddToCart	1612438978645	1612438981956	OK	 
REQUEST		AddToCart2	1612438978645	1612438982151	OK	 
REQUEST		ConfirmPayment	1612438978857	1612438982152	OK	 
REQUEST		AddToCart2	1612438978650	1612438982453	OK	 
REQUEST		CreateGeneral	1612438978414	1612438982685	OK	 
REQUEST		AddToCart2	1612438978671	1612438982715	OK	 
REQUEST		CreateGeneral	1612438978521	1612438982715	OK	 
REQUEST		CreateGeneral	1612438978336	1612438982719	OK	 
REQUEST		AddToCart	1612438978676	1612438982749	OK	 
REQUEST		GetToken	1612438979089	1612438982912	OK	 
REQUEST		CreateGeneral	1612438979306	1612438982917	OK	 
REQUEST		CreateGeneral	1612438978705	1612438983134	OK	 
REQUEST		CreateGeneral	1612438978690	1612438983280	OK	 
REQUEST		CreateGeneral	1612438978521	1612438983291	OK	 
REQUEST		BookingDetails	1612438978949	1612438983293	OK	 
REQUEST		AddToCart2	1612438978904	1612438983296	OK	 
REQUEST		ConfirmPayment	1612438978747	1612438983296	OK	 
REQUEST		AddToCart2	1612438978876	1612438983305	OK	 
REQUEST		AddToCart2	1612438978861	1612438983333	OK	 
REQUEST		BookingDetails	1612438978828	1612438983333	OK	 
REQUEST		ConfirmPayment	1612438978857	1612438983337	OK	 
REQUEST		ConfirmPayment	1612438978927	1612438983340	OK	 
REQUEST		AddToCart2	1612438978783	1612438983396	OK	 
REQUEST		AddToCart	1612438979350	1612438983396	OK	 
REQUEST		AddToCart	1612438978876	1612438983398	OK	 
REQUEST		AddToCart	1612438979351	1612438983398	OK	 
REQUEST		AddToCart2	1612438978857	1612438983399	OK	 
REQUEST		CreateGeneral	1612438978844	1612438983436	OK	 
REQUEST		CreateGeneral	1612438978644	1612438983436	OK	 
REQUEST		AddToCart2	1612438979567	1612438983656	OK	 
REQUEST		BookingDetails	1612438979443	1612438983656	OK	 
REQUEST		AddToCart2	1612438979104	1612438983843	OK	 
REQUEST		CreateGeneral	1612438979849	1612438983843	OK	 
REQUEST		CreateGeneral	1612438978950	1612438983906	OK	 
REQUEST		AddToCart2	1612438979132	1612438984202	OK	 
REQUEST		CreateGeneral	1612438979368	1612438984205	OK	 
REQUEST		AddToCart2	1612438979211	1612438984207	OK	 
REQUEST		BookingDetails	1612438978968	1612438984228	OK	 
REQUEST		AddToCart	1612438979261	1612438984295	OK	 
REQUEST		AddToCart	1612438979351	1612438984305	OK	 
REQUEST		ConfirmPayment	1612438978927	1612438984533	OK	 
REQUEST		AddToCart	1612438979306	1612438984534	OK	 
REQUEST		AddToCart	1612438979370	1612438984536	OK	 
REQUEST		BookingDetails	1612438979831	1612438984551	OK	 
REQUEST		AddToCart	1612438979306	1612438984554	OK	 
REQUEST		CreateGeneral	1612438979665	1612438984554	OK	 
REQUEST		AddToCart	1612438979351	1612438984610	OK	 
REQUEST		AddToCart2	1612438979397	1612438984616	OK	 
REQUEST		CreateGeneral	1612438979881	1612438984617	OK	 
REQUEST		BookingDetails	1612438979833	1612438984619	OK	 
REQUEST		BookingDetails	1612438979396	1612438984650	OK	 
REQUEST		BookingDetails	1612438979427	1612438984652	OK	 
REQUEST		BookingDetails	1612438979864	1612438984651	OK	 
REQUEST		BookingDetails	1612438979368	1612438984652	OK	 
REQUEST		BookingDetails	1612438979460	1612438984737	OK	 
REQUEST		CreateGeneral	1612438979664	1612438984763	OK	 
REQUEST		AddToCart2	1612438980126	1612438984806	OK	 
REQUEST		ConfirmPayment	1612438980161	1612438984805	OK	 
REQUEST		ConfirmPayment	1612438980146	1612438984806	OK	 
REQUEST		AddToCart	1612438979475	1612438984807	OK	 
REQUEST		CreateGeneral	1612438979649	1612438984807	OK	 
REQUEST		AddToCart	1612438979475	1612438984918	OK	 
REQUEST		BookingDetails	1612438979522	1612438984956	OK	 
REQUEST		BookingDetails	1612438979505	1612438984956	OK	 
REQUEST		AddToCart	1612438979650	1612438985025	OK	 
REQUEST		CreateGeneral	1612438979369	1612438985025	OK	 
REQUEST		ConfirmPayment	1612438980195	1612438985029	OK	 
REQUEST		AddToCart	1612438979666	1612438985083	OK	 
REQUEST		ConfirmPayment	1612438980987	1612438985083	OK	 
REQUEST		AddToCart	1612438979740	1612438985247	OK	 
REQUEST		AddToCart	1612438979664	1612438985364	OK	 
REQUEST		BookingDetails	1612438979864	1612438985364	OK	 
REQUEST		AddToCart	1612438979708	1612438985364	OK	 
REQUEST		BookingDetails	1612438979830	1612438985368	OK	 
REQUEST		AddToCart	1612438979879	1612438985387	OK	 
REQUEST		AddToCart2	1612438980354	1612438985388	OK	 
REQUEST		AddToCart	1612438980355	1612438985388	OK	 
REQUEST		ConfirmPayment	1612438981388	1612438985390	OK	 
REQUEST		AddToCart	1612438979783	1612438985403	OK	 
REQUEST		BookingDetails	1612438979879	1612438985521	OK	 
USER	GeneralAdmission1	END	1612438985757
REQUEST		AddToCart	1612438980015	1612438985807	OK	 
REQUEST		AddToCart	1612438979938	1612438985829	OK	 
REQUEST		CreateGeneral	1612438981677	1612438986010	KO	status.find.is(200), but actually found 400
REQUEST		ConfirmPayment	1612438980508	1612438986018	OK	 
REQUEST		AddToCart2	1612438980466	1612438986018	OK	 
REQUEST		AddToCart2	1612438980731	1612438986021	OK	 
REQUEST		BookingDetails	1612438980528	1612438986035	OK	 
REQUEST		ConfirmPayment	1612438981563	1612438986035	OK	 
REQUEST		CreateGeneral	1612438980449	1612438986035	OK	 
REQUEST		ConfirmPayment	1612438981388	1612438986128	OK	 
REQUEST		ConfirmPayment	1612438981392	1612438986141	OK	 
USER	GeneralAdmission1	END	1612438986158
REQUEST		BookingDetails	1612438980989	1612438986237	OK	 
REQUEST		AddToCart	1612438980995	1612438986237	OK	 
REQUEST		BookingDetails	1612438981009	1612438986293	OK	 
REQUEST		CreateGeneral	1612438980601	1612438986319	OK	 
REQUEST		AddToCart	1612438981024	1612438986363	OK	 
REQUEST		AddToCart	1612438981131	1612438986373	OK	 
REQUEST		AddToCart	1612438981132	1612438986373	OK	 
REQUEST		AddToCart	1612438980883	1612438986418	OK	 
REQUEST		AddToCart	1612438980835	1612438986419	OK	 
REQUEST		AddToCart	1612438980882	1612438986467	OK	 
REQUEST		CreateGeneral	1612438981321	1612438986467	OK	 
REQUEST		AddToCart2	1612438980789	1612438986474	OK	 
REQUEST		CreateGeneral	1612438980109	1612438986474	OK	 
REQUEST		BookingDetails	1612438981305	1612438986495	OK	 
REQUEST		ConfirmPayment	1612438981820	1612438986495	OK	 
REQUEST		AddToCart	1612438981272	1612438986495	OK	 
REQUEST		ConfirmPayment	1612438980989	1612438986495	OK	 
REQUEST		ConfirmPayment	1612438981804	1612438986499	OK	 
REQUEST		AddToCart2	1612438980730	1612438986500	OK	 
REQUEST		BookingDetails	1612438981521	1612438986551	OK	 
REQUEST		CreateGeneral	1612438981677	1612438986550	OK	 
REQUEST		AddToCart	1612438981477	1612438986577	OK	 
REQUEST		BookingDetails	1612438981476	1612438986579	OK	 
REQUEST		CreateGeneral	1612438981474	1612438986582	OK	 
REQUEST		BookingDetails	1612438981582	1612438986648	OK	 
REQUEST		CreateGeneral	1612438981738	1612438986650	OK	 
REQUEST		CreateGeneral	1612438981737	1612438986658	OK	 
REQUEST		BookingDetails	1612438981599	1612438986894	OK	 
REQUEST		CreateGeneral	1612438981274	1612438986930	OK	 
REQUEST		BookingDetails	1612438981616	1612438986931	OK	 
REQUEST		CreateGeneral	1612438981737	1612438986930	OK	 
REQUEST		BookingDetails	1612438981662	1612438986934	OK	 
REQUEST		AddToCart	1612438981644	1612438986947	OK	 
REQUEST		BookingDetails	1612438981739	1612438986947	OK	 
REQUEST		CreateGeneral	1612438980975	1612438986947	OK	 
REQUEST		BookingDetails	1612438981720	1612438986950	OK	 
REQUEST		AddToCart2	1612438980883	1612438987034	OK	 
REQUEST		BookingDetails	1612438981290	1612438987034	OK	 
REQUEST		BookingDetails	1612438981781	1612438987044	OK	 
REQUEST		CreateGeneral	1612438981024	1612438987045	OK	 
REQUEST		BookingDetails	1612438981364	1612438987045	OK	 
REQUEST		AddToCart	1612438981305	1612438987066	OK	 
REQUEST		BookingDetails	1612438981752	1612438987066	OK	 
REQUEST		BookingDetails	1612438981799	1612438987066	OK	 
REQUEST		AddToCart	1612438980836	1612438987075	OK	 
REQUEST		AddToCart	1612438982154	1612438987129	OK	 
REQUEST		AddToCart	1612438982015	1612438987129	OK	 
REQUEST		ConfirmPayment	1612438983295	1612438987136	OK	 
REQUEST		CreateGeneral	1612438982435	1612438987251	OK	 
REQUEST		CreateGeneral	1612438982742	1612438987254	OK	 
REQUEST		BookingDetails	1612438981799	1612438987264	OK	 
REQUEST		AddToCart	1612438982527	1612438987264	OK	 
USER	GeneralAdmission1	END	1612438987313
USER	GeneralAdmission1	END	1612438987347
USER	GeneralAdmission1	END	1612438987347
REQUEST		AddToCart2	1612438981860	1612438987359	OK	 
REQUEST		BookingDetails	1612438981805	1612438987359	OK	 
REQUEST		AddToCart	1612438982742	1612438987359	OK	 
REQUEST		BookingDetails	1612438981616	1612438987362	OK	 
REQUEST		BookingDetails	1612438981891	1612438987367	OK	 
REQUEST		ConfirmPayment	1612438983658	1612438987369	OK	 
REQUEST		AddToCart2	1612438982741	1612438987370	OK	 
REQUEST		AddToCart	1612438981861	1612438987390	OK	 
REQUEST		AddToCart	1612438982910	1612438987448	OK	 
REQUEST		AddToCart	1612438982803	1612438987448	OK	 
REQUEST		AddToCart2	1612438981939	1612438987450	OK	 
REQUEST		AddToCart2	1612438982974	1612438987464	OK	 
REQUEST		ConfirmPayment	1612438984229	1612438987464	OK	 
REQUEST		AddToCart	1612438984076	1612438987464	OK	 
REQUEST		AddToCart	1612438982864	1612438987465	OK	 
REQUEST		CreateGeneral	1612438982956	1612438987704	OK	 
REQUEST		ConfirmPayment	1612438983337	1612438987963	OK	 
REQUEST		BookingDetails	1612438983298	1612438987963	OK	 
REQUEST		BookingDetails	1612438983318	1612438987970	OK	 
REQUEST		ConfirmPayment	1612438984553	1612438988196	OK	 
REQUEST		ConfirmPayment	1612438984621	1612438988198	OK	 
REQUEST		BookingDetails	1612438983734	1612438988206	OK	 
REQUEST		CreateGeneral	1612438983318	1612438988206	OK	 
REQUEST		CreateGeneral	1612438982773	1612438988207	OK	 
REQUEST		ConfirmPayment	1612438984656	1612438988210	OK	 
REQUEST		ConfirmPayment	1612438984656	1612438988211	OK	 
REQUEST		CreateGeneral	1612438982774	1612438988211	OK	 
REQUEST		ConfirmPayment	1612438984738	1612438988215	OK	 
REQUEST		ConfirmPayment	1612438984958	1612438988217	OK	 
REQUEST		CreateGeneral	1612438982774	1612438988219	OK	 
REQUEST		ConfirmPayment	1612438984656	1612438988220	OK	 
REQUEST		AddToCart	1612438983967	1612438988223	OK	 
REQUEST		ConfirmPayment	1612438984958	1612438988245	OK	 
REQUEST		AddToCart	1612438984030	1612438988245	OK	 
REQUEST		ConfirmPayment	1612438984656	1612438988245	OK	 
REQUEST		AddToCart2	1612438983862	1612438988250	OK	 
USER	GeneralAdmission1	END	1612438988541
REQUEST		BookingDetails	1612438985583	1612438988735	OK	 
REQUEST		AddToCart	1612438985540	1612438988763	OK	 
REQUEST		ConfirmPayment	1612438985370	1612438988763	OK	 
REQUEST		AddToCart	1612438984249	1612438988763	OK	 
REQUEST		AddToCart	1612438984233	1612438988766	OK	 
REQUEST		AddToCart	1612438985540	1612438988807	OK	 
USER	GeneralAdmission1	END	1612438988820
USER	GeneralAdmission1	END	1612438988820
REQUEST		ConfirmPayment	1612438985367	1612438988924	OK	 
USER	GeneralAdmission1	END	1612438989036
REQUEST		AddToCart2	1612438985753	1612438989041	OK	 
REQUEST		AddToCart2	1612438984666	1612438989042	OK	 
REQUEST		AddToCart	1612438984249	1612438989042	OK	 
REQUEST		AddToCart	1612438984650	1612438989045	OK	 
USER	GeneralAdmission1	END	1612438989098
REQUEST		AddToCart2	1612438984739	1612438989098	OK	 
REQUEST		AddToCart	1612438984744	1612438989170	OK	 
REQUEST		AddToCart	1612438985176	1612438989181	OK	 
REQUEST		AddToCart2	1612438986417	1612438989181	OK	 
REQUEST		BookingDetails	1612438984991	1612438989181	OK	 
REQUEST		BookingDetails	1612438985009	1612438989182	OK	 
REQUEST		BookingDetails	1612438985009	1612438989186	OK	 
REQUEST		BookingDetails	1612438985009	1612438989186	OK	 
REQUEST		BookingDetails	1612438985363	1612438989187	OK	 
REQUEST		AddToCart2	1612438984959	1612438989194	OK	 
USER	GeneralAdmission1	END	1612438989409
REQUEST		AddToCart	1612438985555	1612438989604	OK	 
REQUEST		AddToCart	1612438985540	1612438989620	OK	 
REQUEST		AddToCart2	1612438986417	1612438990003	OK	 
REQUEST		CreateGeneral	1612438984234	1612438990003	OK	 
REQUEST		CreateGeneral	1612438984169	1612438990005	OK	 
REQUEST		AddToCart	1612438986400	1612438990016	OK	 
REQUEST		CreateGeneral	1612438982742	1612438990016	OK	 
USER	GeneralAdmission1	END	1612438990029
USER	GeneralAdmission1	END	1612438990042
USER	GeneralAdmission1	END	1612438990135
USER	GeneralAdmission1	END	1612438990153
REQUEST		BookingDetails	1612438985397	1612438990154	OK	 
REQUEST		AddToCart2	1612438987299	1612438990158	OK	 
REQUEST		BookingDetails	1612438987298	1612438990174	OK	 
REQUEST		CreateGeneral	1612438984726	1612438990174	OK	 
REQUEST		AddToCart2	1612438986417	1612438990176	OK	 
REQUEST		AddToCart	1612438985555	1612438990177	OK	 
REQUEST		ConfirmPayment	1612438986039	1612438990178	OK	 
REQUEST		CreateGeneral	1612438984992	1612438990180	OK	 
REQUEST		BookingDetails	1612438986930	1612438990242	OK	 
REQUEST		CreateGeneral	1612438986016	1612438990242	OK	 
REQUEST		ConfirmPayment	1612438987050	1612438990475	OK	 
USER	GeneralAdmission1	END	1612438990508
USER	GeneralAdmission1	END	1612438990508
USER	GeneralAdmission1	END	1612438990511
REQUEST		AddToCart2	1612438987316	1612438990535	OK	 
REQUEST		ConfirmPayment	1612438985523	1612438990535	OK	 
REQUEST		AddToCart	1612438986571	1612438990535	OK	 
REQUEST		ConfirmPayment	1612438986295	1612438990541	OK	 
REQUEST		BookingDetails	1612438987146	1612438990564	OK	 
REQUEST		CreateGeneral	1612438985939	1612438990784	OK	 
REQUEST		ConfirmPayment	1612438986498	1612438990848	OK	 
REQUEST		ConfirmPayment	1612438986896	1612438990855	OK	 
REQUEST		ConfirmPayment	1612438986240	1612438990855	OK	 
REQUEST		ConfirmPayment	1612438986581	1612438990857	OK	 
REQUEST		ConfirmPayment	1612438986553	1612438990859	OK	 
REQUEST		ConfirmPayment	1612438986653	1612438990859	OK	 
REQUEST		ConfirmPayment	1612438986949	1612438990886	OK	 
REQUEST		ConfirmPayment	1612438986933	1612438990923	OK	 
REQUEST		ConfirmPayment	1612438987075	1612438990923	OK	 
REQUEST		CreateGeneral	1612438986728	1612438990923	OK	 
REQUEST		ConfirmPayment	1612438986951	1612438990927	OK	 
REQUEST		ConfirmPayment	1612438987266	1612438990927	OK	 
REQUEST		ConfirmPayment	1612438987049	1612438990932	OK	 
REQUEST		CreateGeneral	1612438986171	1612438990972	OK	 
REQUEST		BookingDetails	1612438986695	1612438991009	OK	 
REQUEST		CreateGeneral	1612438984218	1612438991010	OK	 
REQUEST		CreateGeneral	1612438987316	1612438991009	OK	 
REQUEST		CreateGeneral	1612438986478	1612438991014	OK	 
REQUEST		ConfirmPayment	1612438987036	1612438991015	OK	 
REQUEST		BookingDetails	1612438986725	1612438991016	OK	 
REQUEST		BookingDetails	1612438986727	1612438991016	OK	 
REQUEST		ConfirmPayment	1612438986935	1612438991019	OK	 
REQUEST		ConfirmPayment	1612438987366	1612438991021	OK	 
REQUEST		AddToCart	1612438986805	1612438991022	OK	 
REQUEST		ConfirmPayment	1612438987075	1612438991043	OK	 
REQUEST		AddToCart	1612438986822	1612438991057	OK	 
REQUEST		AddToCart	1612438986823	1612438991066	OK	 
REQUEST		BookingDetails	1612438987298	1612438991080	OK	 
REQUEST		AddToCart	1612438986838	1612438991082	OK	 
REQUEST		ConfirmPayment	1612438987967	1612438991099	OK	 
REQUEST		ConfirmPayment	1612438987366	1612438991099	OK	 
REQUEST		ConfirmPayment	1612438988210	1612438991099	OK	 
REQUEST		ConfirmPayment	1612438987972	1612438991102	OK	 
USER	GeneralAdmission1	END	1612438991154
REQUEST		BookingDetails	1612438987457	1612438991236	OK	 
REQUEST		CreateGeneral	1612438987331	1612438991243	OK	 
REQUEST		BookingDetails	1612438987917	1612438991280	OK	 
REQUEST		AddToCart2	1612438987824	1612438991285	OK	 
REQUEST		BookingDetails	1612438987856	1612438991286	OK	 
REQUEST		AddToCart	1612438987918	1612438991287	OK	 
USER	GeneralAdmission1	END	1612438991386
REQUEST		AddToCart2	1612438987545	1612438991429	OK	 
REQUEST		AddToCart2	1612438988043	1612438991432	OK	 
REQUEST		ConfirmPayment	1612438987369	1612438991432	OK	 
REQUEST		AddToCart2	1612438988089	1612438991432	OK	 
REQUEST		AddToCart2	1612438987544	1612438991443	OK	 
USER	GeneralAdmission1	END	1612438991480
REQUEST		AddToCart2	1612438987563	1612438991597	OK	 
REQUEST		CreateGeneral	1612438987422	1612438991599	OK	 
REQUEST		AddToCart2	1612438987623	1612438991943	OK	 
USER	GeneralAdmission1	END	1612438991977
REQUEST		BookingDetails	1612438987457	1612438991985	OK	 
REQUEST		AddToCart2	1612438987935	1612438991988	OK	 
REQUEST		CreateGeneral	1612438987671	1612438991988	OK	 
REQUEST		CreateGeneral	1612438987365	1612438992144	OK	 
REQUEST		CreateGeneral	1612438987423	1612438992158	OK	 
REQUEST		ConfirmPayment	1612438988737	1612438992176	OK	 
REQUEST		BookingDetails	1612438988215	1612438992183	OK	 
USER	GeneralAdmission1	END	1612438992212
USER	GeneralAdmission1	END	1612438992213
USER	GeneralAdmission1	END	1612438992231
USER	GeneralAdmission1	END	1612438992231
REQUEST		BookingDetails	1612438988571	1612438992233	OK	 
USER	GeneralAdmission1	END	1612438992231
REQUEST		AddToCart2	1612438988385	1612438992233	OK	 
USER	GeneralAdmission1	END	1612438992232
USER	GeneralAdmission1	END	1612438992233
REQUEST		AddToCart2	1612438988383	1612438992235	OK	 
REQUEST		AddToCart2	1612438988417	1612438992237	OK	 
REQUEST		AddToCart2	1612438988402	1612438992238	OK	 
REQUEST		ConfirmPayment	1612438989185	1612438992240	OK	 
REQUEST		ConfirmPayment	1612438989192	1612438992241	OK	 
REQUEST		ConfirmPayment	1612438989185	1612438992242	OK	 
REQUEST		BookingDetails	1612438988633	1612438992246	OK	 
REQUEST		ConfirmPayment	1612438989192	1612438992250	OK	 
REQUEST		AddToCart2	1612438988820	1612438992248	OK	 
REQUEST		AddToCart2	1612438988402	1612438992250	OK	 
REQUEST		ConfirmPayment	1612438989188	1612438992250	OK	 
REQUEST		BookingDetails	1612438988765	1612438992250	OK	 
REQUEST		CreateGeneral	1612438988219	1612438992255	OK	 
USER	GeneralAdmission1	END	1612438992255
USER	GeneralAdmission1	END	1612438992255
REQUEST		AddToCart2	1612438988260	1612438992262	OK	 
REQUEST		BookingDetails	1612438988820	1612438992262	OK	 
REQUEST		AddToCart2	1612438988849	1612438992262	OK	 
REQUEST		AddToCart2	1612438989249	1612438992395	OK	 
REQUEST		AddToCart2	1612438991776	1612438992556	OK	 
REQUEST		AddToCart2	1612438991775	1612438992556	OK	 
REQUEST		AddToCart2	1612438991776	1612438992561	OK	 
REQUEST		AddToCart2	1612438989392	1612438992741	OK	 
REQUEST		AddToCart2	1612438991823	1612438992751	OK	 
USER	GeneralAdmission1	END	1612438992772
USER	GeneralAdmission1	END	1612438992926
REQUEST		CreateGeneral	1612438987855	1612438993287	OK	 
REQUEST		AddToCart2	1612438989392	1612438993363	OK	 
REQUEST		CreateGeneral	1612438988230	1612438993531	OK	 
REQUEST		CreateGeneral	1612438988633	1612438993817	OK	 
REQUEST		BookingDetails	1612438989036	1612438993819	OK	 
REQUEST		AddToCart2	1612438990367	1612438993902	OK	 
REQUEST		AddToCart2	1612438989374	1612438993906	OK	 
REQUEST		AddToCart2	1612438990460	1612438993906	OK	 
REQUEST		CreateGeneral	1612438989408	1612438993906	OK	 
REQUEST		ConfirmPayment	1612438991013	1612438993909	OK	 
REQUEST		CreateGeneral	1612438988835	1612438993912	OK	 
REQUEST		AddToCart2	1612438990459	1612438994018	OK	 
REQUEST		ConfirmPayment	1612438990245	1612438994018	OK	 
REQUEST		AddToCart2	1612438989423	1612438994020	OK	 
REQUEST		ConfirmPayment	1612438990155	1612438994021	OK	 
REQUEST		ConfirmPayment	1612438990177	1612438994025	OK	 
REQUEST		AddToCart2	1612438990135	1612438994025	OK	 
REQUEST		AddToCart2	1612438989513	1612438994029	OK	 
REQUEST		BookingDetails	1612438990336	1612438994029	OK	 
REQUEST		AddToCart2	1612438989964	1612438994040	OK	 
REQUEST		AddToCart2	1612438990274	1612438994040	OK	 
REQUEST		BookingDetails	1612438990043	1612438994040	OK	 
REQUEST		ConfirmPayment	1612438990566	1612438994044	OK	 
REQUEST		AddToCart2	1612438990397	1612438994050	OK	 
REQUEST		AddToCart2	1612438990090	1612438994050	OK	 
REQUEST		AddToCart2	1612438989482	1612438994050	OK	 
REQUEST		AddToCart2	1612438989591	1612438994052	OK	 
REQUEST		AddToCart2	1612438990088	1612438994054	OK	 
REQUEST		AddToCart2	1612438989437	1612438994056	OK	 
REQUEST		AddToCart2	1612438990135	1612438994098	OK	 
REQUEST		ConfirmPayment	1612438991289	1612438994098	OK	 
REQUEST		CreateGeneral	1612438991049	1612438994106	OK	 
REQUEST		AddToCart2	1612438990479	1612438994113	OK	 
REQUEST		ConfirmPayment	1612438991237	1612438994112	OK	 
REQUEST		BookingDetails	1612438990494	1612438994113	OK	 
REQUEST		AddToCart2	1612438990478	1612438994112	OK	 
REQUEST		CreateGeneral	1612438990041	1612438994114	OK	 
REQUEST		CreateGeneral	1612438990042	1612438994119	OK	 
REQUEST		BookingDetails	1612438990478	1612438994119	OK	 
REQUEST		ConfirmPayment	1612438992184	1612438994122	OK	 
REQUEST		BookingDetails	1612438990570	1612438994122	OK	 
REQUEST		BookingDetails	1612438990599	1612438994122	OK	 
REQUEST		ConfirmPayment	1612438991019	1612438994128	OK	 
REQUEST		ConfirmPayment	1612438991018	1612438994130	OK	 
REQUEST		BookingDetails	1612438992213	1612438994132	OK	 
REQUEST		ConfirmPayment	1612438991281	1612438994145	OK	 
REQUEST		ConfirmPayment	1612438991081	1612438994145	OK	 
REQUEST		BookingDetails	1612438990957	1612438994145	OK	 
REQUEST		AddToCart2	1612438992053	1612438994149	OK	 
REQUEST		AddToCart2	1612438992054	1612438994149	OK	 
REQUEST		AddToCart2	1612438992178	1612438994151	OK	 
REQUEST		AddToCart2	1612438992185	1612438994151	OK	 
REQUEST		ConfirmPayment	1612438992264	1612438994162	OK	 
REQUEST		BookingDetails	1612438990676	1612438994178	OK	 
REQUEST		BookingDetails	1612438990659	1612438994180	OK	 
USER	GeneralAdmission1	END	1612438994189
REQUEST		AddToCart2	1612438991230	1612438994216	OK	 
REQUEST		BookingDetails	1612438991261	1612438994216	OK	 
REQUEST		BookingDetails	1612438991065	1612438994221	OK	 
REQUEST		CreateGeneral	1612438992264	1612438994238	KO	status.find.is(200), but actually found 400
REQUEST		BookingDetails	1612438992212	1612438994311	OK	 
REQUEST		ConfirmPayment	1612438992249	1612438994398	OK	 
REQUEST		BookingDetails	1612438991713	1612438994400	OK	 
USER	GeneralAdmission1	END	1612438994497
USER	GeneralAdmission1	END	1612438994544
USER	GeneralAdmission1	END	1612438994547
REQUEST		BookingDetails	1612438991261	1612438994685	OK	 
REQUEST		BookingDetails	1612438992232	1612438994686	OK	 
REQUEST		BookingDetails	1612438992232	1612438994686	OK	 
REQUEST		BookingDetails	1612438990941	1612438994686	OK	 
REQUEST		AddToCart2	1612438991262	1612438994692	OK	 
REQUEST		BookingDetails	1612438990941	1612438994694	OK	 
REQUEST		CreateGeneral	1612438990523	1612438994696	OK	 
REQUEST		CreateGeneral	1612438990508	1612438994700	OK	 
REQUEST		AddToCart2	1612438992634	1612438994759	OK	 
REQUEST		AddToCart2	1612438992618	1612438994810	OK	 
REQUEST		ConfirmPayment	1612438991986	1612438994811	OK	 
USER	GeneralAdmission1	END	1612438994852
USER	GeneralAdmission1	END	1612438994868
USER	GeneralAdmission1	END	1612438994868
USER	GeneralAdmission1	END	1612438994868
USER	GeneralAdmission1	END	1612438994869
USER	GeneralAdmission1	END	1612438994869
USER	GeneralAdmission1	END	1612438994899
USER	GeneralAdmission1	END	1612438994947
USER	GeneralAdmission1	END	1612438994947
USER	GeneralAdmission1	END	1612438994947
USER	GeneralAdmission1	END	1612438994948
USER	GeneralAdmission1	END	1612438994950
REQUEST		CreateGeneral	1612438991480	1612438994949	OK	 
REQUEST		CreateGeneral	1612438991386	1612438994967	OK	 
REQUEST		CreateGeneral	1612438991497	1612438994970	OK	 
USER	GeneralAdmission1	END	1612438995023
USER	GeneralAdmission1	END	1612438995026
USER	GeneralAdmission1	END	1612438995041
USER	GeneralAdmission1	END	1612438995054
USER	GeneralAdmission1	END	1612438995116
USER	GeneralAdmission1	END	1612438995117
USER	GeneralAdmission1	END	1612438995118
USER	GeneralAdmission1	END	1612438995119
REQUEST		ConfirmPayment	1612438992235	1612438995139	OK	 
REQUEST		ConfirmPayment	1612438992254	1612438995150	OK	 
REQUEST		AddToCart2	1612438993190	1612438995208	OK	 
REQUEST		AddToCart2	1612438993551	1612438995248	OK	 
REQUEST		ConfirmPayment	1612438993820	1612438995294	OK	 
REQUEST		AddToCart2	1612438993033	1612438995438	OK	 
USER	GeneralAdmission1	END	1612438995440
REQUEST		CreateGeneral	1612438993066	1612438995476	OK	 
REQUEST		CreateGeneral	1612438993065	1612438995500	OK	 
REQUEST		AddToCart2	1612438994028	1612438995603	OK	 
REQUEST		AddToCart2	1612438994066	1612438995730	OK	 
REQUEST		AddToCart2	1612438994081	1612438995737	OK	 
REQUEST		BookingDetails	1612438994016	1612438995761	OK	 
REQUEST		BookingDetails	1612438994016	1612438995776	OK	 
REQUEST		ConfirmPayment	1612438994043	1612438995777	OK	 
REQUEST		ConfirmPayment	1612438994118	1612438995807	OK	 
REQUEST		ConfirmPayment	1612438994035	1612438995810	OK	 
REQUEST		AddToCart2	1612438994096	1612438995818	OK	 
REQUEST		BookingDetails	1612438994027	1612438995818	OK	 
REQUEST		ConfirmPayment	1612438994122	1612438995822	OK	 
REQUEST		ConfirmPayment	1612438994129	1612438995822	OK	 
REQUEST		ConfirmPayment	1612438994133	1612438995822	OK	 
REQUEST		ConfirmPayment	1612438994129	1612438995826	OK	 
REQUEST		CreateGeneral	1612438993112	1612438995826	OK	 
REQUEST		CreateGeneral	1612438993208	1612438995828	OK	 
REQUEST		BookingDetails	1612438994189	1612438995848	OK	 
REQUEST		ConfirmPayment	1612438994180	1612438995848	OK	 
REQUEST		BookingDetails	1612438994190	1612438995850	OK	 
REQUEST		ConfirmPayment	1612438994148	1612438995856	OK	 
REQUEST		BookingDetails	1612438994251	1612438995869	OK	 
REQUEST		ConfirmPayment	1612438994221	1612438995870	OK	 
REQUEST		AddToCart2	1612438994294	1612438995871	OK	 
REQUEST		ConfirmPayment	1612438994222	1612438995873	OK	 
REQUEST		CreateGeneral	1612438991387	1612438995874	OK	 
REQUEST		CreateGeneral	1612438993208	1612438995877	OK	 
REQUEST		ConfirmPayment	1612438994182	1612438995894	OK	 
REQUEST		ConfirmPayment	1612438994313	1612438995954	OK	 
REQUEST		BookingDetails	1612438994789	1612438995995	OK	 
REQUEST		CreateGeneral	1612438994016	1612438996001	OK	 
REQUEST		CreateGeneral	1612438994172	1612438996002	OK	 
REQUEST		ConfirmPayment	1612438994689	1612438996004	OK	 
REQUEST		ConfirmPayment	1612438994696	1612438996005	OK	 
REQUEST		ConfirmPayment	1612438994689	1612438996012	OK	 
REQUEST		ConfirmPayment	1612438994690	1612438996018	OK	 
REQUEST		ConfirmPayment	1612438994402	1612438996019	OK	 
REQUEST		ConfirmPayment	1612438994690	1612438996019	OK	 
REQUEST		BookingDetails	1612438994978	1612438996019	OK	 
REQUEST		BookingDetails	1612438994948	1612438996019	OK	 
REQUEST		BookingDetails	1612438995250	1612438996021	OK	 
REQUEST		BookingDetails	1612438995023	1612438996034	OK	 
REQUEST		BookingDetails	1612438995024	1612438996034	OK	 
REQUEST		BookingDetails	1612438995023	1612438996037	OK	 
USER	GeneralAdmission1	END	1612438996188
USER	GeneralAdmission1	END	1612438996249
USER	GeneralAdmission1	END	1612438996249
REQUEST		CreateGeneral	1612438994189	1612438996249	OK	 
USER	GeneralAdmission1	END	1612438996267
USER	GeneralAdmission1	END	1612438996268
USER	GeneralAdmission1	END	1612438996268
REQUEST		CreateGeneral	1612438994560	1612438996578	OK	 
REQUEST		CreateGeneral	1612438994240	1612438996598	OK	 
REQUEST		ConfirmPayment	1612438995762	1612438996938	OK	 
REQUEST		BookingDetails	1612438995616	1612438996937	OK	 
REQUEST		ConfirmPayment	1612438995820	1612438996937	OK	 
REQUEST		ConfirmPayment	1612438995849	1612438996937	OK	 
REQUEST		CreateGeneral	1612438995319	1612438996937	OK	 
REQUEST		ConfirmPayment	1612438995779	1612438996944	OK	 
REQUEST		BookingDetails	1612438996001	1612438996946	OK	 
REQUEST		ConfirmPayment	1612438995997	1612438997019	OK	 
REQUEST		ConfirmPayment	1612438995851	1612438997019	OK	 
REQUEST		CreateGeneral	1612438995476	1612438997020	OK	 
REQUEST		CreateGeneral	1612438995459	1612438997022	OK	 
REQUEST		ConfirmPayment	1612438996025	1612438997036	OK	 
REQUEST		ConfirmPayment	1612438996025	1612438997036	OK	 
REQUEST		ConfirmPayment	1612438996036	1612438997039	OK	 
REQUEST		ConfirmPayment	1612438996039	1612438997039	OK	 
REQUEST		ConfirmPayment	1612438996024	1612438997040	OK	 
REQUEST		BookingDetails	1612438996267	1612438997046	OK	 
REQUEST		CreateGeneral	1612438995459	1612438997047	OK	 
REQUEST		BookingDetails	1612438996156	1612438997050	OK	 
REQUEST		ConfirmPayment	1612438996036	1612438997050	OK	 
REQUEST		ConfirmPayment	1612438995870	1612438997052	OK	 
REQUEST		BookingDetails	1612438996172	1612438997053	OK	 
REQUEST		CreateGeneral	1612438995616	1612438997053	OK	 
REQUEST		CreateGeneral	1612438995441	1612438997054	OK	 
REQUEST		CreateGeneral	1612438995970	1612438997100	OK	 
REQUEST		CreateGeneral	1612438996026	1612438997268	OK	 
REQUEST		ConfirmPayment	1612438996948	1612438997357	OK	 
REQUEST		ConfirmPayment	1612438997049	1612438997406	OK	 
REQUEST		ConfirmPayment	1612438996942	1612438997407	OK	 
REQUEST		ConfirmPayment	1612438997053	1612438997446	OK	 
REQUEST		CreateGeneral	1612438996560	1612438997446	OK	 
REQUEST		ConfirmPayment	1612438997057	1612438997466	OK	 
REQUEST		BookingDetails	1612438997304	1612438997504	OK	 
REQUEST		CreateGeneral	1612438996578	1612438997506	OK	 
REQUEST		CreateGeneral	1612438997382	1612438997603	OK	 
REQUEST		BookingDetails	1612438997537	1612438997615	OK	 
REQUEST		ConfirmPayment	1612438997506	1612438997652	OK	 
REQUEST		CreateGeneral	1612438996267	1612438997652	OK	 
REQUEST		CreateGeneral	1612438996297	1612438997675	OK	 
REQUEST		CreateGeneral	1612438996267	1612438997675	OK	 
REQUEST		CreateGeneral	1612438996282	1612438997675	OK	 
REQUEST		CreateGeneral	1612438996268	1612438997682	OK	 
REQUEST		CreateGeneral	1612438996297	1612438997682	OK	 
REQUEST		CreateGeneral	1612438996282	1612438997683	OK	 
REQUEST		CreateGeneral	1612438996403	1612438997705	OK	 
REQUEST		ConfirmPayment	1612438997619	1612438997778	OK	 
REQUEST		CreateGeneral	1612438996763	1612438997800	OK	 
REQUEST		CreateGeneral	1612438996763	1612438997898	OK	 
USER	GeneralAdmission1	END	1612438997917
REQUEST		BookingDetails	1612438997834	1612438997927	OK	 
REQUEST		BookingDetails	1612438997918	1612438998007	OK	 
REQUEST		BookingDetails	1612438997916	1612438998007	OK	 
REQUEST		CreateGeneral	1612438996595	1612438998029	OK	 
USER	GeneralAdmission1	END	1612438998040
USER	GeneralAdmission1	END	1612438998040
USER	GeneralAdmission1	END	1612438998040
USER	GeneralAdmission1	END	1612438998056
REQUEST		CreateGeneral	1612438997916	1612438998087	OK	 
REQUEST		ConfirmPayment	1612438997932	1612438998095	OK	 
USER	GeneralAdmission1	END	1612438998115
USER	GeneralAdmission1	END	1612438998134
USER	GeneralAdmission1	END	1612438998134
USER	GeneralAdmission1	END	1612438998136
USER	GeneralAdmission1	END	1612438998136
USER	GeneralAdmission1	END	1612438998162
USER	GeneralAdmission1	END	1612438998162
REQUEST		CreateGeneral	1612438997931	1612438998172	OK	 
USER	GeneralAdmission1	END	1612438998180
REQUEST		CreateGeneral	1612438997930	1612438998187	OK	 
USER	GeneralAdmission1	END	1612438998407
REQUEST		ConfirmPayment	1612438998009	1612438998711	OK	 
REQUEST		CreateGeneral	1612438998039	1612438998713	OK	 
REQUEST		CreateGeneral	1612438998041	1612438998748	OK	 
REQUEST		CreateGeneral	1612438998055	1612438998748	OK	 
REQUEST		CreateGeneral	1612438996251	1612438998783	OK	 
USER	GeneralAdmission1	END	1612438998824
REQUEST		CreateGeneral	1612438998040	1612438998858	OK	 
REQUEST		BookingDetails	1612438998116	1612438998903	OK	 
REQUEST		CreateGeneral	1612438998070	1612438998904	OK	 
REQUEST		CreateGeneral	1612438998069	1612438998905	OK	 
REQUEST		BookingDetails	1612438998133	1612438998911	OK	 
REQUEST		CreateGeneral	1612438998055	1612438998911	OK	 
REQUEST		CreateGeneral	1612438998072	1612438998922	OK	 
REQUEST		CreateGeneral	1612438998070	1612438998925	OK	 
REQUEST		BookingDetails	1612438998133	1612438998928	OK	 
REQUEST		CreateGeneral	1612438998072	1612438998939	OK	 
REQUEST		CreateGeneral	1612438998070	1612438998951	OK	 
REQUEST		CreateGeneral	1612438998134	1612438998958	OK	 
REQUEST		CreateGeneral	1612438998115	1612438998958	OK	 
REQUEST		CreateGeneral	1612438998162	1612438998965	OK	 
REQUEST		CreateGeneral	1612438998162	1612438999037	OK	 
REQUEST		CreateGeneral	1612438998162	1612438999037	OK	 
REQUEST		CreateGeneral	1612438998164	1612438999043	OK	 
REQUEST		ConfirmPayment	1612438998009	1612438999064	OK	 
REQUEST		CreateGeneral	1612438998237	1612438999128	OK	 
USER	GeneralAdmission1	END	1612438999150
USER	GeneralAdmission1	END	1612438999164
REQUEST		BookingDetails	1612438998716	1612438999214	OK	 
REQUEST		BookingDetails	1612438998717	1612438999228	OK	 
USER	GeneralAdmission1	END	1612438999304
REQUEST		CreateGeneral	1612438998718	1612438999324	OK	 
REQUEST		CreateGeneral	1612438998777	1612438999402	OK	 
REQUEST		CreateGeneral	1612438998839	1612438999404	OK	 
REQUEST		BookingDetails	1612438998964	1612438999464	OK	 
REQUEST		ConfirmPayment	1612438998913	1612438999505	OK	 
REQUEST		ConfirmPayment	1612438998929	1612438999532	OK	 
REQUEST		ConfirmPayment	1612438998906	1612438999532	OK	 
REQUEST		BookingDetails	1612438998980	1612438999532	OK	 
REQUEST		BookingDetails	1612438998979	1612438999537	OK	 
USER	GeneralAdmission1	END	1612438999780
USER	GeneralAdmission1	END	1612438999811
USER	GeneralAdmission1	END	1612438999826
USER	GeneralAdmission1	END	1612438999826
USER	GeneralAdmission1	END	1612438999826
USER	GeneralAdmission1	END	1612438999827
USER	GeneralAdmission1	END	1612438999843
USER	GeneralAdmission1	END	1612438999860
USER	GeneralAdmission1	END	1612438999873
USER	GeneralAdmission1	END	1612438999874
USER	GeneralAdmission1	END	1612438999890
USER	GeneralAdmission1	END	1612438999905
USER	GeneralAdmission1	END	1612438999966
USER	GeneralAdmission1	END	1612439000014
USER	GeneralAdmission1	END	1612439000015
USER	GeneralAdmission1	END	1612439000033
USER	GeneralAdmission1	END	1612439000033
USER	GeneralAdmission1	END	1612439000033
USER	GeneralAdmission1	END	1612439000033
REQUEST		CreateGeneral	1612438998056	1612439000094	OK	 
REQUEST		ConfirmPayment	1612438999229	1612439000128	OK	 
REQUEST		CreateGeneral	1612438998134	1612439000154	OK	 
REQUEST		BookingDetails	1612438999521	1612439000230	OK	 
REQUEST		BookingDetails	1612438999487	1612439000230	OK	 
REQUEST		BookingDetails	1612438999843	1612439000569	OK	 
REQUEST		BookingDetails	1612438999842	1612439000576	OK	 
REQUEST		BookingDetails	1612438999888	1612439000576	OK	 
REQUEST		BookingDetails	1612438999888	1612439000576	OK	 
REQUEST		BookingDetails	1612439000014	1612439000581	OK	 
REQUEST		BookingDetails	1612439000014	1612439000581	OK	 
REQUEST		BookingDetails	1612439000265	1612439000685	OK	 
USER	GeneralAdmission1	END	1612439000946
USER	GeneralAdmission1	END	1612439000947
USER	GeneralAdmission1	END	1612439000947
USER	GeneralAdmission1	END	1612439000964
REQUEST		BookingDetails	1612439000611	1612439001021	OK	 
REQUEST		BookingDetails	1612439000596	1612439001021	OK	 
USER	GeneralAdmission1	END	1612439001025
USER	GeneralAdmission1	END	1612439001025
USER	GeneralAdmission1	END	1612439001043
USER	GeneralAdmission1	END	1612439001043
USER	GeneralAdmission1	END	1612439001057
USER	GeneralAdmission1	END	1612439001057
USER	GeneralAdmission1	END	1612439001057
USER	GeneralAdmission1	END	1612439001058
USER	GeneralAdmission1	END	1612439001074
REQUEST		BookingDetails	1612439000947	1612439001248	OK	 
USER	GeneralAdmission1	END	1612439001369
REQUEST		BookingDetails	1612439001042	1612439001381	OK	 
REQUEST		BookingDetails	1612439001057	1612439001406	OK	 
REQUEST		BookingDetails	1612439001042	1612439001406	OK	 
REQUEST		BookingDetails	1612439001073	1612439001406	OK	 
REQUEST		BookingDetails	1612439001073	1612439001407	OK	 
USER	GeneralAdmission1	END	1612439001411
USER	GeneralAdmission1	END	1612439001420
USER	GeneralAdmission1	END	1612439001464
USER	GeneralAdmission1	END	1612439001480
REQUEST		BookingDetails	1612439001463	1612439001609	OK	 
USER	GeneralAdmission1	END	1612439001663
REQUEST		BookingDetails	1612439001508	1612439001699	OK	 
REQUEST		BookingDetails	1612439001102	1612439001740	OK	 
USER	GeneralAdmission1	END	1612439001786
REQUEST		BookingDetails	1612439001663	1612439001859	OK	 
REQUEST		BookingDetails	1612439001693	1612439001881	OK	 
REQUEST		BookingDetails	1612439001694	1612439001943	OK	 
REQUEST		BookingDetails	1612439001694	1612439001943	OK	 
REQUEST		BookingDetails	1612439001694	1612439001960	OK	 
REQUEST		BookingDetails	1612439001694	1612439001966	OK	 
REQUEST		BookingDetails	1612439001695	1612439002033	OK	 
REQUEST		BookingDetails	1612439001712	1612439002071	OK	 
REQUEST		BookingDetails	1612439001816	1612439002095	OK	 
USER	GeneralAdmission1	END	1612439002103
REQUEST		BookingDetails	1612439001910	1612439002334	OK	 
REQUEST		BookingDetails	1612439001617	1612439002529	OK	 
REQUEST		BookingDetails	1612439001274	1612439002602	OK	 
REQUEST		BookingDetails	1612439002035	1612439002602	OK	 
REQUEST		BookingDetails	1612439002177	1612439002633	OK	 
REQUEST		ConfirmPayment	1612439002097	1612439002633	OK	 
REQUEST		BookingDetails	1612439002195	1612439002633	OK	 
REQUEST		BookingDetails	1612439002101	1612439002634	OK	 
REQUEST		ConfirmPayment	1612439002335	1612439002683	OK	 
USER	GeneralAdmission1	END	1612439002725
REQUEST		ConfirmPayment	1612438999466	1612439002888	OK	 
REQUEST		ConfirmPayment	1612439002530	1612439002888	OK	 
REQUEST		ConfirmPayment	1612438999216	1612439002891	OK	 
REQUEST		ConfirmPayment	1612439002605	1612439002891	OK	 
REQUEST		ConfirmPayment	1612439002605	1612439002893	OK	 
REQUEST		BookingDetails	1612439002725	1612439002893	OK	 
REQUEST		ConfirmPayment	1612439002639	1612439002899	OK	 
REQUEST		BookingDetails	1612439002756	1612439002905	OK	 
REQUEST		BookingDetails	1612439002757	1612439002944	OK	 
REQUEST		ConfirmPayment	1612439002638	1612439002967	OK	 
REQUEST		ConfirmPayment	1612439002639	1612439003001	OK	 
REQUEST		ConfirmPayment	1612438999538	1612439003013	OK	 
USER	GeneralAdmission1	END	1612439003080
USER	GeneralAdmission1	END	1612439003517
USER	GeneralAdmission1	END	1612439003549
USER	GeneralAdmission1	END	1612439003591
REQUEST		BookingDetails	1612439002788	1612439003605	OK	 
REQUEST		BookingDetails	1612439002865	1612439003639	OK	 
REQUEST		ConfirmPayment	1612438999539	1612439003701	OK	 
REQUEST		CreateGeneral	1612438999227	1612439003849	OK	 
REQUEST		CreateGeneral	1612438999271	1612439003849	OK	 
REQUEST		CreateGeneral	1612438999749	1612439003903	OK	 
REQUEST		CreateGeneral	1612438999842	1612439003906	OK	 
REQUEST		CreateGeneral	1612438999626	1612439003906	OK	 
REQUEST		CreateGeneral	1612438999750	1612439003906	OK	 
REQUEST		CreateGeneral	1612438999889	1612439004118	OK	 
REQUEST		BookingDetails	1612439002913	1612439004133	OK	 
REQUEST		CreateGeneral	1612438999457	1612439004133	OK	 
REQUEST		BookingDetails	1612439002929	1612439004147	OK	 
REQUEST		ConfirmPayment	1612439002906	1612439004147	OK	 
REQUEST		BookingDetails	1612439002913	1612439004160	OK	 
REQUEST		BookingDetails	1612439002928	1612439004179	OK	 
USER	GeneralAdmission1	END	1612439004180
REQUEST		BookingDetails	1612439002943	1612439004253	OK	 
REQUEST		ConfirmPayment	1612439000579	1612439004253	OK	 
REQUEST		ConfirmPayment	1612439000570	1612439004257	OK	 
REQUEST		ConfirmPayment	1612439000583	1612439004257	OK	 
REQUEST		BookingDetails	1612439002945	1612439004259	OK	 
REQUEST		ConfirmPayment	1612439001023	1612439004261	OK	 
REQUEST		BookingDetails	1612439002958	1612439004261	OK	 
REQUEST		ConfirmPayment	1612439000687	1612439004262	OK	 
REQUEST		BookingDetails	1612439002975	1612439004262	OK	 
REQUEST		BookingDetails	1612439002975	1612439004262	OK	 
REQUEST		ConfirmPayment	1612439000583	1612439004268	OK	 
REQUEST		ConfirmPayment	1612439001023	1612439004296	OK	 
REQUEST		BookingDetails	1612439002975	1612439004326	OK	 
REQUEST		ConfirmPayment	1612439001409	1612439004326	OK	 
REQUEST		ConfirmPayment	1612439001382	1612439004327	OK	 
REQUEST		BookingDetails	1612439003050	1612439004330	OK	 
REQUEST		ConfirmPayment	1612439001611	1612439004330	OK	 
REQUEST		BookingDetails	1612439003049	1612439004330	OK	 
REQUEST		BookingDetails	1612439003050	1612439004330	OK	 
REQUEST		ConfirmPayment	1612439001860	1612439004428	OK	 
REQUEST		ConfirmPayment	1612439001409	1612439004428	OK	 
REQUEST		ConfirmPayment	1612439001410	1612439004428	OK	 
REQUEST		BookingDetails	1612439003143	1612439004429	OK	 
REQUEST		ConfirmPayment	1612439000231	1612439004429	OK	 
REQUEST		ConfirmPayment	1612439001410	1612439004432	OK	 
REQUEST		ConfirmPayment	1612439000232	1612439004435	OK	 
REQUEST		ConfirmPayment	1612439001249	1612439004436	OK	 
REQUEST		ConfirmPayment	1612439000579	1612439004438	OK	 
REQUEST		BookingDetails	1612439003330	1612439004453	OK	 
REQUEST		ConfirmPayment	1612439001701	1612439004453	OK	 
REQUEST		ConfirmPayment	1612439000579	1612439004453	OK	 
REQUEST		BookingDetails	1612439003408	1612439004460	OK	 
REQUEST		BookingDetails	1612439003407	1612439004460	OK	 
REQUEST		BookingDetails	1612439004104	1612439004819	OK	 
REQUEST		BookingDetails	1612439004167	1612439004819	OK	 
REQUEST		ConfirmPayment	1612439001741	1612439004851	OK	 
USER	GeneralAdmission1	END	1612439006677
USER	GeneralAdmission1	END	1612439006692
USER	GeneralAdmission1	END	1612439006892
USER	GeneralAdmission1	END	1612439006893
USER	GeneralAdmission1	END	1612439006909
USER	GeneralAdmission1	END	1612439006909
USER	GeneralAdmission1	END	1612439006909
USER	GeneralAdmission1	END	1612439006910
USER	GeneralAdmission1	END	1612439006970
USER	GeneralAdmission1	END	1612439007016
USER	GeneralAdmission1	END	1612439007016
USER	GeneralAdmission1	END	1612439007715
USER	GeneralAdmission1	END	1612439008157
REQUEST		BookingDetails	1612439007855	1612439008172	OK	 
REQUEST		BookingDetails	1612439007856	1612439008172	OK	 
REQUEST		BookingDetails	1612439007919	1612439008175	OK	 
REQUEST		BookingDetails	1612439007920	1612439008178	OK	 
REQUEST		BookingDetails	1612439007920	1612439008187	OK	 
REQUEST		BookingDetails	1612439007919	1612439008188	OK	 
USER	GeneralAdmission1	END	1612439008264
USER	GeneralAdmission1	END	1612439008265
USER	GeneralAdmission1	END	1612439008265
USER	GeneralAdmission1	END	1612439008280
USER	GeneralAdmission1	END	1612439008280
USER	GeneralAdmission1	END	1612439008280
REQUEST		BookingDetails	1612439008138	1612439008296	OK	 
USER	GeneralAdmission1	END	1612439008314
USER	GeneralAdmission1	END	1612439008343
USER	GeneralAdmission1	END	1612439008344
USER	GeneralAdmission1	END	1612439008344
USER	GeneralAdmission1	END	1612439008449
USER	GeneralAdmission1	END	1612439008450
USER	GeneralAdmission1	END	1612439008450
USER	GeneralAdmission1	END	1612439008450
USER	GeneralAdmission1	END	1612439008450
USER	GeneralAdmission1	END	1612439008450
USER	GeneralAdmission1	END	1612439008450
USER	GeneralAdmission1	END	1612439008450
USER	GeneralAdmission1	END	1612439008465
USER	GeneralAdmission1	END	1612439008465
REQUEST		BookingDetails	1612439008139	1612439008486	OK	 
USER	GeneralAdmission1	END	1612439008869
REQUEST		ConfirmPayment	1612439004180	1612439010929	OK	 
REQUEST		ConfirmPayment	1612439003606	1612439010952	OK	 
REQUEST		ConfirmPayment	1612439004135	1612439010952	OK	 
REQUEST		ConfirmPayment	1612439004161	1612439010967	OK	 
REQUEST		ConfirmPayment	1612439004255	1612439011043	OK	 
REQUEST		ConfirmPayment	1612439004266	1612439011097	OK	 
REQUEST		ConfirmPayment	1612439004267	1612439011097	OK	 
REQUEST		ConfirmPayment	1612439004261	1612439011121	OK	 
REQUEST		ConfirmPayment	1612439004434	1612439011121	OK	 
REQUEST		ConfirmPayment	1612439004149	1612439011127	OK	 
REQUEST		ConfirmPayment	1612439004333	1612439011127	OK	 
REQUEST		ConfirmPayment	1612439003641	1612439011142	OK	 
REQUEST		ConfirmPayment	1612439008178	1612439011142	OK	 
REQUEST		ConfirmPayment	1612439004462	1612439011142	OK	 
REQUEST		ConfirmPayment	1612439008179	1612439011172	OK	 
REQUEST		ConfirmPayment	1612439008189	1612439011202	OK	 
REQUEST		ConfirmPayment	1612439004333	1612439011221	OK	 
REQUEST		ConfirmPayment	1612439008174	1612439011231	OK	 
REQUEST		ConfirmPayment	1612439004456	1612439011231	OK	 
REQUEST		ConfirmPayment	1612439004333	1612439011231	OK	 
REQUEST		ConfirmPayment	1612439008174	1612439011283	OK	 
REQUEST		ConfirmPayment	1612439004822	1612439011283	OK	 
REQUEST		ConfirmPayment	1612439008297	1612439011310	OK	 
REQUEST		ConfirmPayment	1612439004822	1612439011312	OK	 
REQUEST		ConfirmPayment	1612439004329	1612439011314	OK	 
REQUEST		ConfirmPayment	1612439004267	1612439011337	OK	 
REQUEST		ConfirmPayment	1612439001945	1612439011342	OK	 
REQUEST		ConfirmPayment	1612439001883	1612439011342	OK	 
REQUEST		ConfirmPayment	1612439001945	1612439011347	OK	 
REQUEST		ConfirmPayment	1612439008189	1612439011347	OK	 
REQUEST		ConfirmPayment	1612439001961	1612439011382	OK	 
REQUEST		ConfirmPayment	1612439001968	1612439011383	OK	 
REQUEST		ConfirmPayment	1612439002034	1612439011392	OK	 
REQUEST		ConfirmPayment	1612439002072	1612439011435	OK	 
REQUEST		ConfirmPayment	1612439004465	1612439012309	OK	 
REQUEST		ConfirmPayment	1612439008487	1612439012309	OK	 
REQUEST		ConfirmPayment	1612439002895	1612439012377	OK	 
REQUEST		ConfirmPayment	1612439002945	1612439012482	OK	 
USER	GeneralAdmission1	END	1612439014947
USER	GeneralAdmission1	END	1612439014962
USER	GeneralAdmission1	END	1612439014962
USER	GeneralAdmission1	END	1612439014979
USER	GeneralAdmission1	END	1612439015056
USER	GeneralAdmission1	END	1612439015104
USER	GeneralAdmission1	END	1612439015104
USER	GeneralAdmission1	END	1612439015135
USER	GeneralAdmission1	END	1612439015136
USER	GeneralAdmission1	END	1612439015136
USER	GeneralAdmission1	END	1612439015137
USER	GeneralAdmission1	END	1612439015152
USER	GeneralAdmission1	END	1612439015152
USER	GeneralAdmission1	END	1612439015152
USER	GeneralAdmission1	END	1612439015182
USER	GeneralAdmission1	END	1612439015214
USER	GeneralAdmission1	END	1612439015230
USER	GeneralAdmission1	END	1612439015245
USER	GeneralAdmission1	END	1612439015245
USER	GeneralAdmission1	END	1612439015245
USER	GeneralAdmission1	END	1612439015292
USER	GeneralAdmission1	END	1612439015292
USER	GeneralAdmission1	END	1612439015323
USER	GeneralAdmission1	END	1612439015324
USER	GeneralAdmission1	END	1612439015324
USER	GeneralAdmission1	END	1612439015354
USER	GeneralAdmission1	END	1612439015355
USER	GeneralAdmission1	END	1612439015355
USER	GeneralAdmission1	END	1612439015355
USER	GeneralAdmission1	END	1612439015355
USER	GeneralAdmission1	END	1612439015385
USER	GeneralAdmission1	END	1612439015402
USER	GeneralAdmission1	END	1612439015402
USER	GeneralAdmission1	END	1612439015448
USER	GeneralAdmission1	END	1612439016327
USER	GeneralAdmission1	END	1612439016327
USER	GeneralAdmission1	END	1612439016388
USER	GeneralAdmission1	END	1612439016496
