RUN	GeneralAdmission1	generaladmission1	1612285054917	 	3.5.0
USER	GeneralAdmission1	START	1612285058220
REQUEST		GetToken	1612285058284	1612285058981	OK	 
REQUEST		GetToken Redirect 1	1612285059071	1612285060420	OK	 
REQUEST		request_1	1612285060622	1612285062069	OK	 
REQUEST		AddToCart	1612285067139	1612285067153	OK	 
REQUEST		AddToCart Redirect 1	1612285067178	1612285067337	OK	 
REQUEST		CreateGeneral	1612285068352	1612285068377	OK	 
REQUEST		CreateGeneral Redirect 1	1612285068381	1612285069017	OK	 
REQUEST		BookingDetails	1612285073065	1612285073101	OK	 
REQUEST		BookingDetails Redirect 1	1612285073115	1612285073309	OK	 
REQUEST		StripeElement	1612285073321	1612285074240	OK	 
REQUEST		elements-inner-card-77d7d4c2ce976deb5d1dc2ff2a238146.js	1612285074387	1612285075120	OK	 
REQUEST		ui-shared-1a3494666c8cbd375492e006f2e840cd.css	1612285074420	1612285075651	OK	 
REQUEST		ui-shared-121e554d3a08b818808584dff61fc32c.js	1612285074405	1612285075984	OK	 
REQUEST		shared-8b0cf640a52a1422947f168069c49b9d.js	1612285074436	1612285076304	OK	 
REQUEST		CreatePaymentIntent	1612285079388	1612285079395	OK	 
REQUEST		CreatePaymentIntent Redirect 1	1612285079411	1612285087334	OK	 
REQUEST		StripeController	1612285100388	1612285101091	OK	 
REQUEST		controller-6d15abacacad5eabb07034f26400b450.js	1612285101113	1612285101959	OK	 
REQUEST		StripeCountryRanges	1612285104009	1612285104939	OK	 
REQUEST		PrivateStripe	1612285111098	1612285118563	OK	 
REQUEST		Elements1	1612285118573	1612285119564	OK	 
REQUEST		Elements2	1612285119584	1612285119781	OK	 
REQUEST		Elements3	1612285119784	1612285119986	OK	 
REQUEST		Elements4	1612285119999	1612285120198	OK	 
REQUEST		Elements5	1612285120202	1612285120434	OK	 
REQUEST		Elements6	1612285120499	1612285120833	OK	 
REQUEST		Elements6	1612285120850	1612285121046	OK	 
REQUEST		Elements7	1612285121050	1612285121234	OK	 
REQUEST		Elements8	1612285121250	1612285121446	OK	 
REQUEST		Elements9	1612285121449	1612285121644	OK	 
REQUEST		Elements10	1612285121646	1612285122372	OK	 
REQUEST		Elements11	1612285122381	1612285122612	OK	 
REQUEST		Elements12	1612285123622	1612285123854	OK	 
REQUEST		Elements13	1612285125870	1612285126091	OK	 
REQUEST		Elements14	1612285128106	1612285128298	OK	 
REQUEST		Elements15	1612285128306	1612285128509	OK	 
REQUEST		Elements16	1612285129528	1612285129723	OK	 
REQUEST		AddCardDetails	1612285130745	1612285131214	KO	status.find.in(200,201,202,203,204,205,206,207,208,209,304), found 400
USER	GeneralAdmission1	END	1612285131257
