RUN	GeneralAdmission1	generaladmission1	1612436333650	 	3.5.0
USER	GeneralAdmission1	START	1612436335495
USER	GeneralAdmission1	START	1612436335497
USER	GeneralAdmission1	START	1612436335527
USER	GeneralAdmission1	START	1612436335528
USER	GeneralAdmission1	START	1612436335605
USER	GeneralAdmission1	START	1612436335493
USER	GeneralAdmission1	START	1612436335498
USER	GeneralAdmission1	START	1612436335497
USER	GeneralAdmission1	START	1612436335497
USER	GeneralAdmission1	START	1612436335598
USER	GeneralAdmission1	START	1612436335603
USER	GeneralAdmission1	START	1612436335610
USER	GeneralAdmission1	START	1612436335612
USER	GeneralAdmission1	START	1612436335630
USER	GeneralAdmission1	START	1612436335617
USER	GeneralAdmission1	START	1612436335598
USER	GeneralAdmission1	START	1612436335619
USER	GeneralAdmission1	START	1612436335643
USER	GeneralAdmission1	START	1612436335628
USER	GeneralAdmission1	START	1612436335616
USER	GeneralAdmission1	START	1612436335640
USER	GeneralAdmission1	START	1612436335625
USER	GeneralAdmission1	START	1612436335630
USER	GeneralAdmission1	START	1612436335649
USER	GeneralAdmission1	START	1612436335634
USER	GeneralAdmission1	START	1612436335651
USER	GeneralAdmission1	START	1612436335650
USER	GeneralAdmission1	START	1612436335665
USER	GeneralAdmission1	START	1612436335643
USER	GeneralAdmission1	START	1612436335661
USER	GeneralAdmission1	START	1612436335660
USER	GeneralAdmission1	START	1612436335675
USER	GeneralAdmission1	START	1612436335666
USER	GeneralAdmission1	START	1612436335667
USER	GeneralAdmission1	START	1612436335668
USER	GeneralAdmission1	START	1612436335689
USER	GeneralAdmission1	START	1612436335690
USER	GeneralAdmission1	START	1612436335659
USER	GeneralAdmission1	START	1612436335664
USER	GeneralAdmission1	START	1612436335674
USER	GeneralAdmission1	START	1612436335679
USER	GeneralAdmission1	START	1612436335682
USER	GeneralAdmission1	START	1612436335693
USER	GeneralAdmission1	START	1612436335694
USER	GeneralAdmission1	START	1612436335695
USER	GeneralAdmission1	START	1612436335696
USER	GeneralAdmission1	START	1612436335710
USER	GeneralAdmission1	START	1612436335698
USER	GeneralAdmission1	START	1612436335676
USER	GeneralAdmission1	START	1612436335702
USER	GeneralAdmission1	START	1612436335707
USER	GeneralAdmission1	START	1612436335707
USER	GeneralAdmission1	START	1612436335727
USER	GeneralAdmission1	START	1612436335697
USER	GeneralAdmission1	START	1612436335713
USER	GeneralAdmission1	START	1612436335719
USER	GeneralAdmission1	START	1612436335721
USER	GeneralAdmission1	START	1612436335718
USER	GeneralAdmission1	START	1612436335728
USER	GeneralAdmission1	START	1612436335748
USER	GeneralAdmission1	START	1612436335710
USER	GeneralAdmission1	START	1612436335733
USER	GeneralAdmission1	START	1612436335735
USER	GeneralAdmission1	START	1612436335762
USER	GeneralAdmission1	START	1612436335745
USER	GeneralAdmission1	START	1612436335751
USER	GeneralAdmission1	START	1612436335735
USER	GeneralAdmission1	START	1612436335757
USER	GeneralAdmission1	START	1612436335743
USER	GeneralAdmission1	START	1612436335770
USER	GeneralAdmission1	START	1612436335753
USER	GeneralAdmission1	START	1612436335769
USER	GeneralAdmission1	START	1612436335781
USER	GeneralAdmission1	START	1612436335754
USER	GeneralAdmission1	START	1612436335784
USER	GeneralAdmission1	START	1612436335774
USER	GeneralAdmission1	START	1612436335766
USER	GeneralAdmission1	START	1612436335787
USER	GeneralAdmission1	START	1612436335767
USER	GeneralAdmission1	START	1612436335783
USER	GeneralAdmission1	START	1612436335784
USER	GeneralAdmission1	START	1612436335775
USER	GeneralAdmission1	START	1612436335787
USER	GeneralAdmission1	START	1612436335790
USER	GeneralAdmission1	START	1612436335792
USER	GeneralAdmission1	START	1612436335799
USER	GeneralAdmission1	START	1612436335800
USER	GeneralAdmission1	START	1612436335805
USER	GeneralAdmission1	START	1612436335807
USER	GeneralAdmission1	START	1612436335802
USER	GeneralAdmission1	START	1612436335812
USER	GeneralAdmission1	START	1612436335821
USER	GeneralAdmission1	START	1612436335816
USER	GeneralAdmission1	START	1612436335817
USER	GeneralAdmission1	START	1612436335813
USER	GeneralAdmission1	START	1612436335819
USER	GeneralAdmission1	START	1612436335828
USER	GeneralAdmission1	START	1612436335829
USER	GeneralAdmission1	START	1612436335832
USER	GeneralAdmission1	START	1612436335842
REQUEST		GetToken	1612436335768	1612436336653	OK	 
REQUEST		GetToken	1612436335677	1612436336935	OK	 
REQUEST		GetToken	1612436335731	1612436336982	OK	 
REQUEST		GetToken	1612436335687	1612436336983	OK	 
REQUEST		GetToken	1612436335713	1612436336996	OK	 
REQUEST		GetToken	1612436335782	1612436337006	OK	 
REQUEST		GetToken	1612436335785	1612436337040	OK	 
REQUEST		GetToken	1612436335692	1612436337097	OK	 
REQUEST		GetToken	1612436335788	1612436337097	OK	 
REQUEST		GetToken	1612436335704	1612436337124	OK	 
REQUEST		GetToken	1612436335796	1612436337211	OK	 
REQUEST		GetToken	1612436335723	1612436337236	OK	 
REQUEST		GetToken	1612436335730	1612436337377	OK	 
REQUEST		GetToken	1612436335702	1612436337477	OK	 
REQUEST		GetToken	1612436335626	1612436337519	OK	 
REQUEST		GetToken	1612436335758	1612436337596	OK	 
REQUEST		GetToken	1612436335800	1612436337597	OK	 
REQUEST		GetToken	1612436335648	1612436337615	OK	 
REQUEST		GetToken	1612436335815	1612436337649	OK	 
REQUEST		GetToken	1612436335750	1612436337680	OK	 
REQUEST		GetToken	1612436335811	1612436337750	OK	 
REQUEST		GetToken	1612436335662	1612436337772	OK	 
REQUEST		GetToken	1612436335542	1612436337773	OK	 
REQUEST		GetToken	1612436335691	1612436337776	OK	 
REQUEST		GetToken	1612436335627	1612436337786	OK	 
REQUEST		GetToken	1612436335810	1612436337817	OK	 
REQUEST		GetToken	1612436335613	1612436337841	OK	 
REQUEST		GetToken	1612436335679	1612436337878	OK	 
REQUEST		GetToken	1612436335711	1612436337895	OK	 
REQUEST		GetToken	1612436335666	1612436337881	OK	 
REQUEST		GetToken	1612436335542	1612436337908	OK	 
REQUEST		GetToken	1612436335818	1612436337902	OK	 
REQUEST		GetToken	1612436335543	1612436337912	OK	 
REQUEST		GetToken	1612436335741	1612436337914	OK	 
REQUEST		GetToken	1612436335769	1612436337928	OK	 
REQUEST		GetToken	1612436335635	1612436337929	OK	 
REQUEST		GetToken	1612436335684	1612436337926	OK	 
REQUEST		GetToken	1612436335608	1612436337934	OK	 
REQUEST		GetToken	1612436335631	1612436337947	OK	 
REQUEST		GetToken	1612436335826	1612436337946	OK	 
REQUEST		GetToken	1612436335830	1612436337948	OK	 
REQUEST		GetToken	1612436335843	1612436337960	OK	 
REQUEST		GetToken	1612436335852	1612436337961	OK	 
REQUEST		GetToken	1612436335653	1612436340166	OK	 
REQUEST		GetToken	1612436335763	1612436340194	OK	 
REQUEST		GetToken	1612436335657	1612436340197	OK	 
REQUEST		GetToken	1612436335711	1612436340225	OK	 
REQUEST		GetToken	1612436335778	1612436340308	OK	 
REQUEST		GetToken	1612436335764	1612436340319	OK	 
REQUEST		GetToken	1612436335668	1612436340352	OK	 
REQUEST		GetToken	1612436335814	1612436340398	OK	 
REQUEST		GetToken	1612436335647	1612436340398	OK	 
REQUEST		GetToken	1612436335708	1612436340423	OK	 
REQUEST		GetToken	1612436335853	1612436340449	OK	 
REQUEST		GetToken	1612436335821	1612436340454	OK	 
REQUEST		GetToken	1612436335755	1612436340477	OK	 
REQUEST		GetToken	1612436335759	1612436340537	OK	 
REQUEST		GetToken	1612436335601	1612436340614	OK	 
REQUEST		GetToken	1612436335714	1612436340619	OK	 
REQUEST		GetToken	1612436335779	1612436340681	OK	 
REQUEST		GetToken	1612436335703	1612436340682	OK	 
REQUEST		GetToken	1612436335803	1612436340695	OK	 
REQUEST		GetToken	1612436335785	1612436340841	OK	 
REQUEST		GetToken	1612436335737	1612436340841	OK	 
REQUEST		GetToken	1612436335772	1612436340847	OK	 
REQUEST		GetToken	1612436335764	1612436340858	OK	 
REQUEST		GetToken	1612436335778	1612436340864	OK	 
REQUEST		GetToken	1612436335803	1612436340875	OK	 
REQUEST		GetToken	1612436335827	1612436340902	OK	 
REQUEST		GetToken	1612436335815	1612436340906	OK	 
REQUEST		GetToken	1612436335645	1612436340933	OK	 
REQUEST		GetToken	1612436335724	1612436340941	OK	 
REQUEST		GetToken	1612436335686	1612436340967	OK	 
REQUEST		GetToken	1612436335830	1612436341071	OK	 
REQUEST		GetToken	1612436335654	1612436341087	OK	 
REQUEST		GetToken	1612436335674	1612436341097	OK	 
REQUEST		GetToken	1612436335817	1612436341098	OK	 
REQUEST		GetToken	1612436335781	1612436341108	OK	 
REQUEST		GetToken	1612436335544	1612436341123	OK	 
REQUEST		GetToken	1612436335542	1612436341121	OK	 
REQUEST		GetToken	1612436335681	1612436341136	OK	 
REQUEST		GetToken	1612436335644	1612436341127	OK	 
REQUEST		GetToken	1612436335544	1612436341131	OK	 
REQUEST		GetToken	1612436335632	1612436341137	OK	 
REQUEST		GetToken	1612436335664	1612436341155	OK	 
REQUEST		GetToken	1612436335720	1612436341155	OK	 
REQUEST		GetToken	1612436335542	1612436341158	OK	 
REQUEST		GetToken	1612436335767	1612436341168	OK	 
REQUEST		GetToken	1612436335702	1612436341170	OK	 
REQUEST		GetToken	1612436335623	1612436341179	OK	 
REQUEST		GetToken	1612436335661	1612436341185	OK	 
REQUEST		GetToken	1612436335721	1612436341186	OK	 
REQUEST		GetToken	1612436335677	1612436341198	OK	 
REQUEST		GetToken	1612436335749	1612436341199	OK	 
REQUEST		GetToken	1612436335709	1612436341204	OK	 
REQUEST		GetToken	1612436335542	1612436341205	OK	 
REQUEST		GetToken	1612436335795	1612436341215	OK	 
REQUEST		GetToken	1612436335641	1612436341216	OK	 
REQUEST		GetToken	1612436335658	1612436341224	OK	 
REQUEST		GetToken	1612436335695	1612436341259	OK	 
REQUEST		AddToCart	1612436341950	1612436342010	OK	 
REQUEST		AddToCart	1612436341986	1612436342051	OK	 
REQUEST		AddToCart	1612436342004	1612436342111	OK	 
REQUEST		AddToCart	1612436342004	1612436342111	OK	 
REQUEST		AddToCart	1612436342003	1612436342112	OK	 
REQUEST		AddToCart	1612436342033	1612436342117	OK	 
REQUEST		AddToCart	1612436342067	1612436342174	OK	 
REQUEST		AddToCart	1612436342116	1612436342192	OK	 
REQUEST		AddToCart	1612436342116	1612436342193	OK	 
REQUEST		AddToCart	1612436342143	1612436342208	OK	 
REQUEST		AddToCart	1612436342222	1612436342286	OK	 
REQUEST		AddToCart	1612436342250	1612436342314	OK	 
REQUEST		AddToCart	1612436342389	1612436342453	OK	 
REQUEST		AddToCart	1612436342497	1612436342558	OK	 
REQUEST		AddToCart	1612436342529	1612436342601	OK	 
REQUEST		AddToCart	1612436342607	1612436342694	OK	 
REQUEST		AddToCart	1612436342624	1612436342706	OK	 
REQUEST		AddToCart	1612436342607	1612436342706	OK	 
REQUEST		AddToCart	1612436342668	1612436342735	OK	 
REQUEST		AddToCart	1612436342702	1612436342764	OK	 
REQUEST		AddToCart	1612436342761	1612436342828	OK	 
REQUEST		AddToCart	1612436342793	1612436342887	OK	 
REQUEST		AddToCart	1612436342792	1612436342886	OK	 
REQUEST		AddToCart	1612436342792	1612436342893	OK	 
REQUEST		AddToCart	1612436342794	1612436342905	OK	 
REQUEST		AddToCart	1612436342823	1612436342929	OK	 
REQUEST		AddToCart	1612436342853	1612436342931	OK	 
REQUEST		AddToCart	1612436342917	1612436342981	OK	 
REQUEST		AddToCart	1612436342935	1612436343067	OK	 
REQUEST		AddToCart	1612436342937	1612436343081	OK	 
REQUEST		AddToCart	1612436342934	1612436343081	OK	 
REQUEST		AddToCart	1612436342938	1612436343084	OK	 
REQUEST		AddToCart	1612436342935	1612436343102	OK	 
REQUEST		AddToCart	1612436342964	1612436343165	OK	 
REQUEST		AddToCart	1612436342964	1612436343171	OK	 
REQUEST		AddToCart	1612436342964	1612436343171	OK	 
REQUEST		AddToCart	1612436342964	1612436343171	OK	 
REQUEST		AddToCart	1612436342966	1612436343177	OK	 
REQUEST		AddToCart	1612436342966	1612436343177	OK	 
REQUEST		AddToCart	1612436342966	1612436343177	OK	 
REQUEST		AddToCart	1612436342962	1612436343184	OK	 
REQUEST		AddToCart	1612436342968	1612436343184	OK	 
REQUEST		AddToCart	1612436342968	1612436343186	OK	 
REQUEST		AddToCart2	1612436345018	1612436345083	OK	 
REQUEST		AddToCart2	1612436345064	1612436345134	OK	 
REQUEST		AddToCart2	1612436345128	1612436345202	OK	 
REQUEST		AddToCart2	1612436345130	1612436345211	OK	 
REQUEST		AddToCart2	1612436345127	1612436345211	OK	 
REQUEST		AddToCart2	1612436345128	1612436345222	OK	 
REQUEST		AddToCart	1612436345174	1612436345237	OK	 
REQUEST		AddToCart2	1612436345190	1612436345269	OK	 
REQUEST		AddToCart2	1612436345203	1612436345298	OK	 
REQUEST		AddToCart	1612436345207	1612436345336	OK	 
REQUEST		AddToCart2	1612436345214	1612436345336	OK	 
REQUEST		AddToCart	1612436345207	1612436345338	OK	 
REQUEST		AddToCart2	1612436345207	1612436345339	OK	 
REQUEST		AddToCart	1612436345236	1612436345345	OK	 
REQUEST		AddToCart2	1612436345296	1612436345361	OK	 
REQUEST		AddToCart	1612436345327	1612436345381	OK	 
REQUEST		AddToCart	1612436345361	1612436345418	OK	 
REQUEST		AddToCart	1612436345329	1612436345441	OK	 
REQUEST		AddToCart2	1612436345327	1612436345442	OK	 
REQUEST		AddToCart	1612436345404	1612436345483	OK	 
REQUEST		AddToCart	1612436345423	1612436345506	OK	 
REQUEST		AddToCart	1612436345437	1612436345546	OK	 
REQUEST		AddToCart2	1612436345466	1612436345563	OK	 
REQUEST		AddToCart	1612436345464	1612436345563	OK	 
REQUEST		AddToCart	1612436345468	1612436345575	OK	 
REQUEST		AddToCart	1612436345497	1612436345575	OK	 
REQUEST		AddToCart	1612436345541	1612436345595	OK	 
REQUEST		AddToCart2	1612436345565	1612436345636	OK	 
REQUEST		AddToCart2	1612436345617	1612436345676	OK	 
REQUEST		AddToCart	1612436345636	1612436345698	OK	 
REQUEST		AddToCart	1612436345638	1612436345713	OK	 
REQUEST		AddToCart	1612436345697	1612436345770	OK	 
REQUEST		AddToCart	1612436345697	1612436345797	OK	 
REQUEST		AddToCart	1612436345713	1612436345800	OK	 
REQUEST		AddToCart2	1612436345713	1612436345815	OK	 
REQUEST		AddToCart2	1612436345713	1612436345822	OK	 
REQUEST		AddToCart2	1612436345717	1612436345822	OK	 
REQUEST		AddToCart2	1612436345742	1612436345906	OK	 
REQUEST		AddToCart2	1612436345774	1612436345907	OK	 
REQUEST		AddToCart2	1612436345837	1612436345921	OK	 
REQUEST		AddToCart	1612436345852	1612436345961	OK	 
REQUEST		AddToCart	1612436345868	1612436345983	OK	 
REQUEST		AddToCart	1612436345868	1612436345985	OK	 
REQUEST		AddToCart	1612436345870	1612436345994	OK	 
REQUEST		AddToCart	1612436345884	1612436346036	OK	 
REQUEST		AddToCart2	1612436345898	1612436346081	OK	 
REQUEST		AddToCart	1612436345871	1612436346080	OK	 
REQUEST		AddToCart2	1612436345898	1612436346080	OK	 
REQUEST		AddToCart	1612436345917	1612436346094	OK	 
REQUEST		AddToCart	1612436345915	1612436346097	OK	 
REQUEST		AddToCart2	1612436345915	1612436346090	OK	 
REQUEST		AddToCart2	1612436345898	1612436346092	OK	 
REQUEST		AddToCart	1612436345944	1612436346135	OK	 
REQUEST		AddToCart2	1612436345943	1612436346181	OK	 
REQUEST		AddToCart	1612436345961	1612436346185	OK	 
REQUEST		AddToCart2	1612436345944	1612436346188	OK	 
REQUEST		AddToCart2	1612436345992	1612436346193	OK	 
REQUEST		AddToCart	1612436345977	1612436346203	OK	 
REQUEST		AddToCart2	1612436346088	1612436346285	OK	 
REQUEST		AddToCart2	1612436346091	1612436346289	OK	 
REQUEST		AddToCart	1612436346092	1612436346426	OK	 
REQUEST		AddToCart	1612436346107	1612436346428	OK	 
REQUEST		AddToCart	1612436346113	1612436346430	OK	 
REQUEST		AddToCart2	1612436346109	1612436346440	OK	 
REQUEST		AddToCart2	1612436346103	1612436346440	OK	 
REQUEST		AddToCart2	1612436346107	1612436346441	OK	 
REQUEST		AddToCart	1612436346115	1612436346441	OK	 
REQUEST		AddToCart	1612436346147	1612436346512	OK	 
REQUEST		AddToCart	1612436346117	1612436346512	OK	 
REQUEST		AddToCart	1612436346162	1612436346688	OK	 
REQUEST		AddToCart	1612436346163	1612436346690	OK	 
REQUEST		AddToCart	1612436346147	1612436346895	OK	 
REQUEST		AddToCart2	1612436346193	1612436346919	OK	 
REQUEST		AddToCart	1612436346164	1612436346919	OK	 
REQUEST		AddToCart	1612436346175	1612436346919	OK	 
REQUEST		AddToCart2	1612436346175	1612436346919	OK	 
REQUEST		AddToCart	1612436346162	1612436346926	OK	 
REQUEST		AddToCart2	1612436346194	1612436346926	OK	 
REQUEST		AddToCart	1612436346168	1612436346926	OK	 
REQUEST		AddToCart	1612436346238	1612436346927	OK	 
REQUEST		AddToCart2	1612436346195	1612436346927	OK	 
REQUEST		AddToCart2	1612436346203	1612436346932	OK	 
REQUEST		AddToCart	1612436346174	1612436346932	OK	 
REQUEST		AddToCart	1612436346195	1612436346980	OK	 
REQUEST		AddToCart2	1612436346203	1612436346980	OK	 
REQUEST		AddToCart	1612436346199	1612436346980	OK	 
REQUEST		AddToCart	1612436346268	1612436346980	OK	 
REQUEST		AddToCart	1612436346209	1612436346985	OK	 
REQUEST		AddToCart	1612436346212	1612436346985	OK	 
REQUEST		AddToCart	1612436346215	1612436346985	OK	 
REQUEST		AddToCart	1612436346225	1612436346988	OK	 
REQUEST		AddToCart	1612436346219	1612436346990	OK	 
REQUEST		AddToCart2	1612436346213	1612436346990	OK	 
REQUEST		AddToCart	1612436346217	1612436346990	OK	 
REQUEST		AddToCart2	1612436346214	1612436346994	OK	 
REQUEST		AddToCart	1612436346219	1612436346994	OK	 
REQUEST		AddToCart	1612436346224	1612436346994	OK	 
REQUEST		AddToCart2	1612436346196	1612436346998	OK	 
REQUEST		AddToCart2	1612436346210	1612436347000	OK	 
REQUEST		AddToCart	1612436346224	1612436347018	OK	 
REQUEST		CreateGeneral	1612436347285	1612436347725	OK	 
REQUEST		CreateGeneral	1612436347205	1612436347730	OK	 
REQUEST		CreateGeneral	1612436347223	1612436347733	OK	 
REQUEST		CreateGeneral	1612436347316	1612436347790	OK	 
REQUEST		CreateGeneral	1612436347378	1612436347826	OK	 
REQUEST		CreateGeneral	1612436347349	1612436347826	OK	 
REQUEST		CreateGeneral	1612436347098	1612436347894	OK	 
REQUEST		CreateGeneral	1612436347223	1612436347928	OK	 
REQUEST		CreateGeneral	1612436347455	1612436347928	OK	 
REQUEST		CreateGeneral	1612436347144	1612436347928	OK	 
REQUEST		CreateGeneral	1612436347580	1612436347986	OK	 
REQUEST		CreateGeneral	1612436347643	1612436348044	OK	 
REQUEST		CreateGeneral	1612436347690	1612436348044	OK	 
REQUEST		CreateGeneral	1612436347836	1612436348095	OK	 
REQUEST		CreateGeneral	1612436347835	1612436348131	OK	 
REQUEST		CreateGeneral	1612436347837	1612436348131	OK	 
REQUEST		CreateGeneral	1612436347923	1612436348131	OK	 
REQUEST		CreateGeneral	1612436347923	1612436348193	OK	 
REQUEST		CreateGeneral	1612436347942	1612436348229	OK	 
REQUEST		CreateGeneral	1612436348094	1612436348290	OK	 
REQUEST		CreateGeneral	1612436348111	1612436348303	OK	 
REQUEST		AddToCart2	1612436348248	1612436348316	OK	 
REQUEST		CreateGeneral	1612436348112	1612436348328	OK	 
REQUEST		CreateGeneral	1612436348094	1612436348349	OK	 
REQUEST		CreateGeneral	1612436348187	1612436348380	OK	 
REQUEST		AddToCart2	1612436348344	1612436348406	OK	 
REQUEST		AddToCart2	1612436348345	1612436348408	OK	 
REQUEST		AddToCart2	1612436348360	1612436348422	OK	 
REQUEST		AddToCart2	1612436348391	1612436348458	OK	 
REQUEST		CreateGeneral	1612436348295	1612436348519	OK	 
REQUEST		AddToCart2	1612436348438	1612436348665	OK	 
REQUEST		CreateGeneral	1612436348220	1612436348669	OK	 
REQUEST		AddToCart2	1612436348453	1612436348726	OK	 
REQUEST		CreateGeneral	1612436348205	1612436348726	OK	 
REQUEST		AddToCart2	1612436348497	1612436348777	OK	 
REQUEST		CreateGeneral	1612436348454	1612436348777	OK	 
REQUEST		AddToCart2	1612436348514	1612436348781	OK	 
REQUEST		AddToCart2	1612436348576	1612436348839	OK	 
REQUEST		AddToCart2	1612436348591	1612436348839	OK	 
REQUEST		AddToCart2	1612436348607	1612436348839	OK	 
REQUEST		AddToCart2	1612436348591	1612436348843	OK	 
REQUEST		CreateGeneral	1612436348454	1612436348842	OK	 
REQUEST		AddToCart2	1612436348560	1612436348846	OK	 
REQUEST		CreateGeneral	1612436347240	1612436348846	OK	 
REQUEST		AddToCart2	1612436348713	1612436348849	OK	 
REQUEST		CreateGeneral	1612436348454	1612436348849	OK	 
REQUEST		AddToCart2	1612436348732	1612436348852	OK	 
REQUEST		AddToCart2	1612436348776	1612436348881	OK	 
REQUEST		AddToCart2	1612436348807	1612436348882	OK	 
REQUEST		AddToCart2	1612436348808	1612436348898	OK	 
REQUEST		CreateGeneral	1612436347347	1612436348942	OK	 
REQUEST		AddToCart2	1612436348994	1612436349171	OK	 
REQUEST		AddToCart2	1612436348965	1612436349171	OK	 
REQUEST		AddToCart2	1612436348999	1612436349174	OK	 
REQUEST		AddToCart2	1612436348994	1612436349174	OK	 
REQUEST		AddToCart2	1612436349040	1612436349176	OK	 
REQUEST		AddToCart2	1612436349103	1612436349185	OK	 
REQUEST		AddToCart2	1612436349105	1612436349212	OK	 
REQUEST		AddToCart2	1612436349106	1612436349217	OK	 
REQUEST		AddToCart2	1612436349152	1612436349229	OK	 
REQUEST		AddToCart2	1612436349201	1612436349271	OK	 
REQUEST		CreateGeneral	1612436349000	1612436349319	OK	 
REQUEST		CreateGeneral	1612436348939	1612436349319	OK	 
REQUEST		AddToCart2	1612436349217	1612436349320	OK	 
REQUEST		CreateGeneral	1612436348937	1612436349322	OK	 
REQUEST		CreateGeneral	1612436349014	1612436349318	KO	status.find.is(200), but actually found 400
REQUEST		CreateGeneral	1612436348953	1612436349330	OK	 
REQUEST		CreateGeneral	1612436349013	1612436349370	OK	 
REQUEST		CreateGeneral	1612436349002	1612436349370	OK	 
REQUEST		CreateGeneral	1612436348938	1612436349388	OK	 
REQUEST		CreateGeneral	1612436348941	1612436349398	OK	 
REQUEST		CreateGeneral	1612436349328	1612436349563	OK	 
REQUEST		AddToCart2	1612436349431	1612436349581	OK	 
REQUEST		AddToCart2	1612436349432	1612436349581	OK	 
REQUEST		AddToCart2	1612436349449	1612436349585	OK	 
REQUEST		AddToCart2	1612436349449	1612436349599	OK	 
REQUEST		AddToCart2	1612436349524	1612436349605	OK	 
REQUEST		AddToCart2	1612436349525	1612436349604	OK	 
REQUEST		CreateGeneral	1612436348295	1612436349605	OK	 
REQUEST		AddToCart2	1612436349694	1612436349808	OK	 
REQUEST		AddToCart2	1612436349695	1612436349808	OK	 
REQUEST		AddToCart2	1612436349923	1612436349991	OK	 
REQUEST		AddToCart2	1612436349925	1612436349996	OK	 
REQUEST		AddToCart2	1612436349941	1612436350009	OK	 
REQUEST		AddToCart2	1612436349949	1612436350044	OK	 
REQUEST		AddToCart2	1612436349949	1612436350045	OK	 
REQUEST		AddToCart2	1612436349949	1612436350047	OK	 
REQUEST		AddToCart2	1612436349952	1612436350056	OK	 
REQUEST		AddToCart2	1612436349991	1612436350092	OK	 
REQUEST		AddToCart2	1612436349991	1612436350140	OK	 
REQUEST		AddToCart2	1612436349994	1612436350142	OK	 
REQUEST		AddToCart2	1612436349993	1612436350141	OK	 
REQUEST		AddToCart2	1612436350008	1612436350178	OK	 
REQUEST		AddToCart2	1612436349991	1612436350180	OK	 
REQUEST		AddToCart2	1612436350008	1612436350180	OK	 
REQUEST		AddToCart2	1612436349993	1612436350182	OK	 
REQUEST		AddToCart2	1612436349995	1612436350184	OK	 
REQUEST		AddToCart2	1612436349995	1612436350184	OK	 
REQUEST		AddToCart2	1612436349994	1612436350188	OK	 
REQUEST		AddToCart2	1612436350024	1612436350188	OK	 
REQUEST		CreateGeneral	1612436348998	1612436350330	OK	 
REQUEST		CreateGeneral	1612436350332	1612436350560	OK	 
REQUEST		CreateGeneral	1612436350412	1612436350614	OK	 
REQUEST		CreateGeneral	1612436350411	1612436350615	OK	 
REQUEST		CreateGeneral	1612436350429	1612436350649	OK	 
REQUEST		CreateGeneral	1612436350474	1612436350649	OK	 
REQUEST		CreateGeneral	1612436350674	1612436350855	OK	 
REQUEST		CreateGeneral	1612436350737	1612436350905	OK	 
REQUEST		CreateGeneral	1612436350784	1612436351074	OK	 
REQUEST		CreateGeneral	1612436350801	1612436351102	OK	 
REQUEST		CreateGeneral	1612436350859	1612436351149	KO	status.find.is(200), but actually found 400
REQUEST		CreateGeneral	1612436350846	1612436351206	OK	 
REQUEST		CreateGeneral	1612436350858	1612436351208	OK	 
REQUEST		CreateGeneral	1612436350864	1612436351221	OK	 
REQUEST		CreateGeneral	1612436350847	1612436351224	OK	 
REQUEST		CreateGeneral	1612436350847	1612436351242	OK	 
REQUEST		CreateGeneral	1612436350892	1612436351302	OK	 
REQUEST		CreateGeneral	1612436350910	1612436351367	OK	 
REQUEST		CreateGeneral	1612436350893	1612436351370	OK	 
REQUEST		CreateGeneral	1612436351151	1612436351507	OK	 
REQUEST		CreateGeneral	1612436351186	1612436351582	OK	 
REQUEST		CreateGeneral	1612436351186	1612436351582	OK	 
REQUEST		CreateGeneral	1612436351185	1612436351586	OK	 
REQUEST		CreateGeneral	1612436351190	1612436351588	OK	 
REQUEST		CreateGeneral	1612436351189	1612436351592	OK	 
REQUEST		CreateGeneral	1612436351234	1612436351628	OK	 
REQUEST		CreateGeneral	1612436351249	1612436351643	OK	 
REQUEST		CreateGeneral	1612436351277	1612436351643	OK	 
REQUEST		CreateGeneral	1612436351340	1612436351729	OK	 
REQUEST		CreateGeneral	1612436351590	1612436351801	OK	 
REQUEST		CreateGeneral	1612436351185	1612436351835	KO	status.find.is(200), but actually found 400
REQUEST		CreateGeneral	1612436351591	1612436351918	OK	 
REQUEST		CreateGeneral	1612436351609	1612436352011	OK	 
REQUEST		CreateGeneral	1612436351623	1612436352043	OK	 
REQUEST		CreateGeneral	1612436351608	1612436352085	OK	 
REQUEST		BookingDetails	1612436351745	1612436352085	OK	 
REQUEST		CreateGeneral	1612436351623	1612436352085	OK	 
REQUEST		BookingDetails	1612436351747	1612436352093	OK	 
REQUEST		BookingDetails	1612436351748	1612436352096	OK	 
REQUEST		BookingDetails	1612436351807	1612436352684	OK	 
REQUEST		CreateGeneral	1612436350848	1612436353024	OK	 
REQUEST		BookingDetails	1612436351840	1612436353072	OK	 
REQUEST		CreateGeneral	1612436351837	1612436353073	OK	 
REQUEST		CreateGeneral	1612436351825	1612436353094	OK	 
REQUEST		BookingDetails	1612436351840	1612436353242	OK	 
REQUEST		BookingDetails	1612436351900	1612436353550	OK	 
REQUEST		CreateGeneral	1612436351218	1612436353589	OK	 
REQUEST		CreateGeneral	1612436352060	1612436354091	KO	status.find.is(200), but actually found 400
REQUEST		BookingDetails	1612436351947	1612436354436	OK	 
REQUEST		BookingDetails	1612436351994	1612436354436	OK	 
REQUEST		BookingDetails	1612436351947	1612436354436	OK	 
REQUEST		ConfirmPayment	1612436352094	1612436354441	OK	 
REQUEST		BookingDetails	1612436351947	1612436354443	OK	 
REQUEST		CreateGeneral	1612436352011	1612436354443	OK	 
REQUEST		ConfirmPayment	1612436352097	1612436354445	OK	 
REQUEST		CreateGeneral	1612436352012	1612436354453	OK	 
REQUEST		ConfirmPayment	1612436352092	1612436354456	OK	 
REQUEST		CreateGeneral	1612436352059	1612436354694	OK	 
REQUEST		CreateGeneral	1612436352028	1612436354694	OK	 
REQUEST		BookingDetails	1612436352059	1612436354702	OK	 
REQUEST		BookingDetails	1612436352059	1612436354702	OK	 
REQUEST		BookingDetails	1612436352098	1612436354702	OK	 
REQUEST		CreateGeneral	1612436352060	1612436354702	OK	 
REQUEST		CreateGeneral	1612436352062	1612436354710	OK	 
REQUEST		CreateGeneral	1612436352105	1612436354711	OK	 
REQUEST		CreateGeneral	1612436351825	1612436354716	OK	 
REQUEST		CreateGeneral	1612436352196	1612436354959	OK	 
REQUEST		CreateGeneral	1612436352195	1612436354959	OK	 
REQUEST		CreateGeneral	1612436352149	1612436354959	OK	 
REQUEST		CreateGeneral	1612436352149	1612436354964	OK	 
REQUEST		CreateGeneral	1612436352149	1612436354964	OK	 
REQUEST		CreateGeneral	1612436352197	1612436354967	OK	 
REQUEST		CreateGeneral	1612436352199	1612436355036	OK	 
REQUEST		CreateGeneral	1612436352195	1612436355038	OK	 
REQUEST		CreateGeneral	1612436352197	1612436355038	OK	 
REQUEST		CreateGeneral	1612436352196	1612436355045	OK	 
REQUEST		ConfirmPayment	1612436352686	1612436355056	OK	 
REQUEST		CreateGeneral	1612436352198	1612436355057	OK	 
REQUEST		BookingDetails	1612436352149	1612436355169	OK	 
REQUEST		BookingDetails	1612436352148	1612436355176	OK	 
REQUEST		BookingDetails	1612436352149	1612436355176	OK	 
REQUEST		BookingDetails	1612436352195	1612436355179	OK	 
REQUEST		BookingDetails	1612436352241	1612436355181	OK	 
REQUEST		BookingDetails	1612436352304	1612436355200	OK	 
REQUEST		BookingDetails	1612436352321	1612436355200	OK	 
REQUEST		BookingDetails	1612436352336	1612436355203	OK	 
REQUEST		BookingDetails	1612436352365	1612436355212	OK	 
REQUEST		BookingDetails	1612436352397	1612436355330	OK	 
REQUEST		BookingDetails	1612436352537	1612436355461	OK	 
REQUEST		ConfirmPayment	1612436353076	1612436355538	OK	 
REQUEST		BookingDetails	1612436352739	1612436355842	OK	 
REQUEST		BookingDetails	1612436352677	1612436355841	OK	 
REQUEST		BookingDetails	1612436352786	1612436355842	OK	 
REQUEST		BookingDetails	1612436352850	1612436355890	OK	 
REQUEST		BookingDetails	1612436352868	1612436355892	OK	 
REQUEST		ConfirmPayment	1612436353552	1612436355891	OK	 
REQUEST		ConfirmPayment	1612436353255	1612436355892	OK	 
REQUEST		BookingDetails	1612436352852	1612436355897	OK	 
REQUEST		BookingDetails	1612436352959	1612436356153	OK	 
REQUEST		BookingDetails	1612436353336	1612436356541	OK	 
REQUEST		BookingDetails	1612436353336	1612436356544	OK	 
REQUEST		BookingDetails	1612436353335	1612436356545	OK	 
REQUEST		BookingDetails	1612436353382	1612436356549	OK	 
REQUEST		ConfirmPayment	1612436354439	1612436356552	OK	 
REQUEST		ConfirmPayment	1612436354439	1612436356557	OK	 
REQUEST		BookingDetails	1612436353382	1612436356557	OK	 
REQUEST		ConfirmPayment	1612436354439	1612436356557	OK	 
REQUEST		ConfirmPayment	1612436354451	1612436356560	OK	 
REQUEST		BookingDetails	1612436353336	1612436356564	OK	 
REQUEST		BookingDetails	1612436353400	1612436356780	OK	 
REQUEST		CreateGeneral	1612436354094	1612436356782	OK	 
REQUEST		BookingDetails	1612436353574	1612436356831	OK	 
REQUEST		BookingDetails	1612436353416	1612436356831	OK	 
REQUEST		BookingDetails	1612436353618	1612436356834	OK	 
REQUEST		ConfirmPayment	1612436354706	1612436357437	OK	 
REQUEST		ConfirmPayment	1612436354706	1612436357437	OK	 
REQUEST		ConfirmPayment	1612436354706	1612436357512	OK	 
REQUEST		BookingDetails	1612436354338	1612436357512	OK	 
REQUEST		ConfirmPayment	1612436355182	1612436358059	OK	 
REQUEST		ConfirmPayment	1612436355205	1612436358059	OK	 
REQUEST		ConfirmPayment	1612436355214	1612436358060	OK	 
REQUEST		BookingDetails	1612436354573	1612436358060	OK	 
REQUEST		ConfirmPayment	1612436355179	1612436358065	OK	 
REQUEST		ConfirmPayment	1612436355202	1612436358066	OK	 
REQUEST		ConfirmPayment	1612436355181	1612436358066	OK	 
REQUEST		BookingDetails	1612436354667	1612436358067	OK	 
REQUEST		BookingDetails	1612436354621	1612436358067	OK	 
REQUEST		ConfirmPayment	1612436355202	1612436358072	OK	 
REQUEST		ConfirmPayment	1612436355334	1612436358070	OK	 
REQUEST		BookingDetails	1612436354622	1612436358075	OK	 
REQUEST		ConfirmPayment	1612436355178	1612436358075	OK	 
REQUEST		BookingDetails	1612436354914	1612436358087	OK	 
REQUEST		BookingDetails	1612436354866	1612436358087	OK	 
REQUEST		ConfirmPayment	1612436355171	1612436358089	OK	 
REQUEST		BookingDetails	1612436354668	1612436358093	OK	 
REQUEST		BookingDetails	1612436355084	1612436358170	OK	 
REQUEST		BookingDetails	1612436355115	1612436358183	OK	 
REQUEST		BookingDetails	1612436355225	1612436358325	OK	 
REQUEST		BookingDetails	1612436355256	1612436358325	OK	 
REQUEST		BookingDetails	1612436355316	1612436358325	OK	 
REQUEST		BookingDetails	1612436355240	1612436358325	OK	 
REQUEST		BookingDetails	1612436355227	1612436358331	OK	 
REQUEST		BookingDetails	1612436355242	1612436358332	OK	 
USER	GeneralAdmission1	END	1612436358457
USER	GeneralAdmission1	END	1612436358459
USER	GeneralAdmission1	END	1612436358472
REQUEST		BookingDetails	1612436355379	1612436358472	OK	 
REQUEST		BookingDetails	1612436355381	1612436358475	OK	 
REQUEST		BookingDetails	1612436355597	1612436358482	OK	 
REQUEST		BookingDetails	1612436355598	1612436358488	OK	 
REQUEST		BookingDetails	1612436355600	1612436358488	OK	 
REQUEST		BookingDetails	1612436355599	1612436358492	OK	 
REQUEST		BookingDetails	1612436355519	1612436358496	OK	 
REQUEST		BookingDetails	1612436355601	1612436358500	OK	 
REQUEST		BookingDetails	1612436355662	1612436358505	OK	 
REQUEST		BookingDetails	1612436355662	1612436358505	OK	 
REQUEST		BookingDetails	1612436355645	1612436358510	OK	 
REQUEST		BookingDetails	1612436355740	1612436358647	OK	 
REQUEST		BookingDetails	1612436355928	1612436358647	OK	 
REQUEST		BookingDetails	1612436355819	1612436358648	OK	 
REQUEST		BookingDetails	1612436356052	1612436358905	OK	 
REQUEST		BookingDetails	1612436356020	1612436358905	OK	 
REQUEST		BookingDetails	1612436356099	1612436358905	OK	 
REQUEST		BookingDetails	1612436356099	1612436358909	OK	 
USER	GeneralAdmission1	END	1612436359068
REQUEST		BookingDetails	1612436357080	1612436359223	OK	 
REQUEST		BookingDetails	1612436357033	1612436359223	OK	 
REQUEST		BookingDetails	1612436357098	1612436359226	OK	 
REQUEST		BookingDetails	1612436357594	1612436359416	OK	 
USER	GeneralAdmission1	END	1612436359547
USER	GeneralAdmission1	END	1612436359908
USER	GeneralAdmission1	END	1612436359908
REQUEST		BookingDetails	1612436358455	1612436359924	OK	 
REQUEST		BookingDetails	1612436358456	1612436359926	OK	 
REQUEST		BookingDetails	1612436358706	1612436360271	OK	 
REQUEST		BookingDetails	1612436358974	1612436360274	OK	 
REQUEST		BookingDetails	1612436358707	1612436360273	OK	 
REQUEST		BookingDetails	1612436358973	1612436360273	OK	 
REQUEST		BookingDetails	1612436358726	1612436360274	OK	 
REQUEST		BookingDetails	1612436359067	1612436360281	OK	 
REQUEST		BookingDetails	1612436358974	1612436360283	OK	 
REQUEST		BookingDetails	1612436358725	1612436360283	OK	 
REQUEST		BookingDetails	1612436358724	1612436360283	OK	 
REQUEST		BookingDetails	1612436358725	1612436360291	OK	 
REQUEST		BookingDetails	1612436358976	1612436360291	OK	 
REQUEST		BookingDetails	1612436359051	1612436360291	OK	 
REQUEST		BookingDetails	1612436359051	1612436360292	OK	 
REQUEST		BookingDetails	1612436358976	1612436360298	OK	 
REQUEST		BookingDetails	1612436358975	1612436360303	OK	 
REQUEST		BookingDetails	1612436359052	1612436360303	OK	 
REQUEST		BookingDetails	1612436359050	1612436360306	OK	 
USER	GeneralAdmission1	END	1612436360563
USER	GeneralAdmission1	END	1612436360564
USER	GeneralAdmission1	END	1612436360565
USER	GeneralAdmission1	END	1612436360580
REQUEST		BookingDetails	1612436360798	1612436360861	OK	 
USER	GeneralAdmission1	END	1612436361453
USER	GeneralAdmission1	END	1612436361453
USER	GeneralAdmission1	END	1612436361516
USER	GeneralAdmission1	END	1612436362079
USER	GeneralAdmission1	END	1612436362079
USER	GeneralAdmission1	END	1612436362079
USER	GeneralAdmission1	END	1612436362079
USER	GeneralAdmission1	END	1612436362080
USER	GeneralAdmission1	END	1612436362080
USER	GeneralAdmission1	END	1612436362080
USER	GeneralAdmission1	END	1612436362080
USER	GeneralAdmission1	END	1612436362096
USER	GeneralAdmission1	END	1612436362096
REQUEST		ConfirmPayment	1612436355463	1612436362501	OK	 
REQUEST		ConfirmPayment	1612436355849	1612436362501	OK	 
REQUEST		ConfirmPayment	1612436355848	1612436362561	OK	 
REQUEST		ConfirmPayment	1612436355846	1612436362563	OK	 
REQUEST		ConfirmPayment	1612436355896	1612436362564	OK	 
REQUEST		ConfirmPayment	1612436359925	1612436362694	OK	 
REQUEST		ConfirmPayment	1612436359228	1612436362694	OK	 
REQUEST		ConfirmPayment	1612436355893	1612436362694	OK	 
REQUEST		ConfirmPayment	1612436359225	1612436362809	OK	 
REQUEST		ConfirmPayment	1612436355898	1612436362810	OK	 
REQUEST		ConfirmPayment	1612436359928	1612436362811	OK	 
REQUEST		ConfirmPayment	1612436359225	1612436362811	OK	 
REQUEST		ConfirmPayment	1612436360289	1612436362813	OK	 
REQUEST		ConfirmPayment	1612436360272	1612436362815	OK	 
REQUEST		ConfirmPayment	1612436360278	1612436362817	OK	 
REQUEST		ConfirmPayment	1612436360278	1612436362817	OK	 
REQUEST		ConfirmPayment	1612436359418	1612436362820	OK	 
REQUEST		ConfirmPayment	1612436360278	1612436362821	OK	 
REQUEST		ConfirmPayment	1612436360295	1612436362822	OK	 
REQUEST		ConfirmPayment	1612436360278	1612436362826	OK	 
REQUEST		ConfirmPayment	1612436360306	1612436362890	OK	 
REQUEST		ConfirmPayment	1612436360287	1612436362892	OK	 
REQUEST		ConfirmPayment	1612436360288	1612436362901	OK	 
REQUEST		ConfirmPayment	1612436360296	1612436362938	OK	 
REQUEST		ConfirmPayment	1612436360304	1612436362938	OK	 
REQUEST		ConfirmPayment	1612436360308	1612436362961	OK	 
REQUEST		ConfirmPayment	1612436356834	1612436363123	OK	 
REQUEST		ConfirmPayment	1612436360294	1612436363122	OK	 
REQUEST		ConfirmPayment	1612436356544	1612436363123	OK	 
REQUEST		ConfirmPayment	1612436356546	1612436363123	OK	 
REQUEST		ConfirmPayment	1612436356546	1612436363124	OK	 
REQUEST		ConfirmPayment	1612436356550	1612436363128	OK	 
REQUEST		ConfirmPayment	1612436356565	1612436363128	OK	 
REQUEST		ConfirmPayment	1612436356562	1612436363130	OK	 
REQUEST		ConfirmPayment	1612436356782	1612436363142	OK	 
REQUEST		ConfirmPayment	1612436357514	1612436363222	OK	 
REQUEST		ConfirmPayment	1612436356834	1612436363222	OK	 
REQUEST		ConfirmPayment	1612436356836	1612436363221	OK	 
REQUEST		ConfirmPayment	1612436360305	1612436363225	OK	 
REQUEST		ConfirmPayment	1612436358072	1612436363249	OK	 
REQUEST		ConfirmPayment	1612436358091	1612436363354	OK	 
REQUEST		ConfirmPayment	1612436358072	1612436363375	OK	 
REQUEST		ConfirmPayment	1612436358095	1612436363383	OK	 
REQUEST		ConfirmPayment	1612436358092	1612436363384	OK	 
REQUEST		ConfirmPayment	1612436358172	1612436363528	OK	 
REQUEST		ConfirmPayment	1612436358329	1612436363528	OK	 
REQUEST		ConfirmPayment	1612436358184	1612436363528	OK	 
REQUEST		ConfirmPayment	1612436358329	1612436363532	OK	 
REQUEST		ConfirmPayment	1612436358329	1612436363532	OK	 
REQUEST		ConfirmPayment	1612436358092	1612436363645	OK	 
REQUEST		ConfirmPayment	1612436360863	1612436363646	OK	 
REQUEST		ConfirmPayment	1612436358649	1612436363646	OK	 
REQUEST		ConfirmPayment	1612436358508	1612436363646	OK	 
REQUEST		ConfirmPayment	1612436358334	1612436363646	OK	 
REQUEST		ConfirmPayment	1612436358512	1612436363647	OK	 
REQUEST		ConfirmPayment	1612436358650	1612436363652	OK	 
REQUEST		ConfirmPayment	1612436358650	1612436363660	OK	 
REQUEST		ConfirmPayment	1612436358490	1612436363673	OK	 
REQUEST		ConfirmPayment	1612436358908	1612436363732	OK	 
REQUEST		ConfirmPayment	1612436358908	1612436363732	OK	 
REQUEST		ConfirmPayment	1612436358911	1612436363739	OK	 
REQUEST		ConfirmPayment	1612436358908	1612436363751	OK	 
REQUEST		ConfirmPayment	1612436358329	1612436363782	OK	 
REQUEST		ConfirmPayment	1612436358490	1612436363782	OK	 
REQUEST		ConfirmPayment	1612436358476	1612436363848	OK	 
REQUEST		ConfirmPayment	1612436358508	1612436363847	OK	 
REQUEST		ConfirmPayment	1612436358473	1612436363851	OK	 
REQUEST		ConfirmPayment	1612436358496	1612436363860	OK	 
REQUEST		ConfirmPayment	1612436358507	1612436363923	OK	 
REQUEST		ConfirmPayment	1612436358333	1612436363923	OK	 
REQUEST		ConfirmPayment	1612436358499	1612436364036	OK	 
REQUEST		ConfirmPayment	1612436360289	1612436364036	OK	 
REQUEST		ConfirmPayment	1612436360295	1612436364158	OK	 
REQUEST		ConfirmPayment	1612436356155	1612436364163	OK	 
REQUEST		ConfirmPayment	1612436358065	1612436364252	OK	 
REQUEST		ConfirmPayment	1612436358483	1612436364948	OK	 
USER	GeneralAdmission1	END	1612436366511
USER	GeneralAdmission1	END	1612436366512
USER	GeneralAdmission1	END	1612436366573
USER	GeneralAdmission1	END	1612436366574
USER	GeneralAdmission1	END	1612436366574
USER	GeneralAdmission1	END	1612436366698
USER	GeneralAdmission1	END	1612436366698
USER	GeneralAdmission1	END	1612436366698
USER	GeneralAdmission1	END	1612436366824
USER	GeneralAdmission1	END	1612436366824
USER	GeneralAdmission1	END	1612436366824
USER	GeneralAdmission1	END	1612436366825
USER	GeneralAdmission1	END	1612436366825
USER	GeneralAdmission1	END	1612436366825
USER	GeneralAdmission1	END	1612436366825
USER	GeneralAdmission1	END	1612436366825
USER	GeneralAdmission1	END	1612436366826
USER	GeneralAdmission1	END	1612436366826
USER	GeneralAdmission1	END	1612436366827
USER	GeneralAdmission1	END	1612436366841
USER	GeneralAdmission1	END	1612436366903
USER	GeneralAdmission1	END	1612436366904
USER	GeneralAdmission1	END	1612436366919
USER	GeneralAdmission1	END	1612436366949
USER	GeneralAdmission1	END	1612436366950
USER	GeneralAdmission1	END	1612436366965
USER	GeneralAdmission1	END	1612436367135
USER	GeneralAdmission1	END	1612436367136
USER	GeneralAdmission1	END	1612436367136
USER	GeneralAdmission1	END	1612436367137
USER	GeneralAdmission1	END	1612436367137
USER	GeneralAdmission1	END	1612436367138
USER	GeneralAdmission1	END	1612436367138
USER	GeneralAdmission1	END	1612436367139
USER	GeneralAdmission1	END	1612436367153
USER	GeneralAdmission1	END	1612436367228
USER	GeneralAdmission1	END	1612436367229
USER	GeneralAdmission1	END	1612436367229
USER	GeneralAdmission1	END	1612436367230
USER	GeneralAdmission1	END	1612436367260
USER	GeneralAdmission1	END	1612436367370
USER	GeneralAdmission1	END	1612436367385
USER	GeneralAdmission1	END	1612436367401
USER	GeneralAdmission1	END	1612436367401
USER	GeneralAdmission1	END	1612436367542
USER	GeneralAdmission1	END	1612436367542
USER	GeneralAdmission1	END	1612436367542
USER	GeneralAdmission1	END	1612436367542
USER	GeneralAdmission1	END	1612436367543
USER	GeneralAdmission1	END	1612436367666
USER	GeneralAdmission1	END	1612436367666
USER	GeneralAdmission1	END	1612436367666
USER	GeneralAdmission1	END	1612436367666
USER	GeneralAdmission1	END	1612436367666
USER	GeneralAdmission1	END	1612436367667
USER	GeneralAdmission1	END	1612436367667
USER	GeneralAdmission1	END	1612436367667
USER	GeneralAdmission1	END	1612436367683
USER	GeneralAdmission1	END	1612436367744
USER	GeneralAdmission1	END	1612436367744
USER	GeneralAdmission1	END	1612436367744
USER	GeneralAdmission1	END	1612436367760
USER	GeneralAdmission1	END	1612436367791
USER	GeneralAdmission1	END	1612436367791
USER	GeneralAdmission1	END	1612436367853
USER	GeneralAdmission1	END	1612436367854
USER	GeneralAdmission1	END	1612436367855
USER	GeneralAdmission1	END	1612436367869
USER	GeneralAdmission1	END	1612436367932
USER	GeneralAdmission1	END	1612436367932
USER	GeneralAdmission1	END	1612436368041
USER	GeneralAdmission1	END	1612436368042
USER	GeneralAdmission1	END	1612436368166
USER	GeneralAdmission1	END	1612436368182
USER	GeneralAdmission1	END	1612436368259
USER	GeneralAdmission1	END	1612436368962
