RUN	GeneralAdmission1	generaladmission1	1612440304754	 	3.5.0
USER	GeneralAdmission1	START	1612440306286
USER	GeneralAdmission1	START	1612440306786
USER	GeneralAdmission1	START	1612440307287
USER	GeneralAdmission1	START	1612440307784
USER	GeneralAdmission1	START	1612440308282
USER	GeneralAdmission1	START	1612440309270
USER	GeneralAdmission1	START	1612440309768
USER	GeneralAdmission1	START	1612440310283
USER	GeneralAdmission1	START	1612440310782
USER	GeneralAdmission1	START	1612440311269
USER	GeneralAdmission1	START	1612440312270
USER	GeneralAdmission1	START	1612440312770
USER	GeneralAdmission1	START	1612440313270
USER	GeneralAdmission1	START	1612440313769
USER	GeneralAdmission1	START	1612440314283
USER	GeneralAdmission1	START	1612440315282
USER	GeneralAdmission1	START	1612440315769
USER	GeneralAdmission1	START	1612440316273
USER	GeneralAdmission1	START	1612440316778
USER	GeneralAdmission1	START	1612440317281
REQUEST		GetToken	1612440309271	1612440317988	OK	 
REQUEST		GetToken	1612440310284	1612440317987	OK	 
REQUEST		GetToken	1612440307785	1612440317956	OK	 
REQUEST		GetToken	1612440306787	1612440317936	OK	 
REQUEST		GetToken	1612440306320	1612440317956	OK	 
REQUEST		GetToken	1612440307288	1612440317951	OK	 
REQUEST		GetToken	1612440309769	1612440317990	OK	 
REQUEST		GetToken	1612440308283	1612440317990	OK	 
REQUEST		GetToken	1612440314284	1612440318093	OK	 
REQUEST		GetToken	1612440313271	1612440318111	OK	 
REQUEST		GetToken	1612440312271	1612440318106	OK	 
REQUEST		GetToken	1612440312771	1612440318117	OK	 
REQUEST		GetToken	1612440315284	1612440318116	OK	 
REQUEST		GetToken	1612440310783	1612440318121	OK	 
REQUEST		GetToken	1612440313769	1612440318121	OK	 
REQUEST		GetToken	1612440311270	1612440318125	OK	 
REQUEST		GetToken	1612440317283	1612440318159	OK	 
REQUEST		GetToken	1612440316779	1612440318161	OK	 
REQUEST		GetToken	1612440315770	1612440318164	OK	 
REQUEST		GetToken	1612440316277	1612440318165	OK	 
USER	GeneralAdmission1	START	1612440318270
REQUEST		GetToken	1612440318270	1612440318448	OK	 
USER	GeneralAdmission1	START	1612440318778
REQUEST		GetToken	1612440318779	1612440318983	OK	 
USER	GeneralAdmission1	START	1612440319270
REQUEST		GetToken	1612440319270	1612440319498	OK	 
USER	GeneralAdmission1	START	1612440319773
USER	GeneralAdmission1	START	1612440320281
REQUEST		GetToken	1612440319773	1612440320500	OK	 
REQUEST		GetToken	1612440320283	1612440320596	OK	 
USER	GeneralAdmission1	START	1612440321270
REQUEST		GetToken	1612440321275	1612440321579	OK	 
USER	GeneralAdmission1	START	1612440321771
REQUEST		GetToken	1612440321771	1612440322008	OK	 
USER	GeneralAdmission1	START	1612440322270
REQUEST		GetToken	1612440322270	1612440322580	OK	 
USER	GeneralAdmission1	START	1612440322771
REQUEST		GetToken	1612440322771	1612440323073	OK	 
USER	GeneralAdmission1	START	1612440323272
REQUEST		GetToken	1612440323276	1612440324155	OK	 
USER	GeneralAdmission1	START	1612440324269
USER	GeneralAdmission1	START	1612440324770
USER	GeneralAdmission1	START	1612440325268
USER	GeneralAdmission1	START	1612440325769
USER	GeneralAdmission1	START	1612440326284
USER	GeneralAdmission1	START	1612440327282
USER	GeneralAdmission1	START	1612440327782
USER	GeneralAdmission1	START	1612440328280
USER	GeneralAdmission1	START	1612440328778
USER	GeneralAdmission1	START	1612440329276
USER	GeneralAdmission1	START	1612440330275
USER	GeneralAdmission1	START	1612440330773
REQUEST		AddToCart	1612440323177	1612440330983	OK	 
REQUEST		AddToCart	1612440323165	1612440330987	OK	 
REQUEST		AddToCart	1612440323101	1612440330986	OK	 
REQUEST		GetToken	1612440324270	1612440330988	OK	 
REQUEST		AddToCart	1612440323166	1612440330987	OK	 
REQUEST		AddToCart	1612440323198	1612440331002	OK	 
REQUEST		AddToCart	1612440323168	1612440331005	OK	 
REQUEST		AddToCart	1612440323167	1612440331033	OK	 
REQUEST		AddToCart	1612440323099	1612440331036	OK	 
REQUEST		AddToCart	1612440323106	1612440331041	OK	 
REQUEST		AddToCart	1612440323198	1612440331043	OK	 
REQUEST		AddToCart	1612440323169	1612440331048	OK	 
REQUEST		AddToCart	1612440323168	1612440331050	OK	 
REQUEST		AddToCart	1612440323990	1612440331058	OK	 
REQUEST		GetToken	1612440324770	1612440331068	OK	 
REQUEST		AddToCart	1612440323178	1612440331072	OK	 
REQUEST		GetToken	1612440325269	1612440331079	OK	 
REQUEST		AddToCart	1612440323102	1612440331099	OK	 
REQUEST		AddToCart	1612440323461	1612440331251	OK	 
USER	GeneralAdmission1	START	1612440331276
REQUEST		AddToCart	1612440323110	1612440331352	OK	 
REQUEST		AddToCart	1612440323110	1612440331357	OK	 
REQUEST		AddToCart	1612440323120	1612440331358	OK	 
REQUEST		GetToken	1612440326284	1612440331368	OK	 
REQUEST		AddToCart	1612440323098	1612440331375	OK	 
REQUEST		AddToCart	1612440323111	1612440331377	OK	 
REQUEST		AddToCart	1612440323147	1612440331380	OK	 
REQUEST		AddToCart	1612440324504	1612440331380	OK	 
REQUEST		GetToken	1612440325770	1612440331390	OK	 
REQUEST		GetToken	1612440328281	1612440331395	OK	 
REQUEST		GetToken	1612440328779	1612440331399	OK	 
REQUEST		AddToCart	1612440325520	1612440331404	OK	 
REQUEST		GetToken	1612440327783	1612440331406	OK	 
REQUEST		GetToken	1612440327283	1612440331407	OK	 
REQUEST		GetToken	1612440330276	1612440331425	OK	 
REQUEST		GetToken	1612440329277	1612440331426	OK	 
REQUEST		AddToCart	1612440326597	1612440331436	OK	 
REQUEST		AddToCart	1612440325613	1612440331437	OK	 
REQUEST		GetToken	1612440330774	1612440331470	OK	 
REQUEST		AddToCart	1612440328079	1612440331474	OK	 
REQUEST		AddToCart	1612440327019	1612440331476	OK	 
REQUEST		AddToCart	1612440327595	1612440331477	OK	 
REQUEST		AddToCart	1612440329167	1612440331477	OK	 
REQUEST		GetToken	1612440331280	1612440331488	OK	 
USER	GeneralAdmission1	START	1612440331771
REQUEST		GetToken	1612440331771	1612440331987	OK	 
USER	GeneralAdmission1	START	1612440332283
REQUEST		GetToken	1612440332284	1612440332625	OK	 
USER	GeneralAdmission1	START	1612440333282
REQUEST		GetToken	1612440333282	1612440333493	OK	 
USER	GeneralAdmission1	START	1612440333779
REQUEST		GetToken	1612440333779	1612440333987	OK	 
REQUEST		AddToCart2	1612440334000	1612440334152	OK	 
REQUEST		AddToCart2	1612440334015	1612440334157	OK	 
REQUEST		AddToCart2	1612440334031	1612440334183	OK	 
REQUEST		AddToCart2	1612440334064	1612440334222	OK	 
REQUEST		AddToCart2	1612440334015	1612440334234	OK	 
REQUEST		AddToCart2	1612440334046	1612440334236	OK	 
REQUEST		AddToCart2	1612440334107	1612440334238	OK	 
REQUEST		AddToCart2	1612440334047	1612440334237	OK	 
REQUEST		AddToCart2	1612440334080	1612440334239	OK	 
REQUEST		AddToCart2	1612440334063	1612440334239	OK	 
REQUEST		AddToCart2	1612440334063	1612440334260	OK	 
REQUEST		AddToCart2	1612440334080	1612440334258	OK	 
REQUEST		AddToCart2	1612440334079	1612440334259	OK	 
REQUEST		AddToCart2	1612440334078	1612440334260	OK	 
REQUEST		AddToCart2	1612440334086	1612440334275	OK	 
USER	GeneralAdmission1	START	1612440334278
REQUEST		AddToCart2	1612440334271	1612440334340	OK	 
REQUEST		AddToCart2	1612440334373	1612440334440	OK	 
REQUEST		AddToCart2	1612440334375	1612440334441	OK	 
REQUEST		AddToCart2	1612440334406	1612440334506	OK	 
REQUEST		AddToCart2	1612440334376	1612440334506	OK	 
REQUEST		AddToCart2	1612440334390	1612440334507	OK	 
REQUEST		AddToCart2	1612440334407	1612440334515	OK	 
REQUEST		AddToCart2	1612440334452	1612440334637	OK	 
REQUEST		AddToCart2	1612440334452	1612440334637	OK	 
REQUEST		GetToken	1612440334281	1612440334636	OK	 
REQUEST		AddToCart2	1612440334406	1612440334635	OK	 
REQUEST		AddToCart2	1612440334497	1612440334639	OK	 
REQUEST		AddToCart2	1612440334496	1612440334642	OK	 
REQUEST		AddToCart2	1612440334496	1612440334644	OK	 
REQUEST		AddToCart2	1612440334423	1612440334647	OK	 
REQUEST		AddToCart2	1612440334496	1612440334668	OK	 
USER	GeneralAdmission1	START	1612440334778
USER	GeneralAdmission1	START	1612440335270
REQUEST		GetToken	1612440334779	1612440335380	OK	 
REQUEST		GetToken	1612440335271	1612440335466	OK	 
REQUEST		AddToCart	1612440336022	1612440336179	OK	 
REQUEST		AddToCart	1612440336084	1612440336179	OK	 
REQUEST		AddToCart	1612440336101	1612440336179	OK	 
USER	GeneralAdmission1	START	1612440336270
REQUEST		AddToCart	1612440336380	1612440336462	OK	 
REQUEST		AddToCart	1612440336410	1612440336465	OK	 
REQUEST		GetToken	1612440336271	1612440336542	OK	 
REQUEST		AddToCart	1612440336427	1612440336584	OK	 
REQUEST		AddToCart	1612440336443	1612440336584	OK	 
REQUEST		AddToCart	1612440336427	1612440336585	OK	 
REQUEST		AddToCart	1612440336426	1612440336585	OK	 
REQUEST		AddToCart	1612440336488	1612440336600	OK	 
REQUEST		AddToCart	1612440336506	1612440336600	OK	 
REQUEST		AddToCart	1612440336427	1612440336600	OK	 
REQUEST		AddToCart	1612440336443	1612440336601	OK	 
USER	GeneralAdmission1	START	1612440336784
REQUEST		GetToken	1612440336784	1612440337014	OK	 
REQUEST		AddToCart	1612440337003	1612440337076	OK	 
USER	GeneralAdmission1	START	1612440337283
REQUEST		GetToken	1612440337285	1612440337634	OK	 
USER	GeneralAdmission1	START	1612440337782
REQUEST		AddToCart	1612440337636	1612440337918	OK	 
REQUEST		GetToken	1612440337783	1612440337975	OK	 
REQUEST		CreateGeneral	1612440337252	1612440338070	OK	 
REQUEST		CreateGeneral	1612440337288	1612440338069	OK	 
REQUEST		CreateGeneral	1612440337269	1612440338069	OK	 
REQUEST		CreateGeneral	1612440337285	1612440338076	OK	 
REQUEST		CreateGeneral	1612440337269	1612440338081	OK	 
REQUEST		CreateGeneral	1612440337286	1612440338084	OK	 
REQUEST		CreateGeneral	1612440337301	1612440338086	OK	 
REQUEST		CreateGeneral	1612440337301	1612440338096	OK	 
REQUEST		CreateGeneral	1612440337269	1612440338112	OK	 
REQUEST		CreateGeneral	1612440337361	1612440338139	OK	 
REQUEST		CreateGeneral	1612440337303	1612440338160	OK	 
REQUEST		CreateGeneral	1612440337470	1612440338194	OK	 
REQUEST		CreateGeneral	1612440337471	1612440338221	OK	 
REQUEST		CreateGeneral	1612440337534	1612440338251	KO	status.find.is(200), but actually found 400
REQUEST		CreateGeneral	1612440337536	1612440338262	OK	 
REQUEST		CreateGeneral	1612440337301	1612440338263	OK	 
USER	GeneralAdmission1	START	1612440338279
REQUEST		CreateGeneral	1612440337533	1612440338313	OK	 
REQUEST		CreateGeneral	1612440337534	1612440338338	OK	 
REQUEST		CreateGeneral	1612440337177	1612440338360	OK	 
REQUEST		CreateGeneral	1612440337176	1612440338402	OK	 
REQUEST		CreateGeneral	1612440337659	1612440338443	OK	 
REQUEST		CreateGeneral	1612440337675	1612440338460	OK	 
REQUEST		GetToken	1612440338282	1612440338499	OK	 
REQUEST		CreateGeneral	1612440337676	1612440338500	OK	 
REQUEST		CreateGeneral	1612440337675	1612440338503	OK	 
REQUEST		CreateGeneral	1612440337676	1612440338543	OK	 
REQUEST		CreateGeneral	1612440337676	1612440338557	OK	 
REQUEST		AddToCart	1612440338499	1612440338578	OK	 
REQUEST		CreateGeneral	1612440337691	1612440338583	OK	 
REQUEST		CreateGeneral	1612440338260	1612440338610	OK	 
REQUEST		CreateGeneral	1612440337205	1612440339028	OK	 
REQUEST		AddToCart	1612440338999	1612440339091	OK	 
USER	GeneralAdmission1	START	1612440339279
REQUEST		AddToCart2	1612440339186	1612440339335	OK	 
REQUEST		AddToCart2	1612440339186	1612440339337	OK	 
REQUEST		AddToCart2	1612440339186	1612440339416	OK	 
REQUEST		CreateGeneral	1612440337286	1612440339441	OK	 
REQUEST		GetToken	1612440339280	1612440339525	OK	 
REQUEST		CreateGeneral	1612440337675	1612440339534	OK	 
REQUEST		AddToCart2	1612440339469	1612440339552	OK	 
REQUEST		AddToCart2	1612440339468	1612440339552	OK	 
REQUEST		AddToCart2	1612440339590	1612440339660	OK	 
REQUEST		AddToCart2	1612440339591	1612440339685	OK	 
REQUEST		AddToCart2	1612440339608	1612440339716	OK	 
REQUEST		AddToCart2	1612440339608	1612440339718	OK	 
REQUEST		AddToCart2	1612440339609	1612440339725	OK	 
USER	GeneralAdmission1	START	1612440339775
REQUEST		AddToCart2	1612440339609	1612440339777	OK	 
REQUEST		AddToCart2	1612440339609	1612440339795	OK	 
REQUEST		AddToCart2	1612440339623	1612440339797	OK	 
REQUEST		AddToCart	1612440339652	1612440339811	OK	 
REQUEST		GetToken	1612440339775	1612440340002	OK	 
REQUEST		AddToCart2	1612440340088	1612440340156	OK	 
USER	GeneralAdmission1	START	1612440340275
REQUEST		AddToCart	1612440340385	1612440340468	OK	 
REQUEST		GetToken	1612440340276	1612440340488	OK	 
REQUEST		AddToCart	1612440340482	1612440340549	OK	 
USER	GeneralAdmission1	START	1612440340774
REQUEST		AddToCart2	1612440340931	1612440341247	OK	 
REQUEST		GetToken	1612440340775	1612440341247	OK	 
USER	GeneralAdmission1	START	1612440341273
REQUEST		GetToken	1612440341275	1612440341466	OK	 
REQUEST		AddToCart2	1612440341586	1612440341662	OK	 
REQUEST		AddToCart	1612440341555	1612440341686	OK	 
REQUEST		AddToCart	1612440342024	1612440342090	OK	 
USER	GeneralAdmission1	START	1612440342274
USER	GeneralAdmission1	START	1612440342771
USER	GeneralAdmission1	START	1612440343272
REQUEST		BookingDetails	1612440342086	1612440343465	OK	 
REQUEST		BookingDetails	1612440342086	1612440343495	OK	 
REQUEST		BookingDetails	1612440342086	1612440343496	OK	 
REQUEST		BookingDetails	1612440342086	1612440343501	OK	 
REQUEST		BookingDetails	1612440342105	1612440343504	OK	 
REQUEST		BookingDetails	1612440342089	1612440343510	OK	 
REQUEST		BookingDetails	1612440342103	1612440343518	OK	 
REQUEST		BookingDetails	1612440342103	1612440343523	OK	 
REQUEST		AddToCart2	1612440342103	1612440343531	OK	 
REQUEST		BookingDetails	1612440342209	1612440343531	OK	 
REQUEST		BookingDetails	1612440342146	1612440343531	OK	 
REQUEST		BookingDetails	1612440342118	1612440343531	OK	 
REQUEST		BookingDetails	1612440342273	1612440343542	OK	 
REQUEST		BookingDetails	1612440342178	1612440343547	OK	 
REQUEST		BookingDetails	1612440342272	1612440343567	OK	 
REQUEST		BookingDetails	1612440342227	1612440343630	OK	 
REQUEST		BookingDetails	1612440342349	1612440343699	OK	 
REQUEST		BookingDetails	1612440342318	1612440343699	OK	 
USER	GeneralAdmission1	START	1612440343781
REQUEST		GetToken	1612440342274	1612440343786	OK	 
REQUEST		BookingDetails	1612440342367	1612440344003	OK	 
REQUEST		BookingDetails	1612440342477	1612440344096	OK	 
REQUEST		BookingDetails	1612440342412	1612440344096	OK	 
REQUEST		BookingDetails	1612440342461	1612440344096	OK	 
REQUEST		BookingDetails	1612440342552	1612440344124	OK	 
REQUEST		BookingDetails	1612440342506	1612440344190	OK	 
REQUEST		BookingDetails	1612440342507	1612440344194	OK	 
REQUEST		CreateGeneral	1612440342367	1612440344217	OK	 
USER	GeneralAdmission1	START	1612440344281
REQUEST		CreateGeneral	1612440342367	1612440344330	OK	 
REQUEST		BookingDetails	1612440342569	1612440344350	OK	 
REQUEST		AddToCart	1612440342646	1612440344523	OK	 
REQUEST		BookingDetails	1612440343038	1612440344524	OK	 
REQUEST		GetToken	1612440342773	1612440344523	OK	 
REQUEST		BookingDetails	1612440342600	1612440344527	OK	 
REQUEST		BookingDetails	1612440342617	1612440344528	OK	 
REQUEST		AddToCart2	1612440342822	1612440344532	OK	 
REQUEST		AddToCart	1612440342990	1612440344615	OK	 
REQUEST		CreateGeneral	1612440342444	1612440344615	OK	 
REQUEST		GetToken	1612440343783	1612440344709	OK	 
REQUEST		GetToken	1612440343273	1612440344713	OK	 
REQUEST		ConfirmPayment	1612440343498	1612440344831	OK	 
REQUEST		ConfirmPayment	1612440343467	1612440344834	OK	 
REQUEST		ConfirmPayment	1612440343510	1612440344834	OK	 
REQUEST		ConfirmPayment	1612440343701	1612440344837	OK	 
REQUEST		ConfirmPayment	1612440343508	1612440344837	OK	 
REQUEST		ConfirmPayment	1612440343499	1612440344842	OK	 
REQUEST		ConfirmPayment	1612440343523	1612440344844	OK	 
REQUEST		ConfirmPayment	1612440343549	1612440344844	OK	 
REQUEST		ConfirmPayment	1612440343538	1612440344844	OK	 
REQUEST		AddToCart2	1612440343476	1612440344846	OK	 
REQUEST		ConfirmPayment	1612440343538	1612440344851	OK	 
REQUEST		BookingDetails	1612440343458	1612440344851	OK	 
REQUEST		CreateGeneral	1612440343179	1612440344853	OK	 
REQUEST		ConfirmPayment	1612440343538	1612440344861	OK	 
REQUEST		BookingDetails	1612440343567	1612440344861	OK	 
REQUEST		ConfirmPayment	1612440343514	1612440344866	OK	 
REQUEST		CreateGeneral	1612440342677	1612440344864	OK	 
REQUEST		ConfirmPayment	1612440343631	1612440344875	OK	 
REQUEST		ConfirmPayment	1612440343525	1612440344874	OK	 
REQUEST		AddToCart2	1612440343553	1612440344874	OK	 
REQUEST		CreateGeneral	1612440342757	1612440344875	OK	 
REQUEST		AddToCart	1612440343509	1612440344882	OK	 
REQUEST		CreateGeneral	1612440342569	1612440344883	OK	 
REQUEST		ConfirmPayment	1612440343702	1612440344902	OK	 
REQUEST		CreateGeneral	1612440342803	1612440344903	OK	 
REQUEST		CreateGeneral	1612440342708	1612440344903	OK	 
REQUEST		CreateGeneral	1612440342740	1612440344919	OK	 
REQUEST		ConfirmPayment	1612440343544	1612440344919	OK	 
REQUEST		ConfirmPayment	1612440344099	1612440344942	OK	 
REQUEST		ConfirmPayment	1612440344005	1612440344942	OK	 
REQUEST		GetToken	1612440344283	1612440344942	OK	 
REQUEST		CreateGeneral	1612440342820	1612440344944	OK	 
REQUEST		ConfirmPayment	1612440343570	1612440344950	OK	 
REQUEST		CreateGeneral	1612440342820	1612440344951	OK	 
REQUEST		ConfirmPayment	1612440344099	1612440345009	OK	 
REQUEST		ConfirmPayment	1612440344125	1612440345035	OK	 
REQUEST		ConfirmPayment	1612440344351	1612440345035	OK	 
REQUEST		ConfirmPayment	1612440344531	1612440345036	OK	 
REQUEST		ConfirmPayment	1612440344100	1612440345036	OK	 
REQUEST		ConfirmPayment	1612440344192	1612440345036	OK	 
REQUEST		AddToCart	1612440344530	1612440345043	OK	 
REQUEST		ConfirmPayment	1612440344196	1612440345043	OK	 
REQUEST		ConfirmPayment	1612440344532	1612440345045	OK	 
REQUEST		ConfirmPayment	1612440344527	1612440345045	OK	 
REQUEST		AddToCart2	1612440344702	1612440345047	OK	 
REQUEST		CreateGeneral	1612440344266	1612440345049	OK	 
REQUEST		AddToCart	1612440345007	1612440345066	OK	 
REQUEST		ConfirmPayment	1612440344874	1612440345140	OK	 
REQUEST		ConfirmPayment	1612440344865	1612440345148	OK	 
REQUEST		CreateGeneral	1612440344684	1612440345153	OK	 
REQUEST		AddToCart2	1612440345101	1612440345181	OK	 
USER	GeneralAdmission1	START	1612440345270
REQUEST		GetToken	1612440345271	1612440345482	OK	 
REQUEST		AddToCart	1612440345506	1612440345585	OK	 
REQUEST		CreateGeneral	1612440342585	1612440345607	OK	 
REQUEST		CreateGeneral	1612440342741	1612440345699	OK	 
USER	GeneralAdmission1	START	1612440345769
REQUEST		GetToken	1612440345769	1612440345973	OK	 
USER	GeneralAdmission1	START	1612440346284
REQUEST		AddToCart	1612440346252	1612440346310	OK	 
REQUEST		GetToken	1612440346285	1612440346493	OK	 
REQUEST		AddToCart	1612440346471	1612440346549	OK	 
REQUEST		CreateGeneral	1612440346566	1612440346766	OK	 
USER	GeneralAdmission1	START	1612440346779
REQUEST		GetToken	1612440346782	1612440346977	OK	 
USER	GeneralAdmission1	START	1612440347276
REQUEST		GetToken	1612440347277	1612440347467	OK	 
REQUEST		AddToCart2	1612440347540	1612440347627	OK	 
REQUEST		AddToCart2	1612440347619	1612440347683	OK	 
REQUEST		CreateGeneral	1612440347557	1612440347778	OK	 
REQUEST		AddToCart2	1612440347901	1612440347983	OK	 
REQUEST		CreateGeneral	1612440347868	1612440347998	KO	status.find.is(200), but actually found 400
REQUEST		CreateGeneral	1612440347900	1612440348077	OK	 
REQUEST		AddToCart2	1612440348060	1612440348138	OK	 
REQUEST		AddToCart2	1612440348077	1612440348154	OK	 
REQUEST		CreateGeneral	1612440348002	1612440348215	OK	 
REQUEST		CreateGeneral	1612440348059	1612440348237	OK	 
USER	GeneralAdmission1	START	1612440348275
REQUEST		BookingDetails	1612440348231	1612440348293	OK	 
REQUEST		BookingDetails	1612440348337	1612440348398	OK	 
REQUEST		CreateGeneral	1612440348214	1612440348419	OK	 
REQUEST		ConfirmPayment	1612440348295	1612440348437	OK	 
REQUEST		GetToken	1612440348276	1612440348477	OK	 
REQUEST		ConfirmPayment	1612440348402	1612440348610	OK	 
REQUEST		AddToCart2	1612440348601	1612440348671	OK	 
REQUEST		BookingDetails	1612440348632	1612440348690	OK	 
USER	GeneralAdmission1	START	1612440348769
REQUEST		AddToCart	1612440348802	1612440348872	OK	 
REQUEST		ConfirmPayment	1612440348691	1612440348874	OK	 
REQUEST		BookingDetails	1612440348880	1612440348944	OK	 
REQUEST		BookingDetails	1612440348880	1612440348948	OK	 
REQUEST		BookingDetails	1612440348899	1612440348988	OK	 
REQUEST		BookingDetails	1612440348899	1612440348993	OK	 
REQUEST		BookingDetails	1612440348914	1612440348993	OK	 
REQUEST		GetToken	1612440348770	1612440348993	OK	 
REQUEST		BookingDetails	1612440348914	1612440349007	OK	 
REQUEST		BookingDetails	1612440348929	1612440349161	OK	 
REQUEST		BookingDetails	1612440348961	1612440349222	OK	 
REQUEST		ConfirmPayment	1612440348946	1612440349222	OK	 
REQUEST		BookingDetails	1612440348961	1612440349228	OK	 
REQUEST		BookingDetails	1612440349052	1612440349237	OK	 
REQUEST		ConfirmPayment	1612440348996	1612440349248	OK	 
REQUEST		ConfirmPayment	1612440348950	1612440349248	OK	 
REQUEST		ConfirmPayment	1612440348992	1612440349256	OK	 
USER	GeneralAdmission1	START	1612440349269
REQUEST		ConfirmPayment	1612440348996	1612440349340	OK	 
REQUEST		ConfirmPayment	1612440349009	1612440349340	OK	 
REQUEST		BookingDetails	1612440349163	1612440349349	OK	 
REQUEST		ConfirmPayment	1612440349163	1612440349351	OK	 
REQUEST		AddToCart2	1612440349315	1612440349382	OK	 
REQUEST		ConfirmPayment	1612440349230	1612440349402	OK	 
REQUEST		ConfirmPayment	1612440349224	1612440349419	OK	 
REQUEST		ConfirmPayment	1612440349241	1612440349468	OK	 
REQUEST		GetToken	1612440349271	1612440349470	OK	 
REQUEST		ConfirmPayment	1612440349351	1612440349506	OK	 
REQUEST		AddToCart	1612440349530	1612440349590	OK	 
REQUEST		AddToCart2	1612440349561	1612440349623	OK	 
REQUEST		BookingDetails	1612440349624	1612440349690	OK	 
USER	GeneralAdmission1	START	1612440349779
REQUEST		BookingDetails	1612440349717	1612440349782	OK	 
REQUEST		AddToCart	1612440349721	1612440349805	OK	 
REQUEST		AddToCart	1612440349719	1612440349807	OK	 
USER	GeneralAdmission1	END	1612440349846
USER	GeneralAdmission1	END	1612440349846
USER	GeneralAdmission1	END	1612440349846
USER	GeneralAdmission1	END	1612440349846
USER	GeneralAdmission1	END	1612440349847
USER	GeneralAdmission1	END	1612440349859
USER	GeneralAdmission1	END	1612440349859
USER	GeneralAdmission1	END	1612440349859
USER	GeneralAdmission1	END	1612440349860
USER	GeneralAdmission1	END	1612440349875
USER	GeneralAdmission1	END	1612440349875
USER	GeneralAdmission1	END	1612440349891
USER	GeneralAdmission1	END	1612440349891
USER	GeneralAdmission1	END	1612440349891
REQUEST		ConfirmPayment	1612440349692	1612440349896	OK	 
USER	GeneralAdmission1	END	1612440349923
REQUEST		ConfirmPayment	1612440349784	1612440349935	OK	 
USER	GeneralAdmission1	END	1612440349940
USER	GeneralAdmission1	END	1612440349954
USER	GeneralAdmission1	END	1612440349954
USER	GeneralAdmission1	END	1612440349969
REQUEST		GetToken	1612440349779	1612440349979	OK	 
USER	GeneralAdmission1	END	1612440350014
REQUEST		AddToCart	1612440349953	1612440350016	OK	 
USER	GeneralAdmission1	END	1612440350045
USER	GeneralAdmission1	END	1612440350045
USER	GeneralAdmission1	END	1612440350045
USER	GeneralAdmission1	END	1612440350045
USER	GeneralAdmission1	END	1612440350046
USER	GeneralAdmission1	END	1612440350047
USER	GeneralAdmission1	END	1612440350062
USER	GeneralAdmission1	END	1612440350062
USER	GeneralAdmission1	END	1612440350152
USER	GeneralAdmission1	END	1612440350153
USER	GeneralAdmission1	START	1612440350275
REQUEST		GetToken	1612440350276	1612440350459	OK	 
REQUEST		AddToCart	1612440350495	1612440350563	OK	 
REQUEST		CreateGeneral	1612440350650	1612440351048	OK	 
REQUEST		AddToCart	1612440350976	1612440351082	OK	 
REQUEST		BookingDetails	1612440350773	1612440351091	OK	 
REQUEST		CreateGeneral	1612440350696	1612440351181	OK	 
REQUEST		ConfirmPayment	1612440351092	1612440351247	OK	 
REQUEST		CreateGeneral	1612440351007	1612440351249	OK	 
USER	GeneralAdmission1	START	1612440351271
REQUEST		CreateGeneral	1612440351163	1612440351363	OK	 
REQUEST		CreateGeneral	1612440351179	1612440351393	OK	 
REQUEST		GetToken	1612440351273	1612440351474	OK	 
REQUEST		AddToCart	1612440351506	1612440351565	OK	 
USER	GeneralAdmission1	START	1612440351770
REQUEST		BookingDetails	1612440351787	1612440351854	OK	 
REQUEST		CreateGeneral	1612440351692	1612440351875	OK	 
REQUEST		AddToCart2	1612440351883	1612440351984	OK	 
REQUEST		GetToken	1612440351771	1612440351988	OK	 
REQUEST		ConfirmPayment	1612440351856	1612440351993	OK	 
REQUEST		AddToCart	1612440351986	1612440352068	OK	 
REQUEST		BookingDetails	1612440352085	1612440352148	OK	 
USER	GeneralAdmission1	START	1612440352270
REQUEST		BookingDetails	1612440352224	1612440352288	OK	 
REQUEST		BookingDetails	1612440352241	1612440352302	OK	 
REQUEST		ConfirmPayment	1612440352149	1612440352356	OK	 
REQUEST		ConfirmPayment	1612440352304	1612440352466	OK	 
REQUEST		BookingDetails	1612440352427	1612440352499	OK	 
REQUEST		GetToken	1612440352271	1612440352498	OK	 
REQUEST		ConfirmPayment	1612440352290	1612440352510	OK	 
REQUEST		AddToCart	1612440352473	1612440352532	OK	 
REQUEST		CreateGeneral	1612440352410	1612440352598	OK	 
REQUEST		ConfirmPayment	1612440352500	1612440352645	OK	 
REQUEST		AddToCart2	1612440352598	1612440352673	OK	 
USER	GeneralAdmission1	START	1612440352768
REQUEST		CreateGeneral	1612440352643	1612440352833	OK	 
REQUEST		AddToCart2	1612440352815	1612440352875	OK	 
REQUEST		AddToCart2	1612440352815	1612440352876	OK	 
REQUEST		GetToken	1612440352769	1612440352934	OK	 
USER	GeneralAdmission1	START	1612440353281
REQUEST		AddToCart2	1612440353032	1612440353307	OK	 
USER	GeneralAdmission1	END	1612440353453
REQUEST		GetToken	1612440353283	1612440353491	OK	 
REQUEST		AddToCart	1612440353485	1612440353558	OK	 
USER	GeneralAdmission1	END	1612440353625
REQUEST		AddToCart2	1612440353580	1612440353664	OK	 
USER	GeneralAdmission1	END	1612440353887
REQUEST		AddToCart	1612440354012	1612440354068	OK	 
REQUEST		AddToCart2	1612440354092	1612440354164	OK	 
USER	GeneralAdmission1	END	1612440354231
USER	GeneralAdmission1	END	1612440354263
USER	GeneralAdmission1	END	1612440354263
USER	GeneralAdmission1	END	1612440354263
USER	GeneralAdmission1	START	1612440354277
USER	GeneralAdmission1	END	1612440354354
USER	GeneralAdmission1	END	1612440354354
USER	GeneralAdmission1	END	1612440354354
USER	GeneralAdmission1	END	1612440354416
USER	GeneralAdmission1	END	1612440354433
REQUEST		GetToken	1612440354278	1612440354464	OK	 
USER	GeneralAdmission1	END	1612440354481
USER	GeneralAdmission1	END	1612440354510
REQUEST		AddToCart	1612440354480	1612440354591	OK	 
REQUEST		AddToCart2	1612440354572	1612440354666	OK	 
USER	GeneralAdmission1	START	1612440354773
USER	GeneralAdmission1	END	1612440354900
USER	GeneralAdmission1	END	1612440354947
REQUEST		GetToken	1612440354773	1612440354967	OK	 
REQUEST		AddToCart	1612440354994	1612440355074	OK	 
REQUEST		BookingDetails	1612440355056	1612440355147	OK	 
REQUEST		AddToCart2	1612440355074	1612440355150	OK	 
REQUEST		CreateGeneral	1612440355011	1612440355205	OK	 
USER	GeneralAdmission1	START	1612440355273
REQUEST		BookingDetails	1612440355196	1612440355277	OK	 
REQUEST		BookingDetails	1612440355257	1612440355317	OK	 
REQUEST		ConfirmPayment	1612440355149	1612440355374	OK	 
REQUEST		ConfirmPayment	1612440355278	1612440355440	OK	 
REQUEST		BookingDetails	1612440355382	1612440355458	OK	 
REQUEST		ConfirmPayment	1612440355322	1612440355482	OK	 
REQUEST		BookingDetails	1612440355401	1612440355485	OK	 
REQUEST		GetToken	1612440355275	1612440355499	OK	 
REQUEST		AddToCart	1612440355478	1612440355559	OK	 
REQUEST		AddToCart2	1612440355539	1612440355597	OK	 
REQUEST		ConfirmPayment	1612440355460	1612440355653	OK	 
REQUEST		ConfirmPayment	1612440355487	1612440355684	OK	 
USER	GeneralAdmission1	START	1612440355772
REQUEST		CreateGeneral	1612440355697	1612440355868	OK	 
REQUEST		BookingDetails	1612440355884	1612440355977	OK	 
REQUEST		GetToken	1612440355773	1612440355993	OK	 
REQUEST		CreateGeneral	1612440355899	1612440356094	OK	 
REQUEST		ConfirmPayment	1612440355978	1612440356134	OK	 
USER	GeneralAdmission1	END	1612440356254
USER	GeneralAdmission1	START	1612440356284
REQUEST		CreateGeneral	1612440356331	1612440356527	OK	 
REQUEST		GetToken	1612440356285	1612440356537	OK	 
REQUEST		AddToCart	1612440356488	1612440356553	OK	 
REQUEST		AddToCart2	1612440356569	1612440356624	OK	 
REQUEST		BookingDetails	1612440356612	1612440356677	OK	 
REQUEST		ConfirmPayment	1612440356678	1612440356901	OK	 
REQUEST		BookingDetails	1612440356847	1612440356943	OK	 
REQUEST		CreateGeneral	1612440356694	1612440356947	OK	 
USER	GeneralAdmission1	END	1612440357003
REQUEST		AddToCart	1612440357003	1612440357078	OK	 
REQUEST		ConfirmPayment	1612440356944	1612440357114	OK	 
REQUEST		AddToCart2	1612440357081	1612440357141	OK	 
REQUEST		CreateGeneral	1612440355899	1612440357161	OK	 
USER	GeneralAdmission1	START	1612440357282
USER	GeneralAdmission1	END	1612440357361
REQUEST		CreateGeneral	1612440357189	1612440357404	OK	 
USER	GeneralAdmission1	END	1612440357470
REQUEST		GetToken	1612440357282	1612440357499	OK	 
USER	GeneralAdmission1	END	1612440357518
REQUEST		AddToCart	1612440357503	1612440357563	OK	 
REQUEST		AddToCart2	1612440357594	1612440357653	OK	 
USER	GeneralAdmission1	END	1612440357656
USER	GeneralAdmission1	START	1612440357781
REQUEST		CreateGeneral	1612440357688	1612440357864	OK	 
REQUEST		GetToken	1612440357781	1612440357974	OK	 
REQUEST		AddToCart	1612440357937	1612440357999	OK	 
REQUEST		AddToCart2	1612440358092	1612440358162	OK	 
USER	GeneralAdmission1	START	1612440358280
REQUEST		CreateGeneral	1612440358173	1612440358350	OK	 
REQUEST		GetToken	1612440358281	1612440358469	OK	 
USER	GeneralAdmission1	START	1612440358776
REQUEST		AddToCart	1612440358498	1612440358845	OK	 
REQUEST		AddToCart2	1612440358576	1612440359131	OK	 
REQUEST		GetToken	1612440358778	1612440359180	OK	 
REQUEST		CreateGeneral	1612440358622	1612440359250	OK	 
USER	GeneralAdmission1	START	1612440359272
REQUEST		BookingDetails	1612440359209	1612440359289	OK	 
REQUEST		GetToken	1612440359274	1612440359466	OK	 
REQUEST		ConfirmPayment	1612440359290	1612440359468	OK	 
REQUEST		AddToCart	1612440359478	1612440359560	OK	 
REQUEST		AddToCart2	1612440359571	1612440359638	OK	 
REQUEST		CreateGeneral	1612440359648	1612440359819	OK	 
REQUEST		BookingDetails	1612440359880	1612440359953	OK	 
REQUEST		AddToCart	1612440359976	1612440360070	OK	 
REQUEST		ConfirmPayment	1612440359962	1612440360154	OK	 
REQUEST		AddToCart2	1612440360084	1612440360154	OK	 
REQUEST		BookingDetails	1612440360099	1612440360165	OK	 
USER	GeneralAdmission1	START	1612440360283
REQUEST		ConfirmPayment	1612440360166	1612440360333	OK	 
REQUEST		CreateGeneral	1612440360159	1612440360348	OK	 
USER	GeneralAdmission1	END	1612440360391
USER	GeneralAdmission1	END	1612440360455
USER	GeneralAdmission1	END	1612440360485
REQUEST		GetToken	1612440360284	1612440360511	OK	 
REQUEST		AddToCart	1612440360513	1612440360572	OK	 
REQUEST		BookingDetails	1612440360531	1612440360600	OK	 
REQUEST		AddToCart2	1612440360578	1612440360627	OK	 
USER	GeneralAdmission1	END	1612440360657
USER	GeneralAdmission1	END	1612440360690
REQUEST		ConfirmPayment	1612440360602	1612440360756	OK	 
USER	GeneralAdmission1	START	1612440360780
REQUEST		CreateGeneral	1612440360673	1612440360852	OK	 
REQUEST		GetToken	1612440360780	1612440360968	OK	 
REQUEST		BookingDetails	1612440360950	1612440361023	OK	 
REQUEST		AddToCart	1612440360997	1612440361066	OK	 
REQUEST		AddToCart2	1612440361015	1612440361082	OK	 
USER	GeneralAdmission1	END	1612440361138
USER	GeneralAdmission1	START	1612440361277
REQUEST		ConfirmPayment	1612440361024	1612440361347	OK	 
REQUEST		BookingDetails	1612440361168	1612440361422	OK	 
REQUEST		BookingDetails	1612440361419	1612440361526	OK	 
REQUEST		GetToken	1612440361278	1612440361527	OK	 
REQUEST		CreateGeneral	1612440361186	1612440361542	OK	 
REQUEST		ConfirmPayment	1612440361423	1612440361609	OK	 
REQUEST		AddToCart	1612440361547	1612440361619	OK	 
REQUEST		ConfirmPayment	1612440361528	1612440361682	OK	 
USER	GeneralAdmission1	START	1612440361776
USER	GeneralAdmission1	END	1612440361917
REQUEST		AddToCart2	1612440361854	1612440361930	OK	 
REQUEST		BookingDetails	1612440361871	1612440362008	OK	 
REQUEST		GetToken	1612440361776	1612440362067	OK	 
USER	GeneralAdmission1	END	1612440362120
REQUEST		ConfirmPayment	1612440362009	1612440362195	OK	 
USER	GeneralAdmission1	START	1612440362274
REQUEST		CreateGeneral	1612440362150	1612440362331	OK	 
REQUEST		BookingDetails	1612440362367	1612440362438	OK	 
REQUEST		GetToken	1612440362275	1612440362497	OK	 
REQUEST		AddToCart	1612440362506	1612440362565	OK	 
REQUEST		ConfirmPayment	1612440362439	1612440362631	OK	 
REQUEST		AddToCart2	1612440362567	1612440362632	OK	 
REQUEST		CreateGeneral	1612440362661	1612440362832	OK	 
REQUEST		AddToCart	1612440362989	1612440363058	OK	 
REQUEST		AddToCart2	1612440363084	1612440363141	OK	 
USER	GeneralAdmission1	START	1612440363269
REQUEST		BookingDetails	1612440363253	1612440363311	OK	 
REQUEST		CreateGeneral	1612440363175	1612440363350	OK	 
REQUEST		ConfirmPayment	1612440363313	1612440363647	OK	 
USER	GeneralAdmission1	START	1612440363770
REQUEST		GetToken	1612440363271	1612440363936	OK	 
USER	GeneralAdmission1	START	1612440364283
USER	GeneralAdmission1	END	1612440364473
REQUEST		AddToCart	1612440363472	1612440364486	OK	 
REQUEST		AddToCart2	1612440363581	1612440364557	OK	 
REQUEST		BookingDetails	1612440363833	1612440364594	OK	 
REQUEST		GetToken	1612440363770	1612440364595	OK	 
REQUEST		AddToCart2	1612440364080	1612440364615	OK	 
REQUEST		CreateGeneral	1612440363649	1612440364615	OK	 
REQUEST		AddToCart	1612440364190	1612440364622	OK	 
REQUEST		AddToCart	1612440364473	1612440364623	OK	 
REQUEST		BookingDetails	1612440364362	1612440364623	OK	 
REQUEST		GetToken	1612440364283	1612440364632	OK	 
REQUEST		CreateGeneral	1612440364112	1612440364688	OK	 
REQUEST		AddToCart2	1612440364630	1612440364695	OK	 
REQUEST		ConfirmPayment	1612440364599	1612440364746	OK	 
REQUEST		ConfirmPayment	1612440364625	1612440364773	OK	 
USER	GeneralAdmission1	START	1612440364782
REQUEST		BookingDetails	1612440364858	1612440364934	OK	 
REQUEST		GetToken	1612440364785	1612440365010	OK	 
REQUEST		ConfirmPayment	1612440364935	1612440365074	OK	 
REQUEST		CreateGeneral	1612440364954	1612440365153	OK	 
USER	GeneralAdmission1	END	1612440365157
USER	GeneralAdmission1	START	1612440365281
USER	GeneralAdmission1	END	1612440365344
REQUEST		GetToken	1612440365282	1612440365454	OK	 
REQUEST		AddToCart	1612440365516	1612440365576	OK	 
REQUEST		BookingDetails	1612440365548	1612440365606	OK	 
REQUEST		AddToCart2	1612440365581	1612440365643	OK	 
REQUEST		ConfirmPayment	1612440365607	1612440365769	OK	 
USER	GeneralAdmission1	END	1612440365770
REQUEST		CreateGeneral	1612440365660	1612440365832	OK	 
REQUEST		AddToCart	1612440365976	1612440366043	OK	 
REQUEST		AddToCart2	1612440366072	1612440366131	OK	 
USER	GeneralAdmission1	START	1612440366277
REQUEST		CreateGeneral	1612440366166	1612440366337	OK	 
USER	GeneralAdmission1	END	1612440366359
REQUEST		BookingDetails	1612440366342	1612440366425	OK	 
REQUEST		GetToken	1612440366280	1612440366464	OK	 
REQUEST		ConfirmPayment	1612440366426	1612440366575	OK	 
USER	GeneralAdmission1	END	1612440366622
REQUEST		AddToCart	1612440366542	1612440366698	OK	 
USER	GeneralAdmission1	END	1612440366700
USER	GeneralAdmission1	START	1612440366779
REQUEST		BookingDetails	1612440366843	1612440366912	OK	 
REQUEST		GetToken	1612440366779	1612440367004	OK	 
REQUEST		ConfirmPayment	1612440366914	1612440367096	OK	 
REQUEST		AddToCart	1612440367081	1612440367149	OK	 
USER	GeneralAdmission1	END	1612440367207
USER	GeneralAdmission1	START	1612440367269
REQUEST		BookingDetails	1612440367362	1612440367437	OK	 
REQUEST		GetToken	1612440367270	1612440367477	OK	 
REQUEST		AddToCart	1612440367502	1612440367559	OK	 
REQUEST		AddToCart2	1612440367503	1612440367566	OK	 
REQUEST		ConfirmPayment	1612440367439	1612440367594	OK	 
USER	GeneralAdmission1	END	1612440367645
USER	GeneralAdmission1	START	1612440367782
REQUEST		AddToCart2	1612440367628	1612440367895	OK	 
REQUEST		AddToCart2	1612440367628	1612440367902	OK	 
REQUEST		CreateGeneral	1612440367583	1612440367904	OK	 
REQUEST		GetToken	1612440367783	1612440368033	OK	 
REQUEST		CreateGeneral	1612440367627	1612440368156	OK	 
REQUEST		CreateGeneral	1612440367704	1612440368194	OK	 
USER	GeneralAdmission1	START	1612440368278
REQUEST		GetToken	1612440368279	1612440368456	OK	 
USER	GeneralAdmission1	END	1612440368651
REQUEST		AddToCart2	1612440368588	1612440368936	OK	 
REQUEST		BookingDetails	1612440368697	1612440369189	OK	 
REQUEST		BookingDetails	1612440368620	1612440369191	OK	 
USER	GeneralAdmission1	START	1612440369277
REQUEST		AddToCart	1612440368951	1612440369556	OK	 
REQUEST		AddToCart2	1612440369058	1612440369556	OK	 
REQUEST		CreateGeneral	1612440368666	1612440369556	OK	 
REQUEST		BookingDetails	1612440369170	1612440369563	OK	 
REQUEST		GetToken	1612440369278	1612440369577	OK	 
REQUEST		ConfirmPayment	1612440369191	1612440369689	OK	 
REQUEST		CreateGeneral	1612440369152	1612440369702	OK	 
REQUEST		AddToCart	1612440369605	1612440369718	OK	 
REQUEST		ConfirmPayment	1612440369192	1612440369718	OK	 
REQUEST		AddToCart	1612440369636	1612440369724	OK	 
REQUEST		ConfirmPayment	1612440369564	1612440369741	OK	 
USER	GeneralAdmission1	END	1612440369761
USER	GeneralAdmission1	START	1612440369776
USER	GeneralAdmission1	END	1612440369778
REQUEST		AddToCart2	1612440369717	1612440369786	OK	 
REQUEST		BookingDetails	1612440369839	1612440369903	OK	 
REQUEST		GetToken	1612440369777	1612440369965	OK	 
USER	GeneralAdmission1	END	1612440370088
REQUEST		AddToCart	1612440370025	1612440370093	OK	 
REQUEST		ConfirmPayment	1612440369905	1612440370094	OK	 
REQUEST		AddToCart2	1612440370166	1612440370242	OK	 
USER	GeneralAdmission1	START	1612440370275
REQUEST		BookingDetails	1612440370353	1612440370412	OK	 
REQUEST		GetToken	1612440370276	1612440370448	OK	 
REQUEST		AddToCart	1612440370464	1612440370541	OK	 
REQUEST		ConfirmPayment	1612440370414	1612440370559	OK	 
REQUEST		AddToCart2	1612440370574	1612440370643	OK	 
REQUEST		CreateGeneral	1612440370588	1612440370766	OK	 
USER	GeneralAdmission1	START	1612440370773
USER	GeneralAdmission1	END	1612440370773
REQUEST		GetToken	1612440370773	1612440370954	OK	 
USER	GeneralAdmission1	START	1612440371274
REQUEST		CreateGeneral	1612440370930	1612440371343	OK	 
REQUEST		GetToken	1612440371274	1612440371459	OK	 
REQUEST		AddToCart	1612440371480	1612440371534	OK	 
USER	GeneralAdmission1	END	1612440371587
REQUEST		BookingDetails	1612440371913	1612440371981	OK	 
REQUEST		AddToCart	1612440372021	1612440372087	OK	 
USER	GeneralAdmission1	END	1612440372116
REQUEST		CreateGeneral	1612440371959	1612440372139	OK	 
REQUEST		ConfirmPayment	1612440371983	1612440372142	OK	 
REQUEST		BookingDetails	1612440372162	1612440372227	OK	 
USER	GeneralAdmission1	START	1612440372273
REQUEST		BookingDetails	1612440372210	1612440372274	OK	 
REQUEST		CreateGeneral	1612440370914	1612440372375	KO	status.find.is(200), but actually found 400
REQUEST		ConfirmPayment	1612440372228	1612440372391	OK	 
REQUEST		ConfirmPayment	1612440372276	1612440372443	OK	 
REQUEST		GetToken	1612440372273	1612440372494	OK	 
REQUEST		AddToCart	1612440372490	1612440372552	OK	 
REQUEST		CreateGeneral	1612440372377	1612440372591	OK	 
USER	GeneralAdmission1	END	1612440372604
REQUEST		AddToCart2	1612440372571	1612440372627	OK	 
USER	GeneralAdmission1	START	1612440372771
REQUEST		AddToCart2	1612440372724	1612440372790	OK	 
REQUEST		CreateGeneral	1612440372586	1612440372791	OK	 
REQUEST		AddToCart2	1612440372742	1612440372799	OK	 
REQUEST		GetToken	1612440372771	1612440372976	OK	 
REQUEST		CreateGeneral	1612440372804	1612440372995	OK	 
REQUEST		AddToCart	1612440373036	1612440373101	OK	 
REQUEST		AddToCart2	1612440373099	1612440373159	OK	 
USER	GeneralAdmission1	START	1612440373272
REQUEST		CreateGeneral	1612440373272	1612440373447	OK	 
REQUEST		GetToken	1612440373273	1612440373466	OK	 
REQUEST		AddToCart	1612440373468	1612440373554	OK	 
REQUEST		AddToCart2	1612440373553	1612440373640	OK	 
REQUEST		BookingDetails	1612440373571	1612440373653	OK	 
REQUEST		BookingDetails	1612440373707	1612440373772	OK	 
USER	GeneralAdmission1	START	1612440373771
REQUEST		ConfirmPayment	1612440373655	1612440373827	OK	 
REQUEST		CreateGeneral	1612440373664	1612440373841	OK	 
REQUEST		ConfirmPayment	1612440373773	1612440373959	OK	 
REQUEST		GetToken	1612440373772	1612440373984	OK	 
USER	GeneralAdmission1	START	1612440374269
REQUEST		GetToken	1612440374270	1612440374507	OK	 
REQUEST		AddToCart2	1612440374550	1612440374611	OK	 
REQUEST		AddToCart	1612440374581	1612440374645	OK	 
USER	GeneralAdmission1	END	1612440374706
USER	GeneralAdmission1	END	1612440374722
USER	GeneralAdmission1	END	1612440374753
REQUEST		BookingDetails	1612440374769	1612440374835	OK	 
REQUEST		ConfirmPayment	1612440374837	1612440375000	OK	 
REQUEST		AddToCart	1612440374971	1612440375040	OK	 
USER	GeneralAdmission1	END	1612440375097
REQUEST		AddToCart2	1612440375097	1612440375166	OK	 
USER	GeneralAdmission1	START	1612440375270
REQUEST		BookingDetails	1612440375348	1612440375413	OK	 
REQUEST		GetToken	1612440375270	1612440375448	OK	 
REQUEST		AddToCart	1612440375450	1612440375515	OK	 
REQUEST		ConfirmPayment	1612440375414	1612440375565	OK	 
USER	GeneralAdmission1	END	1612440375568
USER	GeneralAdmission1	START	1612440375769
REQUEST		AddToCart2	1612440375567	1612440375956	OK	 
REQUEST		GetToken	1612440375769	1612440376193	OK	 
REQUEST		CreateGeneral	1612440375645	1612440376213	OK	 
REQUEST		CreateGeneral	1612440375801	1612440376224	OK	 
REQUEST		AddToCart	1612440375974	1612440376226	OK	 
USER	GeneralAdmission1	START	1612440376282
REQUEST		AddToCart2	1612440376111	1612440376375	OK	 
REQUEST		BookingDetails	1612440376158	1612440376388	OK	 
REQUEST		CreateGeneral	1612440375818	1612440376397	OK	 
REQUEST		GetToken	1612440376282	1612440376514	OK	 
REQUEST		AddToCart	1612440376468	1612440376556	OK	 
REQUEST		ConfirmPayment	1612440376389	1612440376596	OK	 
REQUEST		CreateGeneral	1612440376188	1612440376599	OK	 
REQUEST		AddToCart2	1612440376562	1612440376662	OK	 
REQUEST		BookingDetails	1612440376612	1612440376700	OK	 
USER	GeneralAdmission1	START	1612440376779
REQUEST		CreateGeneral	1612440376654	1612440376843	OK	 
REQUEST		ConfirmPayment	1612440376702	1612440376892	OK	 
REQUEST		BookingDetails	1612440376810	1612440376892	OK	 
REQUEST		GetToken	1612440376779	1612440377052	OK	 
REQUEST		BookingDetails	1612440377012	1612440377085	OK	 
REQUEST		ConfirmPayment	1612440376894	1612440377087	OK	 
USER	GeneralAdmission1	END	1612440377151
REQUEST		ConfirmPayment	1612440377086	1612440377262	OK	 
USER	GeneralAdmission1	START	1612440377274
USER	GeneralAdmission1	END	1612440377400
USER	GeneralAdmission1	END	1612440377447
REQUEST		BookingDetails	1612440377463	1612440377550	OK	 
REQUEST		AddToCart	1612440377509	1612440377582	OK	 
REQUEST		ConfirmPayment	1612440377552	1612440377699	OK	 
REQUEST		AddToCart2	1612440377651	1612440377730	OK	 
REQUEST		GetToken	1612440377276	1612440377746	OK	 
REQUEST		CreateGeneral	1612440377634	1612440377827	OK	 
REQUEST		BookingDetails	1612440377853	1612440377917	OK	 
REQUEST		AddToCart	1612440377990	1612440378052	OK	 
REQUEST		ConfirmPayment	1612440377918	1612440378112	OK	 
REQUEST		AddToCart2	1612440378053	1612440378140	OK	 
USER	GeneralAdmission1	START	1612440378269
REQUEST		CreateGeneral	1612440378193	1612440378372	OK	 
REQUEST		GetToken	1612440378270	1612440378491	OK	 
REQUEST		AddToCart	1612440378470	1612440378563	OK	 
REQUEST		AddToCart2	1612440378518	1612440378582	OK	 
USER	GeneralAdmission1	START	1612440378783
USER	GeneralAdmission1	END	1612440378830
USER	GeneralAdmission1	END	1612440378971
REQUEST		GetToken	1612440378783	1612440378975	OK	 
REQUEST		AddToCart	1612440379000	1612440379122	OK	 
REQUEST		CreateGeneral	1612440378968	1612440379233	OK	 
USER	GeneralAdmission1	START	1612440379279
REQUEST		AddToCart2	1612440379233	1612440379296	OK	 
REQUEST		GetToken	1612440379280	1612440379471	OK	 
REQUEST		CreateGeneral	1612440379389	1612440379678	OK	 
USER	GeneralAdmission1	START	1612440379779
REQUEST		AddToCart2	1612440379561	1612440379783	OK	 
REQUEST		AddToCart	1612440379515	1612440379826	OK	 
REQUEST		GetToken	1612440379779	1612440379955	OK	 
REQUEST		CreateGeneral	1612440379689	1612440379975	OK	 
USER	GeneralAdmission1	END	1612440380013
USER	GeneralAdmission1	START	1612440380277
REQUEST		BookingDetails	1612440380215	1612440380291	OK	 
REQUEST		BookingDetails	1612440380233	1612440380308	OK	 
REQUEST		GetToken	1612440380278	1612440380490	OK	 
REQUEST		ConfirmPayment	1612440380295	1612440380491	OK	 
REQUEST		ConfirmPayment	1612440380312	1612440380493	OK	 
REQUEST		BookingDetails	1612440380403	1612440380510	OK	 
REQUEST		AddToCart	1612440380466	1612440380525	OK	 
USER	GeneralAdmission1	END	1612440380575
REQUEST		AddToCart2	1612440380590	1612440380649	OK	 
REQUEST		ConfirmPayment	1612440380511	1612440380674	OK	 
REQUEST		BookingDetails	1612440380606	1612440380681	OK	 
REQUEST		ConfirmPayment	1612440380685	1612440380870	OK	 
REQUEST		BookingDetails	1612440380852	1612440380930	OK	 
REQUEST		CreateGeneral	1612440380744	1612440380930	OK	 
REQUEST		AddToCart2	1612440381055	1612440381126	OK	 
REQUEST		ConfirmPayment	1612440380933	1612440381138	OK	 
REQUEST		AddToCart	1612440381199	1612440381261	OK	 
USER	GeneralAdmission1	START	1612440381276
REQUEST		CreateGeneral	1612440381168	1612440381405	OK	 
REQUEST		GetToken	1612440381279	1612440381452	OK	 
REQUEST		AddToCart	1612440381529	1612440381599	OK	 
USER	GeneralAdmission1	END	1612440381610
REQUEST		AddToCart2	1612440381575	1612440381630	OK	 
USER	GeneralAdmission1	START	1612440381782
REQUEST		CreateGeneral	1612440381593	1612440381791	OK	 
USER	GeneralAdmission1	END	1612440381907
REQUEST		BookingDetails	1612440381845	1612440381933	OK	 
USER	GeneralAdmission1	END	1612440382098
REQUEST		GetToken	1612440381782	1612440382125	OK	 
REQUEST		AddToCart	1612440382065	1612440382147	OK	 
REQUEST		AddToCart2	1612440382131	1612440382202	OK	 
USER	GeneralAdmission1	END	1612440382267
USER	GeneralAdmission1	START	1612440382284
REQUEST		ConfirmPayment	1612440381935	1612440382319	OK	 
REQUEST		BookingDetails	1612440382376	1612440382430	OK	 
REQUEST		CreateGeneral	1612440382314	1612440382525	OK	 
REQUEST		GetToken	1612440382284	1612440382528	OK	 
REQUEST		ConfirmPayment	1612440382431	1612440382671	OK	 
USER	GeneralAdmission1	END	1612440382707
USER	GeneralAdmission1	START	1612440382769
REQUEST		AddToCart	1612440382753	1612440382834	OK	 
REQUEST		AddToCart2	1612440382833	1612440382898	OK	 
REQUEST		GetToken	1612440382771	1612440382961	OK	 
REQUEST		CreateGeneral	1612440382815	1612440383005	OK	 
USER	GeneralAdmission1	END	1612440383130
USER	GeneralAdmission1	START	1612440383283
REQUEST		BookingDetails	1612440383237	1612440383300	OK	 
REQUEST		ConfirmPayment	1612440383303	1612440383507	OK	 
REQUEST		GetToken	1612440383283	1612440383509	OK	 
REQUEST		AddToCart	1612440383505	1612440383561	OK	 
REQUEST		AddToCart2	1612440383536	1612440383624	OK	 
REQUEST		BookingDetails	1612440383693	1612440383769	OK	 
REQUEST		CreateGeneral	1612440383676	1612440383905	OK	 
REQUEST		ConfirmPayment	1612440383771	1612440384029	OK	 
REQUEST		BookingDetails	1612440383985	1612440384059	OK	 
REQUEST		AddToCart	1612440383984	1612440384064	OK	 
USER	GeneralAdmission1	START	1612440384280
REQUEST		AddToCart2	1612440384264	1612440384332	OK	 
REQUEST		ConfirmPayment	1612440384061	1612440384347	OK	 
REQUEST		GetToken	1612440384282	1612440384469	OK	 
REQUEST		AddToCart	1612440384488	1612440384542	OK	 
REQUEST		CreateGeneral	1612440384138	1612440384594	OK	 
REQUEST		AddToCart2	1612440384612	1612440384673	OK	 
USER	GeneralAdmission1	START	1612440384779
REQUEST		GetToken	1612440384779	1612440384957	OK	 
REQUEST		BookingDetails	1612440384939	1612440385006	OK	 
REQUEST		AddToCart	1612440384959	1612440385013	OK	 
REQUEST		CreateGeneral	1612440384655	1612440385057	OK	 
REQUEST		AddToCart2	1612440385159	1612440385253	OK	 
USER	GeneralAdmission1	START	1612440385271
REQUEST		ConfirmPayment	1612440385007	1612440385404	OK	 
REQUEST		GetToken	1612440385272	1612440385471	OK	 
REQUEST		BookingDetails	1612440385414	1612440385487	OK	 
USER	GeneralAdmission1	END	1612440385507
USER	GeneralAdmission1	END	1612440385508
REQUEST		AddToCart	1612440385507	1612440385575	OK	 
USER	GeneralAdmission1	END	1612440385678
REQUEST		CreateGeneral	1612440385224	1612440385717	OK	 
USER	GeneralAdmission1	START	1612440385770
REQUEST		BookingDetails	1612440385803	1612440385872	OK	 
USER	GeneralAdmission1	END	1612440385885
REQUEST		AddToCart2	1612440385850	1612440385906	OK	 
REQUEST		ConfirmPayment	1612440385489	1612440385930	OK	 
REQUEST		GetToken	1612440385771	1612440385973	OK	 
USER	GeneralAdmission1	END	1612440386148
USER	GeneralAdmission1	START	1612440386272
REQUEST		GetToken	1612440386272	1612440386452	OK	 
REQUEST		AddToCart	1612440386463	1612440386536	OK	 
REQUEST		CreateGeneral	1612440385915	1612440386542	OK	 
REQUEST		BookingDetails	1612440386536	1612440386592	OK	 
REQUEST		AddToCart2	1612440386568	1612440386629	OK	 
REQUEST		ConfirmPayment	1612440386593	1612440386992	OK	 
REQUEST		BookingDetails	1612440387021	1612440387092	OK	 
REQUEST		AddToCart2	1612440387067	1612440387123	OK	 
REQUEST		CreateGeneral	1612440386631	1612440387174	OK	 
REQUEST		AddToCart	1612440387129	1612440387194	OK	 
USER	GeneralAdmission1	START	1612440387270
USER	GeneralAdmission1	END	1612440387335
REQUEST		ConfirmPayment	1612440387093	1612440387590	OK	 
REQUEST		ConfirmPayment	1612440385874	1612440387590	OK	 
USER	GeneralAdmission1	END	1612440387678
REQUEST		AddToCart	1612440387536	1612440387680	OK	 
REQUEST		AddToCart2	1612440387554	1612440387680	OK	 
REQUEST		GetToken	1612440387270	1612440387726	OK	 
USER	GeneralAdmission1	START	1612440387771
REQUEST		CreateGeneral	1612440387335	1612440387872	OK	 
REQUEST		GetToken	1612440387771	1612440387953	OK	 
REQUEST		BookingDetails	1612440387912	1612440387972	OK	 
REQUEST		AddToCart2	1612440388022	1612440388076	OK	 
REQUEST		CreateGeneral	1612440387678	1612440388257	OK	 
USER	GeneralAdmission1	START	1612440388269
REQUEST		AddToCart	1612440387978	1612440388315	OK	 
USER	GeneralAdmission1	END	1612440388518
REQUEST		ConfirmPayment	1612440387974	1612440388601	OK	 
REQUEST		GetToken	1612440388272	1612440388609	OK	 
REQUEST		AddToCart	1612440388518	1612440388766	OK	 
REQUEST		AddToCart2	1612440388581	1612440388768	OK	 
REQUEST		BookingDetails	1612440388598	1612440388769	OK	 
USER	GeneralAdmission1	START	1612440388769
REQUEST		CreateGeneral	1612440388286	1612440388835	OK	 
REQUEST		GetToken	1612440388770	1612440389020	OK	 
USER	GeneralAdmission1	END	1612440389037
REQUEST		BookingDetails	1612440389065	1612440389136	OK	 
REQUEST		ConfirmPayment	1612440388770	1612440389192	OK	 
USER	GeneralAdmission1	START	1612440389269
USER	GeneralAdmission1	END	1612440389364
REQUEST		CreateGeneral	1612440388926	1612440389479	OK	 
REQUEST		GetToken	1612440389269	1612440389537	OK	 
REQUEST		ConfirmPayment	1612440389137	1612440389557	OK	 
REQUEST		AddToCart	1612440389490	1612440389582	OK	 
REQUEST		AddToCart2	1612440389552	1612440389626	OK	 
REQUEST		BookingDetails	1612440389734	1612440389796	OK	 
REQUEST		ConfirmPayment	1612440389798	1612440390195	OK	 
REQUEST		AddToCart	1612440389969	1612440390225	OK	 
USER	GeneralAdmission1	START	1612440390281
REQUEST		AddToCart2	1612440390203	1612440390299	OK	 
REQUEST		CreateGeneral	1612440390139	1612440390329	OK	 
REQUEST		CreateGeneral	1612440389658	1612440390360	OK	 
USER	GeneralAdmission1	END	1612440390423
REQUEST		GetToken	1612440390281	1612440390450	OK	 
REQUEST		AddToCart	1612440390483	1612440390543	OK	 
REQUEST		BookingDetails	1612440390562	1612440390623	OK	 
REQUEST		AddToCart2	1612440390684	1612440390759	OK	 
USER	GeneralAdmission1	START	1612440390777
REQUEST		ConfirmPayment	1612440390624	1612440390782	OK	 
REQUEST		CreateGeneral	1612440390701	1612440390871	OK	 
USER	GeneralAdmission1	END	1612440390948
REQUEST		GetToken	1612440390779	1612440390964	OK	 
REQUEST		AddToCart	1612440390981	1612440391050	OK	 
REQUEST		BookingDetails	1612440391182	1612440391248	OK	 
USER	GeneralAdmission1	START	1612440391275
REQUEST		CreateGeneral	1612440391104	1612440391319	OK	 
REQUEST		AddToCart2	1612440391321	1612440391383	OK	 
REQUEST		ConfirmPayment	1612440391250	1612440391395	OK	 
REQUEST		GetToken	1612440391276	1612440391455	OK	 
REQUEST		AddToCart	1612440391457	1612440391524	OK	 
USER	GeneralAdmission1	START	1612440391783
REQUEST		AddToCart2	1612440391784	1612440391845	OK	 
REQUEST		BookingDetails	1612440391879	1612440391958	OK	 
REQUEST		CreateGeneral	1612440391783	1612440391986	OK	 
REQUEST		GetToken	1612440391784	1612440391987	OK	 
USER	GeneralAdmission1	END	1612440392007
USER	GeneralAdmission1	START	1612440392270
REQUEST		ConfirmPayment	1612440391960	1612440392467	OK	 
REQUEST		GetToken	1612440392271	1612440392467	OK	 
REQUEST		BookingDetails	1612440392270	1612440392468	OK	 
USER	GeneralAdmission1	END	1612440392597
USER	GeneralAdmission1	END	1612440392597
REQUEST		ConfirmPayment	1612440392470	1612440392614	OK	 
REQUEST		AddToCart2	1612440392597	1612440392719	OK	 
REQUEST		AddToCart	1612440392740	1612440392821	OK	 
REQUEST		BookingDetails	1612440392847	1612440392907	OK	 
REQUEST		CreateGeneral	1612440392644	1612440392931	OK	 
REQUEST		AddToCart	1612440392971	1612440393045	OK	 
REQUEST		ConfirmPayment	1612440392908	1612440393049	OK	 
USER	GeneralAdmission1	START	1612440393280
REQUEST		AddToCart2	1612440393234	1612440393347	OK	 
REQUEST		GetToken	1612440393280	1612440393492	OK	 
REQUEST		CreateGeneral	1612440393312	1612440393507	OK	 
REQUEST		BookingDetails	1612440393482	1612440393543	OK	 
USER	GeneralAdmission1	END	1612440393607
REQUEST		AddToCart2	1612440393563	1612440393627	OK	 
REQUEST		AddToCart	1612440393623	1612440393686	OK	 
REQUEST		ConfirmPayment	1612440393545	1612440393757	OK	 
USER	GeneralAdmission1	START	1612440393780
REQUEST		GetToken	1612440393782	1612440393968	OK	 
REQUEST		CreateGeneral	1612440393782	1612440393991	OK	 
REQUEST		AddToCart	1612440394027	1612440394094	OK	 
REQUEST		AddToCart2	1612440394058	1612440394131	OK	 
USER	GeneralAdmission1	END	1612440394199
USER	GeneralAdmission1	START	1612440394276
REQUEST		BookingDetails	1612440394339	1612440394403	OK	 
REQUEST		BookingDetails	1612440394370	1612440394433	OK	 
REQUEST		GetToken	1612440394277	1612440394452	OK	 
USER	GeneralAdmission1	END	1612440394574
REQUEST		ConfirmPayment	1612440394404	1612440394578	OK	 
REQUEST		AddToCart2	1612440394543	1612440394623	OK	 
REQUEST		AddToCart	1612440394542	1612440394623	OK	 
REQUEST		ConfirmPayment	1612440394435	1612440394623	OK	 
REQUEST		CreateGeneral	1612440394402	1612440394626	OK	 
USER	GeneralAdmission1	START	1612440394776
REQUEST		BookingDetails	1612440394888	1612440394982	OK	 
REQUEST		GetToken	1612440394776	1612440394982	OK	 
REQUEST		CreateGeneral	1612440394870	1612440395046	OK	 
REQUEST		ConfirmPayment	1612440394984	1612440395180	OK	 
USER	GeneralAdmission1	END	1612440395200
USER	GeneralAdmission1	START	1612440395276
REQUEST		BookingDetails	1612440395322	1612440395393	OK	 
REQUEST		GetToken	1612440395276	1612440395550	OK	 
REQUEST		AddToCart	1612440395462	1612440395690	OK	 
REQUEST		ConfirmPayment	1612440395395	1612440395766	OK	 
USER	GeneralAdmission1	END	1612440395791
REQUEST		CreateGeneral	1612440395743	1612440395909	OK	 
REQUEST		AddToCart2	1612440395836	1612440395912	OK	 
REQUEST		BookingDetails	1612440395996	1612440396063	OK	 
REQUEST		AddToCart	1612440395978	1612440396063	OK	 
REQUEST		AddToCart2	1612440396057	1612440396139	OK	 
REQUEST		ConfirmPayment	1612440396065	1612440396273	OK	 
USER	GeneralAdmission1	START	1612440396274
USER	GeneralAdmission1	END	1612440396400
REQUEST		GetToken	1612440396276	1612440396470	OK	 
REQUEST		AddToCart	1612440396462	1612440396527	OK	 
REQUEST		CreateGeneral	1612440396368	1612440396552	OK	 
REQUEST		AddToCart2	1612440396696	1612440396750	OK	 
USER	GeneralAdmission1	START	1612440396775
REQUEST		CreateGeneral	1612440396649	1612440396816	OK	 
REQUEST		GetToken	1612440396775	1612440397006	OK	 
REQUEST		BookingDetails	1612440396947	1612440397014	OK	 
REQUEST		AddToCart	1612440396992	1612440397055	OK	 
REQUEST		AddToCart2	1612440397101	1612440397169	OK	 
REQUEST		ConfirmPayment	1612440397016	1612440397181	OK	 
USER	GeneralAdmission1	START	1612440397270
REQUEST		CreateGeneral	1612440397148	1612440397331	OK	 
USER	GeneralAdmission1	END	1612440397472
REQUEST		GetToken	1612440397271	1612440397494	OK	 
REQUEST		AddToCart	1612440397472	1612440397554	OK	 
REQUEST		BookingDetails	1612440397518	1612440397616	OK	 
USER	GeneralAdmission1	END	1612440397631
REQUEST		AddToCart2	1612440397630	1612440397698	OK	 
REQUEST		ConfirmPayment	1612440397617	1612440397812	OK	 
USER	GeneralAdmission1	START	1612440397782
REQUEST		CreateGeneral	1612440397645	1612440397901	OK	 
USER	GeneralAdmission1	END	1612440398064
REQUEST		BookingDetails	1612440398001	1612440398080	OK	 
USER	GeneralAdmission1	START	1612440398280
REQUEST		ConfirmPayment	1612440398081	1612440398322	OK	 
REQUEST		GetToken	1612440398281	1612440398542	OK	 
REQUEST		AddToCart	1612440398498	1612440398578	OK	 
USER	GeneralAdmission1	END	1612440398765
REQUEST		BookingDetails	1612440398639	1612440399134	OK	 
REQUEST		AddToCart2	1612440398702	1612440399160	OK	 
REQUEST		GetToken	1612440397783	1612440399193	OK	 
REQUEST		AddToCart	1612440398983	1612440399221	OK	 
REQUEST		AddToCart2	1612440399078	1612440399226	OK	 
REQUEST		BookingDetails	1612440399061	1612440399227	OK	 
USER	GeneralAdmission1	START	1612440399279
REQUEST		CreateGeneral	1612440398936	1612440399296	OK	 
REQUEST		ConfirmPayment	1612440399136	1612440399337	OK	 
REQUEST		CreateGeneral	1612440399159	1612440399366	OK	 
REQUEST		ConfirmPayment	1612440399228	1612440399395	OK	 
REQUEST		GetToken	1612440399279	1612440399464	OK	 
REQUEST		AddToCart	1612440399466	1612440399531	OK	 
USER	GeneralAdmission1	END	1612440399590
REQUEST		AddToCart2	1612440399544	1612440399626	OK	 
USER	GeneralAdmission1	END	1612440399639
USER	GeneralAdmission1	START	1612440399775
REQUEST		CreateGeneral	1612440399775	1612440399990	OK	 
REQUEST		GetToken	1612440399777	1612440400000	OK	 
REQUEST		BookingDetails	1612440399916	1612440400023	OK	 
REQUEST		AddToCart2	1612440400072	1612440400138	OK	 
REQUEST		AddToCart	1612440399994	1612440400138	OK	 
USER	GeneralAdmission1	END	1612440400186
REQUEST		ConfirmPayment	1612440400024	1612440400220	OK	 
USER	GeneralAdmission1	START	1612440400276
REQUEST		CreateGeneral	1612440400183	1612440400400	OK	 
REQUEST		GetToken	1612440400276	1612440400558	OK	 
REQUEST		AddToCart	1612440400555	1612440400614	OK	 
REQUEST		AddToCart2	1612440400572	1612440400657	OK	 
REQUEST		BookingDetails	1612440400572	1612440400657	OK	 
USER	GeneralAdmission1	END	1612440400772
USER	GeneralAdmission1	START	1612440400772
REQUEST		ConfirmPayment	1612440400659	1612440400814	OK	 
REQUEST		BookingDetails	1612440400837	1612440400906	OK	 
REQUEST		CreateGeneral	1612440400724	1612440400909	OK	 
REQUEST		GetToken	1612440400772	1612440400963	OK	 
REQUEST		ConfirmPayment	1612440400907	1612440401101	OK	 
USER	GeneralAdmission1	START	1612440401271
USER	GeneralAdmission1	END	1612440401289
REQUEST		BookingDetails	1612440401349	1612440401426	OK	 
REQUEST		GetToken	1612440401271	1612440401490	OK	 
REQUEST		AddToCart	1612440401472	1612440401548	OK	 
REQUEST		ConfirmPayment	1612440401428	1612440401646	OK	 
REQUEST		AddToCart2	1612440401582	1612440401649	OK	 
REQUEST		BookingDetails	1612440401911	1612440401974	OK	 
REQUEST		AddToCart	1612440402019	1612440402080	OK	 
REQUEST		ConfirmPayment	1612440401976	1612440402132	OK	 
USER	GeneralAdmission1	END	1612440402190
USER	GeneralAdmission1	START	1612440402283
REQUEST		AddToCart2	1612440402237	1612440402292	OK	 
REQUEST		CreateGeneral	1612440402190	1612440402371	OK	 
REQUEST		CreateGeneral	1612440402254	1612440402426	OK	 
REQUEST		GetToken	1612440402284	1612440402472	OK	 
REQUEST		AddToCart	1612440402501	1612440402555	OK	 
REQUEST		AddToCart2	1612440402548	1612440402755	OK	 
USER	GeneralAdmission1	START	1612440402782
USER	GeneralAdmission1	END	1612440402829
REQUEST		CreateGeneral	1612440402641	1612440402946	OK	 
REQUEST		GetToken	1612440402782	1612440402972	OK	 
REQUEST		AddToCart2	1612440403155	1612440403229	OK	 
USER	GeneralAdmission1	START	1612440403280
USER	GeneralAdmission1	END	1612440403329
REQUEST		CreateGeneral	1612440403156	1612440403337	OK	 
REQUEST		BookingDetails	1612440403311	1612440403393	OK	 
REQUEST		BookingDetails	1612440403374	1612440403488	OK	 
REQUEST		ConfirmPayment	1612440403394	1612440403588	OK	 
REQUEST		GetToken	1612440403281	1612440403598	OK	 
REQUEST		AddToCart	1612440403546	1612440403615	OK	 
REQUEST		ConfirmPayment	1612440403490	1612440403676	OK	 
REQUEST		AddToCart2	1612440403625	1612440403696	OK	 
USER	GeneralAdmission1	START	1612440403778
REQUEST		CreateGeneral	1612440403677	1612440403850	OK	 
REQUEST		GetToken	1612440403779	1612440403953	OK	 
REQUEST		BookingDetails	1612440403995	1612440404059	OK	 
REQUEST		ConfirmPayment	1612440404061	1612440404240	OK	 
REQUEST		AddToCart	1612440404199	1612440404258	OK	 
USER	GeneralAdmission1	START	1612440404277
USER	GeneralAdmission1	END	1612440404399
USER	GeneralAdmission1	END	1612440404403
REQUEST		BookingDetails	1612440404419	1612440404529	OK	 
REQUEST		GetToken	1612440404278	1612440404529	OK	 
REQUEST		AddToCart	1612440404479	1612440404544	OK	 
REQUEST		AddToCart2	1612440404559	1612440404617	OK	 
REQUEST		ConfirmPayment	1612440404531	1612440404702	OK	 
REQUEST		CreateGeneral	1612440404668	1612440404857	OK	 
REQUEST		BookingDetails	1612440404916	1612440404991	OK	 
REQUEST		AddToCart	1612440405012	1612440405088	OK	 
REQUEST		AddToCart2	1612440405086	1612440405147	OK	 
REQUEST		ConfirmPayment	1612440404992	1612440405173	OK	 
USER	GeneralAdmission1	END	1612440405256
USER	GeneralAdmission1	START	1612440405274
REQUEST		GetToken	1612440405274	1612440405468	OK	 
REQUEST		CreateGeneral	1612440405305	1612440405489	OK	 
REQUEST		AddToCart2	1612440405569	1612440405624	OK	 
REQUEST		AddToCart	1612440405570	1612440405626	OK	 
USER	GeneralAdmission1	START	1612440405773
USER	GeneralAdmission1	END	1612440405820
REQUEST		CreateGeneral	1612440405773	1612440405947	OK	 
REQUEST		GetToken	1612440405774	1612440405989	OK	 
REQUEST		AddToCart	1612440405977	1612440406041	OK	 
USER	GeneralAdmission1	END	1612440406117
USER	GeneralAdmission1	START	1612440406272
REQUEST		CreateGeneral	1612440406256	1612440406432	OK	 
REQUEST		BookingDetails	1612440406380	1612440406438	OK	 
REQUEST		GetToken	1612440406274	1612440406456	OK	 
REQUEST		BookingDetails	1612440406445	1612440406508	OK	 
REQUEST		AddToCart	1612440406505	1612440406581	OK	 
REQUEST		ConfirmPayment	1612440406439	1612440406591	OK	 
USER	GeneralAdmission1	END	1612440406661
REQUEST		AddToCart2	1612440406630	1612440406704	OK	 
REQUEST		ConfirmPayment	1612440406510	1612440406731	OK	 
USER	GeneralAdmission1	START	1612440406769
REQUEST		CreateGeneral	1612440406725	1612440406892	OK	 
REQUEST		GetToken	1612440406769	1612440406949	OK	 
REQUEST		BookingDetails	1612440406956	1612440407040	OK	 
USER	GeneralAdmission1	END	1612440407142
REQUEST		ConfirmPayment	1612440407042	1612440407261	OK	 
USER	GeneralAdmission1	START	1612440407281
REQUEST		AddToCart2	1612440407265	1612440407323	OK	 
REQUEST		BookingDetails	1612440407345	1612440407397	OK	 
REQUEST		GetToken	1612440407283	1612440407484	OK	 
REQUEST		AddToCart	1612440407483	1612440407547	OK	 
REQUEST		AddToCart2	1612440407546	1612440407631	OK	 
REQUEST		ConfirmPayment	1612440407398	1612440407631	OK	 
REQUEST		CreateGeneral	1612440407643	1612440407829	OK	 
REQUEST		BookingDetails	1612440407858	1612440407955	OK	 
REQUEST		AddToCart	1612440407982	1612440408043	OK	 
REQUEST		AddToCart2	1612440408092	1612440408155	OK	 
REQUEST		ConfirmPayment	1612440407956	1612440408159	OK	 
USER	GeneralAdmission1	START	1612440408279
REQUEST		CreateGeneral	1612440408172	1612440408346	OK	 
REQUEST		GetToken	1612440408280	1612440408492	OK	 
USER	GeneralAdmission1	END	1612440408592
USER	GeneralAdmission1	END	1612440408685
REQUEST		AddToCart	1612440408607	1612440408703	OK	 
REQUEST		AddToCart2	1612440408638	1612440408719	OK	 
USER	GeneralAdmission1	START	1612440408778
REQUEST		CreateGeneral	1612440408655	1612440408850	OK	 
REQUEST		BookingDetails	1612440408874	1612440408955	OK	 
REQUEST		GetToken	1612440408779	1612440409061	OK	 
REQUEST		AddToCart	1612440408957	1612440409063	OK	 
REQUEST		AddToCart2	1612440409057	1612440409123	OK	 
REQUEST		ConfirmPayment	1612440408957	1612440409149	OK	 
USER	GeneralAdmission1	END	1612440409244
USER	GeneralAdmission1	START	1612440409275
REQUEST		GetToken	1612440409277	1612440409500	OK	 
REQUEST		BookingDetails	1612440409506	1612440409565	OK	 
REQUEST		AddToCart	1612440409538	1612440409602	OK	 
REQUEST		AddToCart2	1612440409585	1612440409648	OK	 
USER	GeneralAdmission1	END	1612440409711
REQUEST		ConfirmPayment	1612440409566	1612440409721	OK	 
USER	GeneralAdmission1	START	1612440409773
REQUEST		CreateGeneral	1612440409722	1612440409909	OK	 
REQUEST		GetToken	1612440409773	1612440410005	OK	 
REQUEST		BookingDetails	1612440409962	1612440410025	OK	 
USER	GeneralAdmission1	END	1612440410179
REQUEST		ConfirmPayment	1612440410027	1612440410245	OK	 
USER	GeneralAdmission1	START	1612440410271
REQUEST		GetToken	1612440410272	1612440410473	OK	 
REQUEST		BookingDetails	1612440410443	1612440410520	OK	 
REQUEST		AddToCart	1612440410476	1612440410540	OK	 
REQUEST		CreateGeneral	1612440410349	1612440410577	OK	 
REQUEST		AddToCart2	1612440410555	1612440410664	OK	 
REQUEST		ConfirmPayment	1612440410521	1612440410685	OK	 
REQUEST		CreateGeneral	1612440410661	1612440410843	OK	 
REQUEST		BookingDetails	1612440410896	1612440410958	OK	 
REQUEST		AddToCart	1612440411004	1612440411064	OK	 
REQUEST		AddToCart2	1612440411051	1612440411121	OK	 
REQUEST		ConfirmPayment	1612440410960	1612440411151	OK	 
USER	GeneralAdmission1	START	1612440411269
REQUEST		CreateGeneral	1612440411176	1612440411353	OK	 
REQUEST		GetToken	1612440411270	1612440411473	OK	 
REQUEST		AddToCart	1612440411471	1612440411540	OK	 
USER	GeneralAdmission1	END	1612440411596
USER	GeneralAdmission1	END	1612440411740
USER	GeneralAdmission1	START	1612440411768
REQUEST		AddToCart2	1612440411721	1612440411788	OK	 
REQUEST		BookingDetails	1612440411845	1612440411912	OK	 
REQUEST		CreateGeneral	1612440411739	1612440411932	OK	 
REQUEST		GetToken	1612440411769	1612440411960	OK	 
REQUEST		AddToCart	1612440411954	1612440412016	OK	 
REQUEST		ConfirmPayment	1612440411913	1612440412064	OK	 
REQUEST		AddToCart2	1612440412081	1612440412145	OK	 
USER	GeneralAdmission1	END	1612440412265
USER	GeneralAdmission1	START	1612440412280
REQUEST		CreateGeneral	1612440412139	1612440412328	OK	 
REQUEST		BookingDetails	1612440412357	1612440412416	OK	 
REQUEST		GetToken	1612440412281	1612440412501	OK	 
REQUEST		AddToCart	1612440412499	1612440412564	OK	 
REQUEST		ConfirmPayment	1612440412418	1612440412614	OK	 
USER	GeneralAdmission1	END	1612440412638
REQUEST		AddToCart2	1612440412607	1612440412697	OK	 
USER	GeneralAdmission1	START	1612440412776
REQUEST		CreateGeneral	1612440412669	1612440412887	OK	 
REQUEST		BookingDetails	1612440412855	1612440412937	OK	 
REQUEST		GetToken	1612440412777	1612440413047	OK	 
REQUEST		ConfirmPayment	1612440412938	1612440413132	OK	 
USER	GeneralAdmission1	END	1612440413167
USER	GeneralAdmission1	START	1612440413275
REQUEST		GetToken	1612440413276	1612440413503	OK	 
REQUEST		AddToCart	1612440413511	1612440413604	OK	 
REQUEST		AddToCart2	1612440413558	1612440413672	OK	 
REQUEST		CreateGeneral	1612440413685	1612440413863	OK	 
REQUEST		BookingDetails	1612440413914	1612440413983	OK	 
REQUEST		AddToCart2	1612440414070	1612440414148	OK	 
REQUEST		AddToCart	1612440414070	1612440414150	OK	 
REQUEST		ConfirmPayment	1612440413984	1612440414159	OK	 
USER	GeneralAdmission1	END	1612440414165
USER	GeneralAdmission1	START	1612440414273
REQUEST		CreateGeneral	1612440414148	1612440414327	OK	 
REQUEST		GetToken	1612440414273	1612440414478	OK	 
REQUEST		AddToCart	1612440414506	1612440414575	OK	 
REQUEST		AddToCart2	1612440414552	1612440414601	OK	 
REQUEST		BookingDetails	1612440414586	1612440414650	OK	 
USER	GeneralAdmission1	END	1612440414738
USER	GeneralAdmission1	START	1612440414769
REQUEST		ConfirmPayment	1612440414652	1612440414794	OK	 
REQUEST		BookingDetails	1612440414846	1612440414912	OK	 
REQUEST		GetToken	1612440414769	1612440414996	OK	 
REQUEST		CreateGeneral	1612440414803	1612440414996	OK	 
REQUEST		AddToCart	1612440415020	1612440415083	OK	 
REQUEST		AddToCart2	1612440415035	1612440415098	OK	 
REQUEST		ConfirmPayment	1612440414913	1612440415112	OK	 
USER	GeneralAdmission1	END	1612440415250
USER	GeneralAdmission1	START	1612440415280
REQUEST		CreateGeneral	1612440415156	1612440415343	OK	 
REQUEST		BookingDetails	1612440415360	1612440415425	OK	 
REQUEST		GetToken	1612440415280	1612440415484	OK	 
REQUEST		AddToCart	1612440415486	1612440415568	OK	 
REQUEST		ConfirmPayment	1612440415426	1612440415584	OK	 
REQUEST		AddToCart2	1612440415581	1612440415643	OK	 
USER	GeneralAdmission1	END	1612440415688
USER	GeneralAdmission1	START	1612440415782
REQUEST		CreateGeneral	1612440415718	1612440415897	OK	 
REQUEST		GetToken	1612440415782	1612440415994	OK	 
REQUEST		BookingDetails	1612440415939	1612440416002	OK	 
USER	GeneralAdmission1	END	1612440416159
REQUEST		ConfirmPayment	1612440416003	1612440416216	OK	 
USER	GeneralAdmission1	START	1612440416282
REQUEST		BookingDetails	1612440416344	1612440416408	OK	 
REQUEST		GetToken	1612440416283	1612440416491	OK	 
REQUEST		AddToCart	1612440416485	1612440416548	OK	 
REQUEST		ConfirmPayment	1612440416409	1612440416599	OK	 
REQUEST		AddToCart2	1612440416614	1612440416666	OK	 
REQUEST		CreateGeneral	1612440416691	1612440416877	OK	 
REQUEST		BookingDetails	1612440416892	1612440416953	OK	 
REQUEST		AddToCart	1612440416972	1612440417028	OK	 
USER	GeneralAdmission1	END	1612440417080
REQUEST		ConfirmPayment	1612440416954	1612440417143	OK	 
REQUEST		AddToCart2	1612440417158	1612440417219	OK	 
USER	GeneralAdmission1	START	1612440417280
REQUEST		CreateGeneral	1612440417173	1612440417355	OK	 
REQUEST		GetToken	1612440417280	1612440417465	OK	 
REQUEST		AddToCart	1612440417511	1612440417618	OK	 
USER	GeneralAdmission1	END	1612440417624
REQUEST		AddToCart2	1612440417588	1612440417654	OK	 
USER	GeneralAdmission1	START	1612440417775
REQUEST		CreateGeneral	1612440417623	1612440417815	OK	 
REQUEST		BookingDetails	1612440417870	1612440417934	OK	 
REQUEST		GetToken	1612440417776	1612440418058	OK	 
REQUEST		AddToCart	1612440418056	1612440418118	OK	 
REQUEST		ConfirmPayment	1612440417936	1612440418129	OK	 
USER	GeneralAdmission1	END	1612440418150
REQUEST		AddToCart2	1612440418088	1612440418156	OK	 
USER	GeneralAdmission1	START	1612440418273
REQUEST		CreateGeneral	1612440418122	1612440418297	OK	 
REQUEST		BookingDetails	1612440418337	1612440418418	OK	 
REQUEST		GetToken	1612440418274	1612440418514	OK	 
REQUEST		AddToCart	1612440418505	1612440418570	OK	 
REQUEST		ConfirmPayment	1612440418420	1612440418613	OK	 
REQUEST		AddToCart2	1612440418585	1612440418640	OK	 
USER	GeneralAdmission1	START	1612440418768
REQUEST		CreateGeneral	1612440418663	1612440418874	OK	 
REQUEST		GetToken	1612440418769	1612440418948	OK	 
REQUEST		BookingDetails	1612440419003	1612440419075	OK	 
USER	GeneralAdmission1	END	1612440419175
REQUEST		ConfirmPayment	1612440419077	1612440419271	OK	 
USER	GeneralAdmission1	START	1612440419341
REQUEST		BookingDetails	1612440419346	1612440419406	OK	 
REQUEST		GetToken	1612440419341	1612440419549	OK	 
REQUEST		AddToCart	1612440419486	1612440419556	OK	 
REQUEST		ConfirmPayment	1612440419407	1612440419623	OK	 
REQUEST		AddToCart2	1612440419565	1612440419639	OK	 
USER	GeneralAdmission1	END	1612440419811
REQUEST		CreateGeneral	1612440419687	1612440419860	OK	 
REQUEST		BookingDetails	1612440419904	1612440419969	OK	 
REQUEST		AddToCart	1612440420014	1612440420084	OK	 
REQUEST		AddToCart2	1612440420045	1612440420106	OK	 
USER	GeneralAdmission1	END	1612440420125
REQUEST		ConfirmPayment	1612440419970	1612440420170	OK	 
USER	GeneralAdmission1	START	1612440420275
REQUEST		CreateGeneral	1612440420245	1612440420452	OK	 
REQUEST		GetToken	1612440420276	1612440420520	OK	 
USER	GeneralAdmission1	END	1612440420594
REQUEST		AddToCart	1612440420488	1612440420605	OK	 
USER	GeneralAdmission1	START	1612440420777
REQUEST		AddToCart2	1612440420624	1612440421006	OK	 
REQUEST		CreateGeneral	1612440420669	1612440421130	OK	 
REQUEST		GetToken	1612440420778	1612440421130	OK	 
REQUEST		BookingDetails	1612440420886	1612440421147	OK	 
REQUEST		AddToCart	1612440421011	1612440421158	OK	 
REQUEST		AddToCart2	1612440421135	1612440421199	OK	 
USER	GeneralAdmission1	END	1612440421229
USER	GeneralAdmission1	START	1612440421275
REQUEST		ConfirmPayment	1612440421148	1612440421304	OK	 
REQUEST		CreateGeneral	1612440421183	1612440421390	OK	 
REQUEST		BookingDetails	1612440421369	1612440421534	OK	 
REQUEST		AddToCart	1612440421494	1612440421565	OK	 
USER	GeneralAdmission1	END	1612440421605
REQUEST		AddToCart2	1612440421587	1612440421661	OK	 
REQUEST		ConfirmPayment	1612440421536	1612440421685	OK	 
REQUEST		GetToken	1612440421276	1612440421773	OK	 
USER	GeneralAdmission1	START	1612440421774
REQUEST		CreateGeneral	1612440421668	1612440421887	OK	 
REQUEST		BookingDetails	1612440421821	1612440421892	OK	 
REQUEST		GetToken	1612440421775	1612440422000	OK	 
REQUEST		ConfirmPayment	1612440421893	1612440422105	OK	 
USER	GeneralAdmission1	END	1612440422150
USER	GeneralAdmission1	START	1612440422274
REQUEST		BookingDetails	1612440422306	1612440422374	OK	 
REQUEST		GetToken	1612440422274	1612440422485	OK	 
REQUEST		AddToCart	1612440422477	1612440422565	OK	 
REQUEST		ConfirmPayment	1612440422375	1612440422574	OK	 
REQUEST		AddToCart2	1612440422571	1612440422638	OK	 
REQUEST		CreateGeneral	1612440422664	1612440422838	OK	 
REQUEST		BookingDetails	1612440422882	1612440423086	OK	 
USER	GeneralAdmission1	END	1612440423132
REQUEST		AddToCart	1612440423067	1612440423147	OK	 
REQUEST		AddToCart2	1612440423101	1612440423163	OK	 
REQUEST		ConfirmPayment	1612440423087	1612440423246	OK	 
USER	GeneralAdmission1	START	1612440423269
REQUEST		CreateGeneral	1612440423130	1612440423303	OK	 
REQUEST		GetToken	1612440423271	1612440423453	OK	 
REQUEST		AddToCart	1612440423518	1612440423589	OK	 
USER	GeneralAdmission1	END	1612440423630
REQUEST		AddToCart2	1612440423614	1612440423668	OK	 
USER	GeneralAdmission1	START	1612440423768
REQUEST		BookingDetails	1612440423862	1612440423929	OK	 
REQUEST		GetToken	1612440423768	1612440423958	OK	 
REQUEST		AddToCart	1612440423956	1612440424012	OK	 
REQUEST		ConfirmPayment	1612440423930	1612440424097	OK	 
REQUEST		CreateGeneral	1612440424036	1612440424205	OK	 
REQUEST		AddToCart2	1612440424172	1612440424228	OK	 
USER	GeneralAdmission1	END	1612440424282
USER	GeneralAdmission1	START	1612440424281
REQUEST		CreateGeneral	1612440424221	1612440424396	OK	 
REQUEST		GetToken	1612440424282	1612440424511	OK	 
REQUEST		BookingDetails	1612440424468	1612440424543	OK	 
REQUEST		AddToCart	1612440424562	1612440424619	OK	 
REQUEST		AddToCart2	1612440424576	1612440424635	OK	 
USER	GeneralAdmission1	END	1612440424640
REQUEST		ConfirmPayment	1612440424547	1612440424749	OK	 
USER	GeneralAdmission1	START	1612440424777
REQUEST		CreateGeneral	1612440424685	1612440424872	OK	 
REQUEST		GetToken	1612440424778	1612440424949	OK	 
USER	GeneralAdmission1	END	1612440425182
REQUEST		BookingDetails	1612440425135	1612440425198	OK	 
USER	GeneralAdmission1	START	1612440425275
REQUEST		ConfirmPayment	1612440425200	1612440425402	OK	 
REQUEST		GetToken	1612440425275	1612440425474	OK	 
REQUEST		BookingDetails	1612440425400	1612440425475	OK	 
REQUEST		AddToCart	1612440425524	1612440425593	OK	 
REQUEST		AddToCart2	1612440425571	1612440425642	OK	 
REQUEST		ConfirmPayment	1612440425477	1612440425672	OK	 
REQUEST		CreateGeneral	1612440425668	1612440425834	OK	 
REQUEST		BookingDetails	1612440425898	1612440425983	OK	 
REQUEST		ConfirmPayment	1612440425984	1612440426141	OK	 
REQUEST		AddToCart	1612440426148	1612440426247	OK	 
REQUEST		AddToCart2	1612440426166	1612440426249	OK	 
USER	GeneralAdmission1	END	1612440426320
REQUEST		CreateGeneral	1612440426180	1612440426415	OK	 
REQUEST		AddToCart2	1612440426597	1612440426662	OK	 
USER	GeneralAdmission1	END	1612440426694
REQUEST		AddToCart	1612440426784	1612440426840	OK	 
REQUEST		CreateGeneral	1612440426692	1612440426868	OK	 
REQUEST		BookingDetails	1612440426847	1612440426920	OK	 
REQUEST		AddToCart	1612440427004	1612440427065	OK	 
REQUEST		ConfirmPayment	1612440426921	1612440427073	OK	 
REQUEST		AddToCart2	1612440427021	1612440427092	OK	 
USER	GeneralAdmission1	END	1612440427114
REQUEST		BookingDetails	1612440427315	1612440427389	OK	 
REQUEST		CreateGeneral	1612440427253	1612440427426	OK	 
REQUEST		ConfirmPayment	1612440427390	1612440427543	OK	 
REQUEST		AddToCart	1612440427487	1612440427556	OK	 
USER	GeneralAdmission1	END	1612440427582
REQUEST		AddToCart2	1612440427627	1612440427742	OK	 
REQUEST		CreateGeneral	1612440427660	1612440427860	OK	 
USER	GeneralAdmission1	END	1612440428252
REQUEST		BookingDetails	1612440428220	1612440428393	OK	 
REQUEST		BookingDetails	1612440428410	1612440428473	OK	 
REQUEST		AddToCart	1612440428469	1612440428563	OK	 
REQUEST		ConfirmPayment	1612440428394	1612440428597	OK	 
REQUEST		ConfirmPayment	1612440428474	1612440428655	OK	 
REQUEST		AddToCart2	1612440428610	1612440428673	OK	 
REQUEST		CreateGeneral	1612440428672	1612440428838	OK	 
REQUEST		BookingDetails	1612440428874	1612440428936	OK	 
REQUEST		AddToCart	1612440428966	1612440429023	OK	 
REQUEST		ConfirmPayment	1612440428937	1612440429093	OK	 
USER	GeneralAdmission1	END	1612440429110
REQUEST		AddToCart2	1612440429263	1612440429341	OK	 
REQUEST		CreateGeneral	1612440429264	1612440429469	OK	 
REQUEST		AddToCart	1612440429528	1612440429603	OK	 
USER	GeneralAdmission1	END	1612440429763
REQUEST		CreateGeneral	1612440429685	1612440429893	OK	 
REQUEST		BookingDetails	1612440429841	1612440429895	OK	 
REQUEST		AddToCart2	1612440429859	1612440430011	OK	 
REQUEST		AddToCart	1612440429963	1612440430037	OK	 
REQUEST		ConfirmPayment	1612440429896	1612440430048	OK	 
REQUEST		AddToCart2	1612440430070	1612440430124	OK	 
REQUEST		CreateGeneral	1612440430116	1612440430296	OK	 
USER	GeneralAdmission1	END	1612440430415
REQUEST		BookingDetails	1612440430431	1612440430505	OK	 
REQUEST		AddToCart	1612440430478	1612440430555	OK	 
REQUEST		AddToCart2	1612440430558	1612440430633	OK	 
USER	GeneralAdmission1	END	1612440430684
REQUEST		ConfirmPayment	1612440430506	1612440430711	OK	 
REQUEST		BookingDetails	1612440430870	1612440430933	OK	 
REQUEST		CreateGeneral	1612440430761	1612440430943	OK	 
USER	GeneralAdmission1	END	1612440431151
REQUEST		ConfirmPayment	1612440430934	1612440431392	OK	 
REQUEST		BookingDetails	1612440431432	1612440431496	OK	 
REQUEST		AddToCart2	1612440431573	1612440431643	OK	 
REQUEST		ConfirmPayment	1612440431497	1612440431672	OK	 
REQUEST		CreateGeneral	1612440431697	1612440431876	OK	 
REQUEST		BookingDetails	1612440431867	1612440431938	OK	 
USER	GeneralAdmission1	END	1612440432085
REQUEST		AddToCart2	1612440432039	1612440432089	OK	 
REQUEST		ConfirmPayment	1612440431939	1612440432161	OK	 
USER	GeneralAdmission1	END	1612440432554
REQUEST		CreateGeneral	1612440432365	1612440432555	OK	 
REQUEST		AddToCart2	1612440432615	1612440432669	OK	 
REQUEST		BookingDetails	1612440432848	1612440432914	OK	 
REQUEST		ConfirmPayment	1612440432916	1612440433103	OK	 
REQUEST		AddToCart2	1612440433053	1612440433139	OK	 
REQUEST		CreateGeneral	1612440433036	1612440433264	OK	 
REQUEST		CreateGeneral	1612440433145	1612440433368	OK	 
REQUEST		BookingDetails	1612440433474	1612440433533	OK	 
USER	GeneralAdmission1	END	1612440433614
REQUEST		AddToCart2	1612440433567	1612440433643	OK	 
USER	GeneralAdmission1	END	1612440433663
REQUEST		ConfirmPayment	1612440433535	1612440433682	OK	 
REQUEST		CreateGeneral	1612440433662	1612440433832	OK	 
REQUEST		BookingDetails	1612440433907	1612440433965	OK	 
USER	GeneralAdmission1	END	1612440434096
REQUEST		ConfirmPayment	1612440433967	1612440434177	OK	 
REQUEST		BookingDetails	1612440434312	1612440434365	OK	 
REQUEST		ConfirmPayment	1612440434366	1612440434549	OK	 
REQUEST		CreateGeneral	1612440434671	1612440434847	OK	 
REQUEST		BookingDetails	1612440434953	1612440435005	OK	 
USER	GeneralAdmission1	END	1612440435063
REQUEST		ConfirmPayment	1612440435007	1612440435208	OK	 
REQUEST		CreateGeneral	1612440435109	1612440435294	OK	 
USER	GeneralAdmission1	END	1612440435720
REQUEST		CreateGeneral	1612440435701	1612440435877	OK	 
REQUEST		BookingDetails	1612440435891	1612440435945	OK	 
REQUEST		ConfirmPayment	1612440435946	1612440436116	OK	 
REQUEST		CreateGeneral	1612440436169	1612440436341	OK	 
USER	GeneralAdmission1	END	1612440436402
REQUEST		BookingDetails	1612440436559	1612440436622	OK	 
USER	GeneralAdmission1	END	1612440436684
REQUEST		CreateGeneral	1612440436666	1612440436833	OK	 
USER	GeneralAdmission1	END	1612440437168
REQUEST		BookingDetails	1612440437277	1612440437335	OK	 
REQUEST		BookingDetails	1612440437386	1612440437447	OK	 
REQUEST		ConfirmPayment	1612440437337	1612440437530	OK	 
REQUEST		ConfirmPayment	1612440437448	1612440437631	OK	 
REQUEST		ConfirmPayment	1612440436623	1612440437885	OK	 
REQUEST		BookingDetails	1612440437838	1612440437904	OK	 
REQUEST		ConfirmPayment	1612440437905	1612440438103	OK	 
USER	GeneralAdmission1	END	1612440438123
USER	GeneralAdmission1	END	1612440438698
REQUEST		BookingDetails	1612440438856	1612440438931	OK	 
REQUEST		ConfirmPayment	1612440438932	1612440439112	OK	 
USER	GeneralAdmission1	END	1612440439185
REQUEST		BookingDetails	1612440439309	1612440439368	OK	 
REQUEST		ConfirmPayment	1612440439369	1612440439555	OK	 
USER	GeneralAdmission1	END	1612440439556
REQUEST		BookingDetails	1612440439886	1612440439944	OK	 
REQUEST		ConfirmPayment	1612440439945	1612440440115	OK	 
USER	GeneralAdmission1	END	1612440440215
REQUEST		BookingDetails	1612440440354	1612440440425	OK	 
REQUEST		ConfirmPayment	1612440440426	1612440440614	OK	 
REQUEST		BookingDetails	1612440440837	1612440440955	OK	 
USER	GeneralAdmission1	END	1612440441120
REQUEST		ConfirmPayment	1612440440957	1612440441158	OK	 
USER	GeneralAdmission1	END	1612440442538
USER	GeneralAdmission1	END	1612440442648
USER	GeneralAdmission1	END	1612440442898
USER	GeneralAdmission1	END	1612440443114
USER	GeneralAdmission1	END	1612440444116
USER	GeneralAdmission1	END	1612440444571
USER	GeneralAdmission1	END	1612440445120
USER	GeneralAdmission1	END	1612440445623
USER	GeneralAdmission1	END	1612440446172
