RUN	GeneralAdmission1	generaladmission1	1612270389828	 	3.5.0
USER	GeneralAdmission1	START	1612270391619
REQUEST		GetToken	1612270391665	1612270392086	OK	 
REQUEST		GetToken Redirect 1	1612270392115	1612270392566	OK	 
REQUEST		request_1	1612270392698	1612270393495	OK	 
REQUEST		AddToCart	1612270398542	1612270398553	OK	 
REQUEST		AddToCart Redirect 1	1612270398559	1612270398691	OK	 
REQUEST		CreateGeneral	1612270399703	1612270399710	OK	 
REQUEST		CreateGeneral Redirect 1	1612270399713	1612270400080	OK	 
REQUEST		BookingDetails	1612270404100	1612270404109	OK	 
REQUEST		BookingDetails Redirect 1	1612270404113	1612270404248	OK	 
REQUEST		StripeElement	1612270404251	1612270405046	OK	 
REQUEST		ui-shared-1a3494666c8cbd375492e006f2e840cd.css	1612270405152	1612270405832	OK	 
REQUEST		shared-8b0cf640a52a1422947f168069c49b9d.js	1612270405163	1612270406257	OK	 
REQUEST		ui-shared-121e554d3a08b818808584dff61fc32c.js	1612270405174	1612270406512	OK	 
REQUEST		elements-inner-card-77d7d4c2ce976deb5d1dc2ff2a238146.js	1612270405180	1612270406605	OK	 
REQUEST		CreatePaymentIntent	1612270409661	1612270409667	OK	 
REQUEST		CreatePaymentIntent Redirect 1	1612270409672	1612270410326	OK	 
REQUEST		StripeController	1612270423388	1612270424066	OK	 
REQUEST		controller-6d15abacacad5eabb07034f26400b450.js	1612270424081	1612270424866	OK	 
REQUEST		StripeCountryRanges	1612270426890	1612270427731	OK	 
REQUEST		PrivateStripe	1612270433806	1612270434237	OK	 
USER	GeneralAdmission1	END	1612270434254
