RUN	GeneralAdmission1	generaladmission1	1612373063511	 	3.5.0
USER	GeneralAdmission1	START	1612373065446
USER	GeneralAdmission1	START	1612373065430
USER	GeneralAdmission1	START	1612373065455
USER	GeneralAdmission1	START	1612373065423
USER	GeneralAdmission1	START	1612373065429
USER	GeneralAdmission1	START	1612373065458
USER	GeneralAdmission1	START	1612373065470
USER	GeneralAdmission1	START	1612373065447
USER	GeneralAdmission1	START	1612373065588
USER	GeneralAdmission1	START	1612373065595
USER	GeneralAdmission1	START	1612373065597
USER	GeneralAdmission1	START	1612373065589
USER	GeneralAdmission1	START	1612373065612
USER	GeneralAdmission1	START	1612373065607
USER	GeneralAdmission1	START	1612373065600
USER	GeneralAdmission1	START	1612373065615
USER	GeneralAdmission1	START	1612373065649
USER	GeneralAdmission1	START	1612373065630
USER	GeneralAdmission1	START	1612373065658
USER	GeneralAdmission1	START	1612373065645
USER	GeneralAdmission1	START	1612373065643
USER	GeneralAdmission1	START	1612373065655
USER	GeneralAdmission1	START	1612373065667
USER	GeneralAdmission1	START	1612373065661
USER	GeneralAdmission1	START	1612373065669
USER	GeneralAdmission1	START	1612373065665
USER	GeneralAdmission1	START	1612373065671
USER	GeneralAdmission1	START	1612373065678
USER	GeneralAdmission1	START	1612373065680
USER	GeneralAdmission1	START	1612373065673
USER	GeneralAdmission1	START	1612373065676
USER	GeneralAdmission1	START	1612373065688
USER	GeneralAdmission1	START	1612373065689
USER	GeneralAdmission1	START	1612373065684
USER	GeneralAdmission1	START	1612373065711
USER	GeneralAdmission1	START	1612373065697
USER	GeneralAdmission1	START	1612373065693
USER	GeneralAdmission1	START	1612373065700
USER	GeneralAdmission1	START	1612373065691
USER	GeneralAdmission1	START	1612373065701
USER	GeneralAdmission1	START	1612373065709
USER	GeneralAdmission1	START	1612373065715
USER	GeneralAdmission1	START	1612373065717
USER	GeneralAdmission1	START	1612373065721
USER	GeneralAdmission1	START	1612373065727
USER	GeneralAdmission1	START	1612373065730
USER	GeneralAdmission1	START	1612373065735
USER	GeneralAdmission1	START	1612373065731
USER	GeneralAdmission1	START	1612373065739
USER	GeneralAdmission1	START	1612373065740
USER	GeneralAdmission1	START	1612373065747
USER	GeneralAdmission1	START	1612373065752
USER	GeneralAdmission1	START	1612373065748
USER	GeneralAdmission1	START	1612373065774
USER	GeneralAdmission1	START	1612373065752
USER	GeneralAdmission1	START	1612373065750
USER	GeneralAdmission1	START	1612373065758
USER	GeneralAdmission1	START	1612373065756
USER	GeneralAdmission1	START	1612373065763
USER	GeneralAdmission1	START	1612373065761
USER	GeneralAdmission1	START	1612373065766
USER	GeneralAdmission1	START	1612373065780
USER	GeneralAdmission1	START	1612373065785
USER	GeneralAdmission1	START	1612373065783
USER	GeneralAdmission1	START	1612373065786
USER	GeneralAdmission1	START	1612373065792
USER	GeneralAdmission1	START	1612373065781
USER	GeneralAdmission1	START	1612373065802
USER	GeneralAdmission1	START	1612373065820
USER	GeneralAdmission1	START	1612373065821
USER	GeneralAdmission1	START	1612373065800
USER	GeneralAdmission1	START	1612373065815
USER	GeneralAdmission1	START	1612373065813
USER	GeneralAdmission1	START	1612373065829
USER	GeneralAdmission1	START	1612373065828
USER	GeneralAdmission1	START	1612373065834
USER	GeneralAdmission1	START	1612373065832
USER	GeneralAdmission1	START	1612373065840
USER	GeneralAdmission1	START	1612373065837
USER	GeneralAdmission1	START	1612373065852
USER	GeneralAdmission1	START	1612373065844
USER	GeneralAdmission1	START	1612373065859
USER	GeneralAdmission1	START	1612373065862
USER	GeneralAdmission1	START	1612373065863
USER	GeneralAdmission1	START	1612373065867
USER	GeneralAdmission1	START	1612373065884
USER	GeneralAdmission1	START	1612373065874
USER	GeneralAdmission1	START	1612373065878
USER	GeneralAdmission1	START	1612373065882
USER	GeneralAdmission1	START	1612373065904
USER	GeneralAdmission1	START	1612373065897
USER	GeneralAdmission1	START	1612373065897
USER	GeneralAdmission1	START	1612373065902
USER	GeneralAdmission1	START	1612373065904
USER	GeneralAdmission1	START	1612373065904
USER	GeneralAdmission1	START	1612373065910
USER	GeneralAdmission1	START	1612373065929
USER	GeneralAdmission1	START	1612373065937
USER	GeneralAdmission1	START	1612373065935
USER	GeneralAdmission1	START	1612373065913
REQUEST		GetToken	1612373065488	1612373066882	OK	 
REQUEST		GetToken	1612373065491	1612373066864	OK	 
REQUEST		GetToken	1612373065715	1612373066641	OK	 
REQUEST		GetToken	1612373065622	1612373066965	OK	 
REQUEST		GetToken	1612373065612	1612373066990	OK	 
REQUEST		GetToken	1612373065664	1612373067018	OK	 
REQUEST		GetToken	1612373065662	1612373067054	OK	 
REQUEST		GetToken	1612373065677	1612373067067	OK	 
REQUEST		GetToken	1612373065675	1612373067088	OK	 
REQUEST		GetToken	1612373065754	1612373067078	OK	 
REQUEST		GetToken	1612373065777	1612373067090	OK	 
REQUEST		GetToken	1612373065690	1612373067119	OK	 
REQUEST		GetToken	1612373065698	1612373067128	OK	 
REQUEST		GetToken	1612373065826	1612373067138	OK	 
REQUEST		GetToken	1612373065688	1612373067154	OK	 
REQUEST		GetToken	1612373065489	1612373067193	OK	 
REQUEST		GetToken	1612373065480	1612373067221	OK	 
REQUEST		GetToken	1612373065667	1612373067233	OK	 
REQUEST		GetToken	1612373065732	1612373067290	OK	 
REQUEST		GetToken	1612373065842	1612373068126	OK	 
REQUEST		GetToken	1612373065762	1612373068126	OK	 
REQUEST		GetToken	1612373065488	1612373068128	OK	 
REQUEST		GetToken	1612373065853	1612373068154	OK	 
REQUEST		GetToken	1612373065740	1612373068155	OK	 
REQUEST		GetToken	1612373065850	1612373068171	OK	 
REQUEST		GetToken	1612373065744	1612373068195	OK	 
REQUEST		GetToken	1612373065616	1612373068206	OK	 
REQUEST		GetToken	1612373065631	1612373068218	OK	 
REQUEST		GetToken	1612373065624	1612373068222	OK	 
REQUEST		GetToken	1612373065703	1612373068250	OK	 
REQUEST		GetToken	1612373065757	1612373068254	OK	 
REQUEST		GetToken	1612373065673	1612373068205	OK	 
REQUEST		GetToken	1612373065659	1612373068270	OK	 
REQUEST		GetToken	1612373065808	1612373068307	OK	 
REQUEST		GetToken	1612373065681	1612373068269	OK	 
REQUEST		GetToken	1612373065728	1612373068336	OK	 
REQUEST		GetToken	1612373065481	1612373068344	OK	 
REQUEST		GetToken	1612373065687	1612373068370	OK	 
REQUEST		GetToken	1612373065776	1612373068382	OK	 
REQUEST		GetToken	1612373065700	1612373068387	OK	 
REQUEST		GetToken	1612373065634	1612373068413	OK	 
REQUEST		GetToken	1612373065714	1612373068419	OK	 
REQUEST		GetToken	1612373065490	1612373068420	OK	 
REQUEST		GetToken	1612373065734	1612373068445	OK	 
REQUEST		GetToken	1612373065796	1612373068435	OK	 
REQUEST		GetToken	1612373065744	1612373068439	OK	 
REQUEST		GetToken	1612373065766	1612373068444	OK	 
REQUEST		GetToken	1612373065790	1612373068461	OK	 
REQUEST		GetToken	1612373065741	1612373068479	OK	 
REQUEST		GetToken	1612373065723	1612373068480	OK	 
REQUEST		GetToken	1612373065775	1612373068501	OK	 
REQUEST		GetToken	1612373065829	1612373068503	OK	 
REQUEST		GetToken	1612373065768	1612373068504	OK	 
REQUEST		GetToken	1612373065799	1612373068512	OK	 
REQUEST		GetToken	1612373065791	1612373068556	OK	 
REQUEST		GetToken	1612373065866	1612373068557	OK	 
REQUEST		GetToken	1612373065803	1612373068567	OK	 
REQUEST		GetToken	1612373065833	1612373068581	OK	 
REQUEST		GetToken	1612373065666	1612373068605	OK	 
REQUEST		GetToken	1612373065901	1612373068617	OK	 
REQUEST		GetToken	1612373065830	1612373068616	OK	 
REQUEST		GetToken	1612373065942	1612373068626	OK	 
REQUEST		GetToken	1612373065678	1612373068628	OK	 
REQUEST		GetToken	1612373065761	1612373068630	OK	 
REQUEST		GetToken	1612373065857	1612373068650	OK	 
REQUEST		GetToken	1612373065690	1612373068672	OK	 
REQUEST		GetToken	1612373065943	1612373068680	OK	 
REQUEST		GetToken	1612373065861	1612373068681	OK	 
REQUEST		GetToken	1612373065478	1612373068685	OK	 
REQUEST		GetToken	1612373065695	1612373068689	OK	 
REQUEST		GetToken	1612373065702	1612373068730	OK	 
REQUEST		GetToken	1612373065893	1612373068735	OK	 
REQUEST		GetToken	1612373065843	1612373068736	OK	 
REQUEST		GetToken	1612373065606	1612373068737	OK	 
REQUEST		GetToken	1612373065741	1612373068796	OK	 
REQUEST		GetToken	1612373065915	1612373068799	OK	 
REQUEST		GetToken	1612373065745	1612373068799	OK	 
REQUEST		GetToken	1612373065870	1612373068801	OK	 
REQUEST		GetToken	1612373065898	1612373068837	OK	 
REQUEST		GetToken	1612373065624	1612373068839	OK	 
REQUEST		GetToken	1612373065816	1612373068846	OK	 
REQUEST		GetToken	1612373065905	1612373068854	OK	 
REQUEST		GetToken	1612373065661	1612373068860	OK	 
REQUEST		GetToken	1612373065905	1612373068871	OK	 
REQUEST		GetToken	1612373065695	1612373068890	OK	 
REQUEST		GetToken	1612373065931	1612373068897	OK	 
REQUEST		GetToken	1612373065937	1612373068902	OK	 
REQUEST		GetToken	1612373065876	1612373068927	OK	 
REQUEST		GetToken	1612373065767	1612373068938	OK	 
REQUEST		GetToken	1612373065801	1612373068952	OK	 
REQUEST		GetToken	1612373065885	1612373068973	OK	 
REQUEST		GetToken	1612373065832	1612373068973	OK	 
REQUEST		GetToken	1612373065880	1612373069002	OK	 
REQUEST		GetToken	1612373065922	1612373069014	OK	 
REQUEST		GetToken	1612373065849	1612373069096	OK	 
REQUEST		GetToken	1612373065713	1612373069096	OK	 
REQUEST		GetToken	1612373065911	1612373069109	OK	 
REQUEST		GetToken	1612373065947	1612373069305	OK	 
REQUEST		GetToken	1612373065914	1612373069310	OK	 
REQUEST		GetToken	1612373065893	1612373069318	OK	 
REQUEST		AddToCart	1612373071962	1612373072032	OK	 
REQUEST		AddToCart	1612373071961	1612373072053	OK	 
REQUEST		AddToCart	1612373071962	1612373072053	OK	 
REQUEST		AddToCart	1612373072002	1612373072066	OK	 
REQUEST		AddToCart	1612373072014	1612373072082	OK	 
REQUEST		AddToCart	1612373072061	1612373072099	OK	 
REQUEST		AddToCart	1612373072091	1612373072135	OK	 
REQUEST		AddToCart	1612373072105	1612373072157	OK	 
REQUEST		AddToCart	1612373072107	1612373072167	OK	 
REQUEST		AddToCart	1612373072117	1612373072167	OK	 
REQUEST		AddToCart	1612373072106	1612373072174	OK	 
REQUEST		AddToCart	1612373072144	1612373072179	OK	 
REQUEST		AddToCart	1612373072154	1612373072207	OK	 
REQUEST		AddToCart	1612373072162	1612373072208	OK	 
REQUEST		AddToCart	1612373072178	1612373072221	OK	 
REQUEST		AddToCart	1612373072208	1612373072244	OK	 
REQUEST		AddToCart	1612373072231	1612373072305	OK	 
REQUEST		AddToCart	1612373072241	1612373072315	OK	 
REQUEST		AddToCart	1612373072301	1612373072342	OK	 
REQUEST		AddToCart	1612373073145	1612373073191	OK	 
REQUEST		AddToCart	1612373073155	1612373073203	OK	 
REQUEST		AddToCart	1612373073169	1612373073207	OK	 
REQUEST		AddToCart	1612373073194	1612373073229	OK	 
REQUEST		AddToCart	1612373073196	1612373073238	OK	 
REQUEST		AddToCart	1612373073208	1612373073251	OK	 
REQUEST		AddToCart	1612373073238	1612373073326	OK	 
REQUEST		AddToCart	1612373073250	1612373073340	OK	 
REQUEST		AddToCart	1612373073254	1612373073432	OK	 
REQUEST		AddToCart	1612373073255	1612373073432	OK	 
REQUEST		AddToCart	1612373073287	1612373073461	OK	 
REQUEST		AddToCart	1612373073293	1612373073500	OK	 
REQUEST		AddToCart	1612373073302	1612373073520	OK	 
REQUEST		AddToCart	1612373073302	1612373073521	OK	 
REQUEST		AddToCart	1612373073323	1612373073553	OK	 
REQUEST		AddToCart	1612373073347	1612373073629	OK	 
REQUEST		AddToCart	1612373073392	1612373073727	OK	 
REQUEST		AddToCart	1612373073475	1612373073815	OK	 
REQUEST		AddToCart	1612373073381	1612373074018	OK	 
REQUEST		AddToCart	1612373073592	1612373074252	OK	 
REQUEST		AddToCart	1612373073867	1612373074407	OK	 
REQUEST		AddToCart	1612373073590	1612373074407	OK	 
REQUEST		AddToCart	1612373073890	1612373074408	OK	 
REQUEST		AddToCart	1612373073882	1612373074407	OK	 
REQUEST		AddToCart	1612373073968	1612373074421	OK	 
REQUEST		AddToCart	1612373073416	1612373074426	OK	 
REQUEST		AddToCart	1612373073603	1612373074431	OK	 
REQUEST		AddToCart	1612373073916	1612373074435	OK	 
REQUEST		AddToCart	1612373073865	1612373074447	OK	 
REQUEST		AddToCart	1612373073449	1612373074478	OK	 
REQUEST		AddToCart	1612373074019	1612373074500	OK	 
REQUEST		AddToCart	1612373073541	1612373074506	OK	 
REQUEST		AddToCart	1612373073615	1612373074516	OK	 
REQUEST		AddToCart	1612373073450	1612373074516	OK	 
REQUEST		AddToCart	1612373073643	1612373074526	OK	 
REQUEST		AddToCart	1612373073899	1612373074527	OK	 
REQUEST		AddToCart	1612373073398	1612373074574	OK	 
REQUEST		AddToCart	1612373073454	1612373074598	OK	 
REQUEST		AddToCart	1612373073412	1612373074615	OK	 
REQUEST		AddToCart	1612373073715	1612373074628	OK	 
REQUEST		AddToCart	1612373073476	1612373074629	OK	 
REQUEST		AddToCart	1612373073929	1612373074685	OK	 
REQUEST		AddToCart	1612373073986	1612373074685	OK	 
REQUEST		AddToCart	1612373074013	1612373074711	OK	 
REQUEST		AddToCart	1612373073480	1612373074711	OK	 
REQUEST		AddToCart	1612373074109	1612373074723	OK	 
REQUEST		AddToCart	1612373073509	1612373074761	OK	 
REQUEST		AddToCart	1612373073719	1612373074820	OK	 
REQUEST		AddToCart	1612373074115	1612373074901	OK	 
REQUEST		AddToCart	1612373074318	1612373074904	OK	 
REQUEST		AddToCart	1612373073484	1612373074905	OK	 
REQUEST		AddToCart	1612373073491	1612373074906	OK	 
REQUEST		AddToCart	1612373074108	1612373074917	OK	 
REQUEST		AddToCart	1612373074312	1612373074917	OK	 
REQUEST		AddToCart	1612373073711	1612373074957	OK	 
REQUEST		AddToCart	1612373073530	1612373074958	OK	 
REQUEST		AddToCart	1612373073700	1612373074958	OK	 
REQUEST		AddToCart	1612373073513	1612373074965	OK	 
REQUEST		AddToCart	1612373073711	1612373074970	OK	 
REQUEST		AddToCart	1612373073779	1612373074973	OK	 
REQUEST		AddToCart	1612373073944	1612373074990	OK	 
REQUEST		AddToCart	1612373073549	1612373074996	OK	 
REQUEST		AddToCart	1612373073948	1612373074997	OK	 
REQUEST		AddToCart	1612373073828	1612373075015	OK	 
REQUEST		AddToCart	1612373073878	1612373075017	OK	 
REQUEST		AddToCart	1612373074000	1612373075019	OK	 
REQUEST		AddToCart	1612373073828	1612373075027	OK	 
REQUEST		AddToCart	1612373074324	1612373075027	OK	 
REQUEST		AddToCart	1612373073762	1612373075040	OK	 
REQUEST		AddToCart	1612373073776	1612373075043	OK	 
REQUEST		AddToCart	1612373073671	1612373075044	OK	 
REQUEST		AddToCart	1612373073829	1612373075053	OK	 
REQUEST		AddToCart	1612373073659	1612373075053	OK	 
REQUEST		AddToCart	1612373073541	1612373075053	OK	 
REQUEST		AddToCart	1612373073776	1612373075065	OK	 
REQUEST		AddToCart	1612373073660	1612373075074	OK	 
REQUEST		AddToCart	1612373073923	1612373075076	OK	 
REQUEST		AddToCart	1612373073663	1612373075077	OK	 
REQUEST		AddToCart	1612373073832	1612373075079	OK	 
REQUEST		AddToCart	1612373073663	1612373075079	OK	 
REQUEST		AddToCart	1612373073679	1612373075090	OK	 
REQUEST		AddToCart	1612373075038	1612373075104	OK	 
REQUEST		AddToCart	1612373075064	1612373075122	OK	 
REQUEST		AddToCart	1612373075076	1612373075155	OK	 
REQUEST		AddToCart	1612373075068	1612373075158	OK	 
REQUEST		AddToCart	1612373075090	1612373075174	OK	 
REQUEST		AddToCart	1612373075106	1612373075216	OK	 
REQUEST		AddToCart	1612373075141	1612373075253	OK	 
REQUEST		AddToCart	1612373075163	1612373075267	OK	 
REQUEST		AddToCart	1612373075176	1612373075342	OK	 
REQUEST		AddToCart	1612373075178	1612373075394	OK	 
REQUEST		AddToCart	1612373075177	1612373075394	OK	 
REQUEST		AddToCart	1612373075188	1612373075399	OK	 
REQUEST		AddToCart	1612373075227	1612373075454	OK	 
REQUEST		AddToCart	1612373075216	1612373075455	OK	 
REQUEST		AddToCart	1612373075215	1612373075468	OK	 
REQUEST		AddToCart	1612373075248	1612373075478	OK	 
REQUEST		AddToCart	1612373075320	1612373075489	OK	 
REQUEST		AddToCart	1612373075346	1612373075493	OK	 
REQUEST		AddToCart	1612373075309	1612373075494	OK	 
REQUEST		AddToCart	1612373076196	1612373076259	OK	 
REQUEST		AddToCart	1612373076209	1612373076266	OK	 
REQUEST		AddToCart	1612373076215	1612373076266	OK	 
REQUEST		AddToCart	1612373076240	1612373076273	OK	 
REQUEST		AddToCart	1612373076255	1612373076312	OK	 
REQUEST		AddToCart	1612373076243	1612373076312	OK	 
REQUEST		AddToCart	1612373076343	1612373076421	OK	 
REQUEST		AddToCart	1612373076330	1612373076448	OK	 
REQUEST		AddToCart	1612373076442	1612373076512	OK	 
REQUEST		AddToCart	1612373076443	1612373076512	OK	 
REQUEST		AddToCart	1612373076465	1612373076548	OK	 
REQUEST		AddToCart	1612373076506	1612373076557	OK	 
REQUEST		AddToCart	1612373076533	1612373076574	OK	 
REQUEST		AddToCart	1612373076534	1612373076601	OK	 
REQUEST		AddToCart	1612373076560	1612373076613	OK	 
REQUEST		AddToCart	1612373076635	1612373076676	OK	 
REQUEST		AddToCart	1612373076730	1612373076772	OK	 
REQUEST		AddToCart	1612373076819	1612373076862	OK	 
REQUEST		AddToCart	1612373077025	1612373077061	OK	 
REQUEST		AddToCart	1612373077256	1612373077297	OK	 
REQUEST		AddToCart	1612373077414	1612373077478	OK	 
REQUEST		AddToCart	1612373077416	1612373077481	OK	 
REQUEST		AddToCart	1612373077416	1612373077481	OK	 
REQUEST		AddToCart	1612373077416	1612373077493	OK	 
REQUEST		AddToCart	1612373077439	1612373077514	OK	 
REQUEST		AddToCart	1612373077427	1612373077517	OK	 
REQUEST		AddToCart	1612373077439	1612373077526	OK	 
REQUEST		AddToCart	1612373077456	1612373077544	OK	 
REQUEST		AddToCart	1612373077447	1612373077553	OK	 
REQUEST		AddToCart	1612373077485	1612373077567	OK	 
REQUEST		AddToCart	1612373077504	1612373077568	OK	 
REQUEST		AddToCart	1612373077520	1612373077598	OK	 
REQUEST		AddToCart	1612373077510	1612373077621	OK	 
REQUEST		AddToCart	1612373077520	1612373077637	OK	 
REQUEST		AddToCart	1612373077530	1612373077636	OK	 
REQUEST		AddToCart	1612373077530	1612373077666	OK	 
REQUEST		AddToCart	1612373077602	1612373077678	OK	 
REQUEST		AddToCart	1612373077580	1612373077685	OK	 
REQUEST		AddToCart	1612373077625	1612373077702	OK	 
REQUEST		AddToCart	1612373077635	1612373077708	OK	 
REQUEST		AddToCart	1612373077637	1612373077710	OK	 
REQUEST		AddToCart	1612373077717	1612373077767	OK	 
REQUEST		AddToCart	1612373077692	1612373077770	OK	 
REQUEST		AddToCart	1612373077692	1612373077770	OK	 
REQUEST		AddToCart	1612373077717	1612373077780	OK	 
REQUEST		AddToCart	1612373077728	1612373077783	OK	 
REQUEST		AddToCart	1612373077764	1612373077798	OK	 
REQUEST		AddToCart	1612373077823	1612373077885	OK	 
REQUEST		AddToCart	1612373077910	1612373078140	OK	 
REQUEST		AddToCart	1612373077905	1612373078140	OK	 
REQUEST		AddToCart	1612373077922	1612373078143	OK	 
REQUEST		AddToCart	1612373077920	1612373078150	OK	 
REQUEST		AddToCart	1612373077922	1612373078152	OK	 
REQUEST		AddToCart	1612373077921	1612373078151	OK	 
REQUEST		AddToCart	1612373077971	1612373078153	OK	 
REQUEST		AddToCart	1612373077996	1612373078163	OK	 
REQUEST		AddToCart	1612373077966	1612373078162	OK	 
REQUEST		AddToCart	1612373077978	1612373078165	OK	 
REQUEST		AddToCart	1612373077967	1612373078168	OK	 
REQUEST		AddToCart	1612373077968	1612373078173	OK	 
REQUEST		AddToCart	1612373078003	1612373078173	OK	 
REQUEST		AddToCart	1612373078021	1612373078177	OK	 
REQUEST		AddToCart	1612373078003	1612373078185	OK	 
REQUEST		AddToCart	1612373077973	1612373078189	OK	 
REQUEST		AddToCart	1612373078046	1612373078197	OK	 
REQUEST		AddToCart	1612373078035	1612373078209	OK	 
REQUEST		AddToCart	1612373078026	1612373078217	OK	 
REQUEST		AddToCart	1612373078058	1612373078223	OK	 
REQUEST		AddToCart	1612373078056	1612373078223	OK	 
REQUEST		AddToCart	1612373078034	1612373078236	OK	 
REQUEST		AddToCart	1612373078056	1612373078237	OK	 
REQUEST		AddToCart	1612373078024	1612373078242	OK	 
REQUEST		AddToCart	1612373078087	1612373078291	OK	 
REQUEST		AddToCart	1612373078070	1612373078305	OK	 
REQUEST		AddToCart	1612373078070	1612373078306	OK	 
REQUEST		AddToCart	1612373078070	1612373078307	OK	 
REQUEST		AddToCart	1612373078091	1612373078357	OK	 
REQUEST		AddToCart	1612373078091	1612373078358	OK	 
REQUEST		AddToCart	1612373078092	1612373078360	OK	 
REQUEST		AddToCart	1612373078092	1612373078382	OK	 
REQUEST		AddToCart	1612373078093	1612373078407	OK	 
REQUEST		CreateGeneral	1612373078126	1612373078509	OK	 
REQUEST		CreateGeneral	1612373078107	1612373078539	OK	 
REQUEST		CreateGeneral	1612373078399	1612373078569	KO	status.find.is(200), but actually found 400
REQUEST		CreateGeneral	1612373078257	1612373078695	OK	 
REQUEST		CreateGeneral	1612373078240	1612373078698	OK	 
REQUEST		CreateGeneral	1612373078192	1612373078702	OK	 
REQUEST		CreateGeneral	1612373078273	1612373078702	OK	 
REQUEST		CreateGeneral	1612373078345	1612373078710	OK	 
REQUEST		CreateGeneral	1612373078406	1612373078738	OK	 
REQUEST		CreateGeneral	1612373078399	1612373078739	OK	 
REQUEST		CreateGeneral	1612373078484	1612373078776	OK	 
REQUEST		CreateGeneral	1612373078461	1612373078790	OK	 
REQUEST		CreateGeneral	1612373078460	1612373078793	OK	 
REQUEST		CreateGeneral	1612373078473	1612373078799	OK	 
REQUEST		CreateGeneral	1612373078503	1612373078803	OK	 
REQUEST		CreateGeneral	1612373078502	1612373078822	OK	 
REQUEST		CreateGeneral	1612373078495	1612373078829	OK	 
REQUEST		CreateGeneral	1612373079425	1612373079693	OK	 
REQUEST		CreateGeneral	1612373079536	1612373079766	OK	 
REQUEST		CreateGeneral	1612373079274	1612373079780	OK	 
REQUEST		CreateGeneral	1612373078191	1612373079779	OK	 
REQUEST		CreateGeneral	1612373079273	1612373079790	OK	 
REQUEST		CreateGeneral	1612373079459	1612373079793	OK	 
REQUEST		CreateGeneral	1612373079318	1612373079807	OK	 
REQUEST		CreateGeneral	1612373079534	1612373079815	OK	 
REQUEST		CreateGeneral	1612373079553	1612373079883	OK	 
REQUEST		CreateGeneral	1612373079279	1612373079895	OK	 
REQUEST		CreateGeneral	1612373079680	1612373079920	OK	 
REQUEST		CreateGeneral	1612373079606	1612373079920	OK	 
REQUEST		CreateGeneral	1612373079621	1612373079941	OK	 
REQUEST		CreateGeneral	1612373079778	1612373080000	OK	 
REQUEST		CreateGeneral	1612373079865	1612373080060	OK	 
REQUEST		CreateGeneral	1612373080065	1612373080282	OK	 
REQUEST		CreateGeneral	1612373080301	1612373080468	OK	 
REQUEST		CreateGeneral	1612373080482	1612373080763	OK	 
REQUEST		CreateGeneral	1612373080486	1612373080819	OK	 
REQUEST		CreateGeneral	1612373080531	1612373080887	OK	 
REQUEST		CreateGeneral	1612373080486	1612373080944	OK	 
REQUEST		CreateGeneral	1612373080520	1612373081018	OK	 
REQUEST		CreateGeneral	1612373080519	1612373081049	OK	 
REQUEST		CreateGeneral	1612373080551	1612373081070	OK	 
REQUEST		CreateGeneral	1612373079262	1612373081182	OK	 
REQUEST		CreateGeneral	1612373080571	1612373081182	OK	 
REQUEST		CreateGeneral	1612373080559	1612373081228	OK	 
REQUEST		CreateGeneral	1612373078180	1612373081268	OK	 
REQUEST		CreateGeneral	1612373080572	1612373081276	OK	 
REQUEST		CreateGeneral	1612373079581	1612373081318	OK	 
REQUEST		CreateGeneral	1612373080601	1612373081339	OK	 
REQUEST		CreateGeneral	1612373080626	1612373081487	OK	 
REQUEST		CreateGeneral	1612373080645	1612373081675	OK	 
REQUEST		CreateGeneral	1612373080643	1612373081676	OK	 
REQUEST		CreateGeneral	1612373080682	1612373081800	OK	 
REQUEST		CreateGeneral	1612373080718	1612373082018	OK	 
REQUEST		CreateGeneral	1612373080705	1612373082018	OK	 
REQUEST		CreateGeneral	1612373080669	1612373082019	OK	 
REQUEST		CreateGeneral	1612373080774	1612373082095	OK	 
REQUEST		CreateGeneral	1612373080692	1612373082095	OK	 
REQUEST		CreateGeneral	1612373080719	1612373082127	OK	 
REQUEST		CreateGeneral	1612373080787	1612373082128	OK	 
REQUEST		CreateGeneral	1612373080805	1612373082200	OK	 
REQUEST		CreateGeneral	1612373080789	1612373082211	OK	 
REQUEST		CreateGeneral	1612373080787	1612373082212	OK	 
REQUEST		CreateGeneral	1612373080775	1612373082223	OK	 
REQUEST		CreateGeneral	1612373080890	1612373082260	OK	 
REQUEST		CreateGeneral	1612373080496	1612373082274	OK	 
REQUEST		CreateGeneral	1612373081227	1612373082277	KO	status.find.is(200), but actually found 400
REQUEST		CreateGeneral	1612373081145	1612373082361	OK	 
REQUEST		CreateGeneral	1612373079319	1612373082361	OK	 
REQUEST		CreateGeneral	1612373081146	1612373082365	OK	 
REQUEST		CreateGeneral	1612373081157	1612373082366	OK	 
REQUEST		CreateGeneral	1612373081240	1612373082391	KO	status.find.is(200), but actually found 400
REQUEST		CreateGeneral	1612373081240	1612373082402	KO	status.find.is(200), but actually found 400
REQUEST		CreateGeneral	1612373081193	1612373082430	OK	 
REQUEST		CreateGeneral	1612373081183	1612373082436	OK	 
REQUEST		CreateGeneral	1612373081176	1612373082436	OK	 
REQUEST		CreateGeneral	1612373081193	1612373082436	OK	 
REQUEST		CreateGeneral	1612373081169	1612373082449	OK	 
REQUEST		CreateGeneral	1612373081162	1612373082449	OK	 
REQUEST		CreateGeneral	1612373079561	1612373082450	OK	 
REQUEST		CreateGeneral	1612373081199	1612373082482	OK	 
REQUEST		CreateGeneral	1612373081217	1612373082483	OK	 
REQUEST		CreateGeneral	1612373081164	1612373082483	OK	 
REQUEST		CreateGeneral	1612373081211	1612373082483	OK	 
REQUEST		CreateGeneral	1612373081240	1612373082488	OK	 
REQUEST		CreateGeneral	1612373081243	1612373082502	OK	 
REQUEST		CreateGeneral	1612373081295	1612373082508	OK	 
REQUEST		CreateGeneral	1612373081163	1612373082510	OK	 
REQUEST		CreateGeneral	1612373081251	1612373082513	OK	 
REQUEST		CreateGeneral	1612373081311	1612373082546	OK	 
REQUEST		CreateGeneral	1612373081313	1612373082547	OK	 
REQUEST		CreateGeneral	1612373081242	1612373082547	OK	 
ERROR	BookingDetails: Failed to build request: No attribute named 'checkoutTokenID' is defined 	1612373082581
ERROR	ConfirmPayment: Failed to build request: No attribute named 'checkoutTokenID' is defined 	1612373082582
USER	GeneralAdmission1	END	1612373082587
REQUEST		CreateGeneral	1612373081180	1612373083440	OK	 
REQUEST		CreateGeneral	1612373081410	1612373083539	OK	 
REQUEST		CreateGeneral	1612373081387	1612373083540	OK	 
REQUEST		CreateGeneral	1612373081365	1612373083552	OK	 
REQUEST		CreateGeneral	1612373081364	1612373083551	OK	 
REQUEST		CreateGeneral	1612373081363	1612373083552	OK	 
REQUEST		CreateGeneral	1612373081310	1612373083627	OK	 
REQUEST		BookingDetails	1612373082544	1612373083756	OK	 
REQUEST		BookingDetails	1612373082715	1612373083812	OK	 
REQUEST		BookingDetails	1612373082713	1612373083816	OK	 
REQUEST		BookingDetails	1612373082700	1612373083824	OK	 
REQUEST		BookingDetails	1612373082713	1612373083824	OK	 
REQUEST		BookingDetails	1612373082702	1612373083836	OK	 
REQUEST		BookingDetails	1612373082805	1612373083885	OK	 
REQUEST		CreateGeneral	1612373081192	1612373083890	OK	 
REQUEST		BookingDetails	1612373082807	1612373083891	OK	 
REQUEST		BookingDetails	1612373082800	1612373083892	OK	 
REQUEST		BookingDetails	1612373082797	1612373083892	OK	 
REQUEST		BookingDetails	1612373082752	1612373083906	OK	 
REQUEST		BookingDetails	1612373082782	1612373083930	OK	 
REQUEST		BookingDetails	1612373082752	1612373083938	OK	 
REQUEST		CreateGeneral	1612373081183	1612373083943	OK	 
REQUEST		BookingDetails	1612373082827	1612373083956	OK	 
REQUEST		BookingDetails	1612373082840	1612373083965	OK	 
REQUEST		BookingDetails	1612373082518	1612373084109	OK	 
REQUEST		BookingDetails	1612373083699	1612373084523	OK	 
REQUEST		BookingDetails	1612373083769	1612373084822	OK	 
REQUEST		BookingDetails	1612373083785	1612373084823	OK	 
REQUEST		BookingDetails	1612373083793	1612373084828	OK	 
REQUEST		BookingDetails	1612373083798	1612373084838	OK	 
REQUEST		ConfirmPayment	1612373083759	1612373084842	OK	 
REQUEST		BookingDetails	1612373083785	1612373084849	OK	 
USER	GeneralAdmission1	END	1612373084850
REQUEST		BookingDetails	1612373083816	1612373084884	OK	 
REQUEST		ConfirmPayment	1612373083816	1612373084903	OK	 
USER	GeneralAdmission1	END	1612373084909
REQUEST		BookingDetails	1612373083829	1612373084924	OK	 
REQUEST		ConfirmPayment	1612373083912	1612373084943	OK	 
USER	GeneralAdmission1	END	1612373084948
REQUEST		ConfirmPayment	1612373083830	1612373084955	OK	 
REQUEST		ConfirmPayment	1612373083823	1612373084956	OK	 
REQUEST		BookingDetails	1612373083928	1612373084961	OK	 
USER	GeneralAdmission1	END	1612373084962
USER	GeneralAdmission1	END	1612373084962
REQUEST		ConfirmPayment	1612373083891	1612373084969	OK	 
REQUEST		ConfirmPayment	1612373083830	1612373084972	OK	 
USER	GeneralAdmission1	END	1612373084973
USER	GeneralAdmission1	END	1612373084980
REQUEST		ConfirmPayment	1612373083839	1612373084981	OK	 
USER	GeneralAdmission1	END	1612373084986
REQUEST		ConfirmPayment	1612373083916	1612373084987	OK	 
USER	GeneralAdmission1	END	1612373084993
REQUEST		BookingDetails	1612373083928	1612373085003	OK	 
REQUEST		BookingDetails	1612373083929	1612373085016	OK	 
REQUEST		BookingDetails	1612373083955	1612373085054	OK	 
REQUEST		BookingDetails	1612373083929	1612373085108	OK	 
REQUEST		ConfirmPayment	1612373083923	1612373085115	OK	 
REQUEST		ConfirmPayment	1612373083925	1612373085122	OK	 
USER	GeneralAdmission1	END	1612373085122
USER	GeneralAdmission1	END	1612373085125
REQUEST		ConfirmPayment	1612373083942	1612373085188	OK	 
REQUEST		ConfirmPayment	1612373083938	1612373085191	OK	 
USER	GeneralAdmission1	END	1612373085191
USER	GeneralAdmission1	END	1612373085194
REQUEST		BookingDetails	1612373084286	1612373085241	OK	 
REQUEST		BookingDetails	1612373084006	1612373085314	OK	 
REQUEST		BookingDetails	1612373084064	1612373085342	OK	 
REQUEST		ConfirmPayment	1612373084113	1612373085352	OK	 
REQUEST		ConfirmPayment	1612373083960	1612373085352	OK	 
USER	GeneralAdmission1	END	1612373085357
USER	GeneralAdmission1	END	1612373085364
REQUEST		ConfirmPayment	1612373083970	1612373085365	OK	 
USER	GeneralAdmission1	END	1612373085369
REQUEST		BookingDetails	1612373084472	1612373085635	OK	 
ERROR	BookingDetails: Failed to build request: No attribute named 'checkoutTokenID' is defined 	1612373086285
ERROR	ConfirmPayment: Failed to build request: No attribute named 'checkoutTokenID' is defined 	1612373086286
USER	GeneralAdmission1	END	1612373086287
ERROR	BookingDetails: Failed to build request: No attribute named 'checkoutTokenID' is defined 	1612373086394
ERROR	ConfirmPayment: Failed to build request: No attribute named 'checkoutTokenID' is defined 	1612373086394
USER	GeneralAdmission1	END	1612373086397
ERROR	BookingDetails: Failed to build request: No attribute named 'checkoutTokenID' is defined 	1612373086406
ERROR	ConfirmPayment: Failed to build request: No attribute named 'checkoutTokenID' is defined 	1612373086406
USER	GeneralAdmission1	END	1612373086407
REQUEST		ConfirmPayment	1612373084968	1612373086516	OK	 
REQUEST		BookingDetails	1612373085073	1612373086516	OK	 
USER	GeneralAdmission1	END	1612373086525
REQUEST		ConfirmPayment	1612373085006	1612373086526	OK	 
USER	GeneralAdmission1	END	1612373086532
REQUEST		ConfirmPayment	1612373084931	1612373086540	OK	 
REQUEST		ConfirmPayment	1612373085058	1612373086540	OK	 
REQUEST		BookingDetails	1612373084950	1612373086541	OK	 
REQUEST		BookingDetails	1612373085194	1612373086543	OK	 
REQUEST		BookingDetails	1612373085232	1612373086543	OK	 
USER	GeneralAdmission1	END	1612373086551
USER	GeneralAdmission1	END	1612373086556
REQUEST		ConfirmPayment	1612373085111	1612373086566	OK	 
REQUEST		ConfirmPayment	1612373085020	1612373086566	OK	 
USER	GeneralAdmission1	END	1612373086573
REQUEST		BookingDetails	1612373085193	1612373086575	OK	 
REQUEST		BookingDetails	1612373085327	1612373086575	OK	 
USER	GeneralAdmission1	END	1612373086579
REQUEST		BookingDetails	1612373085271	1612373086586	OK	 
REQUEST		ConfirmPayment	1612373085248	1612373086589	OK	 
REQUEST		BookingDetails	1612373085490	1612373086592	OK	 
REQUEST		BookingDetails	1612373085280	1612373086593	OK	 
REQUEST		ConfirmPayment	1612373084828	1612373086593	OK	 
USER	GeneralAdmission1	END	1612373086617
REQUEST		BookingDetails	1612373084826	1612373086619	OK	 
REQUEST		ConfirmPayment	1612373084831	1612373086619	OK	 
USER	GeneralAdmission1	END	1612373086620
REQUEST		BookingDetails	1612373084892	1612373086631	OK	 
REQUEST		ConfirmPayment	1612373084852	1612373086640	OK	 
USER	GeneralAdmission1	END	1612373086645
REQUEST		BookingDetails	1612373085345	1612373086644	OK	 
REQUEST		ConfirmPayment	1612373084527	1612373086654	OK	 
REQUEST		ConfirmPayment	1612373085319	1612373086657	OK	 
USER	GeneralAdmission1	END	1612373086658
REQUEST		ConfirmPayment	1612373085346	1612373086671	OK	 
USER	GeneralAdmission1	END	1612373086671
USER	GeneralAdmission1	END	1612373086671
REQUEST		BookingDetails	1612373084767	1612373086679	OK	 
REQUEST		BookingDetails	1612373085055	1612373086681	OK	 
USER	GeneralAdmission1	END	1612373086682
REQUEST		ConfirmPayment	1612373084842	1612373086685	OK	 
USER	GeneralAdmission1	END	1612373086699
REQUEST		ConfirmPayment	1612373084887	1612373086816	OK	 
USER	GeneralAdmission1	END	1612373086828
REQUEST		BookingDetails	1612373085681	1612373087225	OK	 
REQUEST		BookingDetails	1612373085683	1612373087225	OK	 
REQUEST		ConfirmPayment	1612373085640	1612373087225	OK	 
REQUEST		BookingDetails	1612373085810	1612373087225	OK	 
USER	GeneralAdmission1	END	1612373087241
REQUEST		BookingDetails	1612373086027	1612373087242	OK	 
REQUEST		BookingDetails	1612373086026	1612373087243	OK	 
REQUEST		BookingDetails	1612373086027	1612373087243	OK	 
REQUEST		ConfirmPayment	1612373084838	1612373087334	OK	 
USER	GeneralAdmission1	END	1612373087338
REQUEST		BookingDetails	1612373086105	1612373087362	OK	 
REQUEST		BookingDetails	1612373085025	1612373087478	OK	 
REQUEST		BookingDetails	1612373086135	1612373087542	OK	 
REQUEST		BookingDetails	1612373086103	1612373087549	OK	 
REQUEST		BookingDetails	1612373086206	1612373088639	OK	 
REQUEST		BookingDetails	1612373086367	1612373088739	OK	 
REQUEST		BookingDetails	1612373086448	1612373088911	OK	 
REQUEST		BookingDetails	1612373086218	1612373088910	OK	 
REQUEST		BookingDetails	1612373086450	1612373088912	OK	 
REQUEST		BookingDetails	1612373086461	1612373088926	OK	 
REQUEST		BookingDetails	1612373086450	1612373088934	OK	 
REQUEST		BookingDetails	1612373086281	1612373088942	OK	 
REQUEST		BookingDetails	1612373086564	1612373088948	OK	 
REQUEST		BookingDetails	1612373086497	1612373088942	OK	 
REQUEST		BookingDetails	1612373086504	1612373088962	OK	 
REQUEST		BookingDetails	1612373087566	1612373088963	OK	 
REQUEST		ConfirmPayment	1612373086525	1612373088964	OK	 
REQUEST		ConfirmPayment	1612373087240	1612373088971	OK	 
USER	GeneralAdmission1	END	1612373088978
REQUEST		ConfirmPayment	1612373087546	1612373088986	OK	 
REQUEST		BookingDetails	1612373087635	1612373088983	OK	 
REQUEST		ConfirmPayment	1612373086588	1612373088983	OK	 
REQUEST		ConfirmPayment	1612373086602	1612373088985	OK	 
USER	GeneralAdmission1	END	1612373088988
REQUEST		ConfirmPayment	1612373086660	1612373088998	OK	 
USER	GeneralAdmission1	END	1612373089003
REQUEST		BookingDetails	1612373086515	1612373089004	OK	 
REQUEST		ConfirmPayment	1612373086618	1612373089009	OK	 
USER	GeneralAdmission1	END	1612373089004
REQUEST		ConfirmPayment	1612373086555	1612373089014	OK	 
USER	GeneralAdmission1	END	1612373089010
REQUEST		BookingDetails	1612373086462	1612373089021	OK	 
REQUEST		BookingDetails	1612373086218	1612373089020	OK	 
REQUEST		BookingDetails	1612373086229	1612373089021	OK	 
USER	GeneralAdmission1	END	1612373089015
REQUEST		ConfirmPayment	1612373087254	1612373089024	OK	 
USER	GeneralAdmission1	END	1612373089025
REQUEST		BookingDetails	1612373087566	1612373089035	OK	 
REQUEST		ConfirmPayment	1612373086589	1612373089046	OK	 
USER	GeneralAdmission1	END	1612373089036
REQUEST		BookingDetails	1612373087548	1612373089046	OK	 
REQUEST		BookingDetails	1612373086488	1612373089049	OK	 
USER	GeneralAdmission1	END	1612373089047
USER	GeneralAdmission1	END	1612373089058
REQUEST		ConfirmPayment	1612373086556	1612373089063	OK	 
REQUEST		ConfirmPayment	1612373086556	1612373089063	OK	 
REQUEST		ConfirmPayment	1612373087238	1612373089063	OK	 
REQUEST		ConfirmPayment	1612373086640	1612373089064	OK	 
REQUEST		ConfirmPayment	1612373086696	1612373089066	OK	 
REQUEST		BookingDetails	1612373086263	1612373089090	OK	 
REQUEST		ConfirmPayment	1612373086692	1612373089086	OK	 
USER	GeneralAdmission1	END	1612373089088
REQUEST		ConfirmPayment	1612373087254	1612373089089	OK	 
USER	GeneralAdmission1	END	1612373089090
REQUEST		BookingDetails	1612373086370	1612373089100	OK	 
USER	GeneralAdmission1	END	1612373089091
REQUEST		BookingDetails	1612373086436	1612373089110	OK	 
REQUEST		BookingDetails	1612373086567	1612373089113	OK	 
REQUEST		BookingDetails	1612373086461	1612373089112	OK	 
USER	GeneralAdmission1	END	1612373089092
REQUEST		BookingDetails	1612373087901	1612373089113	OK	 
USER	GeneralAdmission1	END	1612373089097
REQUEST		ConfirmPayment	1612373087365	1612373089124	OK	 
REQUEST		BookingDetails	1612373086502	1612373089128	OK	 
USER	GeneralAdmission1	END	1612373089109
REQUEST		ConfirmPayment	1612373087555	1612373089135	OK	 
USER	GeneralAdmission1	END	1612373089113
USER	GeneralAdmission1	END	1612373089143
REQUEST		BookingDetails	1612373087566	1612373089150	OK	 
REQUEST		ConfirmPayment	1612373086617	1612373089150	OK	 
USER	GeneralAdmission1	END	1612373089154
REQUEST		BookingDetails	1612373087547	1612373089154	OK	 
REQUEST		BookingDetails	1612373086514	1612373089160	OK	 
REQUEST		BookingDetails	1612373086504	1612373089160	OK	 
REQUEST		BookingDetails	1612373086556	1612373089167	OK	 
USER	GeneralAdmission1	END	1612373089181
REQUEST		ConfirmPayment	1612373087237	1612373089187	OK	 
REQUEST		BookingDetails	1612373086366	1612373089187	OK	 
REQUEST		ConfirmPayment	1612373087254	1612373089198	OK	 
USER	GeneralAdmission1	END	1612373089201
REQUEST		ConfirmPayment	1612373088743	1612373089203	OK	 
REQUEST		BookingDetails	1612373087445	1612373089203	OK	 
REQUEST		BookingDetails	1612373086370	1612373089204	OK	 
REQUEST		ConfirmPayment	1612373086652	1612373089205	OK	 
USER	GeneralAdmission1	END	1612373089207
REQUEST		ConfirmPayment	1612373088644	1612373089217	OK	 
USER	GeneralAdmission1	END	1612373089220
REQUEST		BookingDetails	1612373086133	1612373089226	OK	 
USER	GeneralAdmission1	END	1612373089226
USER	GeneralAdmission1	END	1612373089228
REQUEST		BookingDetails	1612373086525	1612373089231	OK	 
REQUEST		ConfirmPayment	1612373087482	1612373089232	OK	 
REQUEST		BookingDetails	1612373087956	1612373089241	OK	 
USER	GeneralAdmission1	END	1612373089242
REQUEST		BookingDetails	1612373086531	1612373089245	OK	 
REQUEST		ConfirmPayment	1612373088925	1612373089616	OK	 
REQUEST		ConfirmPayment	1612373088961	1612373089620	OK	 
USER	GeneralAdmission1	END	1612373089621
REQUEST		ConfirmPayment	1612373088934	1612373089633	OK	 
USER	GeneralAdmission1	END	1612373089633
USER	GeneralAdmission1	END	1612373089638
REQUEST		ConfirmPayment	1612373088925	1612373089748	OK	 
USER	GeneralAdmission1	END	1612373089761
REQUEST		ConfirmPayment	1612373088963	1612373089789	OK	 
USER	GeneralAdmission1	END	1612373089791
REQUEST		ConfirmPayment	1612373088983	1612373089828	OK	 
REQUEST		ConfirmPayment	1612373088977	1612373089831	OK	 
USER	GeneralAdmission1	END	1612373089832
USER	GeneralAdmission1	END	1612373089837
REQUEST		ConfirmPayment	1612373089043	1612373089853	OK	 
REQUEST		ConfirmPayment	1612373089044	1612373089863	OK	 
USER	GeneralAdmission1	END	1612373089864
USER	GeneralAdmission1	END	1612373089867
REQUEST		ConfirmPayment	1612373089062	1612373089905	OK	 
REQUEST		ConfirmPayment	1612373089002	1612373089909	OK	 
USER	GeneralAdmission1	END	1612373089909
USER	GeneralAdmission1	END	1612373089921
REQUEST		ConfirmPayment	1612373089051	1612373089926	OK	 
USER	GeneralAdmission1	END	1612373089934
REQUEST		ConfirmPayment	1612373089021	1612373089942	OK	 
USER	GeneralAdmission1	END	1612373089946
REQUEST		ConfirmPayment	1612373089108	1612373089959	OK	 
USER	GeneralAdmission1	END	1612373089962
REQUEST		ConfirmPayment	1612373089044	1612373090068	OK	 
REQUEST		ConfirmPayment	1612373089063	1612373090072	OK	 
USER	GeneralAdmission1	END	1612373090074
REQUEST		ConfirmPayment	1612373089135	1612373090079	OK	 
REQUEST		ConfirmPayment	1612373089187	1612373090081	OK	 
USER	GeneralAdmission1	END	1612373090081
REQUEST		ConfirmPayment	1612373089129	1612373090084	OK	 
REQUEST		ConfirmPayment	1612373089129	1612373090084	OK	 
REQUEST		ConfirmPayment	1612373089116	1612373090084	OK	 
USER	GeneralAdmission1	END	1612373090092
REQUEST		ConfirmPayment	1612373089188	1612373090099	OK	 
REQUEST		ConfirmPayment	1612373089149	1612373090107	OK	 
USER	GeneralAdmission1	END	1612373090099
REQUEST		ConfirmPayment	1612373089187	1612373090112	OK	 
USER	GeneralAdmission1	END	1612373090107
REQUEST		ConfirmPayment	1612373089187	1612373090112	OK	 
USER	GeneralAdmission1	END	1612373090110
REQUEST		ConfirmPayment	1612373089166	1612373090119	OK	 
REQUEST		ConfirmPayment	1612373089239	1612373090120	OK	 
REQUEST		ConfirmPayment	1612373089231	1612373090125	OK	 
USER	GeneralAdmission1	END	1612373090110
REQUEST		ConfirmPayment	1612373089220	1612373090134	OK	 
USER	GeneralAdmission1	END	1612373090113
USER	GeneralAdmission1	END	1612373090120
REQUEST		ConfirmPayment	1612373089200	1612373090144	OK	 
USER	GeneralAdmission1	END	1612373090125
REQUEST		ConfirmPayment	1612373089220	1612373090148	OK	 
USER	GeneralAdmission1	END	1612373090135
USER	GeneralAdmission1	END	1612373090138
REQUEST		ConfirmPayment	1612373089245	1612373090153	OK	 
USER	GeneralAdmission1	END	1612373090139
USER	GeneralAdmission1	END	1612373090144
REQUEST		ConfirmPayment	1612373089251	1612373090162	OK	 
USER	GeneralAdmission1	END	1612373090145
REQUEST		ConfirmPayment	1612373088933	1612373090162	OK	 
USER	GeneralAdmission1	END	1612373090149
USER	GeneralAdmission1	END	1612373090158
USER	GeneralAdmission1	END	1612373090162
USER	GeneralAdmission1	END	1612373090174
USER	GeneralAdmission1	END	1612373090174
REQUEST		ConfirmPayment	1612373089128	1612373090175	OK	 
USER	GeneralAdmission1	END	1612373090183
REQUEST		ConfirmPayment	1612373088961	1612373090213	OK	 
USER	GeneralAdmission1	END	1612373090220
REQUEST		ConfirmPayment	1612373088958	1612373090242	OK	 
USER	GeneralAdmission1	END	1612373090247
