RUN	LocalSimulation3	localsimulation3	1610359938882	 	3.5.0
USER	LocalSimulation3	START	1610359940488
REQUEST		request_0	1610359940521	1610359940925	OK	 
REQUEST		request_0 Redirect 1	1610359940938	1610359941196	OK	 
ERROR	request_6: Failed to build request: Resource /localsimulation3/0006_request.txt not found 	1610359941213
ERROR	request_7: Failed to build request: Resource /localsimulation3/0007_request.txt not found 	1610359941214
REQUEST		request_4	1610359941243	1610359941296	OK	 
REQUEST		request_3	1610359941244	1610359941307	OK	 
REQUEST		request_9	1610359941235	1610359941364	KO	status.find.in(200,201,202,203,204,205,206,207,208,209,304), found 401
REQUEST		request_8	1610359941246	1610359941368	OK	 
REQUEST		request_10	1610359941249	1610359941429	KO	status.find.in(200,201,202,203,204,205,206,207,208,209,304), found 401
REQUEST		request_1	1610359941248	1610359941464	OK	 
REQUEST		request_5	1610359941241	1610359941505	OK	 
REQUEST		request_2	1610359941247	1610359941660	OK	 
REQUEST		request_11	1610359944666	1610359944668	OK	 
ERROR	request_14: Failed to build request: Resource /localsimulation3/0014_request.json not found 	1610359944669
REQUEST		request_12	1610359944693	1610359944699	KO	status.find.in(200,201,202,203,204,205,206,207,208,209,304), found 401
REQUEST		request_13	1610359944670	1610359944779	OK	 
ERROR	request_15: Failed to build request: Resource /localsimulation3/0015_request.txt not found 	1610359946779
ERROR	request_16: Failed to build request: Resource /localsimulation3/0016_request.txt not found 	1610359947786
REQUEST		request_17	1610359950788	1610359950790	OK	 
ERROR	request_18: Failed to build request: Resource /localsimulation3/0018_request.json not found 	1610359950791
REQUEST		request_21	1610359950871	1610359950892	KO	status.find.in(200,201,202,203,204,205,206,207,208,209,304), found 401
REQUEST		request_20	1610359950840	1610359950893	OK	 
REQUEST		request_37	1610359950875	1610359950900	KO	status.find.in(200,201,202,203,204,205,206,207,208,209,304), found 401
REQUEST		request_19	1610359950872	1610359950904	KO	status.find.in(200,201,202,203,204,205,206,207,208,209,304), found 401
REQUEST		request_29	1610359950796	1610359951092	OK	 
REQUEST		request_27	1610359950839	1610359951100	OK	 
REQUEST		request_22	1610359950863	1610359951101	OK	 
REQUEST		request_23	1610359950868	1610359951136	OK	 
REQUEST		request_35	1610359950874	1610359951141	OK	 
REQUEST		request_25	1610359950877	1610359951143	OK	 
REQUEST		request_28	1610359950880	1610359951144	OK	 
REQUEST		request_26	1610359950878	1610359951610	OK	 
REQUEST		request_24	1610359950864	1610359951613	OK	 
REQUEST		request_36	1610359950866	1610359951751	OK	 
REQUEST		request_31	1610359950841	1610359951755	OK	 
REQUEST		request_38	1610359950863	1610359951760	OK	 
REQUEST		request_33	1610359950867	1610359951795	OK	 
REQUEST		request_41	1610359950869	1610359951796	OK	 
REQUEST		request_39	1610359950882	1610359951796	OK	 
REQUEST		request_34	1610359950865	1610359951801	OK	 
REQUEST		request_40	1610359950881	1610359951802	OK	 
REQUEST		request_30	1610359950876	1610359951803	OK	 
REQUEST		request_32	1610359950879	1610359951828	OK	 
REQUEST		request_42	1610359952830	1610359952876	OK	 
ERROR	request_45: Failed to build request: Resource /localsimulation3/0045_request.txt not found 	1610359952877
ERROR	request_46: Failed to build request: Resource /localsimulation3/0046_request.txt not found 	1610359952877
REQUEST		request_44	1610359952881	1610359952909	OK	 
REQUEST		request_43	1610359952878	1610359953068	OK	 
REQUEST		request_47	1610359952879	1610359953071	OK	 
REQUEST		request_48	1610359954073	1610359954260	OK	 
REQUEST		request_49	1610359955261	1610359955447	OK	 
REQUEST		request_50	1610359955448	1610359955634	OK	 
REQUEST		request_51	1610359956636	1610359956637	OK	 
ERROR	request_53: Failed to build request: Resource /localsimulation3/0053_request.json not found 	1610359956644
REQUEST		request_54	1610359956645	1610359956835	OK	 
REQUEST		request_55	1610359956647	1610359956837	OK	 
REQUEST		request_56	1610359956646	1610359956838	OK	 
REQUEST		request_52	1610359956648	1610359957066	KO	status.find.in(200,201,202,203,204,205,206,207,208,209,304), found 400
REQUEST		request_57	1610359959067	1610359959086	OK	 
ERROR	request_58: Failed to build request: Resource ../localsimulation3/0058_request.json not found 	1610359959087
ERROR	request_59: Failed to build request: Resource /localsimulation3/0059_request.txt not found 	1610359961088
USER	LocalSimulation3	END	1610359961112
