RUN	TimedTour1	timedtour1	1611848930921	 	3.5.0
USER	TimedTour1	START	1611848932490
REQUEST		request_0	1611848932521	1611848932877	OK	 
REQUEST		request_0 Redirect 1	1611848932905	1611848933687	KO	jsonPath($..access_token).find.exists, found nothing
REQUEST		request_1	1611848935776	1611848935784	OK	 
ERROR	request_2: Failed to build request: No attribute named 'token' is defined 	1611848935796
REQUEST		request_3	1611848935857	1611848935892	KO	status.find.in(200,201,202,203,204,205,206,207,208,209,304), found 401
REQUEST		request_5	1611848935826	1611848935972	OK	 
REQUEST		request_4	1611848935865	1611848937348	OK	 
REQUEST		request_6	1611848955389	1611848955629	OK	 
REQUEST		request_8	1611848955666	1611848955675	OK	 
REQUEST		request_7	1611848955651	1611848955701	OK	 
REQUEST		request_8	1611848955688	1611848955933	OK	 
REQUEST		request_9	1611848958945	1611848959163	OK	 
REQUEST		request_12	1611848959182	1611848959222	KO	status.find.in(200,201,202,203,204,205,206,207,208,209,304), found 401
REQUEST		request_13	1611848959188	1611848959237	KO	status.find.in(200,201,202,203,204,205,206,207,208,209,304), found 401
REQUEST		request_10	1611848959172	1611848959252	OK	 
REQUEST		request_11	1611848959202	1611848959263	OK	 
REQUEST		request_14	1611848961282	1611848961289	OK	 
REQUEST		request_16	1611848961307	1611848961359	OK	 
REQUEST		request_15	1611848961318	1611848961370	OK	 
REQUEST		request_15	1611848961388	1611848961416	OK	 
REQUEST		request_18	1611848961334	1611848961441	OK	 
REQUEST		request_17	1611848961341	1611848961586	OK	 
REQUEST		request_19	1611848963598	1611848963666	OK	 
REQUEST		request_25	1611848963805	1611848964094	OK	 
REQUEST		request_26	1611848963995	1611848964111	OK	 
REQUEST		request_22	1611848964045	1611848964124	OK	 
REQUEST		request_29	1611848963783	1611848964129	OK	 
REQUEST		request_31	1611848963931	1611848964190	OK	 
REQUEST		request_21	1611848963797	1611848964204	OK	 
REQUEST		polyfills.js	1611848963817	1611848964240	OK	 
REQUEST		request_20	1611848963827	1611848964325	OK	 
REQUEST		request_23	1611848963854	1611848964332	OK	 
REQUEST		runtime.js	1611848963966	1611848964519	OK	 
REQUEST		favicon.ico	1611848964052	1611848964706	OK	 
REQUEST		styles.js	1611848964061	1611848964796	OK	 
REQUEST		js?id=G-JM0RFMB8WQ	1611848963875	1611848965618	OK	 
REQUEST		/	1611848963937	1611848965673	OK	 
REQUEST		request_24	1611848963977	1611848965734	OK	 
REQUEST		request_27	1611848964005	1611848965772	OK	 
REQUEST		request_28	1611848964068	1611848965853	OK	 
REQUEST		main.js	1611848963865	1611848965919	OK	 
REQUEST		vendor.js	1611848964001	1611848967964	OK	 
REQUEST		request_30	1611848964017	1611848970411	OK	 
REQUEST		request_25	1611848964109	1611848970428	OK	 
REQUEST		request_32	1611848971439	1611848971708	OK	 
REQUEST		request_33	1611848971713	1611848971736	OK	 
REQUEST		request_34	1611848972756	1611848972769	OK	 
REQUEST		request_35	1611848972780	1611848972793	OK	 
REQUEST		request_36	1611848972789	1611848972798	OK	 
REQUEST		request_36	1611848972808	1611848972947	OK	 
REQUEST		request_37	1611848973965	1611848973967	OK	 
REQUEST		request_38	1611848973987	1611848974009	KO	status.find.in(200,201,202,203,204,205,206,207,208,209,304), found 401
REQUEST		request_39	1611848974002	1611848974019	KO	status.find.in(200,201,202,203,204,205,206,207,208,209,304), found 401
REQUEST		request_40	1611848973978	1611848974187	OK	 
REQUEST		request_41	1611848975197	1611848975221	OK	 
USER	TimedTour1	END	1611848975267
