RUN	RecordedSimulation1	recordedsimulation1	1609947260982	BookToursFirstRun	3.5.0
USER	RecordedSimulation1	START	1609947263121
USER	RecordedSimulation1	START	1609947263125
USER	RecordedSimulation1	START	1609947263130
USER	RecordedSimulation1	START	1609947263177
USER	RecordedSimulation1	START	1609947263139
USER	RecordedSimulation1	START	1609947263153
USER	RecordedSimulation1	START	1609947263125
USER	RecordedSimulation1	START	1609947263121
USER	RecordedSimulation1	START	1609947263125
USER	RecordedSimulation1	START	1609947263193
REQUEST		request_0	1609947263171	1609947265608	OK	 
REQUEST		request_0	1609947263171	1609947265090	OK	 
REQUEST		request_0	1609947263185	1609947265576	OK	 
REQUEST		request_0	1609947263172	1609947265605	OK	 
REQUEST		request_0	1609947263172	1609947265083	OK	 
REQUEST		request_0	1609947263189	1609947265699	OK	 
REQUEST		request_0	1609947263171	1609947265704	OK	 
REQUEST		request_0	1609947263174	1609947265079	OK	 
REQUEST		request_0	1609947263179	1609947265840	OK	 
REQUEST		request_0	1609947263193	1609947265844	OK	 
REQUEST		request_3	1609947265778	1609947265914	OK	 
REQUEST		request_2	1609947265778	1609947265916	OK	 
REQUEST		request_3	1609947265783	1609947265923	OK	 
REQUEST		request_2	1609947265795	1609947265931	OK	 
REQUEST		request_2	1609947265799	1609947265934	OK	 
REQUEST		request_1	1609947265842	1609947265934	OK	 
REQUEST		request_3	1609947265784	1609947265931	OK	 
REQUEST		request_1	1609947265845	1609947265945	OK	 
REQUEST		request_1	1609947265793	1609947265982	OK	 
REQUEST		request_2	1609947265796	1609947266270	OK	 
REQUEST		request_3	1609947265861	1609947266285	OK	 
REQUEST		request_3	1609947265809	1609947266294	OK	 
REQUEST		request_1	1609947265822	1609947266294	OK	 
REQUEST		request_1	1609947265810	1609947266298	OK	 
REQUEST		request_2	1609947265978	1609947266312	OK	 
REQUEST		request_3	1609947265795	1609947266314	OK	 
REQUEST		request_1	1609947265797	1609947266574	OK	 
REQUEST		request_3	1609947265796	1609947266621	OK	 
REQUEST		request_3	1609947265808	1609947266622	OK	 
REQUEST		request_1	1609947265822	1609947266682	OK	 
REQUEST		request_1	1609947265797	1609947266775	OK	 
REQUEST		request_3	1609947265863	1609947266777	OK	 
REQUEST		request_2	1609947265864	1609947266849	OK	 
REQUEST		request_2	1609947265812	1609947266851	OK	 
REQUEST		request_2	1609947265863	1609947266917	OK	 
REQUEST		request_1	1609947265815	1609947266918	OK	 
REQUEST		request_3	1609947265780	1609947266933	OK	 
REQUEST		request_2	1609947265796	1609947266963	OK	 
REQUEST		request_2	1609947265976	1609947267052	OK	 
REQUEST		request_1	1609947265975	1609947267053	OK	 
REQUEST		request_4	1609947267593	1609947267632	OK	 
ERROR	request_5: Failed to build request: Resource /recordedsimulation1/0005_request.json not found 	1609947267635
ERROR	request_6: Failed to build request: Resource /recordedsimulation1/0006_request.txt not found 	1609947267636
ERROR	request_8: Failed to build request: Resource /recordedsimulation1/0008_request.json not found 	1609947267636
REQUEST		request_4	1609947267638	1609947267686	OK	 
ERROR	request_5: Failed to build request: Resource /recordedsimulation1/0005_request.json not found 	1609947267687
ERROR	request_6: Failed to build request: Resource /recordedsimulation1/0006_request.txt not found 	1609947267687
ERROR	request_8: Failed to build request: Resource /recordedsimulation1/0008_request.json not found 	1609947267688
REQUEST		request_7	1609947267637	1609947267697	OK	 
REQUEST		request_4	1609947267684	1609947267705	OK	 
ERROR	request_5: Failed to build request: Resource /recordedsimulation1/0005_request.json not found 	1609947267706
ERROR	request_6: Failed to build request: Resource /recordedsimulation1/0006_request.txt not found 	1609947267707
ERROR	request_8: Failed to build request: Resource /recordedsimulation1/0008_request.json not found 	1609947267708
REQUEST		request_7	1609947267688	1609947267732	OK	 
REQUEST		request_7	1609947267709	1609947267744	OK	 
REQUEST		request_4	1609947267854	1609947267890	OK	 
ERROR	request_5: Failed to build request: Resource /recordedsimulation1/0005_request.json not found 	1609947267891
ERROR	request_6: Failed to build request: Resource /recordedsimulation1/0006_request.txt not found 	1609947267893
ERROR	request_8: Failed to build request: Resource /recordedsimulation1/0008_request.json not found 	1609947267894
REQUEST		request_4	1609947267856	1609947267903	OK	 
ERROR	request_5: Failed to build request: Resource /recordedsimulation1/0005_request.json not found 	1609947267903
ERROR	request_6: Failed to build request: Resource /recordedsimulation1/0006_request.txt not found 	1609947267904
ERROR	request_8: Failed to build request: Resource /recordedsimulation1/0008_request.json not found 	1609947267904
REQUEST		request_7	1609947267897	1609947268099	OK	 
REQUEST		request_4	1609947267919	1609947268105	OK	 
REQUEST		request_7	1609947267905	1609947268105	OK	 
ERROR	request_5: Failed to build request: Resource /recordedsimulation1/0005_request.json not found 	1609947268106
ERROR	request_6: Failed to build request: Resource /recordedsimulation1/0006_request.txt not found 	1609947268106
REQUEST		request_4	1609947267918	1609947268106	OK	 
ERROR	request_5: Failed to build request: Resource /recordedsimulation1/0005_request.json not found 	1609947268107
ERROR	request_6: Failed to build request: Resource /recordedsimulation1/0006_request.txt not found 	1609947268107
ERROR	request_8: Failed to build request: Resource /recordedsimulation1/0008_request.json not found 	1609947268107
ERROR	request_8: Failed to build request: Resource /recordedsimulation1/0008_request.json not found 	1609947268109
REQUEST		request_4	1609947267920	1609947268112	OK	 
ERROR	request_5: Failed to build request: Resource /recordedsimulation1/0005_request.json not found 	1609947268112
ERROR	request_6: Failed to build request: Resource /recordedsimulation1/0006_request.txt not found 	1609947268113
ERROR	request_8: Failed to build request: Resource /recordedsimulation1/0008_request.json not found 	1609947268113
REQUEST		request_4	1609947268060	1609947268135	OK	 
REQUEST		request_4	1609947267980	1609947268135	OK	 
ERROR	request_5: Failed to build request: Resource /recordedsimulation1/0005_request.json not found 	1609947268135
ERROR	request_5: Failed to build request: Resource /recordedsimulation1/0005_request.json not found 	1609947268135
ERROR	request_6: Failed to build request: Resource /recordedsimulation1/0006_request.txt not found 	1609947268135
ERROR	request_6: Failed to build request: Resource /recordedsimulation1/0006_request.txt not found 	1609947268135
ERROR	request_8: Failed to build request: Resource /recordedsimulation1/0008_request.json not found 	1609947268136
ERROR	request_8: Failed to build request: Resource /recordedsimulation1/0008_request.json not found 	1609947268136
REQUEST		request_7	1609947268111	1609947268152	OK	 
REQUEST		request_7	1609947268108	1609947268152	OK	 
REQUEST		request_7	1609947268113	1609947268153	OK	 
REQUEST		request_7	1609947268136	1609947268167	OK	 
REQUEST		request_7	1609947268136	1609947268170	OK	 
ERROR	request_9: Failed to build request: Resource /recordedsimulation1/0009_request.txt not found 	1609947271702
ERROR	request_9: Failed to build request: Resource /recordedsimulation1/0009_request.txt not found 	1609947271733
ERROR	request_9: Failed to build request: Resource /recordedsimulation1/0009_request.txt not found 	1609947271749
ERROR	request_9: Failed to build request: Resource /recordedsimulation1/0009_request.txt not found 	1609947272108
ERROR	request_9: Failed to build request: Resource /recordedsimulation1/0009_request.txt not found 	1609947272109
ERROR	request_9: Failed to build request: Resource /recordedsimulation1/0009_request.txt not found 	1609947272155
ERROR	request_9: Failed to build request: Resource /recordedsimulation1/0009_request.txt not found 	1609947272155
ERROR	request_9: Failed to build request: Resource /recordedsimulation1/0009_request.txt not found 	1609947272156
ERROR	request_9: Failed to build request: Resource /recordedsimulation1/0009_request.txt not found 	1609947272173
ERROR	request_9: Failed to build request: Resource /recordedsimulation1/0009_request.txt not found 	1609947272187
REQUEST		request_10	1609947272733	1609947272758	OK	 
ERROR	request_11: Failed to build request: Resource /recordedsimulation1/0011_request.json not found 	1609947272759
REQUEST		request_10	1609947272749	1609947272774	OK	 
ERROR	request_11: Failed to build request: Resource /recordedsimulation1/0011_request.json not found 	1609947272775
REQUEST		request_10	1609947272765	1609947272790	OK	 
ERROR	request_11: Failed to build request: Resource /recordedsimulation1/0011_request.json not found 	1609947272790
REQUEST		request_10	1609947273111	1609947273130	OK	 
ERROR	request_11: Failed to build request: Resource /recordedsimulation1/0011_request.json not found 	1609947273130
REQUEST		request_10	1609947273173	1609947273200	OK	 
ERROR	request_11: Failed to build request: Resource /recordedsimulation1/0011_request.json not found 	1609947273201
REQUEST		request_10	1609947273172	1609947273211	OK	 
ERROR	request_11: Failed to build request: Resource /recordedsimulation1/0011_request.json not found 	1609947273212
REQUEST		request_10	1609947273187	1609947273223	OK	 
ERROR	request_11: Failed to build request: Resource /recordedsimulation1/0011_request.json not found 	1609947273224
REQUEST		request_10	1609947273202	1609947273263	OK	 
ERROR	request_11: Failed to build request: Resource /recordedsimulation1/0011_request.json not found 	1609947273263
REQUEST		request_14	1609947272763	1609947273334	OK	 
REQUEST		request_14	1609947273216	1609947273346	OK	 
REQUEST		request_10	1609947273177	1609947273346	OK	 
ERROR	request_11: Failed to build request: Resource /recordedsimulation1/0011_request.json not found 	1609947273347
REQUEST		request_10	1609947273112	1609947273344	OK	 
ERROR	request_11: Failed to build request: Resource /recordedsimulation1/0011_request.json not found 	1609947273355
REQUEST		request_14	1609947273284	1609947273531	OK	 
REQUEST		request_14	1609947273285	1609947273534	OK	 
REQUEST		request_14	1609947273287	1609947273546	OK	 
REQUEST		request_14	1609947273299	1609947273589	OK	 
REQUEST		request_14	1609947273330	1609947273657	OK	 
REQUEST		request_14	1609947273333	1609947273662	OK	 
REQUEST		request_14	1609947273361	1609947273693	OK	 
REQUEST		request_15	1609947273234	1609947273964	KO	status.find.in(200,201,202,203,204,205,206,207,208,209,304), found 400
REQUEST		request_15	1609947273292	1609947273961	KO	status.find.in(200,201,202,203,204,205,206,207,208,209,304), found 400
REQUEST		request_15	1609947273310	1609947273967	KO	status.find.in(200,201,202,203,204,205,206,207,208,209,304), found 400
REQUEST		request_15	1609947273332	1609947273966	KO	status.find.in(200,201,202,203,204,205,206,207,208,209,304), found 400
REQUEST		request_15	1609947273335	1609947273973	KO	status.find.in(200,201,202,203,204,205,206,207,208,209,304), found 400
REQUEST		request_15	1609947273312	1609947273966	KO	status.find.in(200,201,202,203,204,205,206,207,208,209,304), found 400
REQUEST		request_15	1609947273333	1609947274014	KO	status.find.in(200,201,202,203,204,205,206,207,208,209,304), found 400
REQUEST		request_14	1609947273389	1609947274155	OK	 
REQUEST		request_15	1609947273325	1609947274181	KO	status.find.in(200,201,202,203,204,205,206,207,208,209,304), found 400
REQUEST		request_15	1609947273352	1609947274216	KO	status.find.in(200,201,202,203,204,205,206,207,208,209,304), found 400
REQUEST		request_27	1609947273328	1609947274195	OK	 
REQUEST		request_15	1609947273390	1609947274248	KO	status.find.in(200,201,202,203,204,205,206,207,208,209,304), found 400
REQUEST		request_13	1609947273319	1609947274258	OK	 
REQUEST		request_24	1609947273228	1609947274561	OK	 
REQUEST		request_25	1609947273228	1609947274570	OK	 
REQUEST		request_29	1609947273232	1609947274571	OK	 
REQUEST		request_20	1609947273233	1609947274572	OK	 
REQUEST		request_22	1609947273226	1609947274573	OK	 
REQUEST		request_26	1609947273298	1609947274627	OK	 
REQUEST		request_23	1609947273133	1609947274627	OK	 
REQUEST		request_16	1609947273235	1609947274631	OK	 
REQUEST		request_18	1609947273286	1609947274631	OK	 
REQUEST		request_19	1609947273134	1609947274635	OK	 
REQUEST		request_28	1609947273289	1609947274638	OK	 
REQUEST		request_25	1609947272795	1609947274644	OK	 
REQUEST		request_27	1609947273288	1609947274645	OK	 
REQUEST		request_21	1609947273283	1609947274645	OK	 
REQUEST		request_29	1609947273294	1609947274645	OK	 
REQUEST		request_13	1609947273237	1609947274648	OK	 
REQUEST		request_23	1609947272795	1609947274648	OK	 
REQUEST		request_20	1609947273285	1609947274649	OK	 
REQUEST		request_18	1609947272794	1609947274649	OK	 
REQUEST		request_16	1609947273293	1609947274653	OK	 
REQUEST		request_13	1609947273217	1609947274653	OK	 
REQUEST		request_26	1609947273231	1609947274653	OK	 
REQUEST		request_20	1609947272793	1609947274654	OK	 
REQUEST		request_18	1609947273229	1609947274654	OK	 
REQUEST		request_19	1609947272796	1609947274654	OK	 
REQUEST		request_12	1609947273326	1609947274703	OK	 
REQUEST		request_23	1609947273232	1609947274703	OK	 
REQUEST		request_19	1609947273227	1609947274709	OK	 
REQUEST		request_27	1609947273325	1609947274722	OK	 
REQUEST		request_22	1609947273303	1609947274726	OK	 
REQUEST		request_28	1609947273302	1609947274727	OK	 
REQUEST		request_25	1609947273287	1609947274733	OK	 
REQUEST		request_24	1609947273303	1609947274733	OK	 
REQUEST		request_26	1609947273286	1609947274733	OK	 
REQUEST		request_21	1609947273301	1609947274735	OK	 
REQUEST		request_25	1609947273302	1609947274753	OK	 
REQUEST		request_16	1609947273304	1609947274760	OK	 
REQUEST		request_21	1609947273303	1609947274762	OK	 
REQUEST		request_20	1609947273299	1609947274763	OK	 
REQUEST		request_28	1609947273345	1609947274763	OK	 
REQUEST		request_19	1609947273337	1609947274764	OK	 
REQUEST		request_24	1609947273346	1609947274771	OK	 
REQUEST		request_29	1609947273301	1609947274771	OK	 
REQUEST		request_22	1609947273343	1609947274772	OK	 
REQUEST		request_16	1609947273344	1609947274772	OK	 
REQUEST		request_13	1609947273294	1609947274911	OK	 
REQUEST		request_17	1609947273293	1609947275064	OK	 
REQUEST		request_12	1609947272800	1609947275080	OK	 
REQUEST		request_17	1609947273290	1609947275080	OK	 
REQUEST		request_17	1609947273329	1609947275092	OK	 
REQUEST		request_27	1609947273368	1609947275098	OK	 
REQUEST		request_13	1609947272795	1609947275119	OK	 
REQUEST		request_23	1609947273312	1609947275137	OK	 
REQUEST		request_24	1609947273307	1609947275137	OK	 
REQUEST		request_12	1609947273334	1609947275151	OK	 
REQUEST		request_28	1609947273313	1609947275152	OK	 
REQUEST		request_26	1609947273305	1609947275215	OK	 
REQUEST		request_17	1609947273135	1609947275215	OK	 
REQUEST		request_27	1609947273332	1609947275228	OK	 
REQUEST		request_12	1609947273289	1609947275231	OK	 
REQUEST		request_13	1609947273314	1609947275247	OK	 
REQUEST		request_12	1609947273385	1609947275247	OK	 
REQUEST		request_12	1609947273204	1609947275249	OK	 
REQUEST		request_12	1609947273333	1609947275250	OK	 
REQUEST		request_27	1609947273303	1609947275250	OK	 
REQUEST		request_27	1609947273288	1609947275251	OK	 
REQUEST		request_13	1609947273301	1609947275270	OK	 
REQUEST		request_12	1609947273384	1609947275316	OK	 
REQUEST		request_13	1609947273392	1609947275322	OK	 
REQUEST		request_13	1609947273365	1609947275322	OK	 
REQUEST		request_27	1609947273293	1609947275328	OK	 
REQUEST		request_12	1609947273309	1609947275330	OK	 
REQUEST		request_12	1609947273301	1609947275330	OK	 
REQUEST		request_27	1609947273335	1609947275332	OK	 
REQUEST		request_13	1609947273334	1609947275336	OK	 
REQUEST		request_27	1609947273389	1609947275337	OK	 
REQUEST		request_19	1609947273314	1609947275430	OK	 
REQUEST		request_22	1609947273313	1609947275431	OK	 
REQUEST		request_21	1609947273357	1609947275433	OK	 
REQUEST		request_23	1609947273367	1609947275436	OK	 
REQUEST		request_24	1609947273358	1609947275439	OK	 
REQUEST		request_26	1609947273365	1609947275439	OK	 
REQUEST		request_25	1609947273385	1609947275440	OK	 
REQUEST		request_20	1609947273384	1609947275445	OK	 
REQUEST		request_25	1609947273384	1609947275447	OK	 
REQUEST		request_28	1609947273359	1609947275449	OK	 
REQUEST		request_29	1609947273360	1609947275452	OK	 
REQUEST		request_21	1609947273391	1609947275454	OK	 
REQUEST		request_19	1609947273366	1609947275461	OK	 
REQUEST		request_17	1609947273324	1609947275463	OK	 
REQUEST		request_18	1609947273391	1609947275464	OK	 
REQUEST		request_23	1609947273391	1609947275466	OK	 
REQUEST		request_16	1609947273363	1609947275466	OK	 
REQUEST		request_20	1609947273383	1609947275470	OK	 
REQUEST		request_17	1609947273350	1609947275472	OK	 
REQUEST		request_17	1609947273392	1609947275476	OK	 
REQUEST		request_17	1609947273310	1609947275522	OK	 
REQUEST		request_17	1609947273267	1609947275548	OK	 
REQUEST		request_17	1609947272797	1609947275563	OK	 
REQUEST		request_28	1609947273313	1609947275708	OK	 
REQUEST		request_16	1609947273314	1609947275712	OK	 
REQUEST		request_19	1609947272764	1609947275716	OK	 
REQUEST		request_22	1609947273313	1609947275721	OK	 
REQUEST		request_29	1609947272794	1609947275721	OK	 
REQUEST		request_29	1609947273307	1609947275722	OK	 
REQUEST		request_24	1609947273310	1609947275722	OK	 
REQUEST		request_21	1609947273230	1609947275800	OK	 
REQUEST		request_21	1609947273321	1609947275828	OK	 
REQUEST		request_24	1609947272795	1609947275829	OK	 
REQUEST		request_23	1609947273324	1609947275840	OK	 
REQUEST		request_18	1609947272797	1609947275840	OK	 
REQUEST		request_28	1609947273318	1609947275841	OK	 
REQUEST		request_25	1609947272798	1609947275844	OK	 
REQUEST		request_26	1609947273320	1609947275845	OK	 
REQUEST		request_16	1609947273322	1609947275848	OK	 
REQUEST		request_24	1609947273215	1609947275898	OK	 
REQUEST		request_20	1609947273325	1609947275901	OK	 
REQUEST		request_22	1609947273324	1609947275903	OK	 
REQUEST		request_21	1609947273266	1609947275903	OK	 
REQUEST		request_18	1609947273315	1609947275973	OK	 
REQUEST		request_18	1609947273324	1609947275973	OK	 
REQUEST		request_26	1609947273314	1609947275983	OK	 
REQUEST		request_24	1609947273353	1609947275988	OK	 
REQUEST		request_25	1609947273325	1609947275993	OK	 
REQUEST		request_20	1609947273325	1609947276429	OK	 
REQUEST		request_25	1609947273344	1609947276429	OK	 
REQUEST		request_28	1609947273366	1609947276429	OK	 
REQUEST		request_21	1609947273333	1609947276430	OK	 
REQUEST		request_29	1609947273367	1609947276430	OK	 
REQUEST		request_19	1609947273334	1609947276430	OK	 
REQUEST		request_23	1609947273337	1609947276431	OK	 
REQUEST		request_26	1609947273365	1609947276431	OK	 
REQUEST		request_29	1609947272778	1609947276432	OK	 
REQUEST		request_23	1609947273346	1609947276432	OK	 
REQUEST		request_19	1609947273367	1609947276435	OK	 
REQUEST		request_18	1609947273353	1609947276437	OK	 
REQUEST		request_16	1609947273354	1609947276438	OK	 
REQUEST		request_24	1609947273366	1609947276440	OK	 
REQUEST		request_22	1609947273357	1609947276440	OK	 
REQUEST		request_22	1609947273359	1609947276441	OK	 
REQUEST		request_18	1609947273324	1609947276474	OK	 
REQUEST		request_22	1609947273333	1609947276477	OK	 
REQUEST		request_22	1609947273314	1609947276477	OK	 
REQUEST		request_16	1609947272794	1609947276480	OK	 
REQUEST		request_28	1609947273336	1609947276481	OK	 
REQUEST		request_25	1609947273334	1609947276481	OK	 
REQUEST		request_18	1609947273334	1609947276482	OK	 
REQUEST		request_20	1609947273283	1609947276486	OK	 
REQUEST		request_29	1609947273331	1609947276486	OK	 
REQUEST		request_16	1609947273328	1609947276487	OK	 
REQUEST		request_19	1609947273289	1609947276487	OK	 
REQUEST		request_20	1609947273324	1609947276488	OK	 
REQUEST		request_21	1609947273332	1609947276489	OK	 
REQUEST		request_28	1609947273325	1609947276496	OK	 
REQUEST		request_26	1609947273331	1609947276497	OK	 
REQUEST		request_29	1609947273330	1609947276500	OK	 
REQUEST		request_26	1609947273283	1609947276500	OK	 
REQUEST		request_23	1609947273290	1609947276501	OK	 
REQUEST		request_30	1609947276525	1609947276716	OK	 
REQUEST		request_30	1609947276571	1609947276784	OK	 
REQUEST		request_30	1609947276805	1609947277010	OK	 
REQUEST		request_30	1609947276917	1609947277105	OK	 
REQUEST		request_30	1609947276980	1609947277200	OK	 
REQUEST		request_30	1609947277452	1609947277641	OK	 
REQUEST		request_30	1609947277452	1609947277651	OK	 
REQUEST		request_30	1609947277496	1609947277690	OK	 
REQUEST		request_30	1609947277511	1609947277742	OK	 
REQUEST		request_30	1609947277511	1609947277752	OK	 
REQUEST		request_31	1609947277733	1609947277967	OK	 
ERROR	request_38: Failed to build request: Resource /recordedsimulation1/0038_request.json not found 	1609947277974
REQUEST		request_31	1609947277793	1609947277989	OK	 
ERROR	request_38: Failed to build request: Resource /recordedsimulation1/0038_request.json not found 	1609947277991
REQUEST		request_34	1609947278047	1609947278075	OK	 
REQUEST		request_34	1609947278050	1609947278078	OK	 
REQUEST		request_37	1609947277991	1609947278215	OK	 
REQUEST		request_35	1609947277975	1609947278221	OK	 
REQUEST		request_31	1609947278011	1609947278224	OK	 
ERROR	request_38: Failed to build request: Resource /recordedsimulation1/0038_request.json not found 	1609947278225
REQUEST		request_36	1609947278046	1609947278254	OK	 
REQUEST		request_36	1609947278046	1609947278254	OK	 
REQUEST		request_35	1609947278049	1609947278256	OK	 
REQUEST		request_37	1609947278047	1609947278256	OK	 
REQUEST		request_32	1609947278050	1609947278256	OK	 
REQUEST		request_32	1609947278051	1609947278260	OK	 
REQUEST		request_34	1609947278230	1609947278282	OK	 
REQUEST		request_31	1609947278121	1609947278318	OK	 
ERROR	request_38: Failed to build request: Resource /recordedsimulation1/0038_request.json not found 	1609947278319
REQUEST		request_34	1609947278321	1609947278353	OK	 
REQUEST		request_31	1609947278212	1609947278405	OK	 
ERROR	request_38: Failed to build request: Resource /recordedsimulation1/0038_request.json not found 	1609947278406
REQUEST		request_33	1609947278014	1609947278415	KO	status.find.in(200,201,202,203,204,205,206,207,208,209,304), found 400
REQUEST		request_36	1609947278226	1609947278439	OK	 
REQUEST		request_32	1609947278228	1609947278440	OK	 
REQUEST		request_37	1609947278227	1609947278440	OK	 
REQUEST		request_35	1609947278229	1609947278443	OK	 
REQUEST		request_34	1609947278406	1609947278444	OK	 
REQUEST		request_32	1609947278319	1609947278512	OK	 
REQUEST		request_36	1609947278322	1609947278517	OK	 
REQUEST		request_37	1609947278320	1609947278519	OK	 
REQUEST		request_35	1609947278322	1609947278519	OK	 
REQUEST		request_33	1609947277992	1609947278526	KO	status.find.in(200,201,202,203,204,205,206,207,208,209,304), found 400
REQUEST		request_36	1609947278407	1609947278607	OK	 
REQUEST		request_37	1609947278407	1609947278608	OK	 
REQUEST		request_32	1609947278408	1609947278609	OK	 
REQUEST		request_35	1609947278408	1609947278610	OK	 
REQUEST		request_33	1609947278227	1609947278670	KO	status.find.in(200,201,202,203,204,205,206,207,208,209,304), found 400
REQUEST		request_33	1609947278320	1609947278738	KO	status.find.in(200,201,202,203,204,205,206,207,208,209,304), found 400
REQUEST		request_33	1609947278408	1609947278764	KO	status.find.in(200,201,202,203,204,205,206,207,208,209,304), found 400
REQUEST		request_31	1609947278649	1609947278842	OK	 
ERROR	request_38: Failed to build request: Resource /recordedsimulation1/0038_request.json not found 	1609947278843
REQUEST		request_31	1609947278664	1609947278865	OK	 
ERROR	request_38: Failed to build request: Resource /recordedsimulation1/0038_request.json not found 	1609947278866
REQUEST		request_34	1609947278845	1609947278879	OK	 
REQUEST		request_34	1609947278874	1609947278930	OK	 
REQUEST		request_31	1609947278695	1609947278930	OK	 
ERROR	request_38: Failed to build request: Resource /recordedsimulation1/0038_request.json not found 	1609947278932
REQUEST		request_31	1609947278758	1609947278958	OK	 
REQUEST		request_31	1609947278743	1609947278958	OK	 
ERROR	request_38: Failed to build request: Resource /recordedsimulation1/0038_request.json not found 	1609947278959
ERROR	request_38: Failed to build request: Resource /recordedsimulation1/0038_request.json not found 	1609947278960
REQUEST		request_34	1609947278937	1609947279004	OK	 
REQUEST		request_34	1609947278961	1609947279008	OK	 
REQUEST		request_34	1609947278962	1609947279009	OK	 
REQUEST		request_35	1609947278845	1609947279036	OK	 
REQUEST		request_37	1609947278844	1609947279045	OK	 
REQUEST		request_36	1609947278846	1609947279046	OK	 
REQUEST		request_32	1609947278846	1609947279048	OK	 
REQUEST		request_32	1609947278867	1609947279064	OK	 
REQUEST		request_37	1609947278868	1609947279072	OK	 
REQUEST		request_36	1609947278869	1609947279074	OK	 
REQUEST		request_35	1609947278867	1609947279075	OK	 
REQUEST		request_37	1609947278933	1609947279164	OK	 
REQUEST		request_37	1609947278960	1609947279171	OK	 
REQUEST		request_36	1609947278937	1609947279171	OK	 
REQUEST		request_35	1609947278960	1609947279171	OK	 
REQUEST		request_32	1609947278935	1609947279172	OK	 
REQUEST		request_35	1609947278932	1609947279173	OK	 
REQUEST		request_37	1609947278961	1609947279173	OK	 
REQUEST		request_32	1609947278963	1609947279178	OK	 
REQUEST		request_35	1609947278962	1609947279178	OK	 
REQUEST		request_36	1609947278962	1609947279179	OK	 
REQUEST		request_36	1609947278963	1609947279180	OK	 
REQUEST		request_32	1609947278963	1609947279180	OK	 
REQUEST		request_33	1609947278844	1609947279320	KO	status.find.in(200,201,202,203,204,205,206,207,208,209,304), found 400
REQUEST		request_33	1609947278962	1609947279373	KO	status.find.in(200,201,202,203,204,205,206,207,208,209,304), found 400
REQUEST		request_33	1609947278873	1609947279440	KO	status.find.in(200,201,202,203,204,205,206,207,208,209,304), found 400
REQUEST		request_33	1609947278936	1609947279474	KO	status.find.in(200,201,202,203,204,205,206,207,208,209,304), found 400
REQUEST		request_33	1609947278961	1609947279599	KO	status.find.in(200,201,202,203,204,205,206,207,208,209,304), found 400
ERROR	request_39: Failed to build request: Resource /recordedsimulation1/0039_request.txt not found 	1609947281423
USER	RecordedSimulation1	END	1609947281446
ERROR	request_39: Failed to build request: Resource /recordedsimulation1/0039_request.txt not found 	1609947281532
USER	RecordedSimulation1	END	1609947281545
ERROR	request_39: Failed to build request: Resource /recordedsimulation1/0039_request.txt not found 	1609947281687
USER	RecordedSimulation1	END	1609947281699
ERROR	request_39: Failed to build request: Resource /recordedsimulation1/0039_request.txt not found 	1609947281751
USER	RecordedSimulation1	END	1609947281764
ERROR	request_39: Failed to build request: Resource /recordedsimulation1/0039_request.txt not found 	1609947281768
USER	RecordedSimulation1	END	1609947281782
ERROR	request_39: Failed to build request: Resource /recordedsimulation1/0039_request.txt not found 	1609947282334
USER	RecordedSimulation1	END	1609947282354
ERROR	request_39: Failed to build request: Resource /recordedsimulation1/0039_request.txt not found 	1609947282382
USER	RecordedSimulation1	END	1609947282435
ERROR	request_39: Failed to build request: Resource /recordedsimulation1/0039_request.txt not found 	1609947282445
USER	RecordedSimulation1	END	1609947282458
ERROR	request_39: Failed to build request: Resource /recordedsimulation1/0039_request.txt not found 	1609947282490
USER	RecordedSimulation1	END	1609947282499
ERROR	request_39: Failed to build request: Resource /recordedsimulation1/0039_request.txt not found 	1609947282614
USER	RecordedSimulation1	END	1609947282722
