RUN	GeneralAdmission1	generaladmission1	1612344299504	 	3.5.0
USER	GeneralAdmission1	START	1612344301261
REQUEST		GetToken	1612344301300	1612344301964	OK	 
REQUEST		GetToken Redirect 1	1612344301988	1612344304789	OK	 
REQUEST		request_1	1612344304899	1612344305696	OK	 
REQUEST		AddToCart	1612344310742	1612344310887	OK	 
REQUEST		AddToCart Redirect 1	1612344310895	1612344311560	OK	 
REQUEST		CreateGeneral	1612344312570	1612344312584	OK	 
REQUEST		CreateGeneral Redirect 1	1612344312595	1612344319748	OK	 
REQUEST		BookingDetails	1612344323765	1612344323790	OK	 
REQUEST		BookingDetails Redirect 1	1612344323794	1612344324009	OK	 
REQUEST		StripeElement	1612344324014	1612344324922	OK	 
REQUEST		ui-shared-1a3494666c8cbd375492e006f2e840cd.css	1612344325025	1612344325837	OK	 
REQUEST		shared-8b0cf640a52a1422947f168069c49b9d.js	1612344325028	1612344326039	OK	 
REQUEST		elements-inner-card-77d7d4c2ce976deb5d1dc2ff2a238146.js	1612344325016	1612344326258	OK	 
REQUEST		ui-shared-121e554d3a08b818808584dff61fc32c.js	1612344324999	1612344326719	OK	 
REQUEST		CreatePaymentIntent	1612344329807	1612344329833	OK	 
REQUEST		CreatePaymentIntent Redirect 1	1612344329849	1612344330619	OK	 
REQUEST		StripeController	1612344343694	1612344344370	OK	 
REQUEST		controller-6d15abacacad5eabb07034f26400b450.js	1612344344399	1612344345237	OK	 
REQUEST		StripeCountryRanges	1612344347259	1612344348653	OK	 
REQUEST		PrivateStripe	1612344354708	1612344355178	OK	 
REQUEST		Elements1	1612344355186	1612344355973	OK	 
REQUEST		Elements2	1612344355980	1612344356177	OK	 
REQUEST		Elements3	1612344356180	1612344356368	OK	 
REQUEST		Elements4	1612344356376	1612344356566	OK	 
REQUEST		Elements5	1612344356571	1612344356762	OK	 
REQUEST		Elements6	1612344356766	1612344356957	OK	 
REQUEST		Elements6	1612344356960	1612344357149	OK	 
REQUEST		Elements7	1612344357157	1612344357344	OK	 
REQUEST		Elements8	1612344357351	1612344357542	OK	 
REQUEST		Elements9	1612344357546	1612344357734	OK	 
REQUEST		Elements10	1612344357740	1612344358398	OK	 
REQUEST		Elements11	1612344358404	1612344358593	OK	 
REQUEST		Elements12	1612344359613	1612344359804	OK	 
REQUEST		Elements13	1612344361821	1612344362018	OK	 
REQUEST		Elements14	1612344364033	1612344364227	OK	 
REQUEST		Elements15	1612344364244	1612344364437	OK	 
REQUEST		Elements16	1612344365456	1612344365654	OK	 
REQUEST		AddCardDetails	1612344366679	1612344367043	KO	status.find.in(200,201,202,203,204,205,206,207,208,209,304), found 400
USER	GeneralAdmission1	END	1612344367057
