RUN	GeneralAdmission1	generaladmission1	1612433403142	 	3.5.0
USER	GeneralAdmission1	START	1612433404830
USER	GeneralAdmission1	START	1612433404824
USER	GeneralAdmission1	START	1612433404818
USER	GeneralAdmission1	START	1612433404831
USER	GeneralAdmission1	START	1612433404822
USER	GeneralAdmission1	START	1612433404830
USER	GeneralAdmission1	START	1612433404818
USER	GeneralAdmission1	START	1612433404829
USER	GeneralAdmission1	START	1612433405009
USER	GeneralAdmission1	START	1612433405005
USER	GeneralAdmission1	START	1612433405005
USER	GeneralAdmission1	START	1612433405005
USER	GeneralAdmission1	START	1612433405005
USER	GeneralAdmission1	START	1612433405009
USER	GeneralAdmission1	START	1612433405012
USER	GeneralAdmission1	START	1612433405012
USER	GeneralAdmission1	START	1612433405015
USER	GeneralAdmission1	START	1612433405023
USER	GeneralAdmission1	START	1612433405019
USER	GeneralAdmission1	START	1612433405016
USER	GeneralAdmission1	START	1612433405026
USER	GeneralAdmission1	START	1612433405025
USER	GeneralAdmission1	START	1612433405027
USER	GeneralAdmission1	START	1612433405030
USER	GeneralAdmission1	START	1612433405038
USER	GeneralAdmission1	START	1612433405040
USER	GeneralAdmission1	START	1612433405031
USER	GeneralAdmission1	START	1612433405034
USER	GeneralAdmission1	START	1612433405049
USER	GeneralAdmission1	START	1612433405042
USER	GeneralAdmission1	START	1612433405041
USER	GeneralAdmission1	START	1612433405048
USER	GeneralAdmission1	START	1612433405044
USER	GeneralAdmission1	START	1612433405053
USER	GeneralAdmission1	START	1612433405046
USER	GeneralAdmission1	START	1612433405061
USER	GeneralAdmission1	START	1612433405057
USER	GeneralAdmission1	START	1612433405061
USER	GeneralAdmission1	START	1612433405068
USER	GeneralAdmission1	START	1612433405063
USER	GeneralAdmission1	START	1612433405074
USER	GeneralAdmission1	START	1612433405074
USER	GeneralAdmission1	START	1612433405072
USER	GeneralAdmission1	START	1612433405078
USER	GeneralAdmission1	START	1612433405075
USER	GeneralAdmission1	START	1612433405080
USER	GeneralAdmission1	START	1612433405080
USER	GeneralAdmission1	START	1612433405078
USER	GeneralAdmission1	START	1612433405086
USER	GeneralAdmission1	START	1612433405100
USER	GeneralAdmission1	START	1612433405101
USER	GeneralAdmission1	START	1612433405086
USER	GeneralAdmission1	START	1612433405090
USER	GeneralAdmission1	START	1612433405093
USER	GeneralAdmission1	START	1612433405109
USER	GeneralAdmission1	START	1612433405095
USER	GeneralAdmission1	START	1612433405094
USER	GeneralAdmission1	START	1612433405097
USER	GeneralAdmission1	START	1612433405109
USER	GeneralAdmission1	START	1612433405104
USER	GeneralAdmission1	START	1612433405134
USER	GeneralAdmission1	START	1612433405134
USER	GeneralAdmission1	START	1612433405119
USER	GeneralAdmission1	START	1612433405111
USER	GeneralAdmission1	START	1612433405119
USER	GeneralAdmission1	START	1612433405144
USER	GeneralAdmission1	START	1612433405150
USER	GeneralAdmission1	START	1612433405148
USER	GeneralAdmission1	START	1612433405177
USER	GeneralAdmission1	START	1612433405176
USER	GeneralAdmission1	START	1612433405174
USER	GeneralAdmission1	START	1612433405174
USER	GeneralAdmission1	START	1612433405179
USER	GeneralAdmission1	START	1612433405171
USER	GeneralAdmission1	START	1612433405175
USER	GeneralAdmission1	START	1612433405180
USER	GeneralAdmission1	START	1612433405182
USER	GeneralAdmission1	START	1612433405193
USER	GeneralAdmission1	START	1612433405195
USER	GeneralAdmission1	START	1612433405197
USER	GeneralAdmission1	START	1612433405184
USER	GeneralAdmission1	START	1612433405201
USER	GeneralAdmission1	START	1612433405200
USER	GeneralAdmission1	START	1612433405203
USER	GeneralAdmission1	START	1612433405216
USER	GeneralAdmission1	START	1612433405211
USER	GeneralAdmission1	START	1612433405219
USER	GeneralAdmission1	START	1612433405224
USER	GeneralAdmission1	START	1612433405218
USER	GeneralAdmission1	START	1612433405214
USER	GeneralAdmission1	START	1612433405228
USER	GeneralAdmission1	START	1612433405229
USER	GeneralAdmission1	START	1612433405245
USER	GeneralAdmission1	START	1612433405235
USER	GeneralAdmission1	START	1612433405244
USER	GeneralAdmission1	START	1612433405236
USER	GeneralAdmission1	START	1612433405250
USER	GeneralAdmission1	START	1612433405260
USER	GeneralAdmission1	START	1612433405270
USER	GeneralAdmission1	START	1612433405276
REQUEST		GetToken	1612433404878	1612433407787	OK	 
REQUEST		GetToken	1612433405068	1612433407797	OK	 
REQUEST		GetToken	1612433405013	1612433407813	OK	 
REQUEST		GetToken	1612433405201	1612433407743	OK	 
REQUEST		GetToken	1612433405039	1612433407741	OK	 
REQUEST		GetToken	1612433404877	1612433407899	OK	 
REQUEST		GetToken	1612433405014	1612433407911	OK	 
REQUEST		GetToken	1612433405011	1612433407915	OK	 
REQUEST		GetToken	1612433404878	1612433407918	OK	 
REQUEST		GetToken	1612433404878	1612433407920	OK	 
REQUEST		GetToken	1612433404878	1612433407926	OK	 
REQUEST		GetToken	1612433405031	1612433407936	OK	 
REQUEST		GetToken	1612433405018	1612433407937	OK	 
REQUEST		GetToken	1612433405011	1612433407951	OK	 
REQUEST		GetToken	1612433405028	1612433407955	OK	 
REQUEST		GetToken	1612433405024	1612433407954	OK	 
REQUEST		GetToken	1612433405056	1612433407968	OK	 
REQUEST		GetToken	1612433405052	1612433407965	OK	 
REQUEST		GetToken	1612433405028	1612433407978	OK	 
REQUEST		GetToken	1612433405045	1612433407983	OK	 
REQUEST		GetToken	1612433405058	1612433407988	OK	 
REQUEST		GetToken	1612433405089	1612433407997	OK	 
REQUEST		GetToken	1612433405064	1612433408002	OK	 
REQUEST		GetToken	1612433405075	1612433408013	OK	 
REQUEST		GetToken	1612433405102	1612433408015	OK	 
REQUEST		GetToken	1612433405082	1612433408016	OK	 
REQUEST		GetToken	1612433405092	1612433408030	OK	 
REQUEST		GetToken	1612433405114	1612433408032	OK	 
REQUEST		GetToken	1612433405108	1612433408033	OK	 
REQUEST		GetToken	1612433405028	1612433408041	OK	 
REQUEST		GetToken	1612433405169	1612433408049	OK	 
REQUEST		GetToken	1612433405102	1612433408050	OK	 
REQUEST		GetToken	1612433405155	1612433408051	OK	 
REQUEST		GetToken	1612433405047	1612433408062	OK	 
REQUEST		GetToken	1612433405032	1612433408073	OK	 
REQUEST		GetToken	1612433405116	1612433408076	OK	 
REQUEST		GetToken	1612433405190	1612433408076	OK	 
REQUEST		GetToken	1612433404878	1612433408078	OK	 
REQUEST		GetToken	1612433405181	1612433408091	OK	 
REQUEST		GetToken	1612433405152	1612433408096	OK	 
REQUEST		GetToken	1612433405168	1612433408104	OK	 
REQUEST		GetToken	1612433404878	1612433408107	OK	 
REQUEST		GetToken	1612433405012	1612433408110	OK	 
REQUEST		GetToken	1612433405088	1612433408123	OK	 
REQUEST		GetToken	1612433405177	1612433408125	OK	 
REQUEST		GetToken	1612433405208	1612433408129	OK	 
REQUEST		GetToken	1612433405010	1612433408142	OK	 
REQUEST		GetToken	1612433405266	1612433408144	OK	 
REQUEST		GetToken	1612433405231	1612433408145	OK	 
REQUEST		GetToken	1612433405219	1612433408152	OK	 
REQUEST		GetToken	1612433405136	1612433408168	OK	 
REQUEST		GetToken	1612433405031	1612433408166	OK	 
REQUEST		GetToken	1612433405092	1612433408172	OK	 
REQUEST		GetToken	1612433405210	1612433408168	OK	 
REQUEST		GetToken	1612433405252	1612433408171	OK	 
REQUEST		GetToken	1612433405111	1612433408188	OK	 
REQUEST		GetToken	1612433405179	1612433408190	OK	 
REQUEST		GetToken	1612433405116	1612433408195	OK	 
REQUEST		GetToken	1612433405198	1612433408268	OK	 
REQUEST		GetToken	1612433405226	1612433408374	OK	 
REQUEST		GetToken	1612433405232	1612433408476	OK	 
REQUEST		GetToken	1612433405090	1612433408780	OK	 
REQUEST		GetToken	1612433405204	1612433408871	OK	 
REQUEST		GetToken	1612433405048	1612433408883	OK	 
REQUEST		GetToken	1612433404878	1612433408885	OK	 
REQUEST		GetToken	1612433405232	1612433408897	OK	 
REQUEST		GetToken	1612433405024	1612433408899	OK	 
REQUEST		GetToken	1612433405058	1612433408911	OK	 
REQUEST		GetToken	1612433405246	1612433408912	OK	 
REQUEST		GetToken	1612433405070	1612433408911	OK	 
REQUEST		GetToken	1612433405063	1612433408915	OK	 
REQUEST		GetToken	1612433405157	1612433408929	OK	 
REQUEST		GetToken	1612433405091	1612433408932	OK	 
REQUEST		GetToken	1612433405094	1612433408934	OK	 
REQUEST		GetToken	1612433405167	1612433408945	OK	 
REQUEST		GetToken	1612433405265	1612433408947	OK	 
REQUEST		GetToken	1612433405112	1612433408958	OK	 
REQUEST		GetToken	1612433405043	1612433408960	OK	 
REQUEST		GetToken	1612433405257	1612433408987	OK	 
REQUEST		GetToken	1612433405256	1612433408989	OK	 
REQUEST		GetToken	1612433405063	1612433408995	OK	 
REQUEST		GetToken	1612433405084	1612433409004	OK	 
REQUEST		GetToken	1612433405073	1612433409011	OK	 
REQUEST		GetToken	1612433405145	1612433409019	OK	 
REQUEST		GetToken	1612433405183	1612433409023	OK	 
REQUEST		GetToken	1612433405059	1612433409024	OK	 
REQUEST		GetToken	1612433405212	1612433409028	OK	 
REQUEST		GetToken	1612433405076	1612433409037	OK	 
REQUEST		GetToken	1612433405207	1612433409041	OK	 
REQUEST		GetToken	1612433405193	1612433409047	OK	 
REQUEST		GetToken	1612433405045	1612433409054	OK	 
REQUEST		GetToken	1612433405230	1612433409055	OK	 
REQUEST		GetToken	1612433405241	1612433409066	OK	 
REQUEST		GetToken	1612433405183	1612433409066	OK	 
REQUEST		GetToken	1612433405273	1612433409067	OK	 
REQUEST		GetToken	1612433405277	1612433409075	OK	 
REQUEST		GetToken	1612433405236	1612433409079	OK	 
REQUEST		GetToken	1612433405182	1612433409085	OK	 
REQUEST		GetToken	1612433405110	1612433409086	OK	 
REQUEST		GetToken	1612433405210	1612433409092	OK	 
REQUEST		AddToCart	1612433412914	1612433413092	OK	 
REQUEST		AddToCart	1612433412913	1612433413093	OK	 
REQUEST		AddToCart	1612433412918	1612433413132	OK	 
REQUEST		AddToCart	1612433412936	1612433413139	OK	 
REQUEST		AddToCart	1612433412920	1612433413139	OK	 
REQUEST		AddToCart	1612433412920	1612433413144	OK	 
REQUEST		AddToCart	1612433412936	1612433413156	OK	 
REQUEST		AddToCart	1612433412936	1612433413232	OK	 
REQUEST		AddToCart	1612433412966	1612433413279	OK	 
REQUEST		AddToCart	1612433412951	1612433413279	OK	 
REQUEST		AddToCart	1612433412952	1612433413279	OK	 
REQUEST		AddToCart	1612433412982	1612433413285	OK	 
REQUEST		AddToCart	1612433412966	1612433413286	OK	 
REQUEST		AddToCart	1612433412982	1612433413293	OK	 
REQUEST		AddToCart	1612433412951	1612433413294	OK	 
REQUEST		AddToCart	1612433412999	1612433413303	OK	 
REQUEST		AddToCart	1612433412999	1612433413309	OK	 
REQUEST		AddToCart	1612433413000	1612433413309	OK	 
REQUEST		AddToCart	1612433412999	1612433413308	OK	 
REQUEST		AddToCart	1612433412999	1612433413309	OK	 
REQUEST		AddToCart	1612433413002	1612433413316	OK	 
REQUEST		AddToCart	1612433413027	1612433413443	OK	 
REQUEST		AddToCart	1612433413028	1612433414044	OK	 
REQUEST		AddToCart	1612433413060	1612433414047	OK	 
REQUEST		AddToCart	1612433413032	1612433414050	OK	 
REQUEST		AddToCart	1612433413060	1612433414066	OK	 
REQUEST		AddToCart	1612433413031	1612433414075	OK	 
REQUEST		AddToCart	1612433413044	1612433414075	OK	 
REQUEST		AddToCart	1612433413048	1612433414080	OK	 
REQUEST		AddToCart	1612433413076	1612433414099	OK	 
REQUEST		AddToCart	1612433413099	1612433414108	OK	 
REQUEST		AddToCart	1612433413108	1612433414124	OK	 
REQUEST		AddToCart	1612433413108	1612433414127	OK	 
REQUEST		AddToCart	1612433413124	1612433414127	OK	 
REQUEST		AddToCart	1612433413108	1612433414127	OK	 
REQUEST		AddToCart	1612433413124	1612433414128	OK	 
REQUEST		AddToCart	1612433413149	1612433414142	OK	 
REQUEST		AddToCart	1612433413108	1612433414142	OK	 
REQUEST		AddToCart	1612433413124	1612433414142	OK	 
REQUEST		AddToCart	1612433413139	1612433414142	OK	 
REQUEST		AddToCart	1612433413169	1612433414153	OK	 
REQUEST		AddToCart	1612433413154	1612433414152	OK	 
REQUEST		AddToCart	1612433413154	1612433414199	OK	 
REQUEST		AddToCart	1612433413139	1612433414200	OK	 
REQUEST		AddToCart	1612433413169	1612433414200	OK	 
REQUEST		AddToCart	1612433413201	1612433414200	OK	 
REQUEST		AddToCart	1612433413169	1612433414207	OK	 
REQUEST		AddToCart	1612433413184	1612433414212	OK	 
REQUEST		AddToCart	1612433413061	1612433414758	OK	 
REQUEST		AddToCart	1612433413918	1612433414854	OK	 
REQUEST		AddToCart	1612433413791	1612433414956	OK	 
REQUEST		AddToCart	1612433413934	1612433415056	OK	 
REQUEST		AddToCart	1612433413204	1612433415163	OK	 
REQUEST		AddToCart	1612433413965	1612433415266	OK	 
REQUEST		AddToCart	1612433413076	1612433415369	OK	 
REQUEST		AddToCart	1612433413064	1612433415590	OK	 
REQUEST		AddToCart	1612433413901	1612433415676	OK	 
REQUEST		AddToCart	1612433413933	1612433415676	OK	 
REQUEST		AddToCart	1612433414011	1612433415677	OK	 
REQUEST		AddToCart	1612433414058	1612433415685	OK	 
REQUEST		AddToCart	1612433413885	1612433415685	OK	 
REQUEST		AddToCart	1612433413950	1612433415685	OK	 
REQUEST		AddToCart	1612433414058	1612433415696	OK	 
REQUEST		AddToCart	1612433414011	1612433415695	OK	 
REQUEST		AddToCart	1612433414014	1612433415698	OK	 
REQUEST		AddToCart	1612433413950	1612433415697	OK	 
REQUEST		AddToCart	1612433414104	1612433415700	OK	 
REQUEST		AddToCart	1612433413201	1612433415708	OK	 
REQUEST		AddToCart	1612433414065	1612433415713	OK	 
REQUEST		AddToCart	1612433413201	1612433415727	OK	 
REQUEST		AddToCart	1612433414066	1612433415713	OK	 
REQUEST		AddToCart	1612433413217	1612433415734	OK	 
REQUEST		AddToCart	1612433413967	1612433415731	OK	 
REQUEST		AddToCart	1612433413201	1612433415735	OK	 
REQUEST		AddToCart	1612433413934	1612433415734	OK	 
REQUEST		AddToCart	1612433414058	1612433415739	OK	 
REQUEST		AddToCart	1612433414084	1612433415742	OK	 
REQUEST		AddToCart	1612433413493	1612433415742	OK	 
REQUEST		AddToCart	1612433413184	1612433415744	OK	 
REQUEST		AddToCart	1612433413994	1612433415749	OK	 
REQUEST		AddToCart	1612433413901	1612433415754	OK	 
REQUEST		AddToCart	1612433414089	1612433415757	OK	 
REQUEST		AddToCart	1612433413205	1612433415758	OK	 
REQUEST		AddToCart	1612433413918	1612433415760	OK	 
REQUEST		AddToCart	1612433414104	1612433415764	OK	 
REQUEST		AddToCart	1612433413275	1612433415764	OK	 
REQUEST		AddToCart	1612433413967	1612433415769	OK	 
REQUEST		AddToCart	1612433414090	1612433415772	OK	 
REQUEST		AddToCart	1612433413386	1612433415775	OK	 
REQUEST		AddToCart	1612433414028	1612433415775	OK	 
REQUEST		AddToCart	1612433414092	1612433415779	OK	 
REQUEST		AddToCart	1612433413950	1612433415785	OK	 
REQUEST		AddToCart	1612433414031	1612433415788	OK	 
REQUEST		AddToCart	1612433414044	1612433415791	OK	 
REQUEST		AddToCart	1612433414058	1612433415793	OK	 
REQUEST		AddToCart	1612433414066	1612433415796	OK	 
REQUEST		AddToCart	1612433413965	1612433415802	OK	 
REQUEST		AddToCart	1612433414089	1612433415804	OK	 
REQUEST		AddToCart	1612433414090	1612433415807	OK	 
REQUEST		AddToCart2	1612433416111	1612433416273	OK	 
REQUEST		AddToCart2	1612433416111	1612433416273	OK	 
REQUEST		AddToCart	1612433413933	1612433416306	OK	 
REQUEST		AddToCart2	1612433416142	1612433416306	OK	 
REQUEST		AddToCart2	1612433416159	1612433416334	OK	 
REQUEST		AddToCart2	1612433416159	1612433416338	OK	 
REQUEST		AddToCart2	1612433416161	1612433416353	OK	 
REQUEST		AddToCart2	1612433416160	1612433416366	OK	 
REQUEST		AddToCart2	1612433416250	1612433416440	OK	 
REQUEST		AddToCart2	1612433416297	1612433416451	OK	 
REQUEST		AddToCart2	1612433416298	1612433416513	OK	 
REQUEST		AddToCart2	1612433416300	1612433416539	OK	 
REQUEST		AddToCart2	1612433416298	1612433416540	OK	 
REQUEST		AddToCart2	1612433416302	1612433416540	OK	 
REQUEST		AddToCart2	1612433416301	1612433416540	OK	 
REQUEST		AddToCart2	1612433416311	1612433416549	OK	 
REQUEST		AddToCart2	1612433416303	1612433416553	OK	 
REQUEST		AddToCart2	1612433416329	1612433416577	OK	 
REQUEST		AddToCart2	1612433416334	1612433417250	OK	 
REQUEST		AddToCart2	1612433416328	1612433417250	OK	 
REQUEST		AddToCart2	1612433416329	1612433417251	OK	 
REQUEST		AddToCart2	1612433416329	1612433417256	OK	 
REQUEST		AddToCart2	1612433416456	1612433417346	OK	 
REQUEST		AddToCart2	1612433417059	1612433417565	OK	 
REQUEST		AddToCart2	1612433417091	1612433417670	OK	 
REQUEST		AddToCart2	1612433417076	1612433417670	OK	 
REQUEST		AddToCart2	1612433417061	1612433417670	OK	 
REQUEST		AddToCart2	1612433417091	1612433417672	OK	 
REQUEST		AddToCart2	1612433417122	1612433417677	OK	 
REQUEST		AddToCart2	1612433417138	1612433417677	OK	 
REQUEST		AddToCart2	1612433417121	1612433417677	OK	 
REQUEST		AddToCart2	1612433417093	1612433417678	OK	 
REQUEST		AddToCart2	1612433417153	1612433417721	OK	 
REQUEST		AddToCart2	1612433417173	1612433417721	OK	 
REQUEST		AddToCart2	1612433417154	1612433417721	OK	 
REQUEST		AddToCart2	1612433417153	1612433417722	OK	 
REQUEST		AddToCart2	1612433417171	1612433417721	OK	 
REQUEST		AddToCart2	1612433417156	1612433417722	OK	 
REQUEST		AddToCart2	1612433417171	1612433417732	OK	 
REQUEST		AddToCart2	1612433417153	1612433417732	OK	 
REQUEST		AddToCart2	1612433417157	1612433417735	OK	 
REQUEST		AddToCart2	1612433417158	1612433417739	OK	 
REQUEST		AddToCart2	1612433417221	1612433417745	OK	 
REQUEST		AddToCart2	1612433417215	1612433417745	OK	 
REQUEST		AddToCart2	1612433417215	1612433417745	OK	 
REQUEST		AddToCart2	1612433417215	1612433417745	OK	 
REQUEST		AddToCart2	1612433417219	1612433417753	OK	 
REQUEST		AddToCart2	1612433417214	1612433417755	OK	 
REQUEST		AddToCart2	1612433417060	1612433417841	OK	 
REQUEST		AddToCart2	1612433417773	1612433417977	OK	 
REQUEST		AddToCart2	1612433417867	1612433418093	OK	 
REQUEST		AddToCart2	1612433417963	1612433418152	OK	 
REQUEST		AddToCart2	1612433418072	1612433418255	OK	 
REQUEST		AddToCart2	1612433418181	1612433418399	OK	 
REQUEST		AddToCart2	1612433418277	1612433418427	OK	 
REQUEST		AddToCart2	1612433418383	1612433418525	OK	 
REQUEST		AddToCart2	1612433418599	1612433418766	OK	 
REQUEST		AddToCart2	1612433418693	1612433418869	OK	 
REQUEST		AddToCart2	1612433418693	1612433418873	OK	 
REQUEST		AddToCart2	1612433418696	1612433418876	OK	 
REQUEST		AddToCart2	1612433418692	1612433418876	OK	 
REQUEST		AddToCart2	1612433418712	1612433418929	OK	 
REQUEST		AddToCart2	1612433418710	1612433418931	OK	 
REQUEST		AddToCart2	1612433418710	1612433418935	OK	 
REQUEST		AddToCart2	1612433418726	1612433419073	OK	 
REQUEST		AddToCart2	1612433418726	1612433419080	OK	 
REQUEST		AddToCart2	1612433418741	1612433419080	OK	 
REQUEST		AddToCart2	1612433418741	1612433419080	OK	 
REQUEST		AddToCart2	1612433418726	1612433419080	OK	 
REQUEST		AddToCart2	1612433418726	1612433419088	OK	 
REQUEST		AddToCart2	1612433418741	1612433419325	OK	 
REQUEST		AddToCart2	1612433418758	1612433419348	OK	 
REQUEST		AddToCart2	1612433418726	1612433419349	OK	 
REQUEST		AddToCart2	1612433418757	1612433419510	OK	 
REQUEST		AddToCart2	1612433418757	1612433419510	OK	 
REQUEST		AddToCart2	1612433418760	1612433419510	OK	 
REQUEST		AddToCart2	1612433418773	1612433419519	OK	 
REQUEST		AddToCart2	1612433418762	1612433419518	OK	 
REQUEST		AddToCart2	1612433418758	1612433419519	OK	 
REQUEST		AddToCart2	1612433418772	1612433419521	OK	 
REQUEST		AddToCart2	1612433418772	1612433419522	OK	 
REQUEST		AddToCart2	1612433418772	1612433419522	OK	 
REQUEST		AddToCart2	1612433418773	1612433419522	OK	 
REQUEST		AddToCart2	1612433418764	1612433419537	OK	 
REQUEST		AddToCart2	1612433418777	1612433419540	OK	 
REQUEST		AddToCart2	1612433418775	1612433419540	OK	 
REQUEST		AddToCart2	1612433418788	1612433419542	OK	 
REQUEST		AddToCart2	1612433418803	1612433419550	OK	 
REQUEST		AddToCart2	1612433418790	1612433419550	OK	 
REQUEST		AddToCart2	1612433418788	1612433419550	OK	 
REQUEST		AddToCart2	1612433418791	1612433419557	OK	 
REQUEST		AddToCart2	1612433418776	1612433419557	OK	 
REQUEST		AddToCart2	1612433418761	1612433419558	OK	 
REQUEST		AddToCart2	1612433418792	1612433419566	OK	 
REQUEST		AddToCart2	1612433418794	1612433419571	OK	 
REQUEST		AddToCart2	1612433418796	1612433419576	OK	 
REQUEST		AddToCart2	1612433418817	1612433419579	OK	 
REQUEST		AddToCart2	1612433418820	1612433419582	OK	 
REQUEST		AddToCart2	1612433418822	1612433419605	OK	 
REQUEST		AddToCart2	1612433418821	1612433419608	OK	 
REQUEST		AddToCart2	1612433419312	1612433419628	OK	 
USER	GeneralAdmission1	END	1612433421304
USER	GeneralAdmission1	END	1612433421304
USER	GeneralAdmission1	END	1612433421331
USER	GeneralAdmission1	END	1612433421363
USER	GeneralAdmission1	END	1612433421363
USER	GeneralAdmission1	END	1612433421378
USER	GeneralAdmission1	END	1612433421394
USER	GeneralAdmission1	END	1612433421455
USER	GeneralAdmission1	END	1612433421472
USER	GeneralAdmission1	END	1612433421534
USER	GeneralAdmission1	END	1612433421567
USER	GeneralAdmission1	END	1612433421567
USER	GeneralAdmission1	END	1612433421567
USER	GeneralAdmission1	END	1612433421568
USER	GeneralAdmission1	END	1612433421581
USER	GeneralAdmission1	END	1612433421581
USER	GeneralAdmission1	END	1612433421596
USER	GeneralAdmission1	END	1612433422278
USER	GeneralAdmission1	END	1612433422279
USER	GeneralAdmission1	END	1612433422279
USER	GeneralAdmission1	END	1612433422279
USER	GeneralAdmission1	END	1612433422372
USER	GeneralAdmission1	END	1612433422591
USER	GeneralAdmission1	END	1612433422699
USER	GeneralAdmission1	END	1612433422700
USER	GeneralAdmission1	END	1612433422700
USER	GeneralAdmission1	END	1612433422701
USER	GeneralAdmission1	END	1612433422701
USER	GeneralAdmission1	END	1612433422702
USER	GeneralAdmission1	END	1612433422702
USER	GeneralAdmission1	END	1612433422716
USER	GeneralAdmission1	END	1612433422746
USER	GeneralAdmission1	END	1612433422746
USER	GeneralAdmission1	END	1612433422762
USER	GeneralAdmission1	END	1612433422762
USER	GeneralAdmission1	END	1612433422762
USER	GeneralAdmission1	END	1612433422763
USER	GeneralAdmission1	END	1612433422763
USER	GeneralAdmission1	END	1612433422763
USER	GeneralAdmission1	END	1612433422764
USER	GeneralAdmission1	END	1612433422764
USER	GeneralAdmission1	END	1612433422764
USER	GeneralAdmission1	END	1612433422764
USER	GeneralAdmission1	END	1612433422765
USER	GeneralAdmission1	END	1612433422765
USER	GeneralAdmission1	END	1612433422779
USER	GeneralAdmission1	END	1612433422779
USER	GeneralAdmission1	END	1612433422869
USER	GeneralAdmission1	END	1612433423008
USER	GeneralAdmission1	END	1612433423117
USER	GeneralAdmission1	END	1612433423179
USER	GeneralAdmission1	END	1612433423285
USER	GeneralAdmission1	END	1612433423425
USER	GeneralAdmission1	END	1612433423457
USER	GeneralAdmission1	END	1612433423550
USER	GeneralAdmission1	END	1612433423783
USER	GeneralAdmission1	END	1612433423892
USER	GeneralAdmission1	END	1612433423893
USER	GeneralAdmission1	END	1612433423893
USER	GeneralAdmission1	END	1612433423894
USER	GeneralAdmission1	END	1612433423954
USER	GeneralAdmission1	END	1612433423955
USER	GeneralAdmission1	END	1612433423955
USER	GeneralAdmission1	END	1612433424093
USER	GeneralAdmission1	END	1612433424109
USER	GeneralAdmission1	END	1612433424109
USER	GeneralAdmission1	END	1612433424109
USER	GeneralAdmission1	END	1612433424110
USER	GeneralAdmission1	END	1612433424110
USER	GeneralAdmission1	END	1612433424355
USER	GeneralAdmission1	END	1612433424370
USER	GeneralAdmission1	END	1612433424370
USER	GeneralAdmission1	END	1612433424524
USER	GeneralAdmission1	END	1612433424525
USER	GeneralAdmission1	END	1612433424540
USER	GeneralAdmission1	END	1612433424540
USER	GeneralAdmission1	END	1612433424540
USER	GeneralAdmission1	END	1612433424555
USER	GeneralAdmission1	END	1612433424555
USER	GeneralAdmission1	END	1612433424555
USER	GeneralAdmission1	END	1612433424555
USER	GeneralAdmission1	END	1612433424555
USER	GeneralAdmission1	END	1612433424555
USER	GeneralAdmission1	END	1612433424558
USER	GeneralAdmission1	END	1612433424560
USER	GeneralAdmission1	END	1612433424561
USER	GeneralAdmission1	END	1612433424572
USER	GeneralAdmission1	END	1612433424572
USER	GeneralAdmission1	END	1612433424572
USER	GeneralAdmission1	END	1612433424573
USER	GeneralAdmission1	END	1612433424573
USER	GeneralAdmission1	END	1612433424574
USER	GeneralAdmission1	END	1612433424586
USER	GeneralAdmission1	END	1612433424587
USER	GeneralAdmission1	END	1612433424588
USER	GeneralAdmission1	END	1612433424602
USER	GeneralAdmission1	END	1612433424603
USER	GeneralAdmission1	END	1612433424616
USER	GeneralAdmission1	END	1612433424617
USER	GeneralAdmission1	END	1612433424646
