RUN	GeneralAdmission1	generaladmission1	1612284281378	 	3.5.0
USER	GeneralAdmission1	START	1612284284330
REQUEST		GetToken	1612284284396	1612284314926	OK	 
REQUEST		GetToken Redirect 1	1612284314955	1612284315191	OK	 
REQUEST		request_1	1612284315299	1612284316143	OK	 
REQUEST		AddToCart	1612284321173	1612284321188	OK	 
REQUEST		AddToCart Redirect 1	1612284321195	1612284321327	OK	 
REQUEST		CreateGeneral	1612284322346	1612284322369	OK	 
REQUEST		CreateGeneral Redirect 1	1612284322373	1612284323116	OK	 
REQUEST		BookingDetails	1612284327132	1612284327145	OK	 
REQUEST		BookingDetails Redirect 1	1612284327157	1612284327291	OK	 
REQUEST		StripeElement	1612284327299	1612284327536	OK	 
REQUEST		shared-8b0cf640a52a1422947f168069c49b9d.js	1612284327635	1612284327872	OK	 
REQUEST		elements-inner-card-77d7d4c2ce976deb5d1dc2ff2a238146.js	1612284327641	1612284328151	OK	 
REQUEST		ui-shared-121e554d3a08b818808584dff61fc32c.js	1612284327656	1612284328613	OK	 
REQUEST		ui-shared-1a3494666c8cbd375492e006f2e840cd.css	1612284327662	1612284328751	OK	 
REQUEST		CreatePaymentIntent	1612284331782	1612284331797	OK	 
REQUEST		CreatePaymentIntent Redirect 1	1612284331813	1612284339723	OK	 
REQUEST		StripeController	1612284352809	1612284352863	OK	 
REQUEST		controller-6d15abacacad5eabb07034f26400b450.js	1612284352878	1612284353046	OK	 
REQUEST		StripeCountryRanges	1612284355080	1612284355214	OK	 
REQUEST		PrivateStripe	1612284361287	1612284376231	OK	 
REQUEST		Elements1	1612284376240	1612284378108	OK	 
REQUEST		Elements2	1612284378114	1612284378302	OK	 
REQUEST		Elements3	1612284378308	1612284378505	OK	 
REQUEST		Elements4	1612284378508	1612284378699	OK	 
REQUEST		Elements5	1612284378703	1612284378901	OK	 
REQUEST		Elements6	1612284378905	1612284379095	OK	 
REQUEST		Elements6	1612284379100	1612284379305	OK	 
REQUEST		Elements7	1612284379308	1612284379504	OK	 
REQUEST		Elements8	1612284379511	1612284379719	OK	 
REQUEST		Elements9	1612284379726	1612284379936	OK	 
REQUEST		Elements10	1612284379941	1612284380004	OK	 
REQUEST		Elements11	1612284380007	1612284380203	OK	 
REQUEST		Elements12	1612284381216	1612284381420	OK	 
REQUEST		Elements13	1612284383430	1612284383622	OK	 
REQUEST		Elements14	1612284385631	1612284385830	OK	 
REQUEST		Elements15	1612284385842	1612284386045	OK	 
REQUEST		Elements16	1612284387054	1612284387248	OK	 
REQUEST		AddCardDetails	1612284388270	1612284388701	KO	status.find.in(200,201,202,203,204,205,206,207,208,209,304), found 400
USER	GeneralAdmission1	END	1612284388763
