RUN	computerdatabase.advanced.AdvancedSimulationStep03	advancedsimulationstep03	1611789297646	 	3.5.0
USER	Users	START	1611789299450
USER	Admins	START	1611789299453
REQUEST		Home	1611789299536	1611789299641	OK	 
REQUEST		Home	1611789299536	1611789299641	OK	 
REQUEST		Home Redirect 1	1611789299674	1611789299740	OK	 
REQUEST		Home Redirect 1	1611789299669	1611789299740	OK	 
USER	Users	START	1611789300446
REQUEST		Home	1611789300447	1611789300554	OK	 
REQUEST		Home Redirect 1	1611789300557	1611789300604	OK	 
REQUEST		Search	1611789300790	1611789300822	OK	 
REQUEST		Search	1611789300783	1611789300817	OK	 
USER	Users	START	1611789301441
REQUEST		Home	1611789301442	1611789301519	OK	 
REQUEST		Home Redirect 1	1611789301521	1611789301583	OK	 
REQUEST		Search	1611789301614	1611789301649	OK	 
REQUEST		Select	1611789301957	1611789301993	OK	 
REQUEST		Select	1611789301957	1611789302001	OK	 
USER	Users	START	1611789302430
REQUEST		Home	1611789302430	1611789302515	OK	 
REQUEST		Home Redirect 1	1611789302517	1611789302572	OK	 
REQUEST		Search	1611789302602	1611789302634	OK	 
REQUEST		Select	1611789302664	1611789302701	OK	 
REQUEST		Home	1611789303008	1611789303040	OK	 
REQUEST		Home	1611789303024	1611789303054	OK	 
REQUEST		Home Redirect 1	1611789303042	1611789303077	OK	 
REQUEST		Home Redirect 1	1611789303057	1611789303089	OK	 
USER	Users	START	1611789303430
REQUEST		Home	1611789303431	1611789303497	OK	 
REQUEST		Home Redirect 1	1611789303499	1611789303556	OK	 
REQUEST		Search	1611789303587	1611789303619	OK	 
REQUEST		Select	1611789303649	1611789303686	OK	 
REQUEST		Home	1611789303711	1611789303777	OK	 
REQUEST		Home Redirect 1	1611789303778	1611789303813	OK	 
USER	Admins	START	1611789304434
USER	Users	START	1611789304434
REQUEST		Home	1611789304434	1611789304499	OK	 
REQUEST		Home	1611789304434	1611789304521	OK	 
REQUEST		Home Redirect 1	1611789304501	1611789304561	OK	 
REQUEST		Home Redirect 1	1611789304523	1611789304576	OK	 
REQUEST		Search	1611789304575	1611789304608	OK	 
REQUEST		Select	1611789304636	1611789304672	OK	 
REQUEST		Home	1611789304699	1611789304730	OK	 
REQUEST		Home Redirect 1	1611789304732	1611789304767	OK	 
REQUEST		Page 1	1611789305095	1611789305148	OK	 
REQUEST		Page 1	1611789305095	1611789305148	OK	 
USER	Users	START	1611789305441
REQUEST		Home	1611789305441	1611789305507	OK	 
REQUEST		Home Redirect 1	1611789305509	1611789305565	OK	 
REQUEST		Search	1611789305579	1611789305618	OK	 
REQUEST		Search	1611789305595	1611789305632	OK	 
REQUEST		Select	1611789305625	1611789305676	OK	 
REQUEST		Home	1611789305687	1611789305732	OK	 
REQUEST		Home Redirect 1	1611789305734	1611789305778	OK	 
REQUEST		Page 2	1611789305828	1611789305883	OK	 
REQUEST		Page 1	1611789305828	1611789305883	OK	 
REQUEST		Page 2	1611789305828	1611789305884	OK	 
USER	Users	START	1611789306427
REQUEST		Home	1611789306428	1611789306500	OK	 
REQUEST		Home Redirect 1	1611789306502	1611789306536	OK	 
REQUEST		Page 3	1611789306521	1611789306554	OK	 
REQUEST		Page 3	1611789306536	1611789306573	OK	 
REQUEST		Page 2	1611789306568	1611789306607	OK	 
REQUEST		Search	1611789306570	1611789306608	OK	 
REQUEST		Select	1611789306631	1611789306669	OK	 
REQUEST		Select	1611789306647	1611789306686	OK	 
REQUEST		Home	1611789306693	1611789306734	OK	 
REQUEST		Home Redirect 1	1611789306735	1611789306769	OK	 
REQUEST		Page 1	1611789306771	1611789306812	OK	 
REQUEST		Page 3	1611789307241	1611789307277	OK	 
REQUEST		Page 4	1611789307299	1611789307351	OK	 
REQUEST		Page 4	1611789307331	1611789307362	OK	 
USER	Users	START	1611789307429
REQUEST		Home	1611789307429	1611789307505	OK	 
REQUEST		Page 2	1611789307491	1611789307529	OK	 
REQUEST		Home Redirect 1	1611789307507	1611789307571	OK	 
REQUEST		Search	1611789307554	1611789307597	OK	 
REQUEST		Select	1611789307632	1611789307672	OK	 
REQUEST		Home	1611789307679	1611789307713	OK	 
REQUEST		Home	1611789307694	1611789307739	OK	 
REQUEST		Home Redirect 1	1611789307715	1611789307747	OK	 
REQUEST		Home Redirect 1	1611789307740	1611789307771	OK	 
REQUEST		Page 1	1611789307788	1611789307825	OK	 
REQUEST		Page 4	1611789308022	1611789308064	OK	 
REQUEST		Page 3	1611789308163	1611789308195	OK	 
USER	Users	START	1611789308429
REQUEST		Home	1611789308429	1611789308518	OK	 
REQUEST		Search	1611789308586	1611789308631	OK	 
REQUEST		Home Redirect 1	1611789308520	1611789308641	OK	 
REQUEST		Select	1611789308616	1611789308673	OK	 
REQUEST		Home	1611789308679	1611789308723	OK	 
REQUEST		Home Redirect 1	1611789308725	1611789308767	OK	 
REQUEST		Page 1	1611789308788	1611789308830	OK	 
REQUEST		Page 2	1611789308507	1611789308856	OK	 
REQUEST		Page 4	1611789308945	1611789308978	OK	 
REQUEST		Page 3	1611789309495	1611789309527	OK	 
REQUEST		Page 2	1611789309510	1611789309553	OK	 
REQUEST		Select	1611789309651	1611789309692	OK	 
REQUEST		Search	1611789309652	1611789309692	OK	 
REQUEST		Home	1611789309682	1611789309714	OK	 
REQUEST		Home Redirect 1	1611789309718	1611789309753	OK	 
REQUEST		Page 1	1611789309760	1611789309797	OK	 
REQUEST		Page 1	1611789309776	1611789309812	OK	 
REQUEST		Page 3	1611789310198	1611789310246	OK	 
REQUEST		Page 4	1611789310276	1611789310309	OK	 
REQUEST		Page 2	1611789310479	1611789310650	OK	 
REQUEST		Page 2	1611789310495	1611789310650	OK	 
REQUEST		Home	1611789310698	1611789310750	OK	 
REQUEST		Select	1611789310713	1611789310753	OK	 
REQUEST		Home Redirect 1	1611789310752	1611789310794	OK	 
REQUEST		Page 1	1611789310776	1611789310810	OK	 
REQUEST		Page 4	1611789310995	1611789311029	OK	 
REQUEST		Page 3	1611789311284	1611789311329	OK	 
REQUEST		Page 3	1611789311300	1611789311334	OK	 
REQUEST		Page 2	1611789311487	1611789311521	OK	 
REQUEST		Home	1611789311768	1611789311812	OK	 
REQUEST		Page 1	1611789311768	1611789311814	OK	 
REQUEST		Home Redirect 1	1611789311814	1611789311850	OK	 
REQUEST		Page 4	1611789312077	1611789312108	OK	 
REQUEST		Page 4	1611789312077	1611789312114	OK	 
REQUEST		Page 3	1611789312154	1611789312190	OK	 
USER	Users	END	1611789312380
REQUEST		Form	1611789312360	1611789312405	OK	 
REQUEST		Page 2	1611789312501	1611789312534	OK	 
REQUEST		Page 1	1611789312798	1611789312838	OK	 
REQUEST		Page 4	1611789312939	1611789312971	OK	 
USER	Users	END	1611789313074
REQUEST		Page 3	1611789313172	1611789313219	OK	 
REQUEST		Post	1611789313416	1611789313453	OK	 
REQUEST		Post Redirect 1	1611789313464	1611789313516	OK	 
USER	Admins	END	1611789313520
REQUEST		Page 2	1611789313522	1611789313562	OK	 
REQUEST		Page 1	1611789313866	1611789313905	OK	 
USER	Users	END	1611789313991
REQUEST		Page 4	1611789313960	1611789313996	OK	 
REQUEST		Page 3	1611789314206	1611789314245	OK	 
REQUEST		Page 2	1611789314586	1611789314621	OK	 
REQUEST		Page 4	1611789314992	1611789315043	OK	 
USER	Users	END	1611789315316
REQUEST		Page 3	1611789315253	1611789315325	OK	 
USER	Users	END	1611789316035
REQUEST		Page 4	1611789316075	1611789316107	OK	 
USER	Users	END	1611789317132
REQUEST		Form	1611789317116	1611789317159	OK	 
USER	Users	END	1611789317978
REQUEST		Post	1611789318168	1611789318206	OK	 
REQUEST		Post Redirect 1	1611789318208	1611789318243	OK	 
USER	Admins	END	1611789318246
USER	Users	END	1611789319002
USER	Users	END	1611789320049
USER	Users	END	1611789321120
