RUN	GeneralOriginal1	generaloriginal1	1612194042366	 	3.5.0
USER	GeneralOriginal1	START	1612194044640
REQUEST		request_0	1612194044794	1612194045879	OK	 
REQUEST		request_0 Redirect 1	1612194045930	1612194046265	OK	 
ERROR	request_1: Failed to build request: Resource /generaloriginal1/0001_request.txt not found 	1612194046295
REQUEST		request_2	1612194047317	1612194047327	OK	 
ERROR	request_3: Failed to build request: Resource /generaloriginal1/0003_request.json not found 	1612194047330
ERROR	request_4: Failed to build request: Resource /generaloriginal1/0004_request.json not found 	1612194047330
REQUEST		CreateGeneral	1612194048348	1612194048357	OK	 
ERROR	GeneralRequest: Failed to build request: Resource /generaloriginal1/0006_request.json not found 	1612194048362
ERROR	GeneralRequest5001: Failed to build request: Resource /generaloriginal1/0007_request.json not found 	1612194048362
ERROR	GoogleAnal: Failed to build request: Resource /generaloriginal1/0008_request.txt not found 	1612194048362
ERROR	StripeRequest: Failed to build request: Resource /generaloriginal1/0009_request.txt not found 	1612194048362
REQUEST		request_10	1612194052373	1612194052384	OK	 
ERROR	request_11: Failed to build request: Resource /generaloriginal1/0011_request.json not found 	1612194052387
ERROR	request_12: Failed to build request: Resource /generaloriginal1/0012_request.json not found 	1612194052387
ERROR	request_24: Failed to build request: Resource /generaloriginal1/0024_request.txt not found 	1612194052389
REQUEST		request_14	1612194052511	1612194052665	OK	 
REQUEST		request_25	1612194052504	1612194052679	KO	status.find.in(200,201,202,203,204,205,206,207,208,209,304), found 401
REQUEST		request_15	1612194052633	1612194052695	KO	status.find.in(200,201,202,203,204,205,206,207,208,209,304), found 401
REQUEST		request_23	1612194052432	1612194053053	OK	 
REQUEST		request_36	1612194052468	1612194053105	OK	 
REQUEST		request_17	1612194052498	1612194053125	OK	 
REQUEST		request_19	1612194052622	1612194053324	OK	 
REQUEST		request_21	1612194052649	1612194053400	OK	 
REQUEST		request_18	1612194052477	1612194053617	OK	 
REQUEST		request_20	1612194052545	1612194053756	OK	 
REQUEST		request_33	1612194052425	1612194053777	OK	 
REQUEST		request_35	1612194052472	1612194053792	OK	 
REQUEST		request_37	1612194052487	1612194053804	OK	 
REQUEST		request_31	1612194052491	1612194053812	OK	 
REQUEST		request_13	1612194052523	1612194053850	OK	 
REQUEST		request_26	1612194052539	1612194053863	OK	 
REQUEST		request_30	1612194052556	1612194053873	OK	 
REQUEST		request_22	1612194052568	1612194054281	OK	 
REQUEST		request_34	1612194052573	1612194054401	OK	 
REQUEST		request_29	1612194052583	1612194054459	OK	 
REQUEST		request_28	1612194052590	1612194054471	OK	 
REQUEST		request_16	1612194052641	1612194054609	OK	 
REQUEST		request_27	1612194052605	1612194054732	OK	 
REQUEST		request_32	1612194052615	1612194054735	OK	 
REQUEST		request_38	1612194055744	1612194055956	OK	 
REQUEST		request_39	1612194057974	1612194058171	OK	 
REQUEST		request_40	1612194060186	1612194060390	OK	 
REQUEST		request_41	1612194060395	1612194060586	OK	 
REQUEST		request_42	1612194061605	1612194061798	OK	 
ERROR	request_45: Failed to build request: Resource /generaloriginal1/0045_request.json not found 	1612194061808
ERROR	request_48: Failed to build request: Resource /generaloriginal1/0048_request.json not found 	1612194061808
ERROR	request_49: Failed to build request: Resource /generaloriginal1/0049_request.txt not found 	1612194061809
ERROR	request_50: Failed to build request: Resource /generaloriginal1/0050_request.txt not found 	1612194061809
REQUEST		request_43	1612194061828	1612194061940	OK	 
REQUEST		request_47	1612194061817	1612194062042	OK	 
REQUEST		request_46	1612194061813	1612194062049	OK	 
REQUEST		request_44	1612194061834	1612194062431	KO	status.find.in(200,201,202,203,204,205,206,207,208,209,304), found 400
USER	GeneralOriginal1	END	1612194062485
