RUN	GeneralAdmission1	generaladmission1	1612370940198	 	3.5.0
USER	GeneralAdmission1	START	1612370942151
USER	GeneralAdmission1	START	1612370942151
USER	GeneralAdmission1	START	1612370942151
USER	GeneralAdmission1	START	1612370942161
USER	GeneralAdmission1	START	1612370942189
USER	GeneralAdmission1	START	1612370942258
USER	GeneralAdmission1	START	1612370942205
USER	GeneralAdmission1	START	1612370942211
USER	GeneralAdmission1	START	1612370942190
USER	GeneralAdmission1	START	1612370942272
USER	GeneralAdmission1	START	1612370942283
USER	GeneralAdmission1	START	1612370942282
USER	GeneralAdmission1	START	1612370942277
USER	GeneralAdmission1	START	1612370942287
USER	GeneralAdmission1	START	1612370942288
USER	GeneralAdmission1	START	1612370942289
USER	GeneralAdmission1	START	1612370942295
USER	GeneralAdmission1	START	1612370942333
USER	GeneralAdmission1	START	1612370942318
USER	GeneralAdmission1	START	1612370942358
USER	GeneralAdmission1	START	1612370942315
USER	GeneralAdmission1	START	1612370942319
USER	GeneralAdmission1	START	1612370942320
USER	GeneralAdmission1	START	1612370942335
USER	GeneralAdmission1	START	1612370942373
USER	GeneralAdmission1	START	1612370942335
USER	GeneralAdmission1	START	1612370942387
USER	GeneralAdmission1	START	1612370942338
USER	GeneralAdmission1	START	1612370942367
USER	GeneralAdmission1	START	1612370942370
USER	GeneralAdmission1	START	1612370942393
USER	GeneralAdmission1	START	1612370942384
USER	GeneralAdmission1	START	1612370942418
USER	GeneralAdmission1	START	1612370942422
USER	GeneralAdmission1	START	1612370942424
USER	GeneralAdmission1	START	1612370942405
USER	GeneralAdmission1	START	1612370942409
USER	GeneralAdmission1	START	1612370942407
USER	GeneralAdmission1	START	1612370942440
USER	GeneralAdmission1	START	1612370942415
USER	GeneralAdmission1	START	1612370942409
USER	GeneralAdmission1	START	1612370942411
USER	GeneralAdmission1	START	1612370942442
USER	GeneralAdmission1	START	1612370942450
USER	GeneralAdmission1	START	1612370942453
USER	GeneralAdmission1	START	1612370942453
USER	GeneralAdmission1	START	1612370942453
USER	GeneralAdmission1	START	1612370942456
USER	GeneralAdmission1	START	1612370942461
USER	GeneralAdmission1	START	1612370942469
USER	GeneralAdmission1	START	1612370942473
USER	GeneralAdmission1	START	1612370942457
USER	GeneralAdmission1	START	1612370942487
USER	GeneralAdmission1	START	1612370942476
USER	GeneralAdmission1	START	1612370942474
USER	GeneralAdmission1	START	1612370942471
USER	GeneralAdmission1	START	1612370942476
USER	GeneralAdmission1	START	1612370942484
USER	GeneralAdmission1	START	1612370942489
USER	GeneralAdmission1	START	1612370942492
USER	GeneralAdmission1	START	1612370942495
USER	GeneralAdmission1	START	1612370942515
USER	GeneralAdmission1	START	1612370942497
USER	GeneralAdmission1	START	1612370942504
USER	GeneralAdmission1	START	1612370942528
USER	GeneralAdmission1	START	1612370942540
USER	GeneralAdmission1	START	1612370942531
USER	GeneralAdmission1	START	1612370942548
USER	GeneralAdmission1	START	1612370942543
USER	GeneralAdmission1	START	1612370942545
USER	GeneralAdmission1	START	1612370942546
USER	GeneralAdmission1	START	1612370942567
USER	GeneralAdmission1	START	1612370942556
USER	GeneralAdmission1	START	1612370942572
USER	GeneralAdmission1	START	1612370942560
USER	GeneralAdmission1	START	1612370942574
USER	GeneralAdmission1	START	1612370942574
USER	GeneralAdmission1	START	1612370942576
USER	GeneralAdmission1	START	1612370942590
USER	GeneralAdmission1	START	1612370942597
USER	GeneralAdmission1	START	1612370942596
USER	GeneralAdmission1	START	1612370942599
USER	GeneralAdmission1	START	1612370942593
USER	GeneralAdmission1	START	1612370942598
USER	GeneralAdmission1	START	1612370942606
USER	GeneralAdmission1	START	1612370942611
USER	GeneralAdmission1	START	1612370942613
USER	GeneralAdmission1	START	1612370942622
USER	GeneralAdmission1	START	1612370942629
USER	GeneralAdmission1	START	1612370942620
USER	GeneralAdmission1	START	1612370942615
USER	GeneralAdmission1	START	1612370942647
USER	GeneralAdmission1	START	1612370942641
USER	GeneralAdmission1	START	1612370942624
USER	GeneralAdmission1	START	1612370942659
USER	GeneralAdmission1	START	1612370942639
USER	GeneralAdmission1	START	1612370942665
USER	GeneralAdmission1	START	1612370942672
USER	GeneralAdmission1	START	1612370942672
USER	GeneralAdmission1	START	1612370942698
REQUEST		GetToken	1612370942217	1612370944361	OK	 
REQUEST		GetToken	1612370942223	1612370944350	OK	 
REQUEST		GetToken	1612370942475	1612370944454	OK	 
REQUEST		GetToken	1612370942202	1612370944340	OK	 
REQUEST		GetToken	1612370942377	1612370944491	OK	 
REQUEST		GetToken	1612370942683	1612370944563	OK	 
REQUEST		GetToken	1612370942215	1612370944561	OK	 
REQUEST		GetToken	1612370942594	1612370944581	OK	 
REQUEST		GetToken	1612370942469	1612370944583	OK	 
REQUEST		GetToken	1612370942216	1612370944621	OK	 
REQUEST		GetToken	1612370942218	1612370944676	OK	 
REQUEST		GetToken	1612370942307	1612370944880	OK	 
REQUEST		GetToken	1612370942626	1612370944894	OK	 
REQUEST		GetToken	1612370942558	1612370944888	OK	 
REQUEST		GetToken	1612370942426	1612370944952	OK	 
REQUEST		GetToken	1612370942541	1612370944968	OK	 
REQUEST		GetToken	1612370942278	1612370944978	OK	 
REQUEST		GetToken	1612370942297	1612370945047	OK	 
REQUEST		GetToken	1612370942314	1612370945240	OK	 
REQUEST		GetToken	1612370942339	1612370945243	OK	 
REQUEST		GetToken	1612370942620	1612370945326	OK	 
REQUEST		GetToken	1612370942667	1612370945325	OK	 
REQUEST		GetToken	1612370942425	1612370945340	OK	 
REQUEST		GetToken	1612370942459	1612370945343	OK	 
REQUEST		GetToken	1612370942485	1612370945488	OK	 
REQUEST		GetToken	1612370942328	1612370945491	OK	 
REQUEST		GetToken	1612370942439	1612370945567	OK	 
REQUEST		GetToken	1612370942426	1612370945635	OK	 
REQUEST		GetToken	1612370942470	1612370945641	OK	 
REQUEST		GetToken	1612370942442	1612370945680	OK	 
REQUEST		GetToken	1612370942430	1612370945702	OK	 
REQUEST		GetToken	1612370942481	1612370945719	OK	 
REQUEST		GetToken	1612370942389	1612370945746	OK	 
REQUEST		GetToken	1612370942406	1612370945764	OK	 
REQUEST		GetToken	1612370942645	1612370945799	OK	 
REQUEST		GetToken	1612370942490	1612370945812	OK	 
REQUEST		GetToken	1612370942219	1612370945890	OK	 
REQUEST		GetToken	1612370942220	1612370945932	OK	 
REQUEST		GetToken	1612370942301	1612370945938	OK	 
REQUEST		GetToken	1612370942311	1612370945950	OK	 
REQUEST		GetToken	1612370942290	1612370945951	OK	 
REQUEST		GetToken	1612370942649	1612370946096	OK	 
REQUEST		GetToken	1612370942299	1612370946150	OK	 
REQUEST		GetToken	1612370942524	1612370946174	OK	 
REQUEST		GetToken	1612370942339	1612370946176	OK	 
REQUEST		GetToken	1612370942307	1612370946225	OK	 
REQUEST		GetToken	1612370942447	1612370946235	OK	 
REQUEST		GetToken	1612370942412	1612370946244	OK	 
REQUEST		GetToken	1612370942354	1612370946358	OK	 
REQUEST		GetToken	1612370942629	1612370946372	OK	 
REQUEST		GetToken	1612370942462	1612370946428	OK	 
REQUEST		GetToken	1612370942387	1612370946425	OK	 
REQUEST		GetToken	1612370942360	1612370946441	OK	 
REQUEST		GetToken	1612370942660	1612370946444	OK	 
REQUEST		GetToken	1612370942387	1612370946474	OK	 
REQUEST		GetToken	1612370942391	1612370946490	OK	 
REQUEST		GetToken	1612370942420	1612370946544	OK	 
REQUEST		GetToken	1612370942394	1612370946575	OK	 
REQUEST		GetToken	1612370942431	1612370946652	OK	 
REQUEST		GetToken	1612370942403	1612370946659	OK	 
REQUEST		GetToken	1612370942463	1612370946660	OK	 
REQUEST		GetToken	1612370942438	1612370946671	OK	 
REQUEST		GetToken	1612370942509	1612370946685	OK	 
REQUEST		GetToken	1612370942472	1612370946688	OK	 
REQUEST		GetToken	1612370942463	1612370946744	OK	 
REQUEST		GetToken	1612370942446	1612370946740	OK	 
REQUEST		GetToken	1612370942493	1612370946759	OK	 
REQUEST		GetToken	1612370942557	1612370946756	OK	 
REQUEST		GetToken	1612370942549	1612370946764	OK	 
REQUEST		GetToken	1612370942336	1612370946762	OK	 
REQUEST		GetToken	1612370942546	1612370946766	OK	 
REQUEST		GetToken	1612370942484	1612370946803	OK	 
REQUEST		GetToken	1612370942478	1612370946831	OK	 
REQUEST		GetToken	1612370942535	1612370946815	OK	 
REQUEST		GetToken	1612370942587	1612370946820	OK	 
REQUEST		GetToken	1612370942547	1612370946832	OK	 
REQUEST		GetToken	1612370942622	1612370946838	OK	 
REQUEST		GetToken	1612370942543	1612370946843	OK	 
REQUEST		GetToken	1612370942577	1612370946848	OK	 
REQUEST		GetToken	1612370942573	1612370946865	OK	 
REQUEST		GetToken	1612370942600	1612370946885	OK	 
REQUEST		GetToken	1612370942491	1612370946891	OK	 
REQUEST		GetToken	1612370942556	1612370946897	OK	 
REQUEST		GetToken	1612370942605	1612370946936	OK	 
REQUEST		GetToken	1612370942616	1612370946921	OK	 
REQUEST		GetToken	1612370942559	1612370946919	OK	 
REQUEST		GetToken	1612370942588	1612370946963	OK	 
REQUEST		GetToken	1612370942640	1612370946966	OK	 
REQUEST		GetToken	1612370942525	1612370946978	OK	 
REQUEST		GetToken	1612370942592	1612370946981	OK	 
REQUEST		GetToken	1612370942630	1612370946987	OK	 
REQUEST		GetToken	1612370942598	1612370946990	OK	 
REQUEST		GetToken	1612370942607	1612370947006	OK	 
REQUEST		GetToken	1612370942692	1612370947013	OK	 
REQUEST		GetToken	1612370942607	1612370947012	OK	 
REQUEST		GetToken	1612370942596	1612370947026	OK	 
REQUEST		GetToken	1612370942642	1612370947029	OK	 
REQUEST		GetToken	1612370942700	1612370947044	OK	 
REQUEST		GetToken	1612370942626	1612370947047	OK	 
REQUEST		GetToken	1612370942667	1612370947054	OK	 
REQUEST		AddToCart	1612370949552	1612370949918	OK	 
REQUEST		AddToCart	1612370949554	1612370949918	OK	 
REQUEST		AddToCart	1612370949555	1612370949917	OK	 
REQUEST		AddToCart	1612370949557	1612370949918	OK	 
REQUEST		AddToCart	1612370949557	1612370949930	OK	 
REQUEST		AddToCart	1612370949683	1612370950865	OK	 
REQUEST		AddToCart	1612370949596	1612370950866	OK	 
REQUEST		AddToCart	1612370949582	1612370950868	OK	 
REQUEST		AddToCart	1612370949585	1612370950868	OK	 
REQUEST		AddToCart	1612370949595	1612370950879	OK	 
REQUEST		AddToCart	1612370949629	1612370950879	OK	 
REQUEST		AddToCart	1612370949888	1612370951166	OK	 
REQUEST		AddToCart	1612370949958	1612370951623	OK	 
REQUEST		AddToCart	1612370950053	1612370951631	OK	 
REQUEST		AddToCart	1612370949906	1612370951631	OK	 
REQUEST		AddToCart	1612370949906	1612370951632	OK	 
REQUEST		AddToCart	1612370950356	1612370951643	OK	 
REQUEST		AddToCart	1612370949984	1612370951642	OK	 
REQUEST		AddToCart	1612370949973	1612370951643	OK	 
REQUEST		AddToCart	1612370950253	1612370951643	OK	 
REQUEST		AddToCart	1612370950502	1612370951649	OK	 
REQUEST		AddToCart	1612370950342	1612370951664	OK	 
REQUEST		AddToCart	1612370950661	1612370951667	OK	 
REQUEST		AddToCart	1612370950255	1612370951666	OK	 
REQUEST		AddToCart	1612370950710	1612370951667	OK	 
REQUEST		AddToCart	1612370950729	1612370951714	OK	 
REQUEST		AddToCart	1612370950346	1612370951681	OK	 
REQUEST		AddToCart	1612370950773	1612370951714	OK	 
REQUEST		AddToCart	1612370950580	1612370951732	OK	 
REQUEST		AddToCart	1612370950821	1612370951795	OK	 
REQUEST		AddToCart	1612370950966	1612370951787	OK	 
REQUEST		AddToCart	1612370950941	1612370951783	OK	 
REQUEST		AddToCart	1612370950504	1612370951796	OK	 
REQUEST		AddToCart	1612370950687	1612370951801	OK	 
REQUEST		AddToCart	1612370950658	1612370951804	OK	 
REQUEST		AddToCart	1612370950961	1612370951809	OK	 
REQUEST		AddToCart	1612370950344	1612370951819	OK	 
REQUEST		AddToCart	1612370950810	1612370951863	OK	 
REQUEST		AddToCart	1612370950753	1612370951851	OK	 
REQUEST		AddToCart	1612370951182	1612370951882	OK	 
REQUEST		AddToCart	1612370951245	1612370951883	OK	 
REQUEST		AddToCart	1612370951159	1612370951898	OK	 
REQUEST		AddToCart	1612370951239	1612370951901	OK	 
REQUEST		AddToCart	1612370950902	1612370951921	OK	 
REQUEST		AddToCart	1612370951102	1612370951927	OK	 
REQUEST		AddToCart	1612370950953	1612370951928	OK	 
REQUEST		AddToCart	1612370951253	1612370951943	OK	 
REQUEST		AddToCart	1612370951189	1612370951955	OK	 
REQUEST		AddToCart	1612370951770	1612370951966	OK	 
REQUEST		AddToCart	1612370951739	1612370951966	OK	 
REQUEST		AddToCart	1612370951739	1612370951975	OK	 
REQUEST		AddToCart	1612370951863	1612370952146	OK	 
REQUEST		AddToCart	1612370951871	1612370952254	OK	 
REQUEST		AddToCart	1612370951864	1612370952331	OK	 
REQUEST		AddToCart	1612370951871	1612370952358	OK	 
REQUEST		AddToCart	1612370951883	1612370952335	OK	 
REQUEST		AddToCart	1612370951873	1612370952337	OK	 
REQUEST		AddToCart	1612370951385	1612370952343	OK	 
REQUEST		AddToCart	1612370951456	1612370952342	OK	 
REQUEST		AddToCart	1612370951499	1612370952412	OK	 
REQUEST		AddToCart	1612370951872	1612370952411	OK	 
REQUEST		AddToCart	1612370951383	1612370952430	OK	 
REQUEST		AddToCart	1612370951882	1612370952430	OK	 
REQUEST		AddToCart	1612370951481	1612370952431	OK	 
REQUEST		AddToCart	1612370951442	1612370952432	OK	 
REQUEST		AddToCart	1612370951440	1612370952432	OK	 
REQUEST		AddToCart	1612370951550	1612370952461	OK	 
REQUEST		AddToCart	1612370951454	1612370952465	OK	 
REQUEST		AddToCart	1612370951580	1612370952480	OK	 
REQUEST		AddToCart	1612370951884	1612370952590	OK	 
REQUEST		AddToCart	1612370951897	1612370952590	OK	 
REQUEST		AddToCart	1612370951888	1612370952590	OK	 
REQUEST		AddToCart	1612370951900	1612370952601	OK	 
REQUEST		AddToCart	1612370951902	1612370952601	OK	 
REQUEST		AddToCart	1612370951894	1612370952603	OK	 
REQUEST		AddToCart	1612370951924	1612370952649	OK	 
REQUEST		AddToCart	1612370951920	1612370952649	OK	 
REQUEST		AddToCart	1612370951924	1612370952738	OK	 
REQUEST		AddToCart	1612370951951	1612370952738	OK	 
REQUEST		AddToCart	1612370951955	1612370952822	OK	 
REQUEST		AddToCart	1612370951951	1612370952824	OK	 
REQUEST		AddToCart	1612370952034	1612370952830	OK	 
REQUEST		AddToCart	1612370951976	1612370952831	OK	 
REQUEST		AddToCart	1612370951955	1612370952830	OK	 
REQUEST		AddToCart	1612370952018	1612370952835	OK	 
REQUEST		AddToCart	1612370951986	1612370952836	OK	 
REQUEST		AddToCart	1612370952035	1612370952847	OK	 
REQUEST		AddToCart	1612370951963	1612370952855	OK	 
REQUEST		AddToCart	1612370952035	1612370952863	OK	 
REQUEST		AddToCart	1612370952009	1612370952885	OK	 
REQUEST		AddToCart	1612370951984	1612370952884	OK	 
REQUEST		AddToCart	1612370951973	1612370952889	OK	 
REQUEST		AddToCart	1612370951967	1612370952888	OK	 
REQUEST		AddToCart	1612370952005	1612370952889	OK	 
REQUEST		AddToCart	1612370952059	1612370952900	OK	 
REQUEST		AddToCart	1612370952044	1612370952903	OK	 
REQUEST		AddToCart	1612370952060	1612370952912	OK	 
REQUEST		AddToCart	1612370952057	1612370952905	OK	 
REQUEST		AddToCart	1612370952042	1612370952917	OK	 
REQUEST		AddToCart	1612370952018	1612370952917	OK	 
REQUEST		AddToCart	1612370952934	1612370953005	OK	 
REQUEST		AddToCart	1612370952934	1612370953010	OK	 
REQUEST		AddToCart	1612370952934	1612370953009	OK	 
REQUEST		AddToCart	1612370952935	1612370953037	OK	 
REQUEST		AddToCart	1612370952934	1612370953042	OK	 
REQUEST		AddToCart	1612370953872	1612370953931	OK	 
REQUEST		AddToCart	1612370953880	1612370953986	OK	 
REQUEST		AddToCart	1612370953887	1612370954052	OK	 
REQUEST		AddToCart	1612370953881	1612370954056	OK	 
REQUEST		AddToCart	1612370953887	1612370954087	OK	 
REQUEST		AddToCart	1612370953886	1612370954087	OK	 
REQUEST		AddToCart	1612370954173	1612370954468	OK	 
REQUEST		AddToCart	1612370954652	1612370954747	OK	 
REQUEST		AddToCart	1612370954653	1612370954971	OK	 
REQUEST		AddToCart	1612370954666	1612370955159	OK	 
REQUEST		AddToCart	1612370954660	1612370955160	OK	 
REQUEST		AddToCart	1612370954668	1612370955190	OK	 
REQUEST		AddToCart	1612370954672	1612370955194	OK	 
REQUEST		AddToCart	1612370954671	1612370955195	OK	 
REQUEST		AddToCart	1612370954654	1612370955206	OK	 
REQUEST		AddToCart	1612370954668	1612370955211	OK	 
REQUEST		AddToCart	1612370954716	1612370955250	OK	 
REQUEST		AddToCart	1612370954722	1612370955249	OK	 
REQUEST		AddToCart	1612370954956	1612370955423	OK	 
REQUEST		AddToCart	1612370954959	1612370955448	OK	 
REQUEST		AddToCart	1612370954772	1612370955453	OK	 
REQUEST		AddToCart	1612370954742	1612370955453	OK	 
REQUEST		AddToCart	1612370954783	1612370955458	OK	 
REQUEST		AddToCart	1612370954834	1612370955465	OK	 
REQUEST		AddToCart	1612370954868	1612370955470	OK	 
REQUEST		AddToCart	1612370954834	1612370955476	OK	 
REQUEST		AddToCart	1612370954723	1612370955491	OK	 
REQUEST		AddToCart	1612370954874	1612370955503	OK	 
REQUEST		AddToCart	1612370954867	1612370955503	OK	 
REQUEST		AddToCart	1612370954853	1612370955514	OK	 
REQUEST		AddToCart	1612370954826	1612370955516	OK	 
REQUEST		AddToCart	1612370954741	1612370955517	OK	 
REQUEST		AddToCart	1612370954794	1612370955517	OK	 
REQUEST		AddToCart	1612370954900	1612370955532	OK	 
REQUEST		AddToCart	1612370954899	1612370955536	OK	 
REQUEST		AddToCart	1612370954924	1612370955540	OK	 
REQUEST		AddToCart	1612370954867	1612370955551	OK	 
REQUEST		AddToCart	1612370954818	1612370955551	OK	 
REQUEST		AddToCart	1612370954874	1612370955564	OK	 
REQUEST		AddToCart	1612370954937	1612370955567	OK	 
REQUEST		AddToCart	1612370954925	1612370955568	OK	 
REQUEST		AddToCart	1612370954959	1612370955580	OK	 
REQUEST		AddToCart	1612370954976	1612370955580	OK	 
REQUEST		AddToCart	1612370954981	1612370955580	OK	 
REQUEST		AddToCart	1612370954976	1612370955583	OK	 
REQUEST		AddToCart	1612370955154	1612370955583	OK	 
REQUEST		AddToCart	1612370955264	1612370955603	OK	 
REQUEST		AddToCart	1612370954988	1612370955603	OK	 
REQUEST		AddToCart	1612370955360	1612370955810	OK	 
REQUEST		AddToCart	1612370955417	1612370955814	OK	 
REQUEST		AddToCart	1612370955445	1612370955815	OK	 
REQUEST		AddToCart	1612370955442	1612370955824	OK	 
REQUEST		AddToCart	1612370955446	1612370955830	OK	 
REQUEST		AddToCart	1612370955448	1612370955830	OK	 
REQUEST		AddToCart	1612370955477	1612370955908	OK	 
REQUEST		AddToCart	1612370955492	1612370955922	OK	 
REQUEST		AddToCart	1612370955501	1612370955937	OK	 
REQUEST		AddToCart	1612370955492	1612370955926	OK	 
REQUEST		AddToCart	1612370955502	1612370955936	OK	 
REQUEST		AddToCart	1612370955492	1612370955952	OK	 
REQUEST		AddToCart	1612370955502	1612370955953	OK	 
REQUEST		AddToCart	1612370955603	1612370955977	OK	 
REQUEST		AddToCart	1612370955564	1612370955976	OK	 
REQUEST		AddToCart	1612370955516	1612370955990	OK	 
REQUEST		AddToCart	1612370955536	1612370955993	OK	 
REQUEST		AddToCart	1612370955617	1612370956139	OK	 
REQUEST		AddToCart	1612370955640	1612370956164	OK	 
REQUEST		AddToCart	1612370955648	1612370956242	OK	 
REQUEST		AddToCart	1612370955647	1612370956255	OK	 
REQUEST		AddToCart	1612370955650	1612370956258	OK	 
REQUEST		AddToCart	1612370955662	1612370956281	OK	 
REQUEST		AddToCart	1612370955659	1612370956281	OK	 
REQUEST		AddToCart	1612370955747	1612370956379	OK	 
REQUEST		AddToCart	1612370955747	1612370956447	OK	 
REQUEST		AddToCart	1612370955840	1612370956520	OK	 
REQUEST		AddToCart	1612370955831	1612370956521	OK	 
REQUEST		AddToCart	1612370955865	1612370956534	OK	 
REQUEST		AddToCart	1612370955867	1612370956538	OK	 
REQUEST		AddToCart	1612370955877	1612370956547	OK	 
REQUEST		AddToCart	1612370955868	1612370956551	OK	 
REQUEST		AddToCart	1612370955873	1612370956551	OK	 
REQUEST		AddToCart	1612370955877	1612370956561	OK	 
REQUEST		AddToCart	1612370955877	1612370956582	OK	 
REQUEST		AddToCart	1612370955880	1612370956585	OK	 
REQUEST		AddToCart	1612370955900	1612370956595	OK	 
REQUEST		AddToCart	1612370955907	1612370956608	OK	 
REQUEST		AddToCart	1612370955921	1612370956613	OK	 
REQUEST		AddToCart	1612370955905	1612370956613	OK	 
REQUEST		AddToCart	1612370955902	1612370956623	OK	 
REQUEST		AddToCart	1612370955904	1612370956623	OK	 
REQUEST		AddToCart	1612370955921	1612370956628	OK	 
REQUEST		AddToCart	1612370955936	1612370956638	OK	 
REQUEST		AddToCart	1612370955922	1612370956639	OK	 
REQUEST		AddToCart	1612370955953	1612370956648	OK	 
REQUEST		AddToCart	1612370955976	1612370956651	OK	 
REQUEST		CreateGeneral	1612370956011	1612370956678	OK	 
REQUEST		CreateGeneral	1612370956041	1612370956679	OK	 
REQUEST		CreateGeneral	1612370956055	1612370956687	OK	 
REQUEST		CreateGeneral	1612370956055	1612370956700	OK	 
REQUEST		CreateGeneral	1612370956043	1612370956700	OK	 
REQUEST		CreateGeneral	1612370956936	1612370957098	OK	 
REQUEST		CreateGeneral	1612370956990	1612370957148	OK	 
REQUEST		CreateGeneral	1612370957058	1612370957243	OK	 
REQUEST		CreateGeneral	1612370957060	1612370957255	OK	 
REQUEST		CreateGeneral	1612370957113	1612370957282	OK	 
REQUEST		CreateGeneral	1612370957113	1612370957324	OK	 
REQUEST		CreateGeneral	1612370957750	1612370957921	OK	 
REQUEST		CreateGeneral	1612370957471	1612370958062	OK	 
REQUEST		CreateGeneral	1612370957977	1612370958133	OK	 
REQUEST		CreateGeneral	1612370958173	1612370958490	KO	status.find.is(200), but actually found 400
REQUEST		CreateGeneral	1612370958170	1612370958508	OK	 
REQUEST		CreateGeneral	1612370958212	1612370958517	OK	 
REQUEST		CreateGeneral	1612370958197	1612370958550	OK	 
REQUEST		CreateGeneral	1612370958495	1612370958743	KO	status.find.is(200), but actually found 400
REQUEST		CreateGeneral	1612370958481	1612370958807	KO	status.find.is(200), but actually found 400
REQUEST		CreateGeneral	1612370958209	1612370958939	OK	 
REQUEST		CreateGeneral	1612370958270	1612370958953	OK	 
REQUEST		CreateGeneral	1612370958222	1612370958963	OK	 
REQUEST		CreateGeneral	1612370958221	1612370958974	OK	 
REQUEST		CreateGeneral	1612370958266	1612370958975	OK	 
REQUEST		CreateGeneral	1612370958466	1612370958978	OK	 
REQUEST		CreateGeneral	1612370958449	1612370959003	OK	 
REQUEST		CreateGeneral	1612370958484	1612370959047	OK	 
REQUEST		CreateGeneral	1612370958494	1612370959051	OK	 
REQUEST		CreateGeneral	1612370958537	1612370959045	KO	status.find.is(200), but actually found 400
REQUEST		CreateGeneral	1612370958481	1612370959060	OK	 
REQUEST		CreateGeneral	1612370958506	1612370959088	OK	 
REQUEST		CreateGeneral	1612370958495	1612370959099	OK	 
REQUEST		CreateGeneral	1612370958521	1612370959104	OK	 
REQUEST		CreateGeneral	1612370958563	1612370959120	KO	status.find.is(200), but actually found 400
REQUEST		CreateGeneral	1612370958538	1612370959137	KO	status.find.is(200), but actually found 400
REQUEST		CreateGeneral	1612370958618	1612370959521	KO	status.find.is(200), but actually found 400
REQUEST		CreateGeneral	1612370958539	1612370959693	OK	 
REQUEST		CreateGeneral	1612370958522	1612370959693	OK	 
REQUEST		CreateGeneral	1612370958538	1612370959692	OK	 
REQUEST		CreateGeneral	1612370958543	1612370959692	OK	 
REQUEST		CreateGeneral	1612370958554	1612370959716	OK	 
REQUEST		CreateGeneral	1612370958563	1612370959715	OK	 
REQUEST		CreateGeneral	1612370958554	1612370959717	OK	 
REQUEST		CreateGeneral	1612370958569	1612370959733	OK	 
REQUEST		CreateGeneral	1612370958581	1612370959751	OK	 
REQUEST		CreateGeneral	1612370958581	1612370959763	OK	 
REQUEST		CreateGeneral	1612370958832	1612370959775	KO	status.find.is(200), but actually found 400
REQUEST		CreateGeneral	1612370958603	1612370959824	OK	 
REQUEST		CreateGeneral	1612370958591	1612370959827	OK	 
REQUEST		CreateGeneral	1612370958620	1612370960056	OK	 
REQUEST		CreateGeneral	1612370958603	1612370960056	OK	 
REQUEST		CreateGeneral	1612370958604	1612370960056	OK	 
REQUEST		CreateGeneral	1612370958598	1612370960151	OK	 
REQUEST		CreateGeneral	1612370959298	1612370960288	KO	status.find.is(200), but actually found 400
REQUEST		CreateGeneral	1612370958825	1612370960683	OK	 
REQUEST		CreateGeneral	1612370958831	1612370960683	OK	 
REQUEST		CreateGeneral	1612370958818	1612370960690	OK	 
REQUEST		CreateGeneral	1612370958842	1612370960700	OK	 
REQUEST		CreateGeneral	1612370958843	1612370960701	OK	 
REQUEST		CreateGeneral	1612370958944	1612370960712	OK	 
REQUEST		CreateGeneral	1612370958923	1612370960717	OK	 
REQUEST		CreateGeneral	1612370958954	1612370960724	OK	 
REQUEST		CreateGeneral	1612370958963	1612370960735	OK	 
REQUEST		CreateGeneral	1612370958955	1612370960737	OK	 
REQUEST		CreateGeneral	1612370958988	1612370960765	OK	 
REQUEST		CreateGeneral	1612370958991	1612370960766	OK	 
REQUEST		CreateGeneral	1612370958994	1612370960793	OK	 
REQUEST		CreateGeneral	1612370958991	1612370960794	OK	 
REQUEST		CreateGeneral	1612370959001	1612370960839	OK	 
REQUEST		CreateGeneral	1612370958982	1612370960846	OK	 
REQUEST		CreateGeneral	1612370959149	1612370960887	OK	 
REQUEST		CreateGeneral	1612370959260	1612370960938	OK	 
REQUEST		CreateGeneral	1612370959181	1612370960942	OK	 
REQUEST		CreateGeneral	1612370959281	1612370960951	OK	 
REQUEST		CreateGeneral	1612370959273	1612370960951	OK	 
REQUEST		CreateGeneral	1612370959598	1612370960963	KO	status.find.is(200), but actually found 400
REQUEST		CreateGeneral	1612370959385	1612370960965	OK	 
REQUEST		CreateGeneral	1612370959598	1612370960964	KO	status.find.is(200), but actually found 400
REQUEST		CreateGeneral	1612370959450	1612370960970	OK	 
REQUEST		CreateGeneral	1612370959537	1612370960978	OK	 
REQUEST		CreateGeneral	1612370959530	1612370960991	OK	 
REQUEST		CreateGeneral	1612370959296	1612370960991	OK	 
REQUEST		CreateGeneral	1612370959590	1612370960991	KO	status.find.is(200), but actually found 400
REQUEST		CreateGeneral	1612370959585	1612370961039	KO	status.find.is(200), but actually found 400
REQUEST		CreateGeneral	1612370959636	1612370961211	KO	status.find.is(200), but actually found 400
REQUEST		CreateGeneral	1612370959640	1612370961216	KO	status.find.is(200), but actually found 400
REQUEST		CreateGeneral	1612370959640	1612370961216	KO	status.find.is(200), but actually found 400
REQUEST		CreateGeneral	1612370959657	1612370961235	KO	status.find.is(200), but actually found 400
REQUEST		CreateGeneral	1612370959552	1612370961515	OK	 
REQUEST		CreateGeneral	1612370959553	1612370961516	OK	 
REQUEST		CreateGeneral	1612370959591	1612370961528	OK	 
REQUEST		CreateGeneral	1612370959629	1612370961529	OK	 
REQUEST		CreateGeneral	1612370959591	1612370961533	OK	 
REQUEST		CreateGeneral	1612370959600	1612370961534	OK	 
REQUEST		CreateGeneral	1612370959626	1612370961558	OK	 
REQUEST		CreateGeneral	1612370959629	1612370961546	OK	 
REQUEST		CreateGeneral	1612370959666	1612370961584	OK	 
REQUEST		CreateGeneral	1612370959666	1612370961608	OK	 
REQUEST		CreateGeneral	1612370959652	1612370961621	OK	 
REQUEST		BookingDetails	1612370961248	1612370961718	OK	 
REQUEST		BookingDetails	1612370960690	1612370961972	OK	 
REQUEST		BookingDetails	1612370960691	1612370961977	OK	 
REQUEST		BookingDetails	1612370960710	1612370961985	OK	 
REQUEST		BookingDetails	1612370960699	1612370961989	OK	 
REQUEST		BookingDetails	1612370960710	1612370961997	OK	 
REQUEST		BookingDetails	1612370961163	1612370962035	OK	 
REQUEST		BookingDetails	1612370961306	1612370962038	OK	 
REQUEST		BookingDetails	1612370961259	1612370962042	OK	 
REQUEST		BookingDetails	1612370961105	1612370962050	OK	 
REQUEST		BookingDetails	1612370961331	1612370962054	OK	 
ERROR	BookingDetails: Failed to build request: No attribute named 'checkoutTokenID' is defined 	1612370962502
ERROR	CreatePaymentIntent: Failed to build request: No attribute named 'checkoutTokenID' is defined 	1612370962502
ERROR	BookingDetails: Failed to build request: No attribute named 'checkoutTokenID' is defined 	1612370962757
ERROR	CreatePaymentIntent: Failed to build request: No attribute named 'checkoutTokenID' is defined 	1612370962758
ERROR	BookingDetails: Failed to build request: No attribute named 'checkoutTokenID' is defined 	1612370962810
ERROR	CreatePaymentIntent: Failed to build request: No attribute named 'checkoutTokenID' is defined 	1612370962811
ERROR	BookingDetails: Failed to build request: No attribute named 'checkoutTokenID' is defined 	1612370963063
ERROR	CreatePaymentIntent: Failed to build request: No attribute named 'checkoutTokenID' is defined 	1612370963064
ERROR	BookingDetails: Failed to build request: No attribute named 'checkoutTokenID' is defined 	1612370963128
ERROR	CreatePaymentIntent: Failed to build request: No attribute named 'checkoutTokenID' is defined 	1612370963129
ERROR	BookingDetails: Failed to build request: No attribute named 'checkoutTokenID' is defined 	1612370963142
ERROR	CreatePaymentIntent: Failed to build request: No attribute named 'checkoutTokenID' is defined 	1612370963143
ERROR	BookingDetails: Failed to build request: No attribute named 'checkoutTokenID' is defined 	1612370963531
ERROR	CreatePaymentIntent: Failed to build request: No attribute named 'checkoutTokenID' is defined 	1612370963532
ERROR	BookingDetails: Failed to build request: No attribute named 'checkoutTokenID' is defined 	1612370963783
ERROR	CreatePaymentIntent: Failed to build request: No attribute named 'checkoutTokenID' is defined 	1612370963784
ERROR	BookingDetails: Failed to build request: No attribute named 'checkoutTokenID' is defined 	1612370964295
ERROR	CreatePaymentIntent: Failed to build request: No attribute named 'checkoutTokenID' is defined 	1612370964296
ERROR	BookingDetails: Failed to build request: No attribute named 'checkoutTokenID' is defined 	1612370964979
ERROR	CreatePaymentIntent: Failed to build request: No attribute named 'checkoutTokenID' is defined 	1612370964980
ERROR	BookingDetails: Failed to build request: No attribute named 'checkoutTokenID' is defined 	1612370964982
ERROR	CreatePaymentIntent: Failed to build request: No attribute named 'checkoutTokenID' is defined 	1612370964983
ERROR	BookingDetails: Failed to build request: No attribute named 'checkoutTokenID' is defined 	1612370965011
ERROR	CreatePaymentIntent: Failed to build request: No attribute named 'checkoutTokenID' is defined 	1612370965013
ERROR	BookingDetails: Failed to build request: No attribute named 'checkoutTokenID' is defined 	1612370965059
ERROR	CreatePaymentIntent: Failed to build request: No attribute named 'checkoutTokenID' is defined 	1612370965060
ERROR	BookingDetails: Failed to build request: No attribute named 'checkoutTokenID' is defined 	1612370965229
ERROR	CreatePaymentIntent: Failed to build request: No attribute named 'checkoutTokenID' is defined 	1612370965230
ERROR	BookingDetails: Failed to build request: No attribute named 'checkoutTokenID' is defined 	1612370965232
ERROR	CreatePaymentIntent: Failed to build request: No attribute named 'checkoutTokenID' is defined 	1612370965233
ERROR	BookingDetails: Failed to build request: No attribute named 'checkoutTokenID' is defined 	1612370965235
ERROR	CreatePaymentIntent: Failed to build request: No attribute named 'checkoutTokenID' is defined 	1612370965236
ERROR	BookingDetails: Failed to build request: No attribute named 'checkoutTokenID' is defined 	1612370965247
ERROR	CreatePaymentIntent: Failed to build request: No attribute named 'checkoutTokenID' is defined 	1612370965248
REQUEST		CreatePaymentIntent	1612370961722	1612370966318	OK	 
REQUEST		CreatePaymentIntent	1612370962075	1612370966331	OK	 
REQUEST		CreatePaymentIntent	1612370962000	1612370966331	OK	 
REQUEST		CreatePaymentIntent	1612370962061	1612370966331	OK	 
REQUEST		CreatePaymentIntent	1612370961977	1612370966407	OK	 
REQUEST		CreatePaymentIntent	1612370962050	1612370966408	OK	 
REQUEST		CreatePaymentIntent	1612370962049	1612370966408	OK	 
REQUEST		CreatePaymentIntent	1612370962065	1612370966411	OK	 
REQUEST		CreatePaymentIntent	1612370961984	1612370966424	OK	 
REQUEST		BookingDetails	1612370962075	1612370967079	OK	 
REQUEST		BookingDetails	1612370962140	1612370967078	OK	 
REQUEST		BookingDetails	1612370961930	1612370967079	OK	 
REQUEST		BookingDetails	1612370962964	1612370967094	OK	 
REQUEST		BookingDetails	1612370962553	1612370967098	OK	 
REQUEST		BookingDetails	1612370962523	1612370967099	OK	 
REQUEST		BookingDetails	1612370962514	1612370967099	OK	 
REQUEST		BookingDetails	1612370962981	1612370967134	OK	 
REQUEST		BookingDetails	1612370962973	1612370967249	OK	 
REQUEST		BookingDetails	1612370962944	1612370967250	OK	 
REQUEST		BookingDetails	1612370963009	1612370967254	OK	 
REQUEST		BookingDetails	1612370962991	1612370967264	OK	 
REQUEST		BookingDetails	1612370963066	1612370967327	OK	 
REQUEST		BookingDetails	1612370963064	1612370967327	OK	 
REQUEST		BookingDetails	1612370962982	1612370967669	OK	 
REQUEST		BookingDetails	1612370963061	1612370967669	OK	 
REQUEST		BookingDetails	1612370963117	1612370967813	OK	 
REQUEST		BookingDetails	1612370963105	1612370967813	OK	 
REQUEST		BookingDetails	1612370963117	1612370967874	OK	 
REQUEST		BookingDetails	1612370964756	1612370967929	OK	 
REQUEST		BookingDetails	1612370963711	1612370967947	OK	 
REQUEST		BookingDetails	1612370964761	1612370967955	OK	 
REQUEST		BookingDetails	1612370964731	1612370967947	OK	 
REQUEST		BookingDetails	1612370964793	1612370967948	OK	 
REQUEST		BookingDetails	1612370964854	1612370967955	OK	 
REQUEST		BookingDetails	1612370964794	1612370968012	OK	 
REQUEST		BookingDetails	1612370964844	1612370968012	OK	 
REQUEST		BookingDetails	1612370963707	1612370968670	OK	 
REQUEST		BookingDetails	1612370964807	1612370968674	OK	 
REQUEST		BookingDetails	1612370964725	1612370968675	OK	 
REQUEST		BookingDetails	1612370964949	1612370968685	OK	 
REQUEST		BookingDetails	1612370964891	1612370968689	OK	 
REQUEST		BookingDetails	1612370964952	1612370968697	OK	 
REQUEST		BookingDetails	1612370964965	1612370968697	OK	 
REQUEST		BookingDetails	1612370964965	1612370968700	OK	 
REQUEST		CreatePaymentIntent	1612370961992	1612370968722	OK	 
REQUEST		BookingDetails	1612370963719	1612370968726	OK	 
REQUEST		BookingDetails	1612370963735	1612370968736	OK	 
REQUEST		CreatePaymentIntent	1612370961989	1612370968736	OK	 
REQUEST		BookingDetails	1612370963730	1612370968744	OK	 
REQUEST		BookingDetails	1612370963735	1612370968752	OK	 
REQUEST		BookingDetails	1612370964073	1612370968776	OK	 
REQUEST		BookingDetails	1612370964071	1612370968771	OK	 
REQUEST		BookingDetails	1612370964070	1612370968793	OK	 
REQUEST		BookingDetails	1612370963757	1612370968797	OK	 
REQUEST		BookingDetails	1612370963712	1612370968798	OK	 
REQUEST		BookingDetails	1612370963838	1612370968829	OK	 
REQUEST		BookingDetails	1612370963839	1612370968829	OK	 
REQUEST		BookingDetails	1612370963769	1612370968845	OK	 
REQUEST		BookingDetails	1612370964157	1612370968851	OK	 
REQUEST		BookingDetails	1612370963743	1612370968854	OK	 
REQUEST		BookingDetails	1612370964691	1612370968855	OK	 
REQUEST		BookingDetails	1612370964691	1612370968858	OK	 
REQUEST		BookingDetails	1612370964709	1612370968963	OK	 
REQUEST		BookingDetails	1612370964710	1612370969036	OK	 
REQUEST		BookingDetails	1612370964703	1612370969052	OK	 
REQUEST		BookingDetails	1612370964806	1612370969058	OK	 
REQUEST		BookingDetails	1612370964717	1612370969067	OK	 
ERROR	ConfirmPayment: Failed to build request: No attribute named 'checkoutTokenID' is defined 	1612370969504
USER	GeneralAdmission1	END	1612370969510
REQUEST		CreatePaymentIntent	1612370967092	1612370969622	OK	 
REQUEST		CreatePaymentIntent	1612370967099	1612370969623	OK	 
REQUEST		CreatePaymentIntent	1612370967113	1612370969680	OK	 
REQUEST		BookingDetails	1612370964993	1612370969684	OK	 
REQUEST		CreatePaymentIntent	1612370967092	1612370969687	OK	 
REQUEST		BookingDetails	1612370964983	1612370969688	OK	 
REQUEST		CreatePaymentIntent	1612370967113	1612370969699	OK	 
REQUEST		BookingDetails	1612370965009	1612370969704	OK	 
REQUEST		BookingDetails	1612370964993	1612370969719	OK	 
ERROR	ConfirmPayment: Failed to build request: No attribute named 'checkoutTokenID' is defined 	1612370969760
USER	GeneralAdmission1	END	1612370969762
ERROR	ConfirmPayment: Failed to build request: No attribute named 'checkoutTokenID' is defined 	1612370969813
USER	GeneralAdmission1	END	1612370969819
REQUEST		BookingDetails	1612370965010	1612370969946	OK	 
REQUEST		CreatePaymentIntent	1612370967092	1612370970011	OK	 
REQUEST		BookingDetails	1612370965559	1612370970028	OK	 
REQUEST		BookingDetails	1612370965556	1612370970034	OK	 
REQUEST		BookingDetails	1612370965524	1612370970035	OK	 
REQUEST		BookingDetails	1612370965622	1612370970046	OK	 
REQUEST		BookingDetails	1612370965606	1612370970046	OK	 
REQUEST		BookingDetails	1612370965605	1612370970046	OK	 
REQUEST		BookingDetails	1612370965528	1612370970046	OK	 
REQUEST		BookingDetails	1612370965565	1612370970048	OK	 
REQUEST		CreatePaymentIntent	1612370967113	1612370970049	OK	 
ERROR	ConfirmPayment: Failed to build request: No attribute named 'checkoutTokenID' is defined 	1612370970081
REQUEST		BookingDetails	1612370965618	1612370970080	OK	 
REQUEST		BookingDetails	1612370965626	1612370970090	OK	 
REQUEST		BookingDetails	1612370965543	1612370970091	OK	 
ERROR	ConfirmPayment: Failed to build request: No attribute named 'checkoutTokenID' is defined 	1612370970131
USER	GeneralAdmission1	END	1612370970092
USER	GeneralAdmission1	END	1612370970135
ERROR	ConfirmPayment: Failed to build request: No attribute named 'checkoutTokenID' is defined 	1612370970145
USER	GeneralAdmission1	END	1612370970146
ERROR	ConfirmPayment: Failed to build request: No attribute named 'checkoutTokenID' is defined 	1612370970533
USER	GeneralAdmission1	END	1612370970534
REQUEST		CreatePaymentIntent	1612370967262	1612370970602	OK	 
ERROR	ConfirmPayment: Failed to build request: No attribute named 'checkoutTokenID' is defined 	1612370970785
USER	GeneralAdmission1	END	1612370970787
REQUEST		CreatePaymentIntent	1612370967261	1612370971213	OK	 
REQUEST		CreatePaymentIntent	1612370967267	1612370971217	OK	 
REQUEST		CreatePaymentIntent	1612370967146	1612370971218	OK	 
REQUEST		CreatePaymentIntent	1612370967256	1612370971230	OK	 
ERROR	ConfirmPayment: Failed to build request: No attribute named 'checkoutTokenID' is defined 	1612370971297
USER	GeneralAdmission1	END	1612370971299
REQUEST		CreatePaymentIntent	1612370967675	1612370971539	OK	 
REQUEST		CreatePaymentIntent	1612370967877	1612370971539	OK	 
REQUEST		CreatePaymentIntent	1612370967818	1612370971544	OK	 
REQUEST		CreatePaymentIntent	1612370967675	1612370971552	OK	 
REQUEST		CreatePaymentIntent	1612370967332	1612370971553	OK	 
REQUEST		CreatePaymentIntent	1612370968006	1612370971556	OK	 
REQUEST		CreatePaymentIntent	1612370967972	1612370971557	OK	 
REQUEST		CreatePaymentIntent	1612370968004	1612370971563	OK	 
REQUEST		CreatePaymentIntent	1612370967333	1612370971563	OK	 
REQUEST		CreatePaymentIntent	1612370968006	1612370971578	OK	 
REQUEST		CreatePaymentIntent	1612370968022	1612370971600	OK	 
REQUEST		CreatePaymentIntent	1612370967997	1612370971601	OK	 
REQUEST		CreatePaymentIntent	1612370967933	1612370971650	OK	 
REQUEST		CreatePaymentIntent	1612370967818	1612370971922	OK	 
REQUEST		CreatePaymentIntent	1612370968712	1612370971925	OK	 
REQUEST		CreatePaymentIntent	1612370968690	1612370971926	OK	 
REQUEST		CreatePaymentIntent	1612370968675	1612370971967	OK	 
REQUEST		CreatePaymentIntent	1612370968688	1612370971979	OK	 
ERROR	ConfirmPayment: Failed to build request: No attribute named 'checkoutTokenID' is defined 	1612370971983
REQUEST		CreatePaymentIntent	1612370968737	1612370971980	OK	 
REQUEST		CreatePaymentIntent	1612370968711	1612370971982	OK	 
REQUEST		CreatePaymentIntent	1612370968688	1612370971983	OK	 
ERROR	ConfirmPayment: Failed to build request: No attribute named 'checkoutTokenID' is defined 	1612370972002
REQUEST		CreatePaymentIntent	1612370968709	1612370971993	OK	 
USER	GeneralAdmission1	END	1612370972009
REQUEST		CreatePaymentIntent	1612370968773	1612370972010	OK	 
REQUEST		CreatePaymentIntent	1612370968752	1612370972010	OK	 
USER	GeneralAdmission1	END	1612370972009
REQUEST		CreatePaymentIntent	1612370968791	1612370972011	OK	 
REQUEST		CreatePaymentIntent	1612370968822	1612370972021	OK	 
REQUEST		CreatePaymentIntent	1612370968858	1612370972032	OK	 
REQUEST		CreatePaymentIntent	1612370968824	1612370972028	OK	 
REQUEST		CreatePaymentIntent	1612370968848	1612370972029	OK	 
ERROR	ConfirmPayment: Failed to build request: No attribute named 'checkoutTokenID' is defined 	1612370972046
REQUEST		CreatePaymentIntent	1612370968845	1612370972046	OK	 
REQUEST		CreatePaymentIntent	1612370968800	1612370972047	OK	 
ERROR	ConfirmPayment: Failed to build request: No attribute named 'checkoutTokenID' is defined 	1612370972062
REQUEST		CreatePaymentIntent	1612370968873	1612370972046	OK	 
USER	GeneralAdmission1	END	1612370972050
REQUEST		CreatePaymentIntent	1612370968873	1612370972068	OK	 
REQUEST		CreatePaymentIntent	1612370968711	1612370972063	OK	 
USER	GeneralAdmission1	END	1612370972069
REQUEST		CreatePaymentIntent	1612370968874	1612370972081	OK	 
REQUEST		CreatePaymentIntent	1612370968826	1612370972081	OK	 
REQUEST		CreatePaymentIntent	1612370968966	1612370972089	OK	 
REQUEST		CreatePaymentIntent	1612370969059	1612370972088	OK	 
ERROR	ConfirmPayment: Failed to build request: No attribute named 'checkoutTokenID' is defined 	1612370972232
USER	GeneralAdmission1	END	1612370972234
ERROR	ConfirmPayment: Failed to build request: No attribute named 'checkoutTokenID' is defined 	1612370972235
USER	GeneralAdmission1	END	1612370972236
ERROR	ConfirmPayment: Failed to build request: No attribute named 'checkoutTokenID' is defined 	1612370972238
USER	GeneralAdmission1	END	1612370972239
ERROR	ConfirmPayment: Failed to build request: No attribute named 'checkoutTokenID' is defined 	1612370972249
REQUEST		CreatePaymentIntent	1612370969071	1612370972250	OK	 
REQUEST		CreatePaymentIntent	1612370969722	1612370972250	OK	 
REQUEST		CreatePaymentIntent	1612370969066	1612370972250	OK	 
USER	GeneralAdmission1	END	1612370972251
REQUEST		CreatePaymentIntent	1612370969057	1612370972257	OK	 
REQUEST		CreatePaymentIntent	1612370970035	1612370972274	OK	 
REQUEST		CreatePaymentIntent	1612370970074	1612370972283	OK	 
REQUEST		CreatePaymentIntent	1612370970049	1612370972284	OK	 
REQUEST		CreatePaymentIntent	1612370970059	1612370972284	OK	 
REQUEST		CreatePaymentIntent	1612370969698	1612370972285	OK	 
REQUEST		CreatePaymentIntent	1612370970119	1612370972308	OK	 
REQUEST		CreatePaymentIntent	1612370969687	1612370972308	OK	 
REQUEST		CreatePaymentIntent	1612370970113	1612370972309	OK	 
REQUEST		CreatePaymentIntent	1612370970093	1612370972324	OK	 
REQUEST		CreatePaymentIntent	1612370970048	1612370972324	OK	 
REQUEST		CreatePaymentIntent	1612370969952	1612370972333	OK	 
REQUEST		CreatePaymentIntent	1612370969712	1612370972333	OK	 
REQUEST		CreatePaymentIntent	1612370970074	1612370972346	OK	 
REQUEST		CreatePaymentIntent	1612370970076	1612370972347	OK	 
REQUEST		CreatePaymentIntent	1612370968022	1612370972350	OK	 
REQUEST		CreatePaymentIntent	1612370968839	1612370972364	OK	 
REQUEST		CreatePaymentIntent	1612370970068	1612370972371	OK	 
REQUEST		CreatePaymentIntent	1612370968873	1612370972382	OK	 
REQUEST		ConfirmPayment	1612370973424	1612370975970	OK	 
USER	GeneralAdmission1	END	1612370975975
REQUEST		ConfirmPayment	1612370973428	1612370976062	OK	 
USER	GeneralAdmission1	END	1612370976066
REQUEST		ConfirmPayment	1612370973332	1612370976111	OK	 
REQUEST		ConfirmPayment	1612370975753	1612370976116	OK	 
USER	GeneralAdmission1	END	1612370976117
REQUEST		ConfirmPayment	1612370973344	1612370976119	OK	 
USER	GeneralAdmission1	END	1612370976124
REQUEST		ConfirmPayment	1612370973344	1612370976126	OK	 
REQUEST		ConfirmPayment	1612370973346	1612370976126	OK	 
REQUEST		ConfirmPayment	1612370973421	1612370976127	OK	 
USER	GeneralAdmission1	END	1612370976127
USER	GeneralAdmission1	END	1612370976137
USER	GeneralAdmission1	END	1612370976137
USER	GeneralAdmission1	END	1612370976137
REQUEST		ConfirmPayment	1612370973425	1612370976148	OK	 
USER	GeneralAdmission1	END	1612370976151
REQUEST		ConfirmPayment	1612370973425	1612370976549	OK	 
USER	GeneralAdmission1	END	1612370976552
REQUEST		ConfirmPayment	1612370976631	1612370977156	OK	 
REQUEST		ConfirmPayment	1612370976632	1612370977159	OK	 
USER	GeneralAdmission1	END	1612370977161
USER	GeneralAdmission1	END	1612370977165
REQUEST		ConfirmPayment	1612370976685	1612370977216	OK	 
REQUEST		ConfirmPayment	1612370976699	1612370977219	OK	 
REQUEST		ConfirmPayment	1612370976713	1612370977219	OK	 
USER	GeneralAdmission1	END	1612370977222
USER	GeneralAdmission1	END	1612370977225
USER	GeneralAdmission1	END	1612370977225
REQUEST		ConfirmPayment	1612370977069	1612370977358	OK	 
REQUEST		ConfirmPayment	1612370977015	1612370977361	OK	 
USER	GeneralAdmission1	END	1612370977362
USER	GeneralAdmission1	END	1612370977365
REQUEST		ConfirmPayment	1612370975727	1612370977548	OK	 
USER	GeneralAdmission1	END	1612370977561
REQUEST		ConfirmPayment	1612370977614	1612370977852	OK	 
USER	GeneralAdmission1	END	1612370977856
REQUEST		ConfirmPayment	1612370978218	1612370979133	OK	 
REQUEST		ConfirmPayment	1612370978231	1612370979137	OK	 
REQUEST		ConfirmPayment	1612370978230	1612370979137	OK	 
USER	GeneralAdmission1	END	1612370979138
USER	GeneralAdmission1	END	1612370979170
USER	GeneralAdmission1	END	1612370979171
REQUEST		ConfirmPayment	1612370978547	1612370979198	OK	 
USER	GeneralAdmission1	END	1612370979207
REQUEST		ConfirmPayment	1612370979265	1612370979932	KO	status.find.in(200,201,202,203,204,205,206,207,208,209,304), found 500
REQUEST		ConfirmPayment	1612370978655	1612370979936	KO	status.find.in(200,201,202,203,204,205,206,207,208,209,304), found 500
REQUEST		ConfirmPayment	1612370979310	1612370979937	KO	status.find.in(200,201,202,203,204,205,206,207,208,209,304), found 500
USER	GeneralAdmission1	END	1612370979938
REQUEST		ConfirmPayment	1612370979308	1612370979938	KO	status.find.in(200,201,202,203,204,205,206,207,208,209,304), found 500
USER	GeneralAdmission1	END	1612370979949
REQUEST		ConfirmPayment	1612370979325	1612370979954	KO	status.find.in(200,201,202,203,204,205,206,207,208,209,304), found 500
REQUEST		ConfirmPayment	1612370979324	1612370979952	KO	status.find.in(200,201,202,203,204,205,206,207,208,209,304), found 500
USER	GeneralAdmission1	END	1612370979950
REQUEST		ConfirmPayment	1612370979311	1612370979953	KO	status.find.in(200,201,202,203,204,205,206,207,208,209,304), found 500
REQUEST		ConfirmPayment	1612370979313	1612370979953	KO	status.find.in(200,201,202,203,204,205,206,207,208,209,304), found 500
USER	GeneralAdmission1	END	1612370979962
REQUEST		ConfirmPayment	1612370979271	1612370979954	KO	status.find.in(200,201,202,203,204,205,206,207,208,209,304), found 500
USER	GeneralAdmission1	END	1612370979970
REQUEST		ConfirmPayment	1612370979272	1612370979969	KO	status.find.in(200,201,202,203,204,205,206,207,208,209,304), found 500
USER	GeneralAdmission1	END	1612370979972
USER	GeneralAdmission1	END	1612370979981
REQUEST		ConfirmPayment	1612370979295	1612370979973	KO	status.find.in(200,201,202,203,204,205,206,207,208,209,304), found 500
REQUEST		ConfirmPayment	1612370979374	1612370979989	KO	status.find.in(200,201,202,203,204,205,206,207,208,209,304), found 500
REQUEST		ConfirmPayment	1612370978938	1612370979988	KO	status.find.in(200,201,202,203,204,205,206,207,208,209,304), found 500
REQUEST		ConfirmPayment	1612370979360	1612370979988	KO	status.find.in(200,201,202,203,204,205,206,207,208,209,304), found 500
USER	GeneralAdmission1	END	1612370979982
USER	GeneralAdmission1	END	1612370979996
REQUEST		ConfirmPayment	1612370978612	1612370980007	KO	status.find.in(200,201,202,203,204,205,206,207,208,209,304), found 500
REQUEST		ConfirmPayment	1612370979359	1612370980013	KO	status.find.in(200,201,202,203,204,205,206,207,208,209,304), found 500
USER	GeneralAdmission1	END	1612370980005
USER	GeneralAdmission1	END	1612370980008
USER	GeneralAdmission1	END	1612370980018
USER	GeneralAdmission1	END	1612370980023
REQUEST		ConfirmPayment	1612370978938	1612370980030	KO	status.find.in(200,201,202,203,204,205,206,207,208,209,304), found 500
USER	GeneralAdmission1	END	1612370980023
USER	GeneralAdmission1	END	1612370980031
USER	GeneralAdmission1	END	1612370980031
USER	GeneralAdmission1	END	1612370980038
REQUEST		ConfirmPayment	1612370979273	1612370980039	KO	status.find.in(200,201,202,203,204,205,206,207,208,209,304), found 500
USER	GeneralAdmission1	END	1612370980042
REQUEST		ConfirmPayment	1612370979386	1612370980047	KO	status.find.in(200,201,202,203,204,205,206,207,208,209,304), found 500
REQUEST		ConfirmPayment	1612370979341	1612370980049	KO	status.find.in(200,201,202,203,204,205,206,207,208,209,304), found 500
REQUEST		ConfirmPayment	1612370979333	1612370980051	KO	status.find.in(200,201,202,203,204,205,206,207,208,209,304), found 500
USER	GeneralAdmission1	END	1612370980053
REQUEST		ConfirmPayment	1612370979344	1612370980054	KO	status.find.in(200,201,202,203,204,205,206,207,208,209,304), found 500
USER	GeneralAdmission1	END	1612370980061
REQUEST		ConfirmPayment	1612370979352	1612370980055	KO	status.find.in(200,201,202,203,204,205,206,207,208,209,304), found 500
USER	GeneralAdmission1	END	1612370980064
REQUEST		ConfirmPayment	1612370979371	1612370980062	KO	status.find.in(200,201,202,203,204,205,206,207,208,209,304), found 500
USER	GeneralAdmission1	END	1612370980071
USER	GeneralAdmission1	END	1612370980073
USER	GeneralAdmission1	END	1612370980073
REQUEST		ConfirmPayment	1612370978580	1612370980172	KO	status.find.in(200,201,202,203,204,205,206,207,208,209,304), found 500
USER	GeneralAdmission1	END	1612370980176
REQUEST		ConfirmPayment	1612370978927	1612370980264	KO	status.find.in(200,201,202,203,204,205,206,207,208,209,304), found 500
REQUEST		ConfirmPayment	1612370978980	1612370980264	KO	status.find.in(200,201,202,203,204,205,206,207,208,209,304), found 500
USER	GeneralAdmission1	END	1612370980270
USER	GeneralAdmission1	END	1612370980270
REQUEST		ConfirmPayment	1612370978579	1612370980316	KO	status.find.in(200,201,202,203,204,205,206,207,208,209,304), found 500
USER	GeneralAdmission1	END	1612370980319
REQUEST		ConfirmPayment	1612370979356	1612370980409	KO	status.find.in(200,201,202,203,204,205,206,207,208,209,304), found 500
USER	GeneralAdmission1	END	1612370980412
REQUEST		ConfirmPayment	1612370979353	1612370980414	KO	status.find.in(200,201,202,203,204,205,206,207,208,209,304), found 500
USER	GeneralAdmission1	END	1612370980418
REQUEST		ConfirmPayment	1612370978579	1612370980527	OK	 
REQUEST		ConfirmPayment	1612370978580	1612370980531	OK	 
REQUEST		ConfirmPayment	1612370978545	1612370980531	OK	 
REQUEST		ConfirmPayment	1612370978233	1612370980532	OK	 
USER	GeneralAdmission1	END	1612370980532
REQUEST		ConfirmPayment	1612370978586	1612370980539	OK	 
USER	GeneralAdmission1	END	1612370980542
REQUEST		ConfirmPayment	1612370978554	1612370980545	OK	 
USER	GeneralAdmission1	END	1612370980543
USER	GeneralAdmission1	END	1612370980546
USER	GeneralAdmission1	END	1612370980546
USER	GeneralAdmission1	END	1612370980551
REQUEST		ConfirmPayment	1612370978564	1612370980584	OK	 
USER	GeneralAdmission1	END	1612370980590
REQUEST		ConfirmPayment	1612370978615	1612370980590	OK	 
REQUEST		ConfirmPayment	1612370978572	1612370980591	OK	 
USER	GeneralAdmission1	END	1612370980599
USER	GeneralAdmission1	END	1612370980599
REQUEST		ConfirmPayment	1612370979085	1612370980937	OK	 
REQUEST		ConfirmPayment	1612370979101	1612370980940	OK	 
USER	GeneralAdmission1	END	1612370980941
USER	GeneralAdmission1	END	1612370980944
REQUEST		ConfirmPayment	1612370979085	1612370980963	OK	 
REQUEST		ConfirmPayment	1612370979049	1612370980964	OK	 
REQUEST		ConfirmPayment	1612370979090	1612370980964	OK	 
USER	GeneralAdmission1	END	1612370980971
USER	GeneralAdmission1	END	1612370980971
USER	GeneralAdmission1	END	1612370980971
REQUEST		ConfirmPayment	1612370979070	1612370980975	OK	 
USER	GeneralAdmission1	END	1612370980980
REQUEST		ConfirmPayment	1612370979050	1612370980993	OK	 
USER	GeneralAdmission1	END	1612370981001
REQUEST		ConfirmPayment	1612370978994	1612370982329	OK	 
REQUEST		ConfirmPayment	1612370979031	1612370982331	OK	 
REQUEST		ConfirmPayment	1612370979015	1612370982333	OK	 
REQUEST		ConfirmPayment	1612370979098	1612370982334	OK	 
REQUEST		ConfirmPayment	1612370979030	1612370982333	OK	 
USER	GeneralAdmission1	END	1612370982338
REQUEST		ConfirmPayment	1612370979102	1612370982360	OK	 
USER	GeneralAdmission1	END	1612370982348
USER	GeneralAdmission1	END	1612370982358
USER	GeneralAdmission1	END	1612370982359
REQUEST		ConfirmPayment	1612370979074	1612370982404	OK	 
USER	GeneralAdmission1	END	1612370982398
USER	GeneralAdmission1	END	1612370982401
USER	GeneralAdmission1	END	1612370982410
REQUEST		ConfirmPayment	1612370979010	1612370982411	OK	 
USER	GeneralAdmission1	END	1612370982414
REQUEST		ConfirmPayment	1612370979033	1612370983263	OK	 
USER	GeneralAdmission1	END	1612370983266
REQUEST		ConfirmPayment	1612370979046	1612370983274	OK	 
REQUEST		ConfirmPayment	1612370979069	1612370983275	OK	 
REQUEST		ConfirmPayment	1612370979004	1612370983275	OK	 
REQUEST		ConfirmPayment	1612370979009	1612370983275	OK	 
USER	GeneralAdmission1	END	1612370983283
USER	GeneralAdmission1	END	1612370983283
USER	GeneralAdmission1	END	1612370983283
USER	GeneralAdmission1	END	1612370983286
REQUEST		ConfirmPayment	1612370979050	1612370983389	OK	 
USER	GeneralAdmission1	END	1612370983394
