RUN	GeneralAdmission1	generaladmission1	1612373706287	 	3.5.0
USER	GeneralAdmission1	START	1612373708647
USER	GeneralAdmission1	START	1612373708826
USER	GeneralAdmission1	START	1612373708747
USER	GeneralAdmission1	START	1612373708592
USER	GeneralAdmission1	START	1612373708647
USER	GeneralAdmission1	START	1612373708643
USER	GeneralAdmission1	START	1612373708746
USER	GeneralAdmission1	START	1612373708770
USER	GeneralAdmission1	START	1612373708640
USER	GeneralAdmission1	START	1612373708860
USER	GeneralAdmission1	START	1612373708850
USER	GeneralAdmission1	START	1612373708854
USER	GeneralAdmission1	START	1612373708849
USER	GeneralAdmission1	START	1612373708856
USER	GeneralAdmission1	START	1612373708852
USER	GeneralAdmission1	START	1612373708854
USER	GeneralAdmission1	START	1612373708862
USER	GeneralAdmission1	START	1612373708870
USER	GeneralAdmission1	START	1612373708886
USER	GeneralAdmission1	START	1612373708883
USER	GeneralAdmission1	START	1612373708881
USER	GeneralAdmission1	START	1612373708888
USER	GeneralAdmission1	START	1612373708896
USER	GeneralAdmission1	START	1612373708947
USER	GeneralAdmission1	START	1612373708961
USER	GeneralAdmission1	START	1612373708906
USER	GeneralAdmission1	START	1612373708969
USER	GeneralAdmission1	START	1612373708955
USER	GeneralAdmission1	START	1612373708953
USER	GeneralAdmission1	START	1612373708962
USER	GeneralAdmission1	START	1612373708968
USER	GeneralAdmission1	START	1612373708989
USER	GeneralAdmission1	START	1612373708992
USER	GeneralAdmission1	START	1612373709000
USER	GeneralAdmission1	START	1612373709003
USER	GeneralAdmission1	START	1612373709001
USER	GeneralAdmission1	START	1612373708998
USER	GeneralAdmission1	START	1612373709036
USER	GeneralAdmission1	START	1612373709051
USER	GeneralAdmission1	START	1612373709004
USER	GeneralAdmission1	START	1612373709037
USER	GeneralAdmission1	START	1612373709039
USER	GeneralAdmission1	START	1612373709045
USER	GeneralAdmission1	START	1612373709042
USER	GeneralAdmission1	START	1612373709056
USER	GeneralAdmission1	START	1612373709055
USER	GeneralAdmission1	START	1612373709067
USER	GeneralAdmission1	START	1612373709060
USER	GeneralAdmission1	START	1612373709096
USER	GeneralAdmission1	START	1612373709090
USER	GeneralAdmission1	START	1612373709110
USER	GeneralAdmission1	START	1612373709102
USER	GeneralAdmission1	START	1612373709101
USER	GeneralAdmission1	START	1612373709119
USER	GeneralAdmission1	START	1612373709115
USER	GeneralAdmission1	START	1612373709107
USER	GeneralAdmission1	START	1612373709124
USER	GeneralAdmission1	START	1612373709134
USER	GeneralAdmission1	START	1612373709138
USER	GeneralAdmission1	START	1612373709140
USER	GeneralAdmission1	START	1612373709143
USER	GeneralAdmission1	START	1612373709155
USER	GeneralAdmission1	START	1612373709152
USER	GeneralAdmission1	START	1612373709168
USER	GeneralAdmission1	START	1612373709158
USER	GeneralAdmission1	START	1612373709160
USER	GeneralAdmission1	START	1612373709184
USER	GeneralAdmission1	START	1612373709172
USER	GeneralAdmission1	START	1612373709174
USER	GeneralAdmission1	START	1612373709185
USER	GeneralAdmission1	START	1612373709186
USER	GeneralAdmission1	START	1612373709190
USER	GeneralAdmission1	START	1612373709188
USER	GeneralAdmission1	START	1612373709199
USER	GeneralAdmission1	START	1612373709207
USER	GeneralAdmission1	START	1612373709203
USER	GeneralAdmission1	START	1612373709245
USER	GeneralAdmission1	START	1612373709244
USER	GeneralAdmission1	START	1612373709208
USER	GeneralAdmission1	START	1612373709225
USER	GeneralAdmission1	START	1612373709227
USER	GeneralAdmission1	START	1612373709240
USER	GeneralAdmission1	START	1612373709211
USER	GeneralAdmission1	START	1612373709250
USER	GeneralAdmission1	START	1612373709261
USER	GeneralAdmission1	START	1612373709268
USER	GeneralAdmission1	START	1612373709281
USER	GeneralAdmission1	START	1612373709286
USER	GeneralAdmission1	START	1612373709288
USER	GeneralAdmission1	START	1612373709288
USER	GeneralAdmission1	START	1612373709291
USER	GeneralAdmission1	START	1612373709332
USER	GeneralAdmission1	START	1612373709294
USER	GeneralAdmission1	START	1612373709302
USER	GeneralAdmission1	START	1612373709312
USER	GeneralAdmission1	START	1612373709307
USER	GeneralAdmission1	START	1612373709316
USER	GeneralAdmission1	START	1612373709383
USER	GeneralAdmission1	START	1612373709388
USER	GeneralAdmission1	START	1612373709373
REQUEST		GetToken	1612373708740	1612373710601	OK	 
REQUEST		GetToken	1612373708762	1612373710862	OK	 
REQUEST		GetToken	1612373708803	1612373711154	OK	 
REQUEST		GetToken	1612373708762	1612373711169	OK	 
REQUEST		GetToken	1612373708838	1612373711227	OK	 
REQUEST		GetToken	1612373708846	1612373711237	OK	 
REQUEST		GetToken	1612373708770	1612373711253	OK	 
REQUEST		GetToken	1612373708889	1612373711296	OK	 
REQUEST		GetToken	1612373708869	1612373711302	OK	 
REQUEST		GetToken	1612373708888	1612373711321	OK	 
REQUEST		GetToken	1612373708973	1612373711337	OK	 
REQUEST		GetToken	1612373708882	1612373711383	OK	 
REQUEST		GetToken	1612373708971	1612373711395	OK	 
REQUEST		GetToken	1612373709016	1612373711494	OK	 
REQUEST		GetToken	1612373708965	1612373711493	OK	 
REQUEST		GetToken	1612373708944	1612373711508	OK	 
REQUEST		GetToken	1612373708863	1612373711525	OK	 
REQUEST		GetToken	1612373708860	1612373711542	OK	 
REQUEST		GetToken	1612373709010	1612373711567	OK	 
REQUEST		GetToken	1612373708983	1612373711568	OK	 
REQUEST		GetToken	1612373708936	1612373711578	OK	 
REQUEST		GetToken	1612373708868	1612373711581	OK	 
REQUEST		GetToken	1612373708862	1612373711596	OK	 
REQUEST		GetToken	1612373708771	1612373711642	OK	 
REQUEST		GetToken	1612373708976	1612373711676	OK	 
REQUEST		GetToken	1612373709034	1612373711677	OK	 
REQUEST		GetToken	1612373708950	1612373711676	OK	 
REQUEST		GetToken	1612373709051	1612373711685	OK	 
REQUEST		GetToken	1612373708903	1612373711719	OK	 
REQUEST		GetToken	1612373709091	1612373711725	OK	 
REQUEST		GetToken	1612373708875	1612373711805	OK	 
REQUEST		GetToken	1612373709071	1612373711817	OK	 
REQUEST		GetToken	1612373708996	1612373711833	OK	 
REQUEST		GetToken	1612373709087	1612373711861	OK	 
REQUEST		GetToken	1612373709108	1612373711869	OK	 
REQUEST		GetToken	1612373708963	1612373711897	OK	 
REQUEST		GetToken	1612373709135	1612373711904	OK	 
REQUEST		GetToken	1612373709037	1612373711931	OK	 
REQUEST		GetToken	1612373709126	1612373711944	OK	 
REQUEST		GetToken	1612373709133	1612373711950	OK	 
REQUEST		GetToken	1612373708936	1612373711949	OK	 
REQUEST		GetToken	1612373709169	1612373712022	OK	 
REQUEST		GetToken	1612373709153	1612373712050	OK	 
REQUEST		GetToken	1612373709144	1612373712053	OK	 
REQUEST		GetToken	1612373709013	1612373712053	OK	 
REQUEST		GetToken	1612373709086	1612373712064	OK	 
REQUEST		GetToken	1612373708996	1612373712071	OK	 
REQUEST		GetToken	1612373709192	1612373712181	OK	 
REQUEST		GetToken	1612373709173	1612373712204	OK	 
REQUEST		GetToken	1612373709025	1612373712205	OK	 
REQUEST		GetToken	1612373709135	1612373712208	OK	 
REQUEST		GetToken	1612373709032	1612373712208	OK	 
REQUEST		GetToken	1612373709068	1612373712211	OK	 
REQUEST		GetToken	1612373709181	1612373712211	OK	 
REQUEST		GetToken	1612373709215	1612373712250	OK	 
REQUEST		GetToken	1612373709172	1612373712286	OK	 
REQUEST		GetToken	1612373709071	1612373712289	OK	 
REQUEST		GetToken	1612373709098	1612373712296	OK	 
REQUEST		GetToken	1612373709205	1612373712286	OK	 
REQUEST		GetToken	1612373709204	1612373712355	OK	 
REQUEST		GetToken	1612373709126	1612373712439	OK	 
REQUEST		GetToken	1612373709193	1612373712454	OK	 
REQUEST		GetToken	1612373709139	1612373712464	OK	 
REQUEST		GetToken	1612373709255	1612373712476	OK	 
REQUEST		GetToken	1612373709264	1612373712491	OK	 
REQUEST		GetToken	1612373709160	1612373712523	OK	 
REQUEST		GetToken	1612373709293	1612373712525	OK	 
REQUEST		GetToken	1612373709235	1612373712622	OK	 
REQUEST		GetToken	1612373709294	1612373712648	OK	 
REQUEST		GetToken	1612373709189	1612373712677	OK	 
REQUEST		GetToken	1612373709277	1612373712665	OK	 
REQUEST		GetToken	1612373709166	1612373712693	OK	 
REQUEST		GetToken	1612373709053	1612373712699	OK	 
REQUEST		GetToken	1612373709190	1612373712726	OK	 
REQUEST		GetToken	1612373709288	1612373712736	OK	 
REQUEST		GetToken	1612373709027	1612373712767	OK	 
REQUEST		GetToken	1612373709211	1612373712762	OK	 
REQUEST		GetToken	1612373709257	1612373712768	OK	 
REQUEST		GetToken	1612373709377	1612373712779	OK	 
REQUEST		GetToken	1612373709249	1612373712777	OK	 
REQUEST		GetToken	1612373709305	1612373712775	OK	 
REQUEST		GetToken	1612373709335	1612373712793	OK	 
REQUEST		GetToken	1612373709333	1612373712812	OK	 
REQUEST		GetToken	1612373709395	1612373712910	OK	 
REQUEST		GetToken	1612373709241	1612373712923	OK	 
REQUEST		GetToken	1612373708835	1612373712931	OK	 
REQUEST		GetToken	1612373709360	1612373712930	OK	 
REQUEST		GetToken	1612373709211	1612373712934	OK	 
REQUEST		GetToken	1612373709092	1612373712935	OK	 
REQUEST		GetToken	1612373709380	1612373712946	OK	 
REQUEST		GetToken	1612373709137	1612373713009	OK	 
REQUEST		GetToken	1612373709295	1612373713016	OK	 
REQUEST		GetToken	1612373709245	1612373713015	OK	 
REQUEST		GetToken	1612373709283	1612373713020	OK	 
REQUEST		GetToken	1612373709170	1612373713060	OK	 
REQUEST		GetToken	1612373709311	1612373713065	OK	 
REQUEST		GetToken	1612373709200	1612373713093	OK	 
REQUEST		GetToken	1612373709290	1612373713105	OK	 
REQUEST		GetToken	1612373709360	1612373713111	OK	 
REQUEST		GetToken	1612373709385	1612373713120	OK	 
REQUEST		AddToCart	1612373715975	1612373716028	OK	 
REQUEST		AddToCart	1612373715974	1612373716041	OK	 
REQUEST		AddToCart	1612373716213	1612373716261	OK	 
REQUEST		AddToCart	1612373716218	1612373716266	OK	 
REQUEST		AddToCart	1612373716277	1612373716331	OK	 
REQUEST		AddToCart	1612373716279	1612373716331	OK	 
REQUEST		AddToCart	1612373716294	1612373716343	OK	 
REQUEST		AddToCart	1612373716324	1612373716366	OK	 
REQUEST		AddToCart	1612373716341	1612373716419	OK	 
REQUEST		AddToCart	1612373716326	1612373716419	OK	 
REQUEST		AddToCart	1612373716372	1612373716419	OK	 
REQUEST		AddToCart	1612373716393	1612373716435	OK	 
REQUEST		AddToCart	1612373716416	1612373716466	OK	 
REQUEST		AddToCart	1612373716512	1612373716563	OK	 
REQUEST		AddToCart	1612373716517	1612373716579	OK	 
REQUEST		AddToCart	1612373716514	1612373716580	OK	 
REQUEST		AddToCart	1612373716541	1612373716614	OK	 
REQUEST		AddToCart	1612373716549	1612373716629	OK	 
REQUEST		AddToCart	1612373716590	1612373716644	OK	 
REQUEST		AddToCart	1612373716599	1612373716665	OK	 
REQUEST		AddToCart	1612373716593	1612373716669	OK	 
REQUEST		AddToCart	1612373716612	1612373716686	OK	 
REQUEST		AddToCart	1612373716600	1612373716686	OK	 
REQUEST		AddToCart	1612373716650	1612373716722	OK	 
REQUEST		AddToCart	1612373716720	1612373716835	OK	 
REQUEST		AddToCart	1612373716720	1612373716835	OK	 
REQUEST		AddToCart	1612373716718	1612373716835	OK	 
REQUEST		AddToCart	1612373716720	1612373716836	OK	 
REQUEST		AddToCart	1612373716733	1612373716867	OK	 
REQUEST		AddToCart	1612373716742	1612373716880	OK	 
REQUEST		AddToCart	1612373716839	1612373716890	OK	 
REQUEST		AddToCart	1612373716857	1612373716937	OK	 
REQUEST		AddToCart	1612373716863	1612373716981	OK	 
REQUEST		AddToCart	1612373716879	1612373717001	OK	 
REQUEST		AddToCart	1612373716889	1612373717001	OK	 
REQUEST		AddToCart	1612373716938	1612373717013	OK	 
REQUEST		AddToCart	1612373716952	1612373717054	OK	 
REQUEST		AddToCart	1612373716960	1612373717124	OK	 
REQUEST		AddToCart	1612373716976	1612373717132	OK	 
REQUEST		AddToCart	1612373716976	1612373717132	OK	 
REQUEST		AddToCart	1612373716969	1612373717133	OK	 
REQUEST		AddToCart	1612373717052	1612373717144	OK	 
REQUEST		AddToCart	1612373717073	1612373717151	OK	 
REQUEST		AddToCart	1612373717085	1612373717236	OK	 
REQUEST		AddToCart	1612373717085	1612373717237	OK	 
REQUEST		AddToCart	1612373717088	1612373717245	OK	 
REQUEST		AddToCart	1612373717088	1612373717252	OK	 
REQUEST		AddToCart	1612373717202	1612373717267	OK	 
REQUEST		AddToCart	1612373717252	1612373717294	OK	 
REQUEST		AddToCart	1612373717261	1612373717377	OK	 
REQUEST		AddToCart	1612373717261	1612373717386	OK	 
REQUEST		AddToCart	1612373717263	1612373717448	OK	 
REQUEST		AddToCart	1612373717266	1612373717453	OK	 
REQUEST		AddToCart	1612373717271	1612373717457	OK	 
REQUEST		AddToCart	1612373717281	1612373717463	OK	 
REQUEST		AddToCart	1612373717360	1612373717478	OK	 
REQUEST		AddToCart	1612373717372	1612373717484	OK	 
REQUEST		AddToCart	1612373717422	1612373717650	OK	 
REQUEST		AddToCart	1612373717495	1612373717651	OK	 
REQUEST		AddToCart	1612373717441	1612373717656	OK	 
REQUEST		AddToCart	1612373717495	1612373717684	OK	 
REQUEST		AddToCart	1612373717495	1612373717690	OK	 
REQUEST		AddToCart	1612373717632	1612373717712	OK	 
REQUEST		AddToCart	1612373717650	1612373717722	OK	 
REQUEST		AddToCart	1612373717648	1612373717722	OK	 
REQUEST		AddToCart	1612373717680	1612373717752	OK	 
REQUEST		AddToCart	1612373717662	1612373717780	OK	 
REQUEST		AddToCart	1612373717698	1612373717781	OK	 
REQUEST		AddToCart	1612373717689	1612373717798	OK	 
REQUEST		AddToCart	1612373717722	1612373717830	OK	 
REQUEST		AddToCart	1612373717722	1612373717836	OK	 
REQUEST		AddToCart	1612373717683	1612373717839	OK	 
REQUEST		AddToCart	1612373717780	1612373717853	OK	 
REQUEST		AddToCart	1612373717780	1612373717861	OK	 
REQUEST		AddToCart	1612373717781	1612373717862	OK	 
REQUEST		AddToCart	1612373717849	1612373717905	OK	 
REQUEST		AddToCart	1612373717875	1612373717933	OK	 
REQUEST		AddToCart	1612373717900	1612373718003	OK	 
REQUEST		AddToCart	1612373717899	1612373718005	OK	 
REQUEST		AddToCart	1612373717892	1612373718005	OK	 
REQUEST		AddToCart	1612373717904	1612373718057	OK	 
REQUEST		AddToCart	1612373717902	1612373718057	OK	 
REQUEST		AddToCart	1612373717901	1612373718057	OK	 
REQUEST		AddToCart	1612373717995	1612373718089	OK	 
REQUEST		AddToCart	1612373717999	1612373718192	OK	 
REQUEST		AddToCart	1612373718003	1612373718205	OK	 
REQUEST		AddToCart	1612373718004	1612373718269	OK	 
REQUEST		AddToCart	1612373718023	1612373718273	OK	 
REQUEST		AddToCart	1612373718028	1612373718274	OK	 
REQUEST		AddToCart	1612373718037	1612373718301	OK	 
REQUEST		AddToCart	1612373718021	1612373718288	OK	 
REQUEST		AddToCart	1612373718016	1612373718302	OK	 
REQUEST		AddToCart	1612373718048	1612373718349	OK	 
REQUEST		AddToCart	1612373718050	1612373718349	OK	 
REQUEST		AddToCart	1612373718095	1612373718390	OK	 
REQUEST		AddToCart	1612373718111	1612373718390	OK	 
REQUEST		AddToCart	1612373718082	1612373718399	OK	 
REQUEST		AddToCart	1612373718105	1612373718403	OK	 
REQUEST		AddToCart	1612373718121	1612373718420	OK	 
REQUEST		AddToCart	1612373718124	1612373718428	OK	 
REQUEST		AddToCart	1612373719036	1612373719082	OK	 
REQUEST		AddToCart	1612373719045	1612373719093	OK	 
REQUEST		AddToCart	1612373719266	1612373719320	OK	 
REQUEST		AddToCart	1612373719278	1612373719335	OK	 
REQUEST		AddToCart	1612373719341	1612373719379	OK	 
REQUEST		AddToCart	1612373719342	1612373719392	OK	 
REQUEST		AddToCart	1612373719348	1612373719408	OK	 
REQUEST		AddToCart	1612373719374	1612373719415	OK	 
REQUEST		AddToCart	1612373719436	1612373719499	OK	 
REQUEST		AddToCart	1612373719441	1612373719513	OK	 
REQUEST		AddToCart	1612373719435	1612373719514	OK	 
REQUEST		AddToCart	1612373719465	1612373719527	OK	 
REQUEST		AddToCart	1612373719477	1612373719534	OK	 
REQUEST		AddToCart	1612373719568	1612373719657	OK	 
REQUEST		AddToCart	1612373719587	1612373719689	OK	 
REQUEST		AddToCart	1612373719621	1612373719695	OK	 
REQUEST		AddToCart	1612373719638	1612373719717	OK	 
REQUEST		AddToCart	1612373719591	1612373719723	OK	 
REQUEST		AddToCart	1612373719689	1612373719755	OK	 
REQUEST		AddToCart	1612373719721	1612373719781	OK	 
REQUEST		AddToCart	1612373719721	1612373719781	OK	 
REQUEST		AddToCart	1612373719731	1612373719788	OK	 
REQUEST		AddToCart	1612373719731	1612373719795	OK	 
REQUEST		AddToCart	1612373719737	1612373719796	OK	 
REQUEST		AddToCart	1612373719850	1612373719931	OK	 
REQUEST		AddToCart	1612373719863	1612373719968	OK	 
REQUEST		AddToCart	1612373719881	1612373720058	OK	 
REQUEST		AddToCart	1612373719863	1612373720051	OK	 
REQUEST		AddToCart	1612373719870	1612373720058	OK	 
REQUEST		AddToCart	1612373719894	1612373720066	OK	 
REQUEST		AddToCart	1612373719890	1612373720058	OK	 
REQUEST		AddToCart	1612373719944	1612373720105	OK	 
REQUEST		AddToCart	1612373720019	1612373720130	OK	 
REQUEST		AddToCart	1612373720008	1612373720136	OK	 
REQUEST		AddToCart	1612373720007	1612373720143	OK	 
REQUEST		AddToCart	1612373719984	1612373720144	OK	 
REQUEST		AddToCart	1612373720115	1612373720175	OK	 
REQUEST		AddToCart	1612373720129	1612373720175	OK	 
REQUEST		AddToCart	1612373720155	1612373720211	OK	 
REQUEST		AddToCart	1612373720154	1612373720211	OK	 
REQUEST		AddToCart	1612373720170	1612373720248	OK	 
REQUEST		AddToCart	1612373720163	1612373720260	OK	 
REQUEST		AddToCart	1612373720172	1612373720260	OK	 
REQUEST		AddToCart	1612373720245	1612373720294	OK	 
REQUEST		AddToCart	1612373720246	1612373720301	OK	 
REQUEST		AddToCart	1612373720257	1612373720320	OK	 
REQUEST		AddToCart	1612373720259	1612373720320	OK	 
REQUEST		AddToCart	1612373720282	1612373720332	OK	 
REQUEST		AddToCart	1612373720299	1612373720351	OK	 
REQUEST		AddToCart	1612373720385	1612373720447	OK	 
REQUEST		AddToCart	1612373720393	1612373720465	OK	 
REQUEST		AddToCart	1612373720460	1612373720503	OK	 
REQUEST		AddToCart	1612373720485	1612373720543	OK	 
REQUEST		AddToCart	1612373720491	1612373720545	OK	 
REQUEST		AddToCart	1612373720499	1612373720570	OK	 
REQUEST		AddToCart	1612373720500	1612373720571	OK	 
REQUEST		AddToCart	1612373720499	1612373720578	OK	 
REQUEST		AddToCart	1612373720679	1612373720756	OK	 
REQUEST		AddToCart	1612373720674	1612373720773	OK	 
REQUEST		AddToCart	1612373720688	1612373720774	OK	 
REQUEST		AddToCart	1612373720723	1612373720868	OK	 
REQUEST		AddToCart	1612373720723	1612373720869	OK	 
REQUEST		AddToCart	1612373720713	1612373720869	OK	 
REQUEST		AddToCart	1612373720787	1612373720883	OK	 
REQUEST		AddToCart	1612373720756	1612373720892	OK	 
REQUEST		AddToCart	1612373720756	1612373720892	OK	 
REQUEST		AddToCart	1612373720837	1612373720936	OK	 
REQUEST		AddToCart	1612373720838	1612373720950	OK	 
REQUEST		AddToCart	1612373720840	1612373721001	OK	 
REQUEST		AddToCart	1612373720852	1612373721019	OK	 
REQUEST		AddToCart	1612373720852	1612373721020	OK	 
REQUEST		AddToCart	1612373720850	1612373721022	OK	 
REQUEST		AddToCart	1612373720862	1612373721048	OK	 
REQUEST		AddToCart	1612373720892	1612373721050	OK	 
REQUEST		AddToCart	1612373720918	1612373721063	OK	 
REQUEST		AddToCart	1612373720883	1612373721059	OK	 
REQUEST		AddToCart	1612373720940	1612373721074	OK	 
REQUEST		AddToCart	1612373721048	1612373721106	OK	 
REQUEST		AddToCart	1612373721033	1612373721106	OK	 
REQUEST		AddToCart	1612373721038	1612373721130	OK	 
REQUEST		AddToCart	1612373721075	1612373721136	OK	 
REQUEST		AddToCart	1612373721074	1612373721146	OK	 
REQUEST		AddToCart	1612373721074	1612373721149	OK	 
REQUEST		AddToCart	1612373721093	1612373721150	OK	 
REQUEST		AddToCart	1612373721217	1612373721487	OK	 
REQUEST		AddToCart	1612373721277	1612373721492	OK	 
REQUEST		AddToCart	1612373721217	1612373721499	OK	 
REQUEST		AddToCart	1612373721303	1612373721571	OK	 
REQUEST		AddToCart	1612373721449	1612373721573	OK	 
REQUEST		AddToCart	1612373721386	1612373721621	OK	 
REQUEST		AddToCart	1612373721433	1612373721682	OK	 
REQUEST		AddToCart	1612373721484	1612373721753	OK	 
REQUEST		AddToCart	1612373721493	1612373721767	OK	 
REQUEST		AddToCart	1612373721536	1612373721805	OK	 
REQUEST		AddToCart	1612373721350	1612373721810	OK	 
REQUEST		AddToCart	1612373721540	1612373721858	OK	 
REQUEST		AddToCart	1612373721620	1612373721916	OK	 
REQUEST		AddToCart	1612373721500	1612373721929	OK	 
REQUEST		AddToCart	1612373721736	1612373721959	OK	 
REQUEST		AddToCart	1612373721785	1612373721993	OK	 
REQUEST		CreateGeneral	1612373722090	1612373722288	OK	 
REQUEST		CreateGeneral	1612373722114	1612373722301	OK	 
REQUEST		CreateGeneral	1612373722325	1612373722499	OK	 
REQUEST		CreateGeneral	1612373722346	1612373722520	OK	 
REQUEST		CreateGeneral	1612373722416	1612373722600	OK	 
REQUEST		CreateGeneral	1612373722385	1612373722605	OK	 
REQUEST		CreateGeneral	1612373722401	1612373722614	OK	 
REQUEST		CreateGeneral	1612373722550	1612373722822	OK	 
REQUEST		CreateGeneral	1612373722532	1612373722822	OK	 
REQUEST		CreateGeneral	1612373722708	1612373722905	OK	 
REQUEST		CreateGeneral	1612373722723	1612373722935	OK	 
REQUEST		CreateGeneral	1612373722788	1612373722908	KO	status.find.is(200), but actually found 400
REQUEST		CreateGeneral	1612373722723	1612373723007	OK	 
REQUEST		CreateGeneral	1612373722738	1612373723030	OK	 
REQUEST		CreateGeneral	1612373722421	1612373723055	OK	 
REQUEST		CreateGeneral	1612373722518	1612373723097	OK	 
REQUEST		CreateGeneral	1612373722767	1612373723145	OK	 
REQUEST		CreateGeneral	1612373722797	1612373723147	OK	 
REQUEST		CreateGeneral	1612373722793	1612373723147	OK	 
REQUEST		CreateGeneral	1612373722805	1612373723154	OK	 
REQUEST		CreateGeneral	1612373722806	1612373723163	OK	 
REQUEST		CreateGeneral	1612373722534	1612373723207	OK	 
REQUEST		CreateGeneral	1612373722738	1612373723220	OK	 
REQUEST		CreateGeneral	1612373722937	1612373723355	OK	 
REQUEST		CreateGeneral	1612373723197	1612373723426	KO	status.find.is(200), but actually found 400
REQUEST		CreateGeneral	1612373723005	1612373723425	OK	 
REQUEST		CreateGeneral	1612373723125	1612373723526	OK	 
REQUEST		CreateGeneral	1612373723109	1612373723531	OK	 
REQUEST		CreateGeneral	1612373723254	1612373723532	KO	status.find.is(200), but actually found 400
REQUEST		CreateGeneral	1612373723212	1612373723546	KO	status.find.is(200), but actually found 400
REQUEST		CreateGeneral	1612373723109	1612373723547	OK	 
REQUEST		CreateGeneral	1612373723120	1612373723581	OK	 
REQUEST		CreateGeneral	1612373723124	1612373723581	OK	 
REQUEST		CreateGeneral	1612373723193	1612373723582	OK	 
REQUEST		CreateGeneral	1612373723193	1612373723581	OK	 
REQUEST		CreateGeneral	1612373723109	1612373723581	OK	 
REQUEST		CreateGeneral	1612373723193	1612373723630	OK	 
REQUEST		CreateGeneral	1612373723213	1612373723637	OK	 
REQUEST		CreateGeneral	1612373723223	1612373723725	OK	 
REQUEST		CreateGeneral	1612373723224	1612373723726	OK	 
REQUEST		CreateGeneral	1612373723299	1612373723730	OK	 
REQUEST		CreateGeneral	1612373723268	1612373723738	OK	 
REQUEST		CreateGeneral	1612373723271	1612373723739	OK	 
REQUEST		CreateGeneral	1612373723335	1612373723755	OK	 
REQUEST		CreateGeneral	1612373723324	1612373723875	OK	 
REQUEST		CreateGeneral	1612373723334	1612373723883	OK	 
REQUEST		CreateGeneral	1612373723375	1612373723891	OK	 
REQUEST		CreateGeneral	1612373723339	1612373723902	OK	 
REQUEST		CreateGeneral	1612373722546	1612373723931	OK	 
REQUEST		CreateGeneral	1612373723513	1612373723943	OK	 
REQUEST		CreateGeneral	1612373723470	1612373723993	OK	 
REQUEST		CreateGeneral	1612373723454	1612373724096	OK	 
REQUEST		CreateGeneral	1612373723564	1612373724102	OK	 
REQUEST		CreateGeneral	1612373723565	1612373724142	OK	 
REQUEST		CreateGeneral	1612373723618	1612373724167	OK	 
REQUEST		CreateGeneral	1612373723598	1612373724172	OK	 
REQUEST		CreateGeneral	1612373723797	1612373724184	OK	 
REQUEST		CreateGeneral	1612373723782	1612373724185	OK	 
REQUEST		CreateGeneral	1612373723880	1612373724351	OK	 
REQUEST		CreateGeneral	1612373723891	1612373724415	OK	 
REQUEST		CreateGeneral	1612373723887	1612373724497	OK	 
REQUEST		CreateGeneral	1612373723917	1612373724502	OK	 
REQUEST		CreateGeneral	1612373723944	1612373724512	OK	 
REQUEST		CreateGeneral	1612373723908	1612373724522	OK	 
REQUEST		CreateGeneral	1612373723916	1612373724522	OK	 
REQUEST		CreateGeneral	1612373724046	1612373724536	OK	 
REQUEST		CreateGeneral	1612373724022	1612373724537	OK	 
REQUEST		CreateGeneral	1612373724047	1612373724537	OK	 
REQUEST		CreateGeneral	1612373723968	1612373724540	OK	 
REQUEST		CreateGeneral	1612373724048	1612373724555	OK	 
REQUEST		CreateGeneral	1612373724115	1612373724777	OK	 
REQUEST		CreateGeneral	1612373724172	1612373724780	OK	 
REQUEST		CreateGeneral	1612373724147	1612373724859	OK	 
REQUEST		CreateGeneral	1612373724199	1612373724871	OK	 
REQUEST		CreateGeneral	1612373724565	1612373724882	OK	 
REQUEST		CreateGeneral	1612373724579	1612373724910	OK	 
REQUEST		CreateGeneral	1612373724579	1612373724960	OK	 
REQUEST		CreateGeneral	1612373724701	1612373724967	OK	 
REQUEST		CreateGeneral	1612373724059	1612373724973	OK	 
REQUEST		CreateGeneral	1612373724707	1612373724997	OK	 
REQUEST		CreateGeneral	1612373724705	1612373725048	OK	 
REQUEST		CreateGeneral	1612373724077	1612373725055	OK	 
REQUEST		CreateGeneral	1612373724076	1612373725085	OK	 
REQUEST		CreateGeneral	1612373724085	1612373725088	OK	 
REQUEST		CreateGeneral	1612373724794	1612373725109	OK	 
REQUEST		CreateGeneral	1612373724074	1612373725110	OK	 
REQUEST		CreateGeneral	1612373724742	1612373725105	OK	 
REQUEST		CreateGeneral	1612373723631	1612373725124	KO	status.find.is(200), but actually found 400
REQUEST		CreateGeneral	1612373724803	1612373725125	OK	 
REQUEST		CreateGeneral	1612373724138	1612373725138	OK	 
REQUEST		CreateGeneral	1612373724113	1612373725144	OK	 
REQUEST		CreateGeneral	1612373724814	1612373725150	OK	 
REQUEST		CreateGeneral	1612373724855	1612373725170	OK	 
REQUEST		CreateGeneral	1612373724895	1612373725199	OK	 
REQUEST		CreateGeneral	1612373724927	1612373725225	OK	 
REQUEST		CreateGeneral	1612373724941	1612373725246	OK	 
REQUEST		CreateGeneral	1612373723765	1612373725259	OK	 
REQUEST		CreateGeneral	1612373724981	1612373725267	OK	 
REQUEST		CreateGeneral	1612373724155	1612373725911	OK	 
REQUEST		CreateGeneral	1612373725024	1612373726380	OK	 
REQUEST		BookingDetails	1612373726295	1612373726385	OK	 
REQUEST		BookingDetails	1612373726308	1612373726395	OK	 
REQUEST		ConfirmPayment	1612373726393	1612373726525	OK	 
REQUEST		ConfirmPayment	1612373726398	1612373726530	OK	 
USER	GeneralAdmission1	END	1612373726536
USER	GeneralAdmission1	END	1612373726538
REQUEST		BookingDetails	1612373726520	1612373726566	OK	 
REQUEST		BookingDetails	1612373726537	1612373726581	OK	 
REQUEST		BookingDetails	1612373726606	1612373726674	OK	 
REQUEST		BookingDetails	1612373726619	1612373726690	OK	 
REQUEST		BookingDetails	1612373726640	1612373726739	OK	 
REQUEST		ConfirmPayment	1612373726569	1612373726840	OK	 
REQUEST		ConfirmPayment	1612373726584	1612373726840	OK	 
USER	GeneralAdmission1	END	1612373726850
USER	GeneralAdmission1	END	1612373726850
REQUEST		ConfirmPayment	1612373726695	1612373726860	OK	 
USER	GeneralAdmission1	END	1612373726864
REQUEST		ConfirmPayment	1612373726678	1612373726893	OK	 
USER	GeneralAdmission1	END	1612373726897
REQUEST		BookingDetails	1612373726831	1612373726948	OK	 
REQUEST		ConfirmPayment	1612373726742	1612373726999	OK	 
ERROR	BookingDetails: Failed to build request: No attribute named 'checkoutTokenID' is defined 	1612373727008
REQUEST		BookingDetails	1612373726832	1612373727004	OK	 
ERROR	ConfirmPayment: Failed to build request: No attribute named 'checkoutTokenID' is defined 	1612373727012
USER	GeneralAdmission1	END	1612373727005
USER	GeneralAdmission1	END	1612373727013
REQUEST		BookingDetails	1612373726930	1612373727071	OK	 
REQUEST		BookingDetails	1612373726958	1612373727128	OK	 
REQUEST		ConfirmPayment	1612373726955	1612373727293	OK	 
REQUEST		BookingDetails	1612373727012	1612373727299	OK	 
USER	GeneralAdmission1	END	1612373727322
REQUEST		BookingDetails	1612373727037	1612373727419	OK	 
REQUEST		ConfirmPayment	1612373727024	1612373727425	OK	 
ERROR	BookingDetails: Failed to build request: No attribute named 'checkoutTokenID' is defined 	1612373727432
ERROR	ConfirmPayment: Failed to build request: No attribute named 'checkoutTokenID' is defined 	1612373727434
USER	GeneralAdmission1	END	1612373727434
REQUEST		ConfirmPayment	1612373727078	1612373727446	OK	 
USER	GeneralAdmission1	END	1612373727450
REQUEST		ConfirmPayment	1612373727144	1612373727450	OK	 
USER	GeneralAdmission1	END	1612373727463
REQUEST		BookingDetails	1612373727112	1612373727464	OK	 
REQUEST		BookingDetails	1612373727210	1612373727465	OK	 
USER	GeneralAdmission1	END	1612373727465
REQUEST		BookingDetails	1612373727211	1612373727482	OK	 
REQUEST		BookingDetails	1612373727061	1612373727496	OK	 
ERROR	BookingDetails: Failed to build request: No attribute named 'checkoutTokenID' is defined 	1612373727547
ERROR	ConfirmPayment: Failed to build request: No attribute named 'checkoutTokenID' is defined 	1612373727548
ERROR	BookingDetails: Failed to build request: No attribute named 'checkoutTokenID' is defined 	1612373727558
ERROR	ConfirmPayment: Failed to build request: No attribute named 'checkoutTokenID' is defined 	1612373727564
USER	GeneralAdmission1	END	1612373727557
USER	GeneralAdmission1	END	1612373727568
REQUEST		BookingDetails	1612373727252	1612373727580	OK	 
REQUEST		BookingDetails	1612373727209	1612373728475	OK	 
REQUEST		ConfirmPayment	1612373727320	1612373728719	OK	 
REQUEST		BookingDetails	1612373727209	1612373728719	OK	 
REQUEST		BookingDetails	1612373727293	1612373728720	OK	 
USER	GeneralAdmission1	END	1612373728734
REQUEST		ConfirmPayment	1612373727487	1612373729047	OK	 
REQUEST		BookingDetails	1612373727320	1612373729051	OK	 
REQUEST		ConfirmPayment	1612373727482	1612373729052	OK	 
USER	GeneralAdmission1	END	1612373729054
REQUEST		BookingDetails	1612373727448	1612373729062	OK	 
REQUEST		ConfirmPayment	1612373727482	1612373729062	OK	 
USER	GeneralAdmission1	END	1612373729067
REQUEST		ConfirmPayment	1612373727500	1612373729075	OK	 
REQUEST		ConfirmPayment	1612373727426	1612373729075	OK	 
USER	GeneralAdmission1	END	1612373729075
USER	GeneralAdmission1	END	1612373729088
USER	GeneralAdmission1	END	1612373729088
ERROR	BookingDetails: Failed to build request: No attribute named 'checkoutTokenID' is defined 	1612373729134
ERROR	ConfirmPayment: Failed to build request: No attribute named 'checkoutTokenID' is defined 	1612373729134
USER	GeneralAdmission1	END	1612373729135
REQUEST		BookingDetails	1612373727364	1612373729253	OK	 
REQUEST		BookingDetails	1612373727532	1612373729260	OK	 
REQUEST		BookingDetails	1612373727564	1612373729293	OK	 
REQUEST		BookingDetails	1612373727544	1612373729294	OK	 
REQUEST		BookingDetails	1612373727616	1612373729311	OK	 
REQUEST		BookingDetails	1612373727622	1612373729312	OK	 
REQUEST		ConfirmPayment	1612373727593	1612373729312	OK	 
REQUEST		BookingDetails	1612373727622	1612373729312	OK	 
REQUEST		BookingDetails	1612373727610	1612373729312	OK	 
USER	GeneralAdmission1	END	1612373729373
REQUEST		BookingDetails	1612373727619	1612373729397	OK	 
REQUEST		BookingDetails	1612373727669	1612373729409	OK	 
REQUEST		BookingDetails	1612373727638	1612373729405	OK	 
REQUEST		BookingDetails	1612373727734	1612373729410	OK	 
REQUEST		BookingDetails	1612373727760	1612373729433	OK	 
REQUEST		BookingDetails	1612373727759	1612373729575	OK	 
REQUEST		BookingDetails	1612373727761	1612373730667	OK	 
REQUEST		BookingDetails	1612373727760	1612373730668	OK	 
REQUEST		BookingDetails	1612373727803	1612373730679	OK	 
REQUEST		BookingDetails	1612373727881	1612373731252	OK	 
REQUEST		BookingDetails	1612373727932	1612373731252	OK	 
REQUEST		BookingDetails	1612373727926	1612373731258	OK	 
REQUEST		BookingDetails	1612373727909	1612373731259	OK	 
REQUEST		BookingDetails	1612373727970	1612373731268	OK	 
REQUEST		BookingDetails	1612373728102	1612373731268	OK	 
REQUEST		BookingDetails	1612373727998	1612373731283	OK	 
REQUEST		BookingDetails	1612373727938	1612373731283	OK	 
REQUEST		BookingDetails	1612373728114	1612373731289	OK	 
REQUEST		BookingDetails	1612373728147	1612373731733	OK	 
REQUEST		BookingDetails	1612373728196	1612373731736	OK	 
REQUEST		BookingDetails	1612373728181	1612373731771	OK	 
REQUEST		ConfirmPayment	1612373728479	1612373731949	OK	 
REQUEST		BookingDetails	1612373728196	1612373731954	OK	 
REQUEST		BookingDetails	1612373728199	1612373731954	OK	 
USER	GeneralAdmission1	END	1612373731955
REQUEST		ConfirmPayment	1612373728732	1612373731966	OK	 
USER	GeneralAdmission1	END	1612373731976
REQUEST		ConfirmPayment	1612373728732	1612373731976	OK	 
REQUEST		BookingDetails	1612373728420	1612373731980	OK	 
USER	GeneralAdmission1	END	1612373731980
REQUEST		BookingDetails	1612373728358	1612373731989	OK	 
REQUEST		BookingDetails	1612373728502	1612373732283	OK	 
REQUEST		ConfirmPayment	1612373729066	1612373732286	OK	 
REQUEST		BookingDetails	1612373728523	1612373732288	OK	 
REQUEST		BookingDetails	1612373728536	1612373732295	OK	 
REQUEST		ConfirmPayment	1612373729066	1612373732296	OK	 
USER	GeneralAdmission1	END	1612373732300
REQUEST		BookingDetails	1612373728515	1612373732310	OK	 
REQUEST		BookingDetails	1612373728552	1612373732307	OK	 
USER	GeneralAdmission1	END	1612373732324
REQUEST		BookingDetails	1612373728558	1612373732337	OK	 
REQUEST		BookingDetails	1612373728556	1612373732332	OK	 
REQUEST		BookingDetails	1612373728536	1612373732366	OK	 
REQUEST		BookingDetails	1612373728557	1612373732464	OK	 
REQUEST		BookingDetails	1612373728567	1612373732464	OK	 
REQUEST		BookingDetails	1612373728793	1612373732624	OK	 
REQUEST		BookingDetails	1612373728793	1612373732627	OK	 
REQUEST		BookingDetails	1612373728923	1612373732636	OK	 
REQUEST		BookingDetails	1612373728871	1612373732636	OK	 
REQUEST		BookingDetails	1612373728974	1612373732636	OK	 
REQUEST		BookingDetails	1612373728889	1612373732649	OK	 
REQUEST		BookingDetails	1612373728885	1612373732656	OK	 
REQUEST		BookingDetails	1612373728967	1612373732657	OK	 
REQUEST		BookingDetails	1612373728983	1612373732669	OK	 
REQUEST		BookingDetails	1612373729008	1612373732677	OK	 
REQUEST		BookingDetails	1612373729176	1612373732752	OK	 
REQUEST		BookingDetails	1612373729161	1612373732752	OK	 
REQUEST		ConfirmPayment	1612373729311	1612373732752	OK	 
USER	GeneralAdmission1	END	1612373732807
REQUEST		ConfirmPayment	1612373729383	1612373732829	OK	 
REQUEST		ConfirmPayment	1612373729396	1612373732842	OK	 
REQUEST		ConfirmPayment	1612373729386	1612373732851	OK	 
REQUEST		ConfirmPayment	1612373729397	1612373732881	OK	 
REQUEST		BookingDetails	1612373729207	1612373732863	OK	 
REQUEST		BookingDetails	1612373729117	1612373732866	OK	 
USER	GeneralAdmission1	END	1612373732881
REQUEST		BookingDetails	1612373729087	1612373732897	OK	 
USER	GeneralAdmission1	END	1612373732883
REQUEST		BookingDetails	1612373729110	1612373732927	OK	 
REQUEST		BookingDetails	1612373729152	1612373732944	OK	 
USER	GeneralAdmission1	END	1612373732894
REQUEST		ConfirmPayment	1612373729424	1612373732929	OK	 
REQUEST		ConfirmPayment	1612373729424	1612373732929	OK	 
REQUEST		BookingDetails	1612373729253	1612373732944	OK	 
USER	GeneralAdmission1	END	1612373732904
REQUEST		BookingDetails	1612373729117	1612373732959	OK	 
USER	GeneralAdmission1	END	1612373732959
USER	GeneralAdmission1	END	1612373732965
REQUEST		BookingDetails	1612373729109	1612373732983	OK	 
REQUEST		ConfirmPayment	1612373729424	1612373732982	OK	 
REQUEST		ConfirmPayment	1612373729437	1612373732982	OK	 
REQUEST		ConfirmPayment	1612373729407	1612373732985	OK	 
USER	GeneralAdmission1	END	1612373732995
USER	GeneralAdmission1	END	1612373733002
USER	GeneralAdmission1	END	1612373733002
REQUEST		ConfirmPayment	1612373729578	1612373733002	OK	 
REQUEST		BookingDetails	1612373729266	1612373733012	OK	 
USER	GeneralAdmission1	END	1612373733013
REQUEST		BookingDetails	1612373729092	1612373733013	OK	 
REQUEST		ConfirmPayment	1612373729312	1612373733028	OK	 
REQUEST		BookingDetails	1612373729125	1612373733039	OK	 
USER	GeneralAdmission1	END	1612373733040
REQUEST		ConfirmPayment	1612373729258	1612373733053	OK	 
REQUEST		BookingDetails	1612373729151	1612373733068	OK	 
USER	GeneralAdmission1	END	1612373733068
REQUEST		ConfirmPayment	1612373729266	1612373733097	OK	 
REQUEST		BookingDetails	1612373729138	1612373733112	OK	 
USER	GeneralAdmission1	END	1612373733118
REQUEST		ConfirmPayment	1612373730685	1612373733557	OK	 
REQUEST		BookingDetails	1612373729229	1612373733557	OK	 
REQUEST		ConfirmPayment	1612373731269	1612373733573	OK	 
REQUEST		ConfirmPayment	1612373731270	1612373733573	OK	 
REQUEST		ConfirmPayment	1612373731260	1612373733573	OK	 
USER	GeneralAdmission1	END	1612373733579
USER	GeneralAdmission1	END	1612373733589
REQUEST		BookingDetails	1612373729929	1612373733593	OK	 
REQUEST		BookingDetails	1612373729278	1612373733616	OK	 
USER	GeneralAdmission1	END	1612373733595
USER	GeneralAdmission1	END	1612373733595
REQUEST		ConfirmPayment	1612373731260	1612373733643	OK	 
REQUEST		ConfirmPayment	1612373730673	1612373733680	OK	 
REQUEST		ConfirmPayment	1612373731280	1612373733707	OK	 
USER	GeneralAdmission1	END	1612373733708
USER	GeneralAdmission1	END	1612373733709
USER	GeneralAdmission1	END	1612373733713
REQUEST		ConfirmPayment	1612373730673	1612373733720	OK	 
USER	GeneralAdmission1	END	1612373733724
REQUEST		ConfirmPayment	1612373731295	1612373733946	OK	 
REQUEST		ConfirmPayment	1612373731302	1612373733945	OK	 
USER	GeneralAdmission1	END	1612373733951
USER	GeneralAdmission1	END	1612373733951
REQUEST		BookingDetails	1612373730386	1612373734054	OK	 
REQUEST		ConfirmPayment	1612373731736	1612373734059	OK	 
REQUEST		ConfirmPayment	1612373731280	1612373734059	OK	 
USER	GeneralAdmission1	END	1612373734068
REQUEST		ConfirmPayment	1612373731993	1612373734069	OK	 
USER	GeneralAdmission1	END	1612373734069
REQUEST		ConfirmPayment	1612373731294	1612373734070	OK	 
USER	GeneralAdmission1	END	1612373734079
USER	GeneralAdmission1	END	1612373734085
REQUEST		ConfirmPayment	1612373731741	1612373734085	OK	 
REQUEST		ConfirmPayment	1612373732345	1612373734086	OK	 
REQUEST		ConfirmPayment	1612373731984	1612373734085	OK	 
REQUEST		ConfirmPayment	1612373731965	1612373734086	OK	 
REQUEST		ConfirmPayment	1612373732345	1612373734086	OK	 
REQUEST		ConfirmPayment	1612373731965	1612373734101	OK	 
USER	GeneralAdmission1	END	1612373734117
REQUEST		ConfirmPayment	1612373732310	1612373734139	OK	 
REQUEST		ConfirmPayment	1612373732476	1612373734130	OK	 
REQUEST		ConfirmPayment	1612373732308	1612373734163	OK	 
USER	GeneralAdmission1	END	1612373734119
USER	GeneralAdmission1	END	1612373734121
REQUEST		ConfirmPayment	1612373732353	1612373734187	OK	 
REQUEST		ConfirmPayment	1612373732471	1612373734196	OK	 
REQUEST		ConfirmPayment	1612373731774	1612373734171	OK	 
USER	GeneralAdmission1	END	1612373734127
REQUEST		ConfirmPayment	1612373732288	1612373734187	OK	 
USER	GeneralAdmission1	END	1612373734133
USER	GeneralAdmission1	END	1612373734138
REQUEST		ConfirmPayment	1612373732627	1612373734214	OK	 
USER	GeneralAdmission1	END	1612373734172
REQUEST		ConfirmPayment	1612373732370	1612373734223	OK	 
USER	GeneralAdmission1	END	1612373734190
REQUEST		ConfirmPayment	1612373732632	1612373734223	OK	 
USER	GeneralAdmission1	END	1612373734197
USER	GeneralAdmission1	END	1612373734213
USER	GeneralAdmission1	END	1612373734215
USER	GeneralAdmission1	END	1612373734215
USER	GeneralAdmission1	END	1612373734216
USER	GeneralAdmission1	END	1612373734226
USER	GeneralAdmission1	END	1612373734235
REQUEST		ConfirmPayment	1612373732353	1612373734236	OK	 
USER	GeneralAdmission1	END	1612373734235
USER	GeneralAdmission1	END	1612373734249
REQUEST		ConfirmPayment	1612373732652	1612373739611	OK	 
REQUEST		ConfirmPayment	1612373732673	1612373739611	OK	 
REQUEST		ConfirmPayment	1612373732649	1612373739614	OK	 
REQUEST		ConfirmPayment	1612373732652	1612373739614	OK	 
USER	GeneralAdmission1	END	1612373739617
USER	GeneralAdmission1	END	1612373739617
USER	GeneralAdmission1	END	1612373739625
USER	GeneralAdmission1	END	1612373739625
REQUEST		ConfirmPayment	1612373732677	1612373739687	OK	 
REQUEST		ConfirmPayment	1612373732661	1612373739690	OK	 
REQUEST		ConfirmPayment	1612373732804	1612373739690	OK	 
USER	GeneralAdmission1	END	1612373739691
USER	GeneralAdmission1	END	1612373739695
USER	GeneralAdmission1	END	1612373739695
REQUEST		ConfirmPayment	1612373732686	1612373739700	OK	 
USER	GeneralAdmission1	END	1612373739706
REQUEST		ConfirmPayment	1612373732673	1612373739800	OK	 
USER	GeneralAdmission1	END	1612373739807
REQUEST		ConfirmPayment	1612373732833	1612373740720	OK	 
REQUEST		ConfirmPayment	1612373732940	1612373740723	OK	 
REQUEST		ConfirmPayment	1612373732901	1612373740723	OK	 
USER	GeneralAdmission1	END	1612373740724
USER	GeneralAdmission1	END	1612373740732
REQUEST		ConfirmPayment	1612373733024	1612373740732	OK	 
USER	GeneralAdmission1	END	1612373740732
USER	GeneralAdmission1	END	1612373740736
REQUEST		ConfirmPayment	1612373732927	1612373740791	OK	 
REQUEST		ConfirmPayment	1612373733639	1612373740791	OK	 
USER	GeneralAdmission1	END	1612373740806
REQUEST		ConfirmPayment	1612373732897	1612373740816	OK	 
USER	GeneralAdmission1	END	1612373740806
REQUEST		ConfirmPayment	1612373732974	1612373740816	OK	 
USER	GeneralAdmission1	END	1612373740859
USER	GeneralAdmission1	END	1612373740862
REQUEST		ConfirmPayment	1612373733138	1612373740883	OK	 
REQUEST		ConfirmPayment	1612373732997	1612373740882	OK	 
USER	GeneralAdmission1	END	1612373740892
USER	GeneralAdmission1	END	1612373740896
REQUEST		ConfirmPayment	1612373733097	1612373740901	OK	 
USER	GeneralAdmission1	END	1612373740910
REQUEST		ConfirmPayment	1612373733053	1612373740914	OK	 
USER	GeneralAdmission1	END	1612373740922
REQUEST		ConfirmPayment	1612373733022	1612373740977	OK	 
REQUEST		ConfirmPayment	1612373733643	1612373740982	OK	 
USER	GeneralAdmission1	END	1612373740983
REQUEST		ConfirmPayment	1612373733572	1612373740983	OK	 
USER	GeneralAdmission1	END	1612373740994
USER	GeneralAdmission1	END	1612373740998
REQUEST		ConfirmPayment	1612373734059	1612373741003	OK	 
USER	GeneralAdmission1	END	1612373741007
REQUEST		ConfirmPayment	1612373732964	1612373741046	OK	 
REQUEST		ConfirmPayment	1612373732977	1612373741049	OK	 
USER	GeneralAdmission1	END	1612373741050
USER	GeneralAdmission1	END	1612373741053
