RUN	GeneralOriginal1	generaloriginal1	1612193249775	 	3.5.0
USER	GeneralOriginal1	START	1612193252440
REQUEST		request_0	1612193252494	1612193253033	OK	 
REQUEST		request_0 Redirect 1	1612193253061	1612193253643	OK	 
ERROR	request_1: Failed to build request: Resource /generaloriginal1/0001_request.txt not found 	1612193253687
REQUEST		request_2	1612193254727	1612193254738	OK	 
ERROR	request_3: Failed to build request: Resource /generaloriginal1/0003_request.json not found 	1612193254741
ERROR	request_4: Failed to build request: Resource /generaloriginal1/0004_request.json not found 	1612193254741
REQUEST		CreateGeneral	1612193255743	1612193255767	OK	 
ERROR	GeneralRequest: Failed to build request: Resource /generaloriginal1/0006_request.json not found 	1612193255771
ERROR	GeneralRequest5001: Failed to build request: Resource /generaloriginal1/0007_request.json not found 	1612193255771
ERROR	GoogleAnal: Failed to build request: Resource /generaloriginal1/0008_request.txt not found 	1612193255771
ERROR	StripeRequest: Failed to build request: Resource /generaloriginal1/0009_request.txt not found 	1612193255771
REQUEST		request_10	1612193259788	1612193259796	OK	 
ERROR	request_11: Failed to build request: Resource /generaloriginal1/0011_request.json not found 	1612193259800
ERROR	request_12: Failed to build request: Resource /generaloriginal1/0012_request.json not found 	1612193259800
ERROR	request_24: Failed to build request: Resource /generaloriginal1/0024_request.txt not found 	1612193259802
REQUEST		request_15	1612193259908	1612193260123	KO	status.find.in(200,201,202,203,204,205,206,207,208,209,304), found 401
REQUEST		request_25	1612193259920	1612193260139	KO	status.find.in(200,201,202,203,204,205,206,207,208,209,304), found 401
REQUEST		request_14	1612193259956	1612193260163	OK	 
REQUEST		request_18	1612193259831	1612193260537	OK	 
REQUEST		request_36	1612193259927	1612193260628	OK	 
REQUEST		request_16	1612193259938	1612193260763	OK	 
REQUEST		request_21	1612193259964	1612193261012	OK	 
REQUEST		request_23	1612193260003	1612193261136	OK	 
REQUEST		request_17	1612193260015	1612193261199	OK	 
REQUEST		request_13	1612193259876	1612193261260	OK	 
REQUEST		request_22	1612193259881	1612193261526	OK	 
REQUEST		request_20	1612193260026	1612193261579	OK	 
REQUEST		request_19	1612193260044	1612193261690	OK	 
REQUEST		request_27	1612193259896	1612193261795	OK	 
REQUEST		request_31	1612193259946	1612193261799	OK	 
REQUEST		request_32	1612193259972	1612193261804	OK	 
REQUEST		request_37	1612193259980	1612193261808	OK	 
REQUEST		request_29	1612193259989	1612193261814	OK	 
REQUEST		request_26	1612193259996	1612193261816	OK	 
REQUEST		request_28	1612193260011	1612193261824	OK	 
REQUEST		request_35	1612193260032	1612193261838	OK	 
REQUEST		request_34	1612193260060	1612193261911	OK	 
REQUEST		request_30	1612193260076	1612193261981	OK	 
REQUEST		request_33	1612193260097	1612193262007	OK	 
REQUEST		request_38	1612193263021	1612193263216	OK	 
REQUEST		request_39	1612193265225	1612193265411	OK	 
REQUEST		request_40	1612193267417	1612193267612	OK	 
REQUEST		request_41	1612193267617	1612193267801	OK	 
REQUEST		request_42	1612193268805	1612193269000	OK	 
ERROR	request_45: Failed to build request: Resource /generaloriginal1/0045_request.json not found 	1612193269013
ERROR	request_48: Failed to build request: Resource /generaloriginal1/0048_request.json not found 	1612193269014
ERROR	request_49: Failed to build request: Resource /generaloriginal1/0049_request.txt not found 	1612193269014
ERROR	request_50: Failed to build request: Resource /generaloriginal1/0050_request.txt not found 	1612193269014
REQUEST		request_43	1612193269017	1612193269079	OK	 
REQUEST		request_47	1612193269064	1612193269257	OK	 
REQUEST		request_46	1612193269070	1612193269274	OK	 
REQUEST		request_44	1612193269029	1612193269499	KO	status.find.in(200,201,202,203,204,205,206,207,208,209,304), found 400
USER	GeneralOriginal1	END	1612193269524
