RUN	TimedTour1	timedtour1	1611851646776	 	3.5.0
USER	TimedTour1	START	1611851648557
REQUEST		request_0	1611851648625	1611851649102	OK	 
REQUEST		request_0 Redirect 1	1611851649131	1611851649849	OK	 
REQUEST		request_1	1611851651891	1611851651913	OK	 
ERROR	request_2: Failed to build request: No attribute named 'token' is defined 	1611851651944
REQUEST		request_3	1611851651973	1611851652040	KO	status.find.in(200,201,202,203,204,205,206,207,208,209,304), found 401
REQUEST		request_5	1611851652013	1611851652109	OK	 
REQUEST		request_4	1611851651983	1611851653082	OK	 
REQUEST		request_6	1611851671112	1611851671549	OK	 
REQUEST		request_8	1611851671564	1611851671579	OK	 
REQUEST		request_7	1611851671557	1611851671598	OK	 
REQUEST		request_8	1611851671593	1611851671831	OK	 
REQUEST		request_9	1611851674839	1611851675351	OK	 
REQUEST		request_10	1611851675361	1611851675409	OK	 
REQUEST		request_12	1611851675374	1611851675428	KO	status.find.in(200,201,202,203,204,205,206,207,208,209,304), found 401
REQUEST		request_13	1611851675392	1611851675446	KO	status.find.in(200,201,202,203,204,205,206,207,208,209,304), found 401
REQUEST		request_11	1611851675380	1611851675459	OK	 
REQUEST		request_14	1611851677480	1611851677487	OK	 
REQUEST		request_16	1611851677516	1611851677535	OK	 
REQUEST		request_18	1611851677507	1611851677549	OK	 
REQUEST		request_15	1611851677523	1611851677562	OK	 
REQUEST		request_15	1611851677583	1611851677594	OK	 
REQUEST		request_17	1611851677501	1611851677718	OK	 
REQUEST		request_19	1611851679735	1611851679752	OK	 
REQUEST		request_25	1611851679847	1611851680005	OK	 
REQUEST		request_27	1611851679819	1611851680018	OK	 
REQUEST		request_22	1611851679872	1611851680022	OK	 
REQUEST		runtime.js	1611851679883	1611851680027	OK	 
REQUEST		favicon.ico	1611851679887	1611851680065	OK	 
REQUEST		request_20	1611851679895	1611851680075	OK	 
REQUEST		request_21	1611851679902	1611851680083	OK	 
REQUEST		request_29	1611851679905	1611851680087	OK	 
REQUEST		polyfills.js	1611851679914	1611851680114	OK	 
REQUEST		styles.js	1611851679918	1611851680304	OK	 
REQUEST		request_31	1611851679934	1611851680593	OK	 
REQUEST		request_23	1611851679969	1611851680654	OK	 
REQUEST		js?id=G-JM0RFMB8WQ	1611851679941	1611851680875	OK	 
REQUEST		request_28	1611851679853	1611851680968	OK	 
REQUEST		request_24	1611851679899	1611851680976	OK	 
REQUEST		/	1611851679924	1611851681029	OK	 
REQUEST		vendor.js	1611851679929	1611851681197	OK	 
REQUEST		request_30	1611851679973	1611851683309	OK	 
REQUEST		main.js	1611851679990	1611851683360	OK	 
REQUEST		request_26	1611851679995	1611851684845	OK	 
REQUEST		request_25	1611851680012	1611851684881	OK	 
REQUEST		request_32	1611851685889	1611851686134	OK	 
REQUEST		request_33	1611851686140	1611851686159	OK	 
REQUEST		request_34	1611851687167	1611851687171	OK	 
REQUEST		request_35	1611851687178	1611851687185	OK	 
REQUEST		request_36	1611851687180	1611851687189	OK	 
REQUEST		request_36	1611851687194	1611851687534	OK	 
REQUEST		request_37	1611851688540	1611851688543	OK	 
REQUEST		request_39	1611851688554	1611851688566	KO	status.find.in(200,201,202,203,204,205,206,207,208,209,304), found 401
REQUEST		request_38	1611851688563	1611851688570	KO	status.find.in(200,201,202,203,204,205,206,207,208,209,304), found 401
REQUEST		request_40	1611851688549	1611851688750	OK	 
REQUEST		request_41	1611851689769	1611851689787	OK	 
USER	TimedTour1	END	1611851689804
