RUN	Timed1	timed1	1612458332268	 	3.5.0
USER	Timed1	START	1612458334142
REQUEST		GetToken	1612458334191	1612458334448	OK	 
USER	Timed1	START	1612458334620
REQUEST		GetToken	1612458334621	1612458334793	OK	 
USER	Timed1	START	1612458335122
REQUEST		GetToken	1612458335123	1612458335255	OK	 
USER	Timed1	START	1612458335621
REQUEST		AddToCart	1612458335593	1612458335650	OK	 
REQUEST		GetToken	1612458335622	1612458335846	OK	 
REQUEST		AddToCart	1612458335801	1612458335870	OK	 
USER	Timed1	START	1612458336123
REQUEST		GetToken	1612458336124	1612458336252	OK	 
REQUEST		AddToCart	1612458336264	1612458336344	OK	 
REQUEST		AddToCart	1612458336851	1612458336910	OK	 
REQUEST		GetTours	1612458336659	1612458337056	OK	 
REQUEST		GetTours	1612458336875	1612458337058	OK	 
USER	Timed1	START	1612458337113
REQUEST		GetToken	1612458337115	1612458337254	OK	 
REQUEST		AddToCart	1612458337259	1612458337314	OK	 
REQUEST		GetTours	1612458337350	1612458337497	OK	 
USER	Timed1	START	1612458337612
REQUEST		GetToken	1612458337613	1612458337886	OK	 
REQUEST		GetTours	1612458337914	1612458338053	OK	 
USER	Timed1	START	1612458338133
REQUEST		AddTourToCart	1612458338069	1612458338231	OK	 
REQUEST		GetToken	1612458338135	1612458338266	OK	 
REQUEST		AddToCart	1612458338260	1612458338295	OK	 
REQUEST		GetTours	1612458338318	1612458338471	OK	 
USER	Timed1	START	1612458338614
REQUEST		AddTourToCart	1612458338505	1612458338678	OK	 
REQUEST		GetToken	1612458338614	1612458338769	OK	 
REQUEST		AddToCart	1612458338893	1612458338934	OK	 
USER	Timed1	START	1612458339114
REQUEST		AddTourToCart	1612458339061	1612458339208	OK	 
REQUEST		GetToken	1612458339117	1612458339243	OK	 
REQUEST		AddTourToCart	1612458338069	1612458339304	OK	 
REQUEST		AddToCart	1612458339274	1612458339314	OK	 
REQUEST		GetTours	1612458339299	1612458339442	OK	 
REQUEST		AddTourToCart	1612458339479	1612458339618	OK	 
REQUEST		AddToCart	1612458339778	1612458339859	OK	 
REQUEST		GetTours	1612458339941	1612458340085	OK	 
USER	Timed1	START	1612458340112
REQUEST		GetToken	1612458340113	1612458340278	OK	 
REQUEST		AddToCart	1612458340251	1612458340280	OK	 
REQUEST		GetTours	1612458340319	1612458340451	OK	 
USER	Timed1	START	1612458340613
REQUEST		AddTourToCart	1612458340446	1612458340629	OK	 
REQUEST		GetToken	1612458340621	1612458340749	OK	 
REQUEST		GetTours	1612458340864	1612458340994	OK	 
USER	Timed1	START	1612458341113
REQUEST		AddTourToCart	1612458341091	1612458341269	OK	 
REQUEST		GetToken	1612458341114	1612458341300	OK	 
REQUEST		AddToCart	1612458341284	1612458341320	OK	 
REQUEST		GetTours	1612458341286	1612458341465	OK	 
REQUEST		AddTourToCart	1612458341462	1612458341602	OK	 
USER	Timed1	START	1612458341613
REQUEST		GetToken	1612458341614	1612458341796	OK	 
REQUEST		AddToCart	1612458341755	1612458341801	OK	 
USER	Timed1	START	1612458342113
REQUEST		AddTourToCart	1612458341999	1612458342160	OK	 
REQUEST		GetToken	1612458342113	1612458342222	OK	 
REQUEST		AddToCart	1612458342305	1612458342344	OK	 
REQUEST		GetTours	1612458342328	1612458342522	OK	 
REQUEST		AddTourToCart	1612458342471	1612458342644	OK	 
REQUEST		AddToCart	1612458342802	1612458342843	OK	 
REQUEST		GetTours	1612458342809	1612458342946	OK	 
USER	Timed1	START	1612458343112
REQUEST		GetToken	1612458343113	1612458343246	OK	 
REQUEST		AddToCart	1612458343228	1612458343263	OK	 
REQUEST		GetTours	1612458343350	1612458343483	OK	 
USER	Timed1	START	1612458343612
REQUEST		AddTourToCart	1612458343528	1612458343691	OK	 
REQUEST		GetToken	1612458343613	1612458343749	OK	 
REQUEST		GetTours	1612458343850	1612458343999	OK	 
REQUEST		AddTourToCart	1612458343951	1612458344098	OK	 
USER	Timed1	START	1612458344112
REQUEST		GetToken	1612458344113	1612458344213	OK	 
REQUEST		AddToCart	1612458344256	1612458344311	OK	 
REQUEST		GetTours	1612458344270	1612458344411	OK	 
USER	Timed1	START	1612458344612
REQUEST		AddTourToCart	1612458344488	1612458344673	OK	 
REQUEST		GetToken	1612458344613	1612458344734	OK	 
REQUEST		AddToCart	1612458344755	1612458344784	OK	 
USER	Timed1	START	1612458345113
REQUEST		AddTourToCart	1612458345005	1612458345158	OK	 
REQUEST		GetToken	1612458345114	1612458345250	OK	 
REQUEST		AddToCart	1612458345219	1612458345266	OK	 
REQUEST		CreateTimed	1612458345240	1612458345282	OK	 
REQUEST		GetTours	1612458345316	1612458345449	OK	 
REQUEST		AddTourToCart	1612458345415	1612458345613	OK	 
REQUEST		CreateTimed	1612458345689	1612458345730	OK	 
REQUEST		AddToCart	1612458345740	1612458345791	OK	 
REQUEST		GetTours	1612458345788	1612458345922	OK	 
USER	Timed1	START	1612458346113
REQUEST		AddToCart	1612458346257	1612458346326	OK	 
REQUEST		CreateTimed	1612458346215	1612458346336	OK	 
REQUEST		BookingDetails	1612458346290	1612458346359	OK	 
REQUEST		GetToken	1612458346114	1612458346386	OK	 
REQUEST		GetTours	1612458346271	1612458346423	OK	 
REQUEST		CreateTimed	1612458346318	1612458346454	OK	 
REQUEST		ConfirmPayment	1612458346362	1612458346504	OK	 
REQUEST		AddTourToCart	1612458346455	1612458346612	OK	 
USER	Timed1	START	1612458346613
REQUEST		CreateTimed	1612458346638	1612458346682	OK	 
REQUEST		GetToken	1612458346616	1612458346740	OK	 
REQUEST		BookingDetails	1612458346741	1612458347068	OK	 
REQUEST		GetTours	1612458346796	1612458347075	OK	 
REQUEST		AddTourToCart	1612458346938	1612458347092	OK	 
USER	Timed1	START	1612458347124
REQUEST		ConfirmPayment	1612458347071	1612458347202	OK	 
REQUEST		GetToken	1612458347126	1612458347239	OK	 
REQUEST		BookingDetails	1612458347341	1612458347404	OK	 
REQUEST		AddToCart	1612458347390	1612458347429	OK	 
REQUEST		GetTours	1612458347331	1612458347466	OK	 
REQUEST		BookingDetails	1612458347460	1612458347509	OK	 
REQUEST		ConfirmPayment	1612458347407	1612458347573	OK	 
REQUEST		AddTourToCart	1612458347430	1612458347587	OK	 
USER	Timed1	START	1612458347612
REQUEST		ConfirmPayment	1612458347513	1612458347639	OK	 
REQUEST		CreateTimed	1612458347640	1612458347682	OK	 
REQUEST		BookingDetails	1612458347689	1612458347723	OK	 
REQUEST		GetToken	1612458347612	1612458347795	OK	 
REQUEST		AddToCart	1612458347745	1612458347812	OK	 
REQUEST		ConfirmPayment	1612458347725	1612458347852	OK	 
USER	Timed1	START	1612458348112
REQUEST		AddTourToCart	1612458348084	1612458348226	OK	 
REQUEST		GetToken	1612458348113	1612458348229	OK	 
REQUEST		AddToCart	1612458348245	1612458348347	OK	 
REQUEST		CreateTimed	1612458348277	1612458348351	OK	 
USER	Timed1	END	1612458348511
REQUEST		GetTours	1612458348436	1612458348571	OK	 
REQUEST		AddTourToCart	1612458348471	1612458348621	OK	 
REQUEST		CreateTimed	1612458348608	1612458348656	OK	 
REQUEST		BookingDetails	1612458348691	1612458348738	OK	 
REQUEST		AddToCart	1612458348807	1612458348844	OK	 
REQUEST		ConfirmPayment	1612458348740	1612458348913	OK	 
REQUEST		GetTours	1612458348820	1612458348963	OK	 
USER	Timed1	START	1612458349113
USER	Timed1	END	1612458349207
REQUEST		CreateTimed	1612458349169	1612458349245	OK	 
REQUEST		GetToken	1612458349114	1612458349245	OK	 
REQUEST		AddToCart	1612458349236	1612458349271	OK	 
REQUEST		BookingDetails	1612458349355	1612458349518	OK	 
REQUEST		GetTours	1612458349352	1612458349532	OK	 
USER	Timed1	END	1612458349578
USER	Timed1	START	1612458349611
USER	Timed1	END	1612458349643
REQUEST		CreateTimed	1612458349652	1612458349693	OK	 
REQUEST		ConfirmPayment	1612458349520	1612458349703	OK	 
REQUEST		BookingDetails	1612458349660	1612458349704	OK	 
REQUEST		AddTourToCart	1612458349576	1612458349721	OK	 
REQUEST		GetToken	1612458349612	1612458349739	OK	 
REQUEST		ConfirmPayment	1612458349706	1612458349838	OK	 
USER	Timed1	END	1612458349855
REQUEST		GetTours	1612458349850	1612458349986	OK	 
REQUEST		AddTourToCart	1612458349966	1612458350111	OK	 
USER	Timed1	START	1612458350113
REQUEST		GetToken	1612458350113	1612458350249	OK	 
REQUEST		AddToCart	1612458350252	1612458350363	OK	 
REQUEST		BookingDetails	1612458350252	1612458350363	OK	 
REQUEST		GetTours	1612458350275	1612458350405	OK	 
REQUEST		ConfirmPayment	1612458350366	1612458350518	OK	 
USER	Timed1	START	1612458350613
REQUEST		AddTourToCart	1612458350537	1612458350682	OK	 
REQUEST		BookingDetails	1612458350696	1612458350746	OK	 
REQUEST		GetToken	1612458350613	1612458350746	OK	 
REQUEST		CreateTimed	1612458350706	1612458350761	OK	 
REQUEST		AddToCart	1612458350743	1612458350783	OK	 
REQUEST		ConfirmPayment	1612458350748	1612458350877	OK	 
USER	Timed1	END	1612458350916
USER	Timed1	START	1612458351111
REQUEST		AddTourToCart	1612458350991	1612458351169	OK	 
REQUEST		CreateTimed	1612458351106	1612458351170	OK	 
REQUEST		GetToken	1612458351112	1612458351253	OK	 
REQUEST		AddToCart	1612458351254	1612458351346	OK	 
REQUEST		GetTours	1612458351366	1612458351527	OK	 
REQUEST		AddTourToCart	1612458351410	1612458351555	OK	 
USER	Timed1	END	1612458351741
REQUEST		CreateTimed	1612458351693	1612458351754	OK	 
REQUEST		AddToCart	1612458351750	1612458351800	OK	 
REQUEST		BookingDetails	1612458351766	1612458351814	OK	 
USER	Timed1	END	1612458351842
REQUEST		GetTours	1612458351793	1612458351940	OK	 
REQUEST		ConfirmPayment	1612458351816	1612458351973	OK	 
USER	Timed1	START	1612458352113
REQUEST		BookingDetails	1612458352174	1612458352241	OK	 
REQUEST		CreateTimed	1612458352166	1612458352241	OK	 
REQUEST		GetToken	1612458352114	1612458352325	OK	 
REQUEST		AddToCart	1612458352257	1612458352339	OK	 
REQUEST		ConfirmPayment	1612458352244	1612458352412	OK	 
REQUEST		GetTours	1612458352349	1612458352506	OK	 
USER	Timed1	END	1612458352522
USER	Timed1	START	1612458352612
REQUEST		CreateTimed	1612458352620	1612458352676	OK	 
REQUEST		AddTourToCart	1612458352534	1612458352682	OK	 
REQUEST		GetToken	1612458352613	1612458352760	OK	 
REQUEST		BookingDetails	1612458352760	1612458352803	OK	 
USER	Timed1	END	1612458352880
REQUEST		GetTours	1612458352808	1612458352961	OK	 
REQUEST		ConfirmPayment	1612458352806	1612458352966	OK	 
REQUEST		AddTourToCart	1612458352943	1612458353095	OK	 
USER	Timed1	START	1612458353113
REQUEST		GetToken	1612458353114	1612458353243	OK	 
REQUEST		BookingDetails	1612458353246	1612458353351	OK	 
REQUEST		AddToCart	1612458353329	1612458353363	OK	 
REQUEST		ConfirmPayment	1612458353353	1612458353484	OK	 
REQUEST		GetTours	1612458353342	1612458353499	OK	 
USER	Timed1	START	1612458353612
REQUEST		AddTourToCart	1612458353509	1612458353672	OK	 
REQUEST		CreateTimed	1612458353620	1612458353672	OK	 
REQUEST		BookingDetails	1612458353683	1612458353724	OK	 
REQUEST		GetToken	1612458353612	1612458353762	OK	 
REQUEST		AddToCart	1612458353763	1612458353816	OK	 
REQUEST		ConfirmPayment	1612458353726	1612458353892	OK	 
USER	Timed1	END	1612458353977
USER	Timed1	START	1612458354113
REQUEST		AddTourToCart	1612458353964	1612458354116	OK	 
REQUEST		CreateTimed	1612458354100	1612458354146	OK	 
REQUEST		GetToken	1612458354114	1612458354260	OK	 
REQUEST		AddToCart	1612458354246	1612458354291	OK	 
USER	Timed1	END	1612458354417
REQUEST		GetTours	1612458354368	1612458354514	OK	 
REQUEST		CreateTimed	1612458354591	1612458354624	OK	 
REQUEST		AddTourToCart	1612458354502	1612458354656	OK	 
REQUEST		GetTours	1612458354819	1612458354955	OK	 
USER	Timed1	END	1612458354972
REQUEST		BookingDetails	1612458354676	1612458355082	OK	 
REQUEST		AddToCart	1612458354765	1612458355089	OK	 
USER	Timed1	START	1612458355111
REQUEST		BookingDetails	1612458355149	1612458355205	OK	 
REQUEST		ConfirmPayment	1612458355084	1612458355211	OK	 
REQUEST		GetToken	1612458355112	1612458355266	OK	 
REQUEST		CreateTimed	1612458355231	1612458355317	OK	 
REQUEST		AddToCart	1612458355267	1612458355320	OK	 
REQUEST		ConfirmPayment	1612458355208	1612458355388	OK	 
REQUEST		GetTours	1612458355293	1612458355422	OK	 
USER	Timed1	END	1612458355488
USER	Timed1	START	1612458355613
REQUEST		BookingDetails	1612458355627	1612458355672	OK	 
REQUEST		CreateTimed	1612458355626	1612458355677	OK	 
REQUEST		AddTourToCart	1612458355518	1612458355712	OK	 
REQUEST		GetToken	1612458355613	1612458355727	OK	 
REQUEST		ConfirmPayment	1612458355675	1612458355825	OK	 
USER	Timed1	END	1612458355895
USER	Timed1	START	1612458356113
REQUEST		AddTourToCart	1612458355960	1612458356133	OK	 
REQUEST		GetTours	1612458356096	1612458356237	OK	 
REQUEST		GetToken	1612458356113	1612458356287	OK	 
REQUEST		AddToCart	1612458356270	1612458356312	OK	 
REQUEST		BookingDetails	1612458356326	1612458356370	OK	 
REQUEST		GetTours	1612458356332	1612458356470	OK	 
REQUEST		ConfirmPayment	1612458356372	1612458356558	OK	 
REQUEST		AddTourToCart	1612458356426	1612458356603	OK	 
USER	Timed1	START	1612458356612
REQUEST		BookingDetails	1612458356687	1612458356744	OK	 
REQUEST		AddToCart	1612458356731	1612458356769	OK	 
REQUEST		CreateTimed	1612458356727	1612458356771	OK	 
REQUEST		GetToken	1612458356615	1612458356777	OK	 
REQUEST		ConfirmPayment	1612458356746	1612458356907	OK	 
USER	Timed1	START	1612458357112
REQUEST		CreateTimed	1612458357115	1612458357200	OK	 
USER	Timed1	END	1612458357217
REQUEST		AddToCart	1612458357291	1612458357338	OK	 
REQUEST		GetToken	1612458357113	1612458357345	OK	 
USER	Timed1	END	1612458357396
REQUEST		AddTourToCart	1612458357241	1612458357408	OK	 
REQUEST		GetTours	1612458357317	1612458357463	OK	 
REQUEST		AddTourToCart	1612458357476	1612458357633	OK	 
REQUEST		CreateTimed	1612458357688	1612458357725	OK	 
USER	Timed1	END	1612458357838
REQUEST		AddToCart	1612458357785	1612458357859	OK	 
REQUEST		BookingDetails	1612458357776	1612458357862	OK	 
REQUEST		GetTours	1612458357773	1612458357956	OK	 
REQUEST		ConfirmPayment	1612458357866	1612458358001	OK	 
USER	Timed1	START	1612458358112
REQUEST		CreateTimed	1612458358175	1612458358221	OK	 
REQUEST		GetToken	1612458358113	1612458358244	OK	 
REQUEST		BookingDetails	1612458358205	1612458358278	OK	 
REQUEST		AddToCart	1612458358348	1612458358385	OK	 
REQUEST		ConfirmPayment	1612458358280	1612458358409	OK	 
REQUEST		GetTours	1612458358342	1612458358493	OK	 
USER	Timed1	END	1612458358562
REQUEST		CreateTimed	1612458358560	1612458358600	OK	 
USER	Timed1	START	1612458358612
REQUEST		AddTourToCart	1612458358467	1612458358612	OK	 
REQUEST		GetToken	1612458358612	1612458358761	OK	 
REQUEST		BookingDetails	1612458358730	1612458358792	OK	 
USER	Timed1	END	1612458358912
REQUEST		GetTours	1612458358864	1612458359002	OK	 
REQUEST		ConfirmPayment	1612458358796	1612458359030	OK	 
USER	Timed1	START	1612458359120
REQUEST		AddTourToCart	1612458358960	1612458359121	OK	 
REQUEST		GetToken	1612458359120	1612458359265	OK	 
REQUEST		BookingDetails	1612458359226	1612458359307	OK	 
REQUEST		AddToCart	1612458359248	1612458359309	OK	 
REQUEST		ConfirmPayment	1612458359310	1612458359437	OK	 
REQUEST		GetTours	1612458359389	1612458359530	OK	 
USER	Timed1	START	1612458359612
REQUEST		BookingDetails	1612458359604	1612458359671	OK	 
REQUEST		AddTourToCart	1612458359499	1612458359672	OK	 
REQUEST		GetToken	1612458359613	1612458359747	OK	 
REQUEST		CreateTimed	1612458359721	1612458359771	OK	 
REQUEST		AddToCart	1612458359766	1612458359814	OK	 
REQUEST		ConfirmPayment	1612458359674	1612458359830	OK	 
USER	Timed1	END	1612458360005
USER	Timed1	START	1612458360113
REQUEST		CreateTimed	1612458360100	1612458360165	OK	 
REQUEST		AddTourToCart	1612458360006	1612458360191	OK	 
REQUEST		GetToken	1612458360114	1612458360242	OK	 
REQUEST		AddToCart	1612458360269	1612458360311	OK	 
USER	Timed1	END	1612458360413
REQUEST		GetTours	1612458360314	1612458360450	OK	 
REQUEST		AddTourToCart	1612458360535	1612458360686	OK	 
REQUEST		CreateTimed	1612458360676	1612458360716	OK	 
REQUEST		AddToCart	1612458360750	1612458360791	OK	 
REQUEST		BookingDetails	1612458360775	1612458360825	OK	 
REQUEST		GetTours	1612458360816	1612458361010	OK	 
REQUEST		ConfirmPayment	1612458360830	1612458361013	OK	 
USER	Timed1	END	1612458361033
USER	Timed1	START	1612458361112
REQUEST		BookingDetails	1612458361169	1612458361231	OK	 
REQUEST		CreateTimed	1612458361120	1612458361231	OK	 
REQUEST		AddToCart	1612458361248	1612458361295	OK	 
USER	Timed1	END	1612458361440
USER	Timed1	START	1612458361612
REQUEST		ConfirmPayment	1612458361233	1612458361624	OK	 
REQUEST		GetTours	1612458361316	1612458361682	OK	 
USER	Timed1	END	1612458361832
REQUEST		AddTourToCart	1612458361455	1612458361911	OK	 
REQUEST		BookingDetails	1612458361720	1612458362053	OK	 
REQUEST		GetToken	1612458361113	1612458362051	OK	 
REQUEST		CreateTimed	1612458361663	1612458362059	OK	 
USER	Timed1	START	1612458362112
REQUEST		GetTours	1612458361793	1612458362182	OK	 
USER	Timed1	START	1612458362612
REQUEST		AddTourToCart	1612458362014	1612458362920	OK	 
USER	Timed1	END	1612458363016
USER	Timed1	START	1612458363113
REQUEST		ConfirmPayment	1612458362055	1612458363484	OK	 
USER	Timed1	END	1612458363628
REQUEST		BookingDetails	1612458362235	1612458363794	OK	 
USER	Timed1	START	1612458364112
REQUEST		GetTours	1612458362297	1612458364123	OK	 
USER	Timed1	START	1612458364613
REQUEST		GetToken	1612458361613	1612458365102	OK	 
USER	Timed1	START	1612458365113
REQUEST		CreateTimed	1612458363612	1612458365127	OK	 
REQUEST		CreateTimed	1612458362720	1612458365127	OK	 
REQUEST		CreateTimed	1612458363137	1612458365147	OK	 
REQUEST		AddToCart	1612458363058	1612458365149	OK	 
REQUEST		BookingDetails	1612458363064	1612458365161	OK	 
REQUEST		AddTourToCart	1612458363187	1612458365189	KO	status.find.in(200,201,202,203,204,205,206,207,208,209,304), found 400
USER	Timed1	END	1612458365195
REQUEST		ConfirmPayment	1612458363797	1612458365207	OK	 
REQUEST		CreateTimed	1612458364637	1612458365206	OK	 
REQUEST		GetToken	1612458362113	1612458365207	OK	 
REQUEST		CreateTimed	1612458364413	1612458365207	OK	 
REQUEST		AddTourToCart	1612458362688	1612458365212	OK	 
REQUEST		GetToken	1612458364613	1612458365246	OK	 
REQUEST		GetToken	1612458364112	1612458365261	OK	 
USER	Timed1	END	1612458365488
USER	Timed1	START	1612458365612
REQUEST		GetToken	1612458362613	1612458365615	OK	 
REQUEST		CreateTimed	1612458365622	1612458365658	OK	 
REQUEST		GetToken	1612458365613	1612458365742	OK	 
REQUEST		GetToken	1612458363113	1612458365784	OK	 
USER	Timed1	START	1612458366135
REQUEST		AddToCart	1612458366107	1612458366211	OK	 
REQUEST		CreateTimed	1612458366126	1612458366269	OK	 
REQUEST		BookingDetails	1612458366143	1612458366668	OK	 
REQUEST		BookingDetails	1612458366141	1612458366668	OK	 
REQUEST		BookingDetails	1612458366212	1612458366682	OK	 
REQUEST		BookingDetails	1612458366153	1612458366681	OK	 
REQUEST		BookingDetails	1612458366213	1612458366687	OK	 
REQUEST		AddToCart	1612458366212	1612458366695	OK	 
REQUEST		AddToCart	1612458366264	1612458366803	OK	 
USER	Timed1	START	1612458367113
REQUEST		AddToCart	1612458366622	1612458367129	OK	 
REQUEST		BookingDetails	1612458366675	1612458367129	OK	 
REQUEST		CreateTimed	1612458366680	1612458367137	OK	 
REQUEST		ConfirmPayment	1612458366672	1612458367148	OK	 
REQUEST		ConfirmPayment	1612458366688	1612458367151	OK	 
USER	Timed1	END	1612458367211
REQUEST		AddToCart	1612458366788	1612458367259	OK	 
REQUEST		AddToCart	1612458366252	1612458367368	OK	 
REQUEST		ConfirmPayment	1612458366693	1612458367443	OK	 
REQUEST		AddToCart	1612458366745	1612458367443	OK	 
REQUEST		ConfirmPayment	1612458366672	1612458367510	OK	 
REQUEST		ConfirmPayment	1612458366693	1612458367510	OK	 
REQUEST		ConfirmPayment	1612458367137	1612458367536	OK	 
REQUEST		CreateTimed	1612458367196	1612458367535	OK	 
REQUEST		GetToken	1612458365114	1612458367538	OK	 
REQUEST		BookingDetails	1612458367273	1612458367546	OK	 
REQUEST		GetTours	1612458367216	1612458367546	OK	 
REQUEST		GetTours	1612458366153	1612458367596	OK	 
REQUEST		GetToken	1612458367113	1612458367598	OK	 
REQUEST		GetToken	1612458366135	1612458367601	OK	 
USER	Timed1	START	1612458367612
REQUEST		AddTourToCart	1612458365137	1612458367630	OK	 
REQUEST		ConfirmPayment	1612458365163	1612458367683	OK	 
REQUEST		ConfirmPayment	1612458367549	1612458367720	OK	 
REQUEST		GetToken	1612458367613	1612458367745	OK	 
REQUEST		CreateTimed	1612458367691	1612458367745	OK	 
REQUEST		GetTours	1612458367700	1612458367840	OK	 
REQUEST		GetTours	1612458367809	1612458367952	OK	 
USER	Timed1	START	1612458368113
REQUEST		BookingDetails	1612458368143	1612458368188	OK	 
REQUEST		GetToken	1612458368114	1612458368223	OK	 
REQUEST		GetTours	1612458368139	1612458368261	OK	 
REQUEST		ConfirmPayment	1612458368189	1612458368376	OK	 
REQUEST		GetTours	1612458368261	1612458368410	OK	 
REQUEST		GetTours	1612458368371	1612458368556	OK	 
REQUEST		BookingDetails	1612458368544	1612458368596	OK	 
REQUEST		AddToCart	1612458368543	1612458368596	OK	 
USER	Timed1	START	1612458368613
REQUEST		GetTours	1612458368446	1612458368642	OK	 
REQUEST		AddToCart	1612458368609	1612458368674	OK	 
REQUEST		AddToCart	1612458368611	1612458368674	OK	 
REQUEST		AddTourToCart	1612458368550	1612458368703	OK	 
REQUEST		GetToken	1612458368613	1612458368730	OK	 
REQUEST		ConfirmPayment	1612458368598	1612458368760	OK	 
REQUEST		AddTourToCart	1612458368600	1612458368768	OK	 
REQUEST		AddToCart	1612458368748	1612458368790	OK	 
REQUEST		BookingDetails	1612458368749	1612458368790	OK	 
REQUEST		ConfirmPayment	1612458368792	1612458368929	OK	 
REQUEST		CreateTimed	1612458368917	1612458368981	OK	 
REQUEST		AddTourToCart	1612458368844	1612458368997	OK	 
REQUEST		AddTourToCart	1612458368955	1612458369097	OK	 
USER	Timed1	START	1612458369113
USER	Timed1	END	1612458369154
USER	Timed1	END	1612458369159
REQUEST		GetToken	1612458369114	1612458369229	OK	 
REQUEST		AddToCart	1612458369226	1612458369271	OK	 
REQUEST		AddTourToCart	1612458369265	1612458369413	OK	 
USER	Timed1	END	1612458369448
USER	Timed1	END	1612458369517
USER	Timed1	END	1612458369520
USER	Timed1	END	1612458369542
REQUEST		AddTourToCart	1612458369413	1612458369570	OK	 
USER	Timed1	END	1612458369689
USER	Timed1	END	1612458369726
REQUEST		AddTourToCart	1612458369577	1612458369772	OK	 
REQUEST		GetTours	1612458369601	1612458369784	OK	 
REQUEST		AddToCart	1612458369734	1612458369883	OK	 
REQUEST		AddTourToCart	1612458369646	1612458369885	OK	 
REQUEST		GetTours	1612458369679	1612458369896	OK	 
USER	Timed1	START	1612458370112
REQUEST		GetTours	1612458369679	1612458370123	OK	 
REQUEST		GetTours	1612458369794	1612458370192	OK	 
REQUEST		CreateTimed	1612458369924	1612458370192	OK	 
REQUEST		BookingDetails	1612458369984	1612458370209	OK	 
USER	Timed1	END	1612458370381
USER	Timed1	START	1612458370612
USER	Timed1	END	1612458370763
USER	Timed1	END	1612458370932
USER	Timed1	START	1612458371133
REQUEST		AddToCart	1612458370233	1612458371299	OK	 
REQUEST		ConfirmPayment	1612458370211	1612458371369	OK	 
REQUEST		AddTourToCart	1612458370789	1612458371369	OK	 
REQUEST		GetTours	1612458370886	1612458371391	OK	 
REQUEST		AddTourToCart	1612458370900	1612458371397	OK	 
REQUEST		BookingDetails	1612458371197	1612458371408	OK	 
REQUEST		AddTourToCart	1612458371126	1612458371409	OK	 
REQUEST		AddTourToCart	1612458371196	1612458371411	OK	 
REQUEST		GetTours	1612458370275	1612458371480	OK	 
REQUEST		GetToken	1612458371133	1612458371519	OK	 
USER	Timed1	START	1612458371613
REQUEST		GetToken	1612458370612	1612458371613	OK	 
REQUEST		GetToken	1612458370112	1612458371616	OK	 
REQUEST		ConfirmPayment	1612458371411	1612458371653	OK	 
REQUEST		GetToken	1612458371613	1612458372108	OK	 
USER	Timed1	START	1612458372113
REQUEST		CreateTimed	1612458372219	1612458372477	OK	 
REQUEST		AddTourToCart	1612458372394	1612458372724	OK	 
REQUEST		AddToCart	1612458372524	1612458372755	OK	 
REQUEST		AddToCart	1612458372620	1612458372761	OK	 
REQUEST		GetTours	1612458372301	1612458372761	OK	 
REQUEST		AddToCart	1612458372617	1612458372761	OK	 
REQUEST		AddTourToCart	1612458372482	1612458372761	OK	 
REQUEST		GetToken	1612458372113	1612458372804	OK	 
USER	Timed1	START	1612458373113
REQUEST		AddToCart	1612458373111	1612458373171	OK	 
REQUEST		GetToken	1612458373113	1612458373238	OK	 
USER	Timed1	END	1612458373376
REQUEST		BookingDetails	1612458373481	1612458373516	OK	 
USER	Timed1	START	1612458373612
REQUEST		ConfirmPayment	1612458373518	1612458373650	OK	 
USER	Timed1	END	1612458373665
REQUEST		GetToken	1612458373613	1612458373759	OK	 
REQUEST		AddToCart	1612458373810	1612458373866	OK	 
REQUEST		GetTours	1612458373762	1612458373898	OK	 
REQUEST		GetTours	1612458373771	1612458373908	OK	 
REQUEST		AddTourToCart	1612458373771	1612458373916	OK	 
REQUEST		GetTours	1612458373772	1612458373926	OK	 
USER	Timed1	START	1612458374112
REQUEST		GetToken	1612458374113	1612458374226	OK	 
REQUEST		AddToCart	1612458374244	1612458374293	OK	 
REQUEST		GetTours	1612458374179	1612458374321	OK	 
USER	Timed1	START	1612458374612
REQUEST		CreateTimed	1612458374635	1612458374679	OK	 
REQUEST		GetToken	1612458374613	1612458374738	OK	 
REQUEST		AddToCart	1612458374764	1612458374947	OK	 
USER	Timed1	START	1612458375112
REQUEST		GetToken	1612458375112	1612458375217	OK	 
REQUEST		AddToCart	1612458375233	1612458375281	OK	 
REQUEST		GetTours	1612458374871	1612458375281	OK	 
REQUEST		AddTourToCart	1612458374902	1612458375312	OK	 
REQUEST		AddTourToCart	1612458374915	1612458375339	OK	 
REQUEST		GetTours	1612458375297	1612458375426	OK	 
REQUEST		AddTourToCart	1612458375329	1612458375469	OK	 
USER	Timed1	END	1612458375653
REQUEST		BookingDetails	1612458375686	1612458375727	OK	 
REQUEST		CreateTimed	1612458375711	1612458375766	OK	 
REQUEST		AddToCart	1612458375742	1612458375789	OK	 
REQUEST		CreateTimed	1612458375779	1612458375834	OK	 
REQUEST		ConfirmPayment	1612458375730	1612458375864	OK	 
REQUEST		CreateTimed	1612458376001	1612458376043	OK	 
REQUEST		GetTours	1612458375950	1612458376099	OK	 
USER	Timed1	START	1612458376121
REQUEST		CreateTimed	1612458376102	1612458376141	OK	 
REQUEST		GetToken	1612458376122	1612458376264	OK	 
REQUEST		AddToCart	1612458376220	1612458376271	OK	 
REQUEST		AddTourToCart	1612458374935	1612458376406	OK	 
REQUEST		GetTours	1612458376284	1612458376406	OK	 
REQUEST		AddTourToCart	1612458376285	1612458376414	OK	 
REQUEST		CreateTimed	1612458376419	1612458376472	OK	 
REQUEST		AddTourToCart	1612458376430	1612458376570	OK	 
USER	Timed1	START	1612458376613
REQUEST		CreateTimed	1612458376575	1612458376622	OK	 
REQUEST		GetToken	1612458376613	1612458376734	OK	 
REQUEST		BookingDetails	1612458376769	1612458376820	OK	 
REQUEST		CreateTimed	1612458376781	1612458376832	OK	 
REQUEST		BookingDetails	1612458376840	1612458376877	OK	 
REQUEST		GetTours	1612458376805	1612458376923	OK	 
REQUEST		ConfirmPayment	1612458376833	1612458376935	OK	 
REQUEST		CreateTimed	1612458376900	1612458376934	OK	 
REQUEST		ConfirmPayment	1612458376880	1612458377051	OK	 
USER	Timed1	START	1612458377112
REQUEST		BookingDetails	1612458377047	1612458377121	OK	 
REQUEST		BookingDetails	1612458377147	1612458377230	OK	 
REQUEST		GetToken	1612458377115	1612458377230	OK	 
REQUEST		AddTourToCart	1612458377102	1612458377266	OK	 
REQUEST		ConfirmPayment	1612458377127	1612458377266	OK	 
REQUEST		AddToCart	1612458377267	1612458377322	OK	 
REQUEST		ConfirmPayment	1612458377232	1612458377367	OK	 
REQUEST		GetTours	1612458377278	1612458377428	OK	 
REQUEST		BookingDetails	1612458377475	1612458377566	OK	 
REQUEST		AddTourToCart	1612458377417	1612458377573	OK	 
USER	Timed1	START	1612458377613
REQUEST		ConfirmPayment	1612458377568	1612458377752	OK	 
REQUEST		AddToCart	1612458377738	1612458377778	OK	 
REQUEST		BookingDetails	1612458377629	1612458377790	OK	 
USER	Timed1	END	1612458377867
REQUEST		BookingDetails	1612458377837	1612458378060	OK	 
REQUEST		ConfirmPayment	1612458377792	1612458378060	OK	 
REQUEST		GetToken	1612458377613	1612458378063	OK	 
REQUEST		BookingDetails	1612458377941	1612458378086	OK	 
USER	Timed1	START	1612458378114
REQUEST		AddTourToCart	1612458377927	1612458378234	OK	 
REQUEST		ConfirmPayment	1612458378064	1612458378280	OK	 
REQUEST		ConfirmPayment	1612458378087	1612458378308	OK	 
REQUEST		GetToken	1612458378114	1612458378316	OK	 
REQUEST		AddToCart	1612458378234	1612458378321	OK	 
REQUEST		CreateTimed	1612458378375	1612458378429	OK	 
REQUEST		CreateTimed	1612458378401	1612458378436	OK	 
REQUEST		GetTours	1612458378326	1612458378453	OK	 
REQUEST		CreateTimed	1612458378417	1612458378468	OK	 
REQUEST		CreateTimed	1612458378417	1612458378468	OK	 
REQUEST		AddTourToCart	1612458378436	1612458378572	OK	 
REQUEST		GetTours	1612458378781	1612458378901	OK	 
USER	Timed1	END	1612458378939
USER	Timed1	END	1612458379054
REQUEST		AddToCart	1612458379067	1612458379104	OK	 
USER	Timed1	START	1612458379113
REQUEST		GetToken	1612458379116	1612458379228	OK	 
USER	Timed1	END	1612458379270
REQUEST		AddToCart	1612458379321	1612458379359	OK	 
USER	Timed1	END	1612458379373
REQUEST		GetTours	1612458379324	1612458379449	OK	 
REQUEST		BookingDetails	1612458379434	1612458379476	OK	 
REQUEST		BookingDetails	1612458379440	1612458379480	OK	 
USER	Timed1	START	1612458379612
USER	Timed1	END	1612458379756
REQUEST		BookingDetails	1612458379475	1612458379819	OK	 
REQUEST		AddTourToCart	1612458379456	1612458379819	OK	 
REQUEST		ConfirmPayment	1612458379480	1612458379821	OK	 
REQUEST		BookingDetails	1612458379476	1612458379827	OK	 
REQUEST		CreateTimed	1612458379728	1612458379851	OK	 
REQUEST		ConfirmPayment	1612458379484	1612458379864	OK	 
REQUEST		CreateTimed	1612458379773	1612458380044	OK	 
REQUEST		ConfirmPayment	1612458379822	1612458380059	OK	 
REQUEST		GetToken	1612458379613	1612458380059	OK	 
USER	Timed1	END	1612458380064
REQUEST		ConfirmPayment	1612458379829	1612458380070	OK	 
USER	Timed1	START	1612458380112
REQUEST		AddTourToCart	1612458379903	1612458380156	OK	 
REQUEST		GetTours	1612458380108	1612458380269	OK	 
USER	Timed1	END	1612458380285
USER	Timed1	END	1612458380312
REQUEST		AddToCart	1612458380231	1612458380318	OK	 
REQUEST		GetToken	1612458380113	1612458380359	OK	 
REQUEST		GetTours	1612458380364	1612458380484	OK	 
REQUEST		AddTourToCart	1612458380452	1612458380593	OK	 
USER	Timed1	START	1612458380612
REQUEST		GetToken	1612458380613	1612458380727	OK	 
REQUEST		BookingDetails	1612458380854	1612458380918	OK	 
REQUEST		CreateTimed	1612458380931	1612458380972	OK	 
REQUEST		ConfirmPayment	1612458380919	1612458381084	OK	 
REQUEST		BookingDetails	1612458381047	1612458381117	OK	 
USER	Timed1	START	1612458381113
REQUEST		AddToCart	1612458381062	1612458381118	OK	 
REQUEST		GetToken	1612458381117	1612458381243	OK	 
REQUEST		ConfirmPayment	1612458381119	1612458381278	OK	 
REQUEST		AddToCart	1612458381361	1612458381404	OK	 
REQUEST		AddTourToCart	1612458381273	1612458381433	OK	 
REQUEST		GetTours	1612458381321	1612458381446	OK	 
REQUEST		AddTourToCart	1612458381487	1612458381719	OK	 
REQUEST		AddToCart	1612458381731	1612458381773	OK	 
USER	Timed1	END	1612458381825
USER	Timed1	END	1612458381868
REQUEST		BookingDetails	1612458381975	1612458382024	OK	 
USER	Timed1	END	1612458382064
USER	Timed1	END	1612458382075
USER	Timed1	START	1612458382113
REQUEST		ConfirmPayment	1612458382026	1612458382154	OK	 
REQUEST		GetTours	1612458382124	1612458382245	OK	 
REQUEST		GetToken	1612458382114	1612458382269	OK	 
REQUEST		AddToCart	1612458382245	1612458382291	OK	 
REQUEST		CreateTimed	1612458382321	1612458382353	OK	 
REQUEST		CreateTimed	1612458382347	1612458382383	OK	 
REQUEST		CreateTimed	1612458382475	1612458382531	OK	 
REQUEST		GetTours	1612458382407	1612458382548	OK	 
USER	Timed1	START	1612458382613
REQUEST		AddTourToCart	1612458382450	1612458382622	OK	 
REQUEST		GetToken	1612458382614	1612458382752	OK	 
REQUEST		GetTours	1612458382777	1612458382913	OK	 
USER	Timed1	END	1612458383088
USER	Timed1	START	1612458383112
REQUEST		GetToken	1612458383113	1612458383237	OK	 
USER	Timed1	END	1612458383281
REQUEST		AddToCart	1612458383272	1612458383306	OK	 
REQUEST		AddTourToCart	1612458383249	1612458383399	OK	 
REQUEST		BookingDetails	1612458383357	1612458383410	OK	 
REQUEST		BookingDetails	1612458383387	1612458383417	OK	 
REQUEST		GetTours	1612458383294	1612458383427	OK	 
REQUEST		CreateTimed	1612458383424	1612458383471	OK	 
REQUEST		CreateTimed	1612458383423	1612458383471	OK	 
REQUEST		ConfirmPayment	1612458383412	1612458383560	OK	 
USER	Timed1	START	1612458383612
REQUEST		ConfirmPayment	1612458383423	1612458383657	OK	 
REQUEST		BookingDetails	1612458383535	1612458383695	OK	 
REQUEST		CreateTimed	1612458383574	1612458383697	OK	 
REQUEST		AddTourToCart	1612458383554	1612458383824	OK	 
REQUEST		AddToCart	1612458383756	1612458383902	OK	 
REQUEST		GetToken	1612458383613	1612458383902	OK	 
REQUEST		ConfirmPayment	1612458383697	1612458383906	OK	 
REQUEST		AddTourToCart	1612458383916	1612458384058	OK	 
USER	Timed1	START	1612458384113
USER	Timed1	END	1612458384159
REQUEST		AddToCart	1612458384241	1612458384271	OK	 
REQUEST		GetToken	1612458384114	1612458384276	OK	 
REQUEST		CreateTimed	1612458384272	1612458384314	OK	 
REQUEST		GetTours	1612458384310	1612458384474	OK	 
REQUEST		BookingDetails	1612458384476	1612458384524	OK	 
REQUEST		BookingDetails	1612458384476	1612458384524	OK	 
REQUEST		AddTourToCart	1612458384429	1612458384698	OK	 
REQUEST		CreateTimed	1612458384576	1612458384702	OK	 
REQUEST		ConfirmPayment	1612458384526	1612458384802	OK	 
REQUEST		BookingDetails	1612458384702	1612458384805	OK	 
REQUEST		AddToCart	1612458384908	1612458384938	OK	 
REQUEST		ConfirmPayment	1612458384806	1612458384955	OK	 
REQUEST		GetTours	1612458384906	1612458385030	OK	 
USER	Timed1	START	1612458385113
REQUEST		GetToken	1612458385114	1612458385232	OK	 
REQUEST		CreateTimed	1612458385243	1612458385287	OK	 
REQUEST		AddToCart	1612458385279	1612458385331	OK	 
REQUEST		BookingDetails	1612458385318	1612458385372	OK	 
REQUEST		GetTours	1612458385273	1612458385395	OK	 
REQUEST		ConfirmPayment	1612458385373	1612458385496	OK	 
USER	Timed1	END	1612458385576
USER	Timed1	START	1612458385612
REQUEST		CreateTimed	1612458385576	1612458385618	OK	 
REQUEST		AddTourToCart	1612458385478	1612458385625	OK	 
USER	Timed1	END	1612458385660
REQUEST		GetToken	1612458385613	1612458385747	OK	 
REQUEST		BookingDetails	1612458385706	1612458385749	OK	 
REQUEST		ConfirmPayment	1612458385750	1612458385880	OK	 
USER	Timed1	END	1612458385909
REQUEST		GetTours	1612458385941	1612458386063	OK	 
USER	Timed1	START	1612458386113
REQUEST		AddTourToCart	1612458386034	1612458386176	OK	 
REQUEST		GetToken	1612458386113	1612458386249	OK	 
REQUEST		AddToCart	1612458386234	1612458386280	OK	 
REQUEST		BookingDetails	1612458386292	1612458386337	OK	 
REQUEST		GetTours	1612458386334	1612458386489	OK	 
REQUEST		ConfirmPayment	1612458386340	1612458386491	OK	 
REQUEST		AddTourToCart	1612458386399	1612458386542	OK	 
USER	Timed1	START	1612458386612
REQUEST		BookingDetails	1612458386623	1612458386691	OK	 
REQUEST		GetToken	1612458386612	1612458386774	OK	 
REQUEST		AddToCart	1612458386751	1612458386802	OK	 
USER	Timed1	END	1612458386805
REQUEST		ConfirmPayment	1612458386692	1612458386852	OK	 
REQUEST		CreateTimed	1612458386825	1612458386864	OK	 
USER	Timed1	END	1612458386957
USER	Timed1	START	1612458387113
REQUEST		CreateTimed	1612458387160	1612458387197	OK	 
REQUEST		AddTourToCart	1612458387066	1612458387205	OK	 
REQUEST		GetToken	1612458387113	1612458387214	OK	 
REQUEST		AddToCart	1612458387253	1612458387300	OK	 
REQUEST		GetTours	1612458387283	1612458387429	OK	 
USER	Timed1	END	1612458387499
REQUEST		CreateTimed	1612458387597	1612458387638	OK	 
REQUEST		AddTourToCart	1612458387492	1612458387645	OK	 
REQUEST		AddToCart	1612458387779	1612458387824	OK	 
USER	Timed1	END	1612458387882
REQUEST		BookingDetails	1612458387867	1612458387903	OK	 
REQUEST		GetTours	1612458387809	1612458387956	OK	 
REQUEST		ConfirmPayment	1612458384526	1612458388046	KO	status.find.in(200,201,202,203,204,205,206,207,208,209,304), found 400
USER	Timed1	END	1612458388052
REQUEST		ConfirmPayment	1612458387905	1612458388084	OK	 
USER	Timed1	START	1612458388113
REQUEST		GetToken	1612458388113	1612458388229	OK	 
REQUEST		BookingDetails	1612458388202	1612458388243	OK	 
REQUEST		AddToCart	1612458388216	1612458388259	OK	 
REQUEST		ConfirmPayment	1612458388247	1612458388379	OK	 
REQUEST		GetTours	1612458388303	1612458388440	OK	 
USER	Timed1	END	1612458388501
REQUEST		CreateTimed	1612458388439	1612458388511	OK	 
REQUEST		AddTourToCart	1612458388433	1612458388573	OK	 
USER	Timed1	START	1612458388612
REQUEST		BookingDetails	1612458388643	1612458388711	OK	 
REQUEST		GetToken	1612458388612	1612458388724	OK	 
REQUEST		CreateTimed	1612458388739	1612458388810	OK	 
REQUEST		ConfirmPayment	1612458388713	1612458388847	OK	 
USER	Timed1	END	1612458388855
REQUEST		GetTours	1612458388827	1612458388969	OK	 
REQUEST		AddTourToCart	1612458388960	1612458389102	OK	 
USER	Timed1	START	1612458389115
REQUEST		AddToCart	1612458389233	1612458389285	OK	 
REQUEST		GetToken	1612458389132	1612458389285	OK	 
REQUEST		GetTours	1612458389261	1612458389463	OK	 
REQUEST		BookingDetails	1612458389514	1612458389558	OK	 
REQUEST		AddTourToCart	1612458389444	1612458389586	OK	 
USER	Timed1	START	1612458389613
REQUEST		CreateTimed	1612458389626	1612458389683	OK	 
REQUEST		ConfirmPayment	1612458389560	1612458389745	OK	 
REQUEST		GetToken	1612458389613	1612458389745	OK	 
REQUEST		AddToCart	1612458389727	1612458389773	OK	 
REQUEST		BookingDetails	1612458389813	1612458389854	OK	 
REQUEST		ConfirmPayment	1612458389855	1612458389978	OK	 
USER	Timed1	END	1612458390088
USER	Timed1	START	1612458390113
REQUEST		AddTourToCart	1612458389975	1612458390162	OK	 
REQUEST		GetToken	1612458390113	1612458390279	OK	 
REQUEST		AddToCart	1612458390290	1612458390331	OK	 
USER	Timed1	END	1612458390382
REQUEST		GetTours	1612458390290	1612458390421	OK	 
REQUEST		CreateTimed	1612458390404	1612458390444	OK	 
REQUEST		AddTourToCart	1612458390466	1612458390617	OK	 
REQUEST		BookingDetails	1612458390687	1612458390754	OK	 
REQUEST		AddToCart	1612458390749	1612458390834	OK	 
USER	Timed1	END	1612458390851
REQUEST		CreateTimed	1612458390828	1612458390873	OK	 
REQUEST		ConfirmPayment	1612458390755	1612458390929	OK	 
REQUEST		GetTours	1612458390775	1612458390935	OK	 
USER	Timed1	START	1612458391112
REQUEST		CreateTimed	1612458391062	1612458391145	OK	 
REQUEST		GetToken	1612458391115	1612458391317	OK	 
REQUEST		AddToCart	1612458391281	1612458391346	OK	 
REQUEST		GetTours	1612458391334	1612458391498	OK	 
REQUEST		BookingDetails	1612458391448	1612458391529	OK	 
REQUEST		AddTourToCart	1612458391424	1612458391575	OK	 
USER	Timed1	START	1612458391612
REQUEST		CreateTimed	1612458391701	1612458391733	OK	 
USER	Timed1	END	1612458391748
REQUEST		ConfirmPayment	1612458391546	1612458391764	OK	 
REQUEST		GetToken	1612458391612	1612458391768	OK	 
USER	Timed1	END	1612458391983
USER	Timed1	START	1612458392113
REQUEST		BookingDetails	1612458391897	1612458392171	OK	 
REQUEST		GetTours	1612458391837	1612458392200	OK	 
REQUEST		BookingDetails	1612458392150	1612458392326	OK	 
REQUEST		GetToken	1612458392114	1612458392350	OK	 
REQUEST		AddToCart	1612458392321	1612458392363	OK	 
REQUEST		AddTourToCart	1612458392018	1612458392428	OK	 
REQUEST		ConfirmPayment	1612458392184	1612458392470	OK	 
REQUEST		ConfirmPayment	1612458392328	1612458392481	OK	 
REQUEST		GetTours	1612458392348	1612458392530	OK	 
USER	Timed1	START	1612458392612
REQUEST		CreateTimed	1612458392628	1612458392705	OK	 
REQUEST		GetToken	1612458392613	1612458392785	OK	 
REQUEST		BookingDetails	1612458392736	1612458392811	OK	 
REQUEST		AddTourToCart	1612458392503	1612458392814	OK	 
REQUEST		AddToCart	1612458392772	1612458392834	OK	 
USER	Timed1	END	1612458392933
REQUEST		ConfirmPayment	1612458392814	1612458392964	OK	 
USER	Timed1	START	1612458393113
REQUEST		CreateTimed	1612458393179	1612458393224	OK	 
REQUEST		GetToken	1612458393113	1612458393252	OK	 
REQUEST		AddToCart	1612458393354	1612458393408	OK	 
REQUEST		AddTourToCart	1612458393206	1612458393463	OK	 
REQUEST		GetTours	1612458393366	1612458393514	OK	 
REQUEST		CreateTimed	1612458393548	1612458393589	OK	 
REQUEST		AddTourToCart	1612458393535	1612458393685	OK	 
REQUEST		BookingDetails	1612458393709	1612458393769	OK	 
USER	Timed1	END	1612458393770
REQUEST		AddToCart	1612458393790	1612458393850	OK	 
REQUEST		ConfirmPayment	1612458393771	1612458393915	OK	 
REQUEST		GetTours	1612458393836	1612458393980	OK	 
USER	Timed1	START	1612458394132
REQUEST		CreateTimed	1612458394209	1612458394255	OK	 
REQUEST		GetToken	1612458394132	1612458394267	OK	 
REQUEST		BookingDetails	1612458394229	1612458394277	OK	 
REQUEST		AddToCart	1612458394257	1612458394297	OK	 
REQUEST		ConfirmPayment	1612458394279	1612458394407	OK	 
USER	Timed1	END	1612458394472
USER	Timed1	END	1612458394485
REQUEST		GetTours	1612458394411	1612458394553	OK	 
USER	Timed1	START	1612458394613
REQUEST		BookingDetails	1612458394592	1612458394654	OK	 
REQUEST		AddTourToCart	1612458394517	1612458394664	OK	 
REQUEST		CreateTimed	1612458394648	1612458394771	OK	 
REQUEST		GetToken	1612458394614	1612458394780	OK	 
REQUEST		ConfirmPayment	1612458394656	1612458394838	OK	 
USER	Timed1	END	1612458394969
REQUEST		GetTours	1612458394853	1612458395009	OK	 
USER	Timed1	START	1612458395113
REQUEST		AddTourToCart	1612458394982	1612458395158	OK	 
REQUEST		AddToCart	1612458395269	1612458395299	OK	 
REQUEST		BookingDetails	1612458395257	1612458395369	OK	 
REQUEST		GetTours	1612458395301	1612458395513	OK	 
REQUEST		ConfirmPayment	1612458395371	1612458395554	OK	 
REQUEST		GetToken	1612458395114	1612458395601	OK	 
USER	Timed1	START	1612458395612
REQUEST		CreateTimed	1612458395577	1612458395657	OK	 
REQUEST		AddTourToCart	1612458395556	1612458395727	OK	 
REQUEST		GetToken	1612458395612	1612458395783	OK	 
REQUEST		BookingDetails	1612458395774	1612458395848	OK	 
REQUEST		AddToCart	1612458395788	1612458395860	OK	 
USER	Timed1	END	1612458395919
REQUEST		ConfirmPayment	1612458395849	1612458395974	OK	 
USER	Timed1	START	1612458396112
REQUEST		AddTourToCart	1612458396011	1612458396188	OK	 
REQUEST		CreateTimed	1612458396114	1612458396188	OK	 
REQUEST		GetToken	1612458396112	1612458396239	OK	 
USER	Timed1	END	1612458396412
REQUEST		GetTours	1612458396302	1612458396454	OK	 
REQUEST		CreateTimed	1612458396592	1612458396647	OK	 
REQUEST		AddToCart	1612458396604	1612458396661	OK	 
REQUEST		AddTourToCart	1612458396516	1612458396663	OK	 
REQUEST		BookingDetails	1612458396672	1612458396801	OK	 
USER	Timed1	END	1612458396841
REQUEST		AddToCart	1612458396789	1612458396892	OK	 
REQUEST		GetTours	1612458396863	1612458397010	OK	 
REQUEST		ConfirmPayment	1612458396802	1612458397012	OK	 
USER	Timed1	START	1612458397112
REQUEST		CreateTimed	1612458397166	1612458397218	OK	 
REQUEST		GetToken	1612458397112	1612458397231	OK	 
REQUEST		BookingDetails	1612458397193	1612458397243	OK	 
REQUEST		AddToCart	1612458397243	1612458397295	OK	 
USER	Timed1	END	1612458397557
USER	Timed1	START	1612458397612
REQUEST		CreateTimed	1612458397623	1612458397668	OK	 
REQUEST		BookingDetails	1612458397650	1612458397722	OK	 
REQUEST		GetToken	1612458397613	1612458397751	OK	 
REQUEST		GetTours	1612458397662	1612458397951	OK	 
REQUEST		ConfirmPayment	1612458397245	1612458397953	OK	 
REQUEST		AddTourToCart	1612458397455	1612458397976	OK	 
USER	Timed1	END	1612458397978
REQUEST		ConfirmPayment	1612458397723	1612458398037	OK	 
REQUEST		GetTours	1612458397894	1612458398072	OK	 
USER	Timed1	START	1612458398114
REQUEST		AddTourToCart	1612458398013	1612458398184	OK	 
REQUEST		GetToken	1612458398114	1612458398218	OK	 
REQUEST		AddToCart	1612458398238	1612458398293	OK	 
REQUEST		BookingDetails	1612458398220	1612458398294	OK	 
REQUEST		GetTours	1612458398296	1612458398450	OK	 
REQUEST		ConfirmPayment	1612458398296	1612458398455	OK	 
USER	Timed1	START	1612458398612
REQUEST		CreateTimed	1612458398578	1612458398631	OK	 
REQUEST		BookingDetails	1612458398671	1612458398746	OK	 
REQUEST		GetToken	1612458398613	1612458398759	OK	 
REQUEST		AddToCart	1612458398754	1612458398851	OK	 
USER	Timed1	END	1612458399015
USER	Timed1	START	1612458399113
REQUEST		ConfirmPayment	1612458398747	1612458399271	OK	 
REQUEST		AddToCart	1612458399221	1612458399286	OK	 
REQUEST		GetToken	1612458399114	1612458399286	OK	 
REQUEST		AddTourToCart	1612458398954	1612458399310	OK	 
REQUEST		GetTours	1612458399295	1612458399425	OK	 
REQUEST		CreateTimed	1612458399433	1612458399477	OK	 
REQUEST		AddTourToCart	1612458399453	1612458399601	OK	 
REQUEST		BookingDetails	1612458399637	1612458399683	OK	 
REQUEST		AddToCart	1612458399762	1612458399812	OK	 
REQUEST		ConfirmPayment	1612458399685	1612458399841	OK	 
REQUEST		CreateTimed	1612458399818	1612458399865	OK	 
USER	Timed1	END	1612458399956
USER	Timed1	END	1612458400042
REQUEST		GetTours	1612458399854	1612458400047	OK	 
USER	Timed1	START	1612458400112
REQUEST		AddToCart	1612458400290	1612458400352	OK	 
REQUEST		AddTourToCart	1612458399075	1612458400417	OK	 
REQUEST		GetTours	1612458400289	1612458400446	OK	 
USER	Timed1	END	1612458400459
REQUEST		GetToken	1612458400112	1612458400480	OK	 
REQUEST		CreateTimed	1612458400472	1612458400521	OK	 
REQUEST		BookingDetails	1612458400481	1612458400523	OK	 
REQUEST		AddTourToCart	1612458400429	1612458400583	OK	 
USER	Timed1	START	1612458400611
REQUEST		ConfirmPayment	1612458400524	1612458400654	OK	 
REQUEST		CreateTimed	1612458400692	1612458400803	OK	 
REQUEST		GetToken	1612458400612	1612458400804	OK	 
REQUEST		BookingDetails	1612458400868	1612458400913	OK	 
REQUEST		GetTours	1612458400815	1612458400941	OK	 
REQUEST		ConfirmPayment	1612458400915	1612458401050	OK	 
USER	Timed1	START	1612458401112
REQUEST		AddTourToCart	1612458401050	1612458401188	OK	 
REQUEST		GetToken	1612458401112	1612458401234	OK	 
USER	Timed1	END	1612458401273
REQUEST		GetTours	1612458401354	1612458401514	OK	 
REQUEST		AddToCart	1612458401482	1612458401533	OK	 
REQUEST		BookingDetails	1612458401524	1612458401555	OK	 
REQUEST		AddTourToCart	1612458401448	1612458401596	OK	 
USER	Timed1	START	1612458401613
REQUEST		ConfirmPayment	1612458401556	1612458401697	OK	 
REQUEST		CreateTimed	1612458401671	1612458401726	OK	 
REQUEST		GetToken	1612458401613	1612458401758	OK	 
USER	Timed1	END	1612458401844
REQUEST		AddToCart	1612458401807	1612458401863	OK	 
REQUEST		BookingDetails	1612458401808	1612458401866	OK	 
REQUEST		ConfirmPayment	1612458401869	1612458402005	OK	 
REQUEST		AddTourToCart	1612458401944	1612458402107	OK	 
USER	Timed1	START	1612458402113
REQUEST		CreateTimed	1612458402162	1612458402244	OK	 
REQUEST		AddToCart	1612458402238	1612458402272	OK	 
REQUEST		GetToken	1612458402113	1612458402335	OK	 
USER	Timed1	END	1612458402658
REQUEST		GetTours	1612458402536	1612458402680	OK	 
REQUEST		AddTourToCart	1612458402517	1612458402680	OK	 
REQUEST		CreateTimed	1612458402733	1612458402898	OK	 
REQUEST		AddToCart	1612458402762	1612458402900	OK	 
REQUEST		BookingDetails	1612458402729	1612458402902	OK	 
REQUEST		GetTours	1612458402867	1612458403002	OK	 
REQUEST		ConfirmPayment	1612458402906	1612458403039	OK	 
USER	Timed1	END	1612458403054
USER	Timed1	START	1612458403113
REQUEST		CreateTimed	1612458403193	1612458403248	OK	 
REQUEST		GetToken	1612458403113	1612458403254	OK	 
REQUEST		BookingDetails	1612458403248	1612458403291	OK	 
REQUEST		GetTours	1612458403274	1612458403407	OK	 
REQUEST		AddToCart	1612458403339	1612458403407	OK	 
REQUEST		ConfirmPayment	1612458403293	1612458403425	OK	 
USER	Timed1	START	1612458403613
USER	Timed1	END	1612458403700
REQUEST		CreateTimed	1612458403667	1612458403712	OK	 
REQUEST		GetToken	1612458403614	1612458403797	OK	 
REQUEST		AddTourToCart	1612458403684	1612458403831	OK	 
REQUEST		BookingDetails	1612458403901	1612458403949	OK	 
USER	Timed1	END	1612458404007
REQUEST		GetTours	1612458403904	1612458404071	OK	 
REQUEST		ConfirmPayment	1612458403950	1612458404085	OK	 
USER	Timed1	START	1612458404113
REQUEST		AddTourToCart	1612458404007	1612458404162	OK	 
REQUEST		GetToken	1612458404113	1612458404268	OK	 
REQUEST		AddToCart	1612458404257	1612458404300	OK	 
REQUEST		BookingDetails	1612458404251	1612458404303	OK	 
REQUEST		ConfirmPayment	1612458404305	1612458404434	OK	 
REQUEST		GetTours	1612458404410	1612458404574	OK	 
REQUEST		AddTourToCart	1612458404411	1612458404576	OK	 
USER	Timed1	START	1612458404612
REQUEST		GetToken	1612458404613	1612458404727	OK	 
REQUEST		BookingDetails	1612458404718	1612458404776	OK	 
REQUEST		AddToCart	1612458404799	1612458404844	OK	 
REQUEST		ConfirmPayment	1612458404777	1612458404931	OK	 
REQUEST		CreateTimed	1612458404979	1612458405023	OK	 
USER	Timed1	END	1612458405043
USER	Timed1	START	1612458405113
REQUEST		AddTourToCart	1612458405075	1612458405239	OK	 
REQUEST		CreateTimed	1612458405187	1612458405243	OK	 
REQUEST		GetToken	1612458405113	1612458405253	OK	 
REQUEST		AddToCart	1612458405270	1612458405315	OK	 
USER	Timed1	END	1612458405429
REQUEST		GetTours	1612458405302	1612458405456	OK	 
REQUEST		AddToCart	1612458405730	1612458405827	OK	 
REQUEST		AddTourToCart	1612458405577	1612458405850	OK	 
REQUEST		GetTours	1612458405846	1612458406001	OK	 
REQUEST		BookingDetails	1612458406030	1612458406078	OK	 
USER	Timed1	END	1612458406092
USER	Timed1	START	1612458406113
REQUEST		ConfirmPayment	1612458406080	1612458406213	OK	 
REQUEST		GetToken	1612458406114	1612458406247	OK	 
USER	Timed1	END	1612458406437
REQUEST		BookingDetails	1612458406245	1612458406490	OK	 
REQUEST		AddToCart	1612458406257	1612458406490	OK	 
REQUEST		CreateTimed	1612458406314	1612458406511	OK	 
USER	Timed1	START	1612458406613
REQUEST		GetTours	1612458406317	1612458406617	OK	 
REQUEST		AddTourToCart	1612458406461	1612458406778	OK	 
REQUEST		ConfirmPayment	1612458406492	1612458406877	OK	 
REQUEST		CreateTimed	1612458406606	1612458406879	OK	 
REQUEST		GetToken	1612458406617	1612458406911	OK	 
USER	Timed1	END	1612458406935
REQUEST		GetTours	1612458406831	1612458406992	OK	 
USER	Timed1	START	1612458407112
REQUEST		AddTourToCart	1612458407004	1612458407150	OK	 
REQUEST		GetToken	1612458407113	1612458407238	OK	 
REQUEST		AddToCart	1612458407250	1612458407294	OK	 
REQUEST		CreateTimed	1612458407420	1612458407500	OK	 
REQUEST		BookingDetails	1612458407513	1612458407545	OK	 
USER	Timed1	START	1612458407612
REQUEST		GetTours	1612458407493	1612458407651	OK	 
REQUEST		CreateTimed	1612458407587	1612458407653	OK	 
REQUEST		ConfirmPayment	1612458407547	1612458407682	OK	 
REQUEST		GetToken	1612458407612	1612458407755	OK	 
REQUEST		AddTourToCart	1612458407620	1612458407784	OK	 
REQUEST		BookingDetails	1612458407881	1612458407927	OK	 
REQUEST		AddToCart	1612458407914	1612458407954	OK	 
REQUEST		ConfirmPayment	1612458407930	1612458408065	OK	 
USER	Timed1	START	1612458408113
REQUEST		AddTourToCart	1612458407994	1612458408153	OK	 
USER	Timed1	END	1612458408216
REQUEST		CreateTimed	1612458408197	1612458408246	OK	 
REQUEST		GetToken	1612458408113	1612458408256	OK	 
REQUEST		AddToCart	1612458408242	1612458408283	OK	 
REQUEST		GetTours	1612458408297	1612458408432	OK	 
REQUEST		BookingDetails	1612458408503	1612458408545	OK	 
REQUEST		ConfirmPayment	1612458408547	1612458408672	OK	 
REQUEST		CreateTimed	1612458408599	1612458408672	OK	 
REQUEST		BookingDetails	1612458408655	1612458408700	OK	 
REQUEST		AddToCart	1612458408758	1612458408817	OK	 
REQUEST		AddTourToCart	1612458408654	1612458408819	OK	 
USER	Timed1	END	1612458408881
REQUEST		ConfirmPayment	1612458408702	1612458408900	OK	 
REQUEST		GetTours	1612458408956	1612458409104	OK	 
REQUEST		CreateTimed	1612458409114	1612458409175	OK	 
USER	Timed1	START	1612458409207
REQUEST		BookingDetails	1612458409249	1612458409289	OK	 
REQUEST		AddToCart	1612458409263	1612458409312	OK	 
REQUEST		GetToken	1612458409207	1612458409346	OK	 
REQUEST		GetTours	1612458409286	1612458409437	OK	 
REQUEST		ConfirmPayment	1612458409295	1612458409439	OK	 
REQUEST		AddTourToCart	1612458409435	1612458409581	OK	 
USER	Timed1	START	1612458409613
USER	Timed1	END	1612458409687
REQUEST		BookingDetails	1612458409675	1612458409745	OK	 
REQUEST		CreateTimed	1612458409687	1612458409745	OK	 
REQUEST		GetToken	1612458409613	1612458409758	OK	 
REQUEST		ConfirmPayment	1612458409747	1612458409900	OK	 
REQUEST		GetTours	1612458409820	1612458410006	OK	 
USER	Timed1	END	1612458410068
USER	Timed1	START	1612458410113
REQUEST		BookingDetails	1612458410179	1612458410230	OK	 
REQUEST		GetToken	1612458410114	1612458410231	OK	 
REQUEST		AddTourToCart	1612458410107	1612458410261	OK	 
REQUEST		ConfirmPayment	1612458410231	1612458410363	OK	 
REQUEST		AddToCart	1612458410349	1612458410384	OK	 
REQUEST		GetTours	1612458410317	1612458410456	OK	 
REQUEST		AddTourToCart	1612458410440	1612458410590	OK	 
USER	Timed1	START	1612458410613
USER	Timed1	END	1612458410676
REQUEST		GetToken	1612458410613	1612458410803	OK	 
USER	Timed1	END	1612458410903
REQUEST		BookingDetails	1612458410748	1612458410922	OK	 
REQUEST		AddToCart	1612458410762	1612458410922	OK	 
REQUEST		CreateTimed	1612458410834	1612458410928	OK	 
REQUEST		ConfirmPayment	1612458410924	1612458411098	OK	 
USER	Timed1	START	1612458411113
REQUEST		AddTourToCart	1612458411008	1612458411159	OK	 
REQUEST		CreateTimed	1612458411167	1612458411221	OK	 
REQUEST		GetToken	1612458411116	1612458411236	OK	 
REQUEST		AddToCart	1612458411233	1612458411265	OK	 
USER	Timed1	END	1612458411445
REQUEST		GetTours	1612458411388	1612458411652	OK	 
REQUEST		AddTourToCart	1612458411459	1612458411652	OK	 
REQUEST		CreateTimed	1612458411583	1612458411692	OK	 
REQUEST		AddToCart	1612458411805	1612458411866	OK	 
USER	Timed1	END	1612458411904
REQUEST		BookingDetails	1612458411931	1612458412042	OK	 
USER	Timed1	START	1612458412131
REQUEST		GetTours	1612458411926	1612458412166	OK	 
REQUEST		ConfirmPayment	1612458412043	1612458412309	OK	 
REQUEST		CreateTimed	1612458412246	1612458412332	OK	 
REQUEST		AddToCart	1612458412239	1612458412340	OK	 
REQUEST		GetToken	1612458412132	1612458412340	OK	 
REQUEST		BookingDetails	1612458412223	1612458412346	OK	 
USER	Timed1	END	1612458412366
REQUEST		GetTours	1612458412267	1612458412437	OK	 
REQUEST		ConfirmPayment	1612458412348	1612458412496	OK	 
USER	Timed1	START	1612458412612
REQUEST		AddTourToCart	1612458412655	1612458412921	OK	 
REQUEST		BookingDetails	1612458412695	1612458412933	OK	 
REQUEST		GetToken	1612458412613	1612458412937	OK	 
REQUEST		CreateTimed	1612458412853	1612458412944	OK	 
REQUEST		GetTours	1612458412867	1612458413090	OK	 
REQUEST		ConfirmPayment	1612458412934	1612458413095	OK	 
USER	Timed1	END	1612458413102
USER	Timed1	START	1612458413112
REQUEST		GetToken	1612458413112	1612458413229	OK	 
REQUEST		AddTourToCart	1612458413169	1612458413311	OK	 
REQUEST		BookingDetails	1612458413335	1612458413375	OK	 
REQUEST		AddToCart	1612458413347	1612458413387	OK	 
REQUEST		GetTours	1612458413347	1612458413504	OK	 
REQUEST		ConfirmPayment	1612458413376	1612458413506	OK	 
REQUEST		AddTourToCart	1612458413441	1612458413597	OK	 
USER	Timed1	START	1612458413612
REQUEST		GetToken	1612458413612	1612458413756	OK	 
REQUEST		CreateTimed	1612458413783	1612458413831	OK	 
REQUEST		AddToCart	1612458413939	1612458414048	OK	 
REQUEST		BookingDetails	1612458413947	1612458414056	OK	 
USER	Timed1	START	1612458414112
REQUEST		ConfirmPayment	1612458414060	1612458414202	OK	 
REQUEST		CreateTimed	1612458414153	1612458414208	OK	 
REQUEST		AddTourToCart	1612458414093	1612458414234	OK	 
REQUEST		GetToken	1612458414115	1612458414236	OK	 
REQUEST		AddToCart	1612458414235	1612458414288	OK	 
USER	Timed1	END	1612458414314
USER	Timed1	END	1612458414499
REQUEST		GetTours	1612458414388	1612458414530	OK	 
REQUEST		AddTourToCart	1612458414506	1612458414650	OK	 
REQUEST		AddToCart	1612458414758	1612458414802	OK	 
REQUEST		CreateTimed	1612458414788	1612458414836	OK	 
REQUEST		BookingDetails	1612458414834	1612458414966	OK	 
USER	Timed1	END	1612458415099
REQUEST		ConfirmPayment	1612458414968	1612458415111	OK	 
USER	Timed1	START	1612458415112
REQUEST		CreateTimed	1612458415156	1612458415195	OK	 
REQUEST		GetTours	1612458415051	1612458415225	OK	 
REQUEST		BookingDetails	1612458415214	1612458415251	OK	 
REQUEST		AddToCart	1612458415239	1612458415322	OK	 
REQUEST		GetToken	1612458415112	1612458415335	OK	 
REQUEST		ConfirmPayment	1612458415252	1612458415385	OK	 
REQUEST		GetTours	1612458415291	1612458415436	OK	 
USER	Timed1	END	1612458415509
USER	Timed1	START	1612458415613
REQUEST		AddTourToCart	1612458415532	1612458415686	OK	 
REQUEST		GetToken	1612458415613	1612458415760	OK	 
REQUEST		BookingDetails	1612458415840	1612458415910	OK	 
REQUEST		CreateTimed	1612458415823	1612458415970	OK	 
REQUEST		GetTours	1612458415805	1612458415983	OK	 
REQUEST		ConfirmPayment	1612458415912	1612458416048	OK	 
USER	Timed1	START	1612458416113
USER	Timed1	END	1612458416205
REQUEST		BookingDetails	1612458416202	1612458416248	OK	 
REQUEST		GetToken	1612458416113	1612458416254	OK	 
REQUEST		AddToCart	1612458416338	1612458416371	OK	 
REQUEST		AddTourToCart	1612458416228	1612458416396	OK	 
REQUEST		ConfirmPayment	1612458416250	1612458416396	OK	 
REQUEST		GetTours	1612458416325	1612458416454	OK	 
REQUEST		AddTourToCart	1612458416439	1612458416591	OK	 
USER	Timed1	START	1612458416612
REQUEST		CreateTimed	1612458416592	1612458416621	OK	 
REQUEST		GetToken	1612458416612	1612458416750	OK	 
REQUEST		AddToCart	1612458416762	1612458416822	OK	 
REQUEST		BookingDetails	1612458416972	1612458417041	OK	 
USER	Timed1	START	1612458417112
USER	Timed1	END	1612458417115
REQUEST		AddTourToCart	1612458416989	1612458417160	OK	 
REQUEST		ConfirmPayment	1612458417042	1612458417174	OK	 
REQUEST		GetToken	1612458417112	1612458417289	OK	 
REQUEST		AddToCart	1612458417256	1612458417292	OK	 
REQUEST		CreateTimed	1612458417269	1612458417312	OK	 
USER	Timed1	END	1612458417391
REQUEST		GetTours	1612458417374	1612458417522	OK	 
REQUEST		AddTourToCart	1612458417457	1612458417607	OK	 
REQUEST		CreateTimed	1612458417596	1612458417646	OK	 
REQUEST		BookingDetails	1612458417626	1612458417672	OK	 
REQUEST		AddToCart	1612458417753	1612458417792	OK	 
REQUEST		ConfirmPayment	1612458417674	1612458417810	OK	 
REQUEST		GetTours	1612458417823	1612458417958	OK	 
USER	Timed1	END	1612458418054
USER	Timed1	START	1612458418112
REQUEST		CreateTimed	1612458418162	1612458418217	OK	 
REQUEST		GetToken	1612458418112	1612458418256	OK	 
REQUEST		AddToCart	1612458418294	1612458418328	OK	 
REQUEST		BookingDetails	1612458418316	1612458418351	OK	 
USER	Timed1	END	1612458418400
REQUEST		GetTours	1612458418296	1612458418423	OK	 
REQUEST		ConfirmPayment	1612458418353	1612458418480	OK	 
USER	Timed1	START	1612458418613
REQUEST		AddTourToCart	1612458418526	1612458418682	OK	 
REQUEST		BookingDetails	1612458418649	1612458418719	OK	 
REQUEST		CreateTimed	1612458418658	1612458418723	OK	 
REQUEST		GetToken	1612458418613	1612458418774	OK	 
REQUEST		ConfirmPayment	1612458418722	1612458418861	OK	 
REQUEST		GetTours	1612458418795	1612458418936	OK	 
REQUEST		AddTourToCart	1612458418960	1612458419106	OK	 
USER	Timed1	START	1612458419132
USER	Timed1	END	1612458419177
REQUEST		GetToken	1612458419132	1612458419264	OK	 
REQUEST		BookingDetails	1612458419222	1612458419265	OK	 
REQUEST		AddToCart	1612458419259	1612458419292	OK	 
REQUEST		ConfirmPayment	1612458419266	1612458419393	OK	 
REQUEST		GetTours	1612458419332	1612458419476	OK	 
REQUEST		AddTourToCart	1612458419425	1612458419599	OK	 
USER	Timed1	START	1612458419612
REQUEST		BookingDetails	1612458419728	1612458419784	OK	 
USER	Timed1	END	1612458419813
REQUEST		AddToCart	1612458419777	1612458419830	OK	 
REQUEST		GetToken	1612458419613	1612458419868	OK	 
REQUEST		CreateTimed	1612458419923	1612458419980	OK	 
REQUEST		ConfirmPayment	1612458419786	1612458419995	OK	 
REQUEST		AddTourToCart	1612458419938	1612458420102	OK	 
USER	Timed1	START	1612458420113
REQUEST		GetToken	1612458420114	1612458420258	OK	 
REQUEST		AddToCart	1612458420269	1612458420310	OK	 
REQUEST		CreateTimed	1612458420315	1612458420391	OK	 
REQUEST		GetTours	1612458420294	1612458420439	OK	 
USER	Timed1	END	1612458420482
REQUEST		AddTourToCart	1612458420479	1612458420641	OK	 
REQUEST		CreateTimed	1612458420600	1612458420653	OK	 
USER	Timed1	END	1612458420864
REQUEST		AddToCart	1612458420873	1612458420902	OK	 
REQUEST		GetTours	1612458420832	1612458420979	OK	 
REQUEST		BookingDetails	1612458420982	1612458421037	OK	 
USER	Timed1	START	1612458421112
REQUEST		ConfirmPayment	1612458421039	1612458421177	OK	 
REQUEST		GetToken	1612458421113	1612458421293	OK	 
REQUEST		CreateTimed	1612458421240	1612458421341	OK	 
REQUEST		AddToCart	1612458421260	1612458421343	OK	 
USER	Timed1	END	1612458421396
REQUEST		GetTours	1612458421311	1612458421466	OK	 
REQUEST		BookingDetails	1612458421394	1612458421468	OK	 
REQUEST		AddTourToCart	1612458421443	1612458421601	OK	 
USER	Timed1	START	1612458421612
REQUEST		ConfirmPayment	1612458421469	1612458421614	OK	 
REQUEST		BookingDetails	1612458421658	1612458421705	OK	 
REQUEST		CreateTimed	1612458421653	1612458421705	OK	 
REQUEST		GetToken	1612458421613	1612458421770	OK	 
REQUEST		ConfirmPayment	1612458421708	1612458421841	OK	 
USER	Timed1	END	1612458421997
REQUEST		GetTours	1612458421904	1612458422045	OK	 
USER	Timed1	START	1612458422112
REQUEST		AddTourToCart	1612458421981	1612458422129	OK	 
REQUEST		GetToken	1612458422112	1612458422251	OK	 
REQUEST		AddToCart	1612458422297	1612458422335	OK	 
REQUEST		BookingDetails	1612458422347	1612458422394	OK	 
REQUEST		GetTours	1612458422348	1612458422501	OK	 
REQUEST		ConfirmPayment	1612458422395	1612458422525	OK	 
USER	Timed1	START	1612458422613
REQUEST		AddTourToCart	1612458422469	1612458422617	OK	 
REQUEST		CreateTimed	1612458422687	1612458422745	OK	 
REQUEST		BookingDetails	1612458422709	1612458422752	OK	 
REQUEST		GetToken	1612458422613	1612458422761	OK	 
REQUEST		AddToCart	1612458422773	1612458422821	OK	 
REQUEST		ConfirmPayment	1612458422753	1612458422882	OK	 
USER	Timed1	START	1612458423113
USER	Timed1	END	1612458423182
REQUEST		AddTourToCart	1612458423049	1612458423203	OK	 
REQUEST		GetToken	1612458423114	1612458423214	OK	 
REQUEST		AddToCart	1612458423254	1612458423318	OK	 
REQUEST		CreateTimed	1612458423400	1612458423432	OK	 
REQUEST		GetTours	1612458423338	1612458423475	OK	 
REQUEST		AddTourToCart	1612458423505	1612458423647	OK	 
REQUEST		CreateTimed	1612458423594	1612458423647	OK	 
USER	Timed1	END	1612458423725
REQUEST		BookingDetails	1612458423747	1612458423788	OK	 
REQUEST		AddToCart	1612458423763	1612458423795	OK	 
USER	Timed1	END	1612458423844
REQUEST		ConfirmPayment	1612458423790	1612458423968	OK	 
REQUEST		GetTours	1612458423826	1612458423970	OK	 
USER	Timed1	START	1612458424112
REQUEST		CreateTimed	1612458424164	1612458424217	OK	 
REQUEST		GetToken	1612458424112	1612458424233	OK	 
REQUEST		AddToCart	1612458424219	1612458424254	OK	 
REQUEST		GetTours	1612458424320	1612458424463	OK	 
REQUEST		BookingDetails	1612458424435	1612458424487	OK	 
USER	Timed1	END	1612458424529
USER	Timed1	START	1612458424611
REQUEST		ConfirmPayment	1612458424489	1612458424637	OK	 
REQUEST		AddTourToCart	1612458424479	1612458424637	OK	 
REQUEST		CreateTimed	1612458424610	1612458424669	OK	 
REQUEST		BookingDetails	1612458424652	1612458424683	OK	 
REQUEST		GetToken	1612458424612	1612458424714	OK	 
REQUEST		ConfirmPayment	1612458424684	1612458424831	OK	 
USER	Timed1	END	1612458424885
REQUEST		GetTours	1612458424801	1612458424944	OK	 
USER	Timed1	START	1612458425112
REQUEST		AddTourToCart	1612458424974	1612458425147	OK	 
REQUEST		AddToCart	1612458425235	1612458425277	OK	 
REQUEST		BookingDetails	1612458425220	1612458425277	OK	 
REQUEST		GetToken	1612458425113	1612458425277	OK	 
REQUEST		GetTours	1612458425258	1612458425426	OK	 
REQUEST		ConfirmPayment	1612458425282	1612458425437	OK	 
REQUEST		AddTourToCart	1612458425467	1612458425614	OK	 
USER	Timed1	START	1612458425612
REQUEST		BookingDetails	1612458425672	1612458425713	OK	 
REQUEST		AddToCart	1612458425717	1612458425763	OK	 
REQUEST		CreateTimed	1612458425687	1612458425768	OK	 
REQUEST		GetToken	1612458425613	1612458425804	OK	 
REQUEST		ConfirmPayment	1612458425714	1612458425847	OK	 
USER	Timed1	END	1612458425971
REQUEST		AddTourToCart	1612458425946	1612458426090	OK	 
USER	Timed1	START	1612458426113
REQUEST		CreateTimed	1612458426109	1612458426146	OK	 
REQUEST		GetToken	1612458426114	1612458426235	OK	 
REQUEST		AddToCart	1612458426284	1612458426360	OK	 
REQUEST		GetTours	1612458426285	1612458426432	OK	 
REQUEST		AddTourToCart	1612458426430	1612458426579	OK	 
USER	Timed1	END	1612458426641
REQUEST		CreateTimed	1612458426603	1612458426685	OK	 
REQUEST		BookingDetails	1612458426771	1612458426811	OK	 
USER	Timed1	END	1612458426835
REQUEST		AddToCart	1612458426806	1612458426863	OK	 
REQUEST		GetTours	1612458426767	1612458426904	OK	 
REQUEST		ConfirmPayment	1612458426813	1612458426990	OK	 
USER	Timed1	START	1612458427114
REQUEST		CreateTimed	1612458427106	1612458427231	OK	 
REQUEST		BookingDetails	1612458427149	1612458427259	OK	 
REQUEST		GetToken	1612458427115	1612458427259	OK	 
REQUEST		AddToCart	1612458427237	1612458427270	OK	 
REQUEST		ConfirmPayment	1612458427262	1612458427405	OK	 
USER	Timed1	END	1612458427440
REQUEST		GetTours	1612458427363	1612458427506	OK	 
REQUEST		AddTourToCart	1612458427434	1612458427586	OK	 
USER	Timed1	START	1612458427613
REQUEST		CreateTimed	1612458427645	1612458427690	OK	 
REQUEST		BookingDetails	1612458427688	1612458427727	OK	 
REQUEST		GetToken	1612458427613	1612458427741	OK	 
USER	Timed1	END	1612458427849
REQUEST		ConfirmPayment	1612458427730	1612458427870	OK	 
REQUEST		GetTours	1612458427866	1612458428012	OK	 
REQUEST		AddTourToCart	1612458427906	1612458428069	OK	 
USER	Timed1	START	1612458428113
REQUEST		GetToken	1612458428114	1612458428225	OK	 
REQUEST		BookingDetails	1612458428235	1612458428281	OK	 
REQUEST		AddToCart	1612458428263	1612458428307	OK	 
REQUEST		GetTours	1612458428272	1612458428404	OK	 
REQUEST		ConfirmPayment	1612458428282	1612458428433	OK	 
USER	Timed1	START	1612458428612
REQUEST		CreateTimed	1612458428605	1612458428665	OK	 
REQUEST		AddTourToCart	1612458428508	1612458428705	OK	 
REQUEST		BookingDetails	1612458428697	1612458428746	OK	 
REQUEST		GetToken	1612458428613	1612458428749	OK	 
REQUEST		AddToCart	1612458428744	1612458428802	OK	 
REQUEST		ConfirmPayment	1612458428747	1612458428934	OK	 
USER	Timed1	END	1612458428993
USER	Timed1	START	1612458429113
REQUEST		AddTourToCart	1612458429016	1612458429174	OK	 
REQUEST		CreateTimed	1612458429134	1612458429174	OK	 
REQUEST		AddToCart	1612458429227	1612458429290	OK	 
REQUEST		GetToken	1612458429113	1612458429290	OK	 
USER	Timed1	END	1612458429409
REQUEST		GetTours	1612458429310	1612458429535	OK	 
REQUEST		AddTourToCart	1612458429408	1612458429554	OK	 
REQUEST		CreateTimed	1612458429767	1612458429845	OK	 
REQUEST		AddToCart	1612458429751	1612458429847	OK	 
REQUEST		BookingDetails	1612458429667	1612458429850	OK	 
USER	Timed1	END	1612458429874
REQUEST		GetTours	1612458429805	1612458429942	OK	 
REQUEST		ConfirmPayment	1612458429851	1612458430000	OK	 
USER	Timed1	START	1612458430112
REQUEST		BookingDetails	1612458430180	1612458430224	OK	 
REQUEST		GetToken	1612458430112	1612458430224	OK	 
REQUEST		CreateTimed	1612458430206	1612458430241	OK	 
REQUEST		AddToCart	1612458430293	1612458430331	OK	 
REQUEST		ConfirmPayment	1612458430225	1612458430361	OK	 
REQUEST		GetTours	1612458430295	1612458430436	OK	 
USER	Timed1	END	1612458430438
USER	Timed1	START	1612458430612
REQUEST		AddTourToCart	1612458430538	1612458430694	OK	 
REQUEST		CreateTimed	1612458430653	1612458430699	OK	 
REQUEST		GetToken	1612458430612	1612458430728	OK	 
REQUEST		BookingDetails	1612458430849	1612458430886	OK	 
USER	Timed1	END	1612458430937
REQUEST		GetTours	1612458430851	1612458430985	OK	 
REQUEST		ConfirmPayment	1612458430887	1612458431009	OK	 
REQUEST		AddTourToCart	1612458430945	1612458431097	OK	 
USER	Timed1	START	1612458431112
REQUEST		AddToCart	1612458431226	1612458431257	OK	 
REQUEST		GetToken	1612458431113	1612458431262	OK	 
REQUEST		BookingDetails	1612458431244	1612458431285	OK	 
REQUEST		GetTours	1612458431334	1612458431484	OK	 
REQUEST		ConfirmPayment	1612458431287	1612458431486	OK	 
REQUEST		AddTourToCart	1612458431438	1612458431582	OK	 
USER	Timed1	START	1612458431612
REQUEST		CreateTimed	1612458431665	1612458431704	OK	 
REQUEST		GetToken	1612458431612	1612458431718	OK	 
REQUEST		BookingDetails	1612458431702	1612458431756	OK	 
REQUEST		AddToCart	1612458431730	1612458431769	OK	 
REQUEST		ConfirmPayment	1612458431758	1612458431888	OK	 
USER	Timed1	END	1612458432004
USER	Timed1	START	1612458432113
REQUEST		AddTourToCart	1612458431988	1612458432139	OK	 
REQUEST		CreateTimed	1612458432152	1612458432195	OK	 
REQUEST		GetToken	1612458432114	1612458432272	OK	 
REQUEST		AddToCart	1612458432264	1612458432302	OK	 
USER	Timed1	END	1612458432365
REQUEST		GetTours	1612458432259	1612458432403	OK	 
REQUEST		AddTourToCart	1612458432487	1612458432630	OK	 
REQUEST		CreateTimed	1612458432617	1612458432683	OK	 
REQUEST		BookingDetails	1612458432709	1612458432758	OK	 
REQUEST		AddToCart	1612458432723	1612458432759	OK	 
REQUEST		GetTours	1612458432772	1612458432897	OK	 
REQUEST		ConfirmPayment	1612458432759	1612458432900	OK	 
USER	Timed1	END	1612458433012
USER	Timed1	START	1612458433113
REQUEST		CreateTimed	1612458433103	1612458433151	OK	 
REQUEST		GetToken	1612458433115	1612458433276	OK	 
REQUEST		AddToCart	1612458433274	1612458433419	OK	 
REQUEST		BookingDetails	1612458433197	1612458433419	OK	 
REQUEST		GetTours	1612458433305	1612458433459	OK	 
USER	Timed1	END	1612458433489
REQUEST		ConfirmPayment	1612458433421	1612458433559	OK	 
REQUEST		AddTourToCart	1612458433406	1612458433561	OK	 
USER	Timed1	START	1612458433611
REQUEST		CreateTimed	1612458433587	1612458433635	OK	 
REQUEST		BookingDetails	1612458433685	1612458433751	OK	 
REQUEST		GetToken	1612458433611	1612458433758	OK	 
REQUEST		GetTours	1612458433762	1612458433886	OK	 
REQUEST		ConfirmPayment	1612458433752	1612458433887	OK	 
USER	Timed1	END	1612458433891
REQUEST		AddTourToCart	1612458433901	1612458434057	OK	 
USER	Timed1	START	1612458434132
REQUEST		BookingDetails	1612458434154	1612458434218	OK	 
REQUEST		GetToken	1612458434134	1612458434304	OK	 
REQUEST		AddToCart	1612458434278	1612458434318	OK	 
REQUEST		ConfirmPayment	1612458434219	1612458434447	OK	 
REQUEST		GetTours	1612458434421	1612458434592	OK	 
REQUEST		AddTourToCart	1612458434461	1612458434614	OK	 
USER	Timed1	START	1612458434613
REQUEST		CreateTimed	1612458434593	1612458434632	OK	 
REQUEST		BookingDetails	1612458434638	1612458434686	OK	 
REQUEST		GetToken	1612458434614	1612458434755	OK	 
REQUEST		AddToCart	1612458434766	1612458434814	OK	 
REQUEST		ConfirmPayment	1612458434687	1612458434847	OK	 
USER	Timed1	END	1612458434903
USER	Timed1	START	1612458435112
REQUEST		CreateTimed	1612458435073	1612458435140	OK	 
REQUEST		AddToCart	1612458435307	1612458435347	OK	 
REQUEST		GetTours	1612458435320	1612458435462	OK	 
REQUEST		GetToken	1612458435112	1612458435510	OK	 
USER	Timed1	END	1612458435562
REQUEST		CreateTimed	1612458435709	1612458435784	OK	 
REQUEST		BookingDetails	1612458435638	1612458435788	OK	 
REQUEST		AddToCart	1612458435758	1612458435818	OK	 
REQUEST		AddTourToCart	1612458435596	1612458435877	OK	 
USER	Timed1	END	1612458435890
REQUEST		ConfirmPayment	1612458435790	1612458435961	OK	 
REQUEST		GetTours	1612458435817	1612458435962	OK	 
USER	Timed1	START	1612458436112
REQUEST		BookingDetails	1612458436145	1612458436215	OK	 
REQUEST		CreateTimed	1612458436182	1612458436254	OK	 
REQUEST		GetToken	1612458436112	1612458436322	OK	 
REQUEST		ConfirmPayment	1612458436216	1612458436353	OK	 
USER	Timed1	END	1612458436450
REQUEST		GetTours	1612458436350	1612458436474	OK	 
REQUEST		AddTourToCart	1612458434887	1612458436597	OK	 
REQUEST		AddTourToCart	1612458436465	1612458436612	OK	 
USER	Timed1	START	1612458436612
REQUEST		AddToCart	1612458436512	1612458436638	OK	 
REQUEST		CreateTimed	1612458436556	1612458436646	OK	 
REQUEST		GetToken	1612458436613	1612458436728	OK	 
USER	Timed1	END	1612458436852
REQUEST		BookingDetails	1612458436787	1612458436863	OK	 
REQUEST		GetTours	1612458436822	1612458436948	OK	 
REQUEST		ConfirmPayment	1612458436865	1612458436995	OK	 
REQUEST		AddTourToCart	1612458436965	1612458437111	OK	 
USER	Timed1	START	1612458437112
REQUEST		GetToken	1612458437112	1612458437258	OK	 
REQUEST		BookingDetails	1612458437257	1612458437302	OK	 
REQUEST		AddToCart	1612458437324	1612458437365	OK	 
REQUEST		ConfirmPayment	1612458437304	1612458437445	OK	 
USER	Timed1	START	1612458437613
REQUEST		AddTourToCart	1612458437475	1612458437672	OK	 
REQUEST		BookingDetails	1612458437648	1612458437695	OK	 
REQUEST		CreateTimed	1612458437698	1612458437758	OK	 
REQUEST		GetTours	1612458437640	1612458437777	OK	 
REQUEST		GetToken	1612458437613	1612458437795	OK	 
REQUEST		AddToCart	1612458437731	1612458437794	OK	 
REQUEST		ConfirmPayment	1612458437696	1612458437833	OK	 
USER	Timed1	END	1612458437964
REQUEST		AddTourToCart	1612458437949	1612458438105	OK	 
USER	Timed1	START	1612458438113
REQUEST		CreateTimed	1612458438102	1612458438253	OK	 
REQUEST		AddToCart	1612458438261	1612458438316	OK	 
USER	Timed1	END	1612458438358
REQUEST		GetToken	1612458438114	1612458438401	OK	 
REQUEST		GetTours	1612458438367	1612458438493	OK	 
REQUEST		CreateTimed	1612458438591	1612458438664	OK	 
REQUEST		BookingDetails	1612458438761	1612458438805	OK	 
REQUEST		AddToCart	1612458438800	1612458438877	OK	 
REQUEST		GetTours	1612458438800	1612458438959	OK	 
REQUEST		ConfirmPayment	1612458438809	1612458438970	OK	 
REQUEST		AddTourToCart	1612458438784	1612458438987	OK	 
USER	Timed1	END	1612458438999
USER	Timed1	START	1612458439113
REQUEST		CreateTimed	1612458439142	1612458439180	OK	 
REQUEST		GetToken	1612458439113	1612458439243	OK	 
REQUEST		BookingDetails	1612458439256	1612458439291	OK	 
REQUEST		ConfirmPayment	1612458439293	1612458439443	OK	 
REQUEST		GetTours	1612458439318	1612458439444	OK	 
REQUEST		AddToCart	1612458439404	1612458439447	OK	 
USER	Timed1	END	1612458439447
USER	Timed1	START	1612458439612
REQUEST		AddTourToCart	1612458439498	1612458439673	OK	 
REQUEST		CreateTimed	1612458439634	1612458439710	OK	 
REQUEST		BookingDetails	1612458439666	1612458439718	OK	 
REQUEST		GetToken	1612458439612	1612458439766	OK	 
USER	Timed1	END	1612458439836
REQUEST		ConfirmPayment	1612458439719	1612458439861	OK	 
REQUEST		GetTours	1612458439879	1612458440030	OK	 
USER	Timed1	START	1612458440112
REQUEST		BookingDetails	1612458440186	1612458440279	OK	 
REQUEST		AddToCart	1612458440246	1612458440289	OK	 
REQUEST		AddTourToCart	1612458439961	1612458440365	OK	 
REQUEST		ConfirmPayment	1612458440281	1612458440495	OK	 
REQUEST		GetToken	1612458440112	1612458440495	OK	 
REQUEST		GetTours	1612458440454	1612458440596	OK	 
REQUEST		CreateTimed	1612458440564	1612458440611	OK	 
USER	Timed1	START	1612458440612
REQUEST		AddTourToCart	1612458440449	1612458440613	OK	 
REQUEST		BookingDetails	1612458440715	1612458440762	OK	 
REQUEST		GetToken	1612458440613	1612458440762	OK	 
REQUEST		AddToCart	1612458440769	1612458440815	OK	 
REQUEST		ConfirmPayment	1612458440764	1612458440897	OK	 
USER	Timed1	END	1612458440974
USER	Timed1	START	1612458441112
REQUEST		CreateTimed	1612458441061	1612458441122	OK	 
REQUEST		AddTourToCart	1612458441033	1612458441184	OK	 
REQUEST		GetToken	1612458441113	1612458441239	OK	 
REQUEST		GetTours	1612458441291	1612458441432	OK	 
USER	Timed1	END	1612458441446
REQUEST		AddToCart	1612458441498	1612458441545	OK	 
REQUEST		BookingDetails	1612458441613	1612458441655	OK	 
REQUEST		CreateTimed	1612458441616	1612458441662	OK	 
REQUEST		AddTourToCart	1612458441598	1612458441763	OK	 
REQUEST		ConfirmPayment	1612458441656	1612458441793	OK	 
REQUEST		AddToCart	1612458441767	1612458441817	OK	 
USER	Timed1	END	1612458441863
REQUEST		GetTours	1612458441818	1612458441947	OK	 
USER	Timed1	START	1612458442111
REQUEST		BookingDetails	1612458442127	1612458442207	OK	 
REQUEST		AddToCart	1612458442243	1612458442311	OK	 
REQUEST		GetToken	1612458442112	1612458442311	OK	 
REQUEST		ConfirmPayment	1612458442208	1612458442367	OK	 
USER	Timed1	END	1612458442499
REQUEST		AddTourToCart	1612458442435	1612458442605	OK	 
USER	Timed1	START	1612458442612
REQUEST		GetTours	1612458442547	1612458442695	OK	 
REQUEST		BookingDetails	1612458442667	1612458442712	OK	 
REQUEST		GetToken	1612458442612	1612458442775	OK	 
REQUEST		ConfirmPayment	1612458442716	1612458442870	OK	 
USER	Timed1	END	1612458442901
REQUEST		CreateTimed	1612458442881	1612458442921	OK	 
REQUEST		GetTours	1612458442819	1612458442969	OK	 
REQUEST		AddTourToCart	1612458442950	1612458443112	OK	 
USER	Timed1	START	1612458443112
REQUEST		GetToken	1612458443113	1612458443249	OK	 
REQUEST		AddToCart	1612458443316	1612458443364	OK	 
REQUEST		GetTours	1612458443315	1612458443462	OK	 
USER	Timed1	START	1612458443613
REQUEST		CreateTimed	1612458443601	1612458443648	OK	 
REQUEST		CreateTimed	1612458443615	1612458443666	OK	 
REQUEST		GetToken	1612458443613	1612458443761	OK	 
USER	Timed1	END	1612458443797
REQUEST		AddToCart	1612458443779	1612458443820	OK	 
REQUEST		AddTourToCart	1612458443698	1612458443902	OK	 
REQUEST		BookingDetails	1612458443923	1612458443984	OK	 
USER	Timed1	START	1612458444113
REQUEST		AddTourToCart	1612458443971	1612458444131	OK	 
REQUEST		ConfirmPayment	1612458443985	1612458444131	OK	 
REQUEST		CreateTimed	1612458444116	1612458444213	OK	 
REQUEST		AddToCart	1612458444252	1612458444288	OK	 
REQUEST		GetToken	1612458444114	1612458444299	OK	 
USER	Timed1	END	1612458444369
REQUEST		GetTours	1612458444367	1612458444505	OK	 
REQUEST		AddTourToCart	1612458444465	1612458444612	OK	 
REQUEST		BookingDetails	1612458444650	1612458444687	OK	 
REQUEST		CreateTimed	1612458444679	1612458444714	OK	 
REQUEST		BookingDetails	1612458444669	1612458444747	OK	 
REQUEST		AddToCart	1612458444764	1612458444806	OK	 
REQUEST		ConfirmPayment	1612458444689	1612458444866	OK	 
REQUEST		ConfirmPayment	1612458444749	1612458444872	OK	 
USER	Timed1	END	1612458444872
REQUEST		GetTours	1612458444822	1612458444956	OK	 
USER	Timed1	START	1612458445112
REQUEST		CreateTimed	1612458445109	1612458445153	OK	 
REQUEST		BookingDetails	1612458445215	1612458445331	OK	 
REQUEST		GetToken	1612458445113	1612458445331	OK	 
REQUEST		AddToCart	1612458445302	1612458445358	OK	 
REQUEST		GetTours	1612458445290	1612458445435	OK	 
REQUEST		ConfirmPayment	1612458445334	1612458445473	OK	 
USER	Timed1	START	1612458445613
REQUEST		AddTourToCart	1612458445507	1612458445652	OK	 
REQUEST		GetToken	1612458445613	1612458445744	OK	 
REQUEST		BookingDetails	1612458445726	1612458445763	OK	 
REQUEST		ConfirmPayment	1612458445766	1612458445922	OK	 
REQUEST		GetTours	1612458445809	1612458445943	OK	 
REQUEST		CreateTimed	1612458445991	1612458446041	OK	 
USER	Timed1	START	1612458446113
REQUEST		AddTourToCart	1612458445960	1612458446116	OK	 
USER	Timed1	END	1612458446137
REQUEST		BookingDetails	1612458446156	1612458446223	OK	 
REQUEST		GetToken	1612458446113	1612458446311	OK	 
REQUEST		ConfirmPayment	1612458446224	1612458446344	OK	 
REQUEST		AddToCart	1612458446336	1612458446378	OK	 
REQUEST		GetTours	1612458446361	1612458446558	OK	 
REQUEST		AddTourToCart	1612458446439	1612458446600	OK	 
USER	Timed1	START	1612458446612
REQUEST		CreateTimed	1612458446681	1612458446723	OK	 
REQUEST		GetToken	1612458446612	1612458446753	OK	 
REQUEST		AddToCart	1612458446752	1612458446778	OK	 
USER	Timed1	END	1612458446869
USER	Timed1	END	1612458446874
REQUEST		AddTourToCart	1612458446946	1612458447101	OK	 
REQUEST		BookingDetails	1612458447044	1612458447101	OK	 
USER	Timed1	START	1612458447112
REQUEST		ConfirmPayment	1612458447103	1612458447305	OK	 
REQUEST		AddToCart	1612458447317	1612458447367	OK	 
REQUEST		GetToken	1612458447114	1612458447386	OK	 
REQUEST		CreateTimed	1612458447369	1612458447408	OK	 
USER	Timed1	END	1612458447476
REQUEST		GetTours	1612458447385	1612458447526	OK	 
REQUEST		CreateTimed	1612458447619	1612458447661	OK	 
REQUEST		AddTourToCart	1612458447561	1612458447715	OK	 
REQUEST		AddToCart	1612458447756	1612458447820	OK	 
REQUEST		BookingDetails	1612458447726	1612458447821	OK	 
REQUEST		GetTours	1612458447781	1612458447905	OK	 
USER	Timed1	END	1612458447923
REQUEST		ConfirmPayment	1612458447823	1612458447951	OK	 
USER	Timed1	START	1612458448124
REQUEST		CreateTimed	1612458448187	1612458448256	OK	 
REQUEST		GetToken	1612458448124	1612458448278	OK	 
USER	Timed1	END	1612458448352
REQUEST		AddToCart	1612458448393	1612458448460	OK	 
REQUEST		BookingDetails	1612458448411	1612458448462	OK	 
REQUEST		GetTours	1612458448369	1612458448505	OK	 
REQUEST		ConfirmPayment	1612458448463	1612458448601	OK	 
USER	Timed1	START	1612458448612
REQUEST		AddTourToCart	1612458448528	1612458448690	OK	 
REQUEST		BookingDetails	1612458448663	1612458448707	OK	 
REQUEST		GetToken	1612458448613	1612458448713	OK	 
REQUEST		CreateTimed	1612458448767	1612458448812	OK	 
REQUEST		ConfirmPayment	1612458448709	1612458448841	OK	 
REQUEST		GetTours	1612458448824	1612458448967	OK	 
REQUEST		AddTourToCart	1612458448908	1612458449070	OK	 
USER	Timed1	START	1612458449113
REQUEST		GetToken	1612458449114	1612458449232	OK	 
USER	Timed1	END	1612458449309
REQUEST		BookingDetails	1612458449259	1612458449329	OK	 
REQUEST		AddToCart	1612458449280	1612458449342	OK	 
REQUEST		ConfirmPayment	1612458449331	1612458449474	OK	 
REQUEST		GetTours	1612458449462	1612458449585	OK	 
USER	Timed1	START	1612458449612
REQUEST		AddTourToCart	1612458449509	1612458449653	OK	 
REQUEST		CreateTimed	1612458449610	1612458449688	OK	 
REQUEST		AddToCart	1612458449728	1612458449769	OK	 
REQUEST		GetToken	1612458449612	1612458449777	OK	 
REQUEST		BookingDetails	1612458449816	1612458449897	OK	 
USER	Timed1	END	1612458449953
REQUEST		ConfirmPayment	1612458449899	1612458450081	OK	 
USER	Timed1	START	1612458450113
REQUEST		AddTourToCart	1612458449975	1612458450131	OK	 
REQUEST		CreateTimed	1612458450117	1612458450187	OK	 
REQUEST		GetToken	1612458450113	1612458450252	OK	 
REQUEST		AddToCart	1612458450235	1612458450281	OK	 
REQUEST		GetTours	1612458450344	1612458450475	OK	 
USER	Timed1	END	1612458450603
REQUEST		BookingDetails	1612458450691	1612458450727	OK	 
REQUEST		AddTourToCart	1612458450588	1612458450790	OK	 
REQUEST		AddToCart	1612458450784	1612458450827	OK	 
USER	Timed1	END	1612458450844
REQUEST		ConfirmPayment	1612458450728	1612458450893	OK	 
REQUEST		GetTours	1612458450772	1612458450919	OK	 
REQUEST		CreateTimed	1612458450907	1612458450954	OK	 
USER	Timed1	START	1612458451129
REQUEST		CreateTimed	1612458451137	1612458451188	OK	 
REQUEST		BookingDetails	1612458451190	1612458451237	OK	 
REQUEST		GetToken	1612458451130	1612458451265	OK	 
REQUEST		AddToCart	1612458451254	1612458451335	OK	 
REQUEST		ConfirmPayment	1612458451238	1612458451365	OK	 
REQUEST		GetTours	1612458451283	1612458451414	OK	 
USER	Timed1	END	1612458451476
USER	Timed1	START	1612458451613
REQUEST		AddTourToCart	1612458451477	1612458451621	OK	 
REQUEST		CreateTimed	1612458451614	1612458451656	OK	 
REQUEST		GetToken	1612458451613	1612458451716	OK	 
REQUEST		GetTours	1612458451830	1612458452004	OK	 
REQUEST		BookingDetails	1612458451956	1612458452016	OK	 
USER	Timed1	END	1612458452085
REQUEST		AddTourToCart	1612458451922	1612458452108	OK	 
USER	Timed1	START	1612458452112
REQUEST		ConfirmPayment	1612458452018	1612458452158	OK	 
REQUEST		BookingDetails	1612458452191	1612458452232	OK	 
REQUEST		GetToken	1612458452113	1612458452283	OK	 
REQUEST		AddToCart	1612458452267	1612458452372	OK	 
REQUEST		ConfirmPayment	1612458452236	1612458452429	OK	 
REQUEST		GetTours	1612458452337	1612458452463	OK	 
REQUEST		AddTourToCart	1612458452417	1612458452594	OK	 
USER	Timed1	START	1612458452612
REQUEST		BookingDetails	1612458452659	1612458452703	OK	 
REQUEST		CreateTimed	1612458452656	1612458452728	OK	 
REQUEST		GetToken	1612458452612	1612458452754	OK	 
REQUEST		AddToCart	1612458452724	1612458452776	OK	 
REQUEST		ConfirmPayment	1612458452706	1612458452830	OK	 
USER	Timed1	END	1612458452895
USER	Timed1	START	1612458453113
REQUEST		AddTourToCart	1612458453006	1612458453156	OK	 
REQUEST		CreateTimed	1612458453120	1612458453166	OK	 
REQUEST		GetToken	1612458453113	1612458453207	OK	 
REQUEST		AddToCart	1612458453286	1612458453341	OK	 
USER	Timed1	END	1612458453369
REQUEST		GetTours	1612458453374	1612458453517	OK	 
REQUEST		AddTourToCart	1612458453465	1612458453602	OK	 
REQUEST		CreateTimed	1612458453604	1612458453654	OK	 
REQUEST		BookingDetails	1612458453730	1612458453774	OK	 
REQUEST		AddToCart	1612458453758	1612458453791	OK	 
REQUEST		ConfirmPayment	1612458453776	1612458453912	OK	 
REQUEST		GetTours	1612458453778	1612458453914	OK	 
REQUEST		CreateTimed	1612458454105	1612458454148	OK	 
USER	Timed1	END	1612458454161
REQUEST		BookingDetails	1612458454168	1612458454202	OK	 
REQUEST		AddToCart	1612458454209	1612458454264	OK	 
REQUEST		ConfirmPayment	1612458454204	1612458454388	OK	 
USER	Timed1	END	1612458454433
REQUEST		GetTours	1612458454343	1612458454464	OK	 
REQUEST		AddTourToCart	1612458454524	1612458454682	OK	 
REQUEST		BookingDetails	1612458454657	1612458454696	OK	 
REQUEST		CreateTimed	1612458454727	1612458454763	OK	 
USER	Timed1	END	1612458454834
REQUEST		ConfirmPayment	1612458454697	1612458454834	OK	 
REQUEST		GetTours	1612458454793	1612458454930	OK	 
REQUEST		AddTourToCart	1612458454918	1612458455072	OK	 
REQUEST		BookingDetails	1612458455151	1612458455197	OK	 
REQUEST		ConfirmPayment	1612458455198	1612458455375	OK	 
REQUEST		GetTours	1612458455266	1612458455397	OK	 
REQUEST		AddTourToCart	1612458455467	1612458455615	OK	 
REQUEST		CreateTimed	1612458455693	1612458455733	OK	 
REQUEST		BookingDetails	1612458455765	1612458455815	OK	 
USER	Timed1	END	1612458455915
REQUEST		ConfirmPayment	1612458455817	1612458455951	OK	 
REQUEST		AddTourToCart	1612458455933	1612458456082	OK	 
REQUEST		CreateTimed	1612458456073	1612458456124	OK	 
USER	Timed1	END	1612458456392
REQUEST		AddTourToCart	1612458456401	1612458456563	OK	 
REQUEST		CreateTimed	1612458456658	1612458456695	OK	 
REQUEST		BookingDetails	1612458456736	1612458456787	OK	 
USER	Timed1	END	1612458456837
REQUEST		ConfirmPayment	1612458456789	1612458456925	OK	 
REQUEST		BookingDetails	1612458457128	1612458457196	OK	 
REQUEST		CreateTimed	1612458457134	1612458457197	OK	 
USER	Timed1	END	1612458457378
REQUEST		ConfirmPayment	1612458457199	1612458457390	OK	 
REQUEST		BookingDetails	1612458457697	1612458457793	OK	 
REQUEST		CreateTimed	1612458457793	1612458457855	OK	 
USER	Timed1	END	1612458457954
REQUEST		ConfirmPayment	1612458457794	1612458457978	OK	 
REQUEST		BookingDetails	1612458458200	1612458458240	OK	 
REQUEST		ConfirmPayment	1612458458242	1612458458365	OK	 
REQUEST		CreateTimed	1612458458630	1612458458680	OK	 
REQUEST		BookingDetails	1612458458857	1612458458899	OK	 
USER	Timed1	END	1612458458928
REQUEST		ConfirmPayment	1612458458900	1612458459032	OK	 
REQUEST		CreateTimed	1612458459111	1612458459160	OK	 
USER	Timed1	END	1612458459393
REQUEST		CreateTimed	1612458459598	1612458459661	OK	 
REQUEST		BookingDetails	1612458459683	1612458459730	OK	 
REQUEST		ConfirmPayment	1612458459731	1612458459860	OK	 
USER	Timed1	END	1612458459982
REQUEST		BookingDetails	1612458460163	1612458460213	OK	 
REQUEST		CreateTimed	1612458460162	1612458460214	OK	 
USER	Timed1	END	1612458460368
REQUEST		ConfirmPayment	1612458460216	1612458460381	OK	 
REQUEST		CreateTimed	1612458460605	1612458460647	OK	 
REQUEST		BookingDetails	1612458460663	1612458460702	OK	 
REQUEST		ConfirmPayment	1612458460716	1612458460845	OK	 
USER	Timed1	END	1612458461035
REQUEST		BookingDetails	1612458461217	1612458461264	OK	 
REQUEST		ConfirmPayment	1612458461265	1612458461397	OK	 
REQUEST		BookingDetails	1612458461651	1612458461702	OK	 
REQUEST		CreateTimed	1612458461685	1612458461755	OK	 
USER	Timed1	END	1612458461864
REQUEST		ConfirmPayment	1612458461704	1612458461878	OK	 
REQUEST		CreateTimed	1612458462075	1612458462129	OK	 
USER	Timed1	END	1612458462383
REQUEST		CreateTimed	1612458462619	1612458462668	OK	 
REQUEST		BookingDetails	1612458462758	1612458462816	OK	 
USER	Timed1	END	1612458462850
REQUEST		ConfirmPayment	1612458462818	1612458463017	OK	 
REQUEST		CreateTimed	1612458463088	1612458463136	OK	 
REQUEST		BookingDetails	1612458463133	1612458463171	OK	 
REQUEST		ConfirmPayment	1612458463172	1612458463343	OK	 
USER	Timed1	END	1612458463399
REQUEST		CreateTimed	1612458463566	1612458463609	OK	 
REQUEST		BookingDetails	1612458463671	1612458463720	OK	 
USER	Timed1	END	1612458463884
REQUEST		ConfirmPayment	1612458463721	1612458463885	OK	 
REQUEST		BookingDetails	1612458464139	1612458464181	OK	 
REQUEST		ConfirmPayment	1612458464183	1612458464327	OK	 
REQUEST		BookingDetails	1612458464613	1612458464659	OK	 
REQUEST		ConfirmPayment	1612458464660	1612458464789	OK	 
USER	Timed1	END	1612458465020
USER	Timed1	END	1612458465346
USER	Timed1	END	1612458465888
USER	Timed1	END	1612458466330
USER	Timed1	END	1612458466792
