RUN	GeneralAdmission1	generaladmission1	1612433501012	 	3.5.0
USER	GeneralAdmission1	START	1612433502775
USER	GeneralAdmission1	START	1612433502767
USER	GeneralAdmission1	START	1612433502767
USER	GeneralAdmission1	START	1612433502765
USER	GeneralAdmission1	START	1612433502772
USER	GeneralAdmission1	START	1612433502766
USER	GeneralAdmission1	START	1612433502767
USER	GeneralAdmission1	START	1612433502767
USER	GeneralAdmission1	START	1612433502973
USER	GeneralAdmission1	START	1612433502977
USER	GeneralAdmission1	START	1612433502975
USER	GeneralAdmission1	START	1612433502979
USER	GeneralAdmission1	START	1612433502981
USER	GeneralAdmission1	START	1612433502980
USER	GeneralAdmission1	START	1612433502977
USER	GeneralAdmission1	START	1612433502990
USER	GeneralAdmission1	START	1612433502978
USER	GeneralAdmission1	START	1612433502995
USER	GeneralAdmission1	START	1612433502998
USER	GeneralAdmission1	START	1612433502998
USER	GeneralAdmission1	START	1612433502993
USER	GeneralAdmission1	START	1612433503001
USER	GeneralAdmission1	START	1612433502997
USER	GeneralAdmission1	START	1612433503007
USER	GeneralAdmission1	START	1612433503012
USER	GeneralAdmission1	START	1612433503010
USER	GeneralAdmission1	START	1612433503008
USER	GeneralAdmission1	START	1612433503011
USER	GeneralAdmission1	START	1612433503010
USER	GeneralAdmission1	START	1612433503015
USER	GeneralAdmission1	START	1612433503015
USER	GeneralAdmission1	START	1612433503024
USER	GeneralAdmission1	START	1612433503021
USER	GeneralAdmission1	START	1612433503024
USER	GeneralAdmission1	START	1612433503025
USER	GeneralAdmission1	START	1612433503026
USER	GeneralAdmission1	START	1612433503026
USER	GeneralAdmission1	START	1612433503033
USER	GeneralAdmission1	START	1612433503030
USER	GeneralAdmission1	START	1612433503036
USER	GeneralAdmission1	START	1612433503039
USER	GeneralAdmission1	START	1612433503038
USER	GeneralAdmission1	START	1612433503044
USER	GeneralAdmission1	START	1612433503049
USER	GeneralAdmission1	START	1612433503055
USER	GeneralAdmission1	START	1612433503051
USER	GeneralAdmission1	START	1612433503051
USER	GeneralAdmission1	START	1612433503055
USER	GeneralAdmission1	START	1612433503062
USER	GeneralAdmission1	START	1612433503068
USER	GeneralAdmission1	START	1612433503058
USER	GeneralAdmission1	START	1612433503056
USER	GeneralAdmission1	START	1612433503066
USER	GeneralAdmission1	START	1612433503073
USER	GeneralAdmission1	START	1612433503065
USER	GeneralAdmission1	START	1612433503072
USER	GeneralAdmission1	START	1612433503082
USER	GeneralAdmission1	START	1612433503078
USER	GeneralAdmission1	START	1612433503074
USER	GeneralAdmission1	START	1612433503084
USER	GeneralAdmission1	START	1612433503081
USER	GeneralAdmission1	START	1612433503084
USER	GeneralAdmission1	START	1612433503091
USER	GeneralAdmission1	START	1612433503090
USER	GeneralAdmission1	START	1612433503094
USER	GeneralAdmission1	START	1612433503096
USER	GeneralAdmission1	START	1612433503100
USER	GeneralAdmission1	START	1612433503106
USER	GeneralAdmission1	START	1612433503102
USER	GeneralAdmission1	START	1612433503099
USER	GeneralAdmission1	START	1612433503114
USER	GeneralAdmission1	START	1612433503121
USER	GeneralAdmission1	START	1612433503127
USER	GeneralAdmission1	START	1612433503122
USER	GeneralAdmission1	START	1612433503118
USER	GeneralAdmission1	START	1612433503128
USER	GeneralAdmission1	START	1612433503129
USER	GeneralAdmission1	START	1612433503139
USER	GeneralAdmission1	START	1612433503125
USER	GeneralAdmission1	START	1612433503132
USER	GeneralAdmission1	START	1612433503140
USER	GeneralAdmission1	START	1612433503146
USER	GeneralAdmission1	START	1612433503139
USER	GeneralAdmission1	START	1612433503147
USER	GeneralAdmission1	START	1612433503144
USER	GeneralAdmission1	START	1612433503149
USER	GeneralAdmission1	START	1612433503160
USER	GeneralAdmission1	START	1612433503159
USER	GeneralAdmission1	START	1612433503163
USER	GeneralAdmission1	START	1612433503164
USER	GeneralAdmission1	START	1612433503161
USER	GeneralAdmission1	START	1612433503171
USER	GeneralAdmission1	START	1612433503178
USER	GeneralAdmission1	START	1612433503182
USER	GeneralAdmission1	START	1612433503179
USER	GeneralAdmission1	START	1612433503197
USER	GeneralAdmission1	START	1612433503192
USER	GeneralAdmission1	START	1612433503207
USER	GeneralAdmission1	START	1612433503209
USER	GeneralAdmission1	START	1612433503218
REQUEST		GetToken	1612433502983	1612433505469	OK	 
REQUEST		GetToken	1612433502823	1612433505334	OK	 
REQUEST		GetToken	1612433502987	1612433505578	OK	 
REQUEST		GetToken	1612433502991	1612433505594	OK	 
REQUEST		GetToken	1612433502824	1612433505594	OK	 
REQUEST		GetToken	1612433502981	1612433505596	OK	 
REQUEST		GetToken	1612433503034	1612433505617	OK	 
REQUEST		GetToken	1612433502989	1612433505615	OK	 
REQUEST		GetToken	1612433503004	1612433505620	OK	 
REQUEST		GetToken	1612433503016	1612433505652	OK	 
REQUEST		GetToken	1612433502822	1612433505661	OK	 
REQUEST		GetToken	1612433503033	1612433505676	OK	 
REQUEST		GetToken	1612433503042	1612433505698	OK	 
REQUEST		GetToken	1612433503063	1612433505709	OK	 
REQUEST		GetToken	1612433503002	1612433505715	OK	 
REQUEST		GetToken	1612433503076	1612433505720	OK	 
REQUEST		GetToken	1612433502824	1612433505741	OK	 
REQUEST		GetToken	1612433503097	1612433505735	OK	 
REQUEST		GetToken	1612433502994	1612433505750	OK	 
REQUEST		GetToken	1612433503115	1612433505757	OK	 
REQUEST		GetToken	1612433502822	1612433505777	OK	 
REQUEST		GetToken	1612433503003	1612433505779	OK	 
REQUEST		GetToken	1612433503005	1612433505778	OK	 
REQUEST		GetToken	1612433503132	1612433505779	OK	 
REQUEST		GetToken	1612433503160	1612433505792	OK	 
REQUEST		GetToken	1612433502824	1612433505989	OK	 
REQUEST		GetToken	1612433503022	1612433505998	OK	 
REQUEST		GetToken	1612433503005	1612433506081	OK	 
REQUEST		GetToken	1612433502824	1612433506083	OK	 
REQUEST		GetToken	1612433503017	1612433506087	OK	 
REQUEST		GetToken	1612433503188	1612433506099	OK	 
REQUEST		GetToken	1612433502992	1612433506100	OK	 
REQUEST		GetToken	1612433502994	1612433506105	OK	 
REQUEST		GetToken	1612433503008	1612433506115	OK	 
REQUEST		GetToken	1612433503040	1612433506115	OK	 
REQUEST		GetToken	1612433503195	1612433506306	OK	 
REQUEST		GetToken	1612433503038	1612433506369	OK	 
REQUEST		GetToken	1612433502979	1612433506371	OK	 
REQUEST		GetToken	1612433503076	1612433506379	OK	 
REQUEST		GetToken	1612433502823	1612433506386	OK	 
REQUEST		GetToken	1612433503011	1612433506414	OK	 
REQUEST		GetToken	1612433503046	1612433506478	OK	 
REQUEST		GetToken	1612433503203	1612433506480	OK	 
REQUEST		GetToken	1612433503027	1612433506485	OK	 
REQUEST		GetToken	1612433503068	1612433506509	OK	 
REQUEST		GetToken	1612433503134	1612433506515	OK	 
REQUEST		GetToken	1612433503171	1612433506520	OK	 
REQUEST		GetToken	1612433503112	1612433506525	OK	 
REQUEST		GetToken	1612433503194	1612433506532	OK	 
REQUEST		GetToken	1612433503088	1612433506536	OK	 
REQUEST		GetToken	1612433503211	1612433506541	OK	 
REQUEST		GetToken	1612433503016	1612433506548	OK	 
REQUEST		GetToken	1612433503058	1612433506553	OK	 
REQUEST		GetToken	1612433503108	1612433506559	OK	 
REQUEST		GetToken	1612433503057	1612433506589	OK	 
REQUEST		GetToken	1612433503082	1612433506588	OK	 
REQUEST		GetToken	1612433503069	1612433506599	OK	 
REQUEST		GetToken	1612433503131	1612433506600	OK	 
REQUEST		GetToken	1612433503116	1612433506619	OK	 
REQUEST		GetToken	1612433503162	1612433506626	OK	 
REQUEST		GetToken	1612433503222	1612433506629	OK	 
REQUEST		GetToken	1612433503145	1612433506633	OK	 
REQUEST		GetToken	1612433503199	1612433506640	OK	 
REQUEST		GetToken	1612433503083	1612433506649	OK	 
REQUEST		GetToken	1612433503148	1612433506661	OK	 
REQUEST		GetToken	1612433503129	1612433506670	OK	 
REQUEST		GetToken	1612433503174	1612433506672	OK	 
REQUEST		GetToken	1612433503210	1612433506678	OK	 
REQUEST		GetToken	1612433503021	1612433506685	OK	 
REQUEST		GetToken	1612433503130	1612433506730	OK	 
REQUEST		GetToken	1612433503124	1612433506733	OK	 
REQUEST		GetToken	1612433503088	1612433506749	OK	 
REQUEST		GetToken	1612433503156	1612433506757	OK	 
REQUEST		GetToken	1612433503175	1612433506776	OK	 
REQUEST		GetToken	1612433503022	1612433506833	OK	 
REQUEST		GetToken	1612433503064	1612433506922	OK	 
REQUEST		GetToken	1612433503039	1612433506933	OK	 
REQUEST		GetToken	1612433503134	1612433506961	OK	 
REQUEST		GetToken	1612433503182	1612433506961	OK	 
REQUEST		GetToken	1612433503104	1612433506967	OK	 
REQUEST		GetToken	1612433503026	1612433506973	OK	 
REQUEST		GetToken	1612433503111	1612433506980	OK	 
REQUEST		GetToken	1612433503165	1612433506982	OK	 
REQUEST		GetToken	1612433503105	1612433506983	OK	 
REQUEST		GetToken	1612433503068	1612433506991	OK	 
REQUEST		GetToken	1612433503053	1612433507000	OK	 
REQUEST		GetToken	1612433503055	1612433507001	OK	 
REQUEST		GetToken	1612433503041	1612433507002	OK	 
REQUEST		GetToken	1612433503079	1612433507003	OK	 
REQUEST		GetToken	1612433503129	1612433507016	OK	 
REQUEST		GetToken	1612433503095	1612433507019	OK	 
REQUEST		GetToken	1612433503144	1612433507021	OK	 
REQUEST		GetToken	1612433503047	1612433507031	OK	 
REQUEST		GetToken	1612433503108	1612433507037	OK	 
REQUEST		GetToken	1612433503071	1612433507038	OK	 
REQUEST		GetToken	1612433503158	1612433507041	OK	 
REQUEST		GetToken	1612433503018	1612433507051	OK	 
REQUEST		GetToken	1612433503079	1612433507055	OK	 
REQUEST		GetToken	1612433503173	1612433507064	OK	 
REQUEST		GetToken	1612433503151	1612433507069	OK	 
REQUEST		AddToCart	1612433510592	1612433510752	OK	 
REQUEST		AddToCart	1612433510599	1612433510752	OK	 
REQUEST		AddToCart	1612433510599	1612433510774	OK	 
REQUEST		AddToCart	1612433510616	1612433510777	OK	 
REQUEST		AddToCart	1612433510647	1612433510777	OK	 
REQUEST		AddToCart	1612433510616	1612433510780	OK	 
REQUEST		AddToCart	1612433510616	1612433510780	OK	 
REQUEST		AddToCart	1612433510646	1612433510782	OK	 
REQUEST		AddToCart	1612433510647	1612433510789	OK	 
REQUEST		AddToCart	1612433510677	1612433510854	OK	 
REQUEST		AddToCart	1612433510710	1612433510874	OK	 
REQUEST		AddToCart	1612433510679	1612433510878	OK	 
REQUEST		AddToCart	1612433510724	1612433510881	OK	 
REQUEST		AddToCart	1612433510740	1612433510979	OK	 
REQUEST		AddToCart	1612433510758	1612433511051	OK	 
REQUEST		AddToCart	1612433510740	1612433511051	OK	 
REQUEST		AddToCart	1612433510696	1612433511099	OK	 
REQUEST		AddToCart	1612433510773	1612433511107	OK	 
REQUEST		AddToCart	1612433510759	1612433511107	OK	 
REQUEST		AddToCart	1612433510773	1612433511139	OK	 
REQUEST		AddToCart	1612433510803	1612433511139	OK	 
REQUEST		AddToCart	1612433510803	1612433511140	OK	 
REQUEST		AddToCart	1612433510803	1612433511148	OK	 
REQUEST		AddToCart	1612433510806	1612433511148	OK	 
REQUEST		AddToCart	1612433510803	1612433511150	OK	 
REQUEST		AddToCart	1612433511019	1612433511206	OK	 
REQUEST		AddToCart	1612433511004	1612433511207	OK	 
REQUEST		AddToCart	1612433511096	1612433511314	OK	 
REQUEST		AddToCart	1612433511097	1612433511314	OK	 
REQUEST		AddToCart	1612433511098	1612433511479	OK	 
REQUEST		AddToCart	1612433511115	1612433511516	OK	 
REQUEST		AddToCart	1612433511115	1612433511516	OK	 
REQUEST		AddToCart	1612433511130	1612433511517	OK	 
REQUEST		AddToCart	1612433511130	1612433511521	OK	 
REQUEST		AddToCart	1612433511130	1612433511521	OK	 
REQUEST		AddToCart	1612433511312	1612433511536	OK	 
REQUEST		AddToCart	1612433511390	1612433511588	OK	 
REQUEST		AddToCart	1612433511390	1612433511589	OK	 
REQUEST		AddToCart	1612433511389	1612433511594	OK	 
REQUEST		AddToCart	1612433511407	1612433511594	OK	 
REQUEST		AddToCart	1612433511422	1612433511670	OK	 
REQUEST		AddToCart	1612433511499	1612433511708	OK	 
REQUEST		AddToCart	1612433511499	1612433511708	OK	 
REQUEST		AddToCart	1612433511501	1612433511711	OK	 
REQUEST		AddToCart	1612433511516	1612433511717	OK	 
REQUEST		AddToCart	1612433511523	1612433511732	OK	 
REQUEST		AddToCart	1612433511525	1612433511734	OK	 
REQUEST		AddToCart	1612433511546	1612433511909	OK	 
REQUEST		AddToCart	1612433511549	1612433511913	OK	 
REQUEST		AddToCart	1612433511548	1612433511981	OK	 
REQUEST		AddToCart	1612433511550	1612433512021	OK	 
REQUEST		AddToCart	1612433511562	1612433512048	OK	 
REQUEST		AddToCart	1612433511563	1612433512050	OK	 
REQUEST		AddToCart	1612433511597	1612433512092	OK	 
REQUEST		AddToCart	1612433511565	1612433512093	OK	 
REQUEST		AddToCart	1612433511639	1612433512838	OK	 
REQUEST		AddToCart	1612433511688	1612433512974	OK	 
REQUEST		AddToCart	1612433511748	1612433513048	OK	 
REQUEST		AddToCart	1612433511977	1612433513247	OK	 
REQUEST		AddToCart	1612433511994	1612433513354	OK	 
REQUEST		AddToCart	1612433511610	1612433513469	OK	 
REQUEST		AddToCart	1612433511608	1612433513605	OK	 
REQUEST		AddToCart	1612433511700	1612433513605	OK	 
REQUEST		AddToCart	1612433511949	1612433513608	OK	 
REQUEST		AddToCart	1612433511994	1612433513628	OK	 
REQUEST		AddToCart	1612433511933	1612433513628	OK	 
REQUEST		AddToCart	1612433511623	1612433513628	OK	 
REQUEST		AddToCart	1612433511839	1612433513627	OK	 
REQUEST		AddToCart	1612433511778	1612433513628	OK	 
REQUEST		AddToCart	1612433512026	1612433513633	OK	 
REQUEST		AddToCart	1612433511686	1612433513634	OK	 
REQUEST		AddToCart	1612433512043	1612433513634	OK	 
REQUEST		AddToCart	1612433512041	1612433513634	OK	 
REQUEST		AddToCart	1612433512059	1612433513635	OK	 
REQUEST		AddToCart	1612433511640	1612433513635	OK	 
REQUEST		AddToCart	1612433512009	1612433513642	OK	 
REQUEST		AddToCart	1612433511670	1612433513644	OK	 
REQUEST		AddToCart	1612433511655	1612433513644	OK	 
REQUEST		AddToCart	1612433512009	1612433513644	OK	 
REQUEST		AddToCart	1612433512026	1612433513645	OK	 
REQUEST		AddToCart	1612433512026	1612433513645	OK	 
REQUEST		AddToCart	1612433511748	1612433513652	OK	 
REQUEST		AddToCart	1612433511764	1612433513652	OK	 
REQUEST		AddToCart	1612433511686	1612433513652	OK	 
REQUEST		AddToCart	1612433511639	1612433513652	OK	 
REQUEST		AddToCart	1612433512057	1612433513652	OK	 
REQUEST		AddToCart	1612433511979	1612433513660	OK	 
REQUEST		AddToCart	1612433511794	1612433513660	OK	 
REQUEST		AddToCart	1612433511642	1612433513661	OK	 
REQUEST		AddToCart	1612433511689	1612433513662	OK	 
REQUEST		AddToCart	1612433511978	1612433513662	OK	 
REQUEST		AddToCart	1612433512057	1612433513667	OK	 
REQUEST		AddToCart	1612433512026	1612433513670	OK	 
REQUEST		AddToCart	1612433512057	1612433513669	OK	 
REQUEST		AddToCart	1612433512072	1612433513674	OK	 
REQUEST		AddToCart	1612433512041	1612433513674	OK	 
REQUEST		AddToCart	1612433512086	1612433513677	OK	 
REQUEST		AddToCart	1612433512041	1612433513677	OK	 
REQUEST		AddToCart	1612433511995	1612433513680	OK	 
REQUEST		AddToCart	1612433512073	1612433513683	OK	 
REQUEST		AddToCart2	1612433513763	1612433513860	OK	 
REQUEST		AddToCart2	1612433513765	1612433513860	OK	 
REQUEST		AddToCart2	1612433513795	1612433513926	OK	 
REQUEST		AddToCart2	1612433513799	1612433513935	OK	 
REQUEST		AddToCart2	1612433513795	1612433513942	OK	 
REQUEST		AddToCart2	1612433513794	1612433513942	OK	 
REQUEST		AddToCart2	1612433513798	1612433513944	OK	 
REQUEST		AddToCart2	1612433513795	1612433513946	OK	 
REQUEST		AddToCart2	1612433513795	1612433513951	OK	 
REQUEST		AddToCart2	1612433513888	1612433514000	OK	 
REQUEST		AddToCart2	1612433513863	1612433514000	OK	 
REQUEST		AddToCart2	1612433513887	1612433514003	OK	 
REQUEST		AddToCart2	1612433513890	1612433514004	OK	 
REQUEST		AddToCart2	1612433513995	1612433514169	OK	 
REQUEST		AddToCart2	1612433514055	1612433514169	OK	 
REQUEST		AddToCart2	1612433514056	1612433514170	OK	 
REQUEST		AddToCart2	1612433514102	1612433514324	OK	 
REQUEST		AddToCart2	1612433514120	1612433514327	OK	 
REQUEST		AddToCart2	1612433514149	1612433514327	OK	 
REQUEST		AddToCart2	1612433514168	1612433514328	OK	 
REQUEST		AddToCart2	1612433514150	1612433514331	OK	 
REQUEST		AddToCart2	1612433514120	1612433514329	OK	 
REQUEST		AddToCart2	1612433514154	1612433514334	OK	 
REQUEST		AddToCart2	1612433514152	1612433514361	OK	 
REQUEST		AddToCart2	1612433514150	1612433514361	OK	 
REQUEST		AddToCart2	1612433514215	1612433514364	OK	 
REQUEST		AddToCart2	1612433514322	1612433514425	OK	 
REQUEST		AddToCart2	1612433514322	1612433514441	OK	 
REQUEST		AddToCart2	1612433514491	1612433514570	OK	 
REQUEST		AddToCart2	1612433514522	1612433514579	OK	 
REQUEST		AddToCart2	1612433514539	1612433514619	OK	 
REQUEST		AddToCart2	1612433514539	1612433514633	OK	 
REQUEST		AddToCart2	1612433514539	1612433514633	OK	 
REQUEST		AddToCart2	1612433514541	1612433514635	OK	 
REQUEST		AddToCart2	1612433514555	1612433514649	OK	 
REQUEST		AddToCart2	1612433514600	1612433514761	OK	 
REQUEST		AddToCart2	1612433514599	1612433514761	OK	 
REQUEST		AddToCart2	1612433514600	1612433514850	OK	 
REQUEST		AddToCart2	1612433514602	1612433514932	OK	 
REQUEST		AddToCart2	1612433514727	1612433515311	OK	 
REQUEST		AddToCart2	1612433514213	1612433515378	OK	 
REQUEST		AddToCart2	1612433514926	1612433515378	OK	 
REQUEST		AddToCart2	1612433514928	1612433515381	OK	 
REQUEST		AddToCart2	1612433514988	1612433515417	OK	 
REQUEST		AddToCart2	1612433515052	1612433515609	OK	 
REQUEST		AddToCart2	1612433514677	1612433515995	OK	 
REQUEST		AddToCart2	1612433514723	1612433516003	OK	 
REQUEST		AddToCart2	1612433514725	1612433516003	OK	 
REQUEST		AddToCart2	1612433514724	1612433516006	OK	 
REQUEST		AddToCart2	1612433514740	1612433516010	OK	 
REQUEST		AddToCart2	1612433514742	1612433516012	OK	 
REQUEST		AddToCart2	1612433515845	1612433516033	OK	 
REQUEST		AddToCart2	1612433515035	1612433516052	OK	 
REQUEST		AddToCart2	1612433515986	1612433516052	OK	 
REQUEST		AddToCart2	1612433515053	1612433516110	OK	 
REQUEST		AddToCart2	1612433515097	1612433516112	OK	 
REQUEST		AddToCart2	1612433515100	1612433516254	OK	 
REQUEST		AddToCart2	1612433516066	1612433516260	OK	 
REQUEST		AddToCart2	1612433516262	1612433516414	OK	 
REQUEST		AddToCart2	1612433516372	1612433516501	OK	 
REQUEST		AddToCart2	1612433516480	1612433516587	OK	 
REQUEST		AddToCart2	1612433516620	1612433516799	OK	 
REQUEST		AddToCart2	1612433516619	1612433516802	OK	 
REQUEST		AddToCart2	1612433516638	1612433516802	OK	 
REQUEST		AddToCart2	1612433516638	1612433516800	OK	 
REQUEST		AddToCart2	1612433516638	1612433516809	OK	 
REQUEST		AddToCart2	1612433516653	1612433516872	OK	 
REQUEST		AddToCart2	1612433516638	1612433516872	OK	 
REQUEST		AddToCart2	1612433516653	1612433516872	OK	 
REQUEST		AddToCart2	1612433516653	1612433516872	OK	 
REQUEST		AddToCart2	1612433516640	1612433516873	OK	 
REQUEST		AddToCart2	1612433516638	1612433516877	OK	 
REQUEST		AddToCart2	1612433516653	1612433516891	OK	 
REQUEST		AddToCart2	1612433516653	1612433516893	OK	 
REQUEST		AddToCart2	1612433516655	1612433516901	OK	 
REQUEST		AddToCart2	1612433516653	1612433516965	OK	 
REQUEST		AddToCart2	1612433516656	1612433516965	OK	 
REQUEST		AddToCart2	1612433516655	1612433516965	OK	 
REQUEST		AddToCart2	1612433516655	1612433516968	OK	 
REQUEST		AddToCart2	1612433516657	1612433516988	OK	 
REQUEST		AddToCart2	1612433516656	1612433516993	OK	 
REQUEST		AddToCart2	1612433516670	1612433517151	OK	 
REQUEST		AddToCart2	1612433516668	1612433517151	OK	 
REQUEST		AddToCart2	1612433516668	1612433517151	OK	 
REQUEST		AddToCart2	1612433516668	1612433517155	OK	 
REQUEST		AddToCart2	1612433516670	1612433517155	OK	 
REQUEST		AddToCart2	1612433516671	1612433517158	OK	 
REQUEST		AddToCart2	1612433516687	1612433517160	OK	 
REQUEST		AddToCart2	1612433516669	1612433517170	OK	 
REQUEST		AddToCart2	1612433516673	1612433517170	OK	 
REQUEST		AddToCart2	1612433516669	1612433517170	OK	 
REQUEST		AddToCart2	1612433516683	1612433517170	OK	 
REQUEST		AddToCart2	1612433516684	1612433517173	OK	 
REQUEST		AddToCart2	1612433516670	1612433517175	OK	 
REQUEST		AddToCart2	1612433516683	1612433517176	OK	 
REQUEST		AddToCart2	1612433516686	1612433517177	OK	 
REQUEST		AddToCart2	1612433516688	1612433517181	OK	 
REQUEST		AddToCart2	1612433516671	1612433517183	OK	 
REQUEST		AddToCart2	1612433516687	1612433517183	OK	 
REQUEST		AddToCart2	1612433516688	1612433517186	OK	 
REQUEST		CreateGeneral	1612433517959	1612433518762	OK	 
REQUEST		CreateGeneral	1612433517881	1612433518764	OK	 
REQUEST		CreateGeneral	1612433517959	1612433518764	OK	 
REQUEST		CreateGeneral	1612433517942	1612433518769	OK	 
REQUEST		CreateGeneral	1612433517959	1612433518771	OK	 
REQUEST		CreateGeneral	1612433517960	1612433518785	OK	 
REQUEST		CreateGeneral	1612433517959	1612433518801	OK	 
REQUEST		CreateGeneral	1612433517881	1612433518804	OK	 
REQUEST		CreateGeneral	1612433518034	1612433519225	KO	status.find.is(200), but actually found 400
REQUEST		CreateGeneral	1612433518189	1612433519290	KO	status.find.is(200), but actually found 400
REQUEST		CreateGeneral	1612433518189	1612433519290	OK	 
REQUEST		CreateGeneral	1612433518033	1612433519395	OK	 
REQUEST		CreateGeneral	1612433518358	1612433519395	OK	 
REQUEST		CreateGeneral	1612433518038	1612433519398	OK	 
REQUEST		CreateGeneral	1612433518358	1612433519402	OK	 
REQUEST		CreateGeneral	1612433518358	1612433519403	OK	 
REQUEST		CreateGeneral	1612433518341	1612433519413	OK	 
REQUEST		CreateGeneral	1612433518363	1612433519419	OK	 
REQUEST		CreateGeneral	1612433518388	1612433519419	OK	 
REQUEST		CreateGeneral	1612433518448	1612433519422	OK	 
REQUEST		CreateGeneral	1612433518361	1612433519423	OK	 
REQUEST		CreateGeneral	1612433518390	1612433519429	OK	 
REQUEST		CreateGeneral	1612433518375	1612433519430	OK	 
REQUEST		CreateGeneral	1612433518188	1612433519433	OK	 
REQUEST		CreateGeneral	1612433518465	1612433519448	OK	 
REQUEST		CreateGeneral	1612433518651	1612433519518	OK	 
REQUEST		CreateGeneral	1612433518650	1612433519519	OK	 
REQUEST		CreateGeneral	1612433518588	1612433519519	OK	 
REQUEST		CreateGeneral	1612433518653	1612433519523	OK	 
REQUEST		CreateGeneral	1612433518668	1612433519536	OK	 
REQUEST		CreateGeneral	1612433518668	1612433519730	OK	 
REQUEST		CreateGeneral	1612433518793	1612433519798	OK	 
REQUEST		CreateGeneral	1612433518869	1612433519799	OK	 
REQUEST		CreateGeneral	1612433518793	1612433519798	OK	 
REQUEST		CreateGeneral	1612433517941	1612433519816	OK	 
REQUEST		CreateGeneral	1612433519233	1612433519819	OK	 
REQUEST		CreateGeneral	1612433519292	1612433519819	OK	 
REQUEST		CreateGeneral	1612433518946	1612433519819	OK	 
REQUEST		CreateGeneral	1612433519331	1612433519971	OK	 
REQUEST		CreateGeneral	1612433518036	1612433519970	OK	 
REQUEST		CreateGeneral	1612433519412	1612433519996	OK	 
REQUEST		CreateGeneral	1612433519400	1612433519999	OK	 
REQUEST		CreateGeneral	1612433519623	1612433520047	OK	 
REQUEST		CreateGeneral	1612433519443	1612433520047	OK	 
REQUEST		CreateGeneral	1612433518360	1612433520098	OK	 
REQUEST		CreateGeneral	1612433520030	1612433520440	OK	 
REQUEST		CreateGeneral	1612433520073	1612433520440	OK	 
REQUEST		CreateGeneral	1612433520012	1612433520450	OK	 
REQUEST		CreateGeneral	1612433520027	1612433520452	KO	status.find.is(200), but actually found 400
REQUEST		CreateGeneral	1612433520027	1612433520456	OK	 
REQUEST		CreateGeneral	1612433520028	1612433520461	OK	 
REQUEST		CreateGeneral	1612433520031	1612433520542	OK	 
REQUEST		CreateGeneral	1612433520058	1612433520544	OK	 
REQUEST		CreateGeneral	1612433520073	1612433520544	OK	 
REQUEST		CreateGeneral	1612433520134	1612433520544	OK	 
REQUEST		CreateGeneral	1612433520136	1612433520561	OK	 
REQUEST		CreateGeneral	1612433518605	1612433520573	OK	 
REQUEST		CreateGeneral	1612433520273	1612433520599	OK	 
REQUEST		CreateGeneral	1612433520274	1612433520617	OK	 
REQUEST		CreateGeneral	1612433520521	1612433520738	OK	 
REQUEST		CreateGeneral	1612433520456	1612433520773	OK	 
REQUEST		CreateGeneral	1612433520443	1612433520776	OK	 
REQUEST		CreateGeneral	1612433520616	1612433520901	OK	 
REQUEST		CreateGeneral	1612433520829	1612433521021	KO	status.find.is(200), but actually found 400
REQUEST		CreateGeneral	1612433519398	1612433521071	OK	 
REQUEST		CreateGeneral	1612433520812	1612433521133	OK	 
REQUEST		CreateGeneral	1612433520829	1612433521207	OK	 
REQUEST		CreateGeneral	1612433520831	1612433521271	OK	 
REQUEST		CreateGeneral	1612433520888	1612433521297	OK	 
REQUEST		CreateGeneral	1612433520889	1612433521299	OK	 
REQUEST		CreateGeneral	1612433520889	1612433521309	OK	 
REQUEST		CreateGeneral	1612433520889	1612433521389	OK	 
REQUEST		CreateGeneral	1612433520907	1612433521427	OK	 
REQUEST		CreateGeneral	1612433520923	1612433521440	OK	 
REQUEST		CreateGeneral	1612433520907	1612433521440	OK	 
REQUEST		CreateGeneral	1612433520984	1612433521562	KO	status.find.is(200), but actually found 400
REQUEST		CreateGeneral	1612433520907	1612433521571	OK	 
REQUEST		CreateGeneral	1612433520890	1612433521661	OK	 
REQUEST		CreateGeneral	1612433520983	1612433521722	OK	 
REQUEST		CreateGeneral	1612433520983	1612433521725	OK	 
REQUEST		CreateGeneral	1612433520983	1612433521747	OK	 
REQUEST		CreateGeneral	1612433521016	1612433521766	OK	 
REQUEST		CreateGeneral	1612433521174	1612433521826	OK	 
REQUEST		CreateGeneral	1612433521171	1612433521829	OK	 
REQUEST		CreateGeneral	1612433521174	1612433521913	OK	 
REQUEST		CreateGeneral	1612433521174	1612433521913	OK	 
REQUEST		CreateGeneral	1612433521172	1612433521924	OK	 
REQUEST		CreateGeneral	1612433521190	1612433521943	OK	 
REQUEST		CreateGeneral	1612433521190	1612433522011	OK	 
REQUEST		CreateGeneral	1612433521172	1612433522044	OK	 
REQUEST		CreateGeneral	1612433521196	1612433522046	KO	status.find.is(200), but actually found 400
REQUEST		CreateGeneral	1612433521195	1612433522046	OK	 
REQUEST		CreateGeneral	1612433521193	1612433522050	OK	 
REQUEST		CreateGeneral	1612433521190	1612433522115	OK	 
REQUEST		CreateGeneral	1612433521191	1612433522115	OK	 
REQUEST		CreateGeneral	1612433521190	1612433522146	OK	 
REQUEST		CreateGeneral	1612433521207	1612433522146	OK	 
REQUEST		CreateGeneral	1612433521207	1612433522149	OK	 
REQUEST		CreateGeneral	1612433521210	1612433522151	OK	 
REQUEST		CreateGeneral	1612433521211	1612433522156	OK	 
REQUEST		CreateGeneral	1612433521209	1612433522186	OK	 
REQUEST		CreateGeneral	1612433521564	1612433522195	OK	 
REQUEST		CreateGeneral	1612433520829	1612433522218	OK	 
REQUEST		CreateGeneral	1612433522049	1612433522285	OK	 
REQUEST		CreateGeneral	1612433521001	1612433522500	OK	 
REQUEST		CreateGeneral	1612433521024	1612433522522	OK	 
REQUEST		BookingDetails	1612433522783	1612433523011	OK	 
REQUEST		BookingDetails	1612433522782	1612433523033	OK	 
REQUEST		BookingDetails	1612433522783	1612433523033	OK	 
REQUEST		BookingDetails	1612433522784	1612433523033	OK	 
REQUEST		BookingDetails	1612433522783	1612433523033	OK	 
REQUEST		BookingDetails	1612433522815	1612433523041	OK	 
REQUEST		BookingDetails	1612433522798	1612433523053	OK	 
REQUEST		BookingDetails	1612433522814	1612433523053	OK	 
REQUEST		ConfirmPayment	1612433523038	1612433523358	OK	 
REQUEST		ConfirmPayment	1612433523043	1612433523359	OK	 
REQUEST		ConfirmPayment	1612433523055	1612433523379	OK	 
REQUEST		ConfirmPayment	1612433523055	1612433523379	OK	 
REQUEST		BookingDetails	1612433523310	1612433523504	OK	 
REQUEST		BookingDetails	1612433523404	1612433523806	OK	 
REQUEST		BookingDetails	1612433523403	1612433523821	OK	 
REQUEST		BookingDetails	1612433523405	1612433523826	OK	 
REQUEST		BookingDetails	1612433523407	1612433524404	OK	 
REQUEST		BookingDetails	1612433523421	1612433524694	OK	 
REQUEST		BookingDetails	1612433523421	1612433524890	OK	 
REQUEST		BookingDetails	1612433523439	1612433525021	OK	 
REQUEST		BookingDetails	1612433523438	1612433525023	OK	 
REQUEST		ConfirmPayment	1612433523037	1612433525050	OK	 
REQUEST		ConfirmPayment	1612433523037	1612433525056	OK	 
REQUEST		BookingDetails	1612433523437	1612433525056	OK	 
REQUEST		ConfirmPayment	1612433523012	1612433525057	OK	 
REQUEST		ConfirmPayment	1612433523506	1612433525057	OK	 
REQUEST		ConfirmPayment	1612433523039	1612433525066	OK	 
REQUEST		BookingDetails	1612433523438	1612433525078	OK	 
REQUEST		BookingDetails	1612433523437	1612433525178	OK	 
REQUEST		BookingDetails	1612433523529	1612433525178	OK	 
REQUEST		BookingDetails	1612433523530	1612433525178	OK	 
REQUEST		BookingDetails	1612433523437	1612433525178	OK	 
REQUEST		BookingDetails	1612433523465	1612433525184	OK	 
REQUEST		BookingDetails	1612433523441	1612433525184	OK	 
REQUEST		BookingDetails	1612433523545	1612433525185	OK	 
REQUEST		BookingDetails	1612433523529	1612433525188	OK	 
REQUEST		BookingDetails	1612433523531	1612433525189	OK	 
REQUEST		BookingDetails	1612433523745	1612433525451	OK	 
REQUEST		ConfirmPayment	1612433523822	1612433525892	OK	 
REQUEST		ConfirmPayment	1612433523828	1612433526230	OK	 
REQUEST		ConfirmPayment	1612433523808	1612433526521	OK	 
REQUEST		BookingDetails	1612433523808	1612433526521	OK	 
REQUEST		BookingDetails	1612433523808	1612433526539	OK	 
REQUEST		BookingDetails	1612433523810	1612433526541	OK	 
REQUEST		BookingDetails	1612433523826	1612433526541	OK	 
REQUEST		BookingDetails	1612433523842	1612433526542	OK	 
REQUEST		BookingDetails	1612433523842	1612433526549	OK	 
REQUEST		BookingDetails	1612433523842	1612433526753	OK	 
REQUEST		BookingDetails	1612433523977	1612433526845	OK	 
REQUEST		ConfirmPayment	1612433524696	1612433526983	OK	 
REQUEST		ConfirmPayment	1612433524406	1612433526983	OK	 
REQUEST		BookingDetails	1612433524056	1612433527002	OK	 
REQUEST		BookingDetails	1612433524101	1612433527002	OK	 
REQUEST		BookingDetails	1612433523978	1612433527005	OK	 
REQUEST		BookingDetails	1612433524008	1612433527006	OK	 
REQUEST		BookingDetails	1612433524459	1612433527009	OK	 
REQUEST		BookingDetails	1612433524458	1612433527018	OK	 
REQUEST		BookingDetails	1612433524009	1612433527018	OK	 
REQUEST		ConfirmPayment	1612433524892	1612433527020	OK	 
REQUEST		BookingDetails	1612433524055	1612433527022	OK	 
REQUEST		BookingDetails	1612433524460	1612433527240	OK	 
REQUEST		BookingDetails	1612433524477	1612433527240	OK	 
REQUEST		BookingDetails	1612433524477	1612433527244	OK	 
REQUEST		BookingDetails	1612433524569	1612433527672	OK	 
REQUEST		BookingDetails	1612433524584	1612433527672	OK	 
REQUEST		BookingDetails	1612433524552	1612433527672	OK	 
REQUEST		BookingDetails	1612433524552	1612433527673	OK	 
REQUEST		BookingDetails	1612433524782	1612433527678	OK	 
REQUEST		BookingDetails	1612433524551	1612433527678	OK	 
REQUEST		BookingDetails	1612433524630	1612433527680	OK	 
REQUEST		BookingDetails	1612433524553	1612433527683	OK	 
REQUEST		BookingDetails	1612433524613	1612433527683	OK	 
REQUEST		BookingDetails	1612433524751	1612433527685	OK	 
REQUEST		BookingDetails	1612433524783	1612433527809	OK	 
REQUEST		ConfirmPayment	1612433525065	1612433528028	OK	 
REQUEST		ConfirmPayment	1612433525182	1612433528028	OK	 
REQUEST		BookingDetails	1612433524910	1612433528031	OK	 
REQUEST		ConfirmPayment	1612433525183	1612433528042	OK	 
REQUEST		ConfirmPayment	1612433525026	1612433528042	OK	 
REQUEST		ConfirmPayment	1612433525022	1612433528045	OK	 
REQUEST		ConfirmPayment	1612433525186	1612433528049	OK	 
REQUEST		ConfirmPayment	1612433525080	1612433528404	OK	 
REQUEST		BookingDetails	1612433525078	1612433528892	OK	 
REQUEST		BookingDetails	1612433525138	1612433529029	OK	 
REQUEST		BookingDetails	1612433525308	1612433529029	OK	 
REQUEST		BookingDetails	1612433525214	1612433529029	OK	 
REQUEST		BookingDetails	1612433525277	1612433529034	OK	 
REQUEST		BookingDetails	1612433525308	1612433529274	OK	 
REQUEST		BookingDetails	1612433525432	1612433529274	OK	 
REQUEST		BookingDetails	1612433525327	1612433529274	OK	 
REQUEST		BookingDetails	1612433525588	1612433529278	OK	 
REQUEST		BookingDetails	1612433525450	1612433529278	OK	 
REQUEST		BookingDetails	1612433525450	1612433529282	OK	 
REQUEST		BookingDetails	1612433525401	1612433529283	OK	 
REQUEST		BookingDetails	1612433525666	1612433529306	OK	 
REQUEST		BookingDetails	1612433525728	1612433529305	OK	 
REQUEST		BookingDetails	1612433525836	1612433529306	OK	 
REQUEST		BookingDetails	1612433525930	1612433529306	OK	 
REQUEST		BookingDetails	1612433525929	1612433529307	OK	 
REQUEST		BookingDetails	1612433525759	1612433529313	OK	 
REQUEST		BookingDetails	1612433525729	1612433529316	OK	 
REQUEST		BookingDetails	1612433525959	1612433529316	OK	 
REQUEST		BookingDetails	1612433526021	1612433529323	OK	 
REQUEST		BookingDetails	1612433525777	1612433529323	OK	 
REQUEST		BookingDetails	1612433525838	1612433529323	OK	 
REQUEST		BookingDetails	1612433525928	1612433529324	OK	 
REQUEST		BookingDetails	1612433526070	1612433529331	OK	 
REQUEST		BookingDetails	1612433526051	1612433529344	OK	 
REQUEST		BookingDetails	1612433526052	1612433529343	OK	 
REQUEST		BookingDetails	1612433526206	1612433529344	OK	 
REQUEST		BookingDetails	1612433526238	1612433529350	OK	 
REQUEST		BookingDetails	1612433526298	1612433529362	OK	 
USER	GeneralAdmission1	END	1612433529371
USER	GeneralAdmission1	END	1612433529371
REQUEST		BookingDetails	1612433526128	1612433529379	OK	 
REQUEST		BookingDetails	1612433526158	1612433529391	OK	 
REQUEST		BookingDetails	1612433526514	1612433529391	OK	 
REQUEST		BookingDetails	1612433526129	1612433529392	OK	 
USER	GeneralAdmission1	END	1612433529400
REQUEST		BookingDetails	1612433526159	1612433529400	OK	 
USER	GeneralAdmission1	END	1612433529401
REQUEST		BookingDetails	1612433526162	1612433529403	OK	 
REQUEST		BookingDetails	1612433526535	1612433529403	OK	 
REQUEST		BookingDetails	1612433526159	1612433529407	OK	 
REQUEST		BookingDetails	1612433526190	1612433529407	OK	 
REQUEST		BookingDetails	1612433526161	1612433529410	OK	 
USER	GeneralAdmission1	END	1612433531055
USER	GeneralAdmission1	END	1612433531071
USER	GeneralAdmission1	END	1612433531071
USER	GeneralAdmission1	END	1612433531071
USER	GeneralAdmission1	END	1612433531072
USER	GeneralAdmission1	END	1612433531896
USER	GeneralAdmission1	END	1612433532237
USER	GeneralAdmission1	END	1612433532533
USER	GeneralAdmission1	END	1612433532999
USER	GeneralAdmission1	END	1612433533000
USER	GeneralAdmission1	END	1612433533031
USER	GeneralAdmission1	END	1612433534037
USER	GeneralAdmission1	END	1612433534037
USER	GeneralAdmission1	END	1612433534052
USER	GeneralAdmission1	END	1612433534052
USER	GeneralAdmission1	END	1612433534054
USER	GeneralAdmission1	END	1612433534069
USER	GeneralAdmission1	END	1612433534409
REQUEST		ConfirmPayment	1612433527674	1612433535695	OK	 
REQUEST		ConfirmPayment	1612433527008	1612433535698	OK	 
REQUEST		ConfirmPayment	1612433527004	1612433535832	OK	 
REQUEST		ConfirmPayment	1612433527020	1612433535833	OK	 
REQUEST		ConfirmPayment	1612433527004	1612433535833	OK	 
REQUEST		ConfirmPayment	1612433527682	1612433535889	OK	 
REQUEST		ConfirmPayment	1612433527675	1612433535908	OK	 
REQUEST		ConfirmPayment	1612433527675	1612433535925	OK	 
REQUEST		ConfirmPayment	1612433527681	1612433535926	OK	 
REQUEST		ConfirmPayment	1612433527675	1612433535926	OK	 
REQUEST		ConfirmPayment	1612433527008	1612433535928	OK	 
REQUEST		ConfirmPayment	1612433527681	1612433535936	OK	 
REQUEST		ConfirmPayment	1612433527023	1612433535936	OK	 
REQUEST		ConfirmPayment	1612433527015	1612433535941	OK	 
REQUEST		ConfirmPayment	1612433527020	1612433535941	OK	 
REQUEST		ConfirmPayment	1612433528032	1612433536840	OK	 
REQUEST		ConfirmPayment	1612433526846	1612433536857	OK	 
REQUEST		ConfirmPayment	1612433529032	1612433536857	OK	 
REQUEST		ConfirmPayment	1612433527242	1612433536858	OK	 
REQUEST		ConfirmPayment	1612433527685	1612433536860	OK	 
REQUEST		ConfirmPayment	1612433527242	1612433536864	OK	 
REQUEST		ConfirmPayment	1612433527245	1612433536872	OK	 
REQUEST		ConfirmPayment	1612433529036	1612433536879	OK	 
REQUEST		ConfirmPayment	1612433529033	1612433536880	OK	 
REQUEST		ConfirmPayment	1612433529279	1612433536895	OK	 
REQUEST		ConfirmPayment	1612433529032	1612433536917	OK	 
REQUEST		ConfirmPayment	1612433529285	1612433536927	OK	 
REQUEST		ConfirmPayment	1612433529278	1612433536929	OK	 
REQUEST		ConfirmPayment	1612433529283	1612433536958	OK	 
REQUEST		ConfirmPayment	1612433528894	1612433536959	OK	 
REQUEST		ConfirmPayment	1612433529279	1612433536978	OK	 
REQUEST		ConfirmPayment	1612433529309	1612433536991	OK	 
REQUEST		ConfirmPayment	1612433529282	1612433537043	OK	 
REQUEST		ConfirmPayment	1612433529285	1612433537044	OK	 
REQUEST		ConfirmPayment	1612433526755	1612433537139	OK	 
REQUEST		ConfirmPayment	1612433525182	1612433537877	OK	 
REQUEST		ConfirmPayment	1612433525182	1612433537884	OK	 
REQUEST		ConfirmPayment	1612433529409	1612433537891	OK	 
REQUEST		ConfirmPayment	1612433529409	1612433537891	OK	 
REQUEST		ConfirmPayment	1612433525188	1612433537934	OK	 
REQUEST		ConfirmPayment	1612433525452	1612433537934	OK	 
REQUEST		ConfirmPayment	1612433525191	1612433537962	OK	 
REQUEST		ConfirmPayment	1612433529412	1612433537962	OK	 
REQUEST		ConfirmPayment	1612433525191	1612433538020	OK	 
REQUEST		ConfirmPayment	1612433525191	1612433538037	OK	 
REQUEST		ConfirmPayment	1612433526523	1612433538046	OK	 
REQUEST		ConfirmPayment	1612433526548	1612433538048	OK	 
REQUEST		ConfirmPayment	1612433526550	1612433538120	OK	 
REQUEST		ConfirmPayment	1612433526548	1612433538130	OK	 
REQUEST		ConfirmPayment	1612433526541	1612433538156	OK	 
REQUEST		ConfirmPayment	1612433527810	1612433538248	OK	 
REQUEST		ConfirmPayment	1612433527687	1612433538269	OK	 
REQUEST		ConfirmPayment	1612433529310	1612433538618	OK	 
REQUEST		ConfirmPayment	1612433529327	1612433538728	OK	 
REQUEST		ConfirmPayment	1612433529316	1612433538728	OK	 
REQUEST		ConfirmPayment	1612433529311	1612433538728	OK	 
REQUEST		ConfirmPayment	1612433529321	1612433538760	OK	 
REQUEST		ConfirmPayment	1612433529326	1612433538807	OK	 
REQUEST		ConfirmPayment	1612433529321	1612433538826	OK	 
REQUEST		ConfirmPayment	1612433529333	1612433538956	OK	 
REQUEST		ConfirmPayment	1612433529328	1612433538967	OK	 
REQUEST		ConfirmPayment	1612433529348	1612433538968	OK	 
REQUEST		ConfirmPayment	1612433529348	1612433539056	OK	 
REQUEST		ConfirmPayment	1612433529310	1612433539095	OK	 
REQUEST		ConfirmPayment	1612433529365	1612433539124	OK	 
REQUEST		ConfirmPayment	1612433529354	1612433539124	OK	 
REQUEST		ConfirmPayment	1612433529383	1612433539173	OK	 
REQUEST		ConfirmPayment	1612433529348	1612433539273	OK	 
REQUEST		ConfirmPayment	1612433529394	1612433539284	OK	 
REQUEST		ConfirmPayment	1612433529402	1612433539319	OK	 
REQUEST		ConfirmPayment	1612433529395	1612433539319	OK	 
REQUEST		ConfirmPayment	1612433529328	1612433539319	OK	 
REQUEST		ConfirmPayment	1612433526548	1612433539319	OK	 
REQUEST		ConfirmPayment	1612433527685	1612433539319	OK	 
REQUEST		ConfirmPayment	1612433529405	1612433539325	OK	 
REQUEST		ConfirmPayment	1612433529394	1612433539327	OK	 
REQUEST		ConfirmPayment	1612433529311	1612433540212	OK	 
REQUEST		ConfirmPayment	1612433529405	1612433540314	OK	 
USER	GeneralAdmission1	END	1612433541707
USER	GeneralAdmission1	END	1612433541709
USER	GeneralAdmission1	END	1612433541847
USER	GeneralAdmission1	END	1612433541847
USER	GeneralAdmission1	END	1612433541847
USER	GeneralAdmission1	END	1612433541894
USER	GeneralAdmission1	END	1612433541927
USER	GeneralAdmission1	END	1612433541943
USER	GeneralAdmission1	END	1612433541943
USER	GeneralAdmission1	END	1612433541943
USER	GeneralAdmission1	END	1612433541944
USER	GeneralAdmission1	END	1612433541944
USER	GeneralAdmission1	END	1612433541945
USER	GeneralAdmission1	END	1612433541961
USER	GeneralAdmission1	END	1612433541961
USER	GeneralAdmission1	END	1612433542850
USER	GeneralAdmission1	END	1612433542865
USER	GeneralAdmission1	END	1612433542865
USER	GeneralAdmission1	END	1612433542865
USER	GeneralAdmission1	END	1612433542866
USER	GeneralAdmission1	END	1612433542869
USER	GeneralAdmission1	END	1612433542882
USER	GeneralAdmission1	END	1612433542896
USER	GeneralAdmission1	END	1612433542897
USER	GeneralAdmission1	END	1612433542913
USER	GeneralAdmission1	END	1612433542929
USER	GeneralAdmission1	END	1612433542930
USER	GeneralAdmission1	END	1612433542931
USER	GeneralAdmission1	END	1612433542973
USER	GeneralAdmission1	END	1612433542974
USER	GeneralAdmission1	END	1612433542989
USER	GeneralAdmission1	END	1612433543005
USER	GeneralAdmission1	END	1612433543052
USER	GeneralAdmission1	END	1612433543052
USER	GeneralAdmission1	END	1612433543144
USER	GeneralAdmission1	END	1612433543887
USER	GeneralAdmission1	END	1612433543888
USER	GeneralAdmission1	END	1612433543903
USER	GeneralAdmission1	END	1612433543903
USER	GeneralAdmission1	END	1612433543949
USER	GeneralAdmission1	END	1612433543949
USER	GeneralAdmission1	END	1612433543980
USER	GeneralAdmission1	END	1612433543981
USER	GeneralAdmission1	END	1612433544027
USER	GeneralAdmission1	END	1612433544044
USER	GeneralAdmission1	END	1612433544060
USER	GeneralAdmission1	END	1612433544061
USER	GeneralAdmission1	END	1612433544137
USER	GeneralAdmission1	END	1612433544138
USER	GeneralAdmission1	END	1612433544169
USER	GeneralAdmission1	END	1612433544263
USER	GeneralAdmission1	END	1612433544280
USER	GeneralAdmission1	END	1612433544625
USER	GeneralAdmission1	END	1612433544732
USER	GeneralAdmission1	END	1612433544747
USER	GeneralAdmission1	END	1612433544747
USER	GeneralAdmission1	END	1612433544764
USER	GeneralAdmission1	END	1612433544825
USER	GeneralAdmission1	END	1612433544840
USER	GeneralAdmission1	END	1612433544966
USER	GeneralAdmission1	END	1612433544981
USER	GeneralAdmission1	END	1612433544981
USER	GeneralAdmission1	END	1612433545060
USER	GeneralAdmission1	END	1612433545106
USER	GeneralAdmission1	END	1612433545137
USER	GeneralAdmission1	END	1612433545138
USER	GeneralAdmission1	END	1612433545184
USER	GeneralAdmission1	END	1612433545279
USER	GeneralAdmission1	END	1612433545296
USER	GeneralAdmission1	END	1612433545328
USER	GeneralAdmission1	END	1612433545329
USER	GeneralAdmission1	END	1612433545331
USER	GeneralAdmission1	END	1612433545331
USER	GeneralAdmission1	END	1612433545331
USER	GeneralAdmission1	END	1612433545332
USER	GeneralAdmission1	END	1612433545333
USER	GeneralAdmission1	END	1612433546227
USER	GeneralAdmission1	END	1612433546321
