RUN	TimedTour1	timedtour1	1611854094769	 	3.5.0
USER	TimedTour1	START	1611854096618
REQUEST		request_0	1611854096655	1611854097027	OK	 
REQUEST		request_0 Redirect 1	1611854097069	1611854097758	OK	 
REQUEST		request_1	1611854099801	1611854099815	OK	 
REQUEST		request_1 Redirect 1	1611854099821	1611854099838	KO	status.find.in(200,201,202,203,204,205,206,207,208,209,304), found 405
REQUEST		request_6	1611854117850	1611854118695	OK	 
REQUEST		request_8	1611854118743	1611854118766	OK	 
REQUEST		request_7	1611854118748	1611854118857	OK	 
REQUEST		request_8	1611854118774	1611854119027	OK	 
REQUEST		request_9	1611854122044	1611854122269	OK	 
REQUEST		request_12	1611854122283	1611854122300	KO	status.find.in(200,201,202,203,204,205,206,207,208,209,304), found 401
REQUEST		request_13	1611854122278	1611854122312	KO	status.find.in(200,201,202,203,204,205,206,207,208,209,304), found 401
REQUEST		request_10	1611854122296	1611854122319	OK	 
REQUEST		request_11	1611854122288	1611854122332	OK	 
REQUEST		request_11	1611854122336	1611854122346	KO	status.find.in(200,201,202,203,204,205,206,207,208,209,304), found 405
REQUEST		request_14	1611854124360	1611854124364	OK	 
REQUEST		request_14 Redirect 1	1611854124367	1611854124371	KO	status.find.in(200,201,202,203,204,205,206,207,208,209,304), found 405
REQUEST		request_19	1611854126395	1611854126511	KO	status.find.in(200,201,202,203,204,205,206,207,208,209,304), found 404
REQUEST		request_32	1611854127529	1611854127732	OK	 
REQUEST		request_33	1611854127738	1611854127766	OK	 
REQUEST		request_34	1611854128777	1611854128791	OK	 
REQUEST		request_35	1611854128805	1611854128821	OK	 
REQUEST		request_36	1611854128813	1611854128829	OK	 
REQUEST		request_36	1611854128836	1611854129084	OK	 
REQUEST		request_37	1611854130102	1611854130116	OK	 
REQUEST		request_37 Redirect 1	1611854130122	1611854130128	KO	status.find.in(200,201,202,203,204,205,206,207,208,209,304), found 405
REQUEST		request_41	1611854131143	1611854131161	OK	 
USER	TimedTour1	END	1611854131171
