RUN	GeneralAdmission1	generaladmission1	1612441226139	 	3.5.0
USER	GeneralAdmission1	START	1612441227764
USER	GeneralAdmission1	START	1612441227767
USER	GeneralAdmission1	START	1612441227763
USER	GeneralAdmission1	START	1612441227759
USER	GeneralAdmission1	START	1612441227779
USER	GeneralAdmission1	START	1612441227760
USER	GeneralAdmission1	START	1612441227880
USER	GeneralAdmission1	START	1612441227768
USER	GeneralAdmission1	START	1612441227758
USER	GeneralAdmission1	START	1612441227878
USER	GeneralAdmission1	START	1612441227884
USER	GeneralAdmission1	START	1612441227879
USER	GeneralAdmission1	START	1612441227881
USER	GeneralAdmission1	START	1612441227886
USER	GeneralAdmission1	START	1612441227892
USER	GeneralAdmission1	START	1612441227884
USER	GeneralAdmission1	START	1612441227887
USER	GeneralAdmission1	START	1612441227887
USER	GeneralAdmission1	START	1612441227901
USER	GeneralAdmission1	START	1612441227896
USER	GeneralAdmission1	START	1612441227900
USER	GeneralAdmission1	START	1612441227898
USER	GeneralAdmission1	START	1612441227906
USER	GeneralAdmission1	START	1612441227902
USER	GeneralAdmission1	START	1612441227904
USER	GeneralAdmission1	START	1612441227909
USER	GeneralAdmission1	START	1612441227913
USER	GeneralAdmission1	START	1612441227916
USER	GeneralAdmission1	START	1612441227914
USER	GeneralAdmission1	START	1612441227917
USER	GeneralAdmission1	START	1612441227923
USER	GeneralAdmission1	START	1612441227921
USER	GeneralAdmission1	START	1612441227930
USER	GeneralAdmission1	START	1612441227921
USER	GeneralAdmission1	START	1612441227933
USER	GeneralAdmission1	START	1612441227934
USER	GeneralAdmission1	START	1612441227926
USER	GeneralAdmission1	START	1612441227937
USER	GeneralAdmission1	START	1612441227932
USER	GeneralAdmission1	START	1612441227931
USER	GeneralAdmission1	START	1612441227943
USER	GeneralAdmission1	START	1612441227950
USER	GeneralAdmission1	START	1612441227952
USER	GeneralAdmission1	START	1612441227945
USER	GeneralAdmission1	START	1612441227947
USER	GeneralAdmission1	START	1612441227948
USER	GeneralAdmission1	START	1612441227946
USER	GeneralAdmission1	START	1612441227954
USER	GeneralAdmission1	START	1612441227959
USER	GeneralAdmission1	START	1612441227965
USER	GeneralAdmission1	START	1612441227959
USER	GeneralAdmission1	START	1612441227958
USER	GeneralAdmission1	START	1612441227971
USER	GeneralAdmission1	START	1612441227965
USER	GeneralAdmission1	START	1612441227963
USER	GeneralAdmission1	START	1612441227966
USER	GeneralAdmission1	START	1612441227980
USER	GeneralAdmission1	START	1612441227974
USER	GeneralAdmission1	START	1612441227979
USER	GeneralAdmission1	START	1612441227974
USER	GeneralAdmission1	START	1612441227981
USER	GeneralAdmission1	START	1612441227986
USER	GeneralAdmission1	START	1612441227983
USER	GeneralAdmission1	START	1612441227991
USER	GeneralAdmission1	START	1612441227993
USER	GeneralAdmission1	START	1612441228003
USER	GeneralAdmission1	START	1612441227998
USER	GeneralAdmission1	START	1612441228001
USER	GeneralAdmission1	START	1612441227991
USER	GeneralAdmission1	START	1612441228002
USER	GeneralAdmission1	START	1612441228015
USER	GeneralAdmission1	START	1612441228008
USER	GeneralAdmission1	START	1612441228014
USER	GeneralAdmission1	START	1612441228021
USER	GeneralAdmission1	START	1612441228016
USER	GeneralAdmission1	START	1612441228022
USER	GeneralAdmission1	START	1612441228017
USER	GeneralAdmission1	START	1612441228019
USER	GeneralAdmission1	START	1612441228019
USER	GeneralAdmission1	START	1612441228023
USER	GeneralAdmission1	START	1612441228034
USER	GeneralAdmission1	START	1612441228028
USER	GeneralAdmission1	START	1612441228036
USER	GeneralAdmission1	START	1612441228034
USER	GeneralAdmission1	START	1612441228036
USER	GeneralAdmission1	START	1612441228037
USER	GeneralAdmission1	START	1612441228038
USER	GeneralAdmission1	START	1612441228039
USER	GeneralAdmission1	START	1612441228042
USER	GeneralAdmission1	START	1612441228051
USER	GeneralAdmission1	START	1612441228045
USER	GeneralAdmission1	START	1612441228054
USER	GeneralAdmission1	START	1612441228059
USER	GeneralAdmission1	START	1612441228067
USER	GeneralAdmission1	START	1612441228069
USER	GeneralAdmission1	START	1612441228060
USER	GeneralAdmission1	START	1612441228055
USER	GeneralAdmission1	START	1612441228072
USER	GeneralAdmission1	START	1612441228084
USER	GeneralAdmission1	START	1612441228086
REQUEST		GetToken	1612441227818	1612441229092	OK	 
REQUEST		GetToken	1612441227924	1612441229124	OK	 
REQUEST		GetToken	1612441228010	1612441229189	OK	 
REQUEST		GetToken	1612441227923	1612441229074	OK	 
REQUEST		GetToken	1612441227899	1612441229068	OK	 
REQUEST		GetToken	1612441227816	1612441229056	OK	 
REQUEST		GetToken	1612441227968	1612441229138	OK	 
REQUEST		GetToken	1612441227943	1612441229290	OK	 
REQUEST		GetToken	1612441227918	1612441229304	OK	 
REQUEST		GetToken	1612441227959	1612441229309	OK	 
REQUEST		GetToken	1612441228027	1612441229309	OK	 
REQUEST		GetToken	1612441227984	1612441229332	OK	 
REQUEST		GetToken	1612441227947	1612441229333	OK	 
REQUEST		GetToken	1612441228040	1612441229331	OK	 
REQUEST		GetToken	1612441227941	1612441229350	OK	 
REQUEST		GetToken	1612441227925	1612441229360	OK	 
REQUEST		GetToken	1612441228006	1612441229371	OK	 
REQUEST		GetToken	1612441227941	1612441229405	OK	 
REQUEST		GetToken	1612441227910	1612441229791	OK	 
REQUEST		GetToken	1612441227960	1612441229793	OK	 
REQUEST		GetToken	1612441227816	1612441229802	OK	 
REQUEST		GetToken	1612441228063	1612441229808	OK	 
REQUEST		GetToken	1612441227892	1612441229861	OK	 
REQUEST		GetToken	1612441227973	1612441229862	OK	 
REQUEST		GetToken	1612441227907	1612441229902	OK	 
REQUEST		GetToken	1612441227955	1612441229902	OK	 
REQUEST		GetToken	1612441227934	1612441229975	OK	 
REQUEST		GetToken	1612441227893	1612441230021	OK	 
REQUEST		GetToken	1612441227882	1612441230022	OK	 
REQUEST		GetToken	1612441227909	1612441230084	OK	 
REQUEST		GetToken	1612441227898	1612441230086	OK	 
REQUEST		GetToken	1612441227974	1612441230099	OK	 
REQUEST		GetToken	1612441227817	1612441230094	OK	 
REQUEST		GetToken	1612441227907	1612441230099	OK	 
REQUEST		GetToken	1612441227889	1612441230100	OK	 
REQUEST		GetToken	1612441227816	1612441230108	OK	 
REQUEST		GetToken	1612441227938	1612441230173	OK	 
REQUEST		GetToken	1612441227911	1612441230175	OK	 
REQUEST		GetToken	1612441227967	1612441230196	OK	 
REQUEST		GetToken	1612441227987	1612441230198	OK	 
REQUEST		GetToken	1612441228011	1612441230199	OK	 
REQUEST		GetToken	1612441228016	1612441230210	OK	 
REQUEST		GetToken	1612441227994	1612441230210	OK	 
REQUEST		GetToken	1612441228024	1612441230218	OK	 
REQUEST		GetToken	1612441228004	1612441230228	OK	 
REQUEST		GetToken	1612441227988	1612441230333	OK	 
REQUEST		GetToken	1612441227923	1612441230336	OK	 
REQUEST		GetToken	1612441227957	1612441230338	OK	 
REQUEST		GetToken	1612441227893	1612441230339	OK	 
REQUEST		GetToken	1612441227976	1612441230353	OK	 
REQUEST		GetToken	1612441227816	1612441230513	OK	 
REQUEST		GetToken	1612441228042	1612441230551	OK	 
REQUEST		GetToken	1612441228009	1612441230553	OK	 
REQUEST		GetToken	1612441227952	1612441230558	OK	 
REQUEST		GetToken	1612441228026	1612441230562	OK	 
REQUEST		GetToken	1612441228043	1612441230570	OK	 
REQUEST		GetToken	1612441228021	1612441230583	OK	 
REQUEST		GetToken	1612441227888	1612441230589	OK	 
REQUEST		GetToken	1612441227955	1612441230589	OK	 
REQUEST		GetToken	1612441227990	1612441230606	OK	 
REQUEST		GetToken	1612441228039	1612441230683	OK	 
REQUEST		GetToken	1612441227942	1612441230685	OK	 
REQUEST		GetToken	1612441228059	1612441230689	OK	 
REQUEST		GetToken	1612441228054	1612441230694	OK	 
REQUEST		GetToken	1612441227922	1612441230701	OK	 
REQUEST		GetToken	1612441228017	1612441230721	OK	 
REQUEST		GetToken	1612441228029	1612441230727	OK	 
REQUEST		GetToken	1612441227888	1612441230728	OK	 
REQUEST		GetToken	1612441228070	1612441230729	OK	 
REQUEST		GetToken	1612441228020	1612441230742	OK	 
REQUEST		GetToken	1612441227926	1612441230743	OK	 
REQUEST		GetToken	1612441228049	1612441230744	OK	 
REQUEST		GetToken	1612441227816	1612441230755	OK	 
REQUEST		GetToken	1612441228071	1612441230860	OK	 
REQUEST		GetToken	1612441227985	1612441230849	OK	 
REQUEST		GetToken	1612441228056	1612441230854	OK	 
REQUEST		GetToken	1612441228008	1612441230860	OK	 
REQUEST		GetToken	1612441228038	1612441230860	OK	 
REQUEST		GetToken	1612441228055	1612441230888	OK	 
REQUEST		GetToken	1612441227906	1612441230891	OK	 
REQUEST		GetToken	1612441227928	1612441230892	OK	 
REQUEST		GetToken	1612441227983	1612441230899	OK	 
REQUEST		GetToken	1612441227954	1612441230911	OK	 
REQUEST		GetToken	1612441228068	1612441230907	OK	 
REQUEST		GetToken	1612441228025	1612441230911	OK	 
REQUEST		GetToken	1612441227972	1612441230922	OK	 
REQUEST		GetToken	1612441228048	1612441230929	OK	 
REQUEST		GetToken	1612441227896	1612441230939	OK	 
REQUEST		GetToken	1612441228067	1612441230940	OK	 
REQUEST		GetToken	1612441227913	1612441230946	OK	 
REQUEST		GetToken	1612441228079	1612441230947	OK	 
REQUEST		GetToken	1612441227939	1612441230957	OK	 
REQUEST		GetToken	1612441228086	1612441230957	OK	 
REQUEST		GetToken	1612441227952	1612441230962	OK	 
REQUEST		GetToken	1612441227969	1612441230971	OK	 
REQUEST		GetToken	1612441228007	1612441230975	OK	 
REQUEST		GetToken	1612441228024	1612441230978	OK	 
REQUEST		GetToken	1612441228040	1612441230985	OK	 
REQUEST		GetToken	1612441228087	1612441230989	OK	 
REQUEST		GetToken	1612441227816	1612441230993	OK	 
REQUEST		AddToCart	1612441234308	1612441234859	OK	 
REQUEST		AddToCart	1612441234308	1612441234859	OK	 
REQUEST		AddToCart	1612441234306	1612441234858	OK	 
REQUEST		AddToCart	1612441234308	1612441234860	OK	 
REQUEST		AddToCart	1612441234302	1612441234860	OK	 
REQUEST		AddToCart	1612441234306	1612441234860	OK	 
REQUEST		AddToCart	1612441234300	1612441234860	OK	 
REQUEST		AddToCart	1612441234370	1612441234866	OK	 
REQUEST		AddToCart	1612441234384	1612441234866	OK	 
REQUEST		AddToCart	1612441234322	1612441234869	OK	 
REQUEST		AddToCart	1612441234354	1612441234870	OK	 
REQUEST		AddToCart	1612441234309	1612441234871	OK	 
REQUEST		AddToCart	1612441234337	1612441234873	OK	 
REQUEST		AddToCart	1612441234414	1612441234874	OK	 
REQUEST		AddToCart	1612441234354	1612441234877	OK	 
REQUEST		AddToCart	1612441234337	1612441234877	OK	 
REQUEST		AddToCart	1612441234384	1612441234883	OK	 
REQUEST		AddToCart	1612441234353	1612441234883	OK	 
REQUEST		AddToCart	1612441234803	1612441235537	OK	 
REQUEST		AddToCart	1612441234822	1612441235539	OK	 
REQUEST		AddToCart	1612441234804	1612441235540	OK	 
REQUEST		AddToCart	1612441234822	1612441235540	OK	 
REQUEST		AddToCart	1612441234866	1612441235981	OK	 
REQUEST		AddToCart	1612441234876	1612441236051	OK	 
REQUEST		AddToCart	1612441234990	1612441236053	OK	 
REQUEST		AddToCart	1612441234912	1612441236054	OK	 
REQUEST		AddToCart	1612441235037	1612441236057	OK	 
REQUEST		AddToCart	1612441234912	1612441236057	OK	 
REQUEST		AddToCart	1612441235037	1612441236057	OK	 
REQUEST		AddToCart	1612441235616	1612441236059	OK	 
REQUEST		AddToCart	1612441235211	1612441236062	OK	 
REQUEST		AddToCart	1612441235194	1612441236062	OK	 
REQUEST		AddToCart	1612441235211	1612441236064	OK	 
REQUEST		AddToCart	1612441235693	1612441236067	OK	 
REQUEST		AddToCart	1612441235120	1612441236073	OK	 
REQUEST		AddToCart	1612441235120	1612441236073	OK	 
REQUEST		AddToCart	1612441235100	1612441236073	OK	 
REQUEST		AddToCart	1612441235134	1612441236074	OK	 
REQUEST		AddToCart	1612441235120	1612441236074	OK	 
REQUEST		AddToCart	1612441235119	1612441236078	OK	 
REQUEST		AddToCart	1612441235103	1612441236080	OK	 
REQUEST		AddToCart	1612441235711	1612441236081	OK	 
REQUEST		AddToCart	1612441235211	1612441236084	OK	 
REQUEST		AddToCart	1612441235193	1612441236084	OK	 
REQUEST		AddToCart	1612441235242	1612441236092	OK	 
REQUEST		AddToCart	1612441235226	1612441236092	OK	 
REQUEST		AddToCart	1612441235226	1612441236095	OK	 
REQUEST		AddToCart	1612441235228	1612441236098	OK	 
REQUEST		AddToCart	1612441235711	1612441236273	OK	 
REQUEST		AddToCart	1612441235741	1612441236485	OK	 
REQUEST		AddToCart	1612441235759	1612441236486	OK	 
REQUEST		AddToCart	1612441235365	1612441236490	OK	 
REQUEST		AddToCart	1612441235711	1612441236491	OK	 
REQUEST		AddToCart	1612441235742	1612441236494	OK	 
REQUEST		AddToCart	1612441235713	1612441236598	OK	 
REQUEST		AddToCart	1612441235365	1612441236657	OK	 
REQUEST		AddToCart	1612441235932	1612441236658	OK	 
REQUEST		AddToCart	1612441235567	1612441236661	OK	 
REQUEST		AddToCart	1612441235566	1612441236661	OK	 
REQUEST		AddToCart	1612441235759	1612441236663	OK	 
REQUEST		AddToCart	1612441235743	1612441236664	OK	 
REQUEST		AddToCart	1612441235366	1612441236665	OK	 
REQUEST		AddToCart	1612441235584	1612441236673	OK	 
REQUEST		AddToCart	1612441235534	1612441236673	OK	 
REQUEST		AddToCart	1612441235587	1612441236678	OK	 
REQUEST		AddToCart	1612441235584	1612441236680	OK	 
REQUEST		AddToCart	1612441235759	1612441236697	OK	 
REQUEST		AddToCart	1612441235883	1612441236725	OK	 
REQUEST		AddToCart	1612441235348	1612441236727	OK	 
REQUEST		AddToCart	1612441235602	1612441236727	OK	 
REQUEST		AddToCart	1612441235365	1612441236738	OK	 
REQUEST		AddToCart	1612441235600	1612441236841	OK	 
REQUEST		AddToCart	1612441235600	1612441236843	OK	 
REQUEST		AddToCart	1612441235998	1612441236863	OK	 
REQUEST		AddToCart	1612441235948	1612441236886	OK	 
REQUEST		AddToCart	1612441235949	1612441236885	OK	 
REQUEST		AddToCart	1612441235932	1612441236886	OK	 
REQUEST		AddToCart	1612441235948	1612441236893	OK	 
REQUEST		AddToCart	1612441235981	1612441236894	OK	 
REQUEST		AddToCart	1612441235963	1612441236896	OK	 
REQUEST		AddToCart	1612441235963	1612441236897	OK	 
REQUEST		AddToCart	1612441235884	1612441236916	OK	 
REQUEST		AddToCart	1612441235918	1612441236917	OK	 
REQUEST		AddToCart	1612441235918	1612441236917	OK	 
REQUEST		AddToCart	1612441235906	1612441236920	OK	 
REQUEST		AddToCart	1612441235908	1612441236922	OK	 
REQUEST		AddToCart	1612441235884	1612441236926	OK	 
REQUEST		AddToCart	1612441235902	1612441236927	OK	 
REQUEST		AddToCart	1612441235965	1612441236927	OK	 
REQUEST		AddToCart	1612441235902	1612441236930	OK	 
REQUEST		AddToCart	1612441235965	1612441236931	OK	 
REQUEST		AddToCart	1612441235923	1612441236932	OK	 
REQUEST		AddToCart	1612441235997	1612441236935	OK	 
REQUEST		AddToCart	1612441235932	1612441236943	OK	 
REQUEST		AddToCart	1612441235979	1612441236945	OK	 
REQUEST		AddToCart	1612441235774	1612441236950	OK	 
REQUEST		AddToCart	1612441235994	1612441236950	OK	 
REQUEST		AddToCart	1612441235996	1612441236956	OK	 
REQUEST		AddToCart	1612441235983	1612441236958	OK	 
REQUEST		AddToCart	1612441235742	1612441237048	OK	 
REQUEST		AddToCart2	1612441237874	1612441237988	OK	 
REQUEST		AddToCart2	1612441237875	1612441238006	OK	 
REQUEST		AddToCart2	1612441237875	1612441238049	OK	 
REQUEST		AddToCart2	1612441237876	1612441238049	OK	 
REQUEST		AddToCart2	1612441237876	1612441238049	OK	 
REQUEST		AddToCart2	1612441237876	1612441238049	OK	 
REQUEST		AddToCart2	1612441237878	1612441238050	OK	 
REQUEST		AddToCart2	1612441237877	1612441238055	OK	 
REQUEST		AddToCart2	1612441237880	1612441238057	OK	 
REQUEST		AddToCart2	1612441237875	1612441238058	OK	 
REQUEST		AddToCart2	1612441237874	1612441238058	OK	 
REQUEST		AddToCart2	1612441237882	1612441238065	OK	 
REQUEST		AddToCart2	1612441237879	1612441238065	OK	 
REQUEST		AddToCart2	1612441237879	1612441238068	OK	 
REQUEST		AddToCart2	1612441237894	1612441238120	OK	 
REQUEST		AddToCart2	1612441237892	1612441238132	OK	 
REQUEST		AddToCart2	1612441237892	1612441238134	OK	 
REQUEST		AddToCart2	1612441237881	1612441238136	OK	 
REQUEST		AddToCart2	1612441238546	1612441238628	OK	 
REQUEST		AddToCart2	1612441238547	1612441238635	OK	 
REQUEST		AddToCart2	1612441238546	1612441238638	OK	 
REQUEST		AddToCart2	1612441238546	1612441238644	OK	 
REQUEST		AddToCart2	1612441238985	1612441239063	OK	 
REQUEST		AddToCart2	1612441239062	1612441239125	OK	 
REQUEST		AddToCart2	1612441239061	1612441239176	OK	 
REQUEST		AddToCart2	1612441239066	1612441239214	OK	 
REQUEST		AddToCart2	1612441239062	1612441239214	OK	 
REQUEST		AddToCart2	1612441239064	1612441239233	OK	 
REQUEST		AddToCart2	1612441239080	1612441239248	OK	 
REQUEST		AddToCart2	1612441239080	1612441239277	OK	 
REQUEST		AddToCart2	1612441239080	1612441239283	OK	 
REQUEST		AddToCart2	1612441239081	1612441239369	OK	 
REQUEST		AddToCart2	1612441239083	1612441239371	OK	 
REQUEST		AddToCart2	1612441239083	1612441239377	OK	 
REQUEST		AddToCart2	1612441239083	1612441239388	OK	 
REQUEST		AddToCart2	1612441239080	1612441239393	OK	 
REQUEST		AddToCart2	1612441239085	1612441239440	OK	 
REQUEST		AddToCart2	1612441239096	1612441239443	OK	 
REQUEST		AddToCart2	1612441239098	1612441239444	OK	 
REQUEST		AddToCart2	1612441239087	1612441239444	OK	 
REQUEST		AddToCart2	1612441239096	1612441239447	OK	 
REQUEST		AddToCart2	1612441239101	1612441239448	OK	 
REQUEST		AddToCart2	1612441239096	1612441239448	OK	 
REQUEST		AddToCart2	1612441239099	1612441239451	OK	 
REQUEST		AddToCart2	1612441239098	1612441239451	OK	 
REQUEST		AddToCart2	1612441239103	1612441239455	OK	 
REQUEST		AddToCart2	1612441239104	1612441239458	OK	 
REQUEST		AddToCart2	1612441239096	1612441239464	OK	 
REQUEST		AddToCart2	1612441239313	1612441239471	OK	 
REQUEST		AddToCart2	1612441239494	1612441239576	OK	 
REQUEST		AddToCart2	1612441239493	1612441239594	OK	 
REQUEST		AddToCart2	1612441239510	1612441239594	OK	 
REQUEST		AddToCart2	1612441239495	1612441239598	OK	 
REQUEST		AddToCart2	1612441239510	1612441239622	OK	 
REQUEST		AddToCart2	1612441239603	1612441239831	OK	 
REQUEST		AddToCart2	1612441239662	1612441239831	OK	 
REQUEST		AddToCart2	1612441239679	1612441239831	OK	 
REQUEST		AddToCart2	1612441239679	1612441239832	OK	 
REQUEST		AddToCart2	1612441239679	1612441239832	OK	 
REQUEST		AddToCart2	1612441239709	1612441239832	OK	 
REQUEST		AddToCart2	1612441239679	1612441239832	OK	 
REQUEST		AddToCart2	1612441239685	1612441239840	OK	 
REQUEST		AddToCart2	1612441239679	1612441239840	OK	 
REQUEST		AddToCart2	1612441239679	1612441239840	OK	 
REQUEST		AddToCart2	1612441239687	1612441239844	OK	 
REQUEST		AddToCart2	1612441239683	1612441239844	OK	 
REQUEST		AddToCart2	1612441239685	1612441239846	OK	 
REQUEST		AddToCart2	1612441239742	1612441239848	OK	 
REQUEST		AddToCart2	1612441239741	1612441239926	OK	 
REQUEST		AddToCart2	1612441239742	1612441239926	OK	 
REQUEST		AddToCart2	1612441239760	1612441239926	OK	 
REQUEST		AddToCart2	1612441239853	1612441239935	OK	 
REQUEST		AddToCart2	1612441239853	1612441239963	OK	 
REQUEST		AddToCart2	1612441239869	1612441239966	OK	 
REQUEST		AddToCart2	1612441239901	1612441240025	OK	 
REQUEST		AddToCart2	1612441239899	1612441240025	OK	 
REQUEST		AddToCart2	1612441239899	1612441240025	OK	 
REQUEST		AddToCart2	1612441239900	1612441240058	OK	 
REQUEST		AddToCart2	1612441239932	1612441240081	OK	 
REQUEST		AddToCart2	1612441239932	1612441240081	OK	 
REQUEST		AddToCart2	1612441239932	1612441240116	OK	 
REQUEST		AddToCart2	1612441239900	1612441240116	OK	 
REQUEST		AddToCart2	1612441239898	1612441240118	OK	 
REQUEST		AddToCart2	1612441239933	1612441240120	OK	 
REQUEST		AddToCart2	1612441239934	1612441240120	OK	 
REQUEST		AddToCart2	1612441239932	1612441240122	OK	 
REQUEST		AddToCart2	1612441239901	1612441240123	OK	 
REQUEST		AddToCart2	1612441239935	1612441240126	OK	 
REQUEST		AddToCart2	1612441239947	1612441240126	OK	 
REQUEST		AddToCart2	1612441239963	1612441240126	OK	 
REQUEST		AddToCart2	1612441239937	1612441240130	OK	 
REQUEST		AddToCart2	1612441239947	1612441240139	OK	 
REQUEST		AddToCart2	1612441239947	1612441240139	OK	 
REQUEST		AddToCart2	1612441239947	1612441240142	OK	 
REQUEST		AddToCart2	1612441239963	1612441240143	OK	 
REQUEST		AddToCart2	1612441239949	1612441240144	OK	 
REQUEST		AddToCart2	1612441239948	1612441240147	OK	 
REQUEST		AddToCart2	1612441239964	1612441240151	OK	 
REQUEST		AddToCart2	1612441240053	1612441240200	OK	 
REQUEST		AddToCart2	1612441239968	1612441240206	OK	 
REQUEST		CreateGeneral	1612441241078	1612441241468	OK	 
REQUEST		CreateGeneral	1612441241014	1612441241469	OK	 
REQUEST		CreateGeneral	1612441241078	1612441241476	OK	 
REQUEST		CreateGeneral	1612441241080	1612441241693	OK	 
REQUEST		CreateGeneral	1612441241028	1612441241697	OK	 
REQUEST		CreateGeneral	1612441241082	1612441241697	OK	 
REQUEST		CreateGeneral	1612441241081	1612441241700	OK	 
REQUEST		CreateGeneral	1612441241058	1612441241755	OK	 
REQUEST		CreateGeneral	1612441241083	1612441241757	OK	 
REQUEST		CreateGeneral	1612441241151	1612441241770	OK	 
REQUEST		CreateGeneral	1612441241153	1612441241785	OK	 
REQUEST		CreateGeneral	1612441241169	1612441241844	OK	 
REQUEST		CreateGeneral	1612441241171	1612441241854	OK	 
REQUEST		CreateGeneral	1612441241639	1612441241868	OK	 
REQUEST		CreateGeneral	1612441241655	1612441241883	OK	 
REQUEST		CreateGeneral	1612441241655	1612441241937	OK	 
REQUEST		CreateGeneral	1612441241655	1612441241938	OK	 
REQUEST		CreateGeneral	1612441241080	1612441242007	OK	 
REQUEST		CreateGeneral	1612441241079	1612441242022	OK	 
REQUEST		CreateGeneral	1612441241078	1612441242035	OK	 
REQUEST		CreateGeneral	1612441241077	1612441242069	OK	 
REQUEST		CreateGeneral	1612441242090	1612441242356	OK	 
REQUEST		CreateGeneral	1612441242152	1612441242374	OK	 
REQUEST		CreateGeneral	1612441242199	1612441242486	OK	 
REQUEST		CreateGeneral	1612441242232	1612441242512	OK	 
REQUEST		CreateGeneral	1612441242232	1612441242546	OK	 
REQUEST		CreateGeneral	1612441242261	1612441242586	OK	 
REQUEST		CreateGeneral	1612441242279	1612441242596	OK	 
REQUEST		CreateGeneral	1612441242310	1612441242606	OK	 
REQUEST		CreateGeneral	1612441242309	1612441242812	OK	 
REQUEST		CreateGeneral	1612441241078	1612441242867	OK	 
REQUEST		CreateGeneral	1612441242390	1612441242916	OK	 
REQUEST		CreateGeneral	1612441242406	1612441242938	OK	 
REQUEST		CreateGeneral	1612441242390	1612441243004	OK	 
REQUEST		CreateGeneral	1612441242420	1612441243040	OK	 
REQUEST		CreateGeneral	1612441242470	1612441243048	KO	status.find.is(200), but actually found 400
REQUEST		CreateGeneral	1612441242420	1612441243340	OK	 
REQUEST		CreateGeneral	1612441242450	1612441243742	OK	 
REQUEST		CreateGeneral	1612441242468	1612441243940	OK	 
REQUEST		CreateGeneral	1612441242468	1612441244041	OK	 
REQUEST		CreateGeneral	1612441242469	1612441244055	OK	 
REQUEST		CreateGeneral	1612441242487	1612441244085	OK	 
REQUEST		CreateGeneral	1612441242485	1612441244085	OK	 
REQUEST		CreateGeneral	1612441242489	1612441244085	OK	 
REQUEST		CreateGeneral	1612441242471	1612441244089	OK	 
REQUEST		CreateGeneral	1612441242485	1612441244089	OK	 
REQUEST		CreateGeneral	1612441242495	1612441244092	OK	 
REQUEST		CreateGeneral	1612441242499	1612441244109	OK	 
REQUEST		CreateGeneral	1612441242492	1612441244118	OK	 
REQUEST		CreateGeneral	1612441242592	1612441244169	OK	 
REQUEST		CreateGeneral	1612441242612	1612441244169	OK	 
REQUEST		CreateGeneral	1612441242613	1612441244178	OK	 
REQUEST		CreateGeneral	1612441242856	1612441244368	KO	status.find.is(200), but actually found 400
REQUEST		CreateGeneral	1612441242878	1612441244489	KO	status.find.is(200), but actually found 400
REQUEST		CreateGeneral	1612441242856	1612441244503	OK	 
REQUEST		CreateGeneral	1612441242612	1612441244534	OK	 
REQUEST		CreateGeneral	1612441242640	1612441244542	OK	 
REQUEST		CreateGeneral	1612441242855	1612441244668	OK	 
REQUEST		CreateGeneral	1612441242862	1612441244668	OK	 
REQUEST		CreateGeneral	1612441242856	1612441244671	OK	 
REQUEST		CreateGeneral	1612441242856	1612441244733	OK	 
REQUEST		CreateGeneral	1612441242873	1612441244733	OK	 
REQUEST		CreateGeneral	1612441242860	1612441244748	OK	 
REQUEST		CreateGeneral	1612441242875	1612441244755	OK	 
REQUEST		CreateGeneral	1612441242873	1612441244757	OK	 
REQUEST		CreateGeneral	1612441242858	1612441244763	OK	 
REQUEST		CreateGeneral	1612441242873	1612441244762	OK	 
REQUEST		CreateGeneral	1612441242873	1612441244764	OK	 
REQUEST		CreateGeneral	1612441242965	1612441244799	OK	 
REQUEST		CreateGeneral	1612441243060	1612441244800	OK	 
REQUEST		CreateGeneral	1612441242965	1612441244800	OK	 
REQUEST		CreateGeneral	1612441242950	1612441244800	OK	 
REQUEST		CreateGeneral	1612441242940	1612441244801	OK	 
REQUEST		CreateGeneral	1612441242995	1612441244807	OK	 
REQUEST		CreateGeneral	1612441243060	1612441244807	OK	 
REQUEST		CreateGeneral	1612441243137	1612441244807	OK	 
REQUEST		CreateGeneral	1612441243060	1612441244811	OK	 
REQUEST		CreateGeneral	1612441242994	1612441244812	OK	 
REQUEST		CreateGeneral	1612441243088	1612441244815	OK	 
REQUEST		CreateGeneral	1612441243136	1612441244823	OK	 
REQUEST		CreateGeneral	1612441243105	1612441244824	OK	 
REQUEST		CreateGeneral	1612441243135	1612441244826	OK	 
REQUEST		CreateGeneral	1612441243141	1612441244832	OK	 
REQUEST		CreateGeneral	1612441243139	1612441244951	OK	 
REQUEST		CreateGeneral	1612441243137	1612441244952	OK	 
REQUEST		CreateGeneral	1612441243154	1612441244952	OK	 
REQUEST		CreateGeneral	1612441243154	1612441244953	OK	 
REQUEST		CreateGeneral	1612441243155	1612441244957	OK	 
REQUEST		CreateGeneral	1612441243156	1612441244959	OK	 
REQUEST		CreateGeneral	1612441243157	1612441244963	OK	 
REQUEST		CreateGeneral	1612441243160	1612441245002	OK	 
REQUEST		CreateGeneral	1612441243158	1612441245004	OK	 
REQUEST		CreateGeneral	1612441243171	1612441245025	OK	 
REQUEST		CreateGeneral	1612441243170	1612441245063	OK	 
REQUEST		CreateGeneral	1612441243231	1612441245102	OK	 
REQUEST		CreateGeneral	1612441243232	1612441245123	OK	 
REQUEST		CreateGeneral	1612441243170	1612441245124	OK	 
REQUEST		CreateGeneral	1612441244370	1612441245141	OK	 
REQUEST		CreateGeneral	1612441244491	1612441245197	OK	 
REQUEST		BookingDetails	1612441245480	1612441245615	OK	 
REQUEST		BookingDetails	1612441245481	1612441245615	OK	 
REQUEST		CreateGeneral	1612441243061	1612441245652	OK	 
REQUEST		BookingDetails	1612441245479	1612441245661	OK	 
REQUEST		BookingDetails	1612441245697	1612441245797	OK	 
REQUEST		CreateGeneral	1612441243139	1612441246180	OK	 
REQUEST		BookingDetails	1612441245729	1612441246191	OK	 
REQUEST		ConfirmPayment	1612441245618	1612441246523	OK	 
REQUEST		BookingDetails	1612441245730	1612441246525	OK	 
REQUEST		BookingDetails	1612441245729	1612441246527	OK	 
REQUEST		ConfirmPayment	1612441245618	1612441246532	OK	 
REQUEST		ConfirmPayment	1612441245663	1612441246539	OK	 
REQUEST		CreateGeneral	1612441243105	1612441246555	OK	 
REQUEST		BookingDetails	1612441245759	1612441246569	OK	 
REQUEST		BookingDetails	1612441245777	1612441246682	OK	 
REQUEST		CreateGeneral	1612441243170	1612441246681	OK	 
REQUEST		BookingDetails	1612441245793	1612441246851	OK	 
REQUEST		ConfirmPayment	1612441245799	1612441246903	OK	 
REQUEST		BookingDetails	1612441245870	1612441246904	OK	 
REQUEST		BookingDetails	1612441245777	1612441246928	OK	 
REQUEST		BookingDetails	1612441245948	1612441247028	OK	 
REQUEST		BookingDetails	1612441245901	1612441247028	OK	 
REQUEST		BookingDetails	1612441245853	1612441247043	OK	 
REQUEST		BookingDetails	1612441246010	1612441247048	OK	 
REQUEST		BookingDetails	1612441245946	1612441247065	OK	 
REQUEST		BookingDetails	1612441245886	1612441247069	OK	 
REQUEST		BookingDetails	1612441246040	1612441247081	OK	 
REQUEST		BookingDetails	1612441246087	1612441247582	OK	 
REQUEST		BookingDetails	1612441246041	1612441247582	OK	 
REQUEST		ConfirmPayment	1612441246192	1612441247608	OK	 
REQUEST		BookingDetails	1612441246366	1612441247652	OK	 
REQUEST		BookingDetails	1612441246383	1612441247773	OK	 
REQUEST		BookingDetails	1612441246490	1612441247778	OK	 
REQUEST		BookingDetails	1612441246521	1612441247845	OK	 
REQUEST		BookingDetails	1612441246554	1612441247845	OK	 
REQUEST		ConfirmPayment	1612441246529	1612441247845	OK	 
REQUEST		ConfirmPayment	1612441246571	1612441247851	OK	 
REQUEST		ConfirmPayment	1612441246527	1612441247944	OK	 
REQUEST		BookingDetails	1612441246614	1612441247947	OK	 
REQUEST		BookingDetails	1612441246597	1612441247947	OK	 
REQUEST		ConfirmPayment	1612441246684	1612441247947	OK	 
REQUEST		BookingDetails	1612441246831	1612441247949	OK	 
REQUEST		BookingDetails	1612441246629	1612441248118	OK	 
REQUEST		ConfirmPayment	1612441246853	1612441248127	OK	 
REQUEST		BookingDetails	1612441246877	1612441248132	OK	 
REQUEST		ConfirmPayment	1612441246906	1612441248132	OK	 
REQUEST		ConfirmPayment	1612441246929	1612441248135	OK	 
REQUEST		BookingDetails	1612441246956	1612441248173	OK	 
REQUEST		BookingDetails	1612441247019	1612441248228	OK	 
REQUEST		BookingDetails	1612441246925	1612441248624	OK	 
REQUEST		ConfirmPayment	1612441247045	1612441248753	OK	 
REQUEST		ConfirmPayment	1612441247032	1612441248753	OK	 
REQUEST		BookingDetails	1612441247053	1612441248756	OK	 
REQUEST		ConfirmPayment	1612441247050	1612441248820	OK	 
REQUEST		ConfirmPayment	1612441247070	1612441248820	OK	 
REQUEST		ConfirmPayment	1612441247071	1612441248836	OK	 
REQUEST		ConfirmPayment	1612441247086	1612441248837	OK	 
REQUEST		ConfirmPayment	1612441247031	1612441248837	OK	 
REQUEST		BookingDetails	1612441247347	1612441249029	OK	 
USER	GeneralAdmission1	END	1612441249541
USER	GeneralAdmission1	END	1612441249541
USER	GeneralAdmission1	END	1612441249542
USER	GeneralAdmission1	END	1612441249913
REQUEST		ConfirmPayment	1612441247584	1612441249924	OK	 
REQUEST		ConfirmPayment	1612441247775	1612441249930	OK	 
REQUEST		BookingDetails	1612441248063	1612441249930	OK	 
REQUEST		ConfirmPayment	1612441247584	1612441249974	OK	 
REQUEST		ConfirmPayment	1612441248239	1612441250198	OK	 
REQUEST		ConfirmPayment	1612441247654	1612441250197	OK	 
REQUEST		ConfirmPayment	1612441247779	1612441250198	OK	 
REQUEST		BookingDetails	1612441247751	1612441250202	OK	 
REQUEST		BookingDetails	1612441248093	1612441250205	OK	 
REQUEST		ConfirmPayment	1612441247848	1612441250207	OK	 
REQUEST		ConfirmPayment	1612441247951	1612441250213	OK	 
REQUEST		ConfirmPayment	1612441247849	1612441250213	OK	 
REQUEST		ConfirmPayment	1612441247952	1612441250215	OK	 
REQUEST		ConfirmPayment	1612441247952	1612441250216	OK	 
REQUEST		BookingDetails	1612441248046	1612441250219	OK	 
REQUEST		BookingDetails	1612441247955	1612441250221	OK	 
REQUEST		BookingDetails	1612441248095	1612441250245	OK	 
USER	GeneralAdmission1	END	1612441250619
REQUEST		BookingDetails	1612441248092	1612441250760	OK	 
USER	GeneralAdmission1	END	1612441250865
USER	GeneralAdmission1	END	1612441250865
USER	GeneralAdmission1	END	1612441250957
USER	GeneralAdmission1	END	1612441250958
REQUEST		BookingDetails	1612441248094	1612441251112	OK	 
REQUEST		BookingDetails	1612441248682	1612441251113	OK	 
USER	GeneralAdmission1	END	1612441251145
USER	GeneralAdmission1	END	1612441251145
USER	GeneralAdmission1	END	1612441251146
REQUEST		BookingDetails	1612441248683	1612441251192	OK	 
REQUEST		ConfirmPayment	1612441248120	1612441251193	OK	 
REQUEST		ConfirmPayment	1612441248175	1612441251196	OK	 
REQUEST		BookingDetails	1612441248097	1612441251196	OK	 
REQUEST		BookingDetails	1612441248125	1612441251199	OK	 
REQUEST		ConfirmPayment	1612441248134	1612441251201	OK	 
REQUEST		BookingDetails	1612441248096	1612441251203	OK	 
REQUEST		BookingDetails	1612441248126	1612441251209	OK	 
REQUEST		BookingDetails	1612441248188	1612441251369	OK	 
REQUEST		BookingDetails	1612441248825	1612441251368	OK	 
REQUEST		BookingDetails	1612441248683	1612441251367	OK	 
REQUEST		BookingDetails	1612441248825	1612441251370	OK	 
REQUEST		BookingDetails	1612441248811	1612441251370	OK	 
REQUEST		BookingDetails	1612441248779	1612441251370	OK	 
REQUEST		BookingDetails	1612441248809	1612441251381	OK	 
REQUEST		BookingDetails	1612441248778	1612441251381	OK	 
REQUEST		BookingDetails	1612441248808	1612441251381	OK	 
REQUEST		BookingDetails	1612441248809	1612441251381	OK	 
REQUEST		ConfirmPayment	1612441248626	1612441251386	OK	 
REQUEST		BookingDetails	1612441248190	1612441251389	OK	 
REQUEST		BookingDetails	1612441248827	1612441251390	OK	 
REQUEST		BookingDetails	1612441248188	1612441251392	OK	 
REQUEST		BookingDetails	1612441248809	1612441251404	OK	 
REQUEST		BookingDetails	1612441248511	1612441251417	OK	 
REQUEST		BookingDetails	1612441248542	1612441251419	OK	 
REQUEST		BookingDetails	1612441248745	1612441251510	OK	 
REQUEST		BookingDetails	1612441248559	1612441251510	OK	 
REQUEST		BookingDetails	1612441248763	1612441251638	OK	 
REQUEST		BookingDetails	1612441248778	1612441251639	OK	 
REQUEST		BookingDetails	1612441248756	1612441251639	OK	 
REQUEST		BookingDetails	1612441248778	1612441251639	OK	 
REQUEST		BookingDetails	1612441248746	1612441251640	OK	 
REQUEST		BookingDetails	1612441248826	1612441251743	OK	 
REQUEST		BookingDetails	1612441248809	1612441251748	OK	 
USER	GeneralAdmission1	END	1612441251770
USER	GeneralAdmission1	END	1612441251771
USER	GeneralAdmission1	END	1612441251831
USER	GeneralAdmission1	END	1612441251832
USER	GeneralAdmission1	END	1612441251848
USER	GeneralAdmission1	END	1612441251848
USER	GeneralAdmission1	END	1612441251848
REQUEST		BookingDetails	1612441248842	1612441251853	OK	 
REQUEST		BookingDetails	1612441248827	1612441251866	OK	 
REQUEST		BookingDetails	1612441248842	1612441251868	OK	 
REQUEST		BookingDetails	1612441248844	1612441251869	OK	 
REQUEST		BookingDetails	1612441248843	1612441251873	OK	 
REQUEST		BookingDetails	1612441248964	1612441251873	OK	 
REQUEST		BookingDetails	1612441248963	1612441251884	OK	 
REQUEST		BookingDetails	1612441248965	1612441251884	OK	 
REQUEST		BookingDetails	1612441248967	1612441252241	OK	 
REQUEST		BookingDetails	1612441249044	1612441252241	OK	 
REQUEST		BookingDetails	1612441249137	1612441252241	OK	 
REQUEST		BookingDetails	1612441249012	1612441252246	OK	 
REQUEST		BookingDetails	1612441248969	1612441252254	OK	 
REQUEST		BookingDetails	1612441249072	1612441252254	OK	 
REQUEST		ConfirmPayment	1612441248758	1612441252254	OK	 
REQUEST		BookingDetails	1612441248968	1612441252259	OK	 
REQUEST		ConfirmPayment	1612441249030	1612441252333	OK	 
REQUEST		BookingDetails	1612441249010	1612441252515	OK	 
REQUEST		BookingDetails	1612441249119	1612441252516	OK	 
REQUEST		BookingDetails	1612441248965	1612441252521	OK	 
REQUEST		BookingDetails	1612441249137	1612441252764	OK	 
REQUEST		ConfirmPayment	1612441249932	1612441252788	OK	 
REQUEST		BookingDetails	1612441249153	1612441252863	OK	 
REQUEST		BookingDetails	1612441249212	1612441252863	OK	 
USER	GeneralAdmission1	END	1612441252935
USER	GeneralAdmission1	END	1612441252935
REQUEST		ConfirmPayment	1612441250221	1612441252951	OK	 
USER	GeneralAdmission1	END	1612441252982
REQUEST		ConfirmPayment	1612441250207	1612441253041	OK	 
REQUEST		ConfirmPayment	1612441250223	1612441253071	OK	 
REQUEST		BookingDetails	1612441249662	1612441253071	OK	 
REQUEST		ConfirmPayment	1612441250247	1612441253156	OK	 
REQUEST		ConfirmPayment	1612441250762	1612441253176	OK	 
USER	GeneralAdmission1	END	1612441253214
USER	GeneralAdmission1	END	1612441253215
USER	GeneralAdmission1	END	1612441253215
USER	GeneralAdmission1	END	1612441253215
USER	GeneralAdmission1	END	1612441253230
USER	GeneralAdmission1	END	1612441253230
USER	GeneralAdmission1	END	1612441253230
USER	GeneralAdmission1	END	1612441253231
REQUEST		ConfirmPayment	1612441250204	1612441253439	OK	 
REQUEST		BookingDetails	1612441250194	1612441253439	OK	 
REQUEST		ConfirmPayment	1612441251113	1612441253442	OK	 
REQUEST		ConfirmPayment	1612441251194	1612441253469	OK	 
REQUEST		BookingDetails	1612441250569	1612441253471	OK	 
REQUEST		BookingDetails	1612441250694	1612441253471	OK	 
REQUEST		ConfirmPayment	1612441251211	1612441253474	OK	 
REQUEST		ConfirmPayment	1612441251115	1612441253474	OK	 
REQUEST		ConfirmPayment	1612441251201	1612441253504	OK	 
REQUEST		ConfirmPayment	1612441251198	1612441253545	OK	 
REQUEST		ConfirmPayment	1612441251205	1612441253546	OK	 
REQUEST		ConfirmPayment	1612441251374	1612441253585	OK	 
REQUEST		ConfirmPayment	1612441251374	1612441253585	OK	 
REQUEST		ConfirmPayment	1612441251374	1612441253859	OK	 
REQUEST		ConfirmPayment	1612441251385	1612441253863	OK	 
REQUEST		ConfirmPayment	1612441251405	1612441253872	OK	 
REQUEST		ConfirmPayment	1612441251396	1612441253873	OK	 
REQUEST		ConfirmPayment	1612441251375	1612441253873	OK	 
REQUEST		ConfirmPayment	1612441251386	1612441253876	OK	 
REQUEST		ConfirmPayment	1612441251392	1612441253877	OK	 
REQUEST		ConfirmPayment	1612441251390	1612441253879	OK	 
REQUEST		ConfirmPayment	1612441251375	1612441253879	OK	 
REQUEST		ConfirmPayment	1612441251375	1612441253881	OK	 
REQUEST		ConfirmPayment	1612441251385	1612441253884	OK	 
REQUEST		ConfirmPayment	1612441251512	1612441253939	OK	 
REQUEST		ConfirmPayment	1612441251419	1612441253939	OK	 
REQUEST		ConfirmPayment	1612441251421	1612441253940	OK	 
REQUEST		ConfirmPayment	1612441251512	1612441253943	OK	 
REQUEST		ConfirmPayment	1612441251386	1612441253945	OK	 
REQUEST		ConfirmPayment	1612441251644	1612441253945	OK	 
REQUEST		ConfirmPayment	1612441251745	1612441253989	OK	 
REQUEST		ConfirmPayment	1612441251644	1612441253993	OK	 
REQUEST		ConfirmPayment	1612441251643	1612441254084	OK	 
REQUEST		ConfirmPayment	1612441251645	1612441254090	OK	 
REQUEST		ConfirmPayment	1612441251644	1612441254091	OK	 
REQUEST		ConfirmPayment	1612441251855	1612441254130	OK	 
REQUEST		ConfirmPayment	1612441251872	1612441254132	OK	 
REQUEST		ConfirmPayment	1612441251888	1612441254133	OK	 
REQUEST		ConfirmPayment	1612441251871	1612441254139	OK	 
REQUEST		ConfirmPayment	1612441252244	1612441254139	OK	 
REQUEST		ConfirmPayment	1612441251888	1612441254141	OK	 
REQUEST		ConfirmPayment	1612441252244	1612441254146	OK	 
REQUEST		ConfirmPayment	1612441252244	1612441254146	OK	 
REQUEST		ConfirmPayment	1612441251750	1612441254146	OK	 
REQUEST		ConfirmPayment	1612441252522	1612441254150	OK	 
REQUEST		ConfirmPayment	1612441252260	1612441254150	OK	 
REQUEST		ConfirmPayment	1612441251871	1612441254150	OK	 
REQUEST		ConfirmPayment	1612441251875	1612441254153	OK	 
REQUEST		ConfirmPayment	1612441252520	1612441254157	OK	 
REQUEST		ConfirmPayment	1612441252765	1612441254157	OK	 
REQUEST		ConfirmPayment	1612441252518	1612441254162	OK	 
REQUEST		ConfirmPayment	1612441252257	1612441254163	OK	 
REQUEST		ConfirmPayment	1612441253073	1612441254164	OK	 
REQUEST		ConfirmPayment	1612441252247	1612441254166	OK	 
REQUEST		ConfirmPayment	1612441252257	1612441254168	OK	 
REQUEST		ConfirmPayment	1612441252865	1612441254178	OK	 
REQUEST		ConfirmPayment	1612441252865	1612441254178	OK	 
REQUEST		ConfirmPayment	1612441253474	1612441254180	OK	 
REQUEST		ConfirmPayment	1612441253474	1612441254180	OK	 
REQUEST		ConfirmPayment	1612441253441	1612441254182	OK	 
USER	GeneralAdmission1	END	1612441254207
USER	GeneralAdmission1	END	1612441254207
USER	GeneralAdmission1	END	1612441254208
USER	GeneralAdmission1	END	1612441254391
REQUEST		ConfirmPayment	1612441251875	1612441254479	OK	 
USER	GeneralAdmission1	END	1612441255264
USER	GeneralAdmission1	END	1612441255342
USER	GeneralAdmission1	END	1612441255793
USER	GeneralAdmission1	END	1612441255964
USER	GeneralAdmission1	END	1612441256057
USER	GeneralAdmission1	END	1612441256088
USER	GeneralAdmission1	END	1612441256166
USER	GeneralAdmission1	END	1612441256182
USER	GeneralAdmission1	END	1612441256447
USER	GeneralAdmission1	END	1612441256448
USER	GeneralAdmission1	END	1612441256479
USER	GeneralAdmission1	END	1612441256479
USER	GeneralAdmission1	END	1612441256495
USER	GeneralAdmission1	END	1612441256511
USER	GeneralAdmission1	END	1612441256557
USER	GeneralAdmission1	END	1612441256559
USER	GeneralAdmission1	END	1612441256604
USER	GeneralAdmission1	END	1612441256605
USER	GeneralAdmission1	END	1612441256871
USER	GeneralAdmission1	END	1612441256872
USER	GeneralAdmission1	END	1612441256888
USER	GeneralAdmission1	END	1612441256888
USER	GeneralAdmission1	END	1612441256888
USER	GeneralAdmission1	END	1612441256888
USER	GeneralAdmission1	END	1612441256888
USER	GeneralAdmission1	END	1612441256888
USER	GeneralAdmission1	END	1612441256889
USER	GeneralAdmission1	END	1612441256889
USER	GeneralAdmission1	END	1612441256892
USER	GeneralAdmission1	END	1612441256949
USER	GeneralAdmission1	END	1612441256949
USER	GeneralAdmission1	END	1612441256950
USER	GeneralAdmission1	END	1612441256950
USER	GeneralAdmission1	END	1612441256950
USER	GeneralAdmission1	END	1612441256951
USER	GeneralAdmission1	END	1612441256996
USER	GeneralAdmission1	END	1612441256997
USER	GeneralAdmission1	END	1612441257090
USER	GeneralAdmission1	END	1612441257105
USER	GeneralAdmission1	END	1612441257105
USER	GeneralAdmission1	END	1612441257136
USER	GeneralAdmission1	END	1612441257136
USER	GeneralAdmission1	END	1612441257151
USER	GeneralAdmission1	END	1612441257151
USER	GeneralAdmission1	END	1612441257151
USER	GeneralAdmission1	END	1612441257152
USER	GeneralAdmission1	END	1612441257152
USER	GeneralAdmission1	END	1612441257152
USER	GeneralAdmission1	END	1612441257153
USER	GeneralAdmission1	END	1612441257154
USER	GeneralAdmission1	END	1612441257167
USER	GeneralAdmission1	END	1612441257167
USER	GeneralAdmission1	END	1612441257168
USER	GeneralAdmission1	END	1612441257169
USER	GeneralAdmission1	END	1612441257169
USER	GeneralAdmission1	END	1612441257169
USER	GeneralAdmission1	END	1612441257171
USER	GeneralAdmission1	END	1612441257171
USER	GeneralAdmission1	END	1612441257172
USER	GeneralAdmission1	END	1612441257182
USER	GeneralAdmission1	END	1612441257182
USER	GeneralAdmission1	END	1612441257183
USER	GeneralAdmission1	END	1612441257196
USER	GeneralAdmission1	END	1612441257196
USER	GeneralAdmission1	END	1612441257197
USER	GeneralAdmission1	END	1612441257491
