RUN	Timed1	timed1	1612457975671	 	3.5.0
USER	Timed1	START	1612457977691
USER	Timed1	START	1612457978129
USER	Timed1	START	1612457978631
USER	Timed1	START	1612457979131
USER	Timed1	START	1612457979632
USER	Timed1	START	1612457980619
USER	Timed1	START	1612457981119
USER	Timed1	START	1612457981625
USER	Timed1	START	1612457982121
USER	Timed1	START	1612457982624
USER	Timed1	START	1612457983620
USER	Timed1	START	1612457984119
USER	Timed1	START	1612457984619
USER	Timed1	START	1612457985119
USER	Timed1	START	1612457985621
USER	Timed1	START	1612457986619
USER	Timed1	START	1612457987119
USER	Timed1	START	1612457987620
USER	Timed1	START	1612457988119
USER	Timed1	START	1612457988621
USER	Timed1	START	1612457989619
USER	Timed1	START	1612457990119
USER	Timed1	START	1612457990620
USER	Timed1	START	1612457991119
USER	Timed1	START	1612457991620
USER	Timed1	START	1612457992620
REQUEST		GetToken	1612457980620	1612457992749	OK	 
REQUEST		GetToken	1612457981120	1612457992748	OK	 
REQUEST		GetToken	1612457977748	1612457992747	OK	 
REQUEST		GetToken	1612457979132	1612457992713	OK	 
REQUEST		GetToken	1612457978130	1612457992714	OK	 
REQUEST		GetToken	1612457979633	1612457992751	OK	 
REQUEST		GetToken	1612457981627	1612457992752	OK	 
REQUEST		GetToken	1612457978632	1612457992714	OK	 
REQUEST		GetToken	1612457984120	1612457992981	OK	 
REQUEST		GetToken	1612457985622	1612457992987	OK	 
REQUEST		GetToken	1612457982624	1612457992984	OK	 
REQUEST		GetToken	1612457984620	1612457992986	OK	 
REQUEST		GetToken	1612457985120	1612457993006	OK	 
REQUEST		GetToken	1612457986620	1612457993005	OK	 
REQUEST		GetToken	1612457983621	1612457993024	OK	 
REQUEST		GetToken	1612457982121	1612457993031	OK	 
REQUEST		GetToken	1612457989620	1612457993074	OK	 
REQUEST		GetToken	1612457988622	1612457993073	OK	 
REQUEST		GetToken	1612457990120	1612457993073	OK	 
REQUEST		GetToken	1612457990621	1612457993083	OK	 
REQUEST		GetToken	1612457988120	1612457993084	OK	 
REQUEST		GetToken	1612457987119	1612457993094	OK	 
REQUEST		GetToken	1612457991120	1612457993090	OK	 
REQUEST		GetToken	1612457987620	1612457993142	OK	 
USER	Timed1	START	1612457993137
REQUEST		GetToken	1612457991620	1612457993148	OK	 
REQUEST		GetToken	1612457992621	1612457993161	OK	 
REQUEST		GetToken	1612457993141	1612457993329	OK	 
USER	Timed1	START	1612457993620
REQUEST		GetToken	1612457993620	1612457993824	OK	 
USER	Timed1	START	1612457994120
USER	Timed1	START	1612457994620
USER	Timed1	START	1612457995624
USER	Timed1	START	1612457996119
USER	Timed1	START	1612457996620
USER	Timed1	START	1612457997119
USER	Timed1	START	1612457997620
USER	Timed1	START	1612457998618
USER	Timed1	START	1612457999119
USER	Timed1	START	1612457999619
REQUEST		AddToCart	1612457993924	1612457999845	OK	 
REQUEST		AddToCart	1612457993919	1612457999831	OK	 
REQUEST		AddToCart	1612457994032	1612457999844	OK	 
REQUEST		AddToCart	1612457994040	1612457999846	OK	 
REQUEST		AddToCart	1612457994049	1612457999848	OK	 
REQUEST		AddToCart	1612457994058	1612457999855	OK	 
REQUEST		AddToCart	1612457994069	1612457999854	OK	 
REQUEST		AddToCart	1612457994121	1612457999856	OK	 
REQUEST		AddToCart	1612457994137	1612457999890	OK	 
REQUEST		AddToCart	1612457994039	1612457999896	OK	 
REQUEST		AddToCart	1612457994047	1612457999898	OK	 
REQUEST		AddToCart	1612457994124	1612457999902	OK	 
REQUEST		AddToCart	1612457994109	1612457999914	OK	 
REQUEST		GetToken	1612457995627	1612457999962	OK	 
REQUEST		GetToken	1612457996620	1612457999963	OK	 
REQUEST		GetToken	1612457997122	1612457999997	OK	 
REQUEST		AddToCart	1612457993893	1612458000042	OK	 
USER	Timed1	START	1612458000119
REQUEST		GetToken	1612457994123	1612458000123	OK	 
REQUEST		GetToken	1612457994621	1612458000127	OK	 
REQUEST		AddToCart	1612457994138	1612458000135	OK	 
REQUEST		AddToCart	1612457993965	1612458000158	OK	 
REQUEST		AddToCart	1612457994037	1612458000159	OK	 
REQUEST		AddToCart	1612457993995	1612458000161	OK	 
REQUEST		AddToCart	1612457993970	1612458000164	OK	 
REQUEST		AddToCart	1612457994142	1612458000164	OK	 
REQUEST		AddToCart	1612457994160	1612458000175	OK	 
REQUEST		GetToken	1612457999620	1612458000188	OK	 
REQUEST		GetToken	1612457997622	1612458000214	OK	 
REQUEST		AddToCart	1612457994334	1612458000220	OK	 
REQUEST		GetToken	1612457999119	1612458000196	OK	 
REQUEST		AddToCart	1612457993977	1612458000240	OK	 
REQUEST		AddToCart	1612457994164	1612458000247	OK	 
REQUEST		AddToCart	1612457994150	1612458000212	OK	 
REQUEST		AddToCart	1612457993918	1612458000239	OK	 
REQUEST		AddToCart	1612457994212	1612458000262	OK	 
REQUEST		GetToken	1612457996120	1612458000272	OK	 
REQUEST		AddToCart	1612457994830	1612458000274	OK	 
REQUEST		GetToken	1612457998619	1612458000287	OK	 
REQUEST		GetToken	1612458000123	1612458000353	OK	 
USER	Timed1	START	1612458000619
REQUEST		GetToken	1612458000620	1612458000762	OK	 
REQUEST		AddToCart	1612458000968	1612458001030	OK	 
REQUEST		AddToCart	1612458000974	1612458001033	OK	 
REQUEST		AddToCart	1612458001004	1612458001043	OK	 
REQUEST		AddToCart	1612458001132	1612458001171	OK	 
REQUEST		AddToCart	1612458001141	1612458001212	OK	 
REQUEST		AddToCart	1612458001219	1612458001367	OK	 
REQUEST		AddToCart	1612458001251	1612458001500	OK	 
REQUEST		GetTours	1612458000902	1612458001501	OK	 
REQUEST		GetTours	1612458000894	1612458001497	OK	 
REQUEST		GetTours	1612458000899	1612458001522	OK	 
REQUEST		GetTours	1612458000913	1612458001527	OK	 
REQUEST		AddToCart	1612458001259	1612458001529	OK	 
REQUEST		GetTours	1612458000871	1612458001540	OK	 
REQUEST		GetTours	1612458000907	1612458001558	OK	 
REQUEST		GetTours	1612458000899	1612458001561	OK	 
REQUEST		GetTours	1612458000914	1612458001564	OK	 
REQUEST		GetTours	1612458000914	1612458001577	OK	 
REQUEST		GetTours	1612458001047	1612458001598	OK	 
REQUEST		GetTours	1612458001200	1612458001600	OK	 
REQUEST		GetTours	1612458000861	1612458001606	OK	 
REQUEST		GetTours	1612458001146	1612458001604	OK	 
REQUEST		GetTours	1612458001182	1612458001625	OK	 
USER	Timed1	START	1612458001620
REQUEST		AddToCart	1612458001358	1612458001651	OK	 
REQUEST		AddToCart	1612458001286	1612458001642	OK	 
REQUEST		GetTours	1612458000920	1612458001648	OK	 
REQUEST		AddToCart	1612458001298	1612458001650	OK	 
REQUEST		GetTours	1612458001211	1612458001659	OK	 
REQUEST		GetTours	1612458001177	1612458001713	OK	 
REQUEST		GetTours	1612458000865	1612458001722	OK	 
REQUEST		GetTours	1612458000876	1612458001728	OK	 
REQUEST		GetTours	1612458001197	1612458001730	OK	 
REQUEST		GetTours	1612458001247	1612458001732	OK	 
REQUEST		GetTours	1612458001235	1612458001733	OK	 
REQUEST		GetTours	1612458001224	1612458001734	OK	 
REQUEST		GetTours	1612458001266	1612458001743	OK	 
REQUEST		GetTours	1612458001275	1612458001804	OK	 
REQUEST		GetTours	1612458001258	1612458001811	OK	 
REQUEST		AddToCart	1612458001767	1612458001829	OK	 
REQUEST		GetToken	1612458001629	1612458001848	OK	 
REQUEST		GetTours	1612458001271	1612458001886	OK	 
REQUEST		GetTours	1612458001288	1612458001924	OK	 
USER	Timed1	START	1612458002119
REQUEST		GetTours	1612458002037	1612458002195	OK	 
REQUEST		GetTours	1612458002042	1612458002506	OK	 
REQUEST		GetTours	1612458002048	1612458002509	OK	 
REQUEST		GetTours	1612458002178	1612458002531	OK	 
REQUEST		GetTours	1612458002223	1612458002550	OK	 
REQUEST		GetTours	1612458002405	1612458002590	OK	 
USER	Timed1	START	1612458002619
REQUEST		GetToken	1612458002119	1612458002624	OK	 
REQUEST		GetTours	1612458002509	1612458002709	OK	 
REQUEST		AddTourToCart	1612458002547	1612458002783	OK	 
REQUEST		GetTours	1612458002546	1612458002807	OK	 
REQUEST		AddTourToCart	1612458002513	1612458002834	OK	 
REQUEST		GetToken	1612458002620	1612458002834	OK	 
REQUEST		AddTourToCart	1612458002534	1612458002872	OK	 
REQUEST		AddTourToCart	1612458002561	1612458002896	OK	 
REQUEST		AddTourToCart	1612458002573	1612458002926	OK	 
REQUEST		AddTourToCart	1612458002633	1612458002932	KO	status.find.in(200,201,202,203,204,205,206,207,208,209,304), found 400
USER	Timed1	END	1612458002957
REQUEST		AddTourToCart	1612458002599	1612458002962	OK	 
REQUEST		AddToCart	1612458002852	1612458002962	OK	 
REQUEST		AddTourToCart	1612458002573	1612458002963	OK	 
REQUEST		AddTourToCart	1612458002633	1612458003001	OK	 
REQUEST		AddTourToCart	1612458002628	1612458003008	OK	 
REQUEST		AddTourToCart	1612458002654	1612458003009	OK	 
REQUEST		AddTourToCart	1612458002628	1612458003011	OK	 
REQUEST		GetTours	1612458002725	1612458003017	OK	 
REQUEST		AddTourToCart	1612458002729	1612458003071	OK	 
REQUEST		AddTourToCart	1612458002731	1612458003074	OK	 
REQUEST		AddTourToCart	1612458002730	1612458003073	OK	 
REQUEST		GetTours	1612458002723	1612458003094	OK	 
REQUEST		AddTourToCart	1612458002731	1612458003099	OK	 
USER	Timed1	START	1612458003121
REQUEST		GetTours	1612458002723	1612458003157	OK	 
REQUEST		AddTourToCart	1612458002734	1612458003164	OK	 
REQUEST		AddTourToCart	1612458002743	1612458003332	OK	 
REQUEST		GetTours	1612458002831	1612458003332	OK	 
REQUEST		AddTourToCart	1612458002742	1612458003360	OK	 
REQUEST		AddTourToCart	1612458002926	1612458003375	OK	 
REQUEST		AddTourToCart	1612458003217	1612458003377	OK	 
REQUEST		AddTourToCart	1612458002933	1612458003385	OK	 
REQUEST		GetToken	1612458003122	1612458003401	OK	 
REQUEST		AddTourToCart	1612458002747	1612458003442	OK	 
REQUEST		AddTourToCart	1612458002743	1612458003443	OK	 
REQUEST		AddTourToCart	1612458002745	1612458003497	OK	 
REQUEST		AddTourToCart	1612458002815	1612458003548	OK	 
USER	Timed1	START	1612458003619
REQUEST		AddTourToCart	1612458003512	1612458003674	OK	 
REQUEST		AddTourToCart	1612458003512	1612458003676	OK	 
REQUEST		AddToCart	1612458003629	1612458003698	OK	 
REQUEST		AddTourToCart	1612458003535	1612458003698	OK	 
REQUEST		AddTourToCart	1612458003558	1612458003782	OK	 
REQUEST		GetToken	1612458003620	1612458003782	OK	 
REQUEST		AddTourToCart	1612458003593	1612458003788	OK	 
REQUEST		AddTourToCart	1612458002514	1612458003872	OK	 
REQUEST		AddToCart	1612458003840	1612458003879	OK	 
REQUEST		AddTourToCart	1612458003731	1612458003916	OK	 
REQUEST		AddTourToCart	1612458003812	1612458003993	OK	 
REQUEST		AddTourToCart	1612458002579	1612458004015	OK	 
REQUEST		GetTours	1612458003966	1612458004103	OK	 
REQUEST		AddTourToCart	1612458004027	1612458004209	OK	 
REQUEST		AddTourToCart	1612458004098	1612458004244	OK	 
REQUEST		AddTourToCart	1612458002808	1612458004488	OK	 
REQUEST		AddTourToCart	1612458004161	1612458004488	OK	 
REQUEST		AddToCart	1612458004403	1612458004535	OK	 
REQUEST		AddTourToCart	1612458004337	1612458004562	OK	 
USER	Timed1	START	1612458004620
REQUEST		GetToken	1612458004620	1612458004751	OK	 
REQUEST		GetTours	1612458004701	1612458004829	OK	 
REQUEST		AddToCart	1612458004787	1612458004846	OK	 
REQUEST		GetTours	1612458004883	1612458005009	OK	 
USER	Timed1	START	1612458005119
REQUEST		AddTourToCart	1612458005108	1612458005297	OK	 
REQUEST		GetToken	1612458005134	1612458005328	OK	 
USER	Timed1	START	1612458005619
REQUEST		GetTours	1612458005538	1612458005918	OK	 
REQUEST		GetToken	1612458005619	1612458006056	OK	 
REQUEST		AddToCart	1612458005755	1612458006101	OK	 
USER	Timed1	START	1612458006119
REQUEST		GetTours	1612458005849	1612458006168	OK	 
REQUEST		AddTourToCart	1612458005832	1612458006197	OK	 
REQUEST		GetToken	1612458006120	1612458006234	OK	 
REQUEST		AddTourToCart	1612458006012	1612458006269	OK	 
REQUEST		AddToCart	1612458006331	1612458006396	OK	 
USER	Timed1	START	1612458006620
REQUEST		GetToken	1612458006620	1612458006773	OK	 
REQUEST		AddTourToCart	1612458006922	1612458007112	OK	 
REQUEST		AddToCart	1612458007060	1612458007117	OK	 
REQUEST		GetTours	1612458007104	1612458007255	OK	 
REQUEST		AddToCart	1612458007239	1612458007287	OK	 
REQUEST		AddTourToCart	1612458007187	1612458007358	OK	 
REQUEST		GetTours	1612458007399	1612458007535	OK	 
USER	Timed1	START	1612458007637
REQUEST		GetToken	1612458007638	1612458007767	OK	 
REQUEST		AddToCart	1612458007798	1612458007867	OK	 
USER	Timed1	START	1612458008119
REQUEST		GetTours	1612458008119	1612458008256	OK	 
REQUEST		GetToken	1612458008120	1612458008280	OK	 
REQUEST		AddTourToCart	1612458008259	1612458008433	OK	 
REQUEST		GetTours	1612458008292	1612458008433	OK	 
USER	Timed1	START	1612458008619
REQUEST		GetToken	1612458008620	1612458008760	OK	 
REQUEST		AddTourToCart	1612458008540	1612458008773	OK	 
REQUEST		AddToCart	1612458008808	1612458008847	OK	 
REQUEST		GetTours	1612458008870	1612458009046	OK	 
USER	Timed1	START	1612458009120
REQUEST		GetToken	1612458009121	1612458009420	OK	 
REQUEST		AddToCart	1612458009286	1612458009419	OK	 
REQUEST		AddTourToCart	1612458009260	1612458009613	OK	 
USER	Timed1	START	1612458009619
REQUEST		AddTourToCart	1612458009438	1612458009632	OK	 
REQUEST		AddToCart	1612458009763	1612458009804	OK	 
REQUEST		GetToken	1612458009620	1612458009804	OK	 
REQUEST		CreateTimed	1612458009787	1612458010095	OK	 
REQUEST		CreateTimed	1612458009915	1612458010331	OK	 
REQUEST		CreateTimed	1612458009930	1612458010334	OK	 
REQUEST		CreateTimed	1612458009878	1612458010336	OK	 
REQUEST		CreateTimed	1612458009841	1612458010336	OK	 
REQUEST		CreateTimed	1612458009966	1612458010343	OK	 
REQUEST		CreateTimed	1612458009969	1612458010349	OK	 
REQUEST		CreateTimed	1612458010015	1612458010379	OK	 
REQUEST		CreateTimed	1612458010016	1612458010387	OK	 
REQUEST		GetTours	1612458009850	1612458010388	OK	 
REQUEST		CreateTimed	1612458010077	1612458010390	OK	 
REQUEST		CreateTimed	1612458010079	1612458010390	OK	 
REQUEST		CreateTimed	1612458010079	1612458010389	OK	 
REQUEST		CreateTimed	1612458010015	1612458010403	OK	 
REQUEST		CreateTimed	1612458010337	1612458010406	OK	 
REQUEST		CreateTimed	1612458010102	1612458010406	OK	 
REQUEST		CreateTimed	1612458010169	1612458010418	OK	 
REQUEST		CreateTimed	1612458010012	1612458010419	OK	 
REQUEST		CreateTimed	1612458010364	1612458010472	OK	 
REQUEST		CreateTimed	1612458010379	1612458010473	OK	 
REQUEST		CreateTimed	1612458010387	1612458010480	OK	 
REQUEST		CreateTimed	1612458010403	1612458010492	OK	 
REQUEST		AddTourToCart	1612458010049	1612458010493	OK	 
REQUEST		CreateTimed	1612458010466	1612458010516	OK	 
REQUEST		AddToCart	1612458010466	1612458010553	OK	 
REQUEST		CreateTimed	1612458010515	1612458010554	OK	 
REQUEST		CreateTimed	1612458010466	1612458010556	OK	 
REQUEST		CreateTimed	1612458010552	1612458010599	OK	 
REQUEST		GetTours	1612458010465	1612458010607	OK	 
USER	Timed1	START	1612458010619
REQUEST		CreateTimed	1612458010688	1612458010736	OK	 
REQUEST		CreateTimed	1612458010680	1612458010737	OK	 
REQUEST		GetToken	1612458010619	1612458010759	OK	 
REQUEST		CreateTimed	1612458010734	1612458010809	OK	 
REQUEST		CreateTimed	1612458010788	1612458010854	OK	 
REQUEST		AddToCart	1612458010816	1612458010867	OK	 
REQUEST		CreateTimed	1612458010818	1612458010878	OK	 
REQUEST		CreateTimed	1612458010882	1612458010975	OK	 
REQUEST		GetTours	1612458010818	1612458010992	OK	 
REQUEST		CreateTimed	1612458010920	1612458011067	OK	 
USER	Timed1	START	1612458011121
REQUEST		CreateTimed	1612458011023	1612458011125	OK	 
REQUEST		CreateTimed	1612458011033	1612458011141	OK	 
REQUEST		BookingDetails	1612458011104	1612458011317	OK	 
REQUEST		CreateTimed	1612458011215	1612458011335	OK	 
REQUEST		CreateTimed	1612458011264	1612458011383	OK	 
REQUEST		GetToken	1612458011121	1612458011409	OK	 
REQUEST		BookingDetails	1612458011337	1612458011468	OK	 
USER	Timed1	START	1612458011621
USER	Timed1	START	1612458012119
REQUEST		ConfirmPayment	1612458011321	1612458012374	OK	 
REQUEST		BookingDetails	1612458011353	1612458012405	OK	 
REQUEST		BookingDetails	1612458011347	1612458012393	OK	 
USER	Timed1	START	1612458012619
REQUEST		CreateTimed	1612458011496	1612458013193	OK	 
REQUEST		ConfirmPayment	1612458011470	1612458013194	OK	 
REQUEST		CreateTimed	1612458011496	1612458013195	OK	 
REQUEST		GetTours	1612458011873	1612458013205	OK	 
REQUEST		GetTours	1612458011557	1612458013205	OK	 
REQUEST		BookingDetails	1612458011349	1612458013392	OK	 
REQUEST		BookingDetails	1612458011349	1612458013391	OK	 
REQUEST		BookingDetails	1612458011407	1612458013397	OK	 
REQUEST		BookingDetails	1612458011409	1612458013406	OK	 
REQUEST		BookingDetails	1612458011403	1612458013406	OK	 
REQUEST		BookingDetails	1612458011407	1612458013406	OK	 
REQUEST		BookingDetails	1612458011338	1612458013408	OK	 
REQUEST		BookingDetails	1612458011414	1612458013421	OK	 
REQUEST		BookingDetails	1612458011408	1612458013436	OK	 
USER	Timed1	START	1612458013620
REQUEST		AddTourToCart	1612458011408	1612458013861	OK	 
REQUEST		GetToken	1612458011621	1612458013933	OK	 
USER	Timed1	START	1612458014119
USER	Timed1	START	1612458014619
REQUEST		BookingDetails	1612458011420	1612458014662	OK	 
REQUEST		CreateTimed	1612458011567	1612458014662	OK	 
REQUEST		BookingDetails	1612458011420	1612458014681	OK	 
REQUEST		BookingDetails	1612458011424	1612458014683	OK	 
REQUEST		BookingDetails	1612458011482	1612458014697	OK	 
REQUEST		BookingDetails	1612458011424	1612458014697	OK	 
REQUEST		BookingDetails	1612458011476	1612458014696	OK	 
REQUEST		BookingDetails	1612458011484	1612458014776	OK	 
REQUEST		CreateTimed	1612458012318	1612458014776	OK	 
REQUEST		GetToken	1612458012119	1612458014783	OK	 
REQUEST		BookingDetails	1612458011557	1612458014867	OK	 
USER	Timed1	START	1612458015119
REQUEST		ConfirmPayment	1612458012409	1612458015304	OK	 
USER	Timed1	END	1612458015394
REQUEST		BookingDetails	1612458012131	1612458015414	OK	 
REQUEST		BookingDetails	1612458011501	1612458015417	OK	 
REQUEST		BookingDetails	1612458011539	1612458015578	OK	 
REQUEST		AddTourToCart	1612458011615	1612458015623	OK	 
USER	Timed1	START	1612458015638
REQUEST		BookingDetails	1612458011885	1612458015740	OK	 
REQUEST		BookingDetails	1612458011603	1612458015741	OK	 
REQUEST		BookingDetails	1612458011860	1612458015741	OK	 
REQUEST		BookingDetails	1612458011761	1612458015743	OK	 
REQUEST		BookingDetails	1612458011819	1612458015743	OK	 
REQUEST		AddToCart	1612458011763	1612458015744	OK	 
REQUEST		BookingDetails	1612458011563	1612458015756	OK	 
REQUEST		BookingDetails	1612458011760	1612458015761	OK	 
REQUEST		BookingDetails	1612458011982	1612458015814	OK	 
REQUEST		BookingDetails	1612458012368	1612458015815	OK	 
REQUEST		BookingDetails	1612458012071	1612458015814	OK	 
REQUEST		GetToken	1612458012619	1612458015824	OK	 
USER	Timed1	END	1612458016201
REQUEST		AddTourToCart	1612458012019	1612458016220	OK	 
REQUEST		BookingDetails	1612458012392	1612458016279	OK	 
REQUEST		GetToken	1612458013621	1612458016279	OK	 
REQUEST		CreateTimed	1612458013205	1612458016405	OK	 
REQUEST		BookingDetails	1612458012145	1612458016406	OK	 
REQUEST		GetToken	1612458014120	1612458016412	OK	 
USER	Timed1	START	1612458016619
REQUEST		AddToCart	1612458012418	1612458016986	OK	 
REQUEST		ConfirmPayment	1612458013409	1612458016986	OK	 
REQUEST		CreateTimed	1612458014119	1612458016985	OK	 
REQUEST		ConfirmPayment	1612458013419	1612458016986	OK	 
REQUEST		CreateTimed	1612458013274	1612458016986	OK	 
REQUEST		ConfirmPayment	1612458013419	1612458016991	OK	 
REQUEST		ConfirmPayment	1612458013412	1612458016991	OK	 
REQUEST		ConfirmPayment	1612458012407	1612458016991	OK	 
REQUEST		ConfirmPayment	1612458013424	1612458016998	OK	 
USER	Timed1	START	1612458017119
REQUEST		ConfirmPayment	1612458013425	1612458017282	OK	 
REQUEST		CreateTimed	1612458014363	1612458017288	OK	 
REQUEST		ConfirmPayment	1612458013421	1612458017290	OK	 
REQUEST		ConfirmPayment	1612458014664	1612458017347	OK	 
REQUEST		GetToken	1612458015119	1612458017347	OK	 
REQUEST		ConfirmPayment	1612458013417	1612458017372	OK	 
REQUEST		ConfirmPayment	1612458013443	1612458017372	OK	 
REQUEST		ConfirmPayment	1612458014692	1612458017461	OK	 
REQUEST		ConfirmPayment	1612458014869	1612458017463	OK	 
REQUEST		BookingDetails	1612458014203	1612458017467	OK	 
REQUEST		AddTourToCart	1612458014209	1612458017468	OK	 
REQUEST		BookingDetails	1612458014203	1612458017468	OK	 
REQUEST		AddTourToCart	1612458014210	1612458017470	OK	 
REQUEST		GetToken	1612458015639	1612458017475	OK	 
REQUEST		GetToken	1612458014619	1612458017478	OK	 
REQUEST		CreateTimed	1612458015441	1612458017493	OK	 
REQUEST		ConfirmPayment	1612458014728	1612458017500	OK	 
REQUEST		ConfirmPayment	1612458014684	1612458017548	OK	 
REQUEST		CreateTimed	1612458015805	1612458017549	OK	 
REQUEST		AddToCart	1612458014937	1612458017552	OK	 
USER	Timed1	START	1612458017639
REQUEST		GetToken	1612458016619	1612458017710	OK	 
REQUEST		CreateTimed	1612458016625	1612458017713	OK	 
REQUEST		CreateTimed	1612458016640	1612458017808	OK	 
REQUEST		BookingDetails	1612458015665	1612458017812	OK	 
REQUEST		BookingDetails	1612458015808	1612458017822	OK	 
REQUEST		AddToCart	1612458015806	1612458017822	OK	 
REQUEST		GetToken	1612458017120	1612458017847	OK	 
REQUEST		AddToCart	1612458016865	1612458017936	OK	 
REQUEST		AddToCart	1612458017415	1612458017944	OK	 
REQUEST		CreateTimed	1612458017507	1612458017949	OK	 
REQUEST		GetToken	1612458017640	1612458017949	OK	 
REQUEST		BookingDetails	1612458017409	1612458017953	OK	 
REQUEST		AddToCart	1612458017284	1612458017955	OK	 
USER	Timed1	START	1612458018121
REQUEST		BookingDetails	1612458017992	1612458018287	OK	 
REQUEST		BookingDetails	1612458017992	1612458018292	OK	 
REQUEST		GetToken	1612458018122	1612458018303	OK	 
USER	Timed1	END	1612458018307
USER	Timed1	START	1612458018621
REQUEST		GetTours	1612458018556	1612458018913	OK	 
REQUEST		ConfirmPayment	1612458018294	1612458019193	OK	 
REQUEST		AddToCart	1612458018353	1612458019194	OK	 
REQUEST		ConfirmPayment	1612458018289	1612458019194	OK	 
REQUEST		BookingDetails	1612458018291	1612458019194	OK	 
REQUEST		AddToCart	1612458018481	1612458019194	OK	 
REQUEST		AddToCart	1612458018479	1612458019194	OK	 
REQUEST		BookingDetails	1612458018497	1612458019518	OK	 
REQUEST		BookingDetails	1612458018553	1612458019522	OK	 
REQUEST		GetTours	1612458016756	1612458019522	OK	 
REQUEST		ConfirmPayment	1612458014779	1612458019608	OK	 
USER	Timed1	START	1612458019619
REQUEST		ConfirmPayment	1612458014726	1612458019623	OK	 
REQUEST		ConfirmPayment	1612458014726	1612458019623	OK	 
REQUEST		ConfirmPayment	1612458015754	1612458019634	OK	 
REQUEST		ConfirmPayment	1612458015421	1612458019633	OK	 
REQUEST		ConfirmPayment	1612458015744	1612458019633	OK	 
REQUEST		ConfirmPayment	1612458015754	1612458019634	OK	 
REQUEST		ConfirmPayment	1612458015418	1612458019634	OK	 
REQUEST		ConfirmPayment	1612458015580	1612458019634	OK	 
REQUEST		ConfirmPayment	1612458015755	1612458019634	OK	 
REQUEST		ConfirmPayment	1612458015822	1612458019644	OK	 
REQUEST		GetToken	1612458018622	1612458019644	OK	 
REQUEST		ConfirmPayment	1612458015755	1612458019644	OK	 
REQUEST		ConfirmPayment	1612458015758	1612458019646	OK	 
REQUEST		AddToCart	1612458018732	1612458019846	OK	 
REQUEST		BookingDetails	1612458018732	1612458019918	OK	 
REQUEST		ConfirmPayment	1612458015823	1612458019938	OK	 
REQUEST		ConfirmPayment	1612458016283	1612458019950	OK	 
REQUEST		ConfirmPayment	1612458019199	1612458019950	OK	 
REQUEST		AddToCart	1612458018956	1612458019951	OK	 
REQUEST		ConfirmPayment	1612458017475	1612458019951	OK	 
REQUEST		BookingDetails	1612458018954	1612458019951	OK	 
REQUEST		AddToCart	1612458018851	1612458019951	OK	 
REQUEST		BookingDetails	1612458018811	1612458019951	OK	 
REQUEST		AddToCart	1612458019307	1612458019965	OK	 
REQUEST		ConfirmPayment	1612458015770	1612458019966	OK	 
USER	Timed1	END	1612458019992
USER	Timed1	END	1612458019993
USER	Timed1	END	1612458019998
USER	Timed1	END	1612458019998
USER	Timed1	END	1612458019998
USER	Timed1	END	1612458020002
REQUEST		GetTours	1612458017991	1612458020012	OK	 
REQUEST		GetTours	1612458018964	1612458020011	OK	 
REQUEST		GetTours	1612458018939	1612458020071	OK	 
REQUEST		AddTourToCart	1612458019915	1612458020083	KO	status.find.in(200,201,202,203,204,205,206,207,208,209,304), found 400
REQUEST		GetTours	1612458018951	1612458020083	OK	 
REQUEST		GetTours	1612458018825	1612458020083	OK	 
USER	Timed1	END	1612458020088
REQUEST		GetToken	1612458019620	1612458020109	OK	 
USER	Timed1	START	1612458020120
REQUEST		ConfirmPayment	1612458017824	1612458020260	OK	 
REQUEST		ConfirmPayment	1612458017955	1612458020260	OK	 
REQUEST		ConfirmPayment	1612458017814	1612458020260	OK	 
USER	Timed1	END	1612458020286
REQUEST		ConfirmPayment	1612458019964	1612458020298	OK	 
REQUEST		ConfirmPayment	1612458019527	1612458020360	OK	 
REQUEST		ConfirmPayment	1612458019522	1612458020299	OK	 
USER	Timed1	END	1612458020358
REQUEST		GetToken	1612458020121	1612458020378	OK	 
USER	Timed1	END	1612458020377
REQUEST		ConfirmPayment	1612458019964	1612458020384	OK	 
USER	Timed1	END	1612458020379
USER	Timed1	END	1612458020444
REQUEST		GetTours	1612458020200	1612458020447	OK	 
REQUEST		GetTours	1612458020201	1612458020447	OK	 
REQUEST		GetTours	1612458020201	1612458020458	OK	 
USER	Timed1	END	1612458020468
USER	Timed1	END	1612458020468
USER	Timed1	END	1612458020504
USER	Timed1	END	1612458020555
USER	Timed1	START	1612458020619
REQUEST		AddTourToCart	1612458020530	1612458020676	OK	 
REQUEST		AddToCart	1612458020650	1612458020686	OK	 
REQUEST		GetToken	1612458020619	1612458020734	OK	 
REQUEST		CreateTimed	1612458020866	1612458020918	OK	 
REQUEST		GetTours	1612458020851	1612458020977	OK	 
REQUEST		GetTours	1612458020966	1612458021132	OK	 
USER	Timed1	START	1612458021120
REQUEST		GetTours	1612458020964	1612458021132	OK	 
REQUEST		GetTours	1612458020968	1612458021130	OK	 
REQUEST		AddTourToCart	1612458021020	1612458021134	KO	status.find.in(200,201,202,203,204,205,206,207,208,209,304), found 400
USER	Timed1	END	1612458021142
REQUEST		AddTourToCart	1612458021021	1612458021144	KO	status.find.in(200,201,202,203,204,205,206,207,208,209,304), found 400
USER	Timed1	END	1612458021148
REQUEST		AddToCart	1612458021132	1612458021177	OK	 
REQUEST		ConfirmPayment	1612458019919	1612458021189	OK	 
REQUEST		AddTourToCart	1612458021075	1612458021245	OK	 
REQUEST		GetToken	1612458021132	1612458021263	OK	 
REQUEST		AddTourToCart	1612458021089	1612458021283	OK	 
REQUEST		AddTourToCart	1612458021089	1612458021284	OK	 
REQUEST		AddToCart	1612458021447	1612458021483	OK	 
REQUEST		AddTourToCart	1612458021460	1612458021615	OK	 
USER	Timed1	START	1612458021630
REQUEST		AddTourToCart	1612458021459	1612458021633	OK	 
REQUEST		AddTourToCart	1612458021462	1612458021643	OK	 
REQUEST		GetToken	1612458021631	1612458021761	OK	 
REQUEST		AddToCart	1612458021738	1612458021795	OK	 
REQUEST		GetTours	1612458021689	1612458021836	OK	 
REQUEST		BookingDetails	1612458021922	1612458021999	OK	 
REQUEST		AddTourToCart	1612458021981	1612458022126	OK	 
REQUEST		ConfirmPayment	1612458022003	1612458022155	OK	 
USER	Timed1	END	1612458022200
USER	Timed1	END	1612458022200
USER	Timed1	END	1612458022611
USER	Timed1	START	1612458022619
USER	Timed1	END	1612458022627
USER	Timed1	END	1612458022627
USER	Timed1	END	1612458022645
USER	Timed1	END	1612458022645
USER	Timed1	END	1612458022645
USER	Timed1	END	1612458022646
USER	Timed1	END	1612458022646
USER	Timed1	END	1612458022646
USER	Timed1	END	1612458022646
USER	Timed1	END	1612458022650
USER	Timed1	END	1612458022650
USER	Timed1	END	1612458022650
USER	Timed1	END	1612458022942
USER	Timed1	END	1612458022988
USER	Timed1	END	1612458022988
USER	Timed1	END	1612458022995
USER	Timed1	END	1612458022995
REQUEST		GetTours	1612458022182	1612458023080	OK	 
REQUEST		AddTourToCart	1612458022142	1612458023081	OK	 
REQUEST		AddTourToCart	1612458022141	1612458023081	OK	 
REQUEST		AddTourToCart	1612458022141	1612458023081	OK	 
USER	Timed1	START	1612458023120
USER	Timed1	END	1612458023264
USER	Timed1	END	1612458023264
USER	Timed1	END	1612458023266
USER	Timed1	END	1612458023303
USER	Timed1	END	1612458023380
USER	Timed1	END	1612458023381
REQUEST		ConfirmPayment	1612458016408	1612458023430	KO	status.find.in(200,201,202,203,204,205,206,207,208,209,304), found 400
USER	Timed1	END	1612458023432
USER	Timed1	END	1612458023447
REQUEST		GetToken	1612458022620	1612458023453	OK	 
REQUEST		GetToken	1612458023120	1612458023453	OK	 
REQUEST		AddToCart	1612458022266	1612458023453	OK	 
REQUEST		CreateTimed	1612458023231	1612458023457	OK	 
REQUEST		CreateTimed	1612458022627	1612458023457	OK	 
REQUEST		AddToCart	1612458022763	1612458023479	OK	 
REQUEST		GetTours	1612458022798	1612458023552	KO	status.find.in(200,201,202,203,204,205,206,207,208,209,304), found 500
REQUEST		GetTours	1612458022485	1612458023552	KO	status.find.in(200,201,202,203,204,205,206,207,208,209,304), found 500
USER	Timed1	END	1612458023556
USER	Timed1	END	1612458023556
REQUEST		AddTourToCart	1612458022840	1612458023566	OK	 
REQUEST		ConfirmPayment	1612458017477	1612458023583	KO	status.find.in(200,201,202,203,204,205,206,207,208,209,304), found 400
USER	Timed1	END	1612458023587
REQUEST		ConfirmPayment	1612458015822	1612458023602	KO	status.find.in(200,201,202,203,204,205,206,207,208,209,304), found 400
USER	Timed1	END	1612458023604
USER	Timed1	START	1612458023637
REQUEST		GetToken	1612458023638	1612458023808	OK	 
USER	Timed1	START	1612458024118
USER	Timed1	END	1612458024196
REQUEST		GetToken	1612458024119	1612458024228	OK	 
REQUEST		AddTourToCart	1612458024085	1612458024232	OK	 
REQUEST		AddToCart	1612458024458	1612458024539	OK	 
REQUEST		AddToCart	1612458024459	1612458024545	OK	 
REQUEST		BookingDetails	1612458024466	1612458024563	OK	 
REQUEST		BookingDetails	1612458024466	1612458024601	OK	 
USER	Timed1	START	1612458024620
REQUEST		CreateTimed	1612458024481	1612458024640	OK	 
REQUEST		CreateTimed	1612458024481	1612458024644	OK	 
REQUEST		GetTours	1612458024481	1612458024774	OK	 
REQUEST		ConfirmPayment	1612458024602	1612458024802	OK	 
REQUEST		GetTours	1612458024458	1612458024803	OK	 
REQUEST		ConfirmPayment	1612458024603	1612458024827	OK	 
REQUEST		AddToCart	1612458024814	1612458024881	OK	 
REQUEST		GetToken	1612458024620	1612458024903	OK	 
USER	Timed1	END	1612458025159
REQUEST		AddToCart	1612458025231	1612458025274	OK	 
USER	Timed1	START	1612458025619
REQUEST		GetTours	1612458025542	1612458025685	OK	 
REQUEST		GetTours	1612458025548	1612458025698	OK	 
REQUEST		BookingDetails	1612458025649	1612458025712	OK	 
REQUEST		BookingDetails	1612458025653	1612458025718	OK	 
REQUEST		GetToken	1612458025621	1612458025732	OK	 
REQUEST		ConfirmPayment	1612458025722	1612458025907	OK	 
REQUEST		ConfirmPayment	1612458025714	1612458025907	OK	 
REQUEST		AddTourToCart	1612458025779	1612458025951	OK	 
REQUEST		AddTourToCart	1612458025808	1612458025970	OK	 
REQUEST		AddToCart	1612458025907	1612458025990	OK	 
REQUEST		GetTours	1612458025884	1612458026036	OK	 
USER	Timed1	START	1612458026119
REQUEST		GetToken	1612458026119	1612458026237	OK	 
REQUEST		GetTours	1612458026279	1612458026407	OK	 
USER	Timed1	START	1612458026620
REQUEST		AddToCart	1612458026734	1612458026773	OK	 
REQUEST		GetToken	1612458026621	1612458026785	OK	 
REQUEST		AddTourToCart	1612458026690	1612458026850	OK	 
REQUEST		AddTourToCart	1612458026702	1612458026872	OK	 
USER	Timed1	START	1612458027119
REQUEST		GetTours	1612458026997	1612458027125	OK	 
REQUEST		AddTourToCart	1612458027039	1612458027182	OK	 
REQUEST		GetToken	1612458027119	1612458027256	OK	 
REQUEST		AddToCart	1612458027247	1612458027291	OK	 
USER	Timed1	START	1612458027619
REQUEST		AddTourToCart	1612458027411	1612458027788	OK	 
REQUEST		CreateTimed	1612458027683	1612458027788	OK	 
USER	Timed1	END	1612458027807
REQUEST		GetToken	1612458027619	1612458027810	OK	 
USER	Timed1	END	1612458027832
REQUEST		AddToCart	1612458027789	1612458027837	OK	 
REQUEST		GetTours	1612458027776	1612458027937	OK	 
REQUEST		AddTourToCart	1612458028128	1612458028285	OK	 
REQUEST		CreateTimed	1612458028249	1612458028292	OK	 
REQUEST		AddToCart	1612458028260	1612458028322	OK	 
REQUEST		CreateTimed	1612458028288	1612458028328	OK	 
REQUEST		CreateTimed	1612458028289	1612458028330	OK	 
REQUEST		GetTours	1612458028320	1612458028465	OK	 
USER	Timed1	START	1612458028619
REQUEST		CreateTimed	1612458028619	1612458028666	OK	 
REQUEST		CreateTimed	1612458028637	1612458028685	OK	 
REQUEST		CreateTimed	1612458028647	1612458028689	OK	 
REQUEST		GetToken	1612458028620	1612458028734	OK	 
REQUEST		BookingDetails	1612458028792	1612458028858	OK	 
REQUEST		AddToCart	1612458028815	1612458028868	OK	 
USER	Timed1	END	1612458028910
USER	Timed1	END	1612458028916
REQUEST		GetTours	1612458028840	1612458028981	OK	 
REQUEST		ConfirmPayment	1612458028859	1612458028988	OK	 
REQUEST		AddTourToCart	1612458028940	1612458029092	OK	 
USER	Timed1	START	1612458029119
REQUEST		CreateTimed	1612458029131	1612458029175	OK	 
REQUEST		GetToken	1612458029120	1612458029292	OK	 
REQUEST		BookingDetails	1612458029301	1612458029347	OK	 
REQUEST		BookingDetails	1612458029339	1612458029392	OK	 
REQUEST		BookingDetails	1612458029332	1612458029401	OK	 
REQUEST		GetTours	1612458029325	1612458029459	OK	 
REQUEST		ConfirmPayment	1612458029355	1612458029491	OK	 
REQUEST		ConfirmPayment	1612458029403	1612458029554	OK	 
REQUEST		ConfirmPayment	1612458029403	1612458029557	OK	 
USER	Timed1	START	1612458029620
REQUEST		AddTourToCart	1612458029470	1612458029634	OK	 
REQUEST		BookingDetails	1612458029692	1612458029814	OK	 
REQUEST		AddToCart	1612458029738	1612458029828	OK	 
REQUEST		BookingDetails	1612458029690	1612458029828	OK	 
REQUEST		BookingDetails	1612458029668	1612458029828	OK	 
REQUEST		GetToken	1612458029620	1612458029838	OK	 
REQUEST		GetTours	1612458029871	1612458030000	OK	 
REQUEST		ConfirmPayment	1612458029816	1612458030018	OK	 
REQUEST		ConfirmPayment	1612458029833	1612458030018	OK	 
REQUEST		ConfirmPayment	1612458029833	1612458030041	OK	 
USER	Timed1	START	1612458030119
REQUEST		AddTourToCart	1612458029985	1612458030198	OK	 
REQUEST		CreateTimed	1612458030088	1612458030201	OK	 
REQUEST		CreateTimed	1612458030086	1612458030201	OK	 
REQUEST		CreateTimed	1612458030088	1612458030204	OK	 
REQUEST		GetToken	1612458030119	1612458030224	OK	 
REQUEST		BookingDetails	1612458030178	1612458030237	OK	 
REQUEST		AddToCart	1612458030295	1612458030335	OK	 
REQUEST		ConfirmPayment	1612458030239	1612458030364	OK	 
REQUEST		AddTourToCart	1612458030461	1612458030603	OK	 
USER	Timed1	START	1612458030619
REQUEST		CreateTimed	1612458030603	1612458030646	OK	 
REQUEST		GetToken	1612458030620	1612458030769	OK	 
REQUEST		AddToCart	1612458030841	1612458030887	OK	 
REQUEST		GetTours	1612458030833	1612458030971	OK	 
REQUEST		AddTourToCart	1612458031004	1612458031201	OK	 
REQUEST		BookingDetails	1612458031206	1612458031270	OK	 
REQUEST		BookingDetails	1612458031205	1612458031270	OK	 
REQUEST		BookingDetails	1612458031205	1612458031270	OK	 
REQUEST		CreateTimed	1612458031237	1612458031299	OK	 
REQUEST		AddToCart	1612458031229	1612458031303	OK	 
REQUEST		ConfirmPayment	1612458031273	1612458031418	OK	 
REQUEST		ConfirmPayment	1612458031273	1612458031447	OK	 
REQUEST		ConfirmPayment	1612458031273	1612458031447	OK	 
REQUEST		GetTours	1612458031337	1612458031465	OK	 
USER	Timed1	START	1612458031618
REQUEST		BookingDetails	1612458031648	1612458031740	OK	 
REQUEST		GetToken	1612458031619	1612458031748	OK	 
USER	Timed1	END	1612458031991
USER	Timed1	START	1612458032119
REQUEST		ConfirmPayment	1612458031742	1612458032279	OK	 
USER	Timed1	END	1612458032496
REQUEST		GetToken	1612458032119	1612458032500	OK	 
USER	Timed1	END	1612458032558
USER	Timed1	END	1612458032581
USER	Timed1	START	1612458032620
REQUEST		GetTours	1612458031890	1612458032626	OK	 
REQUEST		BookingDetails	1612458032303	1612458032632	OK	 
REQUEST		AddTourToCart	1612458031975	1612458032649	OK	 
REQUEST		GetTours	1612458032306	1612458032649	OK	 
REQUEST		AddTourToCart	1612458032473	1612458032655	OK	 
REQUEST		AddToCart	1612458031772	1612458032706	OK	 
REQUEST		AddToCart	1612458032755	1612458032794	OK	 
REQUEST		CreateTimed	1612458032964	1612458033009	OK	 
USER	Timed1	END	1612458033022
USER	Timed1	END	1612458033022
REQUEST		CreateTimed	1612458032975	1612458033035	OK	 
USER	Timed1	END	1612458033044
REQUEST		ConfirmPayment	1612458032635	1612458033070	OK	 
USER	Timed1	START	1612458033119
REQUEST		GetToken	1612458033119	1612458033239	OK	 
USER	Timed1	END	1612458033368
REQUEST		AddToCart	1612458033505	1612458033555	OK	 
USER	Timed1	START	1612458033619
REQUEST		GetToken	1612458033625	1612458033761	OK	 
REQUEST		GetToken	1612458032620	1612458033772	OK	 
REQUEST		AddTourToCart	1612458033640	1612458033795	OK	 
REQUEST		GetTours	1612458033708	1612458033843	OK	 
REQUEST		CreateTimed	1612458033854	1612458033896	OK	 
REQUEST		CreateTimed	1612458033877	1612458033928	OK	 
REQUEST		GetTours	1612458033796	1612458033935	OK	 
REQUEST		BookingDetails	1612458034011	1612458034063	OK	 
REQUEST		BookingDetails	1612458034040	1612458034087	OK	 
REQUEST		ConfirmPayment	1612458034065	1612458034192	OK	 
REQUEST		ConfirmPayment	1612458034088	1612458034231	OK	 
REQUEST		CreateTimed	1612458034186	1612458034231	OK	 
REQUEST		AddToCart	1612458034242	1612458034293	OK	 
USER	Timed1	END	1612458034429
USER	Timed1	END	1612458034452
USER	Timed1	END	1612458034453
USER	Timed1	START	1612458034618
REQUEST		GetTours	1612458034558	1612458034722	OK	 
REQUEST		GetToken	1612458034619	1612458034766	OK	 
REQUEST		AddToCart	1612458034766	1612458034876	OK	 
REQUEST		AddToCart	1612458034777	1612458034876	OK	 
REQUEST		AddTourToCart	1612458033656	1612458034876	OK	 
REQUEST		CreateTimed	1612458034793	1612458034879	OK	 
REQUEST		BookingDetails	1612458034899	1612458034990	OK	 
REQUEST		BookingDetails	1612458034931	1612458035003	OK	 
USER	Timed1	START	1612458035120
REQUEST		AddTourToCart	1612458034846	1612458035122	OK	 
REQUEST		AddTourToCart	1612458034943	1612458035145	OK	 
REQUEST		ConfirmPayment	1612458034992	1612458035147	OK	 
REQUEST		ConfirmPayment	1612458035005	1612458035229	OK	 
REQUEST		GetToken	1612458035120	1612458035244	OK	 
REQUEST		BookingDetails	1612458035241	1612458035282	OK	 
USER	Timed1	END	1612458035285
REQUEST		ConfirmPayment	1612458035283	1612458035422	OK	 
REQUEST		CreateTimed	1612458035288	1612458035433	OK	 
REQUEST		GetTours	1612458035297	1612458035438	OK	 
USER	Timed1	START	1612458035619
REQUEST		GetToken	1612458035621	1612458035755	OK	 
REQUEST		AddToCart	1612458035774	1612458035831	OK	 
REQUEST		AddTourToCart	1612458035726	1612458035868	OK	 
REQUEST		BookingDetails	1612458035882	1612458035930	OK	 
REQUEST		GetTours	1612458035880	1612458035958	KO	status.find.in(200,201,202,203,204,205,206,207,208,209,304), found 500
USER	Timed1	END	1612458035960
REQUEST		GetTours	1612458035880	1612458036035	OK	 
USER	Timed1	END	1612458036076
USER	Timed1	START	1612458036120
USER	Timed1	START	1612458036620
REQUEST		ConfirmPayment	1612458035932	1612458036760	OK	 
REQUEST		CreateTimed	1612458036101	1612458036832	OK	 
REQUEST		CreateTimed	1612458036638	1612458036895	OK	 
REQUEST		GetToken	1612458036120	1612458036894	OK	 
REQUEST		AddToCart	1612458036789	1612458036898	OK	 
REQUEST		BookingDetails	1612458036436	1612458036902	OK	 
REQUEST		AddToCart	1612458036257	1612458036910	OK	 
REQUEST		GetToken	1612458036620	1612458036917	OK	 
REQUEST		GetTours	1612458036861	1612458036990	OK	 
REQUEST		AddTourToCart	1612458036440	1612458037131	OK	 
REQUEST		ConfirmPayment	1612458036910	1612458037133	OK	 
USER	Timed1	END	1612458037194
USER	Timed1	END	1612458037234
REQUEST		AddTourToCart	1612458037076	1612458037255	OK	 
REQUEST		CreateTimed	1612458037207	1612458037259	OK	 
USER	Timed1	START	1612458037620
REQUEST		CreateTimed	1612458037607	1612458037668	OK	 
REQUEST		GetToken	1612458037622	1612458037755	OK	 
REQUEST		BookingDetails	1612458037862	1612458037930	OK	 
REQUEST		BookingDetails	1612458037899	1612458037943	OK	 
REQUEST		AddToCart	1612458037930	1612458038016	OK	 
REQUEST		GetTours	1612458037901	1612458038058	OK	 
REQUEST		GetTours	1612458037934	1612458038077	OK	 
REQUEST		AddToCart	1612458037900	1612458038078	OK	 
REQUEST		ConfirmPayment	1612458037933	1612458038082	OK	 
USER	Timed1	START	1612458038119
REQUEST		ConfirmPayment	1612458037945	1612458038132	OK	 
USER	Timed1	END	1612458038151
REQUEST		AddTourToCart	1612458037993	1612458038196	OK	 
USER	Timed1	END	1612458038244
REQUEST		GetToken	1612458038119	1612458038313	OK	 
REQUEST		CreateTimed	1612458038205	1612458038313	OK	 
REQUEST		BookingDetails	1612458038261	1612458038326	OK	 
USER	Timed1	END	1612458038460
REQUEST		ConfirmPayment	1612458038327	1612458038466	OK	 
USER	Timed1	START	1612458038620
REQUEST		BookingDetails	1612458038672	1612458038716	OK	 
REQUEST		ConfirmPayment	1612458038723	1612458039004	OK	 
REQUEST		GetToken	1612458038620	1612458039004	OK	 
USER	Timed1	START	1612458039119
REQUEST		AddToCart	1612458038759	1612458039462	OK	 
REQUEST		GetToken	1612458039119	1612458039527	OK	 
REQUEST		GetTours	1612458039018	1612458039531	OK	 
REQUEST		AddToCart	1612458039318	1612458039545	OK	 
REQUEST		BookingDetails	1612458039319	1612458039555	OK	 
REQUEST		GetTours	1612458039081	1612458039594	OK	 
REQUEST		AddTourToCart	1612458039080	1612458039595	OK	 
REQUEST		AddTourToCart	1612458039060	1612458039608	OK	 
USER	Timed1	START	1612458039638
REQUEST		ConfirmPayment	1612458039557	1612458039684	OK	 
REQUEST		CreateTimed	1612458039661	1612458039711	OK	 
REQUEST		CreateTimed	1612458039658	1612458039728	OK	 
USER	Timed1	END	1612458039764
REQUEST		GetToken	1612458039639	1612458039780	OK	 
REQUEST		AddToCart	1612458040008	1612458040106	OK	 
USER	Timed1	END	1612458040136
REQUEST		AddToCart	1612458040530	1612458040569	OK	 
REQUEST		GetTours	1612458040465	1612458040618	OK	 
USER	Timed1	START	1612458040621
REQUEST		AddTourToCart	1612458040534	1612458040703	OK	 
REQUEST		GetTours	1612458040547	1612458040726	OK	 
REQUEST		BookingDetails	1612458040714	1612458040772	OK	 
REQUEST		AddTourToCart	1612458040613	1612458040992	OK	 
REQUEST		BookingDetails	1612458040730	1612458040992	OK	 
REQUEST		CreateTimed	1612458040798	1612458040995	OK	 
REQUEST		GetToken	1612458040621	1612458040994	OK	 
REQUEST		AddToCart	1612458040785	1612458040995	OK	 
REQUEST		ConfirmPayment	1612458040773	1612458041059	OK	 
USER	Timed1	END	1612458041086
USER	Timed1	START	1612458041120
REQUEST		ConfirmPayment	1612458040995	1612458041126	OK	 
USER	Timed1	END	1612458041136
REQUEST		GetTours	1612458041114	1612458041265	OK	 
REQUEST		GetToken	1612458041122	1612458041456	OK	 
USER	Timed1	END	1612458041469
USER	Timed1	START	1612458041623
REQUEST		GetTours	1612458041613	1612458041745	OK	 
REQUEST		GetToken	1612458041645	1612458041790	OK	 
REQUEST		AddTourToCart	1612458041645	1612458041795	OK	 
REQUEST		AddTourToCart	1612458041729	1612458041873	OK	 
REQUEST		CreateTimed	1612458041881	1612458041947	OK	 
USER	Timed1	END	1612458042011
REQUEST		AddToCart	1612458042000	1612458042069	OK	 
REQUEST		BookingDetails	1612458042000	1612458042069	OK	 
USER	Timed1	START	1612458042119
REQUEST		GetTours	1612458041999	1612458042145	OK	 
REQUEST		CreateTimed	1612458042125	1612458042172	OK	 
REQUEST		CreateTimed	1612458042149	1612458042195	OK	 
REQUEST		GetToken	1612458042119	1612458042261	OK	 
REQUEST		ConfirmPayment	1612458042071	1612458042272	OK	 
REQUEST		AddTourToCart	1612458042268	1612458042414	OK	 
REQUEST		AddToCart	1612458042460	1612458042578	OK	 
USER	Timed1	START	1612458042657
USER	Timed1	END	1612458042688
REQUEST		GetToken	1612458042658	1612458042831	OK	 
REQUEST		AddToCart	1612458042793	1612458042838	OK	 
REQUEST		AddTourToCart	1612458042748	1612458042901	OK	 
REQUEST		CreateTimed	1612458042873	1612458042917	OK	 
REQUEST		BookingDetails	1612458042951	1612458043006	OK	 
REQUEST		ConfirmPayment	1612458043008	1612458043182	OK	 
REQUEST		GetTours	1612458043071	1612458043214	OK	 
REQUEST		BookingDetails	1612458043199	1612458043298	OK	 
REQUEST		AddTourToCart	1612458043150	1612458043303	OK	 
REQUEST		AddToCart	1612458043263	1612458043311	OK	 
REQUEST		ConfirmPayment	1612458043299	1612458043427	OK	 
REQUEST		BookingDetails	1612458043174	1612458043471	OK	 
USER	Timed1	START	1612458043619
REQUEST		ConfirmPayment	1612458043473	1612458043652	OK	 
REQUEST		GetTours	1612458043580	1612458043706	OK	 
REQUEST		GetToken	1612458043620	1612458043772	OK	 
REQUEST		AddToCart	1612458043834	1612458043884	OK	 
REQUEST		BookingDetails	1612458043920	1612458043965	OK	 
REQUEST		GetTours	1612458043840	1612458043972	OK	 
USER	Timed1	END	1612458044063
USER	Timed1	START	1612458044119
USER	Timed1	END	1612458044130
REQUEST		ConfirmPayment	1612458043966	1612458044159	OK	 
REQUEST		CreateTimed	1612458044137	1612458044186	OK	 
REQUEST		GetToken	1612458044120	1612458044259	OK	 
REQUEST		CreateTimed	1612458044261	1612458044339	OK	 
REQUEST		AddTourToCart	1612458044219	1612458044384	OK	 
REQUEST		GetTours	1612458044337	1612458044484	OK	 
USER	Timed1	START	1612458044619
REQUEST		GetToken	1612458044620	1612458044741	OK	 
REQUEST		AddToCart	1612458044778	1612458044886	OK	 
REQUEST		AddTourToCart	1612458044708	1612458044887	OK	 
REQUEST		GetTours	1612458044886	1612458045085	OK	 
USER	Timed1	START	1612458045120
REQUEST		AddTourToCart	1612458044977	1612458045143	OK	 
REQUEST		BookingDetails	1612458045190	1612458045227	OK	 
REQUEST		GetToken	1612458045121	1612458045267	OK	 
REQUEST		CreateTimed	1612458045203	1612458045269	OK	 
USER	Timed1	END	1612458045277
REQUEST		AddToCart	1612458045263	1612458045313	OK	 
REQUEST		ConfirmPayment	1612458045229	1612458045384	OK	 
REQUEST		BookingDetails	1612458045342	1612458045396	OK	 
USER	Timed1	START	1612458045620
REQUEST		AddTourToCart	1612458045499	1612458045759	OK	 
REQUEST		ConfirmPayment	1612458045403	1612458045761	OK	 
REQUEST		AddToCart	1612458045781	1612458045855	OK	 
REQUEST		GetToken	1612458045620	1612458045886	OK	 
REQUEST		GetTours	1612458045894	1612458046101	OK	 
USER	Timed1	END	1612458046185
REQUEST		AddTourToCart	1612458046106	1612458046268	OK	 
REQUEST		AddToCart	1612458046271	1612458046316	OK	 
REQUEST		BookingDetails	1612458046273	1612458046316	OK	 
USER	Timed1	END	1612458046434
REQUEST		GetTours	1612458046320	1612458046457	OK	 
REQUEST		ConfirmPayment	1612458046319	1612458046535	OK	 
USER	Timed1	START	1612458046619
USER	Timed1	END	1612458046656
REQUEST		CreateTimed	1612458046643	1612458046689	OK	 
REQUEST		CreateTimed	1612458046642	1612458046694	OK	 
REQUEST		GetToken	1612458046643	1612458046807	OK	 
REQUEST		AddToCart	1612458046892	1612458046928	OK	 
REQUEST		GetTours	1612458046886	1612458047019	OK	 
USER	Timed1	START	1612458047120
USER	Timed1	END	1612458047169
REQUEST		AddTourToCart	1612458047110	1612458047275	OK	 
REQUEST		GetToken	1612458047127	1612458047459	OK	 
REQUEST		GetTours	1612458047362	1612458047553	OK	 
REQUEST		AddTourToCart	1612458047460	1612458047725	OK	 
USER	Timed1	START	1612458047621
REQUEST		CreateTimed	1612458047739	1612458047806	OK	 
REQUEST		BookingDetails	1612458047739	1612458047811	OK	 
REQUEST		BookingDetails	1612458047738	1612458047821	OK	 
REQUEST		GetToken	1612458047726	1612458048012	OK	 
REQUEST		AddToCart	1612458047821	1612458048016	OK	 
REQUEST		ConfirmPayment	1612458047821	1612458048022	OK	 
REQUEST		CreateTimed	1612458047998	1612458048036	OK	 
USER	Timed1	START	1612458048120
REQUEST		ConfirmPayment	1612458047870	1612458048145	OK	 
REQUEST		GetTours	1612458047933	1612458048191	OK	 
REQUEST		AddTourToCart	1612458048024	1612458048192	OK	 
REQUEST		GetToken	1612458048144	1612458048307	OK	 
USER	Timed1	END	1612458048476
REQUEST		AddToCart	1612458048477	1612458048607	OK	 
USER	Timed1	START	1612458048621
REQUEST		AddTourToCart	1612458048606	1612458048775	OK	 
USER	Timed1	END	1612458048776
REQUEST		GetToken	1612458048621	1612458048779	OK	 
REQUEST		CreateTimed	1612458048800	1612458048858	OK	 
REQUEST		BookingDetails	1612458048821	1612458049012	OK	 
REQUEST		GetTours	1612458049024	1612458049192	OK	 
REQUEST		ConfirmPayment	1612458049014	1612458049205	OK	 
REQUEST		AddToCart	1612458049017	1612458049205	OK	 
REQUEST		BookingDetails	1612458049039	1612458049208	OK	 
REQUEST		CreateTimed	1612458048878	1612458049255	OK	 
REQUEST		AddTourToCart	1612458049204	1612458049373	OK	 
REQUEST		AddToCart	1612458049313	1612458049373	OK	 
REQUEST		ConfirmPayment	1612458049210	1612458049376	OK	 
REQUEST		CreateTimed	1612458049419	1612458049488	OK	 
USER	Timed1	END	1612458049539
USER	Timed1	START	1612458049618
REQUEST		GetToken	1612458049619	1612458049853	OK	 
REQUEST		AddToCart	1612458049797	1612458050021	OK	 
REQUEST		GetTours	1612458049612	1612458050025	OK	 
REQUEST		BookingDetails	1612458049864	1612458050035	OK	 
REQUEST		CreateTimed	1612458049906	1612458050039	OK	 
USER	Timed1	START	1612458050118
REQUEST		ConfirmPayment	1612458050037	1612458050280	OK	 
REQUEST		GetToken	1612458050119	1612458050344	OK	 
REQUEST		GetTours	1612458050209	1612458050345	KO	status.find.in(200,201,202,203,204,205,206,207,208,209,304), found 500
USER	Timed1	END	1612458050348
REQUEST		BookingDetails	1612458050258	1612458050353	OK	 
REQUEST		CreateTimed	1612458050340	1612458050378	OK	 
REQUEST		AddTourToCart	1612458050194	1612458050441	OK	 
REQUEST		ConfirmPayment	1612458050354	1612458050555	OK	 
REQUEST		GetTours	1612458050378	1612458050555	OK	 
REQUEST		BookingDetails	1612458050503	1612458050598	OK	 
USER	Timed1	START	1612458050620
REQUEST		GetToken	1612458050621	1612458050733	OK	 
REQUEST		AddToCart	1612458050858	1612458050913	OK	 
USER	Timed1	END	1612458051025
USER	Timed1	START	1612458051119
REQUEST		BookingDetails	1612458051050	1612458051133	OK	 
USER	Timed1	END	1612458051196
REQUEST		GetToken	1612458051120	1612458051271	OK	 
REQUEST		AddToCart	1612458051348	1612458051402	OK	 
REQUEST		BookingDetails	1612458051384	1612458051423	OK	 
REQUEST		CreateTimed	1612458051393	1612458051442	OK	 
REQUEST		ConfirmPayment	1612458050600	1612458051462	OK	 
REQUEST		GetTours	1612458051024	1612458051472	OK	 
REQUEST		ConfirmPayment	1612458051135	1612458051474	OK	 
REQUEST		AddTourToCart	1612458051028	1612458051505	OK	 
REQUEST		ConfirmPayment	1612458051424	1612458051576	OK	 
USER	Timed1	START	1612458051621
REQUEST		AddTourToCart	1612458051559	1612458051699	OK	 
REQUEST		GetToken	1612458051622	1612458051753	OK	 
REQUEST		AddToCart	1612458051736	1612458051795	OK	 
REQUEST		CreateTimed	1612458051914	1612458051978	OK	 
REQUEST		GetTours	1612458051918	1612458052044	OK	 
USER	Timed1	END	1612458052210
REQUEST		CreateTimed	1612458052160	1612458052275	OK	 
REQUEST		AddToCart	1612458052274	1612458052314	OK	 
USER	Timed1	END	1612458052380
REQUEST		BookingDetails	1612458052448	1612458052492	OK	 
REQUEST		GetTours	1612458052405	1612458052583	OK	 
REQUEST		ConfirmPayment	1612458052493	1612458052630	OK	 
USER	Timed1	START	1612458052636
REQUEST		AddTourToCart	1612458052475	1612458052644	OK	 
REQUEST		GetToken	1612458052637	1612458052792	OK	 
REQUEST		AddToCart	1612458052756	1612458052820	OK	 
REQUEST		CreateTimed	1612458052763	1612458052824	OK	 
REQUEST		GetTours	1612458052799	1612458052926	OK	 
REQUEST		BookingDetails	1612458052981	1612458053035	OK	 
USER	Timed1	START	1612458053119
REQUEST		GetToken	1612458053119	1612458053278	OK	 
USER	Timed1	END	1612458053284
REQUEST		ConfirmPayment	1612458053037	1612458053301	OK	 
REQUEST		AddTourToCart	1612458053047	1612458053330	OK	 
REQUEST		BookingDetails	1612458053279	1612458053331	OK	 
REQUEST		CreateTimed	1612458053276	1612458053336	OK	 
REQUEST		GetTours	1612458053316	1612458053457	OK	 
REQUEST		ConfirmPayment	1612458053335	1612458053461	OK	 
USER	Timed1	END	1612458053559
USER	Timed1	START	1612458053621
REQUEST		AddTourToCart	1612458053585	1612458053741	OK	 
REQUEST		GetToken	1612458053621	1612458053783	OK	 
REQUEST		AddToCart	1612458053795	1612458053850	OK	 
REQUEST		BookingDetails	1612458053826	1612458053876	OK	 
REQUEST		GetTours	1612458053823	1612458053965	OK	 
REQUEST		ConfirmPayment	1612458053877	1612458054030	OK	 
REQUEST		AddTourToCart	1612458053929	1612458054106	OK	 
USER	Timed1	START	1612458054120
REQUEST		GetToken	1612458054120	1612458054260	OK	 
REQUEST		CreateTimed	1612458054281	1612458054324	OK	 
REQUEST		AddToCart	1612458054284	1612458054355	OK	 
REQUEST		BookingDetails	1612458054339	1612458054383	OK	 
USER	Timed1	END	1612458054465
USER	Timed1	END	1612458054480
REQUEST		ConfirmPayment	1612458054385	1612458054527	OK	 
USER	Timed1	END	1612458054580
REQUEST		AddTourToCart	1612458054460	1612458054609	OK	 
USER	Timed1	START	1612458054619
REQUEST		GetToken	1612458054620	1612458054744	OK	 
REQUEST		CreateTimed	1612458054744	1612458054796	OK	 
REQUEST		AddToCart	1612458054794	1612458054829	OK	 
REQUEST		GetTours	1612458054852	1612458055006	OK	 
REQUEST		AddTourToCart	1612458054969	1612458055129	OK	 
USER	Timed1	START	1612458055619
USER	Timed1	END	1612458055634
REQUEST		CreateTimed	1612458055205	1612458055861	OK	 
REQUEST		BookingDetails	1612458055327	1612458056088	OK	 
REQUEST		AddToCart	1612458055263	1612458056089	OK	 
REQUEST		GetTours	1612458055360	1612458056093	OK	 
REQUEST		GetToken	1612458055620	1612458056117	OK	 
USER	Timed1	START	1612458056130
REQUEST		BookingDetails	1612458055799	1612458056153	OK	 
REQUEST		CreateTimed	1612458055781	1612458056153	OK	 
REQUEST		AddToCart	1612458055747	1612458056163	OK	 
REQUEST		GetTours	1612458055860	1612458056238	OK	 
REQUEST		AddTourToCart	1612458056012	1612458056302	OK	 
REQUEST		GetToken	1612458056131	1612458056302	OK	 
USER	Timed1	END	1612458056305
REQUEST		ConfirmPayment	1612458056091	1612458056336	OK	 
REQUEST		ConfirmPayment	1612458056162	1612458056339	OK	 
REQUEST		CreateTimed	1612458056385	1612458056462	OK	 
USER	Timed1	END	1612458056463
USER	Timed1	START	1612458056620
REQUEST		GetToken	1612458056620	1612458056794	OK	 
REQUEST		BookingDetails	1612458056864	1612458056921	OK	 
USER	Timed1	END	1612458057033
REQUEST		ConfirmPayment	1612458056922	1612458057065	OK	 
USER	Timed1	START	1612458057120
REQUEST		AddToCart	1612458057132	1612458057162	OK	 
REQUEST		BookingDetails	1612458057164	1612458057217	OK	 
REQUEST		GetTours	1612458057094	1612458057250	OK	 
REQUEST		AddTourToCart	1612458057095	1612458057280	OK	 
REQUEST		GetToken	1612458057120	1612458057280	OK	 
REQUEST		GetTours	1612458057166	1612458057307	OK	 
REQUEST		AddToCart	1612458057306	1612458057344	OK	 
REQUEST		ConfirmPayment	1612458057221	1612458057379	OK	 
REQUEST		AddTourToCart	1612458057241	1612458057392	OK	 
REQUEST		CreateTimed	1612458057450	1612458057496	OK	 
REQUEST		BookingDetails	1612458057465	1612458057509	OK	 
USER	Timed1	END	1612458057529
USER	Timed1	START	1612458057620
REQUEST		ConfirmPayment	1612458057510	1612458057670	OK	 
REQUEST		GetToken	1612458057621	1612458057743	OK	 
REQUEST		AddToCart	1612458057796	1612458057856	OK	 
USER	Timed1	START	1612458058619
REQUEST		CreateTimed	1612458058533	1612458058886	OK	 
REQUEST		GetToken	1612458058620	1612458058914	OK	 
REQUEST		CreateTimed	1612458058703	1612458058929	OK	 
REQUEST		AddTourToCart	1612458058312	1612458058929	KO	status.find.in(200,201,202,203,204,205,206,207,208,209,304), found 400
USER	Timed1	END	1612458058932
REQUEST		AddToCart	1612458058283	1612458058939	OK	 
REQUEST		GetTours	1612458058165	1612458058939	OK	 
REQUEST		BookingDetails	1612458058499	1612458058940	OK	 
REQUEST		AddToCart	1612458058746	1612458058950	OK	 
REQUEST		GetTours	1612458058347	1612458058964	OK	 
REQUEST		GetTours	1612458058858	1612458059029	OK	 
REQUEST		AddTourToCart	1612458058261	1612458059064	OK	 
REQUEST		ConfirmPayment	1612458058942	1612458059081	OK	 
USER	Timed1	START	1612458059119
REQUEST		GetToken	1612458059119	1612458059289	OK	 
USER	Timed1	END	1612458059340
USER	Timed1	END	1612458059342
USER	Timed1	START	1612458059619
REQUEST		CreateTimed	1612458059649	1612458059700	OK	 
REQUEST		GetToken	1612458059619	1612458059736	OK	 
REQUEST		BookingDetails	1612458059888	1612458059952	OK	 
REQUEST		AddToCart	1612458059917	1612458060013	OK	 
REQUEST		BookingDetails	1612458059933	1612458060062	OK	 
USER	Timed1	END	1612458060068
REQUEST		GetTours	1612458059942	1612458060069	OK	 
USER	Timed1	START	1612458060119
REQUEST		GetTours	1612458059953	1612458060125	OK	 
REQUEST		AddTourToCart	1612458059944	1612458060149	OK	 
REQUEST		ConfirmPayment	1612458059954	1612458060164	OK	 
REQUEST		AddTourToCart	1612458059967	1612458060199	OK	 
REQUEST		AddTourToCart	1612458060032	1612458060201	OK	 
REQUEST		ConfirmPayment	1612458060064	1612458060207	OK	 
REQUEST		GetToken	1612458060123	1612458060236	OK	 
REQUEST		AddToCart	1612458060291	1612458060325	OK	 
USER	Timed1	END	1612458060400
REQUEST		CreateTimed	1612458060332	1612458060402	OK	 
USER	Timed1	START	1612458060621
USER	Timed1	END	1612458060677
REQUEST		BookingDetails	1612458060703	1612458060810	OK	 
REQUEST		AddToCart	1612458060738	1612458060840	OK	 
REQUEST		CreateTimed	1612458060747	1612458060842	OK	 
REQUEST		GetToken	1612458060621	1612458060930	OK	 
REQUEST		ConfirmPayment	1612458060812	1612458060943	OK	 
REQUEST		CreateTimed	1612458061110	1612458061149	OK	 
REQUEST		GetTours	1612458061016	1612458061149	OK	 
REQUEST		AddTourToCart	1612458061074	1612458061224	OK	 
REQUEST		AddToCart	1612458061239	1612458061274	OK	 
REQUEST		AddTourToCart	1612458061131	1612458061285	OK	 
REQUEST		GetTours	1612458061328	1612458061472	OK	 
REQUEST		BookingDetails	1612458061405	1612458061474	OK	 
USER	Timed1	START	1612458061620
REQUEST		ConfirmPayment	1612458061475	1612458061636	OK	 
REQUEST		CreateTimed	1612458061611	1612458061651	OK	 
REQUEST		GetToken	1612458061620	1612458061751	OK	 
USER	Timed1	END	1612458062084
USER	Timed1	START	1612458062119
REQUEST		GetTours	1612458061843	1612458062380	OK	 
REQUEST		AddToCart	1612458061934	1612458062380	OK	 
REQUEST		BookingDetails	1612458061844	1612458062383	OK	 
REQUEST		GetToken	1612458062119	1612458062475	OK	 
REQUEST		CreateTimed	1612458062133	1612458062477	OK	 
REQUEST		BookingDetails	1612458062160	1612458062530	OK	 
REQUEST		GetTours	1612458062278	1612458062610	OK	 
USER	Timed1	START	1612458062619
REQUEST		ConfirmPayment	1612458062532	1612458062701	OK	 
REQUEST		AddTourToCart	1612458062159	1612458062701	OK	 
REQUEST		ConfirmPayment	1612458062387	1612458062702	OK	 
REQUEST		AddTourToCart	1612458062476	1612458062702	OK	 
REQUEST		BookingDetails	1612458062654	1612458062733	OK	 
REQUEST		AddToCart	1612458062756	1612458062801	OK	 
REQUEST		GetToken	1612458062620	1612458062855	OK	 
REQUEST		ConfirmPayment	1612458062734	1612458062869	OK	 
USER	Timed1	START	1612458063119
USER	Timed1	END	1612458063168
USER	Timed1	END	1612458063210
REQUEST		GetToken	1612458063120	1612458063265	OK	 
REQUEST		CreateTimed	1612458063307	1612458063377	OK	 
REQUEST		AddToCart	1612458063478	1612458063518	OK	 
REQUEST		GetTours	1612458063384	1612458063531	OK	 
REQUEST		BookingDetails	1612458063479	1612458063572	OK	 
REQUEST		AddTourToCart	1612458063384	1612458063572	OK	 
USER	Timed1	START	1612458063620
REQUEST		ConfirmPayment	1612458063574	1612458063739	OK	 
REQUEST		GetToken	1612458063633	1612458063777	OK	 
REQUEST		AddTourToCart	1612458063629	1612458063867	OK	 
REQUEST		AddToCart	1612458063867	1612458063908	OK	 
USER	Timed1	END	1612458063946
REQUEST		GetTours	1612458063806	1612458063961	OK	 
REQUEST		AddToCart	1612458064269	1612458064315	OK	 
REQUEST		CreateTimed	1612458064283	1612458064321	OK	 
REQUEST		BookingDetails	1612458064397	1612458064465	OK	 
REQUEST		CreateTimed	1612458064397	1612458064464	OK	 
USER	Timed1	START	1612458064619
USER	Timed1	END	1612458064640
REQUEST		GetToken	1612458064619	1612458064978	OK	 
REQUEST		ConfirmPayment	1612458064467	1612458064980	OK	 
REQUEST		GetTours	1612458064521	1612458065006	KO	status.find.in(200,201,202,203,204,205,206,207,208,209,304), found 500
USER	Timed1	END	1612458065007
REQUEST		AddToCart	1612458064781	1612458065009	OK	 
REQUEST		AddTourToCart	1612458064534	1612458065085	OK	 
REQUEST		GetTours	1612458064910	1612458065097	OK	 
USER	Timed1	START	1612458065119
REQUEST		AddTourToCart	1612458064963	1612458065136	OK	 
REQUEST		GetToken	1612458065119	1612458065236	OK	 
REQUEST		BookingDetails	1612458065323	1612458065360	OK	 
REQUEST		GetTours	1612458065318	1612458065441	OK	 
REQUEST		ConfirmPayment	1612458065362	1612458065488	OK	 
REQUEST		BookingDetails	1612458065472	1612458065516	OK	 
USER	Timed1	START	1612458065620
REQUEST		ConfirmPayment	1612458065519	1612458065669	OK	 
USER	Timed1	END	1612458065706
USER	Timed1	END	1612458065708
USER	Timed1	END	1612458065871
REQUEST		GetToken	1612458065620	1612458065900	OK	 
REQUEST		AddToCart	1612458065993	1612458066030	OK	 
REQUEST		CreateTimed	1612458066069	1612458066115	OK	 
USER	Timed1	START	1612458066119
REQUEST		GetTours	1612458066010	1612458066142	OK	 
REQUEST		GetToken	1612458066122	1612458066235	OK	 
REQUEST		AddTourToCart	1612458066100	1612458066248	OK	 
REQUEST		AddToCart	1612458066238	1612458066300	OK	 
REQUEST		AddTourToCart	1612458066444	1612458066598	OK	 
USER	Timed1	START	1612458066636
USER	Timed1	END	1612458066745
REQUEST		GetToken	1612458066637	1612458066745	OK	 
REQUEST		AddToCart	1612458066904	1612458066940	OK	 
REQUEST		BookingDetails	1612458067117	1612458067175	OK	 
REQUEST		AddTourToCart	1612458067145	1612458067220	KO	status.find.in(200,201,202,203,204,205,206,207,208,209,304), found 400
USER	Timed1	END	1612458067222
REQUEST		CreateTimed	1612458067160	1612458067257	OK	 
REQUEST		CreateTimed	1612458067206	1612458067302	OK	 
REQUEST		CreateTimed	1612458067208	1612458067316	OK	 
REQUEST		AddToCart	1612458067239	1612458067322	OK	 
USER	Timed1	START	1612458067620
REQUEST		GetToken	1612458067621	1612458067772	OK	 
REQUEST		AddToCart	1612458067748	1612458067783	OK	 
REQUEST		GetTours	1612458067036	1612458067897	OK	 
REQUEST		GetTours	1612458067302	1612458067929	OK	 
REQUEST		ConfirmPayment	1612458067176	1612458067929	OK	 
USER	Timed1	END	1612458068015
REQUEST		GetTours	1612458067942	1612458068098	OK	 
USER	Timed1	START	1612458068121
REQUEST		GetToken	1612458068123	1612458068223	OK	 
REQUEST		CreateTimed	1612458068227	1612458068284	OK	 
REQUEST		BookingDetails	1612458068259	1612458068307	OK	 
REQUEST		CreateTimed	1612458068289	1612458068343	OK	 
REQUEST		BookingDetails	1612458068305	1612458068449	OK	 
REQUEST		BookingDetails	1612458068323	1612458068450	OK	 
REQUEST		GetTours	1612458068326	1612458068454	OK	 
USER	Timed1	END	1612458068491
REQUEST		ConfirmPayment	1612458068308	1612458068589	OK	 
REQUEST		ConfirmPayment	1612458068450	1612458068596	OK	 
USER	Timed1	START	1612458068621
REQUEST		ConfirmPayment	1612458068451	1612458068667	OK	 
USER	Timed1	END	1612458068678
REQUEST		GetToken	1612458068621	1612458068729	OK	 
REQUEST		AddToCart	1612458068774	1612458068829	OK	 
REQUEST		GetTours	1612458068787	1612458068927	OK	 
REQUEST		AddTourToCart	1612458068900	1612458069053	OK	 
REQUEST		AddTourToCart	1612458068932	1612458069090	OK	 
USER	Timed1	START	1612458069120
REQUEST		GetToken	1612458069120	1612458069273	OK	 
REQUEST		AddToCart	1612458069226	1612458069332	OK	 
REQUEST		AddTourToCart	1612458069102	1612458069354	OK	 
REQUEST		BookingDetails	1612458069287	1612458069358	OK	 
REQUEST		BookingDetails	1612458069345	1612458069389	OK	 
REQUEST		ConfirmPayment	1612458069390	1612458069527	OK	 
REQUEST		ConfirmPayment	1612458069360	1612458069565	OK	 
USER	Timed1	START	1612458069619
REQUEST		AddTourToCart	1612458069474	1612458069646	OK	 
REQUEST		GetToken	1612458069620	1612458069775	OK	 
REQUEST		CreateTimed	1612458069707	1612458069775	OK	 
REQUEST		CreateTimed	1612458069706	1612458069778	OK	 
REQUEST		AddToCart	1612458069735	1612458069788	OK	 
REQUEST		GetTours	1612458069831	1612458070028	OK	 
REQUEST		AddTourToCart	1612458069930	1612458070077	OK	 
REQUEST		AddToCart	1612458070276	1612458070317	OK	 
REQUEST		GetTours	1612458070334	1612458070460	OK	 
USER	Timed1	START	1612458070619
REQUEST		CreateTimed	1612458070576	1612458070625	OK	 
REQUEST		AddToCart	1612458070779	1612458070919	OK	 
REQUEST		BookingDetails	1612458070780	1612458070922	OK	 
REQUEST		CreateTimed	1612458070872	1612458070922	OK	 
USER	Timed1	END	1612458070933
REQUEST		BookingDetails	1612458070780	1612458070943	OK	 
REQUEST		GetToken	1612458070619	1612458070970	OK	 
REQUEST		GetTours	1612458070799	1612458071005	OK	 
USER	Timed1	START	1612458071120
REQUEST		ConfirmPayment	1612458070944	1612458071377	OK	 
REQUEST		ConfirmPayment	1612458070925	1612458071377	OK	 
REQUEST		GetToken	1612458071120	1612458071425	OK	 
REQUEST		AddTourToCart	1612458071032	1612458071459	OK	 
REQUEST		GetTours	1612458071346	1612458071528	OK	 
USER	Timed1	START	1612458071620
USER	Timed1	END	1612458071624
USER	Timed1	END	1612458071625
REQUEST		AddTourToCart	1612458071463	1612458071635	OK	 
USER	Timed1	END	1612458071680
REQUEST		BookingDetails	1612458071629	1612458071698	OK	 
REQUEST		GetToken	1612458071625	1612458071765	OK	 
REQUEST		ConfirmPayment	1612458071699	1612458071894	OK	 
REQUEST		BookingDetails	1612458071926	1612458071968	OK	 
REQUEST		AddToCart	1612458071974	1612458072004	OK	 
REQUEST		GetTours	1612458071923	1612458072054	OK	 
REQUEST		ConfirmPayment	1612458071969	1612458072092	OK	 
USER	Timed1	START	1612458072119
REQUEST		CreateTimed	1612458072088	1612458072133	OK	 
REQUEST		AddTourToCart	1612458072010	1612458072174	OK	 
REQUEST		CreateTimed	1612458072144	1612458072181	OK	 
REQUEST		GetToken	1612458072120	1612458072264	OK	 
REQUEST		AddToCart	1612458072427	1612458072460	OK	 
USER	Timed1	END	1612458072530
USER	Timed1	END	1612458072569
USER	Timed1	START	1612458072620
REQUEST		AddTourToCart	1612458072530	1612458072686	OK	 
REQUEST		GetToken	1612458072620	1612458072734	OK	 
REQUEST		AddToCart	1612458072767	1612458072804	OK	 
REQUEST		GetTours	1612458073006	1612458073220	OK	 
REQUEST		BookingDetails	1612458073135	1612458073261	OK	 
REQUEST		AddTourToCart	1612458073059	1612458073261	OK	 
REQUEST		BookingDetails	1612458073218	1612458073422	OK	 
REQUEST		ConfirmPayment	1612458073266	1612458073450	OK	 
REQUEST		CreateTimed	1612458073252	1612458073450	OK	 
REQUEST		AddToCart	1612458073266	1612458073454	OK	 
REQUEST		ConfirmPayment	1612458073425	1612458073616	OK	 
REQUEST		GetTours	1612458073465	1612458073618	OK	 
USER	Timed1	START	1612458073619
REQUEST		CreateTimed	1612458073604	1612458073672	OK	 
REQUEST		AddToCart	1612458073743	1612458073778	OK	 
REQUEST		GetToken	1612458073620	1612458073841	OK	 
REQUEST		GetTours	1612458073807	1612458073973	OK	 
USER	Timed1	START	1612458074119
REQUEST		GetToken	1612458074120	1612458074285	OK	 
USER	Timed1	END	1612458074380
USER	Timed1	END	1612458074381
REQUEST		AddTourToCart	1612458074222	1612458074390	OK	 
USER	Timed1	START	1612458074619
REQUEST		BookingDetails	1612458074454	1612458074633	OK	 
REQUEST		GetToken	1612458074619	1612458074869	OK	 
USER	Timed1	END	1612458074898
REQUEST		BookingDetails	1612458074675	1612458074944	OK	 
REQUEST		AddTourToCart	1612458074621	1612458074944	OK	 
REQUEST		GetTours	1612458074456	1612458074944	OK	 
REQUEST		ConfirmPayment	1612458074634	1612458074966	OK	 
REQUEST		AddToCart	1612458074846	1612458074967	OK	 
REQUEST		GetTours	1612458074781	1612458075043	OK	 
REQUEST		ConfirmPayment	1612458074947	1612458075076	OK	 
USER	Timed1	END	1612458075095
USER	Timed1	START	1612458075119
REQUEST		AddTourToCart	1612458074979	1612458075151	OK	 
REQUEST		GetToken	1612458075119	1612458075243	OK	 
REQUEST		AddToCart	1612458075288	1612458075353	OK	 
USER	Timed1	START	1612458075619
REQUEST		GetToken	1612458075620	1612458075738	OK	 
REQUEST		AddToCart	1612458075872	1612458075920	OK	 
REQUEST		AddTourToCart	1612458075948	1612458076108	OK	 
REQUEST		GetTours	1612458075970	1612458076108	OK	 
REQUEST		CreateTimed	1612458076059	1612458076138	OK	 
REQUEST		CreateTimed	1612458076094	1612458076140	OK	 
REQUEST		AddTourToCart	1612458076046	1612458076203	OK	 
REQUEST		AddToCart	1612458076246	1612458076289	OK	 
REQUEST		CreateTimed	1612458076359	1612458076406	OK	 
USER	Timed1	END	1612458076456
USER	Timed1	END	1612458076619
USER	Timed1	START	1612458076635
REQUEST		CreateTimed	1612458076652	1612458076700	OK	 
REQUEST		GetTours	1612458076355	1612458076720	OK	 
REQUEST		GetToken	1612458076635	1612458076748	OK	 
REQUEST		AddToCart	1612458076741	1612458076783	OK	 
USER	Timed1	START	1612458077119
REQUEST		CreateTimed	1612458077082	1612458077215	OK	 
REQUEST		GetTours	1612458076930	1612458077379	OK	 
REQUEST		AddTourToCart	1612458077112	1612458077483	OK	 
REQUEST		BookingDetails	1612458077143	1612458077483	OK	 
REQUEST		GetToken	1612458077119	1612458077483	OK	 
REQUEST		BookingDetails	1612458077142	1612458077483	OK	 
REQUEST		BookingDetails	1612458077408	1612458077495	OK	 
REQUEST		GetTours	1612458077291	1612458077530	OK	 
USER	Timed1	START	1612458077619
REQUEST		ConfirmPayment	1612458077487	1612458077683	OK	 
REQUEST		ConfirmPayment	1612458077487	1612458077683	OK	 
REQUEST		GetToken	1612458077619	1612458077962	OK	 
USER	Timed1	END	1612458077969
USER	Timed1	END	1612458078081
REQUEST		ConfirmPayment	1612458077497	1612458078100	OK	 
REQUEST		BookingDetails	1612458077707	1612458078103	OK	 
USER	Timed1	START	1612458078119
REQUEST		AddToCart	1612458077750	1612458078119	OK	 
REQUEST		GetTours	1612458077785	1612458078142	KO	status.find.in(200,201,202,203,204,205,206,207,208,209,304), found 500
USER	Timed1	END	1612458078144
REQUEST		GetToken	1612458078119	1612458078233	OK	 
REQUEST		AddTourToCart	1612458077738	1612458078257	OK	 
REQUEST		ConfirmPayment	1612458078104	1612458078355	OK	 
REQUEST		BookingDetails	1612458078219	1612458078363	OK	 
REQUEST		ConfirmPayment	1612458078367	1612458078505	OK	 
REQUEST		AddTourToCart	1612458078382	1612458078522	OK	 
REQUEST		CreateTimed	1612458078464	1612458078522	OK	 
REQUEST		AddToCart	1612458078488	1612458078560	OK	 
USER	Timed1	START	1612458078620
REQUEST		CreateTimed	1612458078640	1612458078688	OK	 
REQUEST		AddTourToCart	1612458078559	1612458078740	OK	 
REQUEST		GetToken	1612458078621	1612458078748	OK	 
REQUEST		AddToCart	1612458078964	1612458079015	OK	 
REQUEST		CreateTimed	1612458079180	1612458079240	OK	 
REQUEST		GetTours	1612458079123	1612458079261	OK	 
REQUEST		AddToCart	1612458079239	1612458079289	OK	 
USER	Timed1	START	1612458079620
REQUEST		BookingDetails	1612458079562	1612458079628	OK	 
REQUEST		GetTours	1612458079564	1612458079711	OK	 
REQUEST		CreateTimed	1612458079690	1612458079754	OK	 
REQUEST		BookingDetails	1612458079690	1612458079758	OK	 
REQUEST		AddToCart	1612458079752	1612458079791	OK	 
REQUEST		ConfirmPayment	1612458079634	1612458079818	OK	 
REQUEST		ConfirmPayment	1612458079769	1612458079957	OK	 
REQUEST		GetToken	1612458079628	1612458080010	OK	 
USER	Timed1	START	1612458080119
REQUEST		GetTours	1612458080017	1612458080168	OK	 
REQUEST		GetToken	1612458080119	1612458080263	OK	 
REQUEST		BookingDetails	1612458080243	1612458080377	OK	 
REQUEST		CreateTimed	1612458080288	1612458080377	OK	 
REQUEST		GetTours	1612458080292	1612458080431	OK	 
REQUEST		AddTourToCart	1612458080266	1612458080468	OK	 
REQUEST		ConfirmPayment	1612458080379	1612458080578	OK	 
USER	Timed1	START	1612458080620
USER	Timed1	END	1612458080700
USER	Timed1	END	1612458080701
REQUEST		GetToken	1612458080620	1612458080761	OK	 
REQUEST		BookingDetails	1612458080771	1612458080815	OK	 
REQUEST		AddTourToCart	1612458080719	1612458080863	OK	 
USER	Timed1	END	1612458081104
USER	Timed1	START	1612458081119
REQUEST		AddToCart	1612458081013	1612458081144	OK	 
REQUEST		GetTours	1612458080793	1612458081145	OK	 
REQUEST		ConfirmPayment	1612458080817	1612458081147	OK	 
REQUEST		GetToken	1612458081119	1612458081271	OK	 
REQUEST		AddToCart	1612458081269	1612458081312	OK	 
REQUEST		AddTourToCart	1612458081172	1612458081325	OK	 
USER	Timed1	END	1612458081358
REQUEST		BookingDetails	1612458081380	1612458081420	OK	 
REQUEST		CreateTimed	1612458081394	1612458081425	OK	 
USER	Timed1	END	1612458081511
REQUEST		AddTourToCart	1612458081436	1612458081579	OK	 
REQUEST		ConfirmPayment	1612458081421	1612458081579	OK	 
USER	Timed1	START	1612458081623
REQUEST		GetToken	1612458081624	1612458081762	OK	 
REQUEST		AddToCart	1612458081762	1612458081818	OK	 
REQUEST		CreateTimed	1612458081949	1612458082358	OK	 
REQUEST		CreateTimed	1612458082154	1612458082371	OK	 
REQUEST		AddToCart	1612458082285	1612458082373	OK	 
REQUEST		GetTours	1612458082317	1612458082488	OK	 
REQUEST		GetTours	1612458082150	1612458082490	OK	 
REQUEST		BookingDetails	1612458082427	1612458082491	OK	 
REQUEST		AddTourToCart	1612458082148	1612458082493	OK	 
REQUEST		ConfirmPayment	1612458082493	1612458082620	OK	 
USER	Timed1	START	1612458082620
REQUEST		GetToken	1612458082621	1612458082721	OK	 
REQUEST		AddToCart	1612458082765	1612458082813	OK	 
USER	Timed1	END	1612458082822
REQUEST		GetTours	1612458082820	1612458082960	OK	 
USER	Timed1	END	1612458082960
USER	Timed1	START	1612458083119
REQUEST		CreateTimed	1612458083128	1612458083217	OK	 
REQUEST		GetToken	1612458083129	1612458083291	OK	 
REQUEST		CreateTimed	1612458083220	1612458083291	OK	 
REQUEST		BookingDetails	1612458083371	1612458083424	OK	 
REQUEST		BookingDetails	1612458083373	1612458083425	OK	 
REQUEST		GetTours	1612458083374	1612458083552	OK	 
USER	Timed1	END	1612458083581
REQUEST		ConfirmPayment	1612458083425	1612458083583	OK	 
REQUEST		ConfirmPayment	1612458083427	1612458083584	OK	 
USER	Timed1	START	1612458083620
REQUEST		AddTourToCart	1612458083491	1612458083639	OK	 
REQUEST		AddTourToCart	1612458083493	1612458083646	OK	 
REQUEST		GetToken	1612458083637	1612458083769	OK	 
REQUEST		AddToCart	1612458083724	1612458083770	OK	 
REQUEST		GetTours	1612458083816	1612458083957	OK	 
USER	Timed1	START	1612458084120
REQUEST		AddTourToCart	1612458083962	1612458084146	OK	 
USER	Timed1	END	1612458084151
REQUEST		GetToken	1612458084120	1612458084257	OK	 
REQUEST		BookingDetails	1612458084221	1612458084303	OK	 
REQUEST		BookingDetails	1612458084294	1612458084431	OK	 
REQUEST		AddToCart	1612458084295	1612458084431	OK	 
REQUEST		ConfirmPayment	1612458084308	1612458084519	OK	 
REQUEST		CreateTimed	1612458084488	1612458084543	OK	 
REQUEST		ConfirmPayment	1612458084433	1612458084566	OK	 
USER	Timed1	END	1612458084583
USER	Timed1	START	1612458084619
REQUEST		AddTourToCart	1612458084555	1612458084706	OK	 
REQUEST		GetToken	1612458084620	1612458084755	OK	 
REQUEST		AddToCart	1612458084773	1612458084826	OK	 
REQUEST		GetTours	1612458084773	1612458084913	OK	 
REQUEST		AddTourToCart	1612458084959	1612458085114	OK	 
REQUEST		AddToCart	1612458085261	1612458085310	OK	 
REQUEST		CreateTimed	1612458085263	1612458085317	OK	 
REQUEST		GetTours	1612458085435	1612458085578	OK	 
REQUEST		BookingDetails	1612458085545	1612458085591	OK	 
USER	Timed1	END	1612458085623
USER	Timed1	START	1612458085633
REQUEST		CreateTimed	1612458085561	1612458085635	OK	 
REQUEST		ConfirmPayment	1612458085593	1612458085749	OK	 
REQUEST		GetToken	1612458085633	1612458085777	OK	 
REQUEST		CreateTimed	1612458085748	1612458085819	OK	 
REQUEST		AddToCart	1612458085760	1612458085836	OK	 
REQUEST		GetTours	1612458085830	1612458086022	OK	 
USER	Timed1	START	1612458086121
REQUEST		AddTourToCart	1612458085916	1612458086203	OK	 
REQUEST		GetToken	1612458086121	1612458086332	OK	 
REQUEST		BookingDetails	1612458086324	1612458086386	OK	 
REQUEST		GetTours	1612458086312	1612458086431	OK	 
REQUEST		ConfirmPayment	1612458086388	1612458086513	OK	 
USER	Timed1	END	1612458086589
USER	Timed1	END	1612458086590
USER	Timed1	START	1612458086620
REQUEST		BookingDetails	1612458086640	1612458086675	OK	 
REQUEST		AddTourToCart	1612458086581	1612458086751	OK	 
REQUEST		GetToken	1612458086621	1612458086758	OK	 
REQUEST		ConfirmPayment	1612458086676	1612458086820	OK	 
REQUEST		AddToCart	1612458086780	1612458086825	OK	 
REQUEST		BookingDetails	1612458086824	1612458086876	OK	 
REQUEST		GetTours	1612458086839	1612458086989	OK	 
USER	Timed1	START	1612458087119
REQUEST		ConfirmPayment	1612458086877	1612458087233	OK	 
REQUEST		AddTourToCart	1612458087025	1612458087234	OK	 
REQUEST		GetToken	1612458087119	1612458087357	OK	 
REQUEST		AddToCart	1612458087344	1612458087385	OK	 
USER	Timed1	END	1612458087524
REQUEST		CreateTimed	1612458087485	1612458087535	OK	 
USER	Timed1	END	1612458087570
REQUEST		AddTourToCart	1612458087434	1612458087586	OK	 
USER	Timed1	START	1612458087620
REQUEST		GetToken	1612458087625	1612458087753	OK	 
REQUEST		AddToCart	1612458087764	1612458087820	OK	 
REQUEST		CreateTimed	1612458087875	1612458087915	OK	 
REQUEST		GetTours	1612458087830	1612458087970	OK	 
REQUEST		AddTourToCart	1612458087992	1612458088162	OK	 
REQUEST		CreateTimed	1612458088330	1612458088395	OK	 
REQUEST		AddToCart	1612458088362	1612458088424	OK	 
REQUEST		GetTours	1612458088387	1612458088530	OK	 
REQUEST		BookingDetails	1612458088537	1612458088591	OK	 
USER	Timed1	START	1612458088619
REQUEST		CreateTimed	1612458088584	1612458088692	OK	 
REQUEST		ConfirmPayment	1612458088592	1612458088723	OK	 
USER	Timed1	END	1612458088753
REQUEST		GetToken	1612458088619	1612458088763	OK	 
REQUEST		AddToCart	1612458088755	1612458088837	OK	 
REQUEST		GetTours	1612458088823	1612458089048	OK	 
REQUEST		BookingDetails	1612458088918	1612458089117	OK	 
USER	Timed1	START	1612458089120
REQUEST		AddTourToCart	1612458088974	1612458089154	OK	 
REQUEST		GetToken	1612458089120	1612458089274	OK	 
REQUEST		ConfirmPayment	1612458089119	1612458089287	OK	 
REQUEST		BookingDetails	1612458089398	1612458089450	OK	 
USER	Timed1	END	1612458089516
REQUEST		CreateTimed	1612458089503	1612458089546	OK	 
REQUEST		GetTours	1612458089426	1612458089585	OK	 
REQUEST		ConfirmPayment	1612458089452	1612458089587	OK	 
USER	Timed1	START	1612458089620
REQUEST		AddTourToCart	1612458089534	1612458089687	OK	 
REQUEST		GetToken	1612458089620	1612458089725	OK	 
REQUEST		BookingDetails	1612458089697	1612458089744	OK	 
REQUEST		AddToCart	1612458089766	1612458089802	OK	 
USER	Timed1	END	1612458089824
REQUEST		ConfirmPayment	1612458089746	1612458089888	OK	 
REQUEST		GetTours	1612458089841	1612458089981	OK	 
USER	Timed1	START	1612458090119
REQUEST		AddTourToCart	1612458090052	1612458090203	OK	 
USER	Timed1	END	1612458090237
REQUEST		GetToken	1612458090119	1612458090286	OK	 
REQUEST		AddToCart	1612458090286	1612458090324	OK	 
REQUEST		BookingDetails	1612458090552	1612458090622	OK	 
REQUEST		CreateTimed	1612458090644	1612458090679	OK	 
USER	Timed1	START	1612458090691
REQUEST		CreateTimed	1612458090654	1612458090710	OK	 
REQUEST		AddTourToCart	1612458090589	1612458090733	OK	 
REQUEST		AddToCart	1612458090728	1612458090767	OK	 
REQUEST		ConfirmPayment	1612458090624	1612458090767	OK	 
REQUEST		GetToken	1612458090691	1612458090822	OK	 
REQUEST		GetTours	1612458090822	1612458091031	OK	 
REQUEST		AddTourToCart	1612458090985	1612458091134	OK	 
REQUEST		CreateTimed	1612458091150	1612458091219	OK	 
REQUEST		AddToCart	1612458091289	1612458091336	OK	 
REQUEST		GetTours	1612458091328	1612458091463	OK	 
USER	Timed1	START	1612458091619
REQUEST		BookingDetails	1612458091683	1612458091730	OK	 
USER	Timed1	END	1612458091731
REQUEST		BookingDetails	1612458091713	1612458091773	OK	 
REQUEST		CreateTimed	1612458091712	1612458091773	OK	 
REQUEST		GetToken	1612458091634	1612458091791	OK	 
REQUEST		AddToCart	1612458091828	1612458091870	OK	 
REQUEST		ConfirmPayment	1612458091775	1612458091929	OK	 
REQUEST		GetTours	1612458091770	1612458091929	OK	 
USER	Timed1	START	1612458092119
USER	Timed1	END	1612458092293
REQUEST		CreateTimed	1612458092118	1612458092505	OK	 
REQUEST		GetToken	1612458092120	1612458092505	OK	 
REQUEST		BookingDetails	1612458092221	1612458092507	OK	 
REQUEST		AddTourToCart	1612458092036	1612458092590	OK	 
USER	Timed1	END	1612458092591
REQUEST		GetTours	1612458092340	1612458092610	OK	 
USER	Timed1	START	1612458092619
REQUEST		AddTourToCart	1612458092467	1612458092655	OK	 
REQUEST		ConfirmPayment	1612458092509	1612458092655	OK	 
REQUEST		GetToken	1612458092619	1612458092764	OK	 
REQUEST		BookingDetails	1612458092777	1612458092818	OK	 
REQUEST		AddToCart	1612458092796	1612458092835	OK	 
USER	Timed1	END	1612458092890
REQUEST		ConfirmPayment	1612458091732	1612458092913	OK	 
REQUEST		ConfirmPayment	1612458092819	1612458092951	OK	 
REQUEST		GetTours	1612458092873	1612458093005	OK	 
REQUEST		AddTourToCart	1612458092933	1612458093089	OK	 
USER	Timed1	START	1612458093119
REQUEST		CreateTimed	1612458093219	1612458093303	OK	 
REQUEST		GetToken	1612458093119	1612458093303	OK	 
REQUEST		BookingDetails	1612458093509	1612458093558	OK	 
REQUEST		AddToCart	1612458093509	1612458093558	OK	 
USER	Timed1	START	1612458093621
REQUEST		ConfirmPayment	1612458093560	1612458093684	OK	 
REQUEST		AddTourToCart	1612458093616	1612458093768	OK	 
USER	Timed1	END	1612458093770
REQUEST		GetToken	1612458093621	1612458093785	OK	 
REQUEST		AddToCart	1612458093768	1612458093818	OK	 
REQUEST		CreateTimed	1612458093756	1612458093857	OK	 
REQUEST		GetTours	1612458093837	1612458093987	OK	 
REQUEST		AddTourToCart	1612458094021	1612458094176	OK	 
REQUEST		CreateTimed	1612458094243	1612458094297	OK	 
REQUEST		AddToCart	1612458094308	1612458094364	OK	 
REQUEST		BookingDetails	1612458094308	1612458094365	OK	 
REQUEST		ConfirmPayment	1612458094366	1612458094504	OK	 
USER	Timed1	START	1612458094619
REQUEST		CreateTimed	1612458094592	1612458094622	OK	 
REQUEST		GetTours	1612458094566	1612458094704	OK	 
REQUEST		GetToken	1612458094619	1612458094735	OK	 
REQUEST		AddToCart	1612458094787	1612458094863	OK	 
REQUEST		BookingDetails	1612458094860	1612458094906	OK	 
USER	Timed1	END	1612458094933
REQUEST		GetTours	1612458094822	1612458094960	OK	 
REQUEST		ConfirmPayment	1612458094907	1612458095035	OK	 
USER	Timed1	START	1612458095120
REQUEST		AddTourToCart	1612458094991	1612458095148	OK	 
REQUEST		CreateTimed	1612458095166	1612458095221	OK	 
REQUEST		GetToken	1612458095121	1612458095267	OK	 
REQUEST		BookingDetails	1612458095300	1612458095357	OK	 
REQUEST		GetTours	1612458095369	1612458095505	OK	 
REQUEST		ConfirmPayment	1612458095359	1612458095519	OK	 
USER	Timed1	START	1612458095619
USER	Timed1	END	1612458095660
REQUEST		BookingDetails	1612458095624	1612458095675	OK	 
REQUEST		GetToken	1612458095620	1612458095756	OK	 
REQUEST		AddToCart	1612458095738	1612458095780	OK	 
REQUEST		ConfirmPayment	1612458095676	1612458095827	OK	 
REQUEST		AddTourToCart	1612458095707	1612458095873	OK	 
USER	Timed1	END	1612458095918
USER	Timed1	END	1612458095954
REQUEST		GetTours	1612458095873	1612458096009	OK	 
REQUEST		AddTourToCart	1612458095963	1612458096106	OK	 
USER	Timed1	START	1612458096120
REQUEST		CreateTimed	1612458096167	1612458096238	OK	 
REQUEST		GetToken	1612458096121	1612458096256	OK	 
REQUEST		BookingDetails	1612458096226	1612458096271	OK	 
REQUEST		AddToCart	1612458096270	1612458096317	OK	 
REQUEST		ConfirmPayment	1612458096272	1612458096428	OK	 
USER	Timed1	START	1612458096619
USER	Timed1	END	1612458096704
REQUEST		CreateTimed	1612458096704	1612458096754	OK	 
REQUEST		GetToken	1612458096620	1612458096756	OK	 
REQUEST		AddTourToCart	1612458096507	1612458096787	OK	 
REQUEST		AddToCart	1612458096759	1612458096789	OK	 
REQUEST		GetTours	1612458096782	1612458096956	OK	 
REQUEST		AddTourToCart	1612458097012	1612458097159	OK	 
REQUEST		CreateTimed	1612458097211	1612458097260	OK	 
REQUEST		BookingDetails	1612458097242	1612458097276	OK	 
REQUEST		AddToCart	1612458097259	1612458097287	OK	 
REQUEST		ConfirmPayment	1612458097277	1612458097431	OK	 
REQUEST		GetTours	1612458097320	1612458097457	OK	 
USER	Timed1	END	1612458097507
REQUEST		BookingDetails	1612458097757	1612458097803	OK	 
REQUEST		CreateTimed	1612458097737	1612458097803	OK	 
REQUEST		AddToCart	1612458097761	1612458097806	OK	 
REQUEST		GetTours	1612458097791	1612458097934	OK	 
REQUEST		ConfirmPayment	1612458097805	1612458097936	OK	 
USER	Timed1	END	1612458098038
REQUEST		AddTourToCart	1612458097960	1612458098105	OK	 
REQUEST		CreateTimed	1612458098170	1612458098221	OK	 
REQUEST		BookingDetails	1612458098266	1612458098321	OK	 
REQUEST		GetTours	1612458098292	1612458098447	OK	 
REQUEST		ConfirmPayment	1612458098323	1612458098453	OK	 
USER	Timed1	END	1612458098523
REQUEST		AddTourToCart	1612458098461	1612458098608	OK	 
USER	Timed1	END	1612458098841
REQUEST		BookingDetails	1612458098807	1612458098862	OK	 
REQUEST		GetTours	1612458098821	1612458098964	OK	 
REQUEST		ConfirmPayment	1612458098863	1612458099000	OK	 
REQUEST		AddTourToCart	1612458098937	1612458099093	OK	 
REQUEST		BookingDetails	1612458099224	1612458099261	OK	 
REQUEST		ConfirmPayment	1612458099262	1612458099403	OK	 
USER	Timed1	END	1612458099432
REQUEST		AddTourToCart	1612458099453	1612458099608	OK	 
REQUEST		CreateTimed	1612458099594	1612458099641	OK	 
REQUEST		CreateTimed	1612458099660	1612458099700	OK	 
REQUEST		AddTourToCart	1612458099967	1612458100129	OK	 
REQUEST		CreateTimed	1612458100091	1612458100132	OK	 
USER	Timed1	END	1612458100437
REQUEST		BookingDetails	1612458100643	1612458100689	OK	 
REQUEST		BookingDetails	1612458100703	1612458100750	OK	 
REQUEST		CreateTimed	1612458100772	1612458100812	OK	 
REQUEST		ConfirmPayment	1612458100699	1612458100829	OK	 
REQUEST		ConfirmPayment	1612458100752	1612458100903	OK	 
USER	Timed1	END	1612458100941
REQUEST		BookingDetails	1612458101136	1612458101184	OK	 
REQUEST		CreateTimed	1612458101180	1612458101234	OK	 
REQUEST		ConfirmPayment	1612458101185	1612458101321	OK	 
USER	Timed1	END	1612458101458
REQUEST		BookingDetails	1612458101815	1612458101873	OK	 
USER	Timed1	END	1612458102005
REQUEST		ConfirmPayment	1612458101874	1612458102044	OK	 
REQUEST		CreateTimed	1612458102163	1612458102207	OK	 
REQUEST		BookingDetails	1612458102241	1612458102314	OK	 
USER	Timed1	END	1612458102406
REQUEST		ConfirmPayment	1612458102316	1612458102454	OK	 
REQUEST		CreateTimed	1612458102877	1612458102917	OK	 
REQUEST		CreateTimed	1612458103111	1612458103152	OK	 
REQUEST		BookingDetails	1612458103209	1612458103243	OK	 
REQUEST		ConfirmPayment	1612458103244	1612458103384	OK	 
REQUEST		CreateTimed	1612458103791	1612458103833	OK	 
USER	Timed1	END	1612458103835
USER	Timed1	END	1612458103906
REQUEST		BookingDetails	1612458103918	1612458103983	OK	 
REQUEST		ConfirmPayment	1612458103985	1612458104122	OK	 
REQUEST		BookingDetails	1612458104178	1612458104228	OK	 
REQUEST		CreateTimed	1612458104179	1612458104228	OK	 
USER	Timed1	END	1612458104325
REQUEST		ConfirmPayment	1612458104230	1612458104375	OK	 
REQUEST		BookingDetails	1612458104835	1612458104895	OK	 
REQUEST		ConfirmPayment	1612458104897	1612458105027	OK	 
USER	Timed1	END	1612458105046
REQUEST		CreateTimed	1612458105109	1612458105156	OK	 
REQUEST		BookingDetails	1612458105241	1612458105310	OK	 
REQUEST		ConfirmPayment	1612458105312	1612458105434	OK	 
USER	Timed1	END	1612458105457
REQUEST		CreateTimed	1612458105633	1612458105851	OK	 
REQUEST		CreateTimed	1612458106097	1612458106138	OK	 
REQUEST		BookingDetails	1612458106159	1612458106363	OK	 
USER	Timed1	END	1612458106387
REQUEST		ConfirmPayment	1612458106365	1612458106503	OK	 
REQUEST		CreateTimed	1612458106612	1612458106668	OK	 
REQUEST		BookingDetails	1612458106854	1612458106915	OK	 
REQUEST		ConfirmPayment	1612458106916	1612458107058	OK	 
REQUEST		BookingDetails	1612458107143	1612458107193	OK	 
USER	Timed1	END	1612458107196
REQUEST		CreateTimed	1612458107197	1612458107244	OK	 
REQUEST		ConfirmPayment	1612458107194	1612458107342	OK	 
USER	Timed1	END	1612458107381
REQUEST		BookingDetails	1612458107671	1612458107714	OK	 
REQUEST		ConfirmPayment	1612458107715	1612458107850	OK	 
USER	Timed1	END	1612458108031
REQUEST		BookingDetails	1612458108247	1612458108323	OK	 
USER	Timed1	END	1612458108445
REQUEST		ConfirmPayment	1612458108325	1612458108467	OK	 
USER	Timed1	END	1612458109516
USER	Timed1	END	1612458110060
USER	Timed1	END	1612458110345
USER	Timed1	END	1612458110854
USER	Timed1	END	1612458111470
