RUN	LocalSimulation3	localsimulation3	1610359213172	 	3.5.0
USER	LocalSimulation3	START	1610359214647
REQUEST		request_0	1610359214677	1610359215004	OK	 
REQUEST		request_0 Redirect 1	1610359215016	1610359215180	OK	 
ERROR	request_6: Failed to build request: Resource /localsimulation3/0006_request.txt not found 	1610359215192
ERROR	request_7: Failed to build request: Resource /localsimulation3/0007_request.txt not found 	1610359215192
ERROR	request_9: Failed to build request: Resource /localsimulation3/0009_request.json not found 	1610359215193
ERROR	request_10: Failed to build request: Resource /localsimulation3/0010_request.json not found 	1610359215193
REQUEST		request_8	1610359215208	1610359215218	OK	 
REQUEST		request_3	1610359215207	1610359215227	OK	 
REQUEST		request_4	1610359215209	1610359215235	OK	 
REQUEST		request_1	1610359215211	1610359215332	OK	 
REQUEST		request_5	1610359215210	1610359215355	OK	 
REQUEST		request_2	1610359215212	1610359215596	OK	 
REQUEST		request_11	1610359218605	1610359218608	OK	 
ERROR	request_12: Failed to build request: Resource /localsimulation3/0012_request.json not found 	1610359218608
ERROR	request_14: Failed to build request: Resource /localsimulation3/0014_request.json not found 	1610359218609
REQUEST		request_13	1610359218609	1610359218699	OK	 
ERROR	request_15: Failed to build request: Resource /localsimulation3/0015_request.txt not found 	1610359220715
ERROR	request_16: Failed to build request: Resource /localsimulation3/0016_request.txt not found 	1610359221726
REQUEST		request_17	1610359224741	1610359224744	OK	 
ERROR	request_18: Failed to build request: Resource /localsimulation3/0018_request.json not found 	1610359224745
ERROR	request_19: Failed to build request: Resource /localsimulation3/0019_request.json not found 	1610359224745
REQUEST		request_20	1610359224751	1610359224862	OK	 
REQUEST		request_37	1610359224788	1610359224865	KO	status.find.in(200,201,202,203,204,205,206,207,208,209,304), found 401
REQUEST		request_21	1610359224823	1610359224880	KO	status.find.in(200,201,202,203,204,205,206,207,208,209,304), found 401
REQUEST		request_24	1610359224752	1610359225020	OK	 
REQUEST		request_22	1610359224831	1610359225025	OK	 
REQUEST		request_25	1610359224834	1610359225029	OK	 
REQUEST		request_35	1610359224841	1610359225035	OK	 
REQUEST		request_27	1610359224843	1610359225038	OK	 
REQUEST		request_28	1610359224845	1610359225041	OK	 
REQUEST		request_23	1610359224846	1610359225145	OK	 
REQUEST		request_29	1610359224847	1610359225171	OK	 
REQUEST		request_26	1610359224848	1610359225185	OK	 
REQUEST		request_36	1610359224825	1610359225911	OK	 
REQUEST		request_31	1610359224790	1610359225913	OK	 
REQUEST		request_30	1610359224826	1610359225914	OK	 
REQUEST		request_39	1610359224830	1610359225915	OK	 
REQUEST		request_38	1610359224832	1610359225916	OK	 
REQUEST		request_33	1610359224833	1610359225917	OK	 
REQUEST		request_40	1610359224836	1610359225918	OK	 
REQUEST		request_32	1610359224838	1610359225919	OK	 
REQUEST		request_34	1610359224844	1610359225919	OK	 
REQUEST		request_41	1610359224850	1610359225920	OK	 
REQUEST		request_42	1610359226929	1610359226973	OK	 
ERROR	request_45: Failed to build request: Resource /localsimulation3/0045_request.txt not found 	1610359226974
ERROR	request_46: Failed to build request: Resource /localsimulation3/0046_request.txt not found 	1610359226974
REQUEST		request_44	1610359226976	1610359226996	OK	 
REQUEST		request_47	1610359226975	1610359227159	OK	 
REQUEST		request_43	1610359226977	1610359227165	OK	 
REQUEST		request_48	1610359228179	1610359228375	OK	 
REQUEST		request_49	1610359229391	1610359229576	OK	 
REQUEST		request_50	1610359229578	1610359229758	OK	 
REQUEST		request_51	1610359230761	1610359230764	OK	 
ERROR	request_53: Failed to build request: Resource /localsimulation3/0053_request.json not found 	1610359230770
REQUEST		request_54	1610359230798	1610359230990	OK	 
REQUEST		request_55	1610359230799	1610359230991	OK	 
REQUEST		request_56	1610359230800	1610359230992	OK	 
REQUEST		request_52	1610359230772	1610359231351	KO	status.find.in(200,201,202,203,204,205,206,207,208,209,304), found 400
REQUEST		request_57	1610359233355	1610359233383	OK	 
ERROR	request_58: Failed to build request: Resource /localsimulation3/0058_request.json not found 	1610359233384
ERROR	request_59: Failed to build request: Resource /localsimulation3/0059_request.txt not found 	1610359235392
USER	LocalSimulation3	END	1610359235413
