RUN	GeneralAdmission1	generaladmission1	1612281777191	 	3.5.0
USER	GeneralAdmission1	START	1612281778944
REQUEST		GetToken	1612281778993	1612281779392	OK	 
REQUEST		GetToken Redirect 1	1612281779424	1612281780240	OK	 
REQUEST		request_1	1612281780446	1612281781257	OK	 
REQUEST		AddToCart	1612281786305	1612281786334	OK	 
REQUEST		AddToCart Redirect 1	1612281786346	1612281786569	OK	 
REQUEST		CreateGeneral	1612281787591	1612281787599	OK	 
REQUEST		CreateGeneral Redirect 1	1612281787602	1612281788180	OK	 
REQUEST		BookingDetails	1612281792197	1612281792207	OK	 
REQUEST		BookingDetails Redirect 1	1612281792213	1612281813697	OK	 
REQUEST		StripeElement	1612281813701	1612281814549	OK	 
REQUEST		shared-8b0cf640a52a1422947f168069c49b9d.js	1612281814646	1612281815413	OK	 
REQUEST		ui-shared-1a3494666c8cbd375492e006f2e840cd.css	1612281814660	1612281815582	OK	 
REQUEST		elements-inner-card-77d7d4c2ce976deb5d1dc2ff2a238146.js	1612281814652	1612281815681	OK	 
REQUEST		ui-shared-121e554d3a08b818808584dff61fc32c.js	1612281814664	1612281816209	OK	 
REQUEST		CreatePaymentIntent	1612281819290	1612281819299	OK	 
REQUEST		CreatePaymentIntent Redirect 1	1612281819304	1612281819919	OK	 
REQUEST		StripeController	1612281832988	1612281833655	OK	 
REQUEST		controller-6d15abacacad5eabb07034f26400b450.js	1612281833669	1612281834772	OK	 
REQUEST		StripeCountryRanges	1612281836810	1612281838141	OK	 
REQUEST		PrivateStripe	1612281844215	1612281844772	OK	 
REQUEST		Elements1	1612281844785	1612281845640	OK	 
REQUEST		Elements2	1612281845645	1612281845870	OK	 
REQUEST		Elements3	1612281845874	1612281846082	OK	 
REQUEST		Elements4	1612281846087	1612281846330	OK	 
REQUEST		Elements5	1612281846336	1612281846566	OK	 
REQUEST		Elements6	1612281846571	1612281846787	OK	 
REQUEST		Elements6	1612281846792	1612281847072	OK	 
REQUEST		Elements7	1612281847077	1612281847270	OK	 
REQUEST		Elements8	1612281847275	1612281847465	OK	 
REQUEST		Elements9	1612281847470	1612281847676	OK	 
REQUEST		Elements10	1612281847680	1612281848340	OK	 
REQUEST		Elements11	1612281848345	1612281848540	OK	 
REQUEST		Elements12	1612281849545	1612281849768	OK	 
REQUEST		Elements13	1612281851780	1612281851975	OK	 
REQUEST		Elements14	1612281853995	1612281854185	OK	 
REQUEST		Elements15	1612281854192	1612281854378	OK	 
REQUEST		Elements16	1612281855385	1612281855574	OK	 
REQUEST		ConfirmPayment	1612281855595	1612281855611	OK	 
REQUEST		ConfirmPayment	1612281855617	1612281855695	KO	status.find.in(200,201,202,203,204,205,206,207,208,209,304), found 405
REQUEST		AddDetails	1612281855587	1612281855989	KO	status.find.in(200,201,202,203,204,205,206,207,208,209,304), found 400
USER	GeneralAdmission1	END	1612281856010
