RUN	LocalSimulation3	localsimulation3	1610364482006	 	3.5.0
USER	LocalSimulation3	START	1610364484277
REQUEST		request_0	1610364484337	1610364484918	OK	 
REQUEST		request_0 Redirect 1	1610364484932	1610364485211	OK	 
REQUEST		request_4	1610364485255	1610364485350	OK	 
REQUEST		request_3	1610364485318	1610364485365	OK	 
REQUEST		request_8	1610364485319	1610364485432	OK	 
REQUEST		request_7	1610364485256	1610364485460	OK	 
REQUEST		request_9	1610364485253	1610364485726	OK	 
REQUEST		request_5	1610364485283	1610364485827	OK	 
REQUEST		request_6	1610364485286	1610364486139	OK	 
REQUEST		request_1	1610364485285	1610364486268	OK	 
REQUEST		request_2	1610364485320	1610364486418	OK	 
REQUEST		request_9	1610364485727	1610364487042	OK	 
REQUEST		request_10	1610364485317	1610364487066	OK	 
REQUEST		request_11	1610364490074	1610364490084	OK	 
REQUEST		request_12	1610364490086	1610364490101	OK	 
REQUEST		request_13	1610364490087	1610364490118	OK	 
REQUEST		request_14	1610364490088	1610364493774	KO	status.find.in(200,201,202,203,204,205,206,207,208,209,304), found 400
REQUEST		request_12	1610364490101	1610364493885	OK	 
REQUEST		request_15	1610364495900	1610364496094	OK	 
REQUEST		request_16	1610364497110	1610364497128	OK	 
REQUEST		request_17	1610364500134	1610364500138	OK	 
REQUEST		request_21	1610364500172	1610364500229	OK	 
REQUEST		request_19	1610364500205	1610364500231	KO	status.find.in(200,201,202,203,204,205,206,207,208,209,304), found 403
REQUEST		request_18	1610364500194	1610364500231	KO	status.find.in(200,201,202,203,204,205,206,207,208,209,304), found 403
REQUEST		request_20	1610364500195	1610364500246	OK	 
REQUEST		request_23	1610364500149	1610364500372	OK	 
REQUEST		request_27	1610364500197	1610364500388	OK	 
REQUEST		request_26	1610364500204	1610364500495	OK	 
REQUEST		request_24	1610364500207	1610364500558	OK	 
REQUEST		request_35	1610364500208	1610364500562	OK	 
REQUEST		request_28	1610364500216	1610364500602	OK	 
REQUEST		request_22	1610364500213	1610364500648	OK	 
REQUEST		request_29	1610364500214	1610364500712	OK	 
REQUEST		request_25	1610364500215	1610364500720	OK	 
REQUEST		request_36	1610364500174	1610364501186	OK	 
REQUEST		request_32	1610364500198	1610364501194	OK	 
REQUEST		request_33	1610364500199	1610364501196	OK	 
REQUEST		request_30	1610364500196	1610364501197	OK	 
REQUEST		request_39	1610364500200	1610364501198	OK	 
REQUEST		request_41	1610364500201	1610364501199	OK	 
REQUEST		request_34	1610364500202	1610364501211	OK	 
REQUEST		request_40	1610364500203	1610364501221	OK	 
REQUEST		request_38	1610364500218	1610364501223	OK	 
REQUEST		request_31	1610364500210	1610364501251	OK	 
REQUEST		request_37	1610364500217	1610364501693	OK	 
REQUEST		request_21	1610364500229	1610364501707	OK	 
REQUEST		request_42	1610364502722	1610364502752	OK	 
REQUEST		request_44	1610364502755	1610364502778	OK	 
REQUEST		request_47	1610364502756	1610364503012	OK	 
REQUEST		request_46	1610364502758	1610364503013	OK	 
REQUEST		request_43	1610364502757	1610364503014	OK	 
REQUEST		request_45	1610364502759	1610364503595	OK	 
REQUEST		request_48	1610364504607	1610364504792	OK	 
REQUEST		request_49	1610364505803	1610364505992	OK	 
REQUEST		request_50	1610364505994	1610364506221	OK	 
REQUEST		request_51	1610364507226	1610364507233	OK	 
REQUEST		request_53	1610364507247	1610364507257	OK	 
REQUEST		request_56	1610364507243	1610364507426	OK	 
REQUEST		request_54	1610364507248	1610364507445	OK	 
REQUEST		request_55	1610364507250	1610364507459	OK	 
REQUEST		request_53	1610364507258	1610364507555	KO	status.find.in(200,201,202,203,204,205,206,207,208,209,304), found 400
REQUEST		request_52	1610364507246	1610364507613	KO	status.find.in(200,201,202,203,204,205,206,207,208,209,304), found 400
REQUEST		request_57	1610364509627	1610364509643	OK	 
REQUEST		request_58	1610364509646	1610364509819	KO	status.find.in(200,201,202,203,204,205,206,207,208,209,304), found 400
REQUEST		request_59	1610364511835	1610364512033	OK	 
USER	LocalSimulation3	END	1610364512105
