RUN	GeneralAdmission1	generaladmission1	1612441853450	 	3.5.0
USER	GeneralAdmission1	START	1612441856065
USER	GeneralAdmission1	START	1612441856067
USER	GeneralAdmission1	START	1612441856080
USER	GeneralAdmission1	START	1612441856069
USER	GeneralAdmission1	START	1612441856083
USER	GeneralAdmission1	START	1612441856068
USER	GeneralAdmission1	START	1612441856005
USER	GeneralAdmission1	START	1612441856082
USER	GeneralAdmission1	START	1612441856167
USER	GeneralAdmission1	START	1612441856165
USER	GeneralAdmission1	START	1612441856167
USER	GeneralAdmission1	START	1612441856169
USER	GeneralAdmission1	START	1612441856151
USER	GeneralAdmission1	START	1612441856183
USER	GeneralAdmission1	START	1612441856168
USER	GeneralAdmission1	START	1612441856165
USER	GeneralAdmission1	START	1612441856170
USER	GeneralAdmission1	START	1612441856216
USER	GeneralAdmission1	START	1612441856223
USER	GeneralAdmission1	START	1612441856220
USER	GeneralAdmission1	START	1612441856218
USER	GeneralAdmission1	START	1612441856217
USER	GeneralAdmission1	START	1612441856217
USER	GeneralAdmission1	START	1612441856220
USER	GeneralAdmission1	START	1612441856251
USER	GeneralAdmission1	START	1612441856232
USER	GeneralAdmission1	START	1612441856251
USER	GeneralAdmission1	START	1612441856249
USER	GeneralAdmission1	START	1612441856238
USER	GeneralAdmission1	START	1612441856265
USER	GeneralAdmission1	START	1612441856254
USER	GeneralAdmission1	START	1612441856253
USER	GeneralAdmission1	START	1612441856267
USER	GeneralAdmission1	START	1612441856269
USER	GeneralAdmission1	START	1612441856281
USER	GeneralAdmission1	START	1612441856276
USER	GeneralAdmission1	START	1612441856282
USER	GeneralAdmission1	START	1612441856283
USER	GeneralAdmission1	START	1612441856283
USER	GeneralAdmission1	START	1612441856302
USER	GeneralAdmission1	START	1612441856300
USER	GeneralAdmission1	START	1612441856317
USER	GeneralAdmission1	START	1612441856320
USER	GeneralAdmission1	START	1612441856324
USER	GeneralAdmission1	START	1612441856321
USER	GeneralAdmission1	START	1612441856319
USER	GeneralAdmission1	START	1612441856334
USER	GeneralAdmission1	START	1612441856330
USER	GeneralAdmission1	START	1612441856334
USER	GeneralAdmission1	START	1612441856349
USER	GeneralAdmission1	START	1612441856350
USER	GeneralAdmission1	START	1612441856336
USER	GeneralAdmission1	START	1612441856354
USER	GeneralAdmission1	START	1612441856353
USER	GeneralAdmission1	START	1612441856352
USER	GeneralAdmission1	START	1612441856352
USER	GeneralAdmission1	START	1612441856368
USER	GeneralAdmission1	START	1612441856369
USER	GeneralAdmission1	START	1612441856385
USER	GeneralAdmission1	START	1612441856355
USER	GeneralAdmission1	START	1612441856382
USER	GeneralAdmission1	START	1612441856370
USER	GeneralAdmission1	START	1612441856404
USER	GeneralAdmission1	START	1612441856416
USER	GeneralAdmission1	START	1612441856402
USER	GeneralAdmission1	START	1612441856415
USER	GeneralAdmission1	START	1612441856417
USER	GeneralAdmission1	START	1612441856418
USER	GeneralAdmission1	START	1612441856444
USER	GeneralAdmission1	START	1612441856420
USER	GeneralAdmission1	START	1612441856434
USER	GeneralAdmission1	START	1612441856461
USER	GeneralAdmission1	START	1612441856442
USER	GeneralAdmission1	START	1612441856453
USER	GeneralAdmission1	START	1612441856467
USER	GeneralAdmission1	START	1612441856471
USER	GeneralAdmission1	START	1612441856484
USER	GeneralAdmission1	START	1612441856471
USER	GeneralAdmission1	START	1612441856487
USER	GeneralAdmission1	START	1612441856485
USER	GeneralAdmission1	START	1612441856486
USER	GeneralAdmission1	START	1612441856502
USER	GeneralAdmission1	START	1612441856500
USER	GeneralAdmission1	START	1612441856515
USER	GeneralAdmission1	START	1612441856503
USER	GeneralAdmission1	START	1612441856517
USER	GeneralAdmission1	START	1612441856503
USER	GeneralAdmission1	START	1612441856521
USER	GeneralAdmission1	START	1612441856516
USER	GeneralAdmission1	START	1612441856532
USER	GeneralAdmission1	START	1612441856550
USER	GeneralAdmission1	START	1612441856547
USER	GeneralAdmission1	START	1612441856536
USER	GeneralAdmission1	START	1612441856553
USER	GeneralAdmission1	START	1612441856548
USER	GeneralAdmission1	START	1612441856549
USER	GeneralAdmission1	START	1612441856565
USER	GeneralAdmission1	START	1612441856610
USER	GeneralAdmission1	START	1612441856593
USER	GeneralAdmission1	START	1612441856654
REQUEST		GetToken	1612441856302	1612441858387	OK	 
REQUEST		GetToken	1612441856255	1612441858352	OK	 
REQUEST		GetToken	1612441856234	1612441858357	OK	 
REQUEST		GetToken	1612441856332	1612441858255	OK	 
REQUEST		GetToken	1612441856086	1612441858271	OK	 
REQUEST		GetToken	1612441856655	1612441858434	OK	 
REQUEST		GetToken	1612441856302	1612441858580	OK	 
REQUEST		GetToken	1612441856173	1612441858588	OK	 
REQUEST		GetToken	1612441856247	1612441858604	OK	 
REQUEST		GetToken	1612441856232	1612441858638	OK	 
REQUEST		GetToken	1612441856187	1612441858654	OK	 
REQUEST		GetToken	1612441856284	1612441858670	OK	 
REQUEST		GetToken	1612441856200	1612441858686	OK	 
REQUEST		GetToken	1612441856084	1612441858699	OK	 
REQUEST		GetToken	1612441856186	1612441858734	OK	 
REQUEST		GetToken	1612441856235	1612441858732	OK	 
REQUEST		GetToken	1612441856070	1612441858739	OK	 
REQUEST		GetToken	1612441856080	1612441858748	OK	 
REQUEST		GetToken	1612441856171	1612441858771	OK	 
REQUEST		GetToken	1612441856236	1612441858835	OK	 
REQUEST		GetToken	1612441856200	1612441858836	OK	 
REQUEST		GetToken	1612441856257	1612441858836	OK	 
REQUEST		GetToken	1612441856080	1612441858840	OK	 
REQUEST		GetToken	1612441856437	1612441858868	OK	 
REQUEST		GetToken	1612441856335	1612441858870	OK	 
REQUEST		GetToken	1612441856199	1612441858901	OK	 
REQUEST		GetToken	1612441856233	1612441858903	OK	 
REQUEST		GetToken	1612441856271	1612441858932	OK	 
REQUEST		GetToken	1612441856280	1612441858972	OK	 
REQUEST		GetToken	1612441856335	1612441859051	OK	 
REQUEST		GetToken	1612441856333	1612441859063	OK	 
REQUEST		GetToken	1612441856304	1612441859089	OK	 
REQUEST		GetToken	1612441856316	1612441859120	OK	 
REQUEST		GetToken	1612441856370	1612441859167	OK	 
REQUEST		GetToken	1612441856349	1612441859169	OK	 
REQUEST		GetToken	1612441856068	1612441859172	OK	 
REQUEST		GetToken	1612441856337	1612441859185	OK	 
REQUEST		GetToken	1612441856337	1612441859191	OK	 
REQUEST		GetToken	1612441856351	1612441859201	OK	 
REQUEST		GetToken	1612441856365	1612441859252	OK	 
REQUEST		GetToken	1612441856385	1612441859257	OK	 
REQUEST		GetToken	1612441856382	1612441859268	OK	 
REQUEST		GetToken	1612441856267	1612441859283	OK	 
REQUEST		GetToken	1612441856388	1612441859324	OK	 
REQUEST		GetToken	1612441856365	1612441859353	OK	 
REQUEST		GetToken	1612441856086	1612441859367	OK	 
REQUEST		GetToken	1612441856255	1612441859415	OK	 
REQUEST		GetToken	1612441856435	1612441859421	OK	 
REQUEST		GetToken	1612441856383	1612441859466	OK	 
REQUEST		GetToken	1612441856303	1612441859473	OK	 
REQUEST		GetToken	1612441856234	1612441859489	OK	 
REQUEST		GetToken	1612441856454	1612441859552	OK	 
REQUEST		GetToken	1612441856202	1612441859621	OK	 
REQUEST		GetToken	1612441856419	1612441859639	OK	 
REQUEST		GetToken	1612441856383	1612441859632	OK	 
REQUEST		GetToken	1612441856421	1612441859708	OK	 
REQUEST		GetToken	1612441856437	1612441859723	OK	 
REQUEST		GetToken	1612441856562	1612441859717	OK	 
REQUEST		GetToken	1612441856554	1612441859770	OK	 
REQUEST		GetToken	1612441856488	1612441859786	OK	 
REQUEST		GetToken	1612441856517	1612441859820	OK	 
REQUEST		GetToken	1612441856200	1612441859832	OK	 
REQUEST		GetToken	1612441856670	1612441859856	OK	 
REQUEST		GetToken	1612441856485	1612441859875	OK	 
REQUEST		GetToken	1612441856467	1612441859884	OK	 
REQUEST		GetToken	1612441856237	1612441859903	OK	 
REQUEST		GetToken	1612441856547	1612441859904	OK	 
REQUEST		GetToken	1612441856269	1612441859926	OK	 
REQUEST		GetToken	1612441856499	1612441859939	OK	 
REQUEST		GetToken	1612441856635	1612441859949	OK	 
REQUEST		GetToken	1612441856534	1612441859968	OK	 
REQUEST		GetToken	1612441856581	1612441860020	OK	 
REQUEST		GetToken	1612441856505	1612441860019	OK	 
REQUEST		GetToken	1612441856434	1612441860069	OK	 
REQUEST		GetToken	1612441856303	1612441860070	OK	 
REQUEST		GetToken	1612441856468	1612441860069	OK	 
REQUEST		GetToken	1612441856269	1612441860074	OK	 
REQUEST		GetToken	1612441856655	1612441860108	OK	 
REQUEST		GetToken	1612441856534	1612441860117	OK	 
REQUEST		GetToken	1612441856366	1612441860139	OK	 
REQUEST		GetToken	1612441856464	1612441860136	OK	 
REQUEST		GetToken	1612441856516	1612441860141	OK	 
REQUEST		GetToken	1612441856399	1612441860173	OK	 
REQUEST		GetToken	1612441856499	1612441860204	OK	 
REQUEST		GetToken	1612441856081	1612441860224	OK	 
REQUEST		GetToken	1612441856397	1612441860255	OK	 
REQUEST		GetToken	1612441856316	1612441860280	OK	 
REQUEST		GetToken	1612441856466	1612441860288	OK	 
REQUEST		GetToken	1612441856347	1612441860333	OK	 
REQUEST		GetToken	1612441856377	1612441860358	OK	 
REQUEST		GetToken	1612441856563	1612441860396	OK	 
REQUEST		GetToken	1612441856531	1612441860400	OK	 
REQUEST		GetToken	1612441856488	1612441860403	OK	 
REQUEST		GetToken	1612441856454	1612441860474	OK	 
REQUEST		GetToken	1612441856501	1612441860490	OK	 
REQUEST		GetToken	1612441856495	1612441860501	OK	 
REQUEST		GetToken	1612441856519	1612441860560	OK	 
REQUEST		GetToken	1612441856535	1612441860573	OK	 
REQUEST		GetToken	1612441856576	1612441860638	OK	 
REQUEST		GetToken	1612441856568	1612441860643	OK	 
REQUEST		AddToCart	1612441863550	1612441863691	OK	 
REQUEST		AddToCart	1612441863575	1612441863739	OK	 
REQUEST		AddToCart	1612441863587	1612441863740	OK	 
REQUEST		AddToCart	1612441863587	1612441863741	OK	 
REQUEST		AddToCart	1612441863575	1612441863756	OK	 
REQUEST		AddToCart	1612441863625	1612441863760	OK	 
REQUEST		AddToCart	1612441863608	1612441863760	OK	 
REQUEST		AddToCart	1612441863575	1612441863761	OK	 
REQUEST		AddToCart	1612441863655	1612441863790	OK	 
REQUEST		AddToCart	1612441863707	1612441863790	OK	 
REQUEST		AddToCart	1612441863688	1612441863790	OK	 
REQUEST		AddToCart	1612441863737	1612441863806	OK	 
REQUEST		AddToCart	1612441863757	1612441863839	OK	 
REQUEST		AddToCart	1612441863722	1612441863837	OK	 
REQUEST		AddToCart	1612441863806	1612441863871	OK	 
REQUEST		AddToCart	1612441863809	1612441863878	OK	 
REQUEST		AddToCart	1612441863813	1612441863958	OK	 
REQUEST		AddToCart	1612441863812	1612441863957	OK	 
REQUEST		AddToCart	1612441863876	1612441863960	OK	 
REQUEST		AddToCart	1612441863833	1612441863960	OK	 
REQUEST		AddToCart	1612441863892	1612441863978	OK	 
REQUEST		AddToCart	1612441863892	1612441863991	OK	 
REQUEST		AddToCart	1612441863907	1612441864009	OK	 
REQUEST		AddToCart	1612441863892	1612441864009	OK	 
REQUEST		AddToCart	1612441863957	1612441864035	OK	 
REQUEST		AddToCart	1612441863975	1612441864049	OK	 
REQUEST		AddToCart	1612441864005	1612441864073	OK	 
REQUEST		AddToCart	1612441863976	1612441864073	OK	 
REQUEST		AddToCart	1612441864062	1612441864125	OK	 
REQUEST		AddToCart	1612441864155	1612441864245	OK	 
REQUEST		AddToCart	1612441864154	1612441864274	OK	 
REQUEST		AddToCart	1612441864156	1612441864274	OK	 
REQUEST		AddToCart	1612441864156	1612441864274	OK	 
REQUEST		AddToCart	1612441864202	1612441864305	OK	 
REQUEST		AddToCart	1612441864235	1612441864340	OK	 
REQUEST		AddToCart	1612441864236	1612441864345	OK	 
REQUEST		AddToCart	1612441864257	1612441864360	OK	 
REQUEST		AddToCart	1612441864235	1612441864360	OK	 
REQUEST		AddToCart	1612441864234	1612441864360	OK	 
REQUEST		AddToCart	1612441864312	1612441864375	OK	 
REQUEST		AddToCart	1612441864312	1612441864457	OK	 
REQUEST		AddToCart	1612441864331	1612441864508	OK	 
REQUEST		AddToCart	1612441864331	1612441864508	OK	 
REQUEST		AddToCart	1612441864404	1612441864554	OK	 
REQUEST		AddToCart	1612441864479	1612441864562	OK	 
REQUEST		AddToCart	1612441864496	1612441864577	OK	 
REQUEST		AddToCart	1612441864527	1612441864593	OK	 
REQUEST		AddToCart	1612441864423	1612441864608	OK	 
REQUEST		AddToCart	1612441864437	1612441864612	OK	 
REQUEST		AddToCart	1612441864544	1612441864612	OK	 
REQUEST		AddToCart	1612441864544	1612441864626	OK	 
REQUEST		AddToCart	1612441864592	1612441864674	OK	 
REQUEST		AddToCart	1612441864652	1612441864707	OK	 
REQUEST		AddToCart	1612441864673	1612441864740	OK	 
REQUEST		AddToCart	1612441864706	1612441864779	OK	 
REQUEST		AddToCart	1612441864763	1612441864840	OK	 
REQUEST		AddToCart	1612441864763	1612441864846	OK	 
REQUEST		AddToCart	1612441864763	1612441864846	OK	 
REQUEST		AddToCart	1612441864807	1612441864891	OK	 
REQUEST		AddToCart	1612441864824	1612441864957	OK	 
REQUEST		AddToCart	1612441864857	1612441865008	OK	 
REQUEST		AddToCart	1612441864913	1612441865027	OK	 
REQUEST		AddToCart	1612441864839	1612441865008	OK	 
REQUEST		AddToCart	1612441864884	1612441865013	OK	 
REQUEST		AddToCart	1612441864932	1612441865041	OK	 
REQUEST		AddToCart	1612441864948	1612441865046	OK	 
REQUEST		AddToCart	1612441864931	1612441865062	OK	 
REQUEST		AddToCart	1612441864978	1612441865095	OK	 
REQUEST		AddToCart	1612441864963	1612441865103	OK	 
REQUEST		AddToCart	1612441864963	1612441865116	OK	 
REQUEST		AddToCart	1612441864979	1612441865121	OK	 
REQUEST		AddToCart	1612441865088	1612441865260	OK	 
REQUEST		AddToCart	1612441865116	1612441865268	OK	 
REQUEST		AddToCart	1612441865089	1612441865262	OK	 
REQUEST		AddToCart	1612441865163	1612441865310	OK	 
REQUEST		AddToCart	1612441865130	1612441865306	OK	 
REQUEST		AddToCart	1612441865130	1612441865361	OK	 
REQUEST		AddToCart	1612441865130	1612441865371	OK	 
REQUEST		AddToCart	1612441865192	1612441865371	OK	 
REQUEST		AddToCart	1612441865159	1612441865374	OK	 
REQUEST		AddToCart	1612441865240	1612441865455	OK	 
REQUEST		AddToCart	1612441865191	1612441865458	OK	 
REQUEST		AddToCart	1612441865208	1612441865541	OK	 
REQUEST		AddToCart	1612441865209	1612441865629	OK	 
REQUEST		AddToCart	1612441865455	1612441865659	OK	 
REQUEST		AddToCart	1612441865251	1612441865662	OK	 
REQUEST		AddToCart	1612441865284	1612441865688	OK	 
REQUEST		AddToCart	1612441865454	1612441865697	OK	 
REQUEST		AddToCart	1612441865460	1612441865711	OK	 
REQUEST		AddToCart	1612441865530	1612441865726	OK	 
REQUEST		AddToCart	1612441865527	1612441865729	OK	 
REQUEST		AddToCart	1612441865594	1612441866026	OK	 
REQUEST		AddToCart	1612441865655	1612441866225	OK	 
REQUEST		AddToCart	1612441865671	1612441866225	OK	 
REQUEST		AddToCart	1612441865628	1612441866225	OK	 
REQUEST		AddToCart	1612441865682	1612441866230	OK	 
REQUEST		AddToCart	1612441865688	1612441866236	OK	 
REQUEST		AddToCart	1612441865665	1612441866230	OK	 
REQUEST		AddToCart	1612441865705	1612441866230	OK	 
REQUEST		AddToCart	1612441865742	1612441866245	OK	 
REQUEST		AddToCart2	1612441866703	1612441867026	OK	 
REQUEST		AddToCart2	1612441866750	1612441867027	OK	 
REQUEST		AddToCart2	1612441866753	1612441867027	OK	 
REQUEST		AddToCart2	1612441866800	1612441867032	OK	 
REQUEST		AddToCart2	1612441866800	1612441867032	OK	 
REQUEST		AddToCart2	1612441866787	1612441867044	OK	 
REQUEST		AddToCart2	1612441866770	1612441867046	OK	 
REQUEST		AddToCart2	1612441866892	1612441867055	OK	 
REQUEST		AddToCart2	1612441866792	1612441867057	OK	 
REQUEST		AddToCart2	1612441866892	1612441867063	OK	 
REQUEST		AddToCart2	1612441866787	1612441867062	OK	 
REQUEST		AddToCart2	1612441866860	1612441867094	OK	 
REQUEST		AddToCart2	1612441866807	1612441867097	OK	 
REQUEST		AddToCart2	1612441866861	1612441867125	OK	 
REQUEST		AddToCart2	1612441866770	1612441867126	OK	 
REQUEST		AddToCart2	1612441866816	1612441867126	OK	 
REQUEST		AddToCart2	1612441866971	1612441867126	OK	 
REQUEST		AddToCart2	1612441867006	1612441867129	OK	 
REQUEST		AddToCart2	1612441866989	1612441867146	OK	 
REQUEST		AddToCart2	1612441866989	1612441867147	OK	 
REQUEST		AddToCart2	1612441866989	1612441867162	OK	 
REQUEST		AddToCart2	1612441867044	1612441867163	OK	 
REQUEST		AddToCart2	1612441867027	1612441867163	OK	 
REQUEST		AddToCart2	1612441867094	1612441867177	OK	 
REQUEST		AddToCart2	1612441867063	1612441867177	OK	 
REQUEST		AddToCart2	1612441866994	1612441867177	OK	 
REQUEST		AddToCart2	1612441867107	1612441867209	OK	 
REQUEST		AddToCart2	1612441867091	1612441867209	OK	 
REQUEST		AddToCart2	1612441867146	1612441867213	OK	 
REQUEST		AddToCart2	1612441867271	1612441867327	OK	 
REQUEST		AddToCart2	1612441867295	1612441867358	OK	 
REQUEST		AddToCart2	1612441867294	1612441867375	OK	 
REQUEST		AddToCart2	1612441867295	1612441867375	OK	 
REQUEST		AddToCart2	1612441867326	1612441867448	OK	 
REQUEST		AddToCart2	1612441867348	1612441867447	OK	 
REQUEST		AddToCart2	1612441867366	1612441867458	OK	 
REQUEST		AddToCart2	1612441867382	1612441867476	OK	 
REQUEST		AddToCart2	1612441867378	1612441867479	OK	 
REQUEST		AddToCart2	1612441867382	1612441867480	OK	 
REQUEST		AddToCart2	1612441867382	1612441867481	OK	 
REQUEST		AddToCart2	1612441867478	1612441867560	OK	 
REQUEST		AddToCart2	1612441867524	1612441867597	OK	 
REQUEST		AddToCart2	1612441867539	1612441867601	OK	 
REQUEST		AddToCart2	1612441867562	1612441867631	OK	 
REQUEST		AddToCart2	1612441867579	1612441867675	OK	 
REQUEST		AddToCart2	1612441867596	1612441867675	OK	 
REQUEST		AddToCart2	1612441867627	1612441867727	OK	 
REQUEST		AddToCart2	1612441867613	1612441867726	OK	 
REQUEST		AddToCart2	1612441867627	1612441867742	OK	 
REQUEST		AddToCart2	1612441867630	1612441867766	OK	 
REQUEST		AddToCart2	1612441867650	1612441867774	OK	 
REQUEST		AddToCart2	1612441867680	1612441867774	OK	 
REQUEST		AddToCart2	1612441867721	1612441867807	OK	 
REQUEST		AddToCart2	1612441867753	1612441867814	OK	 
REQUEST		AddToCart2	1612441867796	1612441867877	OK	 
REQUEST		AddToCart2	1612441867858	1612441867938	OK	 
REQUEST		AddToCart2	1612441867859	1612441867939	OK	 
REQUEST		AddToCart2	1612441867877	1612441867960	OK	 
REQUEST		AddToCart2	1612441867905	1612441867989	OK	 
REQUEST		AddToCart2	1612441867976	1612441868049	OK	 
REQUEST		AddToCart2	1612441868076	1612441868145	OK	 
REQUEST		AddToCart2	1612441868046	1612441868145	OK	 
REQUEST		AddToCart2	1612441868045	1612441868145	OK	 
REQUEST		AddToCart2	1612441868046	1612441868145	OK	 
REQUEST		AddToCart2	1612441868077	1612441868163	OK	 
REQUEST		AddToCart2	1612441868046	1612441868163	OK	 
REQUEST		AddToCart2	1612441868077	1612441868179	OK	 
REQUEST		AddToCart2	1612441868123	1612441868198	OK	 
REQUEST		AddToCart2	1612441868124	1612441868211	OK	 
REQUEST		AddToCart2	1612441868142	1612441868215	OK	 
REQUEST		AddToCart2	1612441868142	1612441868226	OK	 
REQUEST		AddToCart2	1612441868294	1612441868359	OK	 
REQUEST		AddToCart2	1612441868294	1612441868378	OK	 
REQUEST		AddToCart2	1612441868312	1612441868395	OK	 
REQUEST		AddToCart2	1612441868392	1612441868447	OK	 
REQUEST		AddToCart2	1612441868376	1612441868447	OK	 
REQUEST		AddToCart2	1612441868421	1612441868492	OK	 
REQUEST		AddToCart2	1612441868444	1612441868510	OK	 
REQUEST		AddToCart2	1612441868444	1612441868533	OK	 
REQUEST		AddToCart2	1612441868444	1612441868561	OK	 
REQUEST		AddToCart2	1612441868529	1612441868607	OK	 
REQUEST		AddToCart2	1612441868529	1612441868649	OK	 
REQUEST		AddToCart2	1612441868745	1612441868910	OK	 
REQUEST		AddToCart2	1612441868672	1612441868912	OK	 
REQUEST		AddToCart2	1612441868698	1612441868927	OK	 
REQUEST		AddToCart2	1612441868673	1612441868927	OK	 
REQUEST		AddToCart2	1612441868699	1612441868927	OK	 
REQUEST		AddToCart2	1612441868715	1612441868927	OK	 
REQUEST		AddToCart2	1612441868731	1612441868946	OK	 
REQUEST		AddToCart2	1612441868700	1612441868946	OK	 
REQUEST		AddToCart2	1612441868745	1612441868961	OK	 
REQUEST		AddToCart2	1612441869043	1612441869128	OK	 
REQUEST		AddToCart2	1612441869247	1612441869482	OK	 
REQUEST		AddToCart2	1612441869230	1612441869482	OK	 
REQUEST		AddToCart2	1612441869247	1612441869482	OK	 
REQUEST		AddToCart2	1612441869248	1612441869500	OK	 
REQUEST		AddToCart2	1612441869265	1612441869511	OK	 
REQUEST		AddToCart2	1612441869250	1612441869514	OK	 
REQUEST		AddToCart2	1612441869267	1612441869516	OK	 
REQUEST		AddToCart2	1612441869282	1612441869529	OK	 
REQUEST		CreateGeneral	1612441870058	1612441870668	OK	 
REQUEST		CreateGeneral	1612441870075	1612441870749	OK	 
REQUEST		CreateGeneral	1612441870078	1612441870749	OK	 
REQUEST		CreateGeneral	1612441870102	1612441870795	OK	 
REQUEST		CreateGeneral	1612441870086	1612441870813	OK	 
REQUEST		CreateGeneral	1612441870058	1612441870994	OK	 
REQUEST		CreateGeneral	1612441870181	1612441871113	OK	 
REQUEST		CreateGeneral	1612441870086	1612441871113	OK	 
REQUEST		CreateGeneral	1612441870059	1612441871180	OK	 
REQUEST		CreateGeneral	1612441870178	1612441871198	OK	 
REQUEST		CreateGeneral	1612441870179	1612441871198	OK	 
REQUEST		CreateGeneral	1612441870384	1612441871198	KO	status.find.is(200), but actually found 400
REQUEST		CreateGeneral	1612441870185	1612441871235	OK	 
REQUEST		CreateGeneral	1612441870178	1612441871329	OK	 
REQUEST		CreateGeneral	1612441870181	1612441871329	OK	 
REQUEST		CreateGeneral	1612441870178	1612441871333	OK	 
REQUEST		CreateGeneral	1612441870070	1612441871406	OK	 
REQUEST		CreateGeneral	1612441870244	1612441871439	OK	 
REQUEST		CreateGeneral	1612441870211	1612441871447	OK	 
REQUEST		CreateGeneral	1612441870117	1612441871496	OK	 
REQUEST		CreateGeneral	1612441870182	1612441871495	OK	 
REQUEST		CreateGeneral	1612441870354	1612441871596	OK	 
REQUEST		CreateGeneral	1612441870747	1612441871613	KO	status.find.is(200), but actually found 400
REQUEST		CreateGeneral	1612441870699	1612441871627	KO	status.find.is(200), but actually found 400
REQUEST		CreateGeneral	1612441870402	1612441871765	OK	 
REQUEST		CreateGeneral	1612441870463	1612441871787	OK	 
REQUEST		CreateGeneral	1612441870463	1612441871787	OK	 
REQUEST		CreateGeneral	1612441870076	1612441871802	OK	 
REQUEST		CreateGeneral	1612441870528	1612441871880	OK	 
REQUEST		CreateGeneral	1612441870211	1612441871880	OK	 
REQUEST		CreateGeneral	1612441870210	1612441871880	OK	 
REQUEST		CreateGeneral	1612441870210	1612441871881	OK	 
REQUEST		CreateGeneral	1612441870513	1612441871886	OK	 
REQUEST		CreateGeneral	1612441870699	1612441871886	OK	 
REQUEST		CreateGeneral	1612441870668	1612441871900	OK	 
REQUEST		CreateGeneral	1612441870764	1612441872022	OK	 
REQUEST		CreateGeneral	1612441870795	1612441872022	OK	 
REQUEST		CreateGeneral	1612441870211	1612441872022	OK	 
REQUEST		CreateGeneral	1612441870795	1612441872035	OK	 
REQUEST		CreateGeneral	1612441870902	1612441872046	OK	 
REQUEST		CreateGeneral	1612441870495	1612441872053	OK	 
REQUEST		CreateGeneral	1612441870966	1612441872066	OK	 
REQUEST		CreateGeneral	1612441870496	1612441872096	OK	 
REQUEST		CreateGeneral	1612441870575	1612441872201	OK	 
REQUEST		CreateGeneral	1612441870845	1612441872212	OK	 
REQUEST		CreateGeneral	1612441871076	1612441872252	OK	 
REQUEST		CreateGeneral	1612441870115	1612441872257	OK	 
REQUEST		CreateGeneral	1612441871196	1612441872414	KO	status.find.is(200), but actually found 400
REQUEST		CreateGeneral	1612441870622	1612441872450	OK	 
REQUEST		CreateGeneral	1612441870623	1612441872450	OK	 
REQUEST		CreateGeneral	1612441871374	1612441872517	OK	 
REQUEST		CreateGeneral	1612441870402	1612441872517	KO	status.find.is(200), but actually found 400
REQUEST		CreateGeneral	1612441870747	1612441872534	OK	 
REQUEST		CreateGeneral	1612441871529	1612441872551	KO	status.find.is(200), but actually found 400
REQUEST		CreateGeneral	1612441870795	1612441872563	OK	 
REQUEST		CreateGeneral	1612441871012	1612441872717	OK	 
REQUEST		CreateGeneral	1612441870841	1612441872717	OK	 
REQUEST		CreateGeneral	1612441870966	1612441872734	OK	 
REQUEST		CreateGeneral	1612441870984	1612441872745	OK	 
REQUEST		CreateGeneral	1612441871236	1612441872764	KO	status.find.is(200), but actually found 400
REQUEST		CreateGeneral	1612441871185	1612441872782	OK	 
REQUEST		CreateGeneral	1612441871185	1612441872787	OK	 
REQUEST		CreateGeneral	1612441871467	1612441872794	OK	 
REQUEST		CreateGeneral	1612441870115	1612441872787	OK	 
REQUEST		CreateGeneral	1612441871184	1612441872919	OK	 
REQUEST		CreateGeneral	1612441871485	1612441872920	OK	 
REQUEST		CreateGeneral	1612441870229	1612441872919	OK	 
REQUEST		CreateGeneral	1612441871215	1612441872923	OK	 
REQUEST		CreateGeneral	1612441871412	1612441872946	OK	 
REQUEST		CreateGeneral	1612441871578	1612441872958	OK	 
REQUEST		CreateGeneral	1612441871547	1612441872969	OK	 
REQUEST		CreateGeneral	1612441871231	1612441873065	OK	 
REQUEST		CreateGeneral	1612441870229	1612441873065	OK	 
REQUEST		CreateGeneral	1612441871185	1612441873065	OK	 
REQUEST		CreateGeneral	1612441871196	1612441873067	OK	 
REQUEST		CreateGeneral	1612441871563	1612441873067	OK	 
REQUEST		CreateGeneral	1612441870528	1612441873083	OK	 
REQUEST		CreateGeneral	1612441871220	1612441873105	OK	 
REQUEST		CreateGeneral	1612441871250	1612441873104	OK	 
REQUEST		CreateGeneral	1612441871398	1612441873119	OK	 
REQUEST		CreateGeneral	1612441871631	1612441873119	OK	 
REQUEST		CreateGeneral	1612441871242	1612441873119	OK	 
REQUEST		CreateGeneral	1612441871958	1612441873165	OK	 
REQUEST		CreateGeneral	1612441871942	1612441873202	OK	 
REQUEST		CreateGeneral	1612441871962	1612441873207	OK	 
REQUEST		CreateGeneral	1612441871962	1612441873268	OK	 
REQUEST		CreateGeneral	1612441871654	1612441873271	OK	 
REQUEST		CreateGeneral	1612441871616	1612441873266	OK	 
REQUEST		CreateGeneral	1612441871973	1612441873302	OK	 
REQUEST		CreateGeneral	1612441872417	1612441873336	OK	 
REQUEST		CreateGeneral	1612441871939	1612441873335	OK	 
REQUEST		CreateGeneral	1612441872142	1612441873335	OK	 
REQUEST		CreateGeneral	1612441871686	1612441873336	OK	 
REQUEST		CreateGeneral	1612441871988	1612441873366	OK	 
REQUEST		CreateGeneral	1612441872537	1612441873366	OK	 
REQUEST		CreateGeneral	1612441871994	1612441873385	OK	 
REQUEST		CreateGeneral	1612441871996	1612441873393	OK	 
REQUEST		CreateGeneral	1612441872533	1612441873384	OK	 
REQUEST		CreateGeneral	1612441872538	1612441873418	OK	 
REQUEST		CreateGeneral	1612441872515	1612441873432	OK	 
REQUEST		CreateGeneral	1612441872533	1612441873452	OK	 
REQUEST		CreateGeneral	1612441872551	1612441873481	OK	 
REQUEST		CreateGeneral	1612441872554	1612441873488	OK	 
REQUEST		CreateGeneral	1612441872563	1612441873519	OK	 
REQUEST		CreateGeneral	1612441872542	1612441873551	OK	 
REQUEST		CreateGeneral	1612441872767	1612441873582	OK	 
REQUEST		CreateGeneral	1612441872537	1612441873582	OK	 
REQUEST		BookingDetails	1612441874682	1612441875047	OK	 
REQUEST		BookingDetails	1612441874763	1612441875449	OK	 
REQUEST		BookingDetails	1612441874764	1612441875454	OK	 
REQUEST		BookingDetails	1612441874811	1612441876085	OK	 
REQUEST		BookingDetails	1612441874829	1612441876086	OK	 
REQUEST		BookingDetails	1612441875188	1612441876086	OK	 
REQUEST		ConfirmPayment	1612441875050	1612441876086	OK	 
REQUEST		BookingDetails	1612441875217	1612441876090	OK	 
REQUEST		BookingDetails	1612441875124	1612441876101	OK	 
REQUEST		BookingDetails	1612441875216	1612441876102	OK	 
USER	GeneralAdmission1	END	1612441876103
REQUEST		BookingDetails	1612441875014	1612441876105	OK	 
REQUEST		BookingDetails	1612441875123	1612441876106	OK	 
REQUEST		BookingDetails	1612441875247	1612441876120	OK	 
REQUEST		BookingDetails	1612441875419	1612441878306	OK	 
REQUEST		BookingDetails	1612441875453	1612441878535	OK	 
REQUEST		BookingDetails	1612441875351	1612441879105	OK	 
REQUEST		BookingDetails	1612441875351	1612441879170	OK	 
REQUEST		BookingDetails	1612441875816	1612441879404	OK	 
REQUEST		ConfirmPayment	1612441875455	1612441879507	OK	 
REQUEST		BookingDetails	1612441875489	1612441879507	OK	 
REQUEST		BookingDetails	1612441875511	1612441879508	OK	 
REQUEST		ConfirmPayment	1612441875455	1612441879507	OK	 
REQUEST		BookingDetails	1612441875512	1612441879511	OK	 
USER	GeneralAdmission1	END	1612441879518
REQUEST		BookingDetails	1612441875904	1612441879524	OK	 
USER	GeneralAdmission1	END	1612441879520
REQUEST		BookingDetails	1612441875779	1612441879524	OK	 
REQUEST		BookingDetails	1612441875355	1612441879524	OK	 
REQUEST		BookingDetails	1612441875816	1612441879525	OK	 
REQUEST		BookingDetails	1612441876266	1612441879525	OK	 
REQUEST		BookingDetails	1612441875904	1612441879591	OK	 
REQUEST		BookingDetails	1612441875903	1612441879640	OK	 
REQUEST		BookingDetails	1612441875904	1612441879644	OK	 
REQUEST		BookingDetails	1612441875604	1612441879644	OK	 
REQUEST		BookingDetails	1612441876218	1612441879646	OK	 
REQUEST		BookingDetails	1612441875904	1612441879660	OK	 
REQUEST		BookingDetails	1612441875816	1612441879669	OK	 
REQUEST		BookingDetails	1612441875904	1612441879676	OK	 
REQUEST		BookingDetails	1612441875906	1612441879678	OK	 
REQUEST		BookingDetails	1612441876062	1612441880220	OK	 
REQUEST		BookingDetails	1612441876066	1612441880221	OK	 
REQUEST		BookingDetails	1612441876066	1612441880224	OK	 
REQUEST		BookingDetails	1612441876066	1612441880740	OK	 
REQUEST		BookingDetails	1612441876066	1612441880875	OK	 
REQUEST		BookingDetails	1612441876067	1612441880901	OK	 
REQUEST		BookingDetails	1612441876084	1612441880912	OK	 
REQUEST		BookingDetails	1612441876217	1612441880972	OK	 
REQUEST		ConfirmPayment	1612441876101	1612441880972	OK	 
USER	GeneralAdmission1	END	1612441880976
REQUEST		BookingDetails	1612441876533	1612441881768	OK	 
REQUEST		ConfirmPayment	1612441876105	1612441881791	OK	 
REQUEST		ConfirmPayment	1612441876089	1612441881791	OK	 
REQUEST		ConfirmPayment	1612441876089	1612441881791	OK	 
USER	GeneralAdmission1	END	1612441881793
USER	GeneralAdmission1	END	1612441881793
USER	GeneralAdmission1	END	1612441881793
REQUEST		BookingDetails	1612441876267	1612441882158	OK	 
REQUEST		BookingDetails	1612441876121	1612441882157	OK	 
REQUEST		BookingDetails	1612441876455	1612441882896	OK	 
REQUEST		BookingDetails	1612441877534	1612441882898	OK	 
REQUEST		BookingDetails	1612441877598	1612441882913	OK	 
REQUEST		ConfirmPayment	1612441876104	1612441882998	OK	 
REQUEST		BookingDetails	1612441876456	1612441882998	OK	 
REQUEST		BookingDetails	1612441876552	1612441882998	OK	 
USER	GeneralAdmission1	END	1612441883010
REQUEST		BookingDetails	1612441876756	1612441883415	OK	 
REQUEST		BookingDetails	1612441876739	1612441883415	OK	 
REQUEST		BookingDetails	1612441876581	1612441883418	OK	 
REQUEST		BookingDetails	1612441876738	1612441883425	OK	 
REQUEST		BookingDetails	1612441876819	1612441883962	OK	 
REQUEST		BookingDetails	1612441876801	1612441884546	OK	 
REQUEST		BookingDetails	1612441876756	1612441884626	OK	 
REQUEST		BookingDetails	1612441876801	1612441884747	OK	 
REQUEST		ConfirmPayment	1612441878537	1612441884914	OK	 
REQUEST		BookingDetails	1612441876819	1612441884914	OK	 
USER	GeneralAdmission1	END	1612441884919
REQUEST		BookingDetails	1612441876941	1612441885065	OK	 
REQUEST		BookingDetails	1612441876941	1612441885065	OK	 
REQUEST		BookingDetails	1612441876940	1612441885065	OK	 
REQUEST		BookingDetails	1612441876941	1612441885065	OK	 
REQUEST		BookingDetails	1612441876971	1612441885066	OK	 
REQUEST		BookingDetails	1612441876972	1612441885092	OK	 
REQUEST		BookingDetails	1612441876973	1612441885098	OK	 
REQUEST		BookingDetails	1612441877079	1612441885102	OK	 
REQUEST		BookingDetails	1612441877098	1612441885166	OK	 
REQUEST		BookingDetails	1612441877147	1612441885176	OK	 
REQUEST		BookingDetails	1612441877098	1612441885176	OK	 
REQUEST		BookingDetails	1612441877126	1612441885211	OK	 
REQUEST		BookingDetails	1612441877134	1612441885211	OK	 
REQUEST		BookingDetails	1612441877103	1612441885224	OK	 
REQUEST		BookingDetails	1612441877098	1612441885224	OK	 
REQUEST		BookingDetails	1612441877385	1612441885263	OK	 
REQUEST		ConfirmPayment	1612441876089	1612441885310	OK	 
REQUEST		ConfirmPayment	1612441876126	1612441885345	OK	 
REQUEST		BookingDetails	1612441877283	1612441885347	OK	 
REQUEST		ConfirmPayment	1612441878308	1612441885345	OK	 
REQUEST		BookingDetails	1612441877300	1612441885345	OK	 
REQUEST		ConfirmPayment	1612441879511	1612441885345	OK	 
REQUEST		ConfirmPayment	1612441876113	1612441885347	OK	 
REQUEST		BookingDetails	1612441877426	1612441885381	OK	 
REQUEST		BookingDetails	1612441877502	1612441885382	OK	 
REQUEST		BookingDetails	1612441877380	1612441885383	OK	 
REQUEST		ConfirmPayment	1612441876120	1612441885383	OK	 
REQUEST		BookingDetails	1612441877385	1612441885392	OK	 
REQUEST		BookingDetails	1612441877385	1612441885392	OK	 
REQUEST		BookingDetails	1612441877238	1612441885395	OK	 
REQUEST		BookingDetails	1612441877300	1612441885396	OK	 
USER	GeneralAdmission1	END	1612441885402
REQUEST		BookingDetails	1612441877152	1612441885428	OK	 
REQUEST		BookingDetails	1612441877330	1612441885438	OK	 
USER	GeneralAdmission1	END	1612441885403
USER	GeneralAdmission1	END	1612441885428
REQUEST		BookingDetails	1612441877386	1612441885433	OK	 
REQUEST		BookingDetails	1612441877098	1612441885446	OK	 
USER	GeneralAdmission1	END	1612441885449
REQUEST		BookingDetails	1612441877503	1612441885449	OK	 
REQUEST		BookingDetails	1612441877173	1612441885449	OK	 
USER	GeneralAdmission1	END	1612441885498
REQUEST		BookingDetails	1612441877426	1612441885534	OK	 
REQUEST		BookingDetails	1612441877150	1612441885590	OK	 
REQUEST		BookingDetails	1612441877220	1612441885566	OK	 
USER	GeneralAdmission1	END	1612441885591
REQUEST		BookingDetails	1612441877472	1612441885629	OK	 
REQUEST		BookingDetails	1612441877432	1612441885633	OK	 
REQUEST		BookingDetails	1612441877599	1612441885646	OK	 
REQUEST		BookingDetails	1612441877471	1612441885648	OK	 
REQUEST		BookingDetails	1612441877565	1612441885696	OK	 
REQUEST		ConfirmPayment	1612441880742	1612441886898	OK	 
REQUEST		ConfirmPayment	1612441879405	1612441886899	OK	 
REQUEST		BookingDetails	1612441877425	1612441886897	OK	 
REQUEST		BookingDetails	1612441877401	1612441886898	OK	 
REQUEST		ConfirmPayment	1612441881770	1612441886898	OK	 
REQUEST		ConfirmPayment	1612441879511	1612441886900	OK	 
REQUEST		ConfirmPayment	1612441879594	1612441886900	OK	 
USER	GeneralAdmission1	END	1612441886918
REQUEST		ConfirmPayment	1612441879594	1612441886925	OK	 
USER	GeneralAdmission1	END	1612441886923
USER	GeneralAdmission1	END	1612441886927
USER	GeneralAdmission1	END	1612441886945
REQUEST		ConfirmPayment	1612441879590	1612441886949	OK	 
REQUEST		ConfirmPayment	1612441879590	1612441886948	OK	 
REQUEST		ConfirmPayment	1612441879558	1612441886949	OK	 
USER	GeneralAdmission1	END	1612441886949
REQUEST		ConfirmPayment	1612441879657	1612441886951	OK	 
REQUEST		ConfirmPayment	1612441879172	1612441886968	OK	 
USER	GeneralAdmission1	END	1612441886969
USER	GeneralAdmission1	END	1612441886969
USER	GeneralAdmission1	END	1612441886978
USER	GeneralAdmission1	END	1612441886979
USER	GeneralAdmission1	END	1612441886979
REQUEST		ConfirmPayment	1612441879522	1612441886980	OK	 
USER	GeneralAdmission1	END	1612441886982
USER	GeneralAdmission1	END	1612441886983
REQUEST		ConfirmPayment	1612441879654	1612441887915	OK	 
USER	GeneralAdmission1	END	1612441887919
REQUEST		ConfirmPayment	1612441879661	1612441888116	OK	 
USER	GeneralAdmission1	END	1612441888117
REQUEST		ConfirmPayment	1612441879658	1612441888231	OK	 
USER	GeneralAdmission1	END	1612441888232
REQUEST		ConfirmPayment	1612441879110	1612441888264	OK	 
REQUEST		ConfirmPayment	1612441879644	1612441888265	OK	 
REQUEST		ConfirmPayment	1612441882159	1612441888269	OK	 
REQUEST		ConfirmPayment	1612441882159	1612441888269	OK	 
REQUEST		ConfirmPayment	1612441879674	1612441888270	OK	 
REQUEST		ConfirmPayment	1612441879634	1612441888270	OK	 
USER	GeneralAdmission1	END	1612441888282
REQUEST		ConfirmPayment	1612441883426	1612441888285	OK	 
USER	GeneralAdmission1	END	1612441888286
USER	GeneralAdmission1	END	1612441888286
REQUEST		ConfirmPayment	1612441882909	1612441888300	OK	 
REQUEST		ConfirmPayment	1612441882914	1612441888300	OK	 
USER	GeneralAdmission1	END	1612441888286
REQUEST		ConfirmPayment	1612441883421	1612441888303	OK	 
REQUEST		ConfirmPayment	1612441879689	1612441888305	OK	 
REQUEST		ConfirmPayment	1612441883964	1612441888303	OK	 
USER	GeneralAdmission1	END	1612441888290
REQUEST		ConfirmPayment	1612441879678	1612441888311	OK	 
REQUEST		ConfirmPayment	1612441880222	1612441888311	OK	 
USER	GeneralAdmission1	END	1612441888297
REQUEST		ConfirmPayment	1612441882898	1612441888316	OK	 
REQUEST		ConfirmPayment	1612441880974	1612441888319	OK	 
REQUEST		ConfirmPayment	1612441883009	1612441888318	OK	 
USER	GeneralAdmission1	END	1612441888298
REQUEST		ConfirmPayment	1612441883009	1612441888349	OK	 
REQUEST		ConfirmPayment	1612441880904	1612441888319	OK	 
REQUEST		ConfirmPayment	1612441880903	1612441888336	OK	 
USER	GeneralAdmission1	END	1612441888365
REQUEST		ConfirmPayment	1612441880222	1612441888368	OK	 
REQUEST		ConfirmPayment	1612441883420	1612441888364	OK	 
USER	GeneralAdmission1	END	1612441888367
USER	GeneralAdmission1	END	1612441888367
REQUEST		ConfirmPayment	1612441880225	1612441888383	OK	 
USER	GeneralAdmission1	END	1612441888370
REQUEST		ConfirmPayment	1612441880921	1612441888383	OK	 
REQUEST		ConfirmPayment	1612441883423	1612441888399	OK	 
USER	GeneralAdmission1	END	1612441888383
USER	GeneralAdmission1	END	1612441888384
USER	GeneralAdmission1	END	1612441888386
USER	GeneralAdmission1	END	1612441888401
USER	GeneralAdmission1	END	1612441888408
USER	GeneralAdmission1	END	1612441888408
USER	GeneralAdmission1	END	1612441888417
USER	GeneralAdmission1	END	1612441888417
USER	GeneralAdmission1	END	1612441888417
USER	GeneralAdmission1	END	1612441888417
USER	GeneralAdmission1	END	1612441888417
USER	GeneralAdmission1	END	1612441888417
USER	GeneralAdmission1	END	1612441888418
USER	GeneralAdmission1	END	1612441888419
REQUEST		ConfirmPayment	1612441884749	1612441888496	OK	 
REQUEST		ConfirmPayment	1612441885097	1612441888496	OK	 
REQUEST		ConfirmPayment	1612441885263	1612441888500	OK	 
REQUEST		ConfirmPayment	1612441884917	1612441888501	OK	 
REQUEST		ConfirmPayment	1612441884627	1612441888500	OK	 
USER	GeneralAdmission1	END	1612441888501
REQUEST		ConfirmPayment	1612441885098	1612441888503	OK	 
REQUEST		ConfirmPayment	1612441885345	1612441888509	OK	 
USER	GeneralAdmission1	END	1612441888501
USER	GeneralAdmission1	END	1612441888513
REQUEST		ConfirmPayment	1612441885100	1612441888519	OK	 
REQUEST		ConfirmPayment	1612441885262	1612441888519	OK	 
REQUEST		ConfirmPayment	1612441885226	1612441888526	OK	 
USER	GeneralAdmission1	END	1612441888517
REQUEST		ConfirmPayment	1612441885281	1612441888519	OK	 
REQUEST		ConfirmPayment	1612441885085	1612441888528	OK	 
USER	GeneralAdmission1	END	1612441888519
USER	GeneralAdmission1	END	1612441888528
REQUEST		ConfirmPayment	1612441884547	1612441888533	OK	 
USER	GeneralAdmission1	END	1612441888532
REQUEST		ConfirmPayment	1612441885379	1612441888534	OK	 
REQUEST		ConfirmPayment	1612441885091	1612441888536	OK	 
REQUEST		ConfirmPayment	1612441885282	1612441888551	OK	 
USER	GeneralAdmission1	END	1612441888534
USER	GeneralAdmission1	END	1612441888534
USER	GeneralAdmission1	END	1612441888536
REQUEST		ConfirmPayment	1612441885105	1612441888585	OK	 
REQUEST		ConfirmPayment	1612441885281	1612441888599	OK	 
REQUEST		ConfirmPayment	1612441885431	1612441888600	OK	 
USER	GeneralAdmission1	END	1612441888540
REQUEST		ConfirmPayment	1612441885432	1612441888600	OK	 
REQUEST		ConfirmPayment	1612441885392	1612441888600	OK	 
REQUEST		ConfirmPayment	1612441885394	1612441888600	OK	 
REQUEST		ConfirmPayment	1612441885091	1612441888602	OK	 
USER	GeneralAdmission1	END	1612441888540
REQUEST		ConfirmPayment	1612441885433	1612441888603	OK	 
REQUEST		ConfirmPayment	1612441885449	1612441888629	OK	 
USER	GeneralAdmission1	END	1612441888567
REQUEST		ConfirmPayment	1612441885566	1612441888633	OK	 
REQUEST		ConfirmPayment	1612441885482	1612441888620	OK	 
REQUEST		ConfirmPayment	1612441885083	1612441888631	OK	 
REQUEST		ConfirmPayment	1612441885417	1612441888632	OK	 
USER	GeneralAdmission1	END	1612441888603
USER	GeneralAdmission1	END	1612441888607
REQUEST		ConfirmPayment	1612441885384	1612441888681	OK	 
USER	GeneralAdmission1	END	1612441888628
USER	GeneralAdmission1	END	1612441888631
USER	GeneralAdmission1	END	1612441888632
USER	GeneralAdmission1	END	1612441888635
USER	GeneralAdmission1	END	1612441888646
REQUEST		ConfirmPayment	1612441885379	1612441888700	OK	 
REQUEST		ConfirmPayment	1612441885264	1612441888702	OK	 
USER	GeneralAdmission1	END	1612441888668
USER	GeneralAdmission1	END	1612441888669
USER	GeneralAdmission1	END	1612441888682
USER	GeneralAdmission1	END	1612441888688
USER	GeneralAdmission1	END	1612441888688
REQUEST		ConfirmPayment	1612441885448	1612441888727	OK	 
USER	GeneralAdmission1	END	1612441888692
USER	GeneralAdmission1	END	1612441888704
USER	GeneralAdmission1	END	1612441888722
USER	GeneralAdmission1	END	1612441888731
USER	GeneralAdmission1	END	1612441888732
REQUEST		ConfirmPayment	1612441885456	1612441888735	OK	 
USER	GeneralAdmission1	END	1612441888735
REQUEST		ConfirmPayment	1612441885433	1612441888737	OK	 
USER	GeneralAdmission1	END	1612441888769
USER	GeneralAdmission1	END	1612441888769
USER	GeneralAdmission1	END	1612441888770
USER	GeneralAdmission1	END	1612441888784
REQUEST		ConfirmPayment	1612441885613	1612441889367	OK	 
REQUEST		ConfirmPayment	1612441885633	1612441889367	OK	 
REQUEST		ConfirmPayment	1612441886934	1612441889367	OK	 
USER	GeneralAdmission1	END	1612441889370
USER	GeneralAdmission1	END	1612441889370
USER	GeneralAdmission1	END	1612441889370
REQUEST		ConfirmPayment	1612441885650	1612441889371	OK	 
REQUEST		ConfirmPayment	1612441886934	1612441889371	OK	 
REQUEST		ConfirmPayment	1612441885599	1612441889381	OK	 
USER	GeneralAdmission1	END	1612441889383
REQUEST		ConfirmPayment	1612441885646	1612441889383	OK	 
REQUEST		ConfirmPayment	1612441885648	1612441889385	OK	 
USER	GeneralAdmission1	END	1612441889384
USER	GeneralAdmission1	END	1612441889387
REQUEST		ConfirmPayment	1612441885699	1612441889395	OK	 
REQUEST		ConfirmPayment	1612441885594	1612441889398	OK	 
USER	GeneralAdmission1	END	1612441889404
USER	GeneralAdmission1	END	1612441889414
USER	GeneralAdmission1	END	1612441889415
USER	GeneralAdmission1	END	1612441889415
