RUN	GeneralAdmission1	generaladmission1	1612374282474	 	3.5.0
USER	GeneralAdmission1	START	1612374284793
USER	GeneralAdmission1	START	1612374284747
USER	GeneralAdmission1	START	1612374284777
USER	GeneralAdmission1	START	1612374284749
USER	GeneralAdmission1	START	1612374284786
USER	GeneralAdmission1	START	1612374284799
USER	GeneralAdmission1	START	1612374284786
USER	GeneralAdmission1	START	1612374284760
USER	GeneralAdmission1	START	1612374284881
USER	GeneralAdmission1	START	1612374284881
USER	GeneralAdmission1	START	1612374284887
USER	GeneralAdmission1	START	1612374284882
USER	GeneralAdmission1	START	1612374284885
USER	GeneralAdmission1	START	1612374284884
USER	GeneralAdmission1	START	1612374284892
USER	GeneralAdmission1	START	1612374284887
USER	GeneralAdmission1	START	1612374284898
USER	GeneralAdmission1	START	1612374284931
USER	GeneralAdmission1	START	1612374284983
USER	GeneralAdmission1	START	1612374284906
USER	GeneralAdmission1	START	1612374284909
USER	GeneralAdmission1	START	1612374284953
USER	GeneralAdmission1	START	1612374284930
USER	GeneralAdmission1	START	1612374284947
USER	GeneralAdmission1	START	1612374284955
USER	GeneralAdmission1	START	1612374284963
USER	GeneralAdmission1	START	1612374285010
USER	GeneralAdmission1	START	1612374284999
USER	GeneralAdmission1	START	1612374285005
USER	GeneralAdmission1	START	1612374285015
USER	GeneralAdmission1	START	1612374285006
USER	GeneralAdmission1	START	1612374285008
USER	GeneralAdmission1	START	1612374285019
USER	GeneralAdmission1	START	1612374285024
USER	GeneralAdmission1	START	1612374285008
USER	GeneralAdmission1	START	1612374285027
USER	GeneralAdmission1	START	1612374285026
USER	GeneralAdmission1	START	1612374285031
USER	GeneralAdmission1	START	1612374285032
USER	GeneralAdmission1	START	1612374285042
USER	GeneralAdmission1	START	1612374285053
USER	GeneralAdmission1	START	1612374285045
USER	GeneralAdmission1	START	1612374285039
USER	GeneralAdmission1	START	1612374285052
USER	GeneralAdmission1	START	1612374285054
USER	GeneralAdmission1	START	1612374285070
USER	GeneralAdmission1	START	1612374285064
USER	GeneralAdmission1	START	1612374285071
USER	GeneralAdmission1	START	1612374285076
USER	GeneralAdmission1	START	1612374285083
USER	GeneralAdmission1	START	1612374285079
USER	GeneralAdmission1	START	1612374285089
USER	GeneralAdmission1	START	1612374285099
USER	GeneralAdmission1	START	1612374285091
USER	GeneralAdmission1	START	1612374285100
USER	GeneralAdmission1	START	1612374285116
USER	GeneralAdmission1	START	1612374285119
USER	GeneralAdmission1	START	1612374285104
USER	GeneralAdmission1	START	1612374285110
USER	GeneralAdmission1	START	1612374285115
USER	GeneralAdmission1	START	1612374285124
USER	GeneralAdmission1	START	1612374285154
USER	GeneralAdmission1	START	1612374285141
USER	GeneralAdmission1	START	1612374285160
USER	GeneralAdmission1	START	1612374285170
USER	GeneralAdmission1	START	1612374285154
USER	GeneralAdmission1	START	1612374285167
USER	GeneralAdmission1	START	1612374285206
USER	GeneralAdmission1	START	1612374285173
USER	GeneralAdmission1	START	1612374285203
USER	GeneralAdmission1	START	1612374285189
USER	GeneralAdmission1	START	1612374285223
USER	GeneralAdmission1	START	1612374285209
USER	GeneralAdmission1	START	1612374285219
USER	GeneralAdmission1	START	1612374285221
USER	GeneralAdmission1	START	1612374285241
USER	GeneralAdmission1	START	1612374285248
USER	GeneralAdmission1	START	1612374285239
USER	GeneralAdmission1	START	1612374285240
USER	GeneralAdmission1	START	1612374285243
USER	GeneralAdmission1	START	1612374285242
USER	GeneralAdmission1	START	1612374285256
USER	GeneralAdmission1	START	1612374285250
USER	GeneralAdmission1	START	1612374285259
USER	GeneralAdmission1	START	1612374285253
USER	GeneralAdmission1	START	1612374285261
USER	GeneralAdmission1	START	1612374285272
USER	GeneralAdmission1	START	1612374285273
USER	GeneralAdmission1	START	1612374285274
USER	GeneralAdmission1	START	1612374285268
USER	GeneralAdmission1	START	1612374285263
USER	GeneralAdmission1	START	1612374285276
USER	GeneralAdmission1	START	1612374285280
USER	GeneralAdmission1	START	1612374285292
USER	GeneralAdmission1	START	1612374285340
USER	GeneralAdmission1	START	1612374285319
USER	GeneralAdmission1	START	1612374285344
USER	GeneralAdmission1	START	1612374285370
USER	GeneralAdmission1	START	1612374285362
USER	GeneralAdmission1	START	1612374285431
REQUEST		GetToken	1612374284820	1612374286162	OK	 
REQUEST		GetToken	1612374284889	1612374286158	OK	 
REQUEST		GetToken	1612374284821	1612374286472	OK	 
REQUEST		GetToken	1612374284888	1612374286552	OK	 
REQUEST		GetToken	1612374285021	1612374286573	OK	 
REQUEST		GetToken	1612374284821	1612374286586	OK	 
REQUEST		GetToken	1612374284821	1612374286649	OK	 
REQUEST		GetToken	1612374284901	1612374286681	OK	 
REQUEST		GetToken	1612374284821	1612374286692	OK	 
REQUEST		GetToken	1612374284906	1612374286710	OK	 
REQUEST		GetToken	1612374285013	1612374286994	OK	 
REQUEST		GetToken	1612374285019	1612374287000	OK	 
REQUEST		GetToken	1612374284821	1612374287007	OK	 
REQUEST		GetToken	1612374285030	1612374287008	OK	 
REQUEST		GetToken	1612374285000	1612374287003	OK	 
REQUEST		GetToken	1612374284821	1612374287101	OK	 
REQUEST		GetToken	1612374284992	1612374287145	OK	 
REQUEST		GetToken	1612374284965	1612374287158	OK	 
REQUEST		GetToken	1612374284912	1612374287165	OK	 
REQUEST		GetToken	1612374284924	1612374287174	OK	 
REQUEST		GetToken	1612374284918	1612374287213	OK	 
REQUEST		GetToken	1612374285050	1612374287233	OK	 
REQUEST		GetToken	1612374285052	1612374287235	OK	 
REQUEST		GetToken	1612374284962	1612374287238	OK	 
REQUEST		GetToken	1612374285003	1612374287240	OK	 
REQUEST		GetToken	1612374285086	1612374287364	OK	 
REQUEST		GetToken	1612374285009	1612374287346	OK	 
REQUEST		GetToken	1612374285081	1612374287356	OK	 
REQUEST		GetToken	1612374285033	1612374287368	OK	 
REQUEST		GetToken	1612374285116	1612374287490	OK	 
REQUEST		GetToken	1612374285101	1612374287480	OK	 
REQUEST		GetToken	1612374285036	1612374287486	OK	 
REQUEST		GetToken	1612374285055	1612374287495	OK	 
REQUEST		GetToken	1612374285067	1612374287532	OK	 
REQUEST		GetToken	1612374285185	1612374287543	OK	 
REQUEST		GetToken	1612374285035	1612374287544	OK	 
REQUEST		GetToken	1612374285156	1612374287552	OK	 
REQUEST		GetToken	1612374285090	1612374287565	OK	 
REQUEST		GetToken	1612374285224	1612374287619	OK	 
REQUEST		GetToken	1612374285107	1612374287627	OK	 
REQUEST		GetToken	1612374285220	1612374287664	OK	 
REQUEST		GetToken	1612374285136	1612374287701	OK	 
REQUEST		GetToken	1612374285242	1612374287749	OK	 
REQUEST		GetToken	1612374285170	1612374287787	OK	 
REQUEST		GetToken	1612374285201	1612374287833	OK	 
REQUEST		GetToken	1612374285258	1612374287838	OK	 
REQUEST		GetToken	1612374284957	1612374287860	OK	 
REQUEST		GetToken	1612374285057	1612374287867	OK	 
REQUEST		GetToken	1612374284895	1612374287879	OK	 
REQUEST		GetToken	1612374285290	1612374287918	OK	 
REQUEST		GetToken	1612374285021	1612374287915	OK	 
REQUEST		GetToken	1612374284821	1612374287921	OK	 
REQUEST		GetToken	1612374284949	1612374287954	OK	 
REQUEST		GetToken	1612374285058	1612374287971	OK	 
REQUEST		GetToken	1612374284896	1612374287973	OK	 
REQUEST		GetToken	1612374285067	1612374287999	OK	 
REQUEST		GetToken	1612374285089	1612374288003	OK	 
REQUEST		GetToken	1612374285093	1612374288019	OK	 
REQUEST		GetToken	1612374284965	1612374288038	OK	 
REQUEST		GetToken	1612374285024	1612374288073	OK	 
REQUEST		GetToken	1612374285120	1612374288074	OK	 
REQUEST		GetToken	1612374285099	1612374288075	OK	 
REQUEST		GetToken	1612374285137	1612374288084	OK	 
REQUEST		GetToken	1612374285058	1612374288097	OK	 
REQUEST		GetToken	1612374285217	1612374288187	OK	 
REQUEST		GetToken	1612374285151	1612374288195	OK	 
REQUEST		GetToken	1612374285171	1612374288194	OK	 
REQUEST		GetToken	1612374284988	1612374288219	OK	 
REQUEST		GetToken	1612374285239	1612374288231	OK	 
REQUEST		GetToken	1612374285251	1612374288238	OK	 
REQUEST		GetToken	1612374285197	1612374288257	OK	 
REQUEST		GetToken	1612374285271	1612374288280	OK	 
REQUEST		GetToken	1612374285260	1612374288278	OK	 
REQUEST		GetToken	1612374285011	1612374288280	OK	 
REQUEST		GetToken	1612374285235	1612374288301	OK	 
REQUEST		GetToken	1612374285347	1612374288309	OK	 
REQUEST		GetToken	1612374285301	1612374288328	OK	 
REQUEST		GetToken	1612374285254	1612374288329	OK	 
REQUEST		GetToken	1612374285276	1612374288329	OK	 
REQUEST		GetToken	1612374285092	1612374288320	OK	 
REQUEST		GetToken	1612374285227	1612374288358	OK	 
REQUEST		GetToken	1612374285363	1612374288373	OK	 
REQUEST		GetToken	1612374285250	1612374288376	OK	 
REQUEST		GetToken	1612374285288	1612374288389	OK	 
REQUEST		GetToken	1612374285227	1612374288401	OK	 
REQUEST		GetToken	1612374285257	1612374288428	OK	 
REQUEST		GetToken	1612374285149	1612374288476	OK	 
REQUEST		GetToken	1612374285271	1612374288456	OK	 
REQUEST		GetToken	1612374285252	1612374288478	OK	 
REQUEST		GetToken	1612374285346	1612374288480	OK	 
REQUEST		GetToken	1612374285278	1612374288511	OK	 
REQUEST		GetToken	1612374285366	1612374288528	OK	 
REQUEST		GetToken	1612374285190	1612374288530	OK	 
REQUEST		GetToken	1612374285380	1612374288531	OK	 
REQUEST		GetToken	1612374285409	1612374288543	OK	 
REQUEST		GetToken	1612374285339	1612374288544	OK	 
REQUEST		GetToken	1612374285240	1612374288559	OK	 
REQUEST		GetToken	1612374285438	1612374288571	OK	 
REQUEST		GetToken	1612374285263	1612374288592	OK	 
REQUEST		GetToken	1612374285346	1612374288609	OK	 
REQUEST		AddToCart	1612374291534	1612374291614	OK	 
REQUEST		AddToCart	1612374291535	1612374291613	OK	 
REQUEST		AddToCart	1612374291535	1612374291613	OK	 
REQUEST		AddToCart	1612374291646	1612374291694	OK	 
REQUEST		AddToCart	1612374291655	1612374291716	OK	 
REQUEST		AddToCart	1612374291653	1612374291716	OK	 
REQUEST		AddToCart	1612374291684	1612374291776	OK	 
REQUEST		AddToCart	1612374291768	1612374291828	OK	 
REQUEST		AddToCart	1612374291770	1612374291828	OK	 
REQUEST		AddToCart	1612374291771	1612374291828	OK	 
REQUEST		AddToCart	1612374292057	1612374292124	OK	 
REQUEST		AddToCart	1612374292059	1612374292124	OK	 
REQUEST		AddToCart	1612374292073	1612374292123	OK	 
REQUEST		AddToCart	1612374292082	1612374292194	OK	 
REQUEST		AddToCart	1612374292209	1612374292280	OK	 
REQUEST		AddToCart	1612374292209	1612374292280	OK	 
REQUEST		AddToCart	1612374292193	1612374292280	OK	 
REQUEST		AddToCart	1612374292188	1612374292280	OK	 
REQUEST		AddToCart	1612374292205	1612374292279	OK	 
REQUEST		AddToCart	1612374292212	1612374292280	OK	 
REQUEST		AddToCart	1612374292234	1612374292310	OK	 
REQUEST		AddToCart	1612374292309	1612374292359	OK	 
REQUEST		AddToCart	1612374292309	1612374292372	OK	 
REQUEST		AddToCart	1612374292322	1612374292388	OK	 
REQUEST		AddToCart	1612374292311	1612374292406	OK	 
REQUEST		AddToCart	1612374292431	1612374292475	OK	 
REQUEST		AddToCart	1612374292447	1612374292487	OK	 
REQUEST		AddToCart	1612374292458	1612374292501	OK	 
REQUEST		AddToCart	1612374292465	1612374292513	OK	 
REQUEST		AddToCart	1612374292512	1612374292574	OK	 
REQUEST		AddToCart	1612374292530	1612374292583	OK	 
REQUEST		AddToCart	1612374292531	1612374292610	OK	 
REQUEST		AddToCart	1612374292532	1612374292620	OK	 
REQUEST		AddToCart	1612374292568	1612374292631	OK	 
REQUEST		AddToCart	1612374292556	1612374292632	OK	 
REQUEST		AddToCart	1612374292584	1612374292639	OK	 
REQUEST		AddToCart	1612374292601	1612374292639	OK	 
REQUEST		AddToCart	1612374292614	1612374292657	OK	 
REQUEST		AddToCart	1612374292649	1612374292691	OK	 
REQUEST		AddToCart	1612374292696	1612374292755	OK	 
REQUEST		AddToCart	1612374292759	1612374292795	OK	 
REQUEST		AddToCart	1612374292801	1612374292836	OK	 
REQUEST		AddToCart	1612374292812	1612374292858	OK	 
REQUEST		AddToCart	1612374292826	1612374292883	OK	 
REQUEST		AddToCart	1612374292872	1612374292930	OK	 
REQUEST		AddToCart	1612374292895	1612374292937	OK	 
REQUEST		AddToCart	1612374292865	1612374292959	OK	 
REQUEST		AddToCart	1612374292907	1612374293017	OK	 
REQUEST		AddToCart	1612374292933	1612374293017	OK	 
REQUEST		AddToCart	1612374292955	1612374293019	OK	 
REQUEST		AddToCart	1612374292952	1612374293017	OK	 
REQUEST		AddToCart	1612374292956	1612374293038	OK	 
REQUEST		AddToCart	1612374292977	1612374293052	OK	 
REQUEST		AddToCart	1612374292990	1612374293052	OK	 
REQUEST		AddToCart	1612374293001	1612374293092	OK	 
REQUEST		AddToCart	1612374293071	1612374293127	OK	 
REQUEST		AddToCart	1612374293076	1612374293127	OK	 
REQUEST		AddToCart	1612374293072	1612374293128	OK	 
REQUEST		AddToCart	1612374293063	1612374293138	OK	 
REQUEST		AddToCart	1612374293123	1612374293179	OK	 
REQUEST		AddToCart	1612374293121	1612374293179	OK	 
REQUEST		AddToCart	1612374293123	1612374293187	OK	 
REQUEST		AddToCart	1612374293151	1612374293219	OK	 
REQUEST		AddToCart	1612374293152	1612374293233	OK	 
REQUEST		AddToCart	1612374293206	1612374293260	OK	 
REQUEST		AddToCart	1612374293250	1612374293324	OK	 
REQUEST		AddToCart	1612374293258	1612374293332	OK	 
REQUEST		AddToCart	1612374293262	1612374293373	OK	 
REQUEST		AddToCart	1612374293277	1612374293374	OK	 
REQUEST		AddToCart	1612374293283	1612374293382	OK	 
REQUEST		AddToCart	1612374293272	1612374293401	OK	 
REQUEST		AddToCart	1612374293307	1612374293414	OK	 
REQUEST		AddToCart	1612374293352	1612374293414	OK	 
REQUEST		AddToCart	1612374293324	1612374293414	OK	 
REQUEST		AddToCart	1612374293307	1612374293432	OK	 
REQUEST		AddToCart	1612374293378	1612374293455	OK	 
REQUEST		AddToCart	1612374293382	1612374293458	OK	 
REQUEST		AddToCart	1612374293379	1612374293466	OK	 
REQUEST		AddToCart	1612374293388	1612374293502	OK	 
REQUEST		AddToCart	1612374293395	1612374293533	OK	 
REQUEST		AddToCart	1612374293394	1612374293545	OK	 
REQUEST		AddToCart	1612374293429	1612374293577	OK	 
REQUEST		AddToCart	1612374293430	1612374293576	OK	 
REQUEST		AddToCart	1612374293442	1612374293576	OK	 
REQUEST		AddToCart	1612374293440	1612374293637	OK	 
REQUEST		AddToCart	1612374293478	1612374293642	OK	 
REQUEST		AddToCart	1612374293521	1612374293661	OK	 
REQUEST		AddToCart	1612374293521	1612374293666	OK	 
REQUEST		AddToCart	1612374293509	1612374293662	OK	 
REQUEST		AddToCart	1612374293520	1612374293681	OK	 
REQUEST		AddToCart	1612374293570	1612374293862	OK	 
REQUEST		AddToCart	1612374293554	1612374293862	OK	 
REQUEST		AddToCart	1612374293574	1612374293869	OK	 
REQUEST		AddToCart	1612374293574	1612374293899	OK	 
REQUEST		AddToCart	1612374293638	1612374293951	OK	 
REQUEST		AddToCart	1612374293680	1612374293976	OK	 
REQUEST		AddToCart	1612374293679	1612374293976	OK	 
REQUEST		AddToCart	1612374293649	1612374293976	OK	 
REQUEST		AddToCart	1612374293641	1612374293976	OK	 
REQUEST		AddToCart	1612374293641	1612374294001	OK	 
REQUEST		AddToCart	1612374294626	1612374294684	OK	 
REQUEST		AddToCart	1612374294627	1612374294696	OK	 
REQUEST		AddToCart	1612374294627	1612374294740	OK	 
REQUEST		AddToCart	1612374294768	1612374294810	OK	 
REQUEST		AddToCart	1612374294772	1612374294810	OK	 
REQUEST		AddToCart	1612374294749	1612374294832	OK	 
REQUEST		AddToCart	1612374294845	1612374295200	OK	 
REQUEST		AddToCart	1612374294845	1612374295202	OK	 
REQUEST		AddToCart	1612374294840	1612374295204	OK	 
REQUEST		AddToCart	1612374295189	1612374295231	OK	 
REQUEST		AddToCart	1612374294785	1612374295231	OK	 
REQUEST		AddToCart	1612374295194	1612374295248	OK	 
REQUEST		AddToCart	1612374295175	1612374295251	OK	 
REQUEST		AddToCart	1612374295201	1612374295269	OK	 
REQUEST		AddToCart	1612374295307	1612374295457	OK	 
REQUEST		AddToCart	1612374295311	1612374295549	OK	 
REQUEST		AddToCart	1612374295309	1612374295549	OK	 
REQUEST		AddToCart	1612374295310	1612374295549	OK	 
REQUEST		AddToCart	1612374295310	1612374295549	OK	 
REQUEST		AddToCart	1612374295311	1612374295564	OK	 
REQUEST		AddToCart	1612374295323	1612374295564	OK	 
REQUEST		AddToCart	1612374295378	1612374295647	OK	 
REQUEST		AddToCart	1612374295398	1612374295648	OK	 
REQUEST		AddToCart	1612374295365	1612374295648	OK	 
REQUEST		AddToCart	1612374295410	1612374295689	OK	 
REQUEST		AddToCart	1612374295504	1612374295702	OK	 
REQUEST		AddToCart	1612374295489	1612374295702	OK	 
REQUEST		AddToCart	1612374295532	1612374295752	OK	 
REQUEST		AddToCart	1612374295591	1612374295809	OK	 
REQUEST		AddToCart	1612374295585	1612374295810	OK	 
REQUEST		AddToCart	1612374295533	1612374295810	OK	 
REQUEST		AddToCart	1612374295619	1612374295852	OK	 
REQUEST		AddToCart	1612374295660	1612374295926	OK	 
REQUEST		AddToCart	1612374295626	1612374295926	OK	 
REQUEST		AddToCart	1612374295642	1612374295927	OK	 
REQUEST		AddToCart	1612374295640	1612374295938	OK	 
REQUEST		AddToCart	1612374295659	1612374295941	OK	 
REQUEST		AddToCart	1612374295666	1612374295944	OK	 
REQUEST		AddToCart	1612374295766	1612374295956	OK	 
REQUEST		AddToCart	1612374295700	1612374295963	OK	 
REQUEST		AddToCart	1612374295889	1612374296055	OK	 
REQUEST		AddToCart	1612374295801	1612374296059	OK	 
REQUEST		AddToCart	1612374295845	1612374296068	OK	 
REQUEST		AddToCart	1612374295954	1612374296076	OK	 
REQUEST		AddToCart	1612374295866	1612374296076	OK	 
REQUEST		AddToCart	1612374295954	1612374296092	OK	 
REQUEST		AddToCart	1612374295970	1612374296094	OK	 
REQUEST		AddToCart	1612374296041	1612374296105	OK	 
REQUEST		AddToCart	1612374296041	1612374296206	OK	 
REQUEST		AddToCart	1612374296053	1612374296206	OK	 
REQUEST		AddToCart	1612374296054	1612374296206	OK	 
REQUEST		AddToCart	1612374296152	1612374296401	OK	 
REQUEST		AddToCart	1612374296152	1612374296405	OK	 
REQUEST		AddToCart	1612374296155	1612374296405	OK	 
REQUEST		AddToCart	1612374296146	1612374296409	OK	 
REQUEST		AddToCart	1612374296188	1612374296444	OK	 
REQUEST		AddToCart	1612374296201	1612374296444	OK	 
REQUEST		AddToCart	1612374296197	1612374296449	OK	 
REQUEST		AddToCart	1612374296243	1612374296463	OK	 
REQUEST		AddToCart	1612374296278	1612374296472	OK	 
REQUEST		AddToCart	1612374296260	1612374296504	OK	 
REQUEST		AddToCart	1612374296370	1612374296504	OK	 
REQUEST		AddToCart	1612374296330	1612374296511	OK	 
REQUEST		AddToCart	1612374296384	1612374296562	OK	 
REQUEST		AddToCart	1612374296384	1612374296591	OK	 
REQUEST		AddToCart	1612374296079	1612374296674	OK	 
REQUEST		AddToCart	1612374296430	1612374296691	OK	 
REQUEST		AddToCart	1612374296092	1612374296701	OK	 
REQUEST		AddToCart	1612374296432	1612374296702	OK	 
REQUEST		AddToCart	1612374296105	1612374296739	OK	 
REQUEST		AddToCart	1612374296432	1612374296758	OK	 
REQUEST		AddToCart	1612374296431	1612374296772	OK	 
REQUEST		AddToCart	1612374296445	1612374296772	OK	 
REQUEST		AddToCart	1612374296471	1612374296773	OK	 
REQUEST		AddToCart	1612374296479	1612374296772	OK	 
REQUEST		AddToCart	1612374296076	1612374296789	OK	 
REQUEST		AddToCart	1612374296517	1612374296791	OK	 
REQUEST		AddToCart	1612374296553	1612374296801	OK	 
REQUEST		AddToCart	1612374296429	1612374296804	OK	 
REQUEST		AddToCart	1612374296484	1612374296807	OK	 
REQUEST		AddToCart	1612374296556	1612374296834	OK	 
REQUEST		AddToCart	1612374296642	1612374296924	OK	 
REQUEST		AddToCart	1612374296680	1612374296940	OK	 
REQUEST		AddToCart	1612374296657	1612374296940	OK	 
REQUEST		AddToCart	1612374296659	1612374296940	OK	 
REQUEST		AddToCart	1612374296642	1612374297033	OK	 
REQUEST		AddToCart	1612374296870	1612374297038	OK	 
REQUEST		AddToCart	1612374296640	1612374297034	OK	 
REQUEST		AddToCart	1612374296680	1612374297059	OK	 
REQUEST		AddToCart	1612374296878	1612374297070	OK	 
REQUEST		AddToCart	1612374296682	1612374297086	OK	 
REQUEST		AddToCart	1612374296690	1612374297088	OK	 
REQUEST		AddToCart	1612374296907	1612374297091	OK	 
REQUEST		AddToCart	1612374297060	1612374297105	OK	 
REQUEST		AddToCart	1612374296871	1612374297105	OK	 
REQUEST		AddToCart	1612374297060	1612374297122	OK	 
REQUEST		AddToCart	1612374297029	1612374297125	OK	 
REQUEST		AddToCart	1612374297058	1612374297129	OK	 
REQUEST		AddToCart	1612374297103	1612374297147	OK	 
REQUEST		AddToCart	1612374297114	1612374297163	OK	 
REQUEST		CreateGeneral	1612374297689	1612374297877	OK	 
REQUEST		CreateGeneral	1612374297702	1612374297904	OK	 
REQUEST		CreateGeneral	1612374297750	1612374297922	OK	 
REQUEST		CreateGeneral	1612374297818	1612374297984	OK	 
REQUEST		CreateGeneral	1612374297819	1612374298008	OK	 
REQUEST		CreateGeneral	1612374297837	1612374298008	OK	 
REQUEST		CreateGeneral	1612374298224	1612374298410	OK	 
REQUEST		CreateGeneral	1612374298222	1612374298411	OK	 
REQUEST		CreateGeneral	1612374298227	1612374298422	OK	 
REQUEST		CreateGeneral	1612374298251	1612374298447	OK	 
REQUEST		CreateGeneral	1612374298282	1612374298483	OK	 
REQUEST		CreateGeneral	1612374298463	1612374298644	OK	 
REQUEST		CreateGeneral	1612374298566	1612374298777	OK	 
REQUEST		CreateGeneral	1612374298565	1612374298777	OK	 
REQUEST		CreateGeneral	1612374298564	1612374298795	OK	 
REQUEST		CreateGeneral	1612374298567	1612374298804	OK	 
REQUEST		CreateGeneral	1612374298655	1612374298834	OK	 
REQUEST		CreateGeneral	1612374298662	1612374298838	OK	 
REQUEST		CreateGeneral	1612374298695	1612374298848	KO	status.find.is(200), but actually found 400
REQUEST		CreateGeneral	1612374298662	1612374298867	OK	 
REQUEST		CreateGeneral	1612374298710	1612374298923	OK	 
REQUEST		CreateGeneral	1612374298709	1612374298923	OK	 
REQUEST		CreateGeneral	1612374298757	1612374298944	OK	 
REQUEST		CreateGeneral	1612374298839	1612374299058	OK	 
REQUEST		CreateGeneral	1612374298936	1612374299070	KO	status.find.is(200), but actually found 400
REQUEST		CreateGeneral	1612374298849	1612374299078	OK	 
REQUEST		CreateGeneral	1612374298942	1612374299078	KO	status.find.is(200), but actually found 400
REQUEST		CreateGeneral	1612374298859	1612374299132	OK	 
REQUEST		CreateGeneral	1612374298839	1612374299134	OK	 
REQUEST		CreateGeneral	1612374298573	1612374299185	OK	 
REQUEST		CreateGeneral	1612374299091	1612374299270	KO	status.find.is(200), but actually found 400
REQUEST		CreateGeneral	1612374298960	1612374299301	OK	 
REQUEST		CreateGeneral	1612374298573	1612374299301	OK	 
REQUEST		CreateGeneral	1612374298954	1612374299314	OK	 
REQUEST		CreateGeneral	1612374298964	1612374299314	OK	 
REQUEST		CreateGeneral	1612374298953	1612374299321	OK	 
REQUEST		CreateGeneral	1612374298953	1612374299330	OK	 
REQUEST		CreateGeneral	1612374298975	1612374299342	OK	 
REQUEST		CreateGeneral	1612374299095	1612374299448	OK	 
REQUEST		CreateGeneral	1612374299074	1612374299447	OK	 
REQUEST		CreateGeneral	1612374299100	1612374299459	OK	 
REQUEST		CreateGeneral	1612374299107	1612374299461	OK	 
REQUEST		CreateGeneral	1612374299095	1612374299461	OK	 
REQUEST		CreateGeneral	1612374299112	1612374299485	OK	 
REQUEST		CreateGeneral	1612374299219	1612374299719	OK	 
REQUEST		CreateGeneral	1612374299112	1612374299735	OK	 
REQUEST		CreateGeneral	1612374299232	1612374299814	OK	 
REQUEST		CreateGeneral	1612374298249	1612374299814	OK	 
REQUEST		CreateGeneral	1612374299232	1612374299844	OK	 
REQUEST		CreateGeneral	1612374298283	1612374299852	OK	 
REQUEST		CreateGeneral	1612374298306	1612374299859	OK	 
REQUEST		CreateGeneral	1612374299424	1612374299894	OK	 
REQUEST		CreateGeneral	1612374299427	1612374299902	OK	 
REQUEST		CreateGeneral	1612374299431	1612374299901	OK	 
REQUEST		CreateGeneral	1612374299426	1612374299906	OK	 
REQUEST		CreateGeneral	1612374299474	1612374299968	OK	 
REQUEST		CreateGeneral	1612374299478	1612374300141	OK	 
REQUEST		CreateGeneral	1612374299488	1612374300141	OK	 
REQUEST		CreateGeneral	1612374299465	1612374300141	OK	 
REQUEST		CreateGeneral	1612374299791	1612374300211	KO	status.find.is(200), but actually found 400
REQUEST		CreateGeneral	1612374299697	1612374300243	OK	 
REQUEST		CreateGeneral	1612374299795	1612374300268	KO	status.find.is(200), but actually found 400
REQUEST		CreateGeneral	1612374299792	1612374300332	KO	status.find.is(200), but actually found 400
REQUEST		CreateGeneral	1612374299710	1612374300339	OK	 
REQUEST		CreateGeneral	1612374299744	1612374300347	OK	 
REQUEST		CreateGeneral	1612374299710	1612374300390	OK	 
REQUEST		CreateGeneral	1612374299773	1612374300438	OK	 
REQUEST		CreateGeneral	1612374299827	1612374300463	OK	 
REQUEST		CreateGeneral	1612374299803	1612374300514	OK	 
REQUEST		CreateGeneral	1612374299829	1612374300519	OK	 
REQUEST		CreateGeneral	1612374299829	1612374300538	OK	 
REQUEST		CreateGeneral	1612374299519	1612374300538	OK	 
REQUEST		CreateGeneral	1612374299494	1612374300550	OK	 
REQUEST		CreateGeneral	1612374299681	1612374300551	OK	 
REQUEST		CreateGeneral	1612374299570	1612374300557	OK	 
REQUEST		CreateGeneral	1612374299604	1612374300566	OK	 
REQUEST		CreateGeneral	1612374299523	1612374300572	OK	 
REQUEST		CreateGeneral	1612374299522	1612374300578	OK	 
REQUEST		CreateGeneral	1612374299831	1612374300718	OK	 
REQUEST		CreateGeneral	1612374299931	1612374300723	OK	 
REQUEST		CreateGeneral	1612374299961	1612374300732	OK	 
REQUEST		CreateGeneral	1612374299839	1612374300732	OK	 
REQUEST		CreateGeneral	1612374300030	1612374300736	OK	 
REQUEST		CreateGeneral	1612374300050	1612374300771	OK	 
REQUEST		CreateGeneral	1612374300088	1612374300784	OK	 
REQUEST		CreateGeneral	1612374300107	1612374300795	OK	 
REQUEST		CreateGeneral	1612374300139	1612374300888	OK	 
REQUEST		CreateGeneral	1612374300139	1612374300889	OK	 
REQUEST		CreateGeneral	1612374300142	1612374300916	OK	 
REQUEST		CreateGeneral	1612374300090	1612374300922	OK	 
REQUEST		CreateGeneral	1612374300164	1612374300922	OK	 
REQUEST		CreateGeneral	1612374300043	1612374300941	OK	 
REQUEST		CreateGeneral	1612374300107	1612374300942	OK	 
REQUEST		CreateGeneral	1612374300108	1612374300956	OK	 
REQUEST		CreateGeneral	1612374300176	1612374300956	OK	 
REQUEST		CreateGeneral	1612374299792	1612374301360	OK	 
REQUEST		CreateGeneral	1612374300061	1612374301961	OK	 
REQUEST		CreateGeneral	1612374300061	1612374301995	OK	 
REQUEST		CreateGeneral	1612374300129	1612374302005	OK	 
REQUEST		BookingDetails	1612374301909	1612374302007	OK	 
REQUEST		BookingDetails	1612374301927	1612374302007	OK	 
REQUEST		BookingDetails	1612374301884	1612374302010	OK	 
REQUEST		CreateGeneral	1612374300115	1612374302032	OK	 
REQUEST		BookingDetails	1612374301991	1612374302047	OK	 
REQUEST		ConfirmPayment	1612374302022	1612374302172	OK	 
USER	GeneralAdmission1	END	1612374302184
REQUEST		ConfirmPayment	1612374302023	1612374302196	OK	 
USER	GeneralAdmission1	END	1612374302201
REQUEST		BookingDetails	1612374302026	1612374302211	OK	 
REQUEST		ConfirmPayment	1612374302054	1612374302212	OK	 
REQUEST		ConfirmPayment	1612374302025	1612374302211	OK	 
USER	GeneralAdmission1	END	1612374302235
USER	GeneralAdmission1	END	1612374302236
REQUEST		BookingDetails	1612374302027	1612374302243	OK	 
REQUEST		ConfirmPayment	1612374302233	1612374302366	OK	 
USER	GeneralAdmission1	END	1612374302369
REQUEST		ConfirmPayment	1612374302248	1612374302407	OK	 
USER	GeneralAdmission1	END	1612374302432
REQUEST		BookingDetails	1612374302422	1612374302513	OK	 
REQUEST		BookingDetails	1612374302422	1612374302514	OK	 
REQUEST		BookingDetails	1612374302433	1612374302535	OK	 
REQUEST		BookingDetails	1612374302464	1612374302548	OK	 
REQUEST		BookingDetails	1612374302489	1612374302617	OK	 
REQUEST		ConfirmPayment	1612374302520	1612374302661	OK	 
REQUEST		ConfirmPayment	1612374302520	1612374302663	OK	 
USER	GeneralAdmission1	END	1612374302671
USER	GeneralAdmission1	END	1612374302676
REQUEST		BookingDetails	1612374302649	1612374302740	OK	 
REQUEST		ConfirmPayment	1612374302551	1612374302746	OK	 
REQUEST		ConfirmPayment	1612374302537	1612374302748	OK	 
USER	GeneralAdmission1	END	1612374302758
USER	GeneralAdmission1	END	1612374302761
REQUEST		ConfirmPayment	1612374302621	1612374302788	OK	 
USER	GeneralAdmission1	END	1612374302882
REQUEST		BookingDetails	1612374302879	1612374303135	OK	 
ERROR	BookingDetails: Failed to build request: No attribute named 'checkoutTokenID' is defined 	1612374303146
ERROR	ConfirmPayment: Failed to build request: No attribute named 'checkoutTokenID' is defined 	1612374303162
REQUEST		ConfirmPayment	1612374302745	1612374303157	OK	 
REQUEST		BookingDetails	1612374303007	1612374303157	OK	 
REQUEST		BookingDetails	1612374302790	1612374303162	OK	 
REQUEST		BookingDetails	1612374302945	1612374303161	OK	 
USER	GeneralAdmission1	END	1612374303193
USER	GeneralAdmission1	END	1612374303197
ERROR	BookingDetails: Failed to build request: No attribute named 'checkoutTokenID' is defined 	1612374303204
ERROR	ConfirmPayment: Failed to build request: No attribute named 'checkoutTokenID' is defined 	1612374303208
REQUEST		BookingDetails	1612374303047	1612374303204	OK	 
REQUEST		BookingDetails	1612374302943	1612374303217	OK	 
USER	GeneralAdmission1	END	1612374303220
REQUEST		BookingDetails	1612374303007	1612374303230	OK	 
ERROR	BookingDetails: Failed to build request: No attribute named 'checkoutTokenID' is defined 	1612374303244
ERROR	ConfirmPayment: Failed to build request: No attribute named 'checkoutTokenID' is defined 	1612374303244
USER	GeneralAdmission1	END	1612374303245
ERROR	BookingDetails: Failed to build request: No attribute named 'checkoutTokenID' is defined 	1612374303277
ERROR	ConfirmPayment: Failed to build request: No attribute named 'checkoutTokenID' is defined 	1612374303279
REQUEST		BookingDetails	1612374303204	1612374303278	OK	 
USER	GeneralAdmission1	END	1612374303283
REQUEST		BookingDetails	1612374303195	1612374303335	OK	 
REQUEST		BookingDetails	1612374303204	1612374303432	OK	 
REQUEST		BookingDetails	1612374303218	1612374303555	OK	 
REQUEST		BookingDetails	1612374303228	1612374303845	OK	 
REQUEST		ConfirmPayment	1612374303162	1612374303878	OK	 
REQUEST		BookingDetails	1612374303230	1612374303878	OK	 
REQUEST		BookingDetails	1612374303236	1612374303878	OK	 
USER	GeneralAdmission1	END	1612374303893
REQUEST		ConfirmPayment	1612374303194	1612374303942	OK	 
USER	GeneralAdmission1	END	1612374303946
REQUEST		ConfirmPayment	1612374303192	1612374304028	OK	 
USER	GeneralAdmission1	END	1612374304032
REQUEST		ConfirmPayment	1612374303240	1612374304074	OK	 
REQUEST		ConfirmPayment	1612374303218	1612374304075	OK	 
REQUEST		ConfirmPayment	1612374303191	1612374304075	OK	 
REQUEST		ConfirmPayment	1612374303230	1612374304076	OK	 
REQUEST		BookingDetails	1612374303322	1612374304079	OK	 
USER	GeneralAdmission1	END	1612374304101
USER	GeneralAdmission1	END	1612374304112
REQUEST		BookingDetails	1612374303359	1612374304113	OK	 
USER	GeneralAdmission1	END	1612374304112
USER	GeneralAdmission1	END	1612374304114
REQUEST		BookingDetails	1612374303314	1612374304123	OK	 
REQUEST		BookingDetails	1612374303241	1612374304124	OK	 
REQUEST		BookingDetails	1612374303456	1612374304132	OK	 
REQUEST		BookingDetails	1612374303335	1612374304145	OK	 
REQUEST		BookingDetails	1612374303475	1612374304146	OK	 
REQUEST		BookingDetails	1612374303359	1612374304158	OK	 
REQUEST		BookingDetails	1612374303458	1612374304165	OK	 
REQUEST		ConfirmPayment	1612374303347	1612374304176	OK	 
USER	GeneralAdmission1	END	1612374304184
REQUEST		ConfirmPayment	1612374303283	1612374304186	OK	 
USER	GeneralAdmission1	END	1612374304195
REQUEST		BookingDetails	1612374303349	1612374304196	OK	 
ERROR	BookingDetails: Failed to build request: No attribute named 'checkoutTokenID' is defined 	1612374304216
ERROR	ConfirmPayment: Failed to build request: No attribute named 'checkoutTokenID' is defined 	1612374304216
USER	GeneralAdmission1	END	1612374304218
ERROR	BookingDetails: Failed to build request: No attribute named 'checkoutTokenID' is defined 	1612374304274
ERROR	ConfirmPayment: Failed to build request: No attribute named 'checkoutTokenID' is defined 	1612374304276
USER	GeneralAdmission1	END	1612374304277
ERROR	BookingDetails: Failed to build request: No attribute named 'checkoutTokenID' is defined 	1612374304336
ERROR	ConfirmPayment: Failed to build request: No attribute named 'checkoutTokenID' is defined 	1612374304337
USER	GeneralAdmission1	END	1612374304339
REQUEST		ConfirmPayment	1612374303436	1612374304693	OK	 
REQUEST		BookingDetails	1612374303485	1612374304698	OK	 
REQUEST		BookingDetails	1612374303316	1612374304698	OK	 
USER	GeneralAdmission1	END	1612374304699
REQUEST		ConfirmPayment	1612374303559	1612374304928	OK	 
REQUEST		BookingDetails	1612374303724	1612374304928	OK	 
REQUEST		BookingDetails	1612374303744	1612374304931	OK	 
REQUEST		BookingDetails	1612374303829	1612374304932	OK	 
REQUEST		ConfirmPayment	1612374303848	1612374304932	OK	 
REQUEST		ConfirmPayment	1612374303892	1612374304967	OK	 
USER	GeneralAdmission1	END	1612374304941
REQUEST		BookingDetails	1612374303485	1612374304965	OK	 
REQUEST		BookingDetails	1612374303899	1612374304978	OK	 
USER	GeneralAdmission1	END	1612374304983
USER	GeneralAdmission1	END	1612374304997
REQUEST		BookingDetails	1612374303859	1612374305008	OK	 
REQUEST		BookingDetails	1612374303830	1612374305008	OK	 
REQUEST		BookingDetails	1612374303870	1612374305011	OK	 
REQUEST		ConfirmPayment	1612374303892	1612374305027	OK	 
REQUEST		BookingDetails	1612374303860	1612374305027	OK	 
USER	GeneralAdmission1	END	1612374305048
REQUEST		BookingDetails	1612374303498	1612374305052	OK	 
REQUEST		BookingDetails	1612374303925	1612374305526	OK	 
REQUEST		ConfirmPayment	1612374304125	1612374305825	OK	 
REQUEST		BookingDetails	1612374303926	1612374305824	OK	 
REQUEST		ConfirmPayment	1612374304158	1612374305824	OK	 
REQUEST		BookingDetails	1612374303924	1612374305825	OK	 
REQUEST		ConfirmPayment	1612374304165	1612374305825	OK	 
USER	GeneralAdmission1	END	1612374305842
USER	GeneralAdmission1	END	1612374305842
USER	GeneralAdmission1	END	1612374305844
REQUEST		ConfirmPayment	1612374304131	1612374305848	OK	 
USER	GeneralAdmission1	END	1612374305853
REQUEST		BookingDetails	1612374303976	1612374306004	OK	 
REQUEST		ConfirmPayment	1612374304145	1612374306348	OK	 
REQUEST		ConfirmPayment	1612374304176	1612374306349	OK	 
REQUEST		ConfirmPayment	1612374304114	1612374306352	OK	 
REQUEST		BookingDetails	1612374304164	1612374306352	OK	 
REQUEST		ConfirmPayment	1612374304144	1612374306353	OK	 
USER	GeneralAdmission1	END	1612374306360
USER	GeneralAdmission1	END	1612374306386
USER	GeneralAdmission1	END	1612374306386
USER	GeneralAdmission1	END	1612374306386
REQUEST		ConfirmPayment	1612374304158	1612374306402	OK	 
USER	GeneralAdmission1	END	1612374306406
REQUEST		BookingDetails	1612374304165	1612374306658	OK	 
REQUEST		ConfirmPayment	1612374304708	1612374306663	OK	 
REQUEST		BookingDetails	1612374304551	1612374306664	OK	 
REQUEST		ConfirmPayment	1612374304708	1612374306675	OK	 
USER	GeneralAdmission1	END	1612374306676
REQUEST		BookingDetails	1612374304164	1612374306680	OK	 
USER	GeneralAdmission1	END	1612374306681
REQUEST		BookingDetails	1612374304569	1612374306686	OK	 
REQUEST		ConfirmPayment	1612374304199	1612374306693	OK	 
USER	GeneralAdmission1	END	1612374306703
REQUEST		BookingDetails	1612374304587	1612374306778	OK	 
REQUEST		BookingDetails	1612374304520	1612374306778	OK	 
REQUEST		BookingDetails	1612374304586	1612374306778	OK	 
REQUEST		BookingDetails	1612374304248	1612374306814	OK	 
REQUEST		BookingDetails	1612374304349	1612374306816	OK	 
REQUEST		BookingDetails	1612374304444	1612374306827	OK	 
REQUEST		BookingDetails	1612374304396	1612374306928	OK	 
REQUEST		BookingDetails	1612374304468	1612374306881	OK	 
REQUEST		BookingDetails	1612374304364	1612374306928	OK	 
REQUEST		BookingDetails	1612374304558	1612374306965	OK	 
REQUEST		BookingDetails	1612374304549	1612374306965	OK	 
REQUEST		BookingDetails	1612374304524	1612374306978	OK	 
REQUEST		ConfirmPayment	1612374305000	1612374307002	OK	 
REQUEST		BookingDetails	1612374304557	1612374307001	OK	 
REQUEST		ConfirmPayment	1612374304982	1612374307001	OK	 
REQUEST		ConfirmPayment	1612374304967	1612374307002	OK	 
REQUEST		ConfirmPayment	1612374305027	1612374307025	OK	 
USER	GeneralAdmission1	END	1612374307052
USER	GeneralAdmission1	END	1612374307060
USER	GeneralAdmission1	END	1612374307061
REQUEST		BookingDetails	1612374304723	1612374307081	OK	 
REQUEST		BookingDetails	1612374304734	1612374307079	OK	 
USER	GeneralAdmission1	END	1612374307077
REQUEST		BookingDetails	1612374304566	1612374307093	OK	 
REQUEST		BookingDetails	1612374304744	1612374307107	OK	 
REQUEST		ConfirmPayment	1612374304999	1612374307118	OK	 
REQUEST		ConfirmPayment	1612374305027	1612374307125	OK	 
USER	GeneralAdmission1	END	1612374307132
USER	GeneralAdmission1	END	1612374307132
REQUEST		ConfirmPayment	1612374304982	1612374307133	OK	 
USER	GeneralAdmission1	END	1612374307137
REQUEST		ConfirmPayment	1612374305032	1612374307261	OK	 
REQUEST		BookingDetails	1612374304751	1612374307268	OK	 
REQUEST		ConfirmPayment	1612374305048	1612374307268	OK	 
USER	GeneralAdmission1	END	1612374307269
USER	GeneralAdmission1	END	1612374307280
REQUEST		BookingDetails	1612374304777	1612374307407	OK	 
REQUEST		BookingDetails	1612374304804	1612374307407	OK	 
REQUEST		BookingDetails	1612374304999	1612374307407	OK	 
REQUEST		BookingDetails	1612374304751	1612374307406	OK	 
REQUEST		BookingDetails	1612374304981	1612374307410	OK	 
REQUEST		ConfirmPayment	1612374305530	1612374307435	OK	 
REQUEST		BookingDetails	1612374304923	1612374307435	OK	 
REQUEST		BookingDetails	1612374305024	1612374307440	OK	 
USER	GeneralAdmission1	END	1612374307444
REQUEST		BookingDetails	1612374304790	1612374307454	OK	 
REQUEST		BookingDetails	1612374304923	1612374307460	OK	 
REQUEST		BookingDetails	1612374305046	1612374307667	OK	 
REQUEST		BookingDetails	1612374305364	1612374307671	OK	 
REQUEST		ConfirmPayment	1612374305063	1612374307671	OK	 
REQUEST		ConfirmPayment	1612374306008	1612374307685	OK	 
REQUEST		BookingDetails	1612374305046	1612374307685	OK	 
USER	GeneralAdmission1	END	1612374307686
REQUEST		ConfirmPayment	1612374305841	1612374307693	OK	 
REQUEST		BookingDetails	1612374305052	1612374307706	OK	 
USER	GeneralAdmission1	END	1612374307698
REQUEST		ConfirmPayment	1612374305842	1612374307706	OK	 
USER	GeneralAdmission1	END	1612374307710
USER	GeneralAdmission1	END	1612374307720
REQUEST		BookingDetails	1612374305059	1612374307976	OK	 
REQUEST		BookingDetails	1612374305968	1612374308068	OK	 
REQUEST		ConfirmPayment	1612374306386	1612374308080	OK	 
REQUEST		BookingDetails	1612374306040	1612374308080	OK	 
REQUEST		BookingDetails	1612374306000	1612374308080	OK	 
USER	GeneralAdmission1	END	1612374308099
REQUEST		ConfirmPayment	1612374306693	1612374308119	OK	 
REQUEST		BookingDetails	1612374306022	1612374308115	OK	 
REQUEST		ConfirmPayment	1612374306675	1612374308119	OK	 
REQUEST		ConfirmPayment	1612374306662	1612374308119	OK	 
REQUEST		ConfirmPayment	1612374306791	1612374308119	OK	 
REQUEST		ConfirmPayment	1612374306822	1612374308122	OK	 
USER	GeneralAdmission1	END	1612374308137
USER	GeneralAdmission1	END	1612374308141
USER	GeneralAdmission1	END	1612374308141
USER	GeneralAdmission1	END	1612374308145
REQUEST		ConfirmPayment	1612374306791	1612374308146	OK	 
USER	GeneralAdmission1	END	1612374308145
USER	GeneralAdmission1	END	1612374308150
REQUEST		ConfirmPayment	1612374306694	1612374308150	OK	 
USER	GeneralAdmission1	END	1612374308154
REQUEST		ConfirmPayment	1612374306830	1612374308159	OK	 
USER	GeneralAdmission1	END	1612374308163
REQUEST		ConfirmPayment	1612374306791	1612374308423	OK	 
USER	GeneralAdmission1	END	1612374308428
REQUEST		ConfirmPayment	1612374306964	1612374308456	OK	 
REQUEST		ConfirmPayment	1612374307279	1612374308456	OK	 
REQUEST		ConfirmPayment	1612374306978	1612374308481	OK	 
USER	GeneralAdmission1	END	1612374308481
REQUEST		ConfirmPayment	1612374306965	1612374308494	OK	 
REQUEST		ConfirmPayment	1612374306822	1612374308488	OK	 
REQUEST		ConfirmPayment	1612374307423	1612374308494	OK	 
REQUEST		ConfirmPayment	1612374307432	1612374308494	OK	 
USER	GeneralAdmission1	END	1612374308495
REQUEST		ConfirmPayment	1612374306992	1612374308501	OK	 
USER	GeneralAdmission1	END	1612374308502
USER	GeneralAdmission1	END	1612374308510
REQUEST		ConfirmPayment	1612374307428	1612374308518	OK	 
USER	GeneralAdmission1	END	1612374308510
REQUEST		ConfirmPayment	1612374307106	1612374308519	OK	 
USER	GeneralAdmission1	END	1612374308514
REQUEST		ConfirmPayment	1612374307430	1612374308522	OK	 
REQUEST		ConfirmPayment	1612374306983	1612374308523	OK	 
REQUEST		ConfirmPayment	1612374307118	1612374308526	OK	 
USER	GeneralAdmission1	END	1612374308518
REQUEST		ConfirmPayment	1612374307706	1612374308532	OK	 
USER	GeneralAdmission1	END	1612374308520
REQUEST		ConfirmPayment	1612374307107	1612374308541	OK	 
REQUEST		ConfirmPayment	1612374307428	1612374308545	OK	 
USER	GeneralAdmission1	END	1612374308523
USER	GeneralAdmission1	END	1612374308536
REQUEST		ConfirmPayment	1612374306960	1612374308544	OK	 
USER	GeneralAdmission1	END	1612374308542
REQUEST		ConfirmPayment	1612374307468	1612374308561	OK	 
USER	GeneralAdmission1	END	1612374308545
REQUEST		ConfirmPayment	1612374307110	1612374308570	OK	 
REQUEST		ConfirmPayment	1612374307447	1612374308570	OK	 
REQUEST		ConfirmPayment	1612374307981	1612374308573	OK	 
REQUEST		ConfirmPayment	1612374307683	1612374308577	OK	 
USER	GeneralAdmission1	END	1612374308546
REQUEST		ConfirmPayment	1612374308100	1612374308578	OK	 
REQUEST		ConfirmPayment	1612374308095	1612374308606	OK	 
USER	GeneralAdmission1	END	1612374308555
REQUEST		ConfirmPayment	1612374307714	1612374308596	OK	 
REQUEST		ConfirmPayment	1612374308140	1612374308621	OK	 
USER	GeneralAdmission1	END	1612374308555
USER	GeneralAdmission1	END	1612374308569
USER	GeneralAdmission1	END	1612374308571
REQUEST		ConfirmPayment	1612374307060	1612374308627	OK	 
USER	GeneralAdmission1	END	1612374308579
REQUEST		ConfirmPayment	1612374308072	1612374308631	OK	 
REQUEST		ConfirmPayment	1612374307671	1612374308657	OK	 
USER	GeneralAdmission1	END	1612374308607
USER	GeneralAdmission1	END	1612374308609
USER	GeneralAdmission1	END	1612374308611
USER	GeneralAdmission1	END	1612374308612
USER	GeneralAdmission1	END	1612374308621
USER	GeneralAdmission1	END	1612374308623
REQUEST		ConfirmPayment	1612374307458	1612374308678	OK	 
USER	GeneralAdmission1	END	1612374308627
USER	GeneralAdmission1	END	1612374308628
USER	GeneralAdmission1	END	1612374308662
USER	GeneralAdmission1	END	1612374308674
USER	GeneralAdmission1	END	1612374308676
USER	GeneralAdmission1	END	1612374308687
REQUEST		ConfirmPayment	1612374307448	1612374308689	OK	 
USER	GeneralAdmission1	END	1612374308698
