RUN	TimedTour1	timedtour1	1611833918095	 	3.5.0
USER	TimedTour1	START	1611833919887
REQUEST		request_0	1611833919930	1611833920353	OK	 
REQUEST		request_0 Redirect 1	1611833920382	1611833920772	OK	 
REQUEST		request_1	1611833922817	1611833922824	OK	 
ERROR	request_2: Failed to build request: Resource /timedtour1/0002_request.json not found 	1611833922832
ERROR	request_3: Failed to build request: Resource /timedtour1/0003_request.json not found 	1611833922835
ERROR	request_4: Failed to build request: Resource /timedtour1/0004_request.txt not found 	1611833922836
ERROR	request_5: Failed to build request: Resource /timedtour1/0005_request.txt not found 	1611833922838
ERROR	request_6: Failed to build request: Resource /timedtour1/0006_request.txt not found 	1611833940854
ERROR	request_9: Failed to build request: Resource /timedtour1/0009_request.txt not found 	1611833943877
REQUEST		request_14	1611833945892	1611833945916	OK	 
ERROR	request_17: Failed to build request: Resource /timedtour1/0017_request.txt not found 	1611833945920
ERROR	request_18: Failed to build request: Resource /timedtour1/0018_request.txt not found 	1611833945920
REQUEST		request_16	1611833945942	1611833945981	OK	 
REQUEST		request_15	1611833945954	1611833945995	OK	 
REQUEST		request_15	1611833946013	1611833946042	OK	 
REQUEST		request_19	1611833948072	1611833948094	OK	 
ERROR	request_31: Failed to build request: Resource /timedtour1/0031_request.txt not found 	1611833948175
REQUEST		request_22	1611833948181	1611833948554	OK	 
REQUEST		request_26	1611833948187	1611833948560	OK	 
REQUEST		request_25	1611833948206	1611833948928	OK	 
REQUEST		polyfills.js	1611833948410	1611833948978	OK	 
REQUEST		request_29	1611833948426	1611833949092	OK	 
REQUEST		styles.js	1611833948431	1611833949208	OK	 
REQUEST		favicon.ico	1611833948467	1611833949495	OK	 
REQUEST		runtime.js	1611833948482	1611833949502	OK	 
REQUEST		request_20	1611833948486	1611833949509	OK	 
REQUEST		request_23	1611833948527	1611833949512	OK	 
REQUEST		request_25	1611833948934	1611833949528	OK	 
REQUEST		request_21	1611833948538	1611833949626	OK	 
REQUEST		request_27	1611833948437	1611833949675	OK	 
REQUEST		main.js	1611833948385	1611833949769	OK	 
REQUEST		js?id=G-JM0RFMB8WQ	1611833948498	1611833951785	OK	 
REQUEST		request_30	1611833948210	1611833951913	OK	 
REQUEST		/	1611833948441	1611833951993	OK	 
REQUEST		request_24	1611833948471	1611833952065	OK	 
REQUEST		request_28	1611833948492	1611833952071	OK	 
REQUEST		vendor.js	1611833948532	1611833952121	OK	 
ERROR	request_32: Failed to build request: Resource /timedtour1/0032_request.txt not found 	1611833955520
REQUEST		request_34	1611833956539	1611833956543	OK	 
REQUEST		request_35	1611833956547	1611833956552	OK	 
REQUEST		request_36	1611833956550	1611833956559	OK	 
REQUEST		request_36	1611833956564	1611833956897	OK	 
REQUEST		request_37	1611833957911	1611833957930	OK	 
ERROR	request_38: Failed to build request: Resource /timedtour1/0038_request.json not found 	1611833957932
ERROR	request_39: Failed to build request: Resource /timedtour1/0039_request.json not found 	1611833957932
ERROR	request_40: Failed to build request: Resource /timedtour1/0040_request.txt not found 	1611833957932
ERROR	request_41: Failed to build request: Resource /timedtour1/0041_request.txt not found 	1611833958934
USER	TimedTour1	END	1611833958947
