RUN	GeneralAdmission1	generaladmission1	1612282517497	 	3.5.0
USER	GeneralAdmission1	START	1612282519898
REQUEST		GetToken	1612282519957	1612282520829	OK	 
REQUEST		GetToken Redirect 1	1612282520862	1612282524710	OK	 
REQUEST		request_1	1612282524891	1612282525949	OK	 
REQUEST		AddToCart	1612282530993	1612282531224	OK	 
REQUEST		AddToCart Redirect 1	1612282531231	1612282532161	OK	 
REQUEST		CreateGeneral	1612282533182	1612282533205	OK	 
REQUEST		CreateGeneral Redirect 1	1612282533210	1612282534290	OK	 
REQUEST		BookingDetails	1612282538302	1612282538316	OK	 
REQUEST		BookingDetails Redirect 1	1612282538326	1612282538683	OK	 
REQUEST		StripeElement	1612282538689	1612282539536	OK	 
REQUEST		shared-8b0cf640a52a1422947f168069c49b9d.js	1612282539661	1612282540215	OK	 
REQUEST		elements-inner-card-77d7d4c2ce976deb5d1dc2ff2a238146.js	1612282539649	1612282540401	OK	 
REQUEST		ui-shared-1a3494666c8cbd375492e006f2e840cd.css	1612282539667	1612282540654	OK	 
REQUEST		ui-shared-121e554d3a08b818808584dff61fc32c.js	1612282539682	1612282541172	OK	 
REQUEST		CreatePaymentIntent	1612282544317	1612282544332	OK	 
REQUEST		CreatePaymentIntent Redirect 1	1612282544340	1612282545773	OK	 
REQUEST		StripeController	1612282558845	1612282559505	OK	 
REQUEST		controller-6d15abacacad5eabb07034f26400b450.js	1612282559523	1612282560347	OK	 
REQUEST		StripeCountryRanges	1612282562406	1612282563677	OK	 
REQUEST		PrivateStripe	1612282569799	1612282570306	OK	 
REQUEST		Elements1	1612282570312	1612282571303	OK	 
REQUEST		Elements2	1612282571310	1612282571519	OK	 
REQUEST		Elements3	1612282571525	1612282571731	OK	 
REQUEST		Elements4	1612282571736	1612282571930	OK	 
REQUEST		Elements5	1612282571935	1612282572118	OK	 
REQUEST		Elements6	1612282572123	1612282572330	OK	 
REQUEST		Elements6	1612282572335	1612282572530	OK	 
REQUEST		Elements7	1612282572535	1612282572723	OK	 
REQUEST		Elements8	1612282572730	1612282572918	OK	 
REQUEST		Elements9	1612282572922	1612282573115	OK	 
REQUEST		Elements10	1612282573119	1612282573797	OK	 
REQUEST		Elements11	1612282573802	1612282574062	OK	 
REQUEST		Elements12	1612282575079	1612282575270	OK	 
REQUEST		Elements13	1612282577281	1612282577476	OK	 
REQUEST		Elements14	1612282579494	1612282579743	OK	 
REQUEST		Elements15	1612282579752	1612282580162	OK	 
REQUEST		Elements16	1612282581182	1612282581459	OK	 
REQUEST		AddCardDetails	1612282582477	1612282582842	KO	status.find.in(200,201,202,203,204,205,206,207,208,209,304), found 400
USER	GeneralAdmission1	END	1612282582899
