RUN	computerdatabase.advanced.AdvancedSimulationStep03	advancedsimulationstep03	1611789381850	 	3.5.0
USER	Admins	START	1611789383415
USER	Users	START	1611789383412
REQUEST		Home	1611789383450	1611789383551	OK	 
REQUEST		Home	1611789383450	1611789383551	OK	 
REQUEST		Home Redirect 1	1611789383578	1611789383648	OK	 
REQUEST		Home Redirect 1	1611789383574	1611789383633	OK	 
USER	Users	START	1611789384400
REQUEST		Home	1611789384400	1611789384480	OK	 
REQUEST		Home Redirect 1	1611789384481	1611789384541	OK	 
REQUEST		Search	1611789384682	1611789384718	OK	 
REQUEST		Search	1611789384673	1611789384706	OK	 
USER	Users	START	1611789385412
REQUEST		Home	1611789385413	1611789385480	OK	 
REQUEST		Home Redirect 1	1611789385482	1611789385540	OK	 
REQUEST		Search	1611789385554	1611789385590	OK	 
REQUEST		Select	1611789385866	1611789385903	OK	 
REQUEST		Select	1611789385866	1611789385990	OK	 
USER	Users	START	1611789386400
REQUEST		Home	1611789386401	1611789386468	OK	 
REQUEST		Home Redirect 1	1611789386470	1611789386519	OK	 
REQUEST		Search	1611789386558	1611789386593	OK	 
REQUEST		Select	1611789386603	1611789386644	OK	 
REQUEST		Home	1611789386916	1611789386946	OK	 
REQUEST		Home Redirect 1	1611789386948	1611789386982	OK	 
REQUEST		Home	1611789387010	1611789387040	OK	 
REQUEST		Home Redirect 1	1611789387041	1611789387082	OK	 
USER	Users	START	1611789387399
REQUEST		Home	1611789387399	1611789387469	OK	 
REQUEST		Home Redirect 1	1611789387470	1611789387526	OK	 
REQUEST		Select	1611789387601	1611789387671	OK	 
REQUEST		Search	1611789387540	1611789387672	OK	 
REQUEST		Home	1611789387648	1611789387690	OK	 
REQUEST		Home Redirect 1	1611789387692	1611789387728	OK	 
USER	Admins	START	1611789388391
USER	Users	START	1611789388391
REQUEST		Home	1611789388392	1611789388463	OK	 
REQUEST		Home	1611789388392	1611789388475	OK	 
REQUEST		Home Redirect 1	1611789388465	1611789388534	OK	 
REQUEST		Home Redirect 1	1611789388477	1611789388537	OK	 
REQUEST		Search	1611789388533	1611789388568	OK	 
REQUEST		Home	1611789388688	1611789388718	OK	 
REQUEST		Select	1611789388688	1611789388728	OK	 
REQUEST		Home Redirect 1	1611789388721	1611789388757	OK	 
REQUEST		Page 1	1611789389000	1611789389065	OK	 
REQUEST		Page 1	1611789389094	1611789389133	OK	 
USER	Users	START	1611789389391
REQUEST		Home	1611789389392	1611789389469	OK	 
REQUEST		Home Redirect 1	1611789389472	1611789389533	OK	 
REQUEST		Search	1611789389549	1611789389585	OK	 
REQUEST		Search	1611789389548	1611789389584	OK	 
REQUEST		Select	1611789389579	1611789389621	OK	 
REQUEST		Home	1611789389736	1611789389784	OK	 
REQUEST		Page 2	1611789389751	1611789389787	OK	 
REQUEST		Page 1	1611789389735	1611789389787	OK	 
REQUEST		Home Redirect 1	1611789389788	1611789389842	OK	 
REQUEST		Page 2	1611789389813	1611789389846	OK	 
USER	Users	START	1611789390395
REQUEST		Page 3	1611789390426	1611789390458	OK	 
REQUEST		Home	1611789390395	1611789390484	OK	 
REQUEST		Page 2	1611789390473	1611789390509	OK	 
REQUEST		Page 3	1611789390489	1611789390524	OK	 
REQUEST		Home Redirect 1	1611789390486	1611789390538	OK	 
REQUEST		Search	1611789390552	1611789390587	OK	 
REQUEST		Select	1611789390598	1611789390660	OK	 
REQUEST		Select	1611789390598	1611789390661	OK	 
REQUEST		Home	1611789390629	1611789390663	OK	 
REQUEST		Home Redirect 1	1611789390670	1611789390709	OK	 
REQUEST		Page 1	1611789390770	1611789390805	OK	 
REQUEST		Page 3	1611789391145	1611789391200	OK	 
REQUEST		Page 4	1611789391211	1611789391252	OK	 
REQUEST		Page 4	1611789391266	1611789391299	OK	 
USER	Users	START	1611789391400
REQUEST		Home	1611789391400	1611789391480	OK	 
REQUEST		Home Redirect 1	1611789391482	1611789391535	OK	 
REQUEST		Page 2	1611789391478	1611789391539	OK	 
REQUEST		Search	1611789391557	1611789391601	OK	 
REQUEST		Select	1611789391603	1611789391640	OK	 
REQUEST		Home	1611789391666	1611789391729	OK	 
REQUEST		Home	1611789391681	1611789391729	OK	 
REQUEST		Home Redirect 1	1611789391732	1611789391767	OK	 
REQUEST		Home Redirect 1	1611789391736	1611789391773	OK	 
REQUEST		Page 1	1611789391853	1611789391891	OK	 
REQUEST		Page 4	1611789391946	1611789391982	OK	 
REQUEST		Page 3	1611789392183	1611789392217	OK	 
USER	Users	START	1611789392389
REQUEST		Page 2	1611789392570	1611789392664	OK	 
REQUEST		Search	1611789392539	1611789392664	OK	 
REQUEST		Select	1611789392616	1611789392667	OK	 
REQUEST		Home	1611789392647	1611789392691	OK	 
REQUEST		Home	1611789392390	1611789392692	OK	 
REQUEST		Home Redirect 1	1611789392695	1611789392742	OK	 
REQUEST		Home Redirect 1	1611789392693	1611789392743	OK	 
REQUEST		Page 1	1611789392725	1611789392765	OK	 
REQUEST		Page 4	1611789392960	1611789392993	OK	 
REQUEST		Page 3	1611789393305	1611789393339	OK	 
REQUEST		Page 2	1611789393445	1611789393479	OK	 
REQUEST		Select	1611789393680	1611789393727	OK	 
REQUEST		Home	1611789393680	1611789393742	OK	 
REQUEST		Home Redirect 1	1611789393744	1611789393776	OK	 
REQUEST		Page 1	1611789393774	1611789393816	OK	 
REQUEST		Search	1611789393760	1611789393816	OK	 
REQUEST		Page 1	1611789393789	1611789393825	OK	 
REQUEST		Page 4	1611789394076	1611789394114	OK	 
REQUEST		Page 3	1611789394111	1611789394167	OK	 
REQUEST		Page 2	1611789394505	1611789394552	OK	 
REQUEST		Page 2	1611789394505	1611789394552	OK	 
REQUEST		Home	1611789394732	1611789394768	OK	 
REQUEST		Page 1	1611789394764	1611789394816	OK	 
REQUEST		Home Redirect 1	1611789394771	1611789394822	OK	 
REQUEST		Select	1611789394826	1611789394864	OK	 
REQUEST		Page 4	1611789394920	1611789394982	OK	 
REQUEST		Page 3	1611789395192	1611789395231	OK	 
REQUEST		Page 3	1611789395192	1611789395231	OK	 
REQUEST		Page 2	1611789395501	1611789395538	OK	 
REQUEST		Page 1	1611789395782	1611789395852	OK	 
REQUEST		Home	1611789395876	1611789395922	OK	 
REQUEST		Home Redirect 1	1611789395924	1611789395972	OK	 
REQUEST		Page 4	1611789395969	1611789396009	OK	 
REQUEST		Page 4	1611789395985	1611789396018	OK	 
REQUEST		Page 3	1611789396172	1611789396214	OK	 
USER	Users	END	1611789396269
REQUEST		Form	1611789396313	1611789396364	OK	 
REQUEST		Page 2	1611789396532	1611789396596	OK	 
REQUEST		Page 1	1611789396829	1611789396895	OK	 
REQUEST		Page 4	1611789396954	1611789396989	OK	 
USER	Users	END	1611789397001
REQUEST		Page 3	1611789397228	1611789397278	OK	 
REQUEST		Post	1611789397383	1611789397425	OK	 
REQUEST		Post Redirect 1	1611789397435	1611789397496	OK	 
USER	Admins	END	1611789397500
REQUEST		Page 2	1611789397582	1611789397652	OK	 
USER	Users	END	1611789398004
REQUEST		Page 1	1611789397989	1611789398024	OK	 
REQUEST		Page 4	1611789398020	1611789398062	OK	 
REQUEST		Page 3	1611789398291	1611789398325	OK	 
REQUEST		Page 2	1611789398708	1611789398745	OK	 
USER	Users	END	1611789399130
REQUEST		Page 4	1611789399067	1611789399383	OK	 
REQUEST		Page 3	1611789399380	1611789399413	OK	 
USER	Users	END	1611789399989
REQUEST		Page 4	1611789400151	1611789400209	OK	 
USER	Users	END	1611789401027
REQUEST		Form	1611789401026	1611789401068	OK	 
USER	Users	END	1611789401996
REQUEST		Post	1611789402080	1611789402116	OK	 
REQUEST		Post Redirect 1	1611789402118	1611789402156	OK	 
USER	Admins	END	1611789402159
USER	Users	END	1611789403072
USER	Users	END	1611789404396
USER	Users	END	1611789405224
