RUN	GeneralAdmission1	generaladmission1	1612269801243	 	3.5.0
USER	GeneralAdmission1	START	1612269803374
REQUEST		GetToken	1612269803434	1612269803929	OK	 
REQUEST		GetToken Redirect 1	1612269803981	1612269804437	OK	 
REQUEST		request_1	1612269804561	1612269805367	OK	 
REQUEST		AddToCart	1612269810398	1612269810423	OK	 
REQUEST		AddToCart Redirect 1	1612269810426	1612269810637	OK	 
REQUEST		CreateGeneral	1612269811655	1612269811669	OK	 
REQUEST		CreateGeneral Redirect 1	1612269811674	1612269812037	OK	 
REQUEST		BookingDetails	1612269816059	1612269816065	OK	 
REQUEST		BookingDetails Redirect 1	1612269816069	1612269816567	OK	 
REQUEST		StripeElement	1612269816570	1612269817405	OK	 
REQUEST		ui-shared-1a3494666c8cbd375492e006f2e840cd.css	1612269817529	1612269818380	OK	 
REQUEST		elements-inner-card-77d7d4c2ce976deb5d1dc2ff2a238146.js	1612269817538	1612269818577	OK	 
REQUEST		shared-8b0cf640a52a1422947f168069c49b9d.js	1612269817549	1612269818848	OK	 
REQUEST		ui-shared-121e554d3a08b818808584dff61fc32c.js	1612269817561	1612269819243	OK	 
REQUEST		CreatePaymentIntent	1612269822315	1612269822323	OK	 
REQUEST		CreatePaymentIntent Redirect 1	1612269822339	1612269823250	OK	 
REQUEST		StripeController	1612269836310	1612269836969	OK	 
REQUEST		controller-6d15abacacad5eabb07034f26400b450.js	1612269836983	1612269837918	OK	 
REQUEST		StripeCountryRanges	1612269839961	1612269841335	OK	 
USER	GeneralAdmission1	END	1612269847457
