RUN	computerdatabase.advanced.AdvancedSimulationStep03	advancedsimulationstep03	1611791469693	 	3.5.0
USER	Users	START	1611791471622
USER	Admins	START	1611791471628
REQUEST		Home	1611791471672	1611791471763	OK	 
REQUEST		Home	1611791471672	1611791471773	OK	 
REQUEST		Home Redirect 1	1611791471806	1611791471898	OK	 
REQUEST		Home Redirect 1	1611791471807	1611791471899	OK	 
USER	Users	START	1611791472605
REQUEST		Home	1611791472607	1611791472736	OK	 
REQUEST		Home Redirect 1	1611791472745	1611791472811	OK	 
REQUEST		Search	1611791472972	1611791473052	OK	 
REQUEST		Search	1611791472961	1611791473051	OK	 
USER	Users	START	1611791473603
REQUEST		Home	1611791473609	1611791473706	OK	 
REQUEST		Home Redirect 1	1611791473710	1611791473777	OK	 
REQUEST		Search	1611791473838	1611791473895	OK	 
REQUEST		Select	1611791474215	1611791474278	OK	 
REQUEST		Select	1611791474218	1611791474282	OK	 
USER	Users	START	1611791474598
REQUEST		Home	1611791474599	1611791474829	OK	 
REQUEST		Home Redirect 1	1611791474831	1611791474903	OK	 
REQUEST		Search	1611791474802	1611791474874	OK	 
REQUEST		Select	1611791474923	1611791474966	OK	 
REQUEST		Home	1611791475301	1611791475344	OK	 
REQUEST		Home	1611791475319	1611791475373	OK	 
REQUEST		Home Redirect 1	1611791475347	1611791475396	OK	 
REQUEST		Home Redirect 1	1611791475376	1611791475422	OK	 
USER	Users	START	1611791475615
REQUEST		Home	1611791475626	1611791475748	OK	 
REQUEST		Home Redirect 1	1611791475751	1611791475815	OK	 
REQUEST		Search	1611791475927	1611791475969	OK	 
REQUEST		Select	1611791475945	1611791476001	OK	 
REQUEST		Home	1611791475982	1611791476019	OK	 
REQUEST		Home Redirect 1	1611791476033	1611791476094	OK	 
USER	Users	START	1611791476598
USER	Admins	START	1611791476602
REQUEST		Home	1611791476614	1611791476721	OK	 
REQUEST		Home	1611791476616	1611791476730	OK	 
REQUEST		Home Redirect 1	1611791476734	1611791476814	OK	 
REQUEST		Home Redirect 1	1611791476735	1611791476848	OK	 
REQUEST		Search	1611791476847	1611791476907	OK	 
REQUEST		Select	1611791476988	1611791477049	OK	 
REQUEST		Home	1611791477020	1611791477056	OK	 
REQUEST		Home Redirect 1	1611791477061	1611791477099	OK	 
REQUEST		Page 1	1611791477405	1611791477465	OK	 
REQUEST		Page 1	1611791477436	1611791477491	OK	 
USER	Users	START	1611791477608
REQUEST		Home	1611791477611	1611791477699	OK	 
REQUEST		Home Redirect 1	1611791477702	1611791477767	OK	 
REQUEST		Search	1611791477827	1611791477881	OK	 
REQUEST		Search	1611791477860	1611791477901	OK	 
REQUEST		Select	1611791477950	1611791478002	OK	 
REQUEST		Home	1611791478057	1611791478105	OK	 
REQUEST		Home Redirect 1	1611791478117	1611791478172	OK	 
REQUEST		Page 1	1611791478123	1611791478200	OK	 
REQUEST		Page 2	1611791478156	1611791478228	OK	 
REQUEST		Page 2	1611791478181	1611791478235	OK	 
USER	Users	START	1611791478605
REQUEST		Home	1611791478606	1611791478699	OK	 
REQUEST		Home Redirect 1	1611791478701	1611791478764	OK	 
REQUEST		Search	1611791478795	1611791478859	OK	 
REQUEST		Page 3	1611791478881	1611791478926	OK	 
REQUEST		Page 3	1611791478880	1611791478928	OK	 
REQUEST		Page 2	1611791478887	1611791478954	OK	 
REQUEST		Select	1611791478910	1611791478961	OK	 
REQUEST		Select	1611791478918	1611791478980	OK	 
REQUEST		Home	1611791479027	1611791479116	OK	 
REQUEST		Page 1	1611791479139	1611791479259	OK	 
REQUEST		Home Redirect 1	1611791479126	1611791479260	OK	 
USER	Users	START	1611791479590
REQUEST		Page 3	1611791479591	1611791479666	OK	 
REQUEST		Home	1611791479601	1611791479682	OK	 
REQUEST		Home Redirect 1	1611791479685	1611791479726	OK	 
REQUEST		Page 4	1611791479686	1611791479744	OK	 
REQUEST		Page 4	1611791479708	1611791479761	OK	 
REQUEST		Search	1611791479779	1611791479814	OK	 
REQUEST		Select	1611791479872	1611791479926	OK	 
REQUEST		Page 2	1611791479950	1611791480008	OK	 
REQUEST		Home	1611791479981	1611791480028	OK	 
REQUEST		Home	1611791480007	1611791480049	OK	 
REQUEST		Home Redirect 1	1611791480031	1611791480079	OK	 
REQUEST		Home Redirect 1	1611791480053	1611791480099	OK	 
REQUEST		Page 1	1611791480216	1611791480270	OK	 
REQUEST		Page 4	1611791480418	1611791480477	OK	 
USER	Users	START	1611791480590
REQUEST		Home	1611791480590	1611791480667	OK	 
REQUEST		Page 3	1611791480653	1611791480716	OK	 
REQUEST		Home Redirect 1	1611791480681	1611791480748	OK	 
REQUEST		Search	1611791480745	1611791480806	OK	 
REQUEST		Select	1611791480832	1611791480878	OK	 
REQUEST		Home	1611791480934	1611791480977	OK	 
REQUEST		Page 2	1611791480952	1611791481008	OK	 
REQUEST		Home Redirect 1	1611791480980	1611791481032	OK	 
REQUEST		Page 1	1611791481287	1611791481339	OK	 
REQUEST		Page 4	1611791481474	1611791481528	OK	 
REQUEST		Page 3	1611791481646	1611791481696	OK	 
REQUEST		Search	1611791481757	1611791481795	OK	 
REQUEST		Select	1611791481834	1611791481885	OK	 
REQUEST		Home	1611791481904	1611791481956	OK	 
REQUEST		Home Redirect 1	1611791481967	1611791482018	OK	 
REQUEST		Page 2	1611791482031	1611791482069	OK	 
REQUEST		Page 1	1611791482102	1611791482141	OK	 
REQUEST		Page 1	1611791482127	1611791482172	OK	 
REQUEST		Page 4	1611791482444	1611791482502	OK	 
REQUEST		Page 3	1611791482725	1611791482792	OK	 
REQUEST		Select	1611791482811	1611791482879	OK	 
REQUEST		Page 2	1611791482837	1611791482911	OK	 
REQUEST		Page 2	1611791482853	1611791482919	OK	 
REQUEST		Home	1611791482909	1611791482951	OK	 
REQUEST		Home Redirect 1	1611791482953	1611791483002	OK	 
REQUEST		Page 1	1611791483038	1611791483105	OK	 
REQUEST		Page 4	1611791483538	1611791483591	OK	 
REQUEST		Page 3	1611791483556	1611791483618	OK	 
REQUEST		Page 3	1611791483565	1611791483619	OK	 
REQUEST		Page 2	1611791483788	1611791483842	OK	 
REQUEST		Home	1611791483897	1611791483936	OK	 
REQUEST		Home Redirect 1	1611791483952	1611791484001	OK	 
REQUEST		Page 1	1611791484038	1611791484131	OK	 
REQUEST		Page 4	1611791484369	1611791484429	OK	 
REQUEST		Page 4	1611791484371	1611791484446	OK	 
REQUEST		Page 3	1611791484479	1611791484526	OK	 
USER	Users	END	1611791484764
REQUEST		Form	1611791484777	1611791484821	OK	 
REQUEST		Page 2	1611791484807	1611791484851	OK	 
REQUEST		Page 1	1611791485010	1611791485064	OK	 
REQUEST		Page 4	1611791485274	1611791485321	OK	 
USER	Users	END	1611791485493
REQUEST		Page 3	1611791485503	1611791485551	OK	 
REQUEST		Page 2	1611791485743	1611791485790	OK	 
REQUEST		Post	1611791485840	1611791485882	OK	 
REQUEST		Post Redirect 1	1611791485894	1611791485943	OK	 
USER	Admins	END	1611791485949
REQUEST		Page 1	1611791486008	1611791486061	OK	 
REQUEST		Page 4	1611791486289	1611791486327	OK	 
REQUEST		Page 3	1611791486430	1611791486490	OK	 
USER	Users	END	1611791486539
REQUEST		Page 2	1611791486742	1611791486788	OK	 
REQUEST		Page 4	1611791487250	1611791487298	OK	 
REQUEST		Page 3	1611791487438	1611791487480	OK	 
USER	Users	END	1611791487516
REQUEST		Page 4	1611791488228	1611791488269	OK	 
USER	Users	END	1611791488611
USER	Users	END	1611791489457
REQUEST		Form	1611791489460	1611791489517	OK	 
USER	Users	END	1611791490332
REQUEST		Post	1611791490535	1611791490579	OK	 
REQUEST		Post Redirect 1	1611791490589	1611791490637	OK	 
USER	Admins	END	1611791490642
USER	Users	END	1611791491337
USER	Users	END	1611791492319
USER	Users	END	1611791493292
