RUN	RecordedSimulation	recordedsimulation	1610030217418	local4	3.5.0
USER	RecordedSimulation	START	1610030219097
REQUEST		request_0	1610030219131	1610030219384	OK	 
REQUEST		request_1	1610030219441	1610030219484	OK	 
REQUEST		request_3	1610030219443	1610030219576	OK	 
REQUEST		request_2	1610030219444	1610030219594	OK	 
REQUEST		request_4	1610030220599	1610030220639	OK	 
ERROR	request_5: Failed to build request: Resource /recordedsimulation/0005_request.json not found 	1610030220642
ERROR	request_6: Failed to build request: Resource /recordedsimulation/0006_request.txt not found 	1610030220643
ERROR	request_8: Failed to build request: Resource /recordedsimulation/0008_request.json not found 	1610030220643
REQUEST		request_7	1610030220644	1610030220669	OK	 
ERROR	request_9: Failed to build request: Resource /recordedsimulation/0009_request.txt not found 	1610030224674
REQUEST		request_10	1610030225690	1610030225717	OK	 
ERROR	request_11: Failed to build request: Resource /recordedsimulation/0011_request.json not found 	1610030225717
REQUEST		request_14	1610030226247	1610030226324	OK	 
REQUEST		request_15	1610030226245	1610030226325	KO	status.find.in(200,201,202,203,204,205,206,207,208,209,304), found 400
REQUEST		request_21	1610030225872	1610030227303	OK	 
REQUEST		request_28	1610030225720	1610030227312	OK	 
REQUEST		request_16	1610030225872	1610030227313	OK	 
REQUEST		request_22	1610030226242	1610030227322	OK	 
REQUEST		request_25	1610030226248	1610030227331	OK	 
REQUEST		request_18	1610030226243	1610030227339	OK	 
REQUEST		request_19	1610030225873	1610030227341	OK	 
REQUEST		request_26	1610030226241	1610030227342	OK	 
REQUEST		request_23	1610030226244	1610030227344	OK	 
REQUEST		request_24	1610030226251	1610030227344	OK	 
REQUEST		request_29	1610030226240	1610030227401	OK	 
REQUEST		request_20	1610030226254	1610030228144	OK	 
REQUEST		request_17	1610030226252	1610030229574	OK	 
REQUEST		request_27	1610030226252	1610030229767	OK	 
REQUEST		request_12	1610030226250	1610030229769	OK	 
REQUEST		request_13	1610030225873	1610030232264	OK	 
REQUEST		request_30	1610030233280	1610030233505	OK	 
REQUEST		request_31	1610030234516	1610030234755	OK	 
ERROR	request_38: Failed to build request: Resource /recordedsimulation/0038_request.json not found 	1610030234761
REQUEST		request_34	1610030234762	1610030234835	OK	 
REQUEST		request_35	1610030234763	1610030235013	OK	 
REQUEST		request_36	1610030234763	1610030235014	OK	 
REQUEST		request_37	1610030234831	1610030235035	OK	 
REQUEST		request_32	1610030234832	1610030235050	OK	 
REQUEST		request_33	1610030234764	1610030235412	KO	status.find.in(200,201,202,203,204,205,206,207,208,209,304), found 400
ERROR	request_39: Failed to build request: Resource /recordedsimulation/0039_request.txt not found 	1610030238417
USER	RecordedSimulation	END	1610030238430
