RUN	GeneralAdmission1	generaladmission1	1612285616311	 	3.5.0
USER	GeneralAdmission1	START	1612285618814
REQUEST		GetToken	1612285618898	1612285619511	OK	 
REQUEST		GetToken Redirect 1	1612285619548	1612285620249	OK	 
REQUEST		request_1	1612285620563	1612285622467	OK	 
REQUEST		AddToCart	1612285627523	1612285627550	OK	 
REQUEST		AddToCart Redirect 1	1612285627622	1612285627991	OK	 
REQUEST		CreateGeneral	1612285629018	1612285629026	OK	 
REQUEST		CreateGeneral Redirect 1	1612285629034	1612285629872	OK	 
REQUEST		BookingDetails	1612285633894	1612285633943	OK	 
REQUEST		BookingDetails Redirect 1	1612285633948	1612285634416	OK	 
REQUEST		StripeElement	1612285634432	1612285635416	OK	 
REQUEST		shared-8b0cf640a52a1422947f168069c49b9d.js	1612285635562	1612285636446	OK	 
REQUEST		ui-shared-1a3494666c8cbd375492e006f2e840cd.css	1612285635601	1612285636731	OK	 
REQUEST		ui-shared-121e554d3a08b818808584dff61fc32c.js	1612285635577	1612285637413	OK	 
REQUEST		elements-inner-card-77d7d4c2ce976deb5d1dc2ff2a238146.js	1612285635584	1612285637615	OK	 
REQUEST		CreatePaymentIntent	1612285640717	1612285640733	OK	 
REQUEST		CreatePaymentIntent Redirect 1	1612285640738	1612285669311	OK	 
REQUEST		StripeController	1612285682423	1612285683091	OK	 
REQUEST		controller-6d15abacacad5eabb07034f26400b450.js	1612285683125	1612285684128	OK	 
REQUEST		StripeCountryRanges	1612285686196	1612285687203	OK	 
REQUEST		PrivateStripe	1612285693321	1612285721818	OK	 
REQUEST		Elements1	1612285721832	1612285722821	OK	 
REQUEST		Elements2	1612285722833	1612285723021	OK	 
REQUEST		Elements3	1612285723029	1612285723220	OK	 
REQUEST		Elements4	1612285723230	1612285723424	OK	 
REQUEST		Elements5	1612285723435	1612285723622	OK	 
REQUEST		Elements6	1612285723632	1612285723848	OK	 
REQUEST		Elements6	1612285723851	1612285724048	OK	 
REQUEST		Elements7	1612285724051	1612285724249	OK	 
REQUEST		Elements8	1612285724252	1612285724435	OK	 
REQUEST		Elements9	1612285724438	1612285724622	OK	 
REQUEST		Elements10	1612285724635	1612285725357	OK	 
REQUEST		Elements11	1612285725371	1612285725648	OK	 
REQUEST		Elements12	1612285726659	1612285726871	OK	 
REQUEST		Elements13	1612285728887	1612285729111	OK	 
REQUEST		Elements14	1612285731129	1612285731418	OK	 
REQUEST		Elements15	1612285731427	1612285731644	OK	 
REQUEST		Elements16	1612285732688	1612285732895	OK	 
REQUEST		AddCardDetails	1612285733929	1612285734580	KO	status.find.in(200,201,202,203,204,205,206,207,208,209,304), found 400
USER	GeneralAdmission1	END	1612285734608
