RUN	GeneralAdmission1	generaladmission1	1612272745091	 	3.5.0
USER	GeneralAdmission1	START	1612272746727
REQUEST		GetToken	1612272746759	1612272747153	OK	 
REQUEST		GetToken Redirect 1	1612272747193	1612272747641	OK	 
REQUEST		request_1	1612272747734	1612272748662	OK	 
REQUEST		AddToCart	1612272753702	1612272753708	OK	 
REQUEST		AddToCart Redirect 1	1612272753716	1612272753823	OK	 
REQUEST		CreateGeneral	1612272754835	1612272754843	OK	 
REQUEST		CreateGeneral Redirect 1	1612272754847	1612272755259	OK	 
REQUEST		BookingDetails	1612272759274	1612272759280	OK	 
REQUEST		BookingDetails Redirect 1	1612272759284	1612272759444	OK	 
REQUEST		StripeElement	1612272759447	1612272760280	OK	 
REQUEST		shared-8b0cf640a52a1422947f168069c49b9d.js	1612272760367	1612272761146	OK	 
REQUEST		elements-inner-card-77d7d4c2ce976deb5d1dc2ff2a238146.js	1612272760377	1612272761328	OK	 
REQUEST		ui-shared-1a3494666c8cbd375492e006f2e840cd.css	1612272760385	1612272761364	OK	 
REQUEST		ui-shared-121e554d3a08b818808584dff61fc32c.js	1612272760381	1612272761686	OK	 
REQUEST		CreatePaymentIntent	1612272764759	1612272764764	OK	 
REQUEST		CreatePaymentIntent Redirect 1	1612272764768	1612272765465	OK	 
REQUEST		StripeController	1612272778523	1612272779199	OK	 
REQUEST		controller-6d15abacacad5eabb07034f26400b450.js	1612272779210	1612272779991	OK	 
REQUEST		StripeCountryRanges	1612272782031	1612272783335	OK	 
REQUEST		PrivateStripe	1612272789389	1612272789843	OK	 
REQUEST		Elements1	1612272789849	1612272790652	OK	 
REQUEST		Elements2	1612272790655	1612272790843	OK	 
REQUEST		Elements3	1612272790846	1612272791064	OK	 
REQUEST		Elements4	1612272791066	1612272791265	OK	 
REQUEST		Elements5	1612272791269	1612272791456	OK	 
REQUEST		Elements6	1612272791458	1612272791661	OK	 
REQUEST		Elements6	1612272791665	1612272791853	OK	 
REQUEST		Elements7	1612272791857	1612272792039	OK	 
REQUEST		Elements8	1612272792042	1612272792224	OK	 
USER	GeneralAdmission1	END	1612272792233
