RUN	computerdatabase.advanced.AdvancedSimulationStep03	advancedsimulationstep03	1611786344180	 	3.5.0
USER	Users	START	1611786345782
USER	Admins	START	1611786345786
REQUEST		Home	1611786345835	1611786345942	OK	 
REQUEST		Home	1611786345834	1611786345953	OK	 
REQUEST		Home Redirect 1	1611786345949	1611786346042	OK	 
REQUEST		Home Redirect 1	1611786345954	1611786346042	OK	 
USER	Users	START	1611786346773
REQUEST		Home	1611786346773	1611786346871	OK	 
REQUEST		Home Redirect 1	1611786346872	1611786346930	OK	 
REQUEST		Search	1611786347087	1611786347130	OK	 
REQUEST		Search	1611786347087	1611786347129	OK	 
USER	Users	START	1611786347772
REQUEST		Home	1611786347772	1611786347859	OK	 
REQUEST		Home Redirect 1	1611786347860	1611786347945	OK	 
REQUEST		Search	1611786347944	1611786347987	OK	 
REQUEST		Select	1611786348274	1611786348317	OK	 
REQUEST		Select	1611786348274	1611786348317	OK	 
USER	Users	START	1611786348758
REQUEST		Home	1611786348758	1611786348840	OK	 
REQUEST		Home Redirect 1	1611786348841	1611786348902	OK	 
REQUEST		Search	1611786348962	1611786349036	OK	 
REQUEST		Select	1611786348992	1611786349043	OK	 
REQUEST		Home	1611786349324	1611786349384	OK	 
REQUEST		Home	1611786349324	1611786349389	OK	 
REQUEST		Home Redirect 1	1611786349384	1611786349437	OK	 
REQUEST		Home Redirect 1	1611786349390	1611786349437	OK	 
USER	Users	START	1611786349762
REQUEST		Home	1611786349763	1611786349848	OK	 
REQUEST		Home Redirect 1	1611786349848	1611786349920	OK	 
REQUEST		Search	1611786349919	1611786349968	OK	 
REQUEST		Home	1611786350046	1611786350119	OK	 
REQUEST		Select	1611786350046	1611786350123	OK	 
REQUEST		Home Redirect 1	1611786350119	1611786350192	OK	 
USER	Admins	START	1611786350762
USER	Users	START	1611786350762
REQUEST		Home	1611786350763	1611786350854	OK	 
REQUEST		Home	1611786350763	1611786350855	OK	 
REQUEST		Home Redirect 1	1611786350854	1611786350924	OK	 
REQUEST		Home Redirect 1	1611786350855	1611786350937	OK	 
REQUEST		Search	1611786350935	1611786350969	OK	 
REQUEST		Select	1611786350981	1611786351032	OK	 
REQUEST		Home	1611786351136	1611786351179	OK	 
REQUEST		Home Redirect 1	1611786351180	1611786351232	OK	 
REQUEST		Page 1	1611786351453	1611786351499	OK	 
REQUEST		Page 1	1611786351453	1611786351505	OK	 
USER	Users	START	1611786351766
REQUEST		Home	1611786351766	1611786351851	OK	 
REQUEST		Home Redirect 1	1611786351852	1611786351939	OK	 
REQUEST		Search	1611786351938	1611786351980	OK	 
REQUEST		Search	1611786351954	1611786351990	OK	 
REQUEST		Select	1611786351984	1611786352030	OK	 
REQUEST		Home	1611786352047	1611786352089	OK	 
REQUEST		Home Redirect 1	1611786352089	1611786352139	OK	 
REQUEST		Page 2	1611786352186	1611786352222	OK	 
REQUEST		Page 2	1611786352186	1611786352221	OK	 
REQUEST		Page 1	1611786352194	1611786352245	OK	 
USER	Users	START	1611786352769
REQUEST		Home	1611786352770	1611786352840	OK	 
REQUEST		Page 3	1611786352863	1611786352906	OK	 
REQUEST		Page 3	1611786352863	1611786352906	OK	 
REQUEST		Home Redirect 1	1611786352841	1611786352911	OK	 
REQUEST		Page 2	1611786352925	1611786352963	OK	 
REQUEST		Search	1611786352942	1611786353007	OK	 
REQUEST		Select	1611786352987	1611786353024	OK	 
REQUEST		Select	1611786353003	1611786353052	OK	 
REQUEST		Home	1611786353035	1611786353078	OK	 
REQUEST		Home Redirect 1	1611786353078	1611786353115	OK	 
REQUEST		Page 1	1611786353237	1611786353280	OK	 
REQUEST		Page 3	1611786353602	1611786353634	OK	 
REQUEST		Page 4	1611786353648	1611786353697	OK	 
REQUEST		Page 4	1611786353648	1611786353697	OK	 
USER	Users	START	1611786353774
REQUEST		Home	1611786353774	1611786353858	OK	 
REQUEST		Home Redirect 1	1611786353859	1611786353916	OK	 
REQUEST		Search	1611786353915	1611786353961	OK	 
REQUEST		Page 2	1611786353961	1611786354071	OK	 
REQUEST		Home	1611786354035	1611786354110	OK	 
REQUEST		Select	1611786354024	1611786354112	OK	 
REQUEST		Home	1611786354067	1611786354116	OK	 
REQUEST		Home Redirect 1	1611786354111	1611786354153	OK	 
REQUEST		Home Redirect 1	1611786354116	1611786354166	OK	 
REQUEST		Page 1	1611786354146	1611786354182	OK	 
REQUEST		Page 4	1611786354381	1611786354414	OK	 
USER	Users	START	1611786354755
REQUEST		Page 3	1611786354709	1611786354769	OK	 
REQUEST		Home	1611786354756	1611786354853	OK	 
REQUEST		Page 2	1611786354865	1611786354920	OK	 
REQUEST		Home Redirect 1	1611786354854	1611786354929	OK	 
REQUEST		Search	1611786354928	1611786354964	OK	 
REQUEST		Select	1611786354975	1611786355015	OK	 
REQUEST		Home	1611786355125	1611786355156	OK	 
REQUEST		Page 1	1611786355125	1611786355169	OK	 
REQUEST		Home Redirect 1	1611786355156	1611786355191	OK	 
REQUEST		Page 4	1611786355508	1611786355564	OK	 
REQUEST		Page 3	1611786355555	1611786355589	OK	 
REQUEST		Page 2	1611786355852	1611786355888	OK	 
REQUEST		Search	1611786355947	1611786355984	OK	 
REQUEST		Select	1611786355978	1611786356018	OK	 
REQUEST		Home	1611786356024	1611786356059	OK	 
REQUEST		Home Redirect 1	1611786356060	1611786356098	OK	 
REQUEST		Page 1	1611786356155	1611786356197	OK	 
REQUEST		Page 1	1611786356173	1611786356214	OK	 
REQUEST		Page 4	1611786356337	1611786356371	OK	 
REQUEST		Page 3	1611786356525	1611786356558	OK	 
REQUEST		Page 2	1611786356869	1611786356918	OK	 
REQUEST		Page 2	1611786356900	1611786356937	OK	 
REQUEST		Select	1611786356994	1611786357030	OK	 
REQUEST		Home	1611786357026	1611786357060	OK	 
REQUEST		Home Redirect 1	1611786357060	1611786357102	OK	 
REQUEST		Page 1	1611786357197	1611786357233	OK	 
REQUEST		Page 4	1611786357306	1611786357345	OK	 
REQUEST		Page 3	1611786357556	1611786357593	OK	 
REQUEST		Page 3	1611786357572	1611786357614	OK	 
REQUEST		Page 2	1611786357916	1611786357950	OK	 
REQUEST		Home	1611786358045	1611786358081	OK	 
REQUEST		Home Redirect 1	1611786358081	1611786358124	OK	 
REQUEST		Page 1	1611786358111	1611786358157	OK	 
REQUEST		Page 4	1611786358330	1611786358365	OK	 
REQUEST		Page 4	1611786358362	1611786358412	OK	 
REQUEST		Page 3	1611786358580	1611786358617	OK	 
USER	Users	END	1611786358708
REQUEST		Form	1611786358705	1611786358756	OK	 
REQUEST		Page 2	1611786358830	1611786358873	OK	 
REQUEST		Page 1	1611786359103	1611786359151	OK	 
USER	Users	END	1611786359426
REQUEST		Page 4	1611786359363	1611786359463	OK	 
REQUEST		Page 3	1611786359503	1611786359547	OK	 
REQUEST		Post	1611786359773	1611786359862	OK	 
REQUEST		Page 2	1611786359832	1611786359929	OK	 
REQUEST		Post Redirect 1	1611786359870	1611786359936	OK	 
USER	Admins	END	1611786359937
REQUEST		Page 1	1611786360132	1611786360185	OK	 
REQUEST		Page 4	1611786360296	1611786360335	OK	 
USER	Users	END	1611786360569
REQUEST		Page 3	1611786360568	1611786360601	OK	 
REQUEST		Page 2	1611786360864	1611786360924	OK	 
USER	Users	END	1611786361378
REQUEST		Page 4	1611786361347	1611786361401	OK	 
REQUEST		Page 3	1611786361566	1611786361608	OK	 
USER	Users	END	1611786362352
REQUEST		Page 4	1611786362352	1611786362389	OK	 
USER	Users	END	1611786363370
REQUEST		Form	1611786363417	1611786363450	OK	 
USER	Users	END	1611786364468
REQUEST		Post	1611786364468	1611786364549	OK	 
REQUEST		Post Redirect 1	1611786364550	1611786364637	OK	 
USER	Admins	END	1611786364638
USER	Users	END	1611786365345
USER	Users	END	1611786366407
USER	Users	END	1611786367399
