RUN	GeneralAdmission1	generaladmission1	1612372828729	 	3.5.0
USER	GeneralAdmission1	START	1612372830681
USER	GeneralAdmission1	START	1612372830701
USER	GeneralAdmission1	START	1612372830680
USER	GeneralAdmission1	START	1612372830675
USER	GeneralAdmission1	START	1612372830677
USER	GeneralAdmission1	START	1612372830680
USER	GeneralAdmission1	START	1612372830679
USER	GeneralAdmission1	START	1612372830681
USER	GeneralAdmission1	START	1612372830780
USER	GeneralAdmission1	START	1612372830772
USER	GeneralAdmission1	START	1612372830772
USER	GeneralAdmission1	START	1612372830781
USER	GeneralAdmission1	START	1612372830778
USER	GeneralAdmission1	START	1612372830772
USER	GeneralAdmission1	START	1612372830779
USER	GeneralAdmission1	START	1612372830785
USER	GeneralAdmission1	START	1612372830796
USER	GeneralAdmission1	START	1612372830792
USER	GeneralAdmission1	START	1612372830800
USER	GeneralAdmission1	START	1612372830813
USER	GeneralAdmission1	START	1612372830818
USER	GeneralAdmission1	START	1612372830817
USER	GeneralAdmission1	START	1612372830825
USER	GeneralAdmission1	START	1612372830820
USER	GeneralAdmission1	START	1612372830825
USER	GeneralAdmission1	START	1612372830825
USER	GeneralAdmission1	START	1612372830843
USER	GeneralAdmission1	START	1612372830838
USER	GeneralAdmission1	START	1612372830846
USER	GeneralAdmission1	START	1612372830844
USER	GeneralAdmission1	START	1612372830847
USER	GeneralAdmission1	START	1612372830848
USER	GeneralAdmission1	START	1612372830857
USER	GeneralAdmission1	START	1612372830858
USER	GeneralAdmission1	START	1612372830863
USER	GeneralAdmission1	START	1612372830874
USER	GeneralAdmission1	START	1612372830853
USER	GeneralAdmission1	START	1612372830865
USER	GeneralAdmission1	START	1612372830879
USER	GeneralAdmission1	START	1612372830864
USER	GeneralAdmission1	START	1612372830885
USER	GeneralAdmission1	START	1612372830886
USER	GeneralAdmission1	START	1612372830881
USER	GeneralAdmission1	START	1612372830892
USER	GeneralAdmission1	START	1612372830888
USER	GeneralAdmission1	START	1612372830893
USER	GeneralAdmission1	START	1612372830900
USER	GeneralAdmission1	START	1612372830904
USER	GeneralAdmission1	START	1612372830908
USER	GeneralAdmission1	START	1612372830911
REQUEST		GetToken	1612372830724	1612372831797	OK	 
REQUEST		GetToken	1612372830774	1612372832049	OK	 
REQUEST		GetToken	1612372830803	1612372832074	OK	 
REQUEST		GetToken	1612372830919	1612372832166	OK	 
REQUEST		GetToken	1612372830800	1612372832217	OK	 
REQUEST		GetToken	1612372830883	1612372832225	OK	 
REQUEST		GetToken	1612372830724	1612372832271	OK	 
REQUEST		GetToken	1612372830724	1612372832278	OK	 
REQUEST		GetToken	1612372830797	1612372832500	OK	 
REQUEST		GetToken	1612372830872	1612372832622	OK	 
REQUEST		GetToken	1612372830874	1612372832631	OK	 
REQUEST		GetToken	1612372830857	1612372832646	OK	 
REQUEST		GetToken	1612372830832	1612372832649	OK	 
REQUEST		GetToken	1612372830830	1612372832651	OK	 
REQUEST		GetToken	1612372830724	1612372832661	OK	 
REQUEST		GetToken	1612372830850	1612372832661	OK	 
REQUEST		GetToken	1612372830783	1612372832692	OK	 
REQUEST		GetToken	1612372830725	1612372832701	OK	 
REQUEST		GetToken	1612372830802	1612372832706	OK	 
REQUEST		GetToken	1612372830782	1612372832706	OK	 
REQUEST		GetToken	1612372830876	1612372832729	OK	 
REQUEST		GetToken	1612372830800	1612372832725	OK	 
REQUEST		GetToken	1612372830724	1612372832731	OK	 
REQUEST		GetToken	1612372830832	1612372832756	OK	 
REQUEST		GetToken	1612372830724	1612372832756	OK	 
REQUEST		GetToken	1612372830854	1612372832767	OK	 
REQUEST		GetToken	1612372830727	1612372832759	OK	 
REQUEST		GetToken	1612372830806	1612372832763	OK	 
REQUEST		GetToken	1612372830827	1612372832791	OK	 
REQUEST		GetToken	1612372830793	1612372832780	OK	 
REQUEST		GetToken	1612372830834	1612372832815	OK	 
REQUEST		GetToken	1612372830925	1612372832806	OK	 
REQUEST		GetToken	1612372830910	1612372832810	OK	 
REQUEST		GetToken	1612372830902	1612372832815	OK	 
REQUEST		GetToken	1612372830860	1612372832817	OK	 
REQUEST		GetToken	1612372830826	1612372832817	OK	 
REQUEST		GetToken	1612372830823	1612372832847	OK	 
REQUEST		GetToken	1612372830859	1612372832846	OK	 
REQUEST		GetToken	1612372830887	1612372832855	OK	 
REQUEST		GetToken	1612372830894	1612372832858	OK	 
REQUEST		GetToken	1612372830853	1612372832881	OK	 
REQUEST		GetToken	1612372830842	1612372832874	OK	 
REQUEST		GetToken	1612372830905	1612372832896	OK	 
REQUEST		GetToken	1612372830869	1612372832905	OK	 
REQUEST		GetToken	1612372830892	1612372832927	OK	 
REQUEST		GetToken	1612372830902	1612372832932	OK	 
REQUEST		GetToken	1612372830896	1612372832944	OK	 
REQUEST		GetToken	1612372830868	1612372832953	OK	 
REQUEST		GetToken	1612372830921	1612372832964	OK	 
REQUEST		GetToken	1612372830880	1612372832981	OK	 
REQUEST		AddToCart	1612372837053	1612372837161	OK	 
REQUEST		AddToCart	1612372837067	1612372837169	OK	 
REQUEST		AddToCart	1612372837088	1612372837179	OK	 
REQUEST		AddToCart	1612372837175	1612372837237	OK	 
REQUEST		AddToCart	1612372837223	1612372837273	OK	 
REQUEST		AddToCart	1612372837238	1612372837347	OK	 
REQUEST		AddToCart	1612372837285	1612372837354	OK	 
REQUEST		AddToCart	1612372837288	1612372837362	OK	 
REQUEST		AddToCart	1612372837508	1612372837546	OK	 
REQUEST		AddToCart	1612372837668	1612372837760	OK	 
REQUEST		AddToCart	1612372837664	1612372837769	OK	 
REQUEST		AddToCart	1612372837694	1612372837777	OK	 
REQUEST		AddToCart	1612372837699	1612372837786	OK	 
REQUEST		AddToCart	1612372837669	1612372837786	OK	 
REQUEST		AddToCart	1612372837699	1612372837816	OK	 
REQUEST		AddToCart	1612372837700	1612372837831	OK	 
REQUEST		AddToCart	1612372837735	1612372837832	OK	 
REQUEST		AddToCart	1612372837731	1612372837836	OK	 
REQUEST		AddToCart	1612372837743	1612372837837	OK	 
REQUEST		AddToCart	1612372837799	1612372837886	OK	 
REQUEST		AddToCart	1612372837758	1612372837887	OK	 
REQUEST		AddToCart	1612372837770	1612372837890	OK	 
REQUEST		AddToCart	1612372837751	1612372837896	OK	 
REQUEST		AddToCart	1612372837807	1612372837908	OK	 
REQUEST		AddToCart	1612372837762	1612372837913	OK	 
REQUEST		AddToCart	1612372837794	1612372837917	OK	 
REQUEST		AddToCart	1612372837863	1612372837956	OK	 
REQUEST		AddToCart	1612372837821	1612372837960	OK	 
REQUEST		AddToCart	1612372837866	1612372837993	OK	 
REQUEST		AddToCart	1612372837853	1612372838005	OK	 
REQUEST		AddToCart	1612372837871	1612372837998	OK	 
REQUEST		AddToCart	1612372837822	1612372838006	OK	 
REQUEST		AddToCart	1612372837897	1612372838029	OK	 
REQUEST		AddToCart	1612372837859	1612372838035	OK	 
REQUEST		AddToCart	1612372837875	1612372838058	OK	 
REQUEST		AddToCart	1612372837870	1612372838072	OK	 
REQUEST		AddToCart	1612372837857	1612372838075	OK	 
REQUEST		AddToCart	1612372837933	1612372838077	OK	 
REQUEST		AddToCart	1612372837953	1612372838254	OK	 
REQUEST		AddToCart	1612372837962	1612372838255	OK	 
REQUEST		AddToCart	1612372837951	1612372838256	OK	 
REQUEST		AddToCart	1612372837958	1612372838360	OK	 
REQUEST		AddToCart	1612372837976	1612372838361	OK	 
REQUEST		AddToCart	1612372838048	1612372838481	OK	 
REQUEST		AddToCart	1612372838020	1612372838493	OK	 
REQUEST		AddToCart	1612372838076	1612372838500	OK	 
REQUEST		AddToCart	1612372838035	1612372838501	OK	 
REQUEST		AddToCart	1612372838095	1612372838518	OK	 
REQUEST		AddToCart	1612372837997	1612372838521	OK	 
REQUEST		AddToCart	1612372838092	1612372838532	OK	 
REQUEST		AddToCart	1612372840168	1612372840443	OK	 
REQUEST		AddToCart	1612372840278	1612372840808	OK	 
REQUEST		AddToCart	1612372840363	1612372840818	OK	 
REQUEST		AddToCart	1612372840248	1612372840821	OK	 
REQUEST		AddToCart	1612372840180	1612372840823	OK	 
REQUEST		AddToCart	1612372840355	1612372840902	OK	 
REQUEST		AddToCart	1612372840187	1612372840982	OK	 
REQUEST		AddToCart	1612372840374	1612372840991	OK	 
REQUEST		AddToCart	1612372840861	1612372841940	OK	 
REQUEST		AddToCart	1612372840896	1612372841949	OK	 
REQUEST		AddToCart	1612372840786	1612372841961	OK	 
REQUEST		AddToCart	1612372840551	1612372841974	OK	 
REQUEST		AddToCart	1612372840806	1612372842003	OK	 
REQUEST		AddToCart	1612372840955	1612372842041	OK	 
REQUEST		AddToCart	1612372841098	1612372842047	OK	 
REQUEST		AddToCart	1612372841113	1612372842051	OK	 
REQUEST		AddToCart	1612372841110	1612372842062	OK	 
REQUEST		AddToCart	1612372841042	1612372842124	OK	 
REQUEST		AddToCart	1612372840900	1612372842129	OK	 
REQUEST		AddToCart	1612372840995	1612372842130	OK	 
REQUEST		AddToCart	1612372841011	1612372842139	OK	 
REQUEST		AddToCart	1612372840953	1612372842184	OK	 
REQUEST		AddToCart	1612372841042	1612372842166	OK	 
REQUEST		AddToCart	1612372840876	1612372842181	OK	 
REQUEST		AddToCart	1612372841044	1612372842184	OK	 
REQUEST		AddToCart	1612372841019	1612372842251	OK	 
REQUEST		AddToCart	1612372841075	1612372842247	OK	 
REQUEST		AddToCart	1612372841039	1612372842259	OK	 
REQUEST		AddToCart	1612372840879	1612372842265	OK	 
REQUEST		AddToCart	1612372841277	1612372842284	OK	 
REQUEST		AddToCart	1612372840866	1612372842301	OK	 
REQUEST		AddToCart	1612372841079	1612372842306	OK	 
REQUEST		AddToCart	1612372840982	1612372842305	OK	 
REQUEST		AddToCart	1612372841074	1612372842325	OK	 
REQUEST		AddToCart	1612372840958	1612372842326	OK	 
REQUEST		AddToCart	1612372841276	1612372842327	OK	 
REQUEST		AddToCart	1612372841487	1612372842326	OK	 
REQUEST		AddToCart	1612372840881	1612372842341	OK	 
REQUEST		AddToCart	1612372841376	1612372842343	OK	 
REQUEST		AddToCart	1612372841040	1612372842345	OK	 
REQUEST		AddToCart	1612372841268	1612372842366	OK	 
REQUEST		AddToCart	1612372841080	1612372842365	OK	 
REQUEST		AddToCart	1612372841534	1612372842366	OK	 
REQUEST		AddToCart	1612372841535	1612372842366	OK	 
REQUEST		AddToCart	1612372841517	1612372842368	OK	 
REQUEST		AddToCart	1612372841522	1612372842394	OK	 
REQUEST		AddToCart	1612372841096	1612372842408	OK	 
REQUEST		AddToCart	1612372841508	1612372842408	OK	 
REQUEST		AddToCart	1612372841548	1612372842410	OK	 
REQUEST		AddToCart	1612372841367	1612372842411	OK	 
REQUEST		CreateGeneral	1612372843452	1612372843622	OK	 
REQUEST		CreateGeneral	1612372843860	1612372844063	OK	 
REQUEST		CreateGeneral	1612372843870	1612372844087	OK	 
REQUEST		CreateGeneral	1612372843866	1612372844113	OK	 
REQUEST		CreateGeneral	1612372843866	1612372844131	OK	 
REQUEST		CreateGeneral	1612372843971	1612372844156	OK	 
REQUEST		CreateGeneral	1612372844037	1612372844243	OK	 
REQUEST		CreateGeneral	1612372844041	1612372844282	OK	 
REQUEST		CreateGeneral	1612372844982	1612372845193	OK	 
REQUEST		CreateGeneral	1612372845112	1612372845902	OK	 
REQUEST		CreateGeneral	1612372845071	1612372845903	OK	 
REQUEST		CreateGeneral	1612372845070	1612372845940	OK	 
REQUEST		CreateGeneral	1612372845126	1612372846061	OK	 
REQUEST		CreateGeneral	1612372845141	1612372846061	OK	 
REQUEST		CreateGeneral	1612372845093	1612372846061	OK	 
REQUEST		CreateGeneral	1612372845190	1612372846231	OK	 
REQUEST		CreateGeneral	1612372845242	1612372846298	OK	 
REQUEST		CreateGeneral	1612372845182	1612372846350	OK	 
REQUEST		CreateGeneral	1612372845128	1612372846352	OK	 
REQUEST		CreateGeneral	1612372845206	1612372846443	OK	 
REQUEST		CreateGeneral	1612372845308	1612372846447	OK	 
REQUEST		CreateGeneral	1612372845229	1612372846465	OK	 
REQUEST		CreateGeneral	1612372845349	1612372846472	OK	 
REQUEST		CreateGeneral	1612372845207	1612372846468	OK	 
REQUEST		CreateGeneral	1612372845285	1612372846518	OK	 
REQUEST		CreateGeneral	1612372845307	1612372846543	OK	 
REQUEST		CreateGeneral	1612372845261	1612372846555	OK	 
REQUEST		CreateGeneral	1612372845250	1612372846555	OK	 
REQUEST		CreateGeneral	1612372845368	1612372846562	OK	 
REQUEST		CreateGeneral	1612372845318	1612372846580	OK	 
REQUEST		CreateGeneral	1612372845353	1612372846603	OK	 
REQUEST		CreateGeneral	1612372845368	1612372846602	OK	 
REQUEST		CreateGeneral	1612372845411	1612372846604	OK	 
REQUEST		CreateGeneral	1612372845332	1612372846649	OK	 
REQUEST		CreateGeneral	1612372845356	1612372846625	OK	 
REQUEST		CreateGeneral	1612372845332	1612372846649	OK	 
REQUEST		CreateGeneral	1612372845411	1612372846674	OK	 
REQUEST		CreateGeneral	1612372845047	1612372846674	OK	 
REQUEST		CreateGeneral	1612372845318	1612372846696	OK	 
REQUEST		CreateGeneral	1612372845332	1612372846700	OK	 
REQUEST		CreateGeneral	1612372845411	1612372846719	OK	 
REQUEST		CreateGeneral	1612372845351	1612372846722	OK	 
REQUEST		CreateGeneral	1612372845411	1612372846743	OK	 
REQUEST		CreateGeneral	1612372845432	1612372846744	OK	 
REQUEST		CreateGeneral	1612372845411	1612372846744	OK	 
REQUEST		CreateGeneral	1612372845411	1612372846788	OK	 
REQUEST		CreateGeneral	1612372845368	1612372846788	OK	 
REQUEST		CreateGeneral	1612372845432	1612372846792	OK	 
REQUEST		CreateGeneral	1612372845431	1612372846816	OK	 
REQUEST		BookingDetails	1612372847628	1612372847704	OK	 
REQUEST		CreateGeneral	1612372845431	1612372847769	OK	 
REQUEST		CreatePaymentIntent	1612372847706	1612372848097	OK	 
REQUEST		BookingDetails	1612372848080	1612372848156	OK	 
REQUEST		BookingDetails	1612372848115	1612372848217	OK	 
REQUEST		BookingDetails	1612372848132	1612372848266	OK	 
REQUEST		BookingDetails	1612372848140	1612372848338	OK	 
REQUEST		BookingDetails	1612372848176	1612372848461	OK	 
REQUEST		BookingDetails	1612372848251	1612372848481	OK	 
REQUEST		BookingDetails	1612372848314	1612372848482	OK	 
REQUEST		CreatePaymentIntent	1612372848164	1612372848561	OK	 
REQUEST		CreatePaymentIntent	1612372848222	1612372848627	OK	 
REQUEST		CreatePaymentIntent	1612372848280	1612372848687	OK	 
REQUEST		CreatePaymentIntent	1612372848362	1612372848738	OK	 
REQUEST		CreatePaymentIntent	1612372848485	1612372848833	OK	 
REQUEST		CreatePaymentIntent	1612372848463	1612372848853	OK	 
REQUEST		BookingDetails	1612372849207	1612372849251	OK	 
REQUEST		CreatePaymentIntent	1612372848486	1612372849461	OK	 
REQUEST		CreatePaymentIntent	1612372849255	1612372849562	OK	 
REQUEST		BookingDetails	1612372849908	1612372849981	OK	 
REQUEST		BookingDetails	1612372849911	1612372849999	OK	 
REQUEST		BookingDetails	1612372849945	1612372850019	OK	 
REQUEST		BookingDetails	1612372850084	1612372850163	OK	 
REQUEST		BookingDetails	1612372850082	1612372850168	OK	 
REQUEST		BookingDetails	1612372850085	1612372850216	OK	 
REQUEST		BookingDetails	1612372850238	1612372850286	OK	 
REQUEST		CreatePaymentIntent	1612372849983	1612372850948	OK	 
REQUEST		CreatePaymentIntent	1612372850004	1612372850990	OK	 
REQUEST		CreatePaymentIntent	1612372850023	1612372851087	OK	 
REQUEST		CreatePaymentIntent	1612372850166	1612372851416	OK	 
REQUEST		CreatePaymentIntent	1612372850185	1612372851443	OK	 
REQUEST		CreatePaymentIntent	1612372850218	1612372851498	OK	 
REQUEST		BookingDetails	1612372850307	1612372851612	OK	 
REQUEST		BookingDetails	1612372850375	1612372851857	OK	 
REQUEST		BookingDetails	1612372850380	1612372852200	OK	 
REQUEST		BookingDetails	1612372850819	1612372852200	OK	 
REQUEST		BookingDetails	1612372850835	1612372852200	OK	 
REQUEST		BookingDetails	1612372850472	1612372852201	OK	 
REQUEST		BookingDetails	1612372850470	1612372852246	OK	 
REQUEST		CreatePaymentIntent	1612372850292	1612372852246	OK	 
REQUEST		BookingDetails	1612372850604	1612372852249	OK	 
REQUEST		BookingDetails	1612372850584	1612372852252	OK	 
REQUEST		BookingDetails	1612372850474	1612372852288	OK	 
REQUEST		BookingDetails	1612372850584	1612372852276	OK	 
REQUEST		BookingDetails	1612372850498	1612372852276	OK	 
REQUEST		BookingDetails	1612372850721	1612372852288	OK	 
REQUEST		BookingDetails	1612372850580	1612372852311	OK	 
REQUEST		BookingDetails	1612372850541	1612372852312	OK	 
REQUEST		BookingDetails	1612372850724	1612372852328	OK	 
REQUEST		BookingDetails	1612372850693	1612372852328	OK	 
REQUEST		BookingDetails	1612372850699	1612372852330	OK	 
REQUEST		BookingDetails	1612372850741	1612372852348	OK	 
REQUEST		BookingDetails	1612372850605	1612372852348	OK	 
REQUEST		BookingDetails	1612372850653	1612372852368	OK	 
REQUEST		BookingDetails	1612372850503	1612372852372	OK	 
REQUEST		BookingDetails	1612372850674	1612372852372	OK	 
REQUEST		BookingDetails	1612372850819	1612372852374	OK	 
REQUEST		BookingDetails	1612372850760	1612372852412	OK	 
REQUEST		BookingDetails	1612372850657	1612372852414	OK	 
REQUEST		BookingDetails	1612372850674	1612372852435	OK	 
REQUEST		BookingDetails	1612372850694	1612372852435	OK	 
REQUEST		BookingDetails	1612372850745	1612372852440	OK	 
REQUEST		BookingDetails	1612372850794	1612372852486	OK	 
REQUEST		BookingDetails	1612372850794	1612372852542	OK	 
REQUEST		BookingDetails	1612372850813	1612372852622	OK	 
REQUEST		BookingDetails	1612372850790	1612372852727	OK	 
REQUEST		BookingDetails	1612372851773	1612372852763	OK	 
REQUEST		CreatePaymentIntent	1612372852367	1612372853057	OK	 
REQUEST		CreatePaymentIntent	1612372851859	1612372853058	OK	 
REQUEST		CreatePaymentIntent	1612372851618	1612372853058	OK	 
REQUEST		CreatePaymentIntent	1612372852436	1612372853343	OK	 
REQUEST		CreatePaymentIntent	1612372852413	1612372853341	OK	 
REQUEST		CreatePaymentIntent	1612372852414	1612372853344	OK	 
REQUEST		CreatePaymentIntent	1612372852415	1612372853344	OK	 
REQUEST		CreatePaymentIntent	1612372852442	1612372853362	OK	 
REQUEST		CreatePaymentIntent	1612372852434	1612372853362	OK	 
REQUEST		CreatePaymentIntent	1612372852627	1612372853366	OK	 
REQUEST		CreatePaymentIntent	1612372852415	1612372853380	OK	 
REQUEST		CreatePaymentIntent	1612372852441	1612372853380	OK	 
REQUEST		CreatePaymentIntent	1612372852727	1612372853380	OK	 
REQUEST		CreatePaymentIntent	1612372852710	1612372853388	OK	 
REQUEST		CreatePaymentIntent	1612372852792	1612372853404	OK	 
REQUEST		CreatePaymentIntent	1612372852652	1612372853404	OK	 
REQUEST		CreatePaymentIntent	1612372852312	1612372853482	OK	 
REQUEST		CreatePaymentIntent	1612372852330	1612372853532	OK	 
REQUEST		CreatePaymentIntent	1612372852312	1612372853556	OK	 
REQUEST		CreatePaymentIntent	1612372852348	1612372853558	OK	 
REQUEST		CreatePaymentIntent	1612372852348	1612372853577	OK	 
REQUEST		CreatePaymentIntent	1612372852349	1612372853609	OK	 
REQUEST		CreatePaymentIntent	1612372852386	1612372853640	OK	 
REQUEST		CreatePaymentIntent	1612372852246	1612372853643	OK	 
REQUEST		CreatePaymentIntent	1612372852753	1612372853660	OK	 
REQUEST		CreatePaymentIntent	1612372852276	1612372853831	OK	 
REQUEST		CreatePaymentIntent	1612372852227	1612372853837	OK	 
REQUEST		CreatePaymentIntent	1612372852248	1612372853837	OK	 
REQUEST		CreatePaymentIntent	1612372852288	1612372853838	OK	 
REQUEST		CreatePaymentIntent	1612372852288	1612372853838	OK	 
REQUEST		CreatePaymentIntent	1612372852245	1612372853838	OK	 
REQUEST		CreatePaymentIntent	1612372852325	1612372853862	OK	 
REQUEST		CreatePaymentIntent	1612372852312	1612372853873	OK	 
REQUEST		CreatePaymentIntent	1612372852345	1612372853928	OK	 
REQUEST		ConfirmPayment	1612372855116	1612372855834	OK	 
REQUEST		ConfirmPayment	1612372855568	1612372855833	OK	 
USER	GeneralAdmission1	END	1612372855863
USER	GeneralAdmission1	END	1612372855865
REQUEST		ConfirmPayment	1612372855695	1612372855981	OK	 
REQUEST		ConfirmPayment	1612372855743	1612372855984	OK	 
USER	GeneralAdmission1	END	1612372855985
USER	GeneralAdmission1	END	1612372856006
REQUEST		ConfirmPayment	1612372855635	1612372856005	OK	 
USER	GeneralAdmission1	END	1612372856012
REQUEST		ConfirmPayment	1612372855876	1612372856023	OK	 
USER	GeneralAdmission1	END	1612372856028
REQUEST		ConfirmPayment	1612372855876	1612372856077	OK	 
USER	GeneralAdmission1	END	1612372856082
REQUEST		ConfirmPayment	1612372856464	1612372856606	OK	 
USER	GeneralAdmission1	END	1612372856610
REQUEST		ConfirmPayment	1612372856568	1612372856711	OK	 
USER	GeneralAdmission1	END	1612372856715
REQUEST		ConfirmPayment	1612372857955	1612372858098	OK	 
USER	GeneralAdmission1	END	1612372858100
REQUEST		ConfirmPayment	1612372857993	1612372858195	OK	 
USER	GeneralAdmission1	END	1612372858199
REQUEST		ConfirmPayment	1612372858094	1612372858232	OK	 
USER	GeneralAdmission1	END	1612372858238
REQUEST		ConfirmPayment	1612372858463	1612372858620	OK	 
USER	GeneralAdmission1	END	1612372858626
REQUEST		ConfirmPayment	1612372858422	1612372858642	OK	 
USER	GeneralAdmission1	END	1612372858645
REQUEST		ConfirmPayment	1612372858503	1612372858721	OK	 
USER	GeneralAdmission1	END	1612372858724
REQUEST		ConfirmPayment	1612372859277	1612372859455	OK	 
USER	GeneralAdmission1	END	1612372859457
REQUEST		ConfirmPayment	1612372860067	1612372860221	OK	 
USER	GeneralAdmission1	END	1612372860226
REQUEST		ConfirmPayment	1612372860067	1612372860226	OK	 
USER	GeneralAdmission1	END	1612372860247
REQUEST		ConfirmPayment	1612372860064	1612372860271	OK	 
USER	GeneralAdmission1	END	1612372860274
REQUEST		ConfirmPayment	1612372860369	1612372860540	OK	 
REQUEST		ConfirmPayment	1612372860369	1612372860543	OK	 
USER	GeneralAdmission1	END	1612372860543
USER	GeneralAdmission1	END	1612372860559
REQUEST		ConfirmPayment	1612372860369	1612372860559	OK	 
REQUEST		ConfirmPayment	1612372860394	1612372860559	OK	 
USER	GeneralAdmission1	END	1612372860563
USER	GeneralAdmission1	END	1612372860564
REQUEST		ConfirmPayment	1612372860397	1612372860672	OK	 
USER	GeneralAdmission1	END	1612372860677
REQUEST		ConfirmPayment	1612372860397	1612372860693	OK	 
REQUEST		ConfirmPayment	1612372860434	1612372860696	OK	 
USER	GeneralAdmission1	END	1612372860733
REQUEST		ConfirmPayment	1612372860364	1612372860739	OK	 
USER	GeneralAdmission1	END	1612372860740
REQUEST		ConfirmPayment	1612372860394	1612372860740	OK	 
USER	GeneralAdmission1	END	1612372860743
USER	GeneralAdmission1	END	1612372860748
REQUEST		ConfirmPayment	1612372860370	1612372860841	OK	 
REQUEST		ConfirmPayment	1612372860395	1612372860847	OK	 
REQUEST		ConfirmPayment	1612372860434	1612372860850	OK	 
REQUEST		ConfirmPayment	1612372860434	1612372860849	OK	 
USER	GeneralAdmission1	END	1612372860871
USER	GeneralAdmission1	END	1612372860914
USER	GeneralAdmission1	END	1612372860970
USER	GeneralAdmission1	END	1612372860972
REQUEST		ConfirmPayment	1612372860669	1612372861082	OK	 
REQUEST		ConfirmPayment	1612372860627	1612372861104	OK	 
REQUEST		ConfirmPayment	1612372860847	1612372861149	OK	 
REQUEST		ConfirmPayment	1612372860540	1612372861119	OK	 
REQUEST		ConfirmPayment	1612372860648	1612372861197	OK	 
REQUEST		ConfirmPayment	1612372860562	1612372861122	OK	 
REQUEST		ConfirmPayment	1612372860577	1612372861188	OK	 
USER	GeneralAdmission1	END	1612372861199
REQUEST		ConfirmPayment	1612372860984	1612372861238	OK	 
USER	GeneralAdmission1	END	1612372861234
REQUEST		ConfirmPayment	1612372860874	1612372861258	OK	 
USER	GeneralAdmission1	END	1612372861236
REQUEST		ConfirmPayment	1612372860687	1612372861278	OK	 
REQUEST		ConfirmPayment	1612372861029	1612372861275	OK	 
USER	GeneralAdmission1	END	1612372861236
REQUEST		ConfirmPayment	1612372860999	1612372861277	OK	 
REQUEST		ConfirmPayment	1612372860586	1612372861324	OK	 
USER	GeneralAdmission1	END	1612372861239
REQUEST		ConfirmPayment	1612372861120	1612372861328	OK	 
USER	GeneralAdmission1	END	1612372861240
USER	GeneralAdmission1	END	1612372861259
USER	GeneralAdmission1	END	1612372861276
REQUEST		ConfirmPayment	1612372860984	1612372861355	OK	 
REQUEST		ConfirmPayment	1612372861083	1612372861374	OK	 
USER	GeneralAdmission1	END	1612372861302
USER	GeneralAdmission1	END	1612372861325
USER	GeneralAdmission1	END	1612372861327
USER	GeneralAdmission1	END	1612372861335
USER	GeneralAdmission1	END	1612372861353
USER	GeneralAdmission1	END	1612372861368
USER	GeneralAdmission1	END	1612372861378
USER	GeneralAdmission1	END	1612372861378
REQUEST		ConfirmPayment	1612372861000	1612372861393	OK	 
USER	GeneralAdmission1	END	1612372861399
REQUEST		ConfirmPayment	1612372860486	1612372861692	OK	 
USER	GeneralAdmission1	END	1612372861695
