RUN	GeneralOriginal1	generaloriginal1	1612265882941	 	3.5.0
USER	GeneralOriginal1	START	1612265884710
REQUEST		request_0	1612265884750	1612265885184	OK	 
REQUEST		request_0 Redirect 1	1612265885208	1612265885913	OK	 
ERROR	request_1: Failed to build request: Resource /generaloriginal1/0001_request.txt not found 	1612265885941
REQUEST		request_2	1612265886951	1612265886961	OK	 
ERROR	request_3: Failed to build request: Resource /generaloriginal1/0003_request.json not found 	1612265886963
ERROR	request_4: Failed to build request: Resource /generaloriginal1/0004_request.json not found 	1612265886964
REQUEST		CreateGeneral	1612265887976	1612265887983	OK	 
ERROR	GeneralRequest: Failed to build request: Resource /generaloriginal1/0006_request.json not found 	1612265887986
ERROR	GeneralRequest5001: Failed to build request: Resource /generaloriginal1/0007_request.json not found 	1612265887986
ERROR	GoogleAnal: Failed to build request: Resource /generaloriginal1/0008_request.txt not found 	1612265887986
ERROR	StripeRequest: Failed to build request: Resource /generaloriginal1/0009_request.txt not found 	1612265887987
REQUEST		request_10	1612265892000	1612265892017	OK	 
ERROR	request_11: Failed to build request: Resource /generaloriginal1/0011_request.json not found 	1612265892019
ERROR	request_12: Failed to build request: Resource /generaloriginal1/0012_request.json not found 	1612265892020
ERROR	request_24: Failed to build request: Resource /generaloriginal1/0024_request.txt not found 	1612265892021
REQUEST		request_14	1612265892091	1612265892211	OK	 
REQUEST		request_15	1612265892070	1612265892226	KO	status.find.in(200,201,202,203,204,205,206,207,208,209,304), found 401
REQUEST		request_25	1612265892179	1612265892239	KO	status.find.in(200,201,202,203,204,205,206,207,208,209,304), found 401
REQUEST		request_36	1612265892122	1612265892696	OK	 
REQUEST		request_21	1612265892118	1612265892732	OK	 
REQUEST		request_19	1612265892136	1612265892768	OK	 
REQUEST		request_23	1612265892162	1612265892821	OK	 
REQUEST		request_13	1612265892050	1612265893173	OK	 
REQUEST		request_17	1612265892111	1612265893314	OK	 
REQUEST		request_30	1612265892042	1612265893380	OK	 
REQUEST		request_18	1612265892075	1612265893454	OK	 
REQUEST		request_20	1612265892085	1612265893498	OK	 
REQUEST		request_31	1612265892101	1612265893501	OK	 
REQUEST		request_16	1612265892104	1612265893522	OK	 
REQUEST		request_27	1612265892116	1612265893576	OK	 
REQUEST		request_22	1612265892171	1612265893637	OK	 
REQUEST		request_37	1612265892129	1612265893660	OK	 
REQUEST		request_26	1612265892132	1612265893665	OK	 
REQUEST		request_33	1612265892143	1612265893671	OK	 
REQUEST		request_29	1612265892148	1612265893675	OK	 
REQUEST		request_32	1612265892152	1612265893682	OK	 
REQUEST		request_34	1612265892158	1612265893686	OK	 
REQUEST		request_35	1612265892166	1612265893721	OK	 
REQUEST		request_28	1612265892175	1612265893724	OK	 
REQUEST		request_38	1612265894737	1612265894926	OK	 
REQUEST		request_39	1612265896937	1612265897183	OK	 
REQUEST		request_40	1612265899187	1612265899373	OK	 
REQUEST		request_41	1612265899377	1612265899565	OK	 
REQUEST		request_42	1612265900582	1612265900941	OK	 
ERROR	request_45: Failed to build request: Resource /generaloriginal1/0045_request.json not found 	1612265900948
ERROR	request_48: Failed to build request: Resource /generaloriginal1/0048_request.json not found 	1612265900948
ERROR	request_49: Failed to build request: Resource /generaloriginal1/0049_request.txt not found 	1612265900948
ERROR	request_50: Failed to build request: Resource /generaloriginal1/0050_request.txt not found 	1612265900948
REQUEST		request_43	1612265900998	1612265901004	OK	 
REQUEST		request_47	1612265900955	1612265901316	OK	 
REQUEST		request_46	1612265900994	1612265901365	OK	 
REQUEST		request_44	1612265900959	1612265901967	KO	status.find.in(200,201,202,203,204,205,206,207,208,209,304), found 400
USER	GeneralOriginal1	END	1612265901984
