RUN	GeneralAdmission1	generaladmission1	1612432548546	 	3.5.0
USER	GeneralAdmission1	START	1612432550175
USER	GeneralAdmission1	START	1612432550159
USER	GeneralAdmission1	START	1612432550143
USER	GeneralAdmission1	START	1612432550145
USER	GeneralAdmission1	START	1612432550140
USER	GeneralAdmission1	START	1612432550153
USER	GeneralAdmission1	START	1612432550139
USER	GeneralAdmission1	START	1612432550188
USER	GeneralAdmission1	START	1612432550253
USER	GeneralAdmission1	START	1612432550253
USER	GeneralAdmission1	START	1612432550256
USER	GeneralAdmission1	START	1612432550254
USER	GeneralAdmission1	START	1612432550258
USER	GeneralAdmission1	START	1612432550265
USER	GeneralAdmission1	START	1612432550257
USER	GeneralAdmission1	START	1612432550273
USER	GeneralAdmission1	START	1612432550262
USER	GeneralAdmission1	START	1612432550276
USER	GeneralAdmission1	START	1612432550281
USER	GeneralAdmission1	START	1612432550280
USER	GeneralAdmission1	START	1612432550284
USER	GeneralAdmission1	START	1612432550280
USER	GeneralAdmission1	START	1612432550287
USER	GeneralAdmission1	START	1612432550285
USER	GeneralAdmission1	START	1612432550289
USER	GeneralAdmission1	START	1612432550294
USER	GeneralAdmission1	START	1612432550298
USER	GeneralAdmission1	START	1612432550302
USER	GeneralAdmission1	START	1612432550293
USER	GeneralAdmission1	START	1612432550300
USER	GeneralAdmission1	START	1612432550304
USER	GeneralAdmission1	START	1612432550308
USER	GeneralAdmission1	START	1612432550327
USER	GeneralAdmission1	START	1612432550312
USER	GeneralAdmission1	START	1612432550303
USER	GeneralAdmission1	START	1612432550328
USER	GeneralAdmission1	START	1612432550320
USER	GeneralAdmission1	START	1612432550315
USER	GeneralAdmission1	START	1612432550321
USER	GeneralAdmission1	START	1612432550330
USER	GeneralAdmission1	START	1612432550338
USER	GeneralAdmission1	START	1612432550337
USER	GeneralAdmission1	START	1612432550341
USER	GeneralAdmission1	START	1612432550347
USER	GeneralAdmission1	START	1612432550343
USER	GeneralAdmission1	START	1612432550349
USER	GeneralAdmission1	START	1612432550360
USER	GeneralAdmission1	START	1612432550355
USER	GeneralAdmission1	START	1612432550352
USER	GeneralAdmission1	START	1612432550353
USER	GeneralAdmission1	START	1612432550357
USER	GeneralAdmission1	START	1612432550370
USER	GeneralAdmission1	START	1612432550364
USER	GeneralAdmission1	START	1612432550370
USER	GeneralAdmission1	START	1612432550377
USER	GeneralAdmission1	START	1612432550369
USER	GeneralAdmission1	START	1612432550373
USER	GeneralAdmission1	START	1612432550373
USER	GeneralAdmission1	START	1612432550379
USER	GeneralAdmission1	START	1612432550365
USER	GeneralAdmission1	START	1612432550386
USER	GeneralAdmission1	START	1612432550396
USER	GeneralAdmission1	START	1612432550390
USER	GeneralAdmission1	START	1612432550391
USER	GeneralAdmission1	START	1612432550395
USER	GeneralAdmission1	START	1612432550393
USER	GeneralAdmission1	START	1612432550400
USER	GeneralAdmission1	START	1612432550404
USER	GeneralAdmission1	START	1612432550399
USER	GeneralAdmission1	START	1612432550407
USER	GeneralAdmission1	START	1612432550412
USER	GeneralAdmission1	START	1612432550419
USER	GeneralAdmission1	START	1612432550414
USER	GeneralAdmission1	START	1612432550413
USER	GeneralAdmission1	START	1612432550429
USER	GeneralAdmission1	START	1612432550415
USER	GeneralAdmission1	START	1612432550432
USER	GeneralAdmission1	START	1612432550418
USER	GeneralAdmission1	START	1612432550440
USER	GeneralAdmission1	START	1612432550441
USER	GeneralAdmission1	START	1612432550416
USER	GeneralAdmission1	START	1612432550430
USER	GeneralAdmission1	START	1612432550425
USER	GeneralAdmission1	START	1612432550429
USER	GeneralAdmission1	START	1612432550433
USER	GeneralAdmission1	START	1612432550443
USER	GeneralAdmission1	START	1612432550427
USER	GeneralAdmission1	START	1612432550445
USER	GeneralAdmission1	START	1612432550450
USER	GeneralAdmission1	START	1612432550448
USER	GeneralAdmission1	START	1612432550461
USER	GeneralAdmission1	START	1612432550454
USER	GeneralAdmission1	START	1612432550456
USER	GeneralAdmission1	START	1612432550462
USER	GeneralAdmission1	START	1612432550458
USER	GeneralAdmission1	START	1612432550471
USER	GeneralAdmission1	START	1612432550473
USER	GeneralAdmission1	START	1612432550472
USER	GeneralAdmission1	START	1612432550476
USER	GeneralAdmission1	START	1612432550482
REQUEST		GetToken	1612432550477	1612432551763	OK	 
REQUEST		GetToken	1612432550269	1612432551696	OK	 
REQUEST		GetToken	1612432550371	1612432551808	OK	 
REQUEST		GetToken	1612432550194	1612432551694	OK	 
REQUEST		GetToken	1612432550307	1612432551926	OK	 
REQUEST		GetToken	1612432550341	1612432551956	OK	 
REQUEST		GetToken	1612432550402	1612432551960	OK	 
REQUEST		GetToken	1612432550304	1612432551969	OK	 
REQUEST		GetToken	1612432550373	1612432551974	OK	 
REQUEST		GetToken	1612432550357	1612432551986	OK	 
REQUEST		GetToken	1612432550406	1612432552127	OK	 
REQUEST		GetToken	1612432550194	1612432552175	OK	 
REQUEST		GetToken	1612432550419	1612432552204	OK	 
REQUEST		GetToken	1612432550360	1612432552206	OK	 
REQUEST		GetToken	1612432550380	1612432552206	OK	 
REQUEST		GetToken	1612432550380	1612432552218	OK	 
REQUEST		GetToken	1612432550464	1612432552221	OK	 
REQUEST		GetToken	1612432550290	1612432552224	OK	 
REQUEST		GetToken	1612432550270	1612432552229	OK	 
REQUEST		GetToken	1612432550479	1612432552235	OK	 
REQUEST		GetToken	1612432550410	1612432552246	OK	 
REQUEST		GetToken	1612432550486	1612432552252	OK	 
REQUEST		GetToken	1612432550426	1612432552387	OK	 
REQUEST		GetToken	1612432550468	1612432552392	OK	 
REQUEST		GetToken	1612432550423	1612432552413	OK	 
REQUEST		GetToken	1612432550307	1612432552453	OK	 
REQUEST		GetToken	1612432550278	1612432552482	OK	 
REQUEST		GetToken	1612432550193	1612432552514	OK	 
REQUEST		GetToken	1612432550475	1612432552735	OK	 
REQUEST		GetToken	1612432550361	1612432552738	OK	 
REQUEST		GetToken	1612432550194	1612432552738	OK	 
REQUEST		GetToken	1612432550308	1612432552738	OK	 
REQUEST		GetToken	1612432550303	1612432552756	OK	 
REQUEST		GetToken	1612432550409	1612432552763	OK	 
REQUEST		GetToken	1612432550426	1612432552768	OK	 
REQUEST		GetToken	1612432550272	1612432552891	OK	 
REQUEST		GetToken	1612432550382	1612432552960	OK	 
REQUEST		GetToken	1612432550291	1612432552960	OK	 
REQUEST		GetToken	1612432550362	1612432552988	OK	 
REQUEST		GetToken	1612432550193	1612432552998	OK	 
REQUEST		GetToken	1612432550351	1612432553079	OK	 
REQUEST		GetToken	1612432550266	1612432553124	OK	 
REQUEST		GetToken	1612432550375	1612432553124	OK	 
REQUEST		GetToken	1612432550288	1612432553126	OK	 
REQUEST		GetToken	1612432550326	1612432553126	OK	 
REQUEST		GetToken	1612432550330	1612432553141	OK	 
REQUEST		GetToken	1612432550458	1612432553328	OK	 
REQUEST		GetToken	1612432550410	1612432553330	OK	 
REQUEST		GetToken	1612432550352	1612432553406	OK	 
REQUEST		GetToken	1612432550411	1612432553408	OK	 
REQUEST		GetToken	1612432550413	1612432553534	OK	 
REQUEST		GetToken	1612432550346	1612432553540	OK	 
REQUEST		GetToken	1612432550441	1612432553540	OK	 
REQUEST		GetToken	1612432550339	1612432553543	OK	 
REQUEST		GetToken	1612432550296	1612432553569	OK	 
REQUEST		GetToken	1612432550332	1612432553564	OK	 
REQUEST		GetToken	1612432550422	1612432553575	OK	 
REQUEST		GetToken	1612432550355	1612432553578	OK	 
REQUEST		GetToken	1612432550430	1612432553598	OK	 
REQUEST		GetToken	1612432550425	1612432553607	OK	 
REQUEST		GetToken	1612432550446	1612432553617	OK	 
REQUEST		GetToken	1612432550449	1612432553620	OK	 
REQUEST		GetToken	1612432550362	1612432553624	OK	 
REQUEST		GetToken	1612432550286	1612432553651	OK	 
REQUEST		GetToken	1612432550442	1612432553659	OK	 
REQUEST		GetToken	1612432550271	1612432553670	OK	 
REQUEST		GetToken	1612432550378	1612432553680	OK	 
REQUEST		GetToken	1612432550461	1612432553692	OK	 
REQUEST		GetToken	1612432550435	1612432553693	OK	 
REQUEST		GetToken	1612432550433	1612432553818	OK	 
REQUEST		GetToken	1612432550453	1612432553839	OK	 
REQUEST		GetToken	1612432550194	1612432553824	OK	 
REQUEST		GetToken	1612432550263	1612432553852	OK	 
REQUEST		GetToken	1612432550446	1612432553833	OK	 
REQUEST		GetToken	1612432550274	1612432553837	OK	 
REQUEST		GetToken	1612432550344	1612432553842	OK	 
REQUEST		GetToken	1612432550376	1612432553849	OK	 
REQUEST		GetToken	1612432550194	1612432553885	OK	 
REQUEST		GetToken	1612432550269	1612432553886	OK	 
REQUEST		GetToken	1612432550459	1612432553897	OK	 
REQUEST		GetToken	1612432550193	1612432553911	OK	 
REQUEST		GetToken	1612432550290	1612432553911	OK	 
REQUEST		GetToken	1612432550289	1612432553918	OK	 
REQUEST		GetToken	1612432550397	1612432553928	OK	 
REQUEST		GetToken	1612432550398	1612432553932	OK	 
REQUEST		GetToken	1612432550305	1612432553943	OK	 
REQUEST		GetToken	1612432550315	1612432553957	OK	 
REQUEST		GetToken	1612432550470	1612432553965	OK	 
REQUEST		GetToken	1612432550344	1612432553962	OK	 
REQUEST		GetToken	1612432550337	1612432553976	OK	 
REQUEST		GetToken	1612432550379	1612432553995	OK	 
REQUEST		GetToken	1612432550447	1612432554001	OK	 
REQUEST		GetToken	1612432550292	1612432554011	OK	 
REQUEST		GetToken	1612432550477	1612432554014	OK	 
REQUEST		GetToken	1612432550328	1612432554024	OK	 
REQUEST		GetToken	1612432550365	1612432554027	OK	 
REQUEST		GetToken	1612432550405	1612432554031	OK	 
REQUEST		GetToken	1612432550423	1612432554042	OK	 
REQUEST		GetToken	1612432550431	1612432554046	OK	 
REQUEST		GetToken	1612432550459	1612432554051	OK	 
REQUEST		AddToCart	1612432556920	1612432557039	OK	 
REQUEST		AddToCart	1612432556919	1612432557040	OK	 
REQUEST		AddToCart	1612432556920	1612432557039	OK	 
REQUEST		AddToCart	1612432556920	1612432557041	OK	 
REQUEST		AddToCart	1612432556938	1612432557046	OK	 
REQUEST		AddToCart	1612432556985	1612432557051	OK	 
REQUEST		AddToCart	1612432556968	1612432557051	OK	 
REQUEST		AddToCart	1612432556985	1612432557054	OK	 
REQUEST		AddToCart	1612432557003	1612432557080	OK	 
REQUEST		AddToCart	1612432557003	1612432557080	OK	 
REQUEST		AddToCart	1612432557140	1612432557196	OK	 
REQUEST		AddToCart	1612432557188	1612432557259	OK	 
REQUEST		AddToCart	1612432557220	1612432557288	OK	 
REQUEST		AddToCart	1612432557221	1612432557296	OK	 
REQUEST		AddToCart	1612432557221	1612432557296	OK	 
REQUEST		AddToCart	1612432557239	1612432557316	OK	 
REQUEST		AddToCart	1612432557239	1612432557332	OK	 
REQUEST		AddToCart	1612432557239	1612432557332	OK	 
REQUEST		AddToCart	1612432557255	1612432557335	OK	 
REQUEST		AddToCart	1612432557255	1612432557343	OK	 
REQUEST		AddToCart	1612432557255	1612432557347	OK	 
REQUEST		AddToCart	1612432557268	1612432557362	OK	 
REQUEST		AddToCart	1612432557404	1612432557467	OK	 
REQUEST		AddToCart	1612432557408	1612432557478	OK	 
REQUEST		AddToCart	1612432557421	1612432557511	OK	 
REQUEST		AddToCart	1612432557465	1612432557537	OK	 
REQUEST		AddToCart	1612432557497	1612432557563	OK	 
REQUEST		AddToCart	1612432557528	1612432557594	OK	 
REQUEST		AddToCart	1612432557767	1612432557887	OK	 
REQUEST		AddToCart	1612432557770	1612432557893	OK	 
REQUEST		AddToCart	1612432557770	1612432557899	OK	 
REQUEST		AddToCart	1612432557769	1612432557899	OK	 
REQUEST		AddToCart	1612432557787	1612432557900	OK	 
REQUEST		AddToCart	1612432557782	1612432557912	OK	 
REQUEST		AddToCart	1612432557801	1612432557915	OK	 
REQUEST		AddToCart	1612432557910	1612432557998	OK	 
REQUEST		AddToCart	1612432557979	1612432558055	OK	 
REQUEST		AddToCart	1612432557980	1612432558055	OK	 
REQUEST		AddToCart	1612432557997	1612432558069	OK	 
REQUEST		AddToCart	1612432558013	1612432558082	OK	 
REQUEST		AddToCart	1612432558092	1612432558151	OK	 
REQUEST		AddToCart	1612432558152	1612432558237	OK	 
REQUEST		AddToCart	1612432558155	1612432558238	OK	 
REQUEST		AddToCart	1612432558151	1612432558237	OK	 
REQUEST		AddToCart	1612432558157	1612432558238	OK	 
REQUEST		AddToCart	1612432558167	1612432558265	OK	 
REQUEST		AddToCart	1612432558372	1612432558548	OK	 
REQUEST		AddToCart	1612432558370	1612432558548	OK	 
REQUEST		AddToCart	1612432558412	1612432558556	OK	 
REQUEST		AddToCart	1612432558430	1612432558637	OK	 
REQUEST		AddToCart	1612432558565	1612432558671	OK	 
REQUEST		AddToCart	1612432558569	1612432558671	OK	 
REQUEST		AddToCart	1612432558556	1612432558680	OK	 
REQUEST		AddToCart	1612432558569	1612432558684	OK	 
REQUEST		AddToCart	1612432558585	1612432558706	OK	 
REQUEST		AddToCart	1612432558602	1612432558718	OK	 
REQUEST		AddToCart	1612432558601	1612432558718	OK	 
REQUEST		AddToCart	1612432558618	1612432558761	OK	 
REQUEST		AddToCart	1612432558640	1612432558761	OK	 
REQUEST		AddToCart	1612432558602	1612432558765	OK	 
REQUEST		AddToCart	1612432558649	1612432558820	OK	 
REQUEST		AddToCart	1612432558679	1612432558895	OK	 
REQUEST		AddToCart	1612432558683	1612432558896	OK	 
REQUEST		AddToCart	1612432558666	1612432558900	OK	 
REQUEST		AddToCart	1612432558685	1612432558916	OK	 
REQUEST		AddToCart	1612432558706	1612432558918	OK	 
REQUEST		AddToCart	1612432558712	1612432558916	OK	 
REQUEST		AddToCart	1612432558689	1612432558929	OK	 
REQUEST		AddToCart	1612432558669	1612432558931	OK	 
REQUEST		AddToCart	1612432558878	1612432558957	OK	 
REQUEST		AddToCart	1612432558879	1612432559006	OK	 
REQUEST		AddToCart	1612432558894	1612432559186	OK	 
REQUEST		AddToCart	1612432558879	1612432559187	OK	 
REQUEST		AddToCart	1612432558894	1612432559190	OK	 
REQUEST		AddToCart	1612432558894	1612432559198	OK	 
REQUEST		AddToCart	1612432558894	1612432559355	OK	 
REQUEST		AddToCart	1612432558915	1612432559356	OK	 
REQUEST		AddToCart	1612432558952	1612432559356	OK	 
REQUEST		AddToCart	1612432558894	1612432559357	OK	 
REQUEST		AddToCart	1612432558928	1612432559367	OK	 
REQUEST		AddToCart	1612432558923	1612432559367	OK	 
REQUEST		AddToCart	1612432558952	1612432559370	OK	 
REQUEST		AddToCart	1612432558928	1612432559372	OK	 
REQUEST		AddToCart	1612432558940	1612432559373	OK	 
REQUEST		AddToCart	1612432559006	1612432559524	OK	 
REQUEST		AddToCart	1612432559011	1612432559539	OK	 
REQUEST		AddToCart	1612432558982	1612432559540	OK	 
REQUEST		AddToCart	1612432558967	1612432559541	OK	 
REQUEST		AddToCart	1612432559028	1612432559567	OK	 
REQUEST		AddToCart	1612432559013	1612432559571	OK	 
REQUEST		AddToCart	1612432558968	1612432559572	OK	 
REQUEST		AddToCart	1612432559004	1612432559573	OK	 
REQUEST		AddToCart	1612432559030	1612432559572	OK	 
REQUEST		AddToCart	1612432559015	1612432559579	OK	 
REQUEST		AddToCart	1612432559032	1612432559580	OK	 
REQUEST		AddToCart	1612432559043	1612432559587	OK	 
REQUEST		AddToCart	1612432559057	1612432559587	OK	 
REQUEST		AddToCart	1612432559060	1612432559597	OK	 
REQUEST		AddToCart	1612432559062	1612432559602	OK	 
REQUEST		AddToCart	1612432559064	1612432559605	OK	 
REQUEST		AddToCart2	1612432560051	1612432560106	OK	 
REQUEST		AddToCart2	1612432560050	1612432560152	OK	 
REQUEST		AddToCart2	1612432560050	1612432560152	OK	 
REQUEST		AddToCart2	1612432560053	1612432560164	OK	 
REQUEST		AddToCart2	1612432560051	1612432560164	OK	 
REQUEST		AddToCart2	1612432560068	1612432560246	OK	 
REQUEST		AddToCart2	1612432560068	1612432560247	OK	 
REQUEST		AddToCart2	1612432560096	1612432560256	OK	 
REQUEST		AddToCart2	1612432560070	1612432560260	OK	 
REQUEST		AddToCart2	1612432560097	1612432560266	OK	 
REQUEST		AddToCart2	1612432560254	1612432560366	OK	 
REQUEST		AddToCart2	1612432560269	1612432560368	OK	 
REQUEST		AddToCart2	1612432560299	1612432560503	OK	 
REQUEST		AddToCart2	1612432560330	1612432560505	OK	 
REQUEST		AddToCart2	1612432560314	1612432560505	OK	 
REQUEST		AddToCart2	1612432560314	1612432560507	OK	 
REQUEST		AddToCart2	1612432560347	1612432560512	OK	 
REQUEST		AddToCart2	1612432560347	1612432560680	OK	 
REQUEST		AddToCart2	1612432560367	1612432560681	OK	 
REQUEST		AddToCart2	1612432560365	1612432560681	OK	 
REQUEST		AddToCart2	1612432560365	1612432560685	OK	 
REQUEST		AddToCart2	1612432560349	1612432560685	OK	 
REQUEST		AddToCart2	1612432560485	1612432560846	OK	 
REQUEST		AddToCart2	1612432560517	1612432560846	OK	 
REQUEST		AddToCart2	1612432560575	1612432560846	OK	 
REQUEST		AddToCart2	1612432560546	1612432560850	OK	 
REQUEST		AddToCart2	1612432560607	1612432560850	OK	 
REQUEST		AddToCart2	1612432560487	1612432560852	OK	 
REQUEST		AddToCart2	1612432560906	1612432561039	OK	 
REQUEST		AddToCart2	1612432560906	1612432561039	OK	 
REQUEST		AddToCart2	1612432560927	1612432561059	OK	 
REQUEST		AddToCart2	1612432560931	1612432561182	OK	 
REQUEST		AddToCart2	1612432560930	1612432561182	OK	 
REQUEST		AddToCart2	1612432560934	1612432561191	OK	 
REQUEST		AddToCart2	1612432560937	1612432561196	OK	 
REQUEST		AddToCart2	1612432561013	1612432561202	OK	 
REQUEST		AddToCart2	1612432561083	1612432561296	OK	 
REQUEST		AddToCart2	1612432561065	1612432561307	OK	 
REQUEST		AddToCart2	1612432561083	1612432561307	OK	 
REQUEST		AddToCart2	1612432561105	1612432561307	OK	 
REQUEST		AddToCart2	1612432561171	1612432561337	OK	 
REQUEST		AddToCart2	1612432561247	1612432561373	OK	 
REQUEST		AddToCart2	1612432561248	1612432561374	OK	 
REQUEST		AddToCart2	1612432561248	1612432561405	OK	 
REQUEST		AddToCart2	1612432561248	1612432561405	OK	 
REQUEST		AddToCart2	1612432561278	1612432561419	OK	 
REQUEST		AddToCart2	1612432561576	1612432561631	OK	 
REQUEST		AddToCart2	1612432561557	1612432561631	OK	 
REQUEST		AddToCart2	1612432561558	1612432561645	OK	 
REQUEST		AddToCart2	1612432561655	1612432561713	OK	 
REQUEST		AddToCart2	1612432561684	1612432561750	OK	 
REQUEST		AddToCart2	1612432561686	1612432561777	OK	 
REQUEST		AddToCart2	1612432561686	1612432561789	OK	 
REQUEST		AddToCart2	1612432561703	1612432561826	OK	 
REQUEST		AddToCart2	1612432561734	1612432561826	OK	 
REQUEST		AddToCart2	1612432561718	1612432561858	OK	 
REQUEST		AddToCart2	1612432561734	1612432561875	OK	 
REQUEST		AddToCart2	1612432561781	1612432561875	OK	 
REQUEST		AddToCart2	1612432561782	1612432561879	OK	 
REQUEST		AddToCart2	1612432561781	1612432561879	OK	 
REQUEST		AddToCart2	1612432561826	1612432561897	OK	 
REQUEST		AddToCart2	1612432561905	1612432561976	OK	 
REQUEST		AddToCart2	1612432561905	1612432561982	OK	 
REQUEST		AddToCart2	1612432561906	1612432561986	OK	 
REQUEST		AddToCart2	1612432561932	1612432562031	OK	 
REQUEST		AddToCart2	1612432561934	1612432562594	OK	 
REQUEST		AddToCart2	1612432561936	1612432562597	OK	 
REQUEST		AddToCart2	1612432561934	1612432562604	OK	 
REQUEST		AddToCart2	1612432561934	1612432562610	OK	 
REQUEST		AddToCart2	1612432561965	1612432562610	OK	 
REQUEST		AddToCart2	1612432562031	1612432562617	OK	 
REQUEST		AddToCart2	1612432562199	1612432562699	OK	 
REQUEST		AddToCart2	1612432562199	1612432562759	OK	 
REQUEST		AddToCart2	1612432562385	1612432562837	OK	 
REQUEST		AddToCart2	1612432562386	1612432562837	OK	 
REQUEST		AddToCart2	1612432562200	1612432562838	OK	 
REQUEST		AddToCart2	1612432562217	1612432562839	OK	 
REQUEST		AddToCart2	1612432562386	1612432562843	OK	 
REQUEST		AddToCart2	1612432562572	1612432562856	OK	 
REQUEST		AddToCart2	1612432562391	1612432562856	OK	 
REQUEST		AddToCart2	1612432562386	1612432563020	OK	 
REQUEST		AddToCart2	1612432562391	1612432563022	OK	 
REQUEST		AddToCart2	1612432562571	1612432563023	OK	 
REQUEST		AddToCart2	1612432562572	1612432563022	OK	 
REQUEST		AddToCart2	1612432562590	1612432563022	OK	 
REQUEST		AddToCart2	1612432562590	1612432563027	OK	 
REQUEST		AddToCart2	1612432562592	1612432563036	OK	 
REQUEST		AddToCart2	1612432562572	1612432563035	OK	 
REQUEST		AddToCart2	1612432562393	1612432563036	OK	 
REQUEST		AddToCart2	1612432562386	1612432563041	OK	 
REQUEST		AddToCart2	1612432562391	1612432563049	OK	 
REQUEST		AddToCart2	1612432562591	1612432563051	OK	 
REQUEST		AddToCart2	1612432562590	1612432563052	OK	 
REQUEST		AddToCart2	1612432562609	1612432563061	OK	 
REQUEST		AddToCart2	1612432562610	1612432563061	OK	 
REQUEST		AddToCart2	1612432562597	1612432563066	OK	 
REQUEST		AddToCart2	1612432562616	1612432563066	OK	 
REQUEST		AddToCart2	1612432562607	1612432563073	OK	 
REQUEST		AddToCart2	1612432562611	1612432563076	OK	 
REQUEST		AddToCart2	1612432562617	1612432563084	OK	 
USER	GeneralAdmission1	END	1612432565134
USER	GeneralAdmission1	END	1612432565176
USER	GeneralAdmission1	END	1612432565177
USER	GeneralAdmission1	END	1612432565193
USER	GeneralAdmission1	END	1612432565193
USER	GeneralAdmission1	END	1612432565270
USER	GeneralAdmission1	END	1612432565271
USER	GeneralAdmission1	END	1612432565286
USER	GeneralAdmission1	END	1612432565286
USER	GeneralAdmission1	END	1612432565303
USER	GeneralAdmission1	END	1612432565399
USER	GeneralAdmission1	END	1612432565401
USER	GeneralAdmission1	END	1612432565523
USER	GeneralAdmission1	END	1612432565523
USER	GeneralAdmission1	END	1612432565525
USER	GeneralAdmission1	END	1612432565527
USER	GeneralAdmission1	END	1612432565541
USER	GeneralAdmission1	END	1612432565710
USER	GeneralAdmission1	END	1612432565711
USER	GeneralAdmission1	END	1612432565711
USER	GeneralAdmission1	END	1612432565711
USER	GeneralAdmission1	END	1612432565711
USER	GeneralAdmission1	END	1612432565867
USER	GeneralAdmission1	END	1612432565867
USER	GeneralAdmission1	END	1612432565867
USER	GeneralAdmission1	END	1612432565867
USER	GeneralAdmission1	END	1612432565868
USER	GeneralAdmission1	END	1612432565869
USER	GeneralAdmission1	END	1612432566067
USER	GeneralAdmission1	END	1612432566068
USER	GeneralAdmission1	END	1612432566084
USER	GeneralAdmission1	END	1612432566208
USER	GeneralAdmission1	END	1612432566208
USER	GeneralAdmission1	END	1612432566208
USER	GeneralAdmission1	END	1612432566209
USER	GeneralAdmission1	END	1612432566225
USER	GeneralAdmission1	END	1612432566318
USER	GeneralAdmission1	END	1612432566335
USER	GeneralAdmission1	END	1612432566335
USER	GeneralAdmission1	END	1612432566335
USER	GeneralAdmission1	END	1612432566367
USER	GeneralAdmission1	END	1612432566397
USER	GeneralAdmission1	END	1612432566398
USER	GeneralAdmission1	END	1612432566413
USER	GeneralAdmission1	END	1612432566428
USER	GeneralAdmission1	END	1612432566428
USER	GeneralAdmission1	END	1612432566661
USER	GeneralAdmission1	END	1612432566661
USER	GeneralAdmission1	END	1612432566662
USER	GeneralAdmission1	END	1612432566740
USER	GeneralAdmission1	END	1612432566771
USER	GeneralAdmission1	END	1612432566803
USER	GeneralAdmission1	END	1612432566819
USER	GeneralAdmission1	END	1612432566848
USER	GeneralAdmission1	END	1612432566849
USER	GeneralAdmission1	END	1612432566879
USER	GeneralAdmission1	END	1612432566895
USER	GeneralAdmission1	END	1612432566895
USER	GeneralAdmission1	END	1612432566895
USER	GeneralAdmission1	END	1612432566895
USER	GeneralAdmission1	END	1612432566926
USER	GeneralAdmission1	END	1612432567006
USER	GeneralAdmission1	END	1612432567006
USER	GeneralAdmission1	END	1612432567006
USER	GeneralAdmission1	END	1612432567053
USER	GeneralAdmission1	END	1612432567628
USER	GeneralAdmission1	END	1612432567629
USER	GeneralAdmission1	END	1612432567629
USER	GeneralAdmission1	END	1612432567644
USER	GeneralAdmission1	END	1612432567644
USER	GeneralAdmission1	END	1612432567645
USER	GeneralAdmission1	END	1612432567720
USER	GeneralAdmission1	END	1612432567782
USER	GeneralAdmission1	END	1612432567860
USER	GeneralAdmission1	END	1612432567861
USER	GeneralAdmission1	END	1612432567861
USER	GeneralAdmission1	END	1612432567861
USER	GeneralAdmission1	END	1612432567861
USER	GeneralAdmission1	END	1612432567877
USER	GeneralAdmission1	END	1612432567877
USER	GeneralAdmission1	END	1612432568049
USER	GeneralAdmission1	END	1612432568049
USER	GeneralAdmission1	END	1612432568049
USER	GeneralAdmission1	END	1612432568049
USER	GeneralAdmission1	END	1612432568065
USER	GeneralAdmission1	END	1612432568065
USER	GeneralAdmission1	END	1612432568065
USER	GeneralAdmission1	END	1612432568065
USER	GeneralAdmission1	END	1612432568065
USER	GeneralAdmission1	END	1612432568066
USER	GeneralAdmission1	END	1612432568066
USER	GeneralAdmission1	END	1612432568081
USER	GeneralAdmission1	END	1612432568081
USER	GeneralAdmission1	END	1612432568081
USER	GeneralAdmission1	END	1612432568081
USER	GeneralAdmission1	END	1612432568096
USER	GeneralAdmission1	END	1612432568096
USER	GeneralAdmission1	END	1612432568097
USER	GeneralAdmission1	END	1612432568098
USER	GeneralAdmission1	END	1612432568112
