RUN	GeneralAdmission1	generaladmission1	1612432765018	 	3.5.0
USER	GeneralAdmission1	START	1612432766630
USER	GeneralAdmission1	START	1612432766637
USER	GeneralAdmission1	START	1612432766658
USER	GeneralAdmission1	START	1612432766631
USER	GeneralAdmission1	START	1612432766636
USER	GeneralAdmission1	START	1612432766651
USER	GeneralAdmission1	START	1612432766630
USER	GeneralAdmission1	START	1612432766640
USER	GeneralAdmission1	START	1612432766902
USER	GeneralAdmission1	START	1612432766904
USER	GeneralAdmission1	START	1612432766907
USER	GeneralAdmission1	START	1612432766903
USER	GeneralAdmission1	START	1612432766903
USER	GeneralAdmission1	START	1612432766909
USER	GeneralAdmission1	START	1612432766907
USER	GeneralAdmission1	START	1612432766911
USER	GeneralAdmission1	START	1612432766913
USER	GeneralAdmission1	START	1612432766916
USER	GeneralAdmission1	START	1612432766922
USER	GeneralAdmission1	START	1612432766911
USER	GeneralAdmission1	START	1612432766920
USER	GeneralAdmission1	START	1612432766924
USER	GeneralAdmission1	START	1612432766928
USER	GeneralAdmission1	START	1612432766925
USER	GeneralAdmission1	START	1612432766927
USER	GeneralAdmission1	START	1612432766936
USER	GeneralAdmission1	START	1612432766929
USER	GeneralAdmission1	START	1612432766942
USER	GeneralAdmission1	START	1612432766938
USER	GeneralAdmission1	START	1612432766947
USER	GeneralAdmission1	START	1612432766933
USER	GeneralAdmission1	START	1612432766941
USER	GeneralAdmission1	START	1612432766944
USER	GeneralAdmission1	START	1612432766944
USER	GeneralAdmission1	START	1612432766955
USER	GeneralAdmission1	START	1612432766954
USER	GeneralAdmission1	START	1612432766953
USER	GeneralAdmission1	START	1612432766957
USER	GeneralAdmission1	START	1612432766958
USER	GeneralAdmission1	START	1612432766956
USER	GeneralAdmission1	START	1612432766969
USER	GeneralAdmission1	START	1612432766964
USER	GeneralAdmission1	START	1612432766970
USER	GeneralAdmission1	START	1612432766969
USER	GeneralAdmission1	START	1612432766971
USER	GeneralAdmission1	START	1612432766972
USER	GeneralAdmission1	START	1612432766981
USER	GeneralAdmission1	START	1612432766974
USER	GeneralAdmission1	START	1612432766981
USER	GeneralAdmission1	START	1612432766978
USER	GeneralAdmission1	START	1612432766973
USER	GeneralAdmission1	START	1612432766984
USER	GeneralAdmission1	START	1612432766988
USER	GeneralAdmission1	START	1612432766987
USER	GeneralAdmission1	START	1612432766992
USER	GeneralAdmission1	START	1612432767002
USER	GeneralAdmission1	START	1612432767003
USER	GeneralAdmission1	START	1612432766995
USER	GeneralAdmission1	START	1612432766997
USER	GeneralAdmission1	START	1612432766996
USER	GeneralAdmission1	START	1612432767011
USER	GeneralAdmission1	START	1612432767003
USER	GeneralAdmission1	START	1612432767013
USER	GeneralAdmission1	START	1612432767007
USER	GeneralAdmission1	START	1612432767012
USER	GeneralAdmission1	START	1612432767015
USER	GeneralAdmission1	START	1612432767017
USER	GeneralAdmission1	START	1612432767019
USER	GeneralAdmission1	START	1612432767021
USER	GeneralAdmission1	START	1612432767030
USER	GeneralAdmission1	START	1612432767028
USER	GeneralAdmission1	START	1612432767032
USER	GeneralAdmission1	START	1612432767030
USER	GeneralAdmission1	START	1612432767038
USER	GeneralAdmission1	START	1612432767034
USER	GeneralAdmission1	START	1612432767036
USER	GeneralAdmission1	START	1612432767044
USER	GeneralAdmission1	START	1612432767037
USER	GeneralAdmission1	START	1612432767032
USER	GeneralAdmission1	START	1612432767046
USER	GeneralAdmission1	START	1612432767048
USER	GeneralAdmission1	START	1612432767056
USER	GeneralAdmission1	START	1612432767049
USER	GeneralAdmission1	START	1612432767052
USER	GeneralAdmission1	START	1612432767053
USER	GeneralAdmission1	START	1612432767053
USER	GeneralAdmission1	START	1612432767057
USER	GeneralAdmission1	START	1612432767067
USER	GeneralAdmission1	START	1612432767068
USER	GeneralAdmission1	START	1612432767071
USER	GeneralAdmission1	START	1612432767070
USER	GeneralAdmission1	START	1612432767072
USER	GeneralAdmission1	START	1612432767076
USER	GeneralAdmission1	START	1612432767080
USER	GeneralAdmission1	START	1612432767077
USER	GeneralAdmission1	START	1612432767084
USER	GeneralAdmission1	START	1612432767104
USER	GeneralAdmission1	START	1612432767102
USER	GeneralAdmission1	START	1612432767108
USER	GeneralAdmission1	START	1612432767135
REQUEST		GetToken	1612432766691	1612432768733	OK	 
REQUEST		GetToken	1612432766691	1612432768694	OK	 
REQUEST		GetToken	1612432766910	1612432768816	OK	 
REQUEST		GetToken	1612432767062	1612432768817	OK	 
REQUEST		GetToken	1612432766914	1612432768822	OK	 
REQUEST		GetToken	1612432766922	1612432768822	OK	 
REQUEST		GetToken	1612432766909	1612432768827	OK	 
REQUEST		GetToken	1612432766952	1612432768837	OK	 
REQUEST		GetToken	1612432766691	1612432768842	OK	 
REQUEST		GetToken	1612432766692	1612432768848	OK	 
REQUEST		GetToken	1612432766692	1612432768850	OK	 
REQUEST		GetToken	1612432766691	1612432768854	OK	 
REQUEST		GetToken	1612432766949	1612432768863	OK	 
REQUEST		GetToken	1612432766923	1612432768864	OK	 
REQUEST		GetToken	1612432767044	1612432769293	OK	 
REQUEST		GetToken	1612432766934	1612432769296	OK	 
REQUEST		GetToken	1612432767003	1612432769297	OK	 
REQUEST		GetToken	1612432766966	1612432769439	OK	 
REQUEST		GetToken	1612432767030	1612432769441	OK	 
REQUEST		GetToken	1612432766692	1612432769438	OK	 
REQUEST		GetToken	1612432766954	1612432769442	OK	 
REQUEST		GetToken	1612432767061	1612432769446	OK	 
REQUEST		GetToken	1612432767045	1612432769463	OK	 
REQUEST		GetToken	1612432766982	1612432769480	OK	 
REQUEST		GetToken	1612432766908	1612432769481	OK	 
REQUEST		GetToken	1612432767077	1612432769484	OK	 
REQUEST		GetToken	1612432767058	1612432769499	OK	 
REQUEST		GetToken	1612432767018	1612432769500	OK	 
REQUEST		GetToken	1612432766920	1612432769503	OK	 
REQUEST		GetToken	1612432767089	1612432769510	OK	 
REQUEST		GetToken	1612432767036	1612432769573	OK	 
REQUEST		GetToken	1612432766937	1612432769633	OK	 
REQUEST		GetToken	1612432767060	1612432769634	OK	 
REQUEST		GetToken	1612432767080	1612432769645	OK	 
REQUEST		GetToken	1612432767045	1612432769652	OK	 
REQUEST		GetToken	1612432767022	1612432769657	OK	 
REQUEST		GetToken	1612432767063	1612432769661	OK	 
REQUEST		GetToken	1612432767124	1612432769705	OK	 
REQUEST		GetToken	1612432766988	1612432769710	OK	 
REQUEST		GetToken	1612432766947	1612432770052	OK	 
REQUEST		GetToken	1612432767079	1612432770054	OK	 
REQUEST		GetToken	1612432766985	1612432770059	OK	 
REQUEST		GetToken	1612432767027	1612432770094	OK	 
REQUEST		GetToken	1612432766958	1612432770099	OK	 
REQUEST		GetToken	1612432766958	1612432770114	OK	 
REQUEST		GetToken	1612432767074	1612432770115	OK	 
REQUEST		GetToken	1612432766979	1612432770228	OK	 
REQUEST		GetToken	1612432767058	1612432770229	OK	 
REQUEST		GetToken	1612432766978	1612432770230	OK	 
REQUEST		GetToken	1612432767137	1612432770232	OK	 
REQUEST		GetToken	1612432767006	1612432770232	OK	 
REQUEST		GetToken	1612432766970	1612432770231	OK	 
REQUEST		GetToken	1612432767012	1612432770234	OK	 
REQUEST		GetToken	1612432766953	1612432770238	OK	 
REQUEST		GetToken	1612432766919	1612432770268	OK	 
REQUEST		GetToken	1612432766692	1612432770260	OK	 
REQUEST		GetToken	1612432766979	1612432770269	OK	 
REQUEST		GetToken	1612432767073	1612432770271	OK	 
REQUEST		GetToken	1612432766927	1612432770273	OK	 
REQUEST		GetToken	1612432766948	1612432770275	OK	 
REQUEST		GetToken	1612432766972	1612432770276	OK	 
REQUEST		GetToken	1612432766905	1612432770276	OK	 
REQUEST		GetToken	1612432766928	1612432770300	OK	 
REQUEST		GetToken	1612432766985	1612432770306	OK	 
REQUEST		GetToken	1612432766997	1612432770303	OK	 
REQUEST		GetToken	1612432766964	1612432770309	OK	 
REQUEST		GetToken	1612432766986	1612432770311	OK	 
REQUEST		GetToken	1612432767082	1612432770311	OK	 
REQUEST		GetToken	1612432766974	1612432770319	OK	 
REQUEST		GetToken	1612432766964	1612432770328	OK	 
REQUEST		GetToken	1612432767021	1612432770339	OK	 
REQUEST		GetToken	1612432767004	1612432770338	OK	 
REQUEST		GetToken	1612432767127	1612432770341	OK	 
REQUEST		GetToken	1612432767005	1612432770340	OK	 
REQUEST		GetToken	1612432766990	1612432770353	OK	 
REQUEST		GetToken	1612432767031	1612432770357	OK	 
REQUEST		GetToken	1612432766998	1612432770358	OK	 
REQUEST		GetToken	1612432766936	1612432770368	OK	 
REQUEST		GetToken	1612432767023	1612432770368	OK	 
REQUEST		GetToken	1612432767026	1612432770372	OK	 
REQUEST		GetToken	1612432767047	1612432770382	OK	 
REQUEST		GetToken	1612432767011	1612432770383	OK	 
REQUEST		GetToken	1612432766943	1612432770390	OK	 
REQUEST		GetToken	1612432767042	1612432770395	OK	 
REQUEST		GetToken	1612432766908	1612432770399	OK	 
REQUEST		GetToken	1612432767020	1612432770403	OK	 
REQUEST		GetToken	1612432767003	1612432770406	OK	 
REQUEST		GetToken	1612432767062	1612432770413	OK	 
REQUEST		GetToken	1612432766923	1612432770417	OK	 
REQUEST		GetToken	1612432767035	1612432770422	OK	 
REQUEST		GetToken	1612432766924	1612432770429	OK	 
REQUEST		GetToken	1612432766940	1612432770432	OK	 
REQUEST		GetToken	1612432767051	1612432770435	OK	 
REQUEST		GetToken	1612432767105	1612432770435	OK	 
REQUEST		GetToken	1612432766962	1612432770447	OK	 
REQUEST		GetToken	1612432766942	1612432770449	OK	 
REQUEST		GetToken	1612432767037	1612432770450	OK	 
REQUEST		GetToken	1612432767060	1612432770462	OK	 
REQUEST		GetToken	1612432767082	1612432770463	OK	 
REQUEST		GetToken	1612432767078	1612432770468	OK	 
REQUEST		AddToCart	1612432773833	1612432773925	OK	 
REQUEST		AddToCart	1612432773837	1612432774010	OK	 
REQUEST		AddToCart	1612432773835	1612432774039	OK	 
REQUEST		AddToCart	1612432773841	1612432774039	OK	 
REQUEST		AddToCart	1612432773841	1612432774067	OK	 
REQUEST		AddToCart	1612432773854	1612432774148	OK	 
REQUEST		AddToCart	1612432773854	1612432774148	OK	 
REQUEST		AddToCart	1612432773870	1612432774148	OK	 
REQUEST		AddToCart	1612432773854	1612432774148	OK	 
REQUEST		AddToCart	1612432773871	1612432774153	OK	 
REQUEST		AddToCart	1612432773870	1612432774153	OK	 
REQUEST		AddToCart	1612432773870	1612432774153	OK	 
REQUEST		AddToCart	1612432773873	1612432774157	OK	 
REQUEST		AddToCart	1612432773872	1612432774157	OK	 
REQUEST		AddToCart	1612432774319	1612432774388	OK	 
REQUEST		AddToCart	1612432774302	1612432774388	OK	 
REQUEST		AddToCart	1612432774319	1612432774391	OK	 
REQUEST		AddToCart	1612432774476	1612432774599	OK	 
REQUEST		AddToCart	1612432774458	1612432774599	OK	 
REQUEST		AddToCart	1612432774476	1612432774599	OK	 
REQUEST		AddToCart	1612432774457	1612432774599	OK	 
REQUEST		AddToCart	1612432774476	1612432774600	OK	 
REQUEST		AddToCart	1612432774504	1612432774604	OK	 
REQUEST		AddToCart	1612432774505	1612432774608	OK	 
REQUEST		AddToCart	1612432774506	1612432774609	OK	 
REQUEST		AddToCart	1612432774505	1612432774628	OK	 
REQUEST		AddToCart	1612432774522	1612432774628	OK	 
REQUEST		AddToCart	1612432774522	1612432774628	OK	 
REQUEST		AddToCart	1612432774522	1612432774631	OK	 
REQUEST		AddToCart	1612432774509	1612432774632	OK	 
REQUEST		AddToCart	1612432774581	1612432774649	OK	 
REQUEST		AddToCart	1612432774645	1612432774792	OK	 
REQUEST		AddToCart	1612432774645	1612432774792	OK	 
REQUEST		AddToCart	1612432774664	1612432774795	OK	 
REQUEST		AddToCart	1612432774663	1612432774797	OK	 
REQUEST		AddToCart	1612432774677	1612432774799	OK	 
REQUEST		AddToCart	1612432774661	1612432774801	OK	 
REQUEST		AddToCart	1612432774719	1612432774803	OK	 
REQUEST		AddToCart	1612432774721	1612432774804	OK	 
REQUEST		AddToCart	1612432775061	1612432775151	OK	 
REQUEST		AddToCart	1612432775078	1612432775151	OK	 
REQUEST		AddToCart	1612432775062	1612432775152	OK	 
REQUEST		AddToCart	1612432775107	1612432775194	OK	 
REQUEST		AddToCart	1612432775125	1612432775198	OK	 
REQUEST		AddToCart	1612432775108	1612432775199	OK	 
REQUEST		AddToCart	1612432775125	1612432775213	OK	 
REQUEST		AddToCart	1612432775266	1612432775429	OK	 
REQUEST		AddToCart	1612432775266	1612432775429	OK	 
REQUEST		AddToCart	1612432775265	1612432775429	OK	 
REQUEST		AddToCart	1612432775267	1612432775430	OK	 
REQUEST		AddToCart	1612432775266	1612432775430	OK	 
REQUEST		AddToCart	1612432775267	1612432775430	OK	 
REQUEST		AddToCart	1612432775266	1612432775462	OK	 
REQUEST		AddToCart	1612432775268	1612432775462	OK	 
REQUEST		AddToCart	1612432775297	1612432775462	OK	 
REQUEST		AddToCart	1612432775282	1612432775463	OK	 
REQUEST		AddToCart	1612432775297	1612432775513	OK	 
REQUEST		AddToCart	1612432775312	1612432775551	OK	 
REQUEST		AddToCart	1612432775297	1612432775551	OK	 
REQUEST		AddToCart	1612432775297	1612432775581	OK	 
REQUEST		AddToCart	1612432775313	1612432775735	OK	 
REQUEST		AddToCart	1612432775344	1612432775735	OK	 
REQUEST		AddToCart	1612432775345	1612432775735	OK	 
REQUEST		AddToCart	1612432775345	1612432775736	OK	 
REQUEST		AddToCart	1612432775313	1612432775736	OK	 
REQUEST		AddToCart	1612432775344	1612432775735	OK	 
REQUEST		AddToCart	1612432775328	1612432775734	OK	 
REQUEST		AddToCart	1612432775328	1612432775735	OK	 
REQUEST		AddToCart	1612432775347	1612432775747	OK	 
REQUEST		AddToCart	1612432775344	1612432775747	OK	 
REQUEST		AddToCart	1612432775374	1612432775810	OK	 
REQUEST		AddToCart	1612432775360	1612432775810	OK	 
REQUEST		AddToCart	1612432775390	1612432775811	OK	 
REQUEST		AddToCart	1612432775390	1612432775811	OK	 
REQUEST		AddToCart	1612432775390	1612432775812	OK	 
REQUEST		AddToCart	1612432775374	1612432775812	OK	 
REQUEST		AddToCart	1612432775394	1612432775817	OK	 
REQUEST		AddToCart	1612432775360	1612432775819	OK	 
REQUEST		AddToCart	1612432775390	1612432775818	OK	 
REQUEST		AddToCart	1612432775452	1612432775819	OK	 
REQUEST		AddToCart	1612432775374	1612432775822	OK	 
REQUEST		AddToCart	1612432775469	1612432775827	OK	 
REQUEST		AddToCart	1612432775406	1612432775829	OK	 
REQUEST		AddToCart	1612432775406	1612432775889	OK	 
REQUEST		AddToCart	1612432775408	1612432775890	OK	 
REQUEST		AddToCart	1612432775420	1612432775893	OK	 
REQUEST		AddToCart	1612432775438	1612432775899	OK	 
REQUEST		AddToCart	1612432775475	1612432775900	OK	 
REQUEST		AddToCart	1612432775420	1612432775900	OK	 
REQUEST		AddToCart	1612432775471	1612432775899	OK	 
REQUEST		AddToCart	1612432775452	1612432775905	OK	 
REQUEST		AddToCart	1612432775420	1612432775905	OK	 
REQUEST		AddToCart	1612432775406	1612432775905	OK	 
REQUEST		AddToCart	1612432775439	1612432775915	OK	 
REQUEST		AddToCart	1612432775476	1612432775915	OK	 
REQUEST		AddToCart	1612432775438	1612432775915	OK	 
REQUEST		AddToCart	1612432775452	1612432775919	OK	 
REQUEST		AddToCart	1612432775441	1612432775919	OK	 
REQUEST		AddToCart	1612432775469	1612432775922	OK	 
REQUEST		AddToCart	1612432775478	1612432775924	OK	 
REQUEST		AddToCart2	1612432776931	1612432777053	OK	 
REQUEST		AddToCart2	1612432777024	1612432777082	OK	 
REQUEST		AddToCart2	1612432777057	1612432777108	OK	 
REQUEST		AddToCart2	1612432777057	1612432777119	OK	 
REQUEST		AddToCart2	1612432777088	1612432777145	OK	 
REQUEST		AddToCart2	1612432777165	1612432777304	OK	 
REQUEST		AddToCart2	1612432777164	1612432777323	OK	 
REQUEST		AddToCart2	1612432777165	1612432777323	OK	 
REQUEST		AddToCart2	1612432777165	1612432777323	OK	 
REQUEST		AddToCart2	1612432777168	1612432777326	OK	 
REQUEST		AddToCart2	1612432777167	1612432777327	OK	 
REQUEST		AddToCart2	1612432777167	1612432777328	OK	 
REQUEST		AddToCart2	1612432777168	1612432777331	OK	 
REQUEST		AddToCart2	1612432777167	1612432777349	OK	 
REQUEST		AddToCart2	1612432777398	1612432777477	OK	 
REQUEST		AddToCart2	1612432777398	1612432777478	OK	 
REQUEST		AddToCart2	1612432777397	1612432777478	OK	 
REQUEST		AddToCart2	1612432777617	1612432777702	OK	 
REQUEST		AddToCart2	1612432777617	1612432777730	OK	 
REQUEST		AddToCart2	1612432777618	1612432777730	OK	 
REQUEST		AddToCart2	1612432777617	1612432777730	OK	 
REQUEST		AddToCart2	1612432777618	1612432777730	OK	 
REQUEST		AddToCart2	1612432777620	1612432777735	OK	 
REQUEST		AddToCart2	1612432777620	1612432777735	OK	 
REQUEST		AddToCart2	1612432777620	1612432777735	OK	 
REQUEST		AddToCart2	1612432777648	1612432777752	OK	 
REQUEST		AddToCart2	1612432777647	1612432777752	OK	 
REQUEST		AddToCart2	1612432777648	1612432777752	OK	 
REQUEST		AddToCart2	1612432777665	1612432777761	OK	 
REQUEST		AddToCart2	1612432777648	1612432777760	OK	 
REQUEST		AddToCart2	1612432777650	1612432777792	OK	 
REQUEST		AddToCart2	1612432777805	1612432777896	OK	 
REQUEST		AddToCart2	1612432777805	1612432777896	OK	 
REQUEST		AddToCart2	1612432777807	1612432777899	OK	 
REQUEST		AddToCart2	1612432777808	1612432777904	OK	 
REQUEST		AddToCart2	1612432777809	1612432777906	OK	 
REQUEST		AddToCart2	1612432777813	1612432777908	OK	 
REQUEST		AddToCart2	1612432777812	1612432777923	OK	 
REQUEST		AddToCart2	1612432777815	1612432777925	OK	 
REQUEST		AddToCart2	1612432778162	1612432778229	OK	 
REQUEST		AddToCart2	1612432778163	1612432778233	OK	 
REQUEST		AddToCart2	1612432778163	1612432778243	OK	 
REQUEST		AddToCart2	1612432778210	1612432778324	OK	 
REQUEST		AddToCart2	1612432778210	1612432778325	OK	 
REQUEST		AddToCart2	1612432778209	1612432778325	OK	 
REQUEST		AddToCart2	1612432778227	1612432778330	OK	 
REQUEST		AddToCart2	1612432778455	1612432778525	OK	 
REQUEST		AddToCart2	1612432778454	1612432778538	OK	 
REQUEST		AddToCart2	1612432778455	1612432778540	OK	 
REQUEST		AddToCart2	1612432778455	1612432778569	OK	 
REQUEST		AddToCart2	1612432778455	1612432778571	OK	 
REQUEST		AddToCart2	1612432778455	1612432778571	OK	 
REQUEST		AddToCart2	1612432778486	1612432778576	OK	 
REQUEST		AddToCart2	1612432778471	1612432778576	OK	 
REQUEST		AddToCart2	1612432778487	1612432778603	OK	 
REQUEST		AddToCart2	1612432778487	1612432778603	OK	 
REQUEST		AddToCart2	1612432778562	1612432778637	OK	 
REQUEST		AddToCart2	1612432778563	1612432778638	OK	 
REQUEST		AddToCart2	1612432778531	1612432778643	OK	 
REQUEST		AddToCart2	1612432778597	1612432778675	OK	 
REQUEST		AddToCart2	1612432778750	1612432778829	OK	 
REQUEST		AddToCart2	1612432778830	1612432778956	OK	 
REQUEST		AddToCart2	1612432778831	1612432779007	OK	 
USER	GeneralAdmission1	END	1612432779068
REQUEST		AddToCart2	1612432778831	1612432779094	OK	 
USER	GeneralAdmission1	END	1612432779099
USER	GeneralAdmission1	END	1612432779114
USER	GeneralAdmission1	END	1612432779128
USER	GeneralAdmission1	END	1612432779159
REQUEST		AddToCart2	1612432778830	1612432779198	OK	 
REQUEST		AddToCart2	1612432778831	1612432779299	OK	 
USER	GeneralAdmission1	END	1612432779316
USER	GeneralAdmission1	END	1612432779331
USER	GeneralAdmission1	END	1612432779331
USER	GeneralAdmission1	END	1612432779331
USER	GeneralAdmission1	END	1612432779332
USER	GeneralAdmission1	END	1612432779333
USER	GeneralAdmission1	END	1612432779334
USER	GeneralAdmission1	END	1612432779345
REQUEST		AddToCart2	1612432778750	1612432779357	OK	 
USER	GeneralAdmission1	END	1612432779362
REQUEST		AddToCart2	1612432778752	1612432779366	OK	 
REQUEST		AddToCart2	1612432778752	1612432779371	OK	 
REQUEST		AddToCart2	1612432778750	1612432779379	OK	 
REQUEST		AddToCart2	1612432778752	1612432779380	OK	 
REQUEST		AddToCart2	1612432778751	1612432779388	OK	 
REQUEST		AddToCart2	1612432778755	1612432779425	OK	 
REQUEST		AddToCart2	1612432778752	1612432779437	OK	 
REQUEST		AddToCart2	1612432778755	1612432779446	OK	 
REQUEST		AddToCart2	1612432778907	1612432779483	OK	 
REQUEST		AddToCart2	1612432778838	1612432779484	OK	 
USER	GeneralAdmission1	END	1612432779483
REQUEST		AddToCart2	1612432778908	1612432779483	OK	 
REQUEST		AddToCart2	1612432778834	1612432779484	OK	 
REQUEST		AddToCart2	1612432778834	1612432779484	OK	 
USER	GeneralAdmission1	END	1612432779483
REQUEST		AddToCart2	1612432778836	1612432779490	OK	 
REQUEST		AddToCart2	1612432778837	1612432779490	OK	 
USER	GeneralAdmission1	END	1612432779490
REQUEST		AddToCart2	1612432778834	1612432779493	OK	 
REQUEST		AddToCart2	1612432778833	1612432779493	OK	 
REQUEST		AddToCart2	1612432778908	1612432779493	OK	 
REQUEST		AddToCart2	1612432778908	1612432779493	OK	 
REQUEST		AddToCart2	1612432778908	1612432779494	OK	 
REQUEST		AddToCart2	1612432778930	1612432779503	OK	 
REQUEST		AddToCart2	1612432778910	1612432779555	OK	 
REQUEST		AddToCart2	1612432778925	1612432779555	OK	 
REQUEST		AddToCart2	1612432778910	1612432779556	OK	 
REQUEST		AddToCart2	1612432778910	1612432779556	OK	 
REQUEST		AddToCart2	1612432778926	1612432779559	OK	 
REQUEST		AddToCart2	1612432778927	1612432779561	OK	 
REQUEST		AddToCart2	1612432778925	1612432779564	OK	 
REQUEST		AddToCart2	1612432778930	1612432779568	OK	 
REQUEST		AddToCart2	1612432778835	1612432779568	OK	 
REQUEST		AddToCart2	1612432778932	1612432779568	OK	 
REQUEST		AddToCart2	1612432778925	1612432779571	OK	 
REQUEST		AddToCart2	1612432778933	1612432779572	OK	 
USER	GeneralAdmission1	END	1612432779719
USER	GeneralAdmission1	END	1612432779751
USER	GeneralAdmission1	END	1612432779751
USER	GeneralAdmission1	END	1612432779751
USER	GeneralAdmission1	END	1612432779751
USER	GeneralAdmission1	END	1612432779752
USER	GeneralAdmission1	END	1612432779752
USER	GeneralAdmission1	END	1612432779753
USER	GeneralAdmission1	END	1612432779767
USER	GeneralAdmission1	END	1612432779767
USER	GeneralAdmission1	END	1612432779767
USER	GeneralAdmission1	END	1612432779767
USER	GeneralAdmission1	END	1612432779768
USER	GeneralAdmission1	END	1612432779797
USER	GeneralAdmission1	END	1612432779904
USER	GeneralAdmission1	END	1612432779904
USER	GeneralAdmission1	END	1612432779905
USER	GeneralAdmission1	END	1612432779921
USER	GeneralAdmission1	END	1612432779922
USER	GeneralAdmission1	END	1612432779922
USER	GeneralAdmission1	END	1612432779936
USER	GeneralAdmission1	END	1612432779937
USER	GeneralAdmission1	END	1612432780233
USER	GeneralAdmission1	END	1612432780249
USER	GeneralAdmission1	END	1612432780249
USER	GeneralAdmission1	END	1612432780341
USER	GeneralAdmission1	END	1612432780341
USER	GeneralAdmission1	END	1612432780341
USER	GeneralAdmission1	END	1612432780342
USER	GeneralAdmission1	END	1612432780543
USER	GeneralAdmission1	END	1612432780543
USER	GeneralAdmission1	END	1612432780559
USER	GeneralAdmission1	END	1612432780574
USER	GeneralAdmission1	END	1612432780590
USER	GeneralAdmission1	END	1612432780590
USER	GeneralAdmission1	END	1612432780591
USER	GeneralAdmission1	END	1612432780591
USER	GeneralAdmission1	END	1612432780621
USER	GeneralAdmission1	END	1612432780621
USER	GeneralAdmission1	END	1612432780652
USER	GeneralAdmission1	END	1612432780652
USER	GeneralAdmission1	END	1612432780653
USER	GeneralAdmission1	END	1612432780683
USER	GeneralAdmission1	END	1612432780842
USER	GeneralAdmission1	END	1612432780966
USER	GeneralAdmission1	END	1612432781015
USER	GeneralAdmission1	END	1612432781105
USER	GeneralAdmission1	END	1612432781216
USER	GeneralAdmission1	END	1612432781310
USER	GeneralAdmission1	END	1612432781372
USER	GeneralAdmission1	END	1612432781372
USER	GeneralAdmission1	END	1612432781388
USER	GeneralAdmission1	END	1612432781388
USER	GeneralAdmission1	END	1612432781388
USER	GeneralAdmission1	END	1612432781404
USER	GeneralAdmission1	END	1612432781435
USER	GeneralAdmission1	END	1612432781450
USER	GeneralAdmission1	END	1612432781466
USER	GeneralAdmission1	END	1612432781496
USER	GeneralAdmission1	END	1612432781496
USER	GeneralAdmission1	END	1612432781496
USER	GeneralAdmission1	END	1612432781497
USER	GeneralAdmission1	END	1612432781498
USER	GeneralAdmission1	END	1612432781500
USER	GeneralAdmission1	END	1612432781500
USER	GeneralAdmission1	END	1612432781501
USER	GeneralAdmission1	END	1612432781514
USER	GeneralAdmission1	END	1612432781514
USER	GeneralAdmission1	END	1612432781516
USER	GeneralAdmission1	END	1612432781516
USER	GeneralAdmission1	END	1612432781517
USER	GeneralAdmission1	END	1612432781573
USER	GeneralAdmission1	END	1612432781573
USER	GeneralAdmission1	END	1612432781574
USER	GeneralAdmission1	END	1612432781574
USER	GeneralAdmission1	END	1612432781574
USER	GeneralAdmission1	END	1612432781575
USER	GeneralAdmission1	END	1612432781575
USER	GeneralAdmission1	END	1612432781576
USER	GeneralAdmission1	END	1612432781576
USER	GeneralAdmission1	END	1612432781576
USER	GeneralAdmission1	END	1612432781577
USER	GeneralAdmission1	END	1612432781578
