RUN	GeneralAdmission1	generaladmission1	1612372931185	 	3.5.0
USER	GeneralAdmission1	START	1612372933120
USER	GeneralAdmission1	START	1612372933120
USER	GeneralAdmission1	START	1612372933120
USER	GeneralAdmission1	START	1612372933120
USER	GeneralAdmission1	START	1612372933120
USER	GeneralAdmission1	START	1612372933120
USER	GeneralAdmission1	START	1612372933120
USER	GeneralAdmission1	START	1612372933120
USER	GeneralAdmission1	START	1612372933231
USER	GeneralAdmission1	START	1612372933233
USER	GeneralAdmission1	START	1612372933229
USER	GeneralAdmission1	START	1612372933234
USER	GeneralAdmission1	START	1612372933236
USER	GeneralAdmission1	START	1612372933231
USER	GeneralAdmission1	START	1612372933234
USER	GeneralAdmission1	START	1612372933237
USER	GeneralAdmission1	START	1612372933255
USER	GeneralAdmission1	START	1612372933251
USER	GeneralAdmission1	START	1612372933253
USER	GeneralAdmission1	START	1612372933258
USER	GeneralAdmission1	START	1612372933258
USER	GeneralAdmission1	START	1612372933260
USER	GeneralAdmission1	START	1612372933262
USER	GeneralAdmission1	START	1612372933267
USER	GeneralAdmission1	START	1612372933278
USER	GeneralAdmission1	START	1612372933276
USER	GeneralAdmission1	START	1612372933272
USER	GeneralAdmission1	START	1612372933282
USER	GeneralAdmission1	START	1612372933299
USER	GeneralAdmission1	START	1612372933282
USER	GeneralAdmission1	START	1612372933289
USER	GeneralAdmission1	START	1612372933307
USER	GeneralAdmission1	START	1612372933306
USER	GeneralAdmission1	START	1612372933309
USER	GeneralAdmission1	START	1612372933308
USER	GeneralAdmission1	START	1612372933303
USER	GeneralAdmission1	START	1612372933316
USER	GeneralAdmission1	START	1612372933312
USER	GeneralAdmission1	START	1612372933313
USER	GeneralAdmission1	START	1612372933333
USER	GeneralAdmission1	START	1612372933334
USER	GeneralAdmission1	START	1612372933335
USER	GeneralAdmission1	START	1612372933327
USER	GeneralAdmission1	START	1612372933341
USER	GeneralAdmission1	START	1612372933357
USER	GeneralAdmission1	START	1612372933339
USER	GeneralAdmission1	START	1612372933362
USER	GeneralAdmission1	START	1612372933346
USER	GeneralAdmission1	START	1612372933351
USER	GeneralAdmission1	START	1612372933360
USER	GeneralAdmission1	START	1612372933377
USER	GeneralAdmission1	START	1612372933375
USER	GeneralAdmission1	START	1612372933387
USER	GeneralAdmission1	START	1612372933380
USER	GeneralAdmission1	START	1612372933390
USER	GeneralAdmission1	START	1612372933388
USER	GeneralAdmission1	START	1612372933390
USER	GeneralAdmission1	START	1612372933392
USER	GeneralAdmission1	START	1612372933397
USER	GeneralAdmission1	START	1612372933405
USER	GeneralAdmission1	START	1612372933416
USER	GeneralAdmission1	START	1612372933412
USER	GeneralAdmission1	START	1612372933409
USER	GeneralAdmission1	START	1612372933408
USER	GeneralAdmission1	START	1612372933413
USER	GeneralAdmission1	START	1612372933425
USER	GeneralAdmission1	START	1612372933422
USER	GeneralAdmission1	START	1612372933441
USER	GeneralAdmission1	START	1612372933446
USER	GeneralAdmission1	START	1612372933443
USER	GeneralAdmission1	START	1612372933463
USER	GeneralAdmission1	START	1612372933448
USER	GeneralAdmission1	START	1612372933453
USER	GeneralAdmission1	START	1612372933464
USER	GeneralAdmission1	START	1612372933456
USER	GeneralAdmission1	START	1612372933469
USER	GeneralAdmission1	START	1612372933457
USER	GeneralAdmission1	START	1612372933458
USER	GeneralAdmission1	START	1612372933473
USER	GeneralAdmission1	START	1612372933463
USER	GeneralAdmission1	START	1612372933474
USER	GeneralAdmission1	START	1612372933478
USER	GeneralAdmission1	START	1612372933478
USER	GeneralAdmission1	START	1612372933489
USER	GeneralAdmission1	START	1612372933481
USER	GeneralAdmission1	START	1612372933492
USER	GeneralAdmission1	START	1612372933486
USER	GeneralAdmission1	START	1612372933488
USER	GeneralAdmission1	START	1612372933490
USER	GeneralAdmission1	START	1612372933490
USER	GeneralAdmission1	START	1612372933511
USER	GeneralAdmission1	START	1612372933503
USER	GeneralAdmission1	START	1612372933516
USER	GeneralAdmission1	START	1612372933515
USER	GeneralAdmission1	START	1612372933522
USER	GeneralAdmission1	START	1612372933522
USER	GeneralAdmission1	START	1612372933540
USER	GeneralAdmission1	START	1612372933531
USER	GeneralAdmission1	START	1612372933549
USER	GeneralAdmission1	START	1612372933562
REQUEST		GetToken	1612372933176	1612372934347	OK	 
REQUEST		GetToken	1612372933246	1612372934345	OK	 
REQUEST		GetToken	1612372933176	1612372934936	OK	 
REQUEST		GetToken	1612372933317	1612372934956	OK	 
REQUEST		GetToken	1612372933250	1612372935055	OK	 
REQUEST		GetToken	1612372933304	1612372935143	OK	 
REQUEST		GetToken	1612372933409	1612372935181	OK	 
REQUEST		GetToken	1612372933396	1612372935250	OK	 
REQUEST		GetToken	1612372933343	1612372935293	OK	 
REQUEST		GetToken	1612372933388	1612372935313	OK	 
REQUEST		GetToken	1612372933468	1612372935343	OK	 
REQUEST		GetToken	1612372933269	1612372935347	OK	 
REQUEST		GetToken	1612372933295	1612372935449	OK	 
REQUEST		GetToken	1612372933270	1612372935432	OK	 
REQUEST		GetToken	1612372933439	1612372935447	OK	 
REQUEST		GetToken	1612372933444	1612372935450	OK	 
REQUEST		GetToken	1612372933558	1612372935500	OK	 
REQUEST		GetToken	1612372933326	1612372935523	OK	 
REQUEST		GetToken	1612372933293	1612372935544	OK	 
REQUEST		GetToken	1612372933479	1612372935561	OK	 
REQUEST		GetToken	1612372933373	1612372935563	OK	 
REQUEST		GetToken	1612372933238	1612372935568	OK	 
REQUEST		GetToken	1612372933378	1612372935630	OK	 
REQUEST		GetToken	1612372933321	1612372935647	OK	 
REQUEST		GetToken	1612372933259	1612372935674	OK	 
REQUEST		GetToken	1612372933495	1612372935702	OK	 
REQUEST		GetToken	1612372933525	1612372935743	OK	 
REQUEST		GetToken	1612372933402	1612372935766	OK	 
REQUEST		GetToken	1612372933436	1612372935811	OK	 
REQUEST		GetToken	1612372933548	1612372935785	OK	 
REQUEST		GetToken	1612372933238	1612372935845	OK	 
REQUEST		GetToken	1612372933176	1612372935846	OK	 
REQUEST		GetToken	1612372933176	1612372935880	OK	 
REQUEST		GetToken	1612372933572	1612372935881	OK	 
REQUEST		GetToken	1612372933290	1612372935926	OK	 
REQUEST		GetToken	1612372933176	1612372936100	OK	 
REQUEST		GetToken	1612372933393	1612372936107	OK	 
REQUEST		GetToken	1612372933291	1612372936123	OK	 
REQUEST		GetToken	1612372933273	1612372936145	OK	 
REQUEST		GetToken	1612372933464	1612372936167	OK	 
REQUEST		GetToken	1612372933240	1612372936169	OK	 
REQUEST		GetToken	1612372933338	1612372936173	OK	 
REQUEST		GetToken	1612372933363	1612372936200	OK	 
REQUEST		GetToken	1612372933180	1612372936204	OK	 
REQUEST		GetToken	1612372933177	1612372936219	OK	 
REQUEST		GetToken	1612372933388	1612372936259	OK	 
REQUEST		GetToken	1612372933277	1612372936243	OK	 
REQUEST		GetToken	1612372933245	1612372936261	OK	 
REQUEST		GetToken	1612372933453	1612372936276	OK	 
REQUEST		GetToken	1612372933336	1612372936284	OK	 
REQUEST		GetToken	1612372933241	1612372936341	OK	 
REQUEST		GetToken	1612372933243	1612372936346	OK	 
REQUEST		GetToken	1612372933419	1612372936363	OK	 
REQUEST		GetToken	1612372933425	1612372936378	OK	 
REQUEST		GetToken	1612372933301	1612372936384	OK	 
REQUEST		GetToken	1612372933478	1612372936421	OK	 
REQUEST		GetToken	1612372933256	1612372936443	OK	 
REQUEST		GetToken	1612372933267	1612372936458	OK	 
REQUEST		GetToken	1612372933470	1612372936459	OK	 
REQUEST		GetToken	1612372933326	1612372936462	OK	 
REQUEST		GetToken	1612372933322	1612372936505	OK	 
REQUEST		GetToken	1612372933459	1612372936482	OK	 
REQUEST		GetToken	1612372933453	1612372936489	OK	 
REQUEST		GetToken	1612372933492	1612372936541	OK	 
REQUEST		GetToken	1612372933285	1612372936563	OK	 
REQUEST		GetToken	1612372933377	1612372936576	OK	 
REQUEST		GetToken	1612372933474	1612372936597	OK	 
REQUEST		GetToken	1612372933476	1612372936600	OK	 
REQUEST		GetToken	1612372933320	1612372936650	OK	 
REQUEST		GetToken	1612372933405	1612372936664	OK	 
REQUEST		GetToken	1612372933496	1612372936668	OK	 
REQUEST		GetToken	1612372933497	1612372936681	OK	 
REQUEST		GetToken	1612372933354	1612372936752	OK	 
REQUEST		GetToken	1612372933440	1612372936766	OK	 
REQUEST		GetToken	1612372933362	1612372936772	OK	 
REQUEST		GetToken	1612372933524	1612372936783	OK	 
REQUEST		GetToken	1612372933378	1612372936809	OK	 
REQUEST		GetToken	1612372933454	1612372936842	OK	 
REQUEST		GetToken	1612372933508	1612372936855	OK	 
REQUEST		GetToken	1612372933405	1612372936876	OK	 
REQUEST		GetToken	1612372933317	1612372936878	OK	 
REQUEST		GetToken	1612372933465	1612372936913	OK	 
REQUEST		GetToken	1612372933444	1612372936931	OK	 
REQUEST		GetToken	1612372933373	1612372936969	OK	 
REQUEST		GetToken	1612372933522	1612372936975	OK	 
REQUEST		GetToken	1612372933472	1612372937012	OK	 
REQUEST		GetToken	1612372933491	1612372937014	OK	 
REQUEST		GetToken	1612372933557	1612372937043	OK	 
REQUEST		GetToken	1612372933176	1612372937048	OK	 
REQUEST		GetToken	1612372933435	1612372937065	OK	 
REQUEST		GetToken	1612372933499	1612372937081	OK	 
REQUEST		GetToken	1612372933524	1612372937086	OK	 
REQUEST		GetToken	1612372933283	1612372937117	OK	 
REQUEST		GetToken	1612372933527	1612372937137	OK	 
REQUEST		GetToken	1612372933393	1612372937146	OK	 
REQUEST		GetToken	1612372933316	1612372937168	OK	 
REQUEST		GetToken	1612372933460	1612372937184	OK	 
REQUEST		GetToken	1612372933475	1612372937243	OK	 
REQUEST		GetToken	1612372933498	1612372937305	OK	 
REQUEST		GetToken	1612372933529	1612372937325	OK	 
REQUEST		AddToCart	1612372939578	1612372939637	OK	 
REQUEST		AddToCart	1612372939575	1612372939654	OK	 
REQUEST		AddToCart	1612372940015	1612372940090	OK	 
REQUEST		AddToCart	1612372940032	1612372940117	OK	 
REQUEST		AddToCart	1612372940109	1612372940160	OK	 
REQUEST		AddToCart	1612372940196	1612372940260	OK	 
REQUEST		AddToCart	1612372940250	1612372940297	OK	 
REQUEST		AddToCart	1612372940280	1612372940329	OK	 
REQUEST		AddToCart	1612372940366	1612372940451	OK	 
REQUEST		AddToCart	1612372940391	1612372940452	OK	 
REQUEST		AddToCart	1612372940409	1612372940483	OK	 
REQUEST		AddToCart	1612372940401	1612372940487	OK	 
REQUEST		AddToCart	1612372940511	1612372940563	OK	 
REQUEST		AddToCart	1612372940508	1612372940586	OK	 
REQUEST		AddToCart	1612372940526	1612372940635	OK	 
REQUEST		AddToCart	1612372940545	1612372940637	OK	 
REQUEST		AddToCart	1612372940525	1612372940638	OK	 
REQUEST		AddToCart	1612372940570	1612372940684	OK	 
REQUEST		AddToCart	1612372940604	1612372940693	OK	 
REQUEST		AddToCart	1612372940617	1612372940716	OK	 
REQUEST		AddToCart	1612372940653	1612372940757	OK	 
REQUEST		AddToCart	1612372940683	1612372940761	OK	 
REQUEST		AddToCart	1612372940722	1612372940792	OK	 
REQUEST		AddToCart	1612372940720	1612372940795	OK	 
REQUEST		AddToCart	1612372940740	1612372940816	OK	 
REQUEST		AddToCart	1612372940741	1612372940831	OK	 
REQUEST		AddToCart	1612372940772	1612372940870	OK	 
REQUEST		AddToCart	1612372940830	1612372940877	OK	 
REQUEST		AddToCart	1612372940852	1612372940938	OK	 
REQUEST		AddToCart	1612372940853	1612372940938	OK	 
REQUEST		AddToCart	1612372940891	1612372940976	OK	 
REQUEST		AddToCart	1612372940869	1612372940990	OK	 
REQUEST		AddToCart	1612372940906	1612372941026	OK	 
REQUEST		AddToCart	1612372940925	1612372941026	OK	 
REQUEST		AddToCart	1612372940958	1612372941033	OK	 
REQUEST		AddToCart	1612372941110	1612372941175	OK	 
REQUEST		AddToCart	1612372941129	1612372941179	OK	 
REQUEST		AddToCart	1612372941158	1612372941214	OK	 
REQUEST		AddToCart	1612372941204	1612372941246	OK	 
REQUEST		AddToCart	1612372941229	1612372941292	OK	 
REQUEST		AddToCart	1612372941229	1612372941294	OK	 
REQUEST		AddToCart	1612372941229	1612372941294	OK	 
REQUEST		AddToCart	1612372941245	1612372941312	OK	 
REQUEST		AddToCart	1612372941265	1612372941331	OK	 
REQUEST		AddToCart	1612372941280	1612372941350	OK	 
REQUEST		AddToCart	1612372941312	1612372941394	OK	 
REQUEST		AddToCart	1612372941349	1612372941417	OK	 
REQUEST		AddToCart	1612372941349	1612372941439	OK	 
REQUEST		AddToCart	1612372941350	1612372941440	OK	 
REQUEST		AddToCart	1612372941368	1612372941441	OK	 
REQUEST		AddToCart	1612372941416	1612372941477	OK	 
REQUEST		AddToCart	1612372941394	1612372941498	OK	 
REQUEST		AddToCart	1612372941441	1612372941498	OK	 
REQUEST		AddToCart	1612372941458	1612372941535	OK	 
REQUEST		AddToCart	1612372941458	1612372941577	OK	 
REQUEST		AddToCart	1612372941465	1612372941577	OK	 
REQUEST		AddToCart	1612372941518	1612372941634	OK	 
REQUEST		AddToCart	1612372941504	1612372941634	OK	 
REQUEST		AddToCart	1612372941525	1612372941634	OK	 
REQUEST		AddToCart	1612372941535	1612372941736	OK	 
REQUEST		AddToCart	1612372941561	1612372941784	OK	 
REQUEST		AddToCart	1612372941561	1612372941784	OK	 
REQUEST		AddToCart	1612372941575	1612372941785	OK	 
REQUEST		AddToCart	1612372941612	1612372941816	OK	 
REQUEST		AddToCart	1612372941631	1612372941863	OK	 
REQUEST		AddToCart	1612372941661	1612372941864	OK	 
REQUEST		AddToCart	1612372941661	1612372941898	OK	 
REQUEST		AddToCart	1612372941677	1612372941922	OK	 
REQUEST		AddToCart	1612372941694	1612372941925	OK	 
REQUEST		AddToCart	1612372941713	1612372941961	OK	 
REQUEST		AddToCart	1612372941773	1612372942000	OK	 
REQUEST		AddToCart	1612372941755	1612372942096	OK	 
REQUEST		AddToCart	1612372941754	1612372942174	OK	 
REQUEST		AddToCart	1612372941821	1612372942177	OK	 
REQUEST		AddToCart	1612372941839	1612372942178	OK	 
REQUEST		AddToCart	1612372941839	1612372942177	OK	 
REQUEST		AddToCart	1612372941848	1612372942196	OK	 
REQUEST		AddToCart	1612372941879	1612372942213	OK	 
REQUEST		AddToCart	1612372941918	1612372942219	OK	 
REQUEST		AddToCart	1612372941896	1612372942232	OK	 
REQUEST		AddToCart	1612372941976	1612372942363	OK	 
REQUEST		AddToCart	1612372941977	1612372942363	OK	 
REQUEST		AddToCart	1612372941937	1612372942363	OK	 
REQUEST		AddToCart	1612372942007	1612372942369	OK	 
REQUEST		AddToCart	1612372942081	1612372942542	OK	 
REQUEST		AddToCart	1612372942059	1612372942545	OK	 
REQUEST		AddToCart	1612372942109	1612372942546	OK	 
REQUEST		AddToCart	1612372942088	1612372942545	OK	 
REQUEST		AddToCart	1612372942109	1612372942546	OK	 
REQUEST		AddToCart	1612372942029	1612372942563	OK	 
REQUEST		AddToCart	1612372942046	1612372942564	OK	 
REQUEST		AddToCart	1612372942126	1612372942564	OK	 
REQUEST		AddToCart	1612372942142	1612372942606	OK	 
REQUEST		AddToCart	1612372942155	1612372942638	OK	 
REQUEST		AddToCart	1612372942194	1612372942645	OK	 
REQUEST		AddToCart	1612372942194	1612372942639	OK	 
REQUEST		AddToCart	1612372942212	1612372942669	OK	 
REQUEST		AddToCart	1612372942258	1612372942684	OK	 
REQUEST		AddToCart	1612372942349	1612372942687	OK	 
REQUEST		AddToCart	1612372942320	1612372942703	OK	 
REQUEST		AddToCart	1612372942667	1612372942722	OK	 
REQUEST		AddToCart	1612372942667	1612372942774	OK	 
REQUEST		AddToCart	1612372943100	1612372943143	OK	 
REQUEST		AddToCart	1612372943129	1612372943182	OK	 
REQUEST		AddToCart	1612372943179	1612372943237	OK	 
REQUEST		AddToCart	1612372943277	1612372943344	OK	 
REQUEST		AddToCart	1612372943311	1612372943369	OK	 
REQUEST		AddToCart	1612372943346	1612372943398	OK	 
REQUEST		AddToCart	1612372943468	1612372943569	OK	 
REQUEST		AddToCart	1612372943476	1612372943603	OK	 
REQUEST		AddToCart	1612372943493	1612372943603	OK	 
REQUEST		AddToCart	1612372943513	1612372943620	OK	 
REQUEST		AddToCart	1612372943585	1612372943628	OK	 
REQUEST		AddToCart	1612372943621	1612372943659	OK	 
REQUEST		AddToCart	1612372943662	1612372943714	OK	 
REQUEST		AddToCart	1612372943678	1612372943738	OK	 
REQUEST		AddToCart	1612372943681	1612372943738	OK	 
REQUEST		AddToCart	1612372943718	1612372943755	OK	 
REQUEST		AddToCart	1612372943736	1612372943800	OK	 
REQUEST		AddToCart	1612372943722	1612372943800	OK	 
REQUEST		AddToCart	1612372943775	1612372943851	OK	 
REQUEST		AddToCart	1612372943788	1612372943851	OK	 
REQUEST		AddToCart	1612372943820	1612372943902	OK	 
REQUEST		AddToCart	1612372943820	1612372943903	OK	 
REQUEST		AddToCart	1612372943853	1612372943961	OK	 
REQUEST		AddToCart	1612372943851	1612372943961	OK	 
REQUEST		AddToCart	1612372943877	1612372943994	OK	 
REQUEST		AddToCart	1612372943898	1612372943998	OK	 
REQUEST		AddToCart	1612372943946	1612372944018	OK	 
REQUEST		AddToCart	1612372943943	1612372944030	OK	 
REQUEST		AddToCart	1612372943991	1612372944071	OK	 
REQUEST		AddToCart	1612372943994	1612372944072	OK	 
REQUEST		AddToCart	1612372944030	1612372944142	OK	 
REQUEST		AddToCart	1612372944036	1612372944142	OK	 
REQUEST		AddToCart	1612372944051	1612372944142	OK	 
REQUEST		AddToCart	1612372944182	1612372944246	OK	 
REQUEST		AddToCart	1612372944179	1612372944246	OK	 
REQUEST		AddToCart	1612372944220	1612372944269	OK	 
REQUEST		AddToCart	1612372944250	1612372944322	OK	 
REQUEST		AddToCart	1612372944298	1612372944349	OK	 
REQUEST		AddToCart	1612372944298	1612372944368	OK	 
REQUEST		AddToCart	1612372944295	1612372944374	OK	 
REQUEST		AddToCart	1612372944336	1612372944387	OK	 
REQUEST		AddToCart	1612372944318	1612372944386	OK	 
REQUEST		AddToCart	1612372944367	1612372944413	OK	 
REQUEST		AddToCart	1612372944409	1612372944450	OK	 
REQUEST		AddToCart	1612372944427	1612372944468	OK	 
REQUEST		AddToCart	1612372944464	1612372944563	OK	 
REQUEST		AddToCart	1612372944465	1612372944572	OK	 
REQUEST		AddToCart	1612372944465	1612372944572	OK	 
REQUEST		AddToCart	1612372944484	1612372944624	OK	 
REQUEST		AddToCart	1612372944502	1612372944625	OK	 
REQUEST		AddToCart	1612372944501	1612372944643	OK	 
REQUEST		AddToCart	1612372944543	1612372944647	OK	 
REQUEST		AddToCart	1612372944615	1612372944665	OK	 
REQUEST		AddToCart	1612372944623	1612372944684	OK	 
REQUEST		AddToCart	1612372944662	1612372944738	OK	 
REQUEST		AddToCart	1612372944663	1612372944748	OK	 
REQUEST		AddToCart	1612372944663	1612372944758	OK	 
REQUEST		AddToCart	1612372944741	1612372944782	OK	 
REQUEST		AddToCart	1612372944822	1612372944888	OK	 
REQUEST		AddToCart	1612372944824	1612372944900	OK	 
REQUEST		AddToCart	1612372944825	1612372944906	OK	 
REQUEST		AddToCart	1612372944841	1612372944922	OK	 
REQUEST		AddToCart	1612372944877	1612372944951	OK	 
REQUEST		AddToCart	1612372944902	1612372944952	OK	 
REQUEST		AddToCart	1612372944882	1612372944953	OK	 
REQUEST		AddToCart	1612372944927	1612372944970	OK	 
REQUEST		AddToCart	1612372944949	1612372944989	OK	 
REQUEST		AddToCart	1612372944968	1612372945008	OK	 
REQUEST		AddToCart	1612372945009	1612372945047	OK	 
REQUEST		AddToCart	1612372945111	1612372945160	OK	 
REQUEST		AddToCart	1612372945179	1612372945227	OK	 
REQUEST		AddToCart	1612372945197	1612372945262	OK	 
REQUEST		AddToCart	1612372945197	1612372945266	OK	 
REQUEST		AddToCart	1612372945248	1612372945469	OK	 
REQUEST		AddToCart	1612372945249	1612372945473	OK	 
REQUEST		AddToCart	1612372945225	1612372945473	OK	 
REQUEST		AddToCart	1612372945372	1612372945490	OK	 
REQUEST		AddToCart	1612372945374	1612372945496	OK	 
REQUEST		AddToCart	1612372945388	1612372945497	OK	 
REQUEST		AddToCart	1612372945369	1612372945497	OK	 
REQUEST		AddToCart	1612372945547	1612372945602	OK	 
REQUEST		AddToCart	1612372945568	1612372945647	OK	 
REQUEST		AddToCart	1612372945567	1612372945650	OK	 
REQUEST		AddToCart	1612372945567	1612372945651	OK	 
REQUEST		AddToCart	1612372945567	1612372945666	OK	 
REQUEST		AddToCart	1612372945572	1612372945669	OK	 
REQUEST		AddToCart	1612372945573	1612372945691	OK	 
REQUEST		AddToCart	1612372945629	1612372945698	OK	 
REQUEST		AddToCart	1612372945589	1612372945698	OK	 
REQUEST		AddToCart	1612372945673	1612372945752	OK	 
REQUEST		AddToCart	1612372945691	1612372945753	OK	 
REQUEST		AddToCart	1612372945691	1612372945777	OK	 
REQUEST		AddToCart	1612372945697	1612372945777	OK	 
REQUEST		AddToCart	1612372945715	1612372945854	OK	 
REQUEST		AddToCart	1612372945719	1612372945858	OK	 
REQUEST		AddToCart	1612372945198	1612372945875	OK	 
REQUEST		AddToCart	1612372945717	1612372945875	OK	 
REQUEST		AddToCart	1612372945210	1612372945985	OK	 
REQUEST		CreateGeneral	1612372945734	1612372946091	OK	 
REQUEST		CreateGeneral	1612372945793	1612372946091	OK	 
REQUEST		CreateGeneral	1612372946189	1612372946419	OK	 
REQUEST		CreateGeneral	1612372946146	1612372946436	OK	 
REQUEST		CreateGeneral	1612372946244	1612372946479	OK	 
REQUEST		CreateGeneral	1612372946347	1612372946639	OK	 
REQUEST		CreateGeneral	1612372946376	1612372946759	OK	 
REQUEST		CreateGeneral	1612372946402	1612372946874	OK	 
REQUEST		CreateGeneral	1612372946576	1612372946901	OK	 
REQUEST		CreateGeneral	1612372946623	1612372946926	OK	 
REQUEST		CreateGeneral	1612372946621	1612372946926	OK	 
REQUEST		CreateGeneral	1612372946628	1612372946971	OK	 
REQUEST		CreateGeneral	1612372946644	1612372947036	OK	 
REQUEST		CreateGeneral	1612372946666	1612372947037	OK	 
REQUEST		CreateGeneral	1612372946717	1612372947057	OK	 
REQUEST		CreateGeneral	1612372946759	1612372947082	KO	status.find.is(200), but actually found 400
REQUEST		CreateGeneral	1612372946857	1612372947094	KO	status.find.is(200), but actually found 400
REQUEST		CreateGeneral	1612372946742	1612372947114	KO	status.find.is(200), but actually found 400
REQUEST		CreateGeneral	1612372946742	1612372947235	OK	 
REQUEST		CreateGeneral	1612372946967	1612372947243	KO	status.find.is(200), but actually found 400
REQUEST		CreateGeneral	1612372946805	1612372947274	OK	 
REQUEST		CreateGeneral	1612372947076	1612372947534	OK	 
REQUEST		CreateGeneral	1612372947150	1612372947556	OK	 
REQUEST		CreateGeneral	1612372947076	1612372947556	OK	 
REQUEST		CreateGeneral	1612372947147	1612372947556	OK	 
REQUEST		CreateGeneral	1612372947150	1612372947617	OK	 
REQUEST		CreateGeneral	1612372947253	1612372947674	OK	 
REQUEST		CreateGeneral	1612372947256	1612372947681	OK	 
REQUEST		CreateGeneral	1612372947276	1612372947693	OK	 
REQUEST		CreateGeneral	1612372947338	1612372947714	OK	 
REQUEST		CreateGeneral	1612372946807	1612372947715	OK	 
REQUEST		CreateGeneral	1612372946908	1612372947718	OK	 
REQUEST		CreateGeneral	1612372947352	1612372947715	OK	 
REQUEST		CreateGeneral	1612372947006	1612372947739	OK	 
REQUEST		CreateGeneral	1612372947042	1612372947742	OK	 
REQUEST		CreateGeneral	1612372946859	1612372947890	OK	 
REQUEST		CreateGeneral	1612372947387	1612372947938	OK	 
REQUEST		CreateGeneral	1612372947379	1612372947938	OK	 
REQUEST		CreateGeneral	1612372947411	1612372947938	OK	 
REQUEST		CreateGeneral	1612372947431	1612372947956	OK	 
REQUEST		CreateGeneral	1612372947413	1612372947956	OK	 
REQUEST		CreateGeneral	1612372947037	1612372947961	OK	 
REQUEST		CreateGeneral	1612372946969	1612372947977	OK	 
REQUEST		CreateGeneral	1612372947470	1612372947977	OK	 
REQUEST		CreateGeneral	1612372946998	1612372947997	OK	 
REQUEST		CreateGeneral	1612372947599	1612372948031	OK	 
REQUEST		CreateGeneral	1612372947599	1612372948034	OK	 
REQUEST		CreateGeneral	1612372947600	1612372948049	OK	 
REQUEST		CreateGeneral	1612372947650	1612372948305	OK	 
REQUEST		CreateGeneral	1612372947649	1612372948306	OK	 
REQUEST		CreateGeneral	1612372947649	1612372948328	OK	 
REQUEST		CreateGeneral	1612372947673	1612372948347	OK	 
REQUEST		CreateGeneral	1612372947698	1612372948350	OK	 
REQUEST		CreateGeneral	1612372947774	1612372948382	OK	 
REQUEST		CreateGeneral	1612372947774	1612372948397	OK	 
REQUEST		CreateGeneral	1612372946908	1612372948397	OK	 
REQUEST		CreateGeneral	1612372947892	1612372948401	OK	 
REQUEST		CreateGeneral	1612372947795	1612372948401	OK	 
REQUEST		CreateGeneral	1612372947974	1612372948402	KO	status.find.is(200), but actually found 400
REQUEST		CreateGeneral	1612372947974	1612372948436	KO	status.find.is(200), but actually found 400
REQUEST		CreateGeneral	1612372947917	1612372948501	OK	 
REQUEST		CreateGeneral	1612372947917	1612372948520	OK	 
REQUEST		CreateGeneral	1612372947995	1612372948566	OK	 
REQUEST		CreateGeneral	1612372947995	1612372948587	OK	 
REQUEST		CreateGeneral	1612372948054	1612372948589	OK	 
REQUEST		CreateGeneral	1612372948230	1612372948598	OK	 
REQUEST		CreateGeneral	1612372948163	1612372948611	OK	 
REQUEST		CreateGeneral	1612372948272	1612372948616	OK	 
REQUEST		CreateGeneral	1612372948016	1612372948631	OK	 
REQUEST		CreateGeneral	1612372948499	1612372948924	KO	status.find.is(200), but actually found 400
REQUEST		CreateGeneral	1612372948499	1612372948924	OK	 
REQUEST		CreateGeneral	1612372948496	1612372948924	KO	status.find.is(200), but actually found 400
REQUEST		CreateGeneral	1612372948499	1612372948925	OK	 
REQUEST		CreateGeneral	1612372948519	1612372948931	OK	 
REQUEST		CreateGeneral	1612372948520	1612372948977	OK	 
REQUEST		CreateGeneral	1612372948520	1612372949011	OK	 
REQUEST		CreateGeneral	1612372948653	1612372949144	OK	 
REQUEST		CreateGeneral	1612372948672	1612372949163	OK	 
REQUEST		CreateGeneral	1612372947453	1612372949163	OK	 
REQUEST		CreateGeneral	1612372948669	1612372949163	OK	 
REQUEST		CreateGeneral	1612372948688	1612372949185	OK	 
REQUEST		CreateGeneral	1612372948688	1612372949185	OK	 
REQUEST		CreateGeneral	1612372948676	1612372949191	OK	 
REQUEST		CreateGeneral	1612372948703	1612372949206	OK	 
REQUEST		CreateGeneral	1612372947647	1612372949355	OK	 
REQUEST		CreateGeneral	1612372948879	1612372949378	OK	 
REQUEST		CreateGeneral	1612372947758	1612372949377	OK	 
REQUEST		CreateGeneral	1612372948881	1612372949381	OK	 
REQUEST		CreateGeneral	1612372948998	1612372949439	OK	 
REQUEST		CreateGeneral	1612372947933	1612372949571	OK	 
REQUEST		CreateGeneral	1612372947974	1612372949617	OK	 
REQUEST		CreateGeneral	1612372948268	1612372949638	OK	 
REQUEST		CreateGeneral	1612372948758	1612372949801	OK	 
REQUEST		CreateGeneral	1612372948795	1612372949822	KO	status.find.is(200), but actually found 400
REQUEST		CreateGeneral	1612372948717	1612372949846	OK	 
REQUEST		CreateGeneral	1612372948760	1612372949868	OK	 
REQUEST		CreateGeneral	1612372948803	1612372949942	OK	 
REQUEST		CreateGeneral	1612372948857	1612372949975	OK	 
REQUEST		CreateGeneral	1612372948861	1612372949997	OK	 
REQUEST		BookingDetails	1612372950098	1612372950160	OK	 
REQUEST		BookingDetails	1612372950100	1612372950163	OK	 
REQUEST		CreateGeneral	1612372948717	1612372950912	OK	 
REQUEST		CreatePaymentIntent	1612372950165	1612372950921	OK	 
REQUEST		CreatePaymentIntent	1612372950162	1612372950913	OK	 
REQUEST		BookingDetails	1612372950485	1612372950951	OK	 
REQUEST		BookingDetails	1612372950437	1612372950972	OK	 
REQUEST		BookingDetails	1612372950642	1612372950972	OK	 
REQUEST		BookingDetails	1612372950763	1612372950974	OK	 
REQUEST		BookingDetails	1612372950440	1612372950978	OK	 
REQUEST		BookingDetails	1612372950877	1612372950997	OK	 
ERROR	BookingDetails: Failed to build request: No attribute named 'checkoutTokenID' is defined 	1612372951098
ERROR	BookingDetails: Failed to build request: No attribute named 'checkoutTokenID' is defined 	1612372951100
ERROR	CreatePaymentIntent: Failed to build request: No attribute named 'checkoutTokenID' is defined 	1612372951100
ERROR	CreatePaymentIntent: Failed to build request: No attribute named 'checkoutTokenID' is defined 	1612372951101
ERROR	BookingDetails: Failed to build request: No attribute named 'checkoutTokenID' is defined 	1612372951122
ERROR	CreatePaymentIntent: Failed to build request: No attribute named 'checkoutTokenID' is defined 	1612372951127
ERROR	BookingDetails: Failed to build request: No attribute named 'checkoutTokenID' is defined 	1612372951258
ERROR	CreatePaymentIntent: Failed to build request: No attribute named 'checkoutTokenID' is defined 	1612372951259
ERROR	BookingDetails: Failed to build request: No attribute named 'checkoutTokenID' is defined 	1612372952420
ERROR	CreatePaymentIntent: Failed to build request: No attribute named 'checkoutTokenID' is defined 	1612372952421
ERROR	BookingDetails: Failed to build request: No attribute named 'checkoutTokenID' is defined 	1612372952439
ERROR	CreatePaymentIntent: Failed to build request: No attribute named 'checkoutTokenID' is defined 	1612372952439
ERROR	BookingDetails: Failed to build request: No attribute named 'checkoutTokenID' is defined 	1612372952931
ERROR	BookingDetails: Failed to build request: No attribute named 'checkoutTokenID' is defined 	1612372952931
ERROR	CreatePaymentIntent: Failed to build request: No attribute named 'checkoutTokenID' is defined 	1612372952932
ERROR	CreatePaymentIntent: Failed to build request: No attribute named 'checkoutTokenID' is defined 	1612372952935
ERROR	BookingDetails: Failed to build request: No attribute named 'checkoutTokenID' is defined 	1612372953825
ERROR	CreatePaymentIntent: Failed to build request: No attribute named 'checkoutTokenID' is defined 	1612372953827
REQUEST		CreatePaymentIntent	1612372950974	1612372954011	OK	 
REQUEST		CreatePaymentIntent	1612372950994	1612372954015	OK	 
REQUEST		CreatePaymentIntent	1612372950991	1612372954045	OK	 
REQUEST		CreatePaymentIntent	1612372951013	1612372954483	OK	 
REQUEST		BookingDetails	1612372951761	1612372955672	OK	 
REQUEST		BookingDetails	1612372951893	1612372955672	OK	 
REQUEST		BookingDetails	1612372951717	1612372955677	OK	 
REQUEST		CreatePaymentIntent	1612372950974	1612372955678	OK	 
REQUEST		BookingDetails	1612372951696	1612372955680	OK	 
REQUEST		BookingDetails	1612372951750	1612372955688	OK	 
REQUEST		BookingDetails	1612372951721	1612372955701	OK	 
REQUEST		BookingDetails	1612372951741	1612372955719	OK	 
REQUEST		BookingDetails	1612372951961	1612372955931	OK	 
REQUEST		BookingDetails	1612372951960	1612372955932	OK	 
REQUEST		BookingDetails	1612372951959	1612372955940	OK	 
REQUEST		BookingDetails	1612372951962	1612372955951	OK	 
REQUEST		BookingDetails	1612372951957	1612372955939	OK	 
REQUEST		BookingDetails	1612372952049	1612372955958	OK	 
REQUEST		BookingDetails	1612372951983	1612372956067	OK	 
REQUEST		BookingDetails	1612372950972	1612372956067	OK	 
REQUEST		BookingDetails	1612372950912	1612372956088	OK	 
REQUEST		BookingDetails	1612372950994	1612372956088	OK	 
REQUEST		BookingDetails	1612372951622	1612372956090	OK	 
ERROR	ConfirmPayment: Failed to build request: No attribute named 'checkoutTokenID' is defined 	1612372956115
REQUEST		BookingDetails	1612372950950	1612372956113	OK	 
ERROR	ConfirmPayment: Failed to build request: No attribute named 'checkoutTokenID' is defined 	1612372956135
REQUEST		BookingDetails	1612372951045	1612372956120	OK	 
REQUEST		BookingDetails	1612372951061	1612372956136	OK	 
REQUEST		BookingDetails	1612372951982	1612372956153	OK	 
REQUEST		BookingDetails	1612372952051	1612372956154	OK	 
USER	GeneralAdmission1	END	1612372956166
USER	GeneralAdmission1	END	1612372956166
ERROR	ConfirmPayment: Failed to build request: No attribute named 'checkoutTokenID' is defined 	1612372956177
REQUEST		BookingDetails	1612372951981	1612372956177	OK	 
USER	GeneralAdmission1	END	1612372956178
REQUEST		BookingDetails	1612372951043	1612372956179	OK	 
REQUEST		BookingDetails	1612372952056	1612372956199	OK	 
ERROR	ConfirmPayment: Failed to build request: No attribute named 'checkoutTokenID' is defined 	1612372956262
USER	GeneralAdmission1	END	1612372956264
REQUEST		BookingDetails	1612372951241	1612372956537	OK	 
REQUEST		BookingDetails	1612372951589	1612372956687	OK	 
REQUEST		BookingDetails	1612372951603	1612372956689	OK	 
REQUEST		BookingDetails	1612372951679	1612372956694	OK	 
REQUEST		BookingDetails	1612372951582	1612372956695	OK	 
REQUEST		BookingDetails	1612372951278	1612372956711	OK	 
REQUEST		BookingDetails	1612372951741	1612372956712	OK	 
REQUEST		BookingDetails	1612372951539	1612372956712	OK	 
REQUEST		CreatePaymentIntent	1612372950991	1612372956737	OK	 
REQUEST		BookingDetails	1612372951741	1612372956753	OK	 
REQUEST		BookingDetails	1612372952325	1612372957252	OK	 
REQUEST		BookingDetails	1612372952323	1612372957252	OK	 
REQUEST		BookingDetails	1612372952005	1612372957253	OK	 
REQUEST		BookingDetails	1612372952351	1612372957255	OK	 
REQUEST		BookingDetails	1612372952397	1612372957273	OK	 
ERROR	ConfirmPayment: Failed to build request: No attribute named 'checkoutTokenID' is defined 	1612372957424
USER	GeneralAdmission1	END	1612372957427
ERROR	ConfirmPayment: Failed to build request: No attribute named 'checkoutTokenID' is defined 	1612372957441
USER	GeneralAdmission1	END	1612372957442
ERROR	ConfirmPayment: Failed to build request: No attribute named 'checkoutTokenID' is defined 	1612372957937
ERROR	ConfirmPayment: Failed to build request: No attribute named 'checkoutTokenID' is defined 	1612372957939
USER	GeneralAdmission1	END	1612372957941
USER	GeneralAdmission1	END	1612372957941
ERROR	ConfirmPayment: Failed to build request: No attribute named 'checkoutTokenID' is defined 	1612372958829
USER	GeneralAdmission1	END	1612372958831
REQUEST		BookingDetails	1612372952345	1612372960222	OK	 
REQUEST		BookingDetails	1612372952366	1612372960222	OK	 
REQUEST		BookingDetails	1612372952421	1612372960250	OK	 
REQUEST		BookingDetails	1612372952524	1612372960489	OK	 
REQUEST		BookingDetails	1612372952638	1612372960529	OK	 
REQUEST		BookingDetails	1612372952638	1612372960529	OK	 
REQUEST		BookingDetails	1612372952638	1612372960679	OK	 
REQUEST		BookingDetails	1612372952403	1612372960683	OK	 
REQUEST		BookingDetails	1612372952638	1612372960700	OK	 
REQUEST		BookingDetails	1612372952934	1612372960706	OK	 
REQUEST		BookingDetails	1612372952570	1612372960706	OK	 
REQUEST		BookingDetails	1612372952420	1612372960706	OK	 
REQUEST		BookingDetails	1612372952402	1612372960708	OK	 
REQUEST		BookingDetails	1612372952505	1612372960750	OK	 
REQUEST		BookingDetails	1612372952621	1612372960750	OK	 
REQUEST		BookingDetails	1612372952601	1612372960754	OK	 
REQUEST		BookingDetails	1612372952952	1612372960774	OK	 
REQUEST		BookingDetails	1612372952934	1612372960774	OK	 
REQUEST		BookingDetails	1612372952980	1612372960791	OK	 
REQUEST		BookingDetails	1612372953149	1612372960980	OK	 
REQUEST		BookingDetails	1612372953015	1612372960980	OK	 
REQUEST		BookingDetails	1612372953856	1612372961005	OK	 
REQUEST		BookingDetails	1612372953642	1612372961005	OK	 
REQUEST		BookingDetails	1612372953170	1612372962048	OK	 
REQUEST		BookingDetails	1612372953876	1612372962776	OK	 
REQUEST		CreatePaymentIntent	1612372955676	1612372962776	OK	 
REQUEST		BookingDetails	1612372953169	1612372962881	OK	 
REQUEST		CreatePaymentIntent	1612372956066	1612372963134	OK	 
REQUEST		CreatePaymentIntent	1612372956113	1612372963177	OK	 
REQUEST		BookingDetails	1612372953978	1612372963167	OK	 
REQUEST		CreatePaymentIntent	1612372956068	1612372963167	OK	 
REQUEST		BookingDetails	1612372953186	1612372963179	OK	 
REQUEST		BookingDetails	1612372953947	1612372963179	OK	 
REQUEST		CreatePaymentIntent	1612372956092	1612372963182	OK	 
REQUEST		CreatePaymentIntent	1612372956066	1612372963178	OK	 
REQUEST		BookingDetails	1612372953214	1612372963231	OK	 
REQUEST		BookingDetails	1612372953386	1612372963248	OK	 
REQUEST		CreatePaymentIntent	1612372956118	1612372963252	OK	 
REQUEST		BookingDetails	1612372953363	1612372963264	OK	 
REQUEST		BookingDetails	1612372953213	1612372963267	OK	 
REQUEST		BookingDetails	1612372953211	1612372963271	OK	 
REQUEST		BookingDetails	1612372953204	1612372963291	OK	 
REQUEST		BookingDetails	1612372953621	1612372963292	OK	 
REQUEST		BookingDetails	1612372953386	1612372963311	OK	 
REQUEST		BookingDetails	1612372954000	1612372963311	OK	 
REQUEST		BookingDetails	1612372954956	1612372963334	OK	 
REQUEST		BookingDetails	1612372953448	1612372963349	OK	 
REQUEST		BookingDetails	1612372953805	1612372963352	OK	 
REQUEST		CreatePaymentIntent	1612372956540	1612372963357	OK	 
REQUEST		BookingDetails	1612372953400	1612372963371	OK	 
REQUEST		BookingDetails	1612372953574	1612372963376	OK	 
REQUEST		CreatePaymentIntent	1612372955706	1612372963514	OK	 
REQUEST		CreatePaymentIntent	1612372955706	1612372963521	OK	 
REQUEST		CreatePaymentIntent	1612372956694	1612372963522	OK	 
REQUEST		CreatePaymentIntent	1612372955999	1612372963537	OK	 
REQUEST		CreatePaymentIntent	1612372956694	1612372963537	OK	 
REQUEST		CreatePaymentIntent	1612372955676	1612372963537	OK	 
REQUEST		CreatePaymentIntent	1612372955700	1612372963541	OK	 
REQUEST		CreatePaymentIntent	1612372956711	1612372963595	OK	 
REQUEST		ConfirmPayment	1612372956092	1612372963596	OK	 
REQUEST		CreatePaymentIntent	1612372956731	1612372963597	OK	 
REQUEST		CreatePaymentIntent	1612372956711	1612372963615	OK	 
USER	GeneralAdmission1	END	1612372963622
REQUEST		CreatePaymentIntent	1612372956045	1612372963623	OK	 
REQUEST		CreatePaymentIntent	1612372956093	1612372963638	OK	 
REQUEST		CreatePaymentIntent	1612372957257	1612372963644	OK	 
REQUEST		CreatePaymentIntent	1612372956736	1612372963660	OK	 
REQUEST		CreatePaymentIntent	1612372956160	1612372963662	OK	 
REQUEST		CreatePaymentIntent	1612372955718	1612372963665	OK	 
REQUEST		CreatePaymentIntent	1612372956194	1612372963667	OK	 
REQUEST		CreatePaymentIntent	1612372956140	1612372963684	OK	 
REQUEST		CreatePaymentIntent	1612372957273	1612372963687	OK	 
REQUEST		CreatePaymentIntent	1612372957257	1612372963685	OK	 
REQUEST		CreatePaymentIntent	1612372956201	1612372963707	OK	 
REQUEST		CreatePaymentIntent	1612372956756	1612372963707	OK	 
REQUEST		CreatePaymentIntent	1612372956179	1612372963708	OK	 
REQUEST		CreatePaymentIntent	1612372955722	1612372963725	OK	 
REQUEST		CreatePaymentIntent	1612372956160	1612372963725	OK	 
REQUEST		CreatePaymentIntent	1612372955999	1612372963725	OK	 
REQUEST		CreatePaymentIntent	1612372960252	1612372963758	OK	 
REQUEST		ConfirmPayment	1612372956173	1612372963762	OK	 
REQUEST		CreatePaymentIntent	1612372960231	1612372963762	OK	 
REQUEST		CreatePaymentIntent	1612372956112	1612372963762	OK	 
USER	GeneralAdmission1	END	1612372963783
REQUEST		CreatePaymentIntent	1612372956732	1612372964012	OK	 
REQUEST		ConfirmPayment	1612372959050	1612372964017	OK	 
REQUEST		ConfirmPayment	1612372959019	1612372964017	OK	 
REQUEST		CreatePaymentIntent	1612372956113	1612372964020	OK	 
USER	GeneralAdmission1	END	1612372964035
USER	GeneralAdmission1	END	1612372964035
REQUEST		ConfirmPayment	1612372959488	1612372964037	OK	 
REQUEST		ConfirmPayment	1612372959016	1612372964037	OK	 
USER	GeneralAdmission1	END	1612372964056
REQUEST		CreatePaymentIntent	1612372960536	1612372964058	OK	 
USER	GeneralAdmission1	END	1612372964056
REQUEST		CreatePaymentIntent	1612372957280	1612372964060	OK	 
REQUEST		CreatePaymentIntent	1612372960702	1612372964078	OK	 
REQUEST		CreatePaymentIntent	1612372957255	1612372964079	OK	 
REQUEST		CreatePaymentIntent	1612372956140	1612372964084	OK	 
REQUEST		ConfirmPayment	1612372960746	1612372964102	OK	 
REQUEST		CreatePaymentIntent	1612372960771	1612372964102	OK	 
REQUEST		CreatePaymentIntent	1612372960746	1612372964104	OK	 
REQUEST		CreatePaymentIntent	1612372960491	1612372964105	OK	 
REQUEST		CreatePaymentIntent	1612372960746	1612372964129	OK	 
REQUEST		CreatePaymentIntent	1612372960746	1612372964143	OK	 
USER	GeneralAdmission1	END	1612372964145
REQUEST		CreatePaymentIntent	1612372962781	1612372964165	OK	 
REQUEST		CreatePaymentIntent	1612372960706	1612372964169	OK	 
REQUEST		CreatePaymentIntent	1612372963267	1612372964147	KO	status.find.in(200,201,202,203,204,205,206,207,208,209,304), found 400
REQUEST		CreatePaymentIntent	1612372963375	1612372964188	KO	status.find.in(200,201,202,203,204,205,206,207,208,209,304), found 400
REQUEST		CreatePaymentIntent	1612372960536	1612372964247	OK	 
REQUEST		CreatePaymentIntent	1612372960984	1612372964249	OK	 
REQUEST		CreatePaymentIntent	1612372963286	1612372964267	OK	 
REQUEST		CreatePaymentIntent	1612372963312	1612372964224	KO	status.find.in(200,201,202,203,204,205,206,207,208,209,304), found 400
REQUEST		CreatePaymentIntent	1612372960983	1612372964274	OK	 
REQUEST		CreatePaymentIntent	1612372963231	1612372964247	KO	status.find.in(200,201,202,203,204,205,206,207,208,209,304), found 400
REQUEST		CreatePaymentIntent	1612372960790	1612372964313	OK	 
REQUEST		CreatePaymentIntent	1612372963289	1612372964315	OK	 
REQUEST		CreatePaymentIntent	1612372963312	1612372964337	OK	 
REQUEST		CreatePaymentIntent	1612372963334	1612372964336	OK	 
REQUEST		CreatePaymentIntent	1612372963271	1612372964354	OK	 
REQUEST		CreatePaymentIntent	1612372963291	1612372964359	OK	 
REQUEST		CreatePaymentIntent	1612372962888	1612372964376	OK	 
REQUEST		CreatePaymentIntent	1612372963355	1612372964379	OK	 
REQUEST		CreatePaymentIntent	1612372963379	1612372964381	OK	 
REQUEST		CreatePaymentIntent	1612372960767	1612372964380	OK	 
REQUEST		CreatePaymentIntent	1612372962050	1612372964404	OK	 
REQUEST		CreatePaymentIntent	1612372963224	1612372964420	OK	 
REQUEST		CreatePaymentIntent	1612372963352	1612372964421	OK	 
REQUEST		CreatePaymentIntent	1612372960746	1612372964421	OK	 
REQUEST		CreatePaymentIntent	1612372960247	1612372964424	OK	 
REQUEST		CreatePaymentIntent	1612372963338	1612372964444	OK	 
REQUEST		CreatePaymentIntent	1612372963231	1612372964452	OK	 
REQUEST		CreatePaymentIntent	1612372961028	1612372964491	OK	 
REQUEST		CreatePaymentIntent	1612372963335	1612372964491	OK	 
REQUEST		CreatePaymentIntent	1612372960793	1612372964496	OK	 
REQUEST		CreatePaymentIntent	1612372960773	1612372964571	OK	 
REQUEST		ConfirmPayment	1612372961755	1612372964592	OK	 
USER	GeneralAdmission1	END	1612372964597
REQUEST		CreatePaymentIntent	1612372960746	1612372964625	OK	 
REQUEST		CreatePaymentIntent	1612372960790	1612372964653	OK	 
REQUEST		CreatePaymentIntent	1612372961028	1612372964674	OK	 
REQUEST		ConfirmPayment	1612372967783	1612372968034	OK	 
USER	GeneralAdmission1	END	1612372968037
REQUEST		ConfirmPayment	1612372968140	1612372968292	OK	 
USER	GeneralAdmission1	END	1612372968294
REQUEST		ConfirmPayment	1612372968208	1612372968410	OK	 
USER	GeneralAdmission1	END	1612372968412
REQUEST		ConfirmPayment	1612372968233	1612372968438	OK	 
REQUEST		ConfirmPayment	1612372968212	1612372968438	OK	 
USER	GeneralAdmission1	END	1612372968455
USER	GeneralAdmission1	END	1612372968455
REQUEST		ConfirmPayment	1612372968288	1612372968456	OK	 
USER	GeneralAdmission1	END	1612372968459
REQUEST		ConfirmPayment	1612372968376	1612372968661	OK	 
USER	GeneralAdmission1	END	1612372968665
REQUEST		ConfirmPayment	1612372968538	1612372969089	OK	 
REQUEST		ConfirmPayment	1612372968598	1612372969093	OK	 
USER	GeneralAdmission1	END	1612372969094
USER	GeneralAdmission1	END	1612372969108
REQUEST		ConfirmPayment	1612372968598	1612372969125	OK	 
REQUEST		ConfirmPayment	1612372968592	1612372969130	OK	 
USER	GeneralAdmission1	END	1612372969128
USER	GeneralAdmission1	END	1612372969150
REQUEST		ConfirmPayment	1612372968599	1612372969151	OK	 
REQUEST		ConfirmPayment	1612372968599	1612372969150	OK	 
REQUEST		ConfirmPayment	1612372968626	1612372969151	OK	 
REQUEST		ConfirmPayment	1612372968562	1612372969151	OK	 
REQUEST		ConfirmPayment	1612372968668	1612372969152	OK	 
USER	GeneralAdmission1	END	1612372969171
USER	GeneralAdmission1	END	1612372969171
REQUEST		ConfirmPayment	1612372968664	1612372969173	OK	 
USER	GeneralAdmission1	END	1612372969172
REQUEST		ConfirmPayment	1612372968661	1612372969192	OK	 
USER	GeneralAdmission1	END	1612372969173
REQUEST		ConfirmPayment	1612372968666	1612372969194	OK	 
USER	GeneralAdmission1	END	1612372969177
REQUEST		ConfirmPayment	1612372968646	1612372969210	OK	 
USER	GeneralAdmission1	END	1612372969195
USER	GeneralAdmission1	END	1612372969217
USER	GeneralAdmission1	END	1612372969220
USER	GeneralAdmission1	END	1612372969235
REQUEST		ConfirmPayment	1612372968682	1612372969238	OK	 
USER	GeneralAdmission1	END	1612372969257
REQUEST		ConfirmPayment	1612372968685	1612372970420	OK	 
USER	GeneralAdmission1	END	1612372970423
REQUEST		ConfirmPayment	1612372968709	1612372970531	OK	 
USER	GeneralAdmission1	END	1612372970538
REQUEST		ConfirmPayment	1612372968707	1612372970538	OK	 
REQUEST		ConfirmPayment	1612372968685	1612372970538	OK	 
REQUEST		ConfirmPayment	1612372968709	1612372970539	OK	 
USER	GeneralAdmission1	END	1612372970554
REQUEST		ConfirmPayment	1612372968729	1612372970552	OK	 
USER	GeneralAdmission1	END	1612372970554
USER	GeneralAdmission1	END	1612372970558
USER	GeneralAdmission1	END	1612372970569
REQUEST		ConfirmPayment	1612372968730	1612372970572	OK	 
USER	GeneralAdmission1	END	1612372970576
REQUEST		ConfirmPayment	1612372968749	1612372970589	OK	 
REQUEST		ConfirmPayment	1612372968230	1612372970588	OK	 
REQUEST		ConfirmPayment	1612372968729	1612372970590	OK	 
USER	GeneralAdmission1	END	1612372970593
REQUEST		ConfirmPayment	1612372969018	1612372970610	OK	 
USER	GeneralAdmission1	END	1612372970610
USER	GeneralAdmission1	END	1612372970611
USER	GeneralAdmission1	END	1612372970613
REQUEST		ConfirmPayment	1612372969038	1612372970613	OK	 
REQUEST		ConfirmPayment	1612372968749	1612372970613	OK	 
REQUEST		ConfirmPayment	1612372968784	1612372970637	OK	 
USER	GeneralAdmission1	END	1612372970637
USER	GeneralAdmission1	END	1612372970637
USER	GeneralAdmission1	END	1612372970657
REQUEST		ConfirmPayment	1612372969083	1612372970658	OK	 
REQUEST		ConfirmPayment	1612372968749	1612372970657	OK	 
REQUEST		ConfirmPayment	1612372969108	1612372970658	OK	 
USER	GeneralAdmission1	END	1612372970662
USER	GeneralAdmission1	END	1612372970662
USER	GeneralAdmission1	END	1612372970662
REQUEST		ConfirmPayment	1612372968780	1612372970663	OK	 
USER	GeneralAdmission1	END	1612372970677
REQUEST		ConfirmPayment	1612372969107	1612372970703	OK	 
USER	GeneralAdmission1	END	1612372970717
REQUEST		ConfirmPayment	1612372969108	1612372970718	OK	 
USER	GeneralAdmission1	END	1612372970720
REQUEST		ConfirmPayment	1612372969149	1612372970751	OK	 
REQUEST		ConfirmPayment	1612372968666	1612372970752	OK	 
REQUEST		ConfirmPayment	1612372969190	1612372970755	OK	 
USER	GeneralAdmission1	END	1612372970761
USER	GeneralAdmission1	END	1612372970772
REQUEST		ConfirmPayment	1612372969166	1612372970772	OK	 
REQUEST		ConfirmPayment	1612372969189	1612372970773	OK	 
USER	GeneralAdmission1	END	1612372970772
REQUEST		ConfirmPayment	1612372968765	1612372970776	OK	 
USER	GeneralAdmission1	END	1612372970779
USER	GeneralAdmission1	END	1612372970791
USER	GeneralAdmission1	END	1612372970792
REQUEST		ConfirmPayment	1612372969171	1612372970807	OK	 
USER	GeneralAdmission1	END	1612372970819
REQUEST		ConfirmPayment	1612372969256	1612372970855	OK	 
USER	GeneralAdmission1	END	1612372970860
REQUEST		ConfirmPayment	1612372969229	1612372970873	OK	 
REQUEST		ConfirmPayment	1612372969293	1612372970873	OK	 
REQUEST		ConfirmPayment	1612372969210	1612372970873	OK	 
REQUEST		ConfirmPayment	1612372969125	1612372970879	OK	 
USER	GeneralAdmission1	END	1612372970897
REQUEST		ConfirmPayment	1612372969192	1612372970919	OK	 
USER	GeneralAdmission1	END	1612372970898
USER	GeneralAdmission1	END	1612372970918
REQUEST		ConfirmPayment	1612372969297	1612372970938	OK	 
REQUEST		ConfirmPayment	1612372969355	1612372970942	OK	 
USER	GeneralAdmission1	END	1612372970923
USER	GeneralAdmission1	END	1612372970931
USER	GeneralAdmission1	END	1612372970941
USER	GeneralAdmission1	END	1612372970962
REQUEST		ConfirmPayment	1612372969302	1612372970971	OK	 
REQUEST		ConfirmPayment	1612372969313	1612372970976	OK	 
USER	GeneralAdmission1	END	1612372970980
REQUEST		ConfirmPayment	1612372969318	1612372970991	OK	 
USER	GeneralAdmission1	END	1612372970992
USER	GeneralAdmission1	END	1612372970998
REQUEST		ConfirmPayment	1612372969360	1612372971023	OK	 
USER	GeneralAdmission1	END	1612372971025
REQUEST		ConfirmPayment	1612372969312	1612372971044	OK	 
USER	GeneralAdmission1	END	1612372971048
REQUEST		ConfirmPayment	1612372969378	1612372971063	OK	 
REQUEST		ConfirmPayment	1612372969405	1612372971066	OK	 
USER	GeneralAdmission1	END	1612372971067
USER	GeneralAdmission1	END	1612372971068
REQUEST		ConfirmPayment	1612372969407	1612372971082	OK	 
REQUEST		ConfirmPayment	1612372969378	1612372971085	OK	 
REQUEST		ConfirmPayment	1612372969407	1612372971084	OK	 
REQUEST		ConfirmPayment	1612372969380	1612372971084	OK	 
REQUEST		ConfirmPayment	1612372969380	1612372971101	OK	 
USER	GeneralAdmission1	END	1612372971101
USER	GeneralAdmission1	END	1612372971101
USER	GeneralAdmission1	END	1612372971101
USER	GeneralAdmission1	END	1612372971103
USER	GeneralAdmission1	END	1612372971103
REQUEST		ConfirmPayment	1612372969407	1612372971120	OK	 
REQUEST		ConfirmPayment	1612372969478	1612372971120	OK	 
REQUEST		ConfirmPayment	1612372969427	1612372971123	OK	 
USER	GeneralAdmission1	END	1612372971123
USER	GeneralAdmission1	END	1612372971123
USER	GeneralAdmission1	END	1612372971138
REQUEST		ConfirmPayment	1612372969447	1612372971138	OK	 
USER	GeneralAdmission1	END	1612372971141
REQUEST		ConfirmPayment	1612372969494	1612372971159	OK	 
REQUEST		ConfirmPayment	1612372969491	1612372971161	OK	 
REQUEST		ConfirmPayment	1612372969516	1612372971162	OK	 
USER	GeneralAdmission1	END	1612372971162
USER	GeneralAdmission1	END	1612372971179
USER	GeneralAdmission1	END	1612372971185
REQUEST		ConfirmPayment	1612372969444	1612372971200	OK	 
REQUEST		ConfirmPayment	1612372969496	1612372971199	OK	 
REQUEST		ConfirmPayment	1612372969674	1612372971200	OK	 
USER	GeneralAdmission1	END	1612372971207
USER	GeneralAdmission1	END	1612372971207
REQUEST		ConfirmPayment	1612372969677	1612372971221	OK	 
REQUEST		ConfirmPayment	1612372969496	1612372971221	OK	 
REQUEST		ConfirmPayment	1612372969459	1612372971221	OK	 
USER	GeneralAdmission1	END	1612372971208
USER	GeneralAdmission1	END	1612372971227
REQUEST		ConfirmPayment	1612372969641	1612372971228	OK	 
USER	GeneralAdmission1	END	1612372971227
REQUEST		ConfirmPayment	1612372969578	1612372971244	OK	 
USER	GeneralAdmission1	END	1612372971227
USER	GeneralAdmission1	END	1612372971243
USER	GeneralAdmission1	END	1612372971253
