RUN	GeneralAdmission1	generaladmission1	1612274159939	 	3.5.0
USER	GeneralAdmission1	START	1612274161724
REQUEST		GetToken	1612274161755	1612274162088	OK	 
REQUEST		GetToken Redirect 1	1612274162119	1612274162513	OK	 
REQUEST		request_1	1612274162615	1612274163407	OK	 
REQUEST		AddToCart	1612274168442	1612274168447	OK	 
REQUEST		AddToCart Redirect 1	1612274168456	1612274168551	OK	 
REQUEST		CreateGeneral	1612274169570	1612274169578	OK	 
REQUEST		CreateGeneral Redirect 1	1612274169581	1612274169951	OK	 
REQUEST		BookingDetails	1612274173963	1612274173969	OK	 
REQUEST		BookingDetails Redirect 1	1612274173971	1612274174132	OK	 
REQUEST		StripeElement	1612274174136	1612274174947	OK	 
REQUEST		ui-shared-1a3494666c8cbd375492e006f2e840cd.css	1612274175013	1612274175899	OK	 
REQUEST		ui-shared-121e554d3a08b818808584dff61fc32c.js	1612274175008	1612274175975	OK	 
REQUEST		shared-8b0cf640a52a1422947f168069c49b9d.js	1612274175021	1612274176190	OK	 
REQUEST		elements-inner-card-77d7d4c2ce976deb5d1dc2ff2a238146.js	1612274175025	1612274176297	OK	 
REQUEST		CreatePaymentIntent	1612274179329	1612274179333	OK	 
REQUEST		CreatePaymentIntent Redirect 1	1612274179336	1612274179864	OK	 
REQUEST		StripeController	1612274192919	1612274193599	OK	 
REQUEST		controller-6d15abacacad5eabb07034f26400b450.js	1612274193608	1612274194321	OK	 
REQUEST		StripeCountryRanges	1612274196350	1612274197148	OK	 
REQUEST		PrivateStripe	1612274203216	1612274203625	OK	 
REQUEST		Elements1	1612274203628	1612274204436	OK	 
REQUEST		Elements2	1612274204439	1612274204626	OK	 
REQUEST		Elements3	1612274204629	1612274204812	OK	 
REQUEST		Elements4	1612274204814	1612274204997	OK	 
REQUEST		Elements5	1612274204999	1612274205188	OK	 
REQUEST		Elements6	1612274205190	1612274205373	OK	 
REQUEST		Elements6	1612274205376	1612274205560	OK	 
REQUEST		Elements7	1612274205562	1612274205756	OK	 
REQUEST		Elements8	1612274205759	1612274205941	OK	 
REQUEST		Elements9	1612274205945	1612274206133	OK	 
REQUEST		Elements10	1612274206135	1612274206793	OK	 
REQUEST		Elements11	1612274206795	1612274206994	OK	 
REQUEST		Elements12	1612274208005	1612274208245	OK	 
REQUEST		Elements13	1612274210254	1612274210445	OK	 
REQUEST		Elements14	1612274212455	1612274212645	OK	 
REQUEST		Elements15	1612274212649	1612274212855	OK	 
REQUEST		Elements16	1612274213871	1612274214063	OK	 
REQUEST		ConfirmPayment	1612274214071	1612274214095	OK	 
REQUEST		ConfirmPayment	1612274214097	1612274214100	KO	status.find.in(200,201,202,203,204,205,206,207,208,209,304), found 405
REQUEST		AddDetails	1612274214077	1612274214518	KO	status.find.in(200,201,202,203,204,205,206,207,208,209,304), found 400
USER	GeneralAdmission1	END	1612274214528
