RUN	GeneralAdmission1	generaladmission1	1612437486673	 	3.5.0
USER	GeneralAdmission1	START	1612437488292
USER	GeneralAdmission1	START	1612437488288
USER	GeneralAdmission1	START	1612437488300
USER	GeneralAdmission1	START	1612437488292
USER	GeneralAdmission1	START	1612437488334
USER	GeneralAdmission1	START	1612437488294
USER	GeneralAdmission1	START	1612437488293
USER	GeneralAdmission1	START	1612437488293
USER	GeneralAdmission1	START	1612437488459
USER	GeneralAdmission1	START	1612437488462
USER	GeneralAdmission1	START	1612437488459
USER	GeneralAdmission1	START	1612437488459
USER	GeneralAdmission1	START	1612437488463
USER	GeneralAdmission1	START	1612437488464
USER	GeneralAdmission1	START	1612437488462
USER	GeneralAdmission1	START	1612437488467
USER	GeneralAdmission1	START	1612437488474
USER	GeneralAdmission1	START	1612437488479
USER	GeneralAdmission1	START	1612437488484
USER	GeneralAdmission1	START	1612437488481
USER	GeneralAdmission1	START	1612437488479
USER	GeneralAdmission1	START	1612437488482
USER	GeneralAdmission1	START	1612437488484
USER	GeneralAdmission1	START	1612437488486
USER	GeneralAdmission1	START	1612437488496
USER	GeneralAdmission1	START	1612437488495
USER	GeneralAdmission1	START	1612437488498
USER	GeneralAdmission1	START	1612437488498
USER	GeneralAdmission1	START	1612437488499
USER	GeneralAdmission1	START	1612437488500
USER	GeneralAdmission1	START	1612437488513
USER	GeneralAdmission1	START	1612437488520
USER	GeneralAdmission1	START	1612437488518
USER	GeneralAdmission1	START	1612437488503
USER	GeneralAdmission1	START	1612437488511
USER	GeneralAdmission1	START	1612437488518
USER	GeneralAdmission1	START	1612437488516
USER	GeneralAdmission1	START	1612437488517
USER	GeneralAdmission1	START	1612437488528
USER	GeneralAdmission1	START	1612437488537
USER	GeneralAdmission1	START	1612437488535
USER	GeneralAdmission1	START	1612437488532
USER	GeneralAdmission1	START	1612437488539
USER	GeneralAdmission1	START	1612437488540
USER	GeneralAdmission1	START	1612437488538
USER	GeneralAdmission1	START	1612437488543
USER	GeneralAdmission1	START	1612437488549
USER	GeneralAdmission1	START	1612437488554
USER	GeneralAdmission1	START	1612437488555
USER	GeneralAdmission1	START	1612437488556
USER	GeneralAdmission1	START	1612437488561
USER	GeneralAdmission1	START	1612437488556
USER	GeneralAdmission1	START	1612437488565
USER	GeneralAdmission1	START	1612437488571
USER	GeneralAdmission1	START	1612437488579
USER	GeneralAdmission1	START	1612437488564
USER	GeneralAdmission1	START	1612437488580
USER	GeneralAdmission1	START	1612437488586
USER	GeneralAdmission1	START	1612437488572
USER	GeneralAdmission1	START	1612437488573
USER	GeneralAdmission1	START	1612437488578
USER	GeneralAdmission1	START	1612437488597
USER	GeneralAdmission1	START	1612437488590
USER	GeneralAdmission1	START	1612437488593
USER	GeneralAdmission1	START	1612437488601
USER	GeneralAdmission1	START	1612437488588
USER	GeneralAdmission1	START	1612437488599
USER	GeneralAdmission1	START	1612437488602
USER	GeneralAdmission1	START	1612437488611
USER	GeneralAdmission1	START	1612437488622
USER	GeneralAdmission1	START	1612437488617
USER	GeneralAdmission1	START	1612437488625
USER	GeneralAdmission1	START	1612437488618
USER	GeneralAdmission1	START	1612437488625
USER	GeneralAdmission1	START	1612437488622
USER	GeneralAdmission1	START	1612437488629
USER	GeneralAdmission1	START	1612437488633
USER	GeneralAdmission1	START	1612437488631
USER	GeneralAdmission1	START	1612437488648
USER	GeneralAdmission1	START	1612437488645
USER	GeneralAdmission1	START	1612437488643
USER	GeneralAdmission1	START	1612437488649
USER	GeneralAdmission1	START	1612437488640
USER	GeneralAdmission1	START	1612437488652
USER	GeneralAdmission1	START	1612437488651
USER	GeneralAdmission1	START	1612437488645
USER	GeneralAdmission1	START	1612437488662
USER	GeneralAdmission1	START	1612437488664
USER	GeneralAdmission1	START	1612437488669
USER	GeneralAdmission1	START	1612437488670
USER	GeneralAdmission1	START	1612437488664
USER	GeneralAdmission1	START	1612437488666
USER	GeneralAdmission1	START	1612437488671
USER	GeneralAdmission1	START	1612437488670
USER	GeneralAdmission1	START	1612437488682
USER	GeneralAdmission1	START	1612437488680
USER	GeneralAdmission1	START	1612437488689
USER	GeneralAdmission1	START	1612437488683
USER	GeneralAdmission1	START	1612437488699
USER	GeneralAdmission1	START	1612437488724
USER	GeneralAdmission1	START	1612437488713
USER	GeneralAdmission1	START	1612437488832
USER	GeneralAdmission1	START	1612437489325
USER	GeneralAdmission1	START	1612437489836
USER	GeneralAdmission1	START	1612437490388
USER	GeneralAdmission1	START	1612437490774
REQUEST		GetToken	1612437488544	1612437490938	OK	 
REQUEST		GetToken	1612437488545	1612437490827	OK	 
REQUEST		GetToken	1612437488528	1612437490833	OK	 
REQUEST		GetToken	1612437488620	1612437490826	OK	 
REQUEST		GetToken	1612437488501	1612437490824	OK	 
REQUEST		GetToken	1612437488654	1612437490840	OK	 
REQUEST		GetToken	1612437488488	1612437491083	OK	 
USER	GeneralAdmission1	START	1612437491282
REQUEST		GetToken	1612437488508	1612437491307	OK	 
REQUEST		GetToken	1612437488676	1612437491495	OK	 
REQUEST		GetToken	1612437488467	1612437491504	OK	 
REQUEST		GetToken	1612437488501	1612437491509	OK	 
REQUEST		GetToken	1612437488467	1612437491519	OK	 
REQUEST		GetToken	1612437488477	1612437491512	OK	 
REQUEST		GetToken	1612437488344	1612437491515	OK	 
REQUEST		GetToken	1612437488530	1612437491526	OK	 
REQUEST		GetToken	1612437488514	1612437491543	OK	 
REQUEST		GetToken	1612437488710	1612437491559	OK	 
REQUEST		GetToken	1612437488560	1612437491549	OK	 
REQUEST		GetToken	1612437488347	1612437491551	OK	 
REQUEST		GetToken	1612437488559	1612437491553	OK	 
REQUEST		GetToken	1612437488675	1612437491590	OK	 
REQUEST		GetToken	1612437488550	1612437491573	OK	 
REQUEST		GetToken	1612437488563	1612437491573	OK	 
REQUEST		GetToken	1612437488579	1612437491621	OK	 
REQUEST		GetToken	1612437488469	1612437491623	OK	 
REQUEST		GetToken	1612437488581	1612437491644	OK	 
REQUEST		GetToken	1612437488570	1612437491667	OK	 
REQUEST		GetToken	1612437488614	1612437491668	OK	 
REQUEST		GetToken	1612437488612	1612437491742	OK	 
REQUEST		GetToken	1612437488565	1612437491712	OK	 
REQUEST		GetToken	1612437488581	1612437491765	OK	 
USER	GeneralAdmission1	START	1612437491781
REQUEST		GetToken	1612437488640	1612437491917	OK	 
REQUEST		GetToken	1612437488344	1612437491916	OK	 
REQUEST		GetToken	1612437488605	1612437492007	OK	 
REQUEST		GetToken	1612437488493	1612437492247	OK	 
USER	GeneralAdmission1	START	1612437492271
REQUEST		GetToken	1612437488470	1612437492287	OK	 
REQUEST		GetToken	1612437488471	1612437492308	OK	 
REQUEST		GetToken	1612437488623	1612437492342	OK	 
REQUEST		GetToken	1612437488629	1612437492352	OK	 
REQUEST		GetToken	1612437488346	1612437492421	OK	 
REQUEST		GetToken	1612437488489	1612437492454	OK	 
REQUEST		GetToken	1612437488548	1612437492542	OK	 
REQUEST		GetToken	1612437488511	1612437492564	OK	 
REQUEST		GetToken	1612437488660	1612437492567	OK	 
REQUEST		GetToken	1612437488707	1612437492585	OK	 
REQUEST		GetToken	1612437488636	1612437492590	OK	 
REQUEST		GetToken	1612437488656	1612437492633	OK	 
REQUEST		GetToken	1612437488574	1612437492688	OK	 
REQUEST		GetToken	1612437488513	1612437492689	OK	 
REQUEST		GetToken	1612437488639	1612437492768	OK	 
USER	GeneralAdmission1	START	1612437492781
REQUEST		GetToken	1612437488529	1612437492793	OK	 
REQUEST		GetToken	1612437488346	1612437492794	OK	 
REQUEST		GetToken	1612437488343	1612437492826	OK	 
REQUEST		GetToken	1612437488493	1612437492834	OK	 
REQUEST		GetToken	1612437488596	1612437492850	OK	 
REQUEST		GetToken	1612437488491	1612437492880	OK	 
REQUEST		GetToken	1612437488344	1612437492889	OK	 
REQUEST		GetToken	1612437488465	1612437492893	OK	 
REQUEST		GetToken	1612437488469	1612437492913	OK	 
REQUEST		GetToken	1612437488344	1612437492916	OK	 
REQUEST		GetToken	1612437488603	1612437492936	OK	 
REQUEST		GetToken	1612437488614	1612437492969	OK	 
REQUEST		GetToken	1612437488672	1612437492989	OK	 
REQUEST		GetToken	1612437488503	1612437492993	OK	 
REQUEST		GetToken	1612437488634	1612437493022	OK	 
REQUEST		GetToken	1612437488486	1612437493036	OK	 
REQUEST		GetToken	1612437488544	1612437493042	OK	 
REQUEST		GetToken	1612437488547	1612437493043	OK	 
REQUEST		GetToken	1612437488588	1612437493056	OK	 
REQUEST		GetToken	1612437488521	1612437493069	OK	 
REQUEST		GetToken	1612437488495	1612437493088	OK	 
REQUEST		GetToken	1612437488566	1612437493102	OK	 
REQUEST		GetToken	1612437488540	1612437493104	OK	 
REQUEST		GetToken	1612437488527	1612437493119	OK	 
REQUEST		GetToken	1612437488595	1612437493127	OK	 
REQUEST		GetToken	1612437488626	1612437493138	OK	 
REQUEST		GetToken	1612437488671	1612437493142	OK	 
REQUEST		GetToken	1612437488833	1612437493153	OK	 
REQUEST		GetToken	1612437488700	1612437493158	OK	 
REQUEST		GetToken	1612437488491	1612437493167	OK	 
REQUEST		GetToken	1612437488726	1612437493168	OK	 
REQUEST		GetToken	1612437488679	1612437493181	OK	 
REQUEST		GetToken	1612437488584	1612437493179	OK	 
REQUEST		GetToken	1612437490396	1612437493192	OK	 
REQUEST		GetToken	1612437488533	1612437493195	OK	 
REQUEST		GetToken	1612437488606	1612437493208	OK	 
REQUEST		GetToken	1612437489836	1612437493210	OK	 
REQUEST		GetToken	1612437490778	1612437493231	OK	 
REQUEST		GetToken	1612437488506	1612437493235	OK	 
REQUEST		GetToken	1612437491304	1612437493236	OK	 
REQUEST		GetToken	1612437488637	1612437493237	OK	 
REQUEST		GetToken	1612437488685	1612437493261	OK	 
REQUEST		GetToken	1612437488673	1612437493256	OK	 
REQUEST		GetToken	1612437491781	1612437493257	OK	 
REQUEST		GetToken	1612437488608	1612437493259	OK	 
REQUEST		GetToken	1612437488655	1612437493273	OK	 
REQUEST		GetToken	1612437488650	1612437493275	OK	 
REQUEST		GetToken	1612437489327	1612437493281	OK	 
REQUEST		GetToken	1612437492789	1612437493290	OK	 
REQUEST		GetToken	1612437488658	1612437493295	OK	 
REQUEST		GetToken	1612437488551	1612437493300	OK	 
REQUEST		GetToken	1612437488653	1612437493302	OK	 
REQUEST		GetToken	1612437488681	1612437493306	OK	 
REQUEST		GetToken	1612437488573	1612437493307	OK	 
REQUEST		GetToken	1612437488683	1612437493307	OK	 
REQUEST		GetToken	1612437488634	1612437493320	OK	 
REQUEST		GetToken	1612437488653	1612437493323	OK	 
REQUEST		GetToken	1612437488674	1612437493337	OK	 
REQUEST		GetToken	1612437488729	1612437493343	OK	 
REQUEST		GetToken	1612437492272	1612437493350	OK	 
REQUEST		AddToCart	1612437496546	1612437497095	OK	 
REQUEST		AddToCart	1612437496547	1612437497157	OK	 
REQUEST		AddToCart	1612437496078	1612437497157	OK	 
REQUEST		AddToCart	1612437496546	1612437497157	OK	 
REQUEST		AddToCart	1612437496075	1612437497161	OK	 
REQUEST		AddToCart	1612437496547	1612437497163	OK	 
REQUEST		AddToCart	1612437496078	1612437497161	OK	 
REQUEST		AddToCart	1612437496607	1612437497161	OK	 
REQUEST		AddToCart	1612437496637	1612437497163	OK	 
REQUEST		AddToCart	1612437496638	1612437497173	OK	 
REQUEST		AddToCart	1612437496562	1612437497173	OK	 
REQUEST		AddToCart	1612437496686	1612437497174	OK	 
REQUEST		AddToCart	1612437496607	1612437497177	OK	 
REQUEST		AddToCart	1612437496623	1612437497177	OK	 
REQUEST		AddToCart	1612437496654	1612437497177	OK	 
REQUEST		AddToCart	1612437496670	1612437497179	OK	 
REQUEST		AddToCart	1612437496074	1612437497184	OK	 
REQUEST		AddToCart	1612437496686	1612437497188	OK	 
REQUEST		AddToCart	1612437496761	1612437497191	OK	 
REQUEST		AddToCart	1612437496638	1612437497190	OK	 
REQUEST		AddToCart	1612437496078	1612437497191	OK	 
REQUEST		AddToCart	1612437496606	1612437497195	OK	 
REQUEST		AddToCart	1612437496576	1612437497200	OK	 
REQUEST		AddToCart	1612437496794	1612437497261	OK	 
REQUEST		AddToCart	1612437496793	1612437497261	OK	 
REQUEST		AddToCart	1612437496327	1612437497291	OK	 
REQUEST		AddToCart	1612437496964	1612437497311	OK	 
REQUEST		AddToCart	1612437496546	1612437497313	OK	 
REQUEST		AddToCart	1612437496981	1612437497311	OK	 
REQUEST		AddToCart	1612437497027	1612437497311	OK	 
REQUEST		AddToCart	1612437496514	1612437497312	OK	 
REQUEST		AddToCart	1612437496530	1612437497314	OK	 
REQUEST		AddToCart	1612437496073	1612437497315	OK	 
REQUEST		AddToCart	1612437496108	1612437497327	OK	 
REQUEST		AddToCart	1612437497294	1612437497487	OK	 
REQUEST		AddToCart	1612437497258	1612437497487	OK	 
REQUEST		AddToCart	1612437497324	1612437497631	OK	 
REQUEST		AddToCart	1612437497372	1612437497715	OK	 
REQUEST		AddToCart	1612437497372	1612437497715	OK	 
REQUEST		AddToCart	1612437497427	1612437497807	OK	 
REQUEST		AddToCart	1612437497475	1612437497954	OK	 
REQUEST		AddToCart	1612437497554	1612437498025	OK	 
REQUEST		AddToCart	1612437497608	1612437498077	OK	 
REQUEST		AddToCart	1612437497608	1612437498077	OK	 
REQUEST		AddToCart	1612437497651	1612437498121	OK	 
REQUEST		AddToCart	1612437497586	1612437498121	OK	 
REQUEST		AddToCart	1612437497588	1612437498121	OK	 
REQUEST		AddToCart	1612437497710	1612437498208	OK	 
REQUEST		AddToCart	1612437497711	1612437498243	OK	 
REQUEST		AddToCart	1612437497788	1612437498259	OK	 
REQUEST		AddToCart	1612437497804	1612437498308	OK	 
REQUEST		AddToCart	1612437497897	1612437498327	OK	 
REQUEST		AddToCart	1612437497852	1612437498327	OK	 
REQUEST		AddToCart	1612437497870	1612437498338	OK	 
REQUEST		AddToCart	1612437497914	1612437498340	OK	 
REQUEST		AddToCart	1612437497822	1612437498340	OK	 
REQUEST		AddToCart	1612437497914	1612437498344	OK	 
REQUEST		AddToCart	1612437497944	1612437498355	OK	 
REQUEST		AddToCart	1612437497853	1612437498355	OK	 
REQUEST		AddToCart	1612437497943	1612437498371	OK	 
REQUEST		AddToCart	1612437497944	1612437498371	OK	 
REQUEST		AddToCart	1612437498027	1612437498552	OK	 
REQUEST		AddToCart	1612437498053	1612437498553	OK	 
REQUEST		AddToCart	1612437497975	1612437498556	OK	 
REQUEST		AddToCart	1612437498006	1612437498647	OK	 
REQUEST		AddToCart	1612437498079	1612437499280	OK	 
REQUEST		AddToCart	1612437498303	1612437499379	OK	 
REQUEST		AddToCart	1612437498283	1612437499482	OK	 
REQUEST		AddToCart	1612437498318	1612437499650	OK	 
REQUEST		AddToCart	1612437498303	1612437499755	OK	 
REQUEST		AddToCart	1612437498071	1612437499855	OK	 
REQUEST		AddToCart	1612437498161	1612437499964	OK	 
REQUEST		AddToCart	1612437498239	1612437500063	OK	 
REQUEST		AddToCart	1612437498303	1612437500183	OK	 
REQUEST		AddToCart	1612437498333	1612437500183	OK	 
REQUEST		AddToCart	1612437498316	1612437500184	OK	 
REQUEST		AddToCart	1612437498364	1612437500194	OK	 
REQUEST		AddToCart	1612437498245	1612437500195	OK	 
REQUEST		AddToCart	1612437498316	1612437500194	OK	 
REQUEST		AddToCart	1612437498318	1612437500194	OK	 
REQUEST		AddToCart	1612437498239	1612437500195	OK	 
REQUEST		AddToCart	1612437498177	1612437500195	OK	 
REQUEST		AddToCart	1612437498210	1612437500198	OK	 
REQUEST		AddToCart	1612437498316	1612437500200	OK	 
REQUEST		AddToCart	1612437498321	1612437500214	OK	 
REQUEST		AddToCart	1612437498161	1612437500215	OK	 
REQUEST		AddToCart	1612437498254	1612437500215	OK	 
REQUEST		AddToCart	1612437498177	1612437500216	OK	 
REQUEST		AddToCart	1612437498072	1612437500226	OK	 
REQUEST		AddToCart	1612437498332	1612437500227	OK	 
REQUEST		AddToCart	1612437498253	1612437500228	OK	 
REQUEST		AddToCart2	1612437500113	1612437500228	OK	 
REQUEST		AddToCart	1612437498342	1612437500231	OK	 
REQUEST		AddToCart	1612437498344	1612437500233	OK	 
REQUEST		AddToCart	1612437498349	1612437500236	OK	 
REQUEST		AddToCart	1612437498303	1612437500318	OK	 
REQUEST		AddToCart2	1612437500175	1612437500389	OK	 
REQUEST		AddToCart2	1612437500176	1612437500389	OK	 
REQUEST		AddToCart2	1612437500177	1612437500389	OK	 
REQUEST		AddToCart	1612437498332	1612437500393	OK	 
REQUEST		AddToCart2	1612437500176	1612437500462	OK	 
REQUEST		AddToCart	1612437498023	1612437500462	OK	 
REQUEST		AddToCart	1612437498310	1612437500464	OK	 
REQUEST		AddToCart	1612437498193	1612437500464	OK	 
REQUEST		AddToCart	1612437498224	1612437500466	OK	 
REQUEST		AddToCart2	1612437500177	1612437500485	OK	 
REQUEST		AddToCart	1612437498208	1612437500522	OK	 
REQUEST		AddToCart	1612437498193	1612437500608	OK	 
REQUEST		AddToCart2	1612437500188	1612437500608	OK	 
REQUEST		AddToCart2	1612437500181	1612437500608	OK	 
REQUEST		AddToCart2	1612437500177	1612437500649	OK	 
REQUEST		AddToCart2	1612437500177	1612437500746	OK	 
REQUEST		AddToCart2	1612437500200	1612437500746	OK	 
REQUEST		AddToCart2	1612437500181	1612437500746	OK	 
REQUEST		AddToCart	1612437498114	1612437500746	OK	 
REQUEST		AddToCart2	1612437500202	1612437500747	OK	 
REQUEST		AddToCart2	1612437500213	1612437500748	OK	 
REQUEST		AddToCart2	1612437500181	1612437500752	OK	 
REQUEST		AddToCart2	1612437500177	1612437500757	OK	 
REQUEST		AddToCart	1612437498097	1612437500757	OK	 
REQUEST		AddToCart2	1612437500206	1612437500760	OK	 
REQUEST		AddToCart2	1612437500201	1612437501144	OK	 
REQUEST		AddToCart2	1612437500212	1612437501144	OK	 
REQUEST		AddToCart2	1612437500214	1612437501146	OK	 
REQUEST		AddToCart2	1612437500334	1612437501219	OK	 
REQUEST		AddToCart	1612437498114	1612437501226	OK	 
REQUEST		AddToCart2	1612437500226	1612437501225	OK	 
REQUEST		AddToCart2	1612437500334	1612437501225	OK	 
REQUEST		AddToCart2	1612437500231	1612437501225	OK	 
REQUEST		AddToCart2	1612437500202	1612437501226	OK	 
REQUEST		AddToCart2	1612437500492	1612437501231	OK	 
REQUEST		AddToCart	1612437498254	1612437501258	OK	 
REQUEST		AddToCart	1612437498130	1612437501257	OK	 
REQUEST		AddToCart2	1612437500362	1612437501258	OK	 
REQUEST		AddToCart2	1612437500334	1612437501260	OK	 
REQUEST		AddToCart2	1612437500271	1612437501261	OK	 
REQUEST		AddToCart2	1612437500508	1612437501265	OK	 
REQUEST		AddToCart2	1612437500333	1612437501269	OK	 
REQUEST		AddToCart2	1612437500273	1612437501273	OK	 
REQUEST		AddToCart2	1612437500300	1612437501276	OK	 
REQUEST		AddToCart2	1612437500333	1612437501282	OK	 
REQUEST		AddToCart	1612437498145	1612437501340	OK	 
REQUEST		AddToCart2	1612437500641	1612437501346	OK	 
REQUEST		AddToCart2	1612437500723	1612437501365	OK	 
REQUEST		AddToCart2	1612437500722	1612437501365	OK	 
REQUEST		AddToCart2	1612437500815	1612437501365	OK	 
REQUEST		AddToCart2	1612437501033	1612437501382	OK	 
REQUEST		AddToCart2	1612437501095	1612437501384	OK	 
REQUEST		AddToCart2	1612437500971	1612437501384	OK	 
REQUEST		AddToCart2	1612437501094	1612437501392	OK	 
REQUEST		AddToCart2	1612437501126	1612437501397	OK	 
REQUEST		AddToCart2	1612437500334	1612437501397	OK	 
REQUEST		AddToCart2	1612437501218	1612437501460	OK	 
REQUEST		AddToCart2	1612437500316	1612437501461	OK	 
REQUEST		AddToCart2	1612437501126	1612437501461	OK	 
REQUEST		AddToCart2	1612437501126	1612437501464	OK	 
REQUEST		AddToCart	1612437498070	1612437501624	OK	 
REQUEST		AddToCart2	1612437501310	1612437501775	OK	 
REQUEST		AddToCart2	1612437501360	1612437501775	OK	 
REQUEST		AddToCart2	1612437501269	1612437501776	OK	 
REQUEST		AddToCart2	1612437501342	1612437501777	OK	 
REQUEST		AddToCart2	1612437501359	1612437501779	OK	 
REQUEST		AddToCart2	1612437501248	1612437501783	OK	 
REQUEST		AddToCart2	1612437501572	1612437502196	OK	 
REQUEST		AddToCart2	1612437501342	1612437502350	OK	 
REQUEST		AddToCart2	1612437501665	1612437502350	OK	 
REQUEST		AddToCart2	1612437501360	1612437502351	OK	 
REQUEST		AddToCart2	1612437501371	1612437502352	OK	 
REQUEST		AddToCart2	1612437501376	1612437502354	OK	 
REQUEST		AddToCart2	1612437501359	1612437502354	OK	 
REQUEST		AddToCart2	1612437501392	1612437502359	OK	 
REQUEST		AddToCart2	1612437501392	1612437502359	OK	 
REQUEST		AddToCart2	1612437501573	1612437502376	OK	 
REQUEST		AddToCart2	1612437501574	1612437502382	OK	 
REQUEST		AddToCart2	1612437502385	1612437502609	OK	 
REQUEST		AddToCart2	1612437502492	1612437502697	OK	 
REQUEST		AddToCart2	1612437502662	1612437502878	OK	 
REQUEST		CreateGeneral	1612437502511	1612437502919	OK	 
REQUEST		CreateGeneral	1612437502476	1612437502995	OK	 
REQUEST		CreateGeneral	1612437502402	1612437502997	OK	 
REQUEST		CreateGeneral	1612437502401	1612437503014	OK	 
REQUEST		CreateGeneral	1612437502616	1612437503015	OK	 
REQUEST		CreateGeneral	1612437502402	1612437503030	OK	 
REQUEST		CreateGeneral	1612437502245	1612437503054	OK	 
REQUEST		AddToCart2	1612437502759	1612437503068	OK	 
REQUEST		AddToCart2	1612437502864	1612437503099	OK	 
REQUEST		CreateGeneral	1612437502662	1612437503120	OK	 
REQUEST		CreateGeneral	1612437502759	1612437503151	OK	 
REQUEST		CreateGeneral	1612437502760	1612437503164	OK	 
REQUEST		AddToCart2	1612437502987	1612437503214	OK	 
REQUEST		CreateGeneral	1612437502760	1612437503247	OK	 
REQUEST		CreateGeneral	1612437502764	1612437503248	OK	 
REQUEST		CreateGeneral	1612437502762	1612437503252	OK	 
REQUEST		CreateGeneral	1612437502765	1612437503272	OK	 
REQUEST		AddToCart	1612437498208	1612437503283	OK	 
REQUEST		AddToCart2	1612437503083	1612437503302	OK	 
REQUEST		CreateGeneral	1612437502760	1612437503302	OK	 
REQUEST		AddToCart2	1612437503203	1612437503415	OK	 
REQUEST		AddToCart2	1612437503202	1612437503520	OK	 
REQUEST		AddToCart2	1612437503203	1612437503530	OK	 
REQUEST		AddToCart2	1612437503204	1612437503532	OK	 
REQUEST		CreateGeneral	1612437503157	1612437503586	OK	 
REQUEST		AddToCart2	1612437503203	1612437503602	OK	 
REQUEST		CreateGeneral	1612437503163	1612437503602	OK	 
REQUEST		AddToCart2	1612437503208	1612437503868	OK	 
REQUEST		AddToCart2	1612437503204	1612437503868	OK	 
REQUEST		CreateGeneral	1612437503160	1612437504531	OK	 
REQUEST		AddToCart2	1612437503210	1612437504636	OK	 
REQUEST		AddToCart2	1612437503217	1612437504752	OK	 
REQUEST		CreateGeneral	1612437503238	1612437504855	OK	 
REQUEST		AddToCart2	1612437503242	1612437505154	OK	 
REQUEST		CreateGeneral	1612437503242	1612437505154	OK	 
REQUEST		CreateGeneral	1612437503245	1612437505154	OK	 
REQUEST		AddToCart2	1612437503220	1612437505167	OK	 
REQUEST		CreateGeneral	1612437503283	1612437505167	OK	 
REQUEST		CreateGeneral	1612437502765	1612437505168	OK	 
REQUEST		CreateGeneral	1612437503295	1612437505168	OK	 
REQUEST		CreateGeneral	1612437502616	1612437505169	OK	 
REQUEST		CreateGeneral	1612437503286	1612437505171	OK	 
REQUEST		CreateGeneral	1612437503243	1612437505183	OK	 
REQUEST		AddToCart2	1612437503223	1612437505185	OK	 
REQUEST		AddToCart2	1612437503404	1612437505186	OK	 
REQUEST		AddToCart2	1612437503486	1612437505186	OK	 
REQUEST		AddToCart2	1612437503240	1612437505188	OK	 
REQUEST		AddToCart2	1612437503243	1612437505188	OK	 
REQUEST		AddToCart2	1612437503252	1612437505197	OK	 
REQUEST		AddToCart2	1612437503488	1612437505201	OK	 
REQUEST		AddToCart2	1612437503485	1612437505237	OK	 
REQUEST		AddToCart2	1612437503237	1612437505248	OK	 
REQUEST		AddToCart2	1612437503486	1612437505334	OK	 
REQUEST		CreateGeneral	1612437503812	1612437505334	KO	status.find.is(200), but actually found 400
REQUEST		CreateGeneral	1612437503291	1612437505356	OK	 
REQUEST		CreateGeneral	1612437503386	1612437505368	OK	 
REQUEST		AddToCart2	1612437503529	1612437505372	OK	 
REQUEST		CreateGeneral	1612437503371	1612437505387	OK	 
REQUEST		CreateGeneral	1612437503404	1612437505386	OK	 
REQUEST		CreateGeneral	1612437503362	1612437505433	OK	 
REQUEST		CreateGeneral	1612437503296	1612437505446	OK	 
REQUEST		CreateGeneral	1612437503372	1612437505446	OK	 
REQUEST		CreateGeneral	1612437503288	1612437505451	OK	 
REQUEST		CreateGeneral	1612437503302	1612437505451	OK	 
REQUEST		CreateGeneral	1612437503414	1612437505465	OK	 
REQUEST		CreateGeneral	1612437503404	1612437505499	OK	 
REQUEST		CreateGeneral	1612437503466	1612437505583	OK	 
REQUEST		AddToCart2	1612437503787	1612437505602	OK	 
REQUEST		CreateGeneral	1612437503411	1612437505602	OK	 
REQUEST		AddToCart2	1612437503614	1612437505616	OK	 
REQUEST		CreateGeneral	1612437503809	1612437505616	OK	 
REQUEST		CreateGeneral	1612437503810	1612437505616	OK	 
REQUEST		CreateGeneral	1612437503802	1612437505616	OK	 
REQUEST		CreateGeneral	1612437503466	1612437505634	OK	 
REQUEST		CreateGeneral	1612437503468	1612437505658	OK	 
REQUEST		CreateGeneral	1612437503816	1612437505661	OK	 
REQUEST		CreateGeneral	1612437503466	1612437505669	OK	 
REQUEST		AddToCart2	1612437503787	1612437505675	OK	 
REQUEST		AddToCart2	1612437504277	1612437505717	OK	 
REQUEST		AddToCart2	1612437504273	1612437505752	OK	 
REQUEST		AddToCart2	1612437504351	1612437505752	OK	 
REQUEST		CreateGeneral	1612437503239	1612437505752	OK	 
REQUEST		AddToCart2	1612437502290	1612437505820	OK	 
REQUEST		CreateGeneral	1612437504215	1612437505857	OK	 
REQUEST		CreateGeneral	1612437504379	1612437505901	OK	 
REQUEST		CreateGeneral	1612437504370	1612437505901	OK	 
REQUEST		CreateGeneral	1612437504370	1612437505918	OK	 
REQUEST		CreateGeneral	1612437504372	1612437505930	OK	 
REQUEST		CreateGeneral	1612437504371	1612437505930	OK	 
REQUEST		CreateGeneral	1612437504406	1612437505939	OK	 
REQUEST		CreateGeneral	1612437504370	1612437505939	OK	 
REQUEST		CreateGeneral	1612437504370	1612437505953	OK	 
REQUEST		CreateGeneral	1612437504386	1612437505973	OK	 
REQUEST		CreateGeneral	1612437504898	1612437506052	OK	 
REQUEST		CreateGeneral	1612437505083	1612437506052	OK	 
REQUEST		CreateGeneral	1612437504616	1612437506053	OK	 
REQUEST		CreateGeneral	1612437504714	1612437506068	OK	 
REQUEST		CreateGeneral	1612437505115	1612437506090	OK	 
REQUEST		CreateGeneral	1612437503245	1612437506121	OK	 
REQUEST		CreateGeneral	1612437503284	1612437506234	OK	 
REQUEST		CreateGeneral	1612437505237	1612437506235	OK	 
REQUEST		CreateGeneral	1612437505423	1612437506255	OK	 
REQUEST		CreateGeneral	1612437505355	1612437506255	OK	 
REQUEST		CreateGeneral	1612437505315	1612437506265	OK	 
REQUEST		CreateGeneral	1612437503371	1612437506283	OK	 
REQUEST		CreateGeneral	1612437505532	1612437506336	OK	 
REQUEST		CreateGeneral	1612437505551	1612437506367	OK	 
REQUEST		CreateGeneral	1612437503416	1612437506367	OK	 
REQUEST		CreateGeneral	1612437505551	1612437506402	OK	 
REQUEST		CreateGeneral	1612437505631	1612437506472	OK	 
REQUEST		CreateGeneral	1612437503814	1612437506613	OK	 
REQUEST		CreateGeneral	1612437505885	1612437506667	OK	 
REQUEST		AddToCart2	1612437506292	1612437506865	OK	 
REQUEST		CreateGeneral	1612437504388	1612437507022	OK	 
REQUEST		CreateGeneral	1612437506649	1612437507025	OK	 
REQUEST		AddToCart2	1612437503220	1612437507783	OK	 
REQUEST		BookingDetails	1612437507037	1612437507783	OK	 
REQUEST		BookingDetails	1612437507003	1612437507783	OK	 
REQUEST		CreateGeneral	1612437506755	1612437507784	OK	 
REQUEST		BookingDetails	1612437507003	1612437507785	OK	 
REQUEST		BookingDetails	1612437507037	1612437507785	OK	 
REQUEST		BookingDetails	1612437506928	1612437507792	OK	 
REQUEST		BookingDetails	1612437507037	1612437507797	OK	 
REQUEST		BookingDetails	1612437507063	1612437507803	OK	 
REQUEST		AddToCart2	1612437503236	1612437507805	OK	 
REQUEST		CreateGeneral	1612437505884	1612437507805	OK	 
REQUEST		BookingDetails	1612437507141	1612437508013	OK	 
REQUEST		BookingDetails	1612437507158	1612437508095	OK	 
REQUEST		AddToCart2	1612437503235	1612437508096	OK	 
REQUEST		AddToCart2	1612437503326	1612437508128	OK	 
REQUEST		AddToCart2	1612437503236	1612437508132	OK	 
REQUEST		BookingDetails	1612437507174	1612437508135	OK	 
REQUEST		BookingDetails	1612437507313	1612437508141	OK	 
REQUEST		BookingDetails	1612437507269	1612437508141	OK	 
REQUEST		BookingDetails	1612437507269	1612437508141	OK	 
REQUEST		BookingDetails	1612437507269	1612437508141	OK	 
REQUEST		CreateGeneral	1612437507194	1612437508141	OK	 
REQUEST		BookingDetails	1612437507285	1612437508154	OK	 
REQUEST		CreateGeneral	1612437507192	1612437508154	OK	 
REQUEST		CreateGeneral	1612437507175	1612437508157	OK	 
REQUEST		AddToCart2	1612437503236	1612437508304	OK	 
REQUEST		CreateGeneral	1612437507207	1612437508833	OK	 
REQUEST		CreateGeneral	1612437507252	1612437508847	OK	 
REQUEST		CreateGeneral	1612437507200	1612437508853	OK	 
REQUEST		CreateGeneral	1612437507202	1612437508855	OK	 
REQUEST		CreateGeneral	1612437507208	1612437508874	OK	 
REQUEST		CreateGeneral	1612437507207	1612437508874	OK	 
REQUEST		CreateGeneral	1612437507251	1612437508876	OK	 
REQUEST		BookingDetails	1612437507591	1612437508876	OK	 
REQUEST		CreateGeneral	1612437507378	1612437508883	OK	 
REQUEST		CreateGeneral	1612437507208	1612437508901	OK	 
REQUEST		CreateGeneral	1612437507347	1612437508917	OK	 
REQUEST		BookingDetails	1612437507624	1612437508921	OK	 
REQUEST		ConfirmPayment	1612437507790	1612437509049	OK	 
REQUEST		ConfirmPayment	1612437507802	1612437509050	OK	 
REQUEST		ConfirmPayment	1612437507791	1612437509050	OK	 
REQUEST		CreateGeneral	1612437507608	1612437509053	OK	 
REQUEST		CreateGeneral	1612437507733	1612437509058	OK	 
REQUEST		ConfirmPayment	1612437507804	1612437509067	OK	 
REQUEST		ConfirmPayment	1612437507804	1612437509066	OK	 
REQUEST		ConfirmPayment	1612437507790	1612437509075	OK	 
REQUEST		CreateGeneral	1612437507764	1612437509088	OK	 
REQUEST		CreateGeneral	1612437507685	1612437509119	OK	 
REQUEST		ConfirmPayment	1612437507791	1612437509126	OK	 
REQUEST		CreateGeneral	1612437507828	1612437509126	OK	 
REQUEST		ConfirmPayment	1612437508149	1612437509132	OK	 
REQUEST		ConfirmPayment	1612437508149	1612437509157	OK	 
REQUEST		CreateGeneral	1612437507765	1612437509157	OK	 
REQUEST		ConfirmPayment	1612437508149	1612437509176	OK	 
REQUEST		ConfirmPayment	1612437508149	1612437509180	OK	 
REQUEST		ConfirmPayment	1612437508015	1612437509181	OK	 
REQUEST		BookingDetails	1612437508537	1612437509192	OK	 
REQUEST		ConfirmPayment	1612437508100	1612437509193	OK	 
REQUEST		ConfirmPayment	1612437508156	1612437509219	OK	 
REQUEST		ConfirmPayment	1612437508138	1612437509219	OK	 
REQUEST		BookingDetails	1612437508873	1612437509320	OK	 
REQUEST		ConfirmPayment	1612437508883	1612437509411	OK	 
REQUEST		ConfirmPayment	1612437508922	1612437509428	OK	 
REQUEST		CreateGeneral	1612437508884	1612437509427	OK	 
REQUEST		BookingDetails	1612437509174	1612437509755	OK	 
REQUEST		BookingDetails	1612437509174	1612437509778	OK	 
REQUEST		BookingDetails	1612437509189	1612437509782	OK	 
REQUEST		BookingDetails	1612437509189	1612437509782	OK	 
REQUEST		BookingDetails	1612437509190	1612437509855	OK	 
REQUEST		BookingDetails	1612437509190	1612437509855	OK	 
REQUEST		CreateGeneral	1612437507625	1612437509872	OK	 
REQUEST		BookingDetails	1612437509189	1612437509889	OK	 
REQUEST		BookingDetails	1612437509190	1612437509914	OK	 
REQUEST		AddToCart2	1612437504237	1612437510308	OK	 
REQUEST		BookingDetails	1612437509373	1612437510839	OK	 
REQUEST		BookingDetails	1612437509374	1612437510838	OK	 
REQUEST		ConfirmPayment	1612437509322	1612437511042	OK	 
REQUEST		BookingDetails	1612437509405	1612437511043	OK	 
REQUEST		ConfirmPayment	1612437509193	1612437511069	OK	 
REQUEST		BookingDetails	1612437509404	1612437511427	OK	 
REQUEST		BookingDetails	1612437509466	1612437511644	OK	 
REQUEST		BookingDetails	1612437509450	1612437511667	OK	 
REQUEST		BookingDetails	1612437509466	1612437511721	OK	 
REQUEST		BookingDetails	1612437509468	1612437511721	OK	 
REQUEST		BookingDetails	1612437509588	1612437512240	OK	 
REQUEST		BookingDetails	1612437509511	1612437512237	OK	 
REQUEST		BookingDetails	1612437509871	1612437512237	OK	 
REQUEST		BookingDetails	1612437509484	1612437512237	OK	 
REQUEST		ConfirmPayment	1612437509857	1612437512238	OK	 
REQUEST		ConfirmPayment	1612437509890	1612437512240	OK	 
REQUEST		ConfirmPayment	1612437509784	1612437512243	OK	 
REQUEST		AddToCart2	1612437504633	1612437512257	OK	 
REQUEST		BookingDetails	1612437509638	1612437512258	OK	 
REQUEST		BookingDetails	1612437509468	1612437512258	OK	 
REQUEST		BookingDetails	1612437509638	1612437512258	OK	 
REQUEST		BookingDetails	1612437509683	1612437512259	OK	 
REQUEST		BookingDetails	1612437509621	1612437512259	OK	 
REQUEST		BookingDetails	1612437509652	1612437512265	OK	 
REQUEST		BookingDetails	1612437509620	1612437512271	OK	 
REQUEST		ConfirmPayment	1612437509784	1612437512274	OK	 
REQUEST		BookingDetails	1612437509684	1612437512457	OK	 
REQUEST		BookingDetails	1612437509759	1612437512664	OK	 
REQUEST		BookingDetails	1612437509682	1612437512666	OK	 
REQUEST		ConfirmPayment	1612437509779	1612437512851	OK	 
REQUEST		ConfirmPayment	1612437509757	1612437512851	OK	 
REQUEST		BookingDetails	1612437509918	1612437513146	OK	 
REQUEST		BookingDetails	1612437509918	1612437513265	OK	 
REQUEST		BookingDetails	1612437509935	1612437513277	OK	 
REQUEST		BookingDetails	1612437510072	1612437513372	OK	 
REQUEST		BookingDetails	1612437510135	1612437513406	OK	 
REQUEST		CreateGeneral	1612437509793	1612437513407	OK	 
REQUEST		BookingDetails	1612437509952	1612437513409	OK	 
REQUEST		BookingDetails	1612437509993	1612437513409	OK	 
REQUEST		BookingDetails	1612437510071	1612437513413	OK	 
REQUEST		BookingDetails	1612437509951	1612437513432	OK	 
REQUEST		BookingDetails	1612437509951	1612437513441	OK	 
REQUEST		CreateGeneral	1612437510118	1612437513441	OK	 
REQUEST		BookingDetails	1612437510103	1612437513472	OK	 
REQUEST		BookingDetails	1612437510089	1612437513492	OK	 
REQUEST		BookingDetails	1612437510072	1612437513493	OK	 
REQUEST		BookingDetails	1612437509967	1612437513493	OK	 
REQUEST		BookingDetails	1612437509967	1612437513497	OK	 
REQUEST		BookingDetails	1612437510241	1612437513499	OK	 
REQUEST		BookingDetails	1612437510240	1612437513504	OK	 
REQUEST		ConfirmPayment	1612437509857	1612437513510	OK	 
REQUEST		ConfirmPayment	1612437509918	1612437513539	OK	 
REQUEST		CreateGeneral	1612437510135	1612437513539	OK	 
REQUEST		CreateGeneral	1612437510152	1612437513541	OK	 
REQUEST		ConfirmPayment	1612437510841	1612437513542	OK	 
REQUEST		ConfirmPayment	1612437510840	1612437513543	OK	 
REQUEST		BookingDetails	1612437510349	1612437513545	OK	 
REQUEST		BookingDetails	1612437510271	1612437513546	OK	 
REQUEST		BookingDetails	1612437510273	1612437513556	OK	 
REQUEST		BookingDetails	1612437510289	1612437513572	OK	 
REQUEST		BookingDetails	1612437510272	1612437513594	OK	 
REQUEST		CreateGeneral	1612437510320	1612437513602	OK	 
REQUEST		BookingDetails	1612437510379	1612437514119	OK	 
REQUEST		CreateGeneral	1612437509822	1612437514122	OK	 
REQUEST		ConfirmPayment	1612437511049	1612437514122	OK	 
REQUEST		BookingDetails	1612437510380	1612437514124	OK	 
REQUEST		ConfirmPayment	1612437511429	1612437514127	OK	 
REQUEST		BookingDetails	1612437510410	1612437514128	OK	 
REQUEST		BookingDetails	1612437510486	1612437514128	OK	 
REQUEST		BookingDetails	1612437510627	1612437514701	OK	 
REQUEST		ConfirmPayment	1612437511646	1612437514716	OK	 
REQUEST		ConfirmPayment	1612437511723	1612437514720	OK	 
REQUEST		ConfirmPayment	1612437511723	1612437514726	OK	 
REQUEST		ConfirmPayment	1612437511668	1612437514727	OK	 
REQUEST		BookingDetails	1612437510672	1612437514727	OK	 
REQUEST		BookingDetails	1612437511029	1612437515459	OK	 
REQUEST		BookingDetails	1612437511049	1612437515560	OK	 
REQUEST		BookingDetails	1612437511801	1612437515777	OK	 
REQUEST		ConfirmPayment	1612437512246	1612437515788	OK	 
REQUEST		ConfirmPayment	1612437512264	1612437515798	OK	 
REQUEST		ConfirmPayment	1612437512246	1612437515800	OK	 
REQUEST		ConfirmPayment	1612437512246	1612437515799	OK	 
REQUEST		ConfirmPayment	1612437512666	1612437515800	OK	 
REQUEST		ConfirmPayment	1612437512271	1612437515816	OK	 
REQUEST		ConfirmPayment	1612437512249	1612437515829	OK	 
REQUEST		ConfirmPayment	1612437512264	1612437515861	OK	 
REQUEST		ConfirmPayment	1612437512459	1612437515905	OK	 
REQUEST		ConfirmPayment	1612437512272	1612437515905	OK	 
REQUEST		ConfirmPayment	1612437512669	1612437515922	OK	 
REQUEST		BookingDetails	1612437511819	1612437515924	OK	 
REQUEST		ConfirmPayment	1612437512263	1612437515924	OK	 
USER	GeneralAdmission1	END	1612437516062
USER	GeneralAdmission1	END	1612437516062
USER	GeneralAdmission1	END	1612437516062
USER	GeneralAdmission1	END	1612437516076
USER	GeneralAdmission1	END	1612437516076
USER	GeneralAdmission1	END	1612437516090
USER	GeneralAdmission1	END	1612437516136
USER	GeneralAdmission1	END	1612437516138
USER	GeneralAdmission1	END	1612437516168
USER	GeneralAdmission1	END	1612437516184
USER	GeneralAdmission1	END	1612437516199
USER	GeneralAdmission1	END	1612437516199
USER	GeneralAdmission1	END	1612437516199
USER	GeneralAdmission1	END	1612437516229
USER	GeneralAdmission1	END	1612437516230
USER	GeneralAdmission1	END	1612437516431
USER	GeneralAdmission1	END	1612437516447
REQUEST		BookingDetails	1612437512162	1612437516628	OK	 
REQUEST		BookingDetails	1612437512890	1612437516688	OK	 
REQUEST		CreateGeneral	1612437512315	1612437516688	OK	 
REQUEST		BookingDetails	1612437512890	1612437516691	OK	 
REQUEST		ConfirmPayment	1612437513373	1612437516691	OK	 
REQUEST		ConfirmPayment	1612437512263	1612437516693	OK	 
REQUEST		ConfirmPayment	1612437512263	1612437516694	OK	 
REQUEST		ConfirmPayment	1612437513409	1612437516694	OK	 
REQUEST		ConfirmPayment	1612437513279	1612437516696	OK	 
REQUEST		BookingDetails	1612437512889	1612437516699	OK	 
REQUEST		BookingDetails	1612437513058	1612437516707	OK	 
REQUEST		BookingDetails	1612437513075	1612437516700	OK	 
REQUEST		ConfirmPayment	1612437513412	1612437516702	OK	 
REQUEST		ConfirmPayment	1612437513509	1612437516706	OK	 
REQUEST		BookingDetails	1612437512160	1612437516708	OK	 
REQUEST		ConfirmPayment	1612437514126	1612437516719	OK	 
REQUEST		BookingDetails	1612437512906	1612437516728	OK	 
REQUEST		ConfirmPayment	1612437514704	1612437516731	OK	 
REQUEST		ConfirmPayment	1612437514121	1612437516731	OK	 
REQUEST		ConfirmPayment	1612437515779	1612437516731	OK	 
REQUEST		ConfirmPayment	1612437513548	1612437516731	OK	 
REQUEST		ConfirmPayment	1612437513147	1612437516732	OK	 
REQUEST		BookingDetails	1612437512861	1612437516734	OK	 
REQUEST		BookingDetails	1612437513137	1612437516747	OK	 
REQUEST		ConfirmPayment	1612437513557	1612437516751	OK	 
REQUEST		ConfirmPayment	1612437513496	1612437516753	OK	 
REQUEST		BookingDetails	1612437513446	1612437516747	OK	 
REQUEST		ConfirmPayment	1612437513548	1612437516749	OK	 
REQUEST		BookingDetails	1612437512892	1612437516749	OK	 
REQUEST		ConfirmPayment	1612437513496	1612437516765	OK	 
REQUEST		BookingDetails	1612437512934	1612437516761	OK	 
REQUEST		ConfirmPayment	1612437513414	1612437516765	OK	 
REQUEST		ConfirmPayment	1612437513504	1612437516768	OK	 
REQUEST		ConfirmPayment	1612437513574	1612437516773	OK	 
REQUEST		BookingDetails	1612437513136	1612437516779	OK	 
REQUEST		BookingDetails	1612437512892	1612437516776	OK	 
REQUEST		BookingDetails	1612437513875	1612437516781	OK	 
REQUEST		ConfirmPayment	1612437513473	1612437516783	OK	 
REQUEST		ConfirmPayment	1612437513412	1612437516781	OK	 
REQUEST		ConfirmPayment	1612437513495	1612437516792	OK	 
REQUEST		ConfirmPayment	1612437513435	1612437516793	OK	 
REQUEST		ConfirmPayment	1612437515461	1612437516795	OK	 
REQUEST		ConfirmPayment	1612437513443	1612437516796	OK	 
REQUEST		BookingDetails	1612437513105	1612437516792	OK	 
REQUEST		ConfirmPayment	1612437513596	1612437516800	OK	 
REQUEST		ConfirmPayment	1612437514131	1612437516803	OK	 
REQUEST		ConfirmPayment	1612437515561	1612437516805	OK	 
REQUEST		ConfirmPayment	1612437513267	1612437516806	OK	 
REQUEST		ConfirmPayment	1612437515926	1612437516808	OK	 
REQUEST		ConfirmPayment	1612437513499	1612437516810	OK	 
REQUEST		BookingDetails	1612437513168	1612437516804	OK	 
REQUEST		BookingDetails	1612437512842	1612437516822	OK	 
REQUEST		BookingDetails	1612437512163	1612437516826	OK	 
REQUEST		BookingDetails	1612437512862	1612437516829	OK	 
REQUEST		ConfirmPayment	1612437514733	1612437516839	OK	 
REQUEST		ConfirmPayment	1612437514131	1612437516842	OK	 
REQUEST		CreateGeneral	1612437514265	1612437516914	OK	 
REQUEST		ConfirmPayment	1612437516629	1612437517008	OK	 
REQUEST		ConfirmPayment	1612437516690	1612437517457	OK	 
REQUEST		ConfirmPayment	1612437516714	1612437517527	OK	 
REQUEST		ConfirmPayment	1612437516715	1612437517553	OK	 
REQUEST		ConfirmPayment	1612437516718	1612437517558	OK	 
REQUEST		ConfirmPayment	1612437516727	1612437517558	OK	 
REQUEST		ConfirmPayment	1612437516692	1612437517590	OK	 
REQUEST		ConfirmPayment	1612437516747	1612437517590	OK	 
REQUEST		ConfirmPayment	1612437516767	1612437517601	OK	 
REQUEST		ConfirmPayment	1612437516825	1612437517601	OK	 
REQUEST		ConfirmPayment	1612437516791	1612437517614	OK	 
REQUEST		ConfirmPayment	1612437516761	1612437517614	OK	 
REQUEST		ConfirmPayment	1612437516732	1612437517640	OK	 
REQUEST		ConfirmPayment	1612437516819	1612437517649	OK	 
REQUEST		ConfirmPayment	1612437516749	1612437517649	OK	 
REQUEST		ConfirmPayment	1612437516791	1612437517649	OK	 
REQUEST		ConfirmPayment	1612437516790	1612437517651	OK	 
REQUEST		ConfirmPayment	1612437516778	1612437517652	OK	 
REQUEST		ConfirmPayment	1612437516828	1612437517653	OK	 
REQUEST		ConfirmPayment	1612437516799	1612437517662	OK	 
REQUEST		ConfirmPayment	1612437516831	1612437517676	OK	 
REQUEST		BookingDetails	1612437517423	1612437517693	OK	 
REQUEST		BookingDetails	1612437517454	1612437517774	OK	 
REQUEST		BookingDetails	1612437517551	1612437517891	OK	 
REQUEST		BookingDetails	1612437517551	1612437517909	OK	 
REQUEST		BookingDetails	1612437517613	1612437517909	OK	 
REQUEST		ConfirmPayment	1612437517694	1612437517979	OK	 
USER	GeneralAdmission1	END	1612437518062
USER	GeneralAdmission1	END	1612437518078
REQUEST		ConfirmPayment	1612437517775	1612437518181	OK	 
REQUEST		ConfirmPayment	1612437517893	1612437518216	OK	 
REQUEST		BookingDetails	1612437518139	1612437518283	OK	 
REQUEST		ConfirmPayment	1612437517911	1612437518285	OK	 
REQUEST		ConfirmPayment	1612437517911	1612437518307	OK	 
REQUEST		ConfirmPayment	1612437518284	1612437518592	OK	 
USER	GeneralAdmission1	END	1612437519258
USER	GeneralAdmission1	END	1612437519259
USER	GeneralAdmission1	END	1612437519259
USER	GeneralAdmission1	END	1612437519291
USER	GeneralAdmission1	END	1612437519863
USER	GeneralAdmission1	END	1612437519864
USER	GeneralAdmission1	END	1612437520528
USER	GeneralAdmission1	END	1612437520543
USER	GeneralAdmission1	END	1612437520561
USER	GeneralAdmission1	END	1612437520561
REQUEST		BookingDetails	1612437520698	1612437520949	OK	 
USER	GeneralAdmission1	END	1612437521134
USER	GeneralAdmission1	END	1612437521134
REQUEST		BookingDetails	1612437520931	1612437521206	OK	 
REQUEST		ConfirmPayment	1612437520951	1612437521289	OK	 
REQUEST		ConfirmPayment	1612437521210	1612437521504	OK	 
USER	GeneralAdmission1	END	1612437521723
USER	GeneralAdmission1	END	1612437521725
USER	GeneralAdmission1	END	1612437521739
USER	GeneralAdmission1	END	1612437521739
USER	GeneralAdmission1	END	1612437522793
USER	GeneralAdmission1	END	1612437522809
USER	GeneralAdmission1	END	1612437522809
USER	GeneralAdmission1	END	1612437522809
USER	GeneralAdmission1	END	1612437522811
USER	GeneralAdmission1	END	1612437522825
USER	GeneralAdmission1	END	1612437522840
USER	GeneralAdmission1	END	1612437522869
USER	GeneralAdmission1	END	1612437522915
USER	GeneralAdmission1	END	1612437522915
USER	GeneralAdmission1	END	1612437522931
USER	GeneralAdmission1	END	1612437522931
USER	GeneralAdmission1	END	1612437523704
USER	GeneralAdmission1	END	1612437523704
USER	GeneralAdmission1	END	1612437523704
USER	GeneralAdmission1	END	1612437523705
USER	GeneralAdmission1	END	1612437523706
USER	GeneralAdmission1	END	1612437523735
USER	GeneralAdmission1	END	1612437523736
USER	GeneralAdmission1	END	1612437523738
USER	GeneralAdmission1	END	1612437523739
USER	GeneralAdmission1	END	1612437523750
USER	GeneralAdmission1	END	1612437523750
USER	GeneralAdmission1	END	1612437523750
USER	GeneralAdmission1	END	1612437523750
USER	GeneralAdmission1	END	1612437523767
USER	GeneralAdmission1	END	1612437523768
USER	GeneralAdmission1	END	1612437523782
USER	GeneralAdmission1	END	1612437523782
USER	GeneralAdmission1	END	1612437523782
USER	GeneralAdmission1	END	1612437523797
USER	GeneralAdmission1	END	1612437523797
USER	GeneralAdmission1	END	1612437523797
USER	GeneralAdmission1	END	1612437523797
USER	GeneralAdmission1	END	1612437523798
USER	GeneralAdmission1	END	1612437523813
USER	GeneralAdmission1	END	1612437523813
USER	GeneralAdmission1	END	1612437523813
USER	GeneralAdmission1	END	1612437523813
USER	GeneralAdmission1	END	1612437523814
USER	GeneralAdmission1	END	1612437523814
USER	GeneralAdmission1	END	1612437523814
USER	GeneralAdmission1	END	1612437523814
USER	GeneralAdmission1	END	1612437523831
USER	GeneralAdmission1	END	1612437523858
USER	GeneralAdmission1	END	1612437523860
USER	GeneralAdmission1	END	1612437524027
USER	GeneralAdmission1	END	1612437524482
USER	GeneralAdmission1	END	1612437524534
USER	GeneralAdmission1	END	1612437524566
USER	GeneralAdmission1	END	1612437524567
USER	GeneralAdmission1	END	1612437524567
USER	GeneralAdmission1	END	1612437524598
USER	GeneralAdmission1	END	1612437524598
USER	GeneralAdmission1	END	1612437524614
USER	GeneralAdmission1	END	1612437524614
USER	GeneralAdmission1	END	1612437524632
USER	GeneralAdmission1	END	1612437524632
USER	GeneralAdmission1	END	1612437524648
USER	GeneralAdmission1	END	1612437524664
USER	GeneralAdmission1	END	1612437524664
USER	GeneralAdmission1	END	1612437524664
USER	GeneralAdmission1	END	1612437524664
USER	GeneralAdmission1	END	1612437524665
USER	GeneralAdmission1	END	1612437524665
USER	GeneralAdmission1	END	1612437524666
USER	GeneralAdmission1	END	1612437524698
USER	GeneralAdmission1	END	1612437524988
USER	GeneralAdmission1	END	1612437525191
USER	GeneralAdmission1	END	1612437525222
USER	GeneralAdmission1	END	1612437525299
USER	GeneralAdmission1	END	1612437525315
USER	GeneralAdmission1	END	1612437525610
USER	GeneralAdmission1	END	1612437528305
USER	GeneralAdmission1	END	1612437528507
