RUN	Timed1	timed1	1612456523599	 	3.5.0
USER	Timed1	START	1612456526638
USER	Timed1	START	1612456526975
REQUEST		GetToken	1612456526716	1612456527256	OK	 
REQUEST		GetToken	1612456526999	1612456527349	OK	 
USER	Timed1	START	1612456527477
USER	Timed1	START	1612456527976
REQUEST		GetToken	1612456527478	1612456528204	OK	 
USER	Timed1	START	1612456528481
REQUEST		GetToken	1612456527977	1612456528550	OK	 
REQUEST		AddToCart	1612456528522	1612456529326	OK	 
REQUEST		AddToCart	1612456528523	1612456529354	OK	 
REQUEST		AddToCart	1612456529333	1612456529425	OK	 
USER	Timed1	START	1612456529455
REQUEST		GetToken	1612456528506	1612456529563	OK	 
REQUEST		GetToken	1612456529482	1612456529770	OK	 
USER	Timed1	START	1612456529953
REQUEST		GetToken	1612456529954	1612456530192	OK	 
REQUEST		AddToCart	1612456530356	1612456530431	OK	 
USER	Timed1	START	1612456530456
REQUEST		AddToCart	1612456530575	1612456530646	OK	 
REQUEST		GetToken	1612456530486	1612456530689	OK	 
REQUEST		AddToCart	1612456530776	1612456530921	OK	 
USER	Timed1	START	1612456530955
REQUEST		GetTours	1612456530410	1612456531179	OK	 
REQUEST		GetTours	1612456530448	1612456531215	OK	 
REQUEST		GetTours	1612456530425	1612456531240	OK	 
REQUEST		AddToCart	1612456531244	1612456531362	OK	 
USER	Timed1	START	1612456531455
REQUEST		GetToken	1612456531046	1612456531508	OK	 
REQUEST		GetTours	1612456531529	1612456531742	OK	 
REQUEST		GetToken	1612456531456	1612456531749	OK	 
REQUEST		AddToCart	1612456531695	1612456531774	OK	 
REQUEST		GetTours	1612456531666	1612456531859	OK	 
REQUEST		GetTours	1612456531955	1612456532204	OK	 
USER	Timed1	START	1612456532453
USER	Timed1	START	1612456532957
REQUEST		AddTourToCart	1612456532774	1612456533142	OK	 
REQUEST		AddToCart	1612456532528	1612456533185	OK	 
REQUEST		AddTourToCart	1612456532377	1612456533196	OK	 
REQUEST		GetTours	1612456532784	1612456533265	OK	 
REQUEST		GetTours	1612456532383	1612456533275	OK	 
REQUEST		AddTourToCart	1612456532275	1612456533275	OK	 
REQUEST		AddToCart	1612456532782	1612456533292	OK	 
REQUEST		AddTourToCart	1612456532864	1612456533318	OK	 
REQUEST		GetToken	1612456532499	1612456533327	OK	 
USER	Timed1	START	1612456533464
REQUEST		AddTourToCart	1612456533264	1612456533538	OK	 
REQUEST		GetToken	1612456532999	1612456533632	OK	 
REQUEST		AddTourToCart	1612456532361	1612456533771	OK	 
REQUEST		GetToken	1612456533469	1612456533773	OK	 
USER	Timed1	START	1612456533954
REQUEST		GetToken	1612456534003	1612456534166	OK	 
REQUEST		AddToCart	1612456534361	1612456534415	OK	 
USER	Timed1	START	1612456534457
REQUEST		AddTourToCart	1612456534273	1612456534539	OK	 
REQUEST		AddTourToCart	1612456534300	1612456534582	OK	 
REQUEST		GetTours	1612456534263	1612456534601	OK	 
REQUEST		GetTours	1612456534327	1612456534644	OK	 
REQUEST		GetToken	1612456534533	1612456534717	OK	 
REQUEST		AddToCart	1612456534676	1612456534737	OK	 
USER	Timed1	START	1612456535453
REQUEST		AddToCart	1612456534812	1612456535507	OK	 
REQUEST		AddToCart	1612456535197	1612456535527	OK	 
REQUEST		GetTours	1612456535433	1612456535681	OK	 
REQUEST		GetToken	1612456535462	1612456535832	OK	 
REQUEST		AddToCart	1612456535731	1612456535850	OK	 
REQUEST		AddTourToCart	1612456535682	1612456535914	OK	 
USER	Timed1	START	1612456535953
REQUEST		GetTours	1612456535756	1612456535975	OK	 
REQUEST		GetToken	1612456535964	1612456536187	OK	 
USER	Timed1	START	1612456536454
REQUEST		GetToken	1612456536465	1612456536715	OK	 
REQUEST		GetTours	1612456536633	1612456536853	OK	 
REQUEST		GetTours	1612456536615	1612456536881	OK	 
USER	Timed1	START	1612456536953
REQUEST		AddToCart	1612456536914	1612456536993	OK	 
REQUEST		GetTours	1612456536922	1612456537174	OK	 
REQUEST		AddTourToCart	1612456535642	1612456537164	OK	 
REQUEST		AddTourToCart	1612456536765	1612456537143	OK	 
REQUEST		AddTourToCart	1612456537019	1612456537249	OK	 
REQUEST		AddToCart	1612456537206	1612456537257	OK	 
REQUEST		GetToken	1612456536954	1612456537254	OK	 
USER	Timed1	START	1612456537454
REQUEST		GetToken	1612456537504	1612456537794	OK	 
REQUEST		AddToCart	1612456537798	1612456537874	OK	 
REQUEST		AddTourToCart	1612456537889	1612456538187	OK	 
REQUEST		AddTourToCart	1612456537877	1612456538189	OK	 
REQUEST		AddToCart	1612456538293	1612456538346	OK	 
USER	Timed1	START	1612456538453
REQUEST		GetTours	1612456538085	1612456538920	OK	 
REQUEST		GetTours	1612456538282	1612456538957	OK	 
USER	Timed1	START	1612456538954
REQUEST		AddTourToCart	1612456538217	1612456538984	OK	 
REQUEST		GetToken	1612456538454	1612456539055	OK	 
REQUEST		GetToken	1612456538975	1612456539152	OK	 
REQUEST		AddToCart	1612456538805	1612456539101	OK	 
REQUEST		GetTours	1612456538902	1612456539238	OK	 
USER	Timed1	START	1612456539490
REQUEST		GetTours	1612456539376	1612456539637	OK	 
REQUEST		GetToken	1612456539503	1612456539846	OK	 
USER	Timed1	START	1612456539954
REQUEST		AddTourToCart	1612456540004	1612456540340	OK	 
REQUEST		AddToCart	1612456540088	1612456540361	OK	 
REQUEST		GetToken	1612456540001	1612456540333	OK	 
REQUEST		AddToCart	1612456540321	1612456540474	OK	 
USER	Timed1	START	1612456540456
REQUEST		CreateTimed	1612456540316	1612456540506	OK	 
REQUEST		CreateTimed	1612456540400	1612456540521	OK	 
REQUEST		CreateTimed	1612456540405	1612456540540	OK	 
REQUEST		CreateTimed	1612456540408	1612456540547	OK	 
REQUEST		GetTours	1612456540401	1612456540573	KO	status.find.in(200,201,202,203,204,205,206,207,208,209,304), found 500
REQUEST		AddTourToCart	1612456540322	1612456540688	OK	 
REQUEST		CreateTimed	1612456540635	1612456540723	OK	 
REQUEST		GetToken	1612456540476	1612456540807	OK	 
REQUEST		CreateTimed	1612456540806	1612456540871	OK	 
REQUEST		AddToCart	1612456540866	1612456540994	OK	 
REQUEST		AddTourToCart	1612456540687	1612456541004	OK	 
REQUEST		AddTourToCart	1612456540021	1612456541473	OK	 
USER	Timed1	START	1612456541464
REQUEST		BookingDetails	1612456541541	1612456541621	OK	 
REQUEST		AddToCart	1612456541569	1612456541629	OK	 
REQUEST		BookingDetails	1612456541580	1612456541650	OK	 
REQUEST		BookingDetails	1612456541588	1612456541651	OK	 
REQUEST		CreateTimed	1612456541620	1612456541759	OK	 
REQUEST		GetTours	1612456541474	1612456541794	OK	 
REQUEST		BookingDetails	1612456541610	1612456541817	OK	 
REQUEST		GetToken	1612456541475	1612456541995	OK	 
USER	Timed1	START	1612456541972
REQUEST		CreateTimed	1612456541640	1612456542152	OK	 
REQUEST		AddTourToCart	1612456541638	1612456542161	OK	 
REQUEST		GetTours	1612456541541	1612456542176	OK	 
REQUEST		ConfirmPayment	1612456541657	1612456542227	OK	 
REQUEST		ConfirmPayment	1612456541836	1612456542421	OK	 
REQUEST		GetTours	1612456542003	1612456542458	OK	 
REQUEST		ConfirmPayment	1612456541626	1612456542390	OK	 
REQUEST		ConfirmPayment	1612456541656	1612456542392	OK	 
REQUEST		BookingDetails	1612456542178	1612456542454	OK	 
REQUEST		BookingDetails	1612456541742	1612456542520	OK	 
USER	Timed1	START	1612456542501
REQUEST		AddToCart	1612456541842	1612456542559	OK	 
REQUEST		GetToken	1612456542003	1612456542743	OK	 
REQUEST		GetToken	1612456542552	1612456542761	OK	 
REQUEST		BookingDetails	1612456542769	1612456542843	OK	 
REQUEST		ConfirmPayment	1612456542563	1612456542940	OK	 
USER	Timed1	START	1612456542954
REQUEST		GetTours	1612456542647	1612456542961	OK	 
REQUEST		CreateTimed	1612456542945	1612456543044	OK	 
REQUEST		AddTourToCart	1612456542818	1612456543079	OK	 
REQUEST		ConfirmPayment	1612456542945	1612456543253	OK	 
REQUEST		GetToken	1612456542956	1612456543298	OK	 
REQUEST		AddToCart	1612456543292	1612456543359	OK	 
USER	Timed1	END	1612456543410
USER	Timed1	START	1612456543455
USER	Timed1	END	1612456543457
REQUEST		BookingDetails	1612456543381	1612456543462	OK	 
USER	Timed1	END	1612456543521
USER	Timed1	END	1612456543521
REQUEST		GetToken	1612456543458	1612456543624	OK	 
REQUEST		AddTourToCart	1612456543426	1612456543644	OK	 
REQUEST		ConfirmPayment	1612456543464	1612456543664	OK	 
REQUEST		AddTourToCart	1612456543520	1612456543753	OK	 
REQUEST		AddToCart	1612456543753	1612456543799	OK	 
REQUEST		GetTours	1612456543582	1612456543823	OK	 
REQUEST		AddToCart	1612456543792	1612456543880	OK	 
USER	Timed1	END	1612456543954
REQUEST		BookingDetails	1612456544065	1612456544143	OK	 
REQUEST		AddTourToCart	1612456543968	1612456544192	OK	 
REQUEST		CreateTimed	1612456544239	1612456544293	OK	 
USER	Timed1	END	1612456544300
REQUEST		CreateTimed	1612456544245	1612456544312	OK	 
REQUEST		ConfirmPayment	1612456544152	1612456544335	OK	 
REQUEST		CreateTimed	1612456544287	1612456544359	OK	 
REQUEST		AddToCart	1612456544321	1612456544399	OK	 
USER	Timed1	START	1612456544454
REQUEST		GetTours	1612456544363	1612456544567	OK	 
REQUEST		AddToCart	1612456544628	1612456544675	OK	 
USER	Timed1	END	1612456544676
REQUEST		GetToken	1612456544488	1612456544705	OK	 
USER	Timed1	START	1612456544954
REQUEST		GetTours	1612456544910	1612456545122	OK	 
REQUEST		AddTourToCart	1612456544827	1612456545127	OK	 
REQUEST		GetTours	1612456544825	1612456545128	OK	 
REQUEST		GetToken	1612456544956	1612456545236	OK	 
REQUEST		CreateTimed	1612456545224	1612456545277	OK	 
REQUEST		CreateTimed	1612456545231	1612456545281	OK	 
USER	Timed1	END	1612456545344
USER	Timed1	START	1612456545454
REQUEST		BookingDetails	1612456545305	1612456545578	OK	 
REQUEST		BookingDetails	1612456545323	1612456545622	OK	 
REQUEST		BookingDetails	1612456545363	1612456545685	OK	 
REQUEST		GetTours	1612456545409	1612456545689	OK	 
REQUEST		AddToCart	1612456545708	1612456545771	OK	 
REQUEST		GetToken	1612456545455	1612456545771	OK	 
REQUEST		ConfirmPayment	1612456545617	1612456545799	OK	 
REQUEST		ConfirmPayment	1612456545687	1612456545879	OK	 
REQUEST		ConfirmPayment	1612456545684	1612456545916	OK	 
REQUEST		GetTours	1612456545685	1612456545916	OK	 
USER	Timed1	START	1612456545955
REQUEST		AddTourToCart	1612456545684	1612456545994	OK	 
USER	Timed1	START	1612456546453
USER	Timed1	END	1612456546806
USER	Timed1	END	1612456546887
USER	Timed1	END	1612456546945
REQUEST		CreateTimed	1612456546024	1612456547045	OK	 
REQUEST		BookingDetails	1612456546284	1612456547064	OK	 
REQUEST		AddToCart	1612456546264	1612456547068	OK	 
REQUEST		GetToken	1612456545955	1612456547066	OK	 
REQUEST		AddToCart	1612456546804	1612456547106	OK	 
REQUEST		BookingDetails	1612456546292	1612456547106	OK	 
REQUEST		GetToken	1612456546454	1612456547105	OK	 
REQUEST		GetTours	1612456546797	1612456547243	OK	 
REQUEST		AddTourToCart	1612456546209	1612456547245	OK	 
REQUEST		AddTourToCart	1612456546711	1612456547330	OK	 
REQUEST		AddTourToCart	1612456546942	1612456547344	OK	 
REQUEST		ConfirmPayment	1612456542553	1612456547347	KO	status.find.in(200,201,202,203,204,205,206,207,208,209,304), found 400
REQUEST		ConfirmPayment	1612456547110	1612456547355	OK	 
REQUEST		ConfirmPayment	1612456547068	1612456547383	OK	 
REQUEST		CreateTimed	1612456547383	1612456547476	OK	 
USER	Timed1	START	1612456547453
REQUEST		GetToken	1612456547478	1612456547645	OK	 
REQUEST		CreateTimed	1612456547739	1612456547803	OK	 
USER	Timed1	START	1612456547956
REQUEST		BookingDetails	1612456548065	1612456548162	OK	 
REQUEST		GetToken	1612456547977	1612456548163	OK	 
REQUEST		AddToCart	1612456548108	1612456548210	OK	 
REQUEST		AddToCart	1612456548112	1612456548211	OK	 
REQUEST		GetTours	1612456548112	1612456548335	KO	status.find.in(200,201,202,203,204,205,206,207,208,209,304), found 500
REQUEST		AddTourToCart	1612456546193	1612456548342	OK	 
REQUEST		ConfirmPayment	1612456548187	1612456548578	OK	 
REQUEST		CreateTimed	1612456548235	1612456548575	OK	 
REQUEST		GetTours	1612456548106	1612456548578	OK	 
USER	Timed1	END	1612456548565
USER	Timed1	START	1612456548574
REQUEST		AddTourToCart	1612456548248	1612456548620	OK	 
USER	Timed1	END	1612456548623
USER	Timed1	END	1612456548625
REQUEST		BookingDetails	1612456548580	1612456548689	OK	 
REQUEST		CreateTimed	1612456548627	1612456548692	OK	 
REQUEST		AddToCart	1612456548670	1612456548711	OK	 
REQUEST		GetToken	1612456548589	1612456548764	OK	 
REQUEST		BookingDetails	1612456548808	1612456548863	OK	 
REQUEST		ConfirmPayment	1612456548695	1612456548907	OK	 
USER	Timed1	START	1612456548954
REQUEST		ConfirmPayment	1612456548867	1612456549222	OK	 
REQUEST		AddToCart	1612456549221	1612456549278	OK	 
REQUEST		GetToken	1612456548955	1612456549321	OK	 
REQUEST		CreateTimed	1612456549278	1612456549328	OK	 
REQUEST		GetTours	1612456549221	1612456549437	OK	 
REQUEST		GetTours	1612456549226	1612456549443	OK	 
USER	Timed1	START	1612456549455
REQUEST		AddTourToCart	1612456549349	1612456549560	OK	 
USER	Timed1	END	1612456549657
REQUEST		GetToken	1612456549461	1612456549663	OK	 
REQUEST		BookingDetails	1612456549658	1612456549712	OK	 
REQUEST		BookingDetails	1612456549712	1612456549766	OK	 
REQUEST		AddToCart	1612456549779	1612456549831	OK	 
USER	Timed1	END	1612456549913
REQUEST		AddTourToCart	1612456549698	1612456549922	OK	 
REQUEST		GetTours	1612456549746	1612456549933	OK	 
REQUEST		ConfirmPayment	1612456549747	1612456550166	OK	 
USER	Timed1	END	1612456550227
USER	Timed1	START	1612456550461
REQUEST		BookingDetails	1612456550355	1612456550656	OK	 
REQUEST		AddToCart	1612456550351	1612456550656	OK	 
REQUEST		GetTours	1612456550282	1612456550670	OK	 
REQUEST		GetToken	1612456550464	1612456550714	OK	 
REQUEST		CreateTimed	1612456550105	1612456550714	OK	 
REQUEST		CreateTimed	1612456550649	1612456550740	OK	 
REQUEST		AddToCart	1612456550670	1612456550740	OK	 
REQUEST		CreateTimed	1612456550759	1612456550813	OK	 
REQUEST		ConfirmPayment	1612456550658	1612456550873	OK	 
REQUEST		AddTourToCart	1612456550463	1612456550873	OK	 
REQUEST		GetTours	1612456550836	1612456551021	OK	 
USER	Timed1	START	1612456550954
REQUEST		GetToken	1612456551013	1612456551145	OK	 
USER	Timed1	END	1612456551171
REQUEST		AddTourToCart	1612456551010	1612456551198	OK	 
REQUEST		CreateTimed	1612456551203	1612456551248	OK	 
USER	Timed1	START	1612456551455
REQUEST		GetToken	1612456551541	1612456551730	OK	 
REQUEST		AddToCart	1612456551725	1612456551770	OK	 
REQUEST		BookingDetails	1612456551728	1612456551796	OK	 
REQUEST		BookingDetails	1612456551750	1612456551818	OK	 
REQUEST		GetTours	1612456551663	1612456551866	OK	 
REQUEST		BookingDetails	1612456551818	1612456551871	OK	 
USER	Timed1	END	1612456551897
REQUEST		AddTourToCart	1612456551681	1612456551911	OK	 
USER	Timed1	START	1612456551959
REQUEST		GetTours	1612456551750	1612456551983	OK	 
REQUEST		ConfirmPayment	1612456551797	1612456552030	OK	 
REQUEST		AddTourToCart	1612456550462	1612456552030	OK	 
REQUEST		ConfirmPayment	1612456551822	1612456552130	OK	 
REQUEST		ConfirmPayment	1612456551896	1612456552132	OK	 
REQUEST		AddToCart	1612456552165	1612456552224	OK	 
REQUEST		AddTourToCart	1612456552030	1612456552224	OK	 
REQUEST		GetToken	1612456551981	1612456552225	OK	 
REQUEST		CreateTimed	1612456552219	1612456552268	OK	 
REQUEST		BookingDetails	1612456552262	1612456552307	OK	 
USER	Timed1	START	1612456552453
REQUEST		ConfirmPayment	1612456552315	1612456552626	OK	 
REQUEST		GetToken	1612456552454	1612456552694	OK	 
REQUEST		AddToCart	1612456552736	1612456552782	OK	 
REQUEST		GetTours	1612456552777	1612456552976	OK	 
USER	Timed1	END	1612456553068
REQUEST		CreateTimed	1612456553009	1612456553083	OK	 
REQUEST		AddTourToCart	1612456552872	1612456553084	OK	 
USER	Timed1	END	1612456553135
USER	Timed1	END	1612456553136
REQUEST		AddTourToCart	1612456553059	1612456553259	OK	 
USER	Timed1	START	1612456553454
REQUEST		BookingDetails	1612456553290	1612456553561	OK	 
REQUEST		ConfirmPayment	1612456549770	1612456553554	KO	status.find.in(200,201,202,203,204,205,206,207,208,209,304), found 400
REQUEST		GetTours	1612456553285	1612456553635	OK	 
REQUEST		AddToCart	1612456553286	1612456553562	OK	 
USER	Timed1	END	1612456553634
REQUEST		AddToCart	1612456553701	1612456553783	OK	 
REQUEST		GetToken	1612456553454	1612456553784	OK	 
USER	Timed1	START	1612456553954
REQUEST		ConfirmPayment	1612456553669	1612456554063	OK	 
REQUEST		GetToken	1612456553955	1612456554229	OK	 
REQUEST		BookingDetails	1612456554097	1612456554234	OK	 
REQUEST		GetTours	1612456553805	1612456554318	OK	 
REQUEST		AddTourToCart	1612456553980	1612456554368	OK	 
USER	Timed1	START	1612456554453
REQUEST		ConfirmPayment	1612456554252	1612456554453	OK	 
REQUEST		CreateTimed	1612456554405	1612456554484	OK	 
REQUEST		GetToken	1612456554454	1612456554633	OK	 
USER	Timed1	END	1612456554712
USER	Timed1	START	1612456554954
REQUEST		CreateTimed	1612456554635	1612456555152	OK	 
REQUEST		CreateTimed	1612456554581	1612456555152	OK	 
USER	Timed1	END	1612456555153
REQUEST		AddToCart	1612456554813	1612456555181	OK	 
REQUEST		AddTourToCart	1612456554727	1612456555252	OK	 
REQUEST		GetTours	1612456554731	1612456555252	OK	 
REQUEST		GetTours	1612456554815	1612456555256	OK	 
REQUEST		AddToCart	1612456555251	1612456555299	OK	 
REQUEST		GetToken	1612456554955	1612456555353	OK	 
USER	Timed1	START	1612456555455
USER	Timed1	END	1612456555484
REQUEST		CreateTimed	1612456555386	1612456555486	OK	 
REQUEST		AddTourToCart	1612456555385	1612456555577	OK	 
REQUEST		BookingDetails	1612456555553	1612456555603	OK	 
REQUEST		GetToken	1612456555481	1612456555670	OK	 
REQUEST		CreateTimed	1612456555670	1612456555740	OK	 
REQUEST		AddToCart	1612456555713	1612456555763	OK	 
REQUEST		ConfirmPayment	1612456555605	1612456555805	OK	 
REQUEST		BookingDetails	1612456556177	1612456556235	OK	 
REQUEST		BookingDetails	1612456556179	1612456556239	OK	 
USER	Timed1	START	1612456556455
REQUEST		AddToCart	1612456556386	1612456556471	OK	 
REQUEST		ConfirmPayment	1612456556246	1612456556490	OK	 
REQUEST		ConfirmPayment	1612456556237	1612456556491	OK	 
REQUEST		GetTours	1612456556271	1612456556517	OK	 
REQUEST		AddTourToCart	1612456556272	1612456556518	OK	 
REQUEST		AddTourToCart	1612456556272	1612456556541	OK	 
REQUEST		BookingDetails	1612456556562	1612456556610	OK	 
REQUEST		GetToken	1612456556470	1612456556634	OK	 
REQUEST		CreateTimed	1612456556579	1612456556637	OK	 
REQUEST		GetTours	1612456556331	1612456556637	OK	 
REQUEST		AddToCart	1612456556693	1612456556748	OK	 
REQUEST		ConfirmPayment	1612456556633	1612456556798	OK	 
REQUEST		BookingDetails	1612456556748	1612456556801	OK	 
USER	Timed1	END	1612456556819
USER	Timed1	START	1612456556953
REQUEST		GetTours	1612456556797	1612456556995	OK	 
REQUEST		ConfirmPayment	1612456556803	1612456557065	OK	 
REQUEST		CreateTimed	1612456557015	1612456557088	OK	 
REQUEST		GetToken	1612456556954	1612456557141	OK	 
USER	Timed1	START	1612456557454
USER	Timed1	END	1612456557502
USER	Timed1	END	1612456557502
REQUEST		GetTours	1612456557494	1612456557717	OK	 
REQUEST		AddToCart	1612456557640	1612456557718	OK	 
REQUEST		GetToken	1612456557454	1612456557719	OK	 
REQUEST		BookingDetails	1612456557655	1612456557722	OK	 
USER	Timed1	END	1612456557805
REQUEST		AddTourToCart	1612456557522	1612456557824	OK	 
USER	Timed1	START	1612456557955
USER	Timed1	END	1612456558089
REQUEST		CreateTimed	1612456558039	1612456558155	OK	 
REQUEST		BookingDetails	1612456558091	1612456558185	OK	 
REQUEST		GetToken	1612456558039	1612456558225	OK	 
REQUEST		AddToCart	1612456558155	1612456558225	OK	 
REQUEST		ConfirmPayment	1612456557724	1612456558262	OK	 
REQUEST		CreateTimed	1612456558236	1612456558313	OK	 
REQUEST		AddTourToCart	1612456557655	1612456558356	OK	 
REQUEST		GetTours	1612456557754	1612456558356	OK	 
REQUEST		AddTourToCart	1612456558086	1612456558398	OK	 
REQUEST		ConfirmPayment	1612456558199	1612456558401	OK	 
USER	Timed1	START	1612456558454
REQUEST		GetToken	1612456558454	1612456558700	OK	 
REQUEST		AddToCart	1612456558723	1612456558772	OK	 
REQUEST		GetTours	1612456558722	1612456558982	OK	 
REQUEST		AddTourToCart	1612456558722	1612456558982	OK	 
REQUEST		CreateTimed	1612456558981	1612456559043	OK	 
USER	Timed1	END	1612456559271
USER	Timed1	END	1612456559404
USER	Timed1	START	1612456559458
REQUEST		CreateTimed	1612456559070	1612456559541	OK	 
REQUEST		BookingDetails	1612456559162	1612456559701	OK	 
REQUEST		AddToCart	1612456559233	1612456559741	OK	 
REQUEST		BookingDetails	1612456559357	1612456559742	OK	 
REQUEST		CreateTimed	1612456559288	1612456559747	OK	 
REQUEST		GetTours	1612456559236	1612456559773	OK	 
REQUEST		AddToCart	1612456559703	1612456559776	OK	 
REQUEST		AddTourToCart	1612456559361	1612456559823	OK	 
REQUEST		GetToken	1612456559471	1612456559824	OK	 
REQUEST		ConfirmPayment	1612456559703	1612456559881	OK	 
REQUEST		ConfirmPayment	1612456559771	1612456559942	OK	 
USER	Timed1	START	1612456559955
REQUEST		GetTours	1612456559775	1612456559987	OK	 
REQUEST		BookingDetails	1612456560070	1612456560136	OK	 
REQUEST		AddTourToCart	1612456559987	1612456560209	OK	 
REQUEST		CreateTimed	1612456560133	1612456560213	OK	 
REQUEST		GetToken	1612456559975	1612456560265	OK	 
REQUEST		CreateTimed	1612456560289	1612456560349	OK	 
REQUEST		ConfirmPayment	1612456560209	1612456560404	OK	 
USER	Timed1	START	1612456560457
REQUEST		GetToken	1612456560459	1612456560590	OK	 
REQUEST		BookingDetails	1612456560702	1612456560749	OK	 
REQUEST		BookingDetails	1612456560776	1612456560808	OK	 
REQUEST		AddToCart	1612456560830	1612456560877	OK	 
USER	Timed1	END	1612456560884
USER	Timed1	END	1612456560946
REQUEST		ConfirmPayment	1612456560753	1612456560949	OK	 
REQUEST		GetTours	1612456560749	1612456560950	OK	 
USER	Timed1	START	1612456560954
REQUEST		GetTours	1612456560780	1612456561005	OK	 
REQUEST		AddTourToCart	1612456560776	1612456561022	OK	 
REQUEST		ConfirmPayment	1612456560809	1612456561092	OK	 
REQUEST		AddTourToCart	1612456560993	1612456561193	OK	 
REQUEST		GetToken	1612456560954	1612456561239	OK	 
REQUEST		BookingDetails	1612456561228	1612456561294	OK	 
REQUEST		AddToCart	1612456561274	1612456561325	OK	 
REQUEST		BookingDetails	1612456561354	1612456561401	OK	 
USER	Timed1	END	1612456561422
USER	Timed1	START	1612456561454
REQUEST		CreateTimed	1612456561389	1612456561459	OK	 
REQUEST		ConfirmPayment	1612456561297	1612456561480	OK	 
REQUEST		ConfirmPayment	1612456561421	1612456561562	OK	 
REQUEST		GetToken	1612456561455	1612456561632	OK	 
REQUEST		AddToCart	1612456561636	1612456561702	OK	 
USER	Timed1	END	1612456561955
USER	Timed1	END	1612456562099
REQUEST		AddTourToCart	1612456561955	1612456562261	KO	status.find.in(200,201,202,203,204,205,206,207,208,209,304), found 400
REQUEST		GetTours	1612456561881	1612456562360	OK	 
USER	Timed1	START	1612456562454
REQUEST		AddTourToCart	1612456562024	1612456562459	OK	 
USER	Timed1	END	1612456562489
USER	Timed1	END	1612456562569
REQUEST		CreateTimed	1612456562292	1612456562596	OK	 
REQUEST		AddToCart	1612456562252	1612456562615	OK	 
REQUEST		BookingDetails	1612456562462	1612456562747	OK	 
REQUEST		GetTours	1612456562327	1612456562751	OK	 
REQUEST		GetToken	1612456562454	1612456562756	OK	 
REQUEST		CreateTimed	1612456562591	1612456562761	OK	 
REQUEST		AddToCart	1612456562639	1612456562766	OK	 
REQUEST		ConfirmPayment	1612456562750	1612456562929	OK	 
REQUEST		GetTours	1612456562758	1612456562945	OK	 
USER	Timed1	START	1612456562956
REQUEST		GetToken	1612456562965	1612456563102	OK	 
USER	Timed1	START	1612456563453
REQUEST		CreateTimed	1612456563523	1612456563561	OK	 
REQUEST		AddTourToCart	1612456563368	1612456563582	OK	 
REQUEST		CreateTimed	1612456563545	1612456563600	OK	 
REQUEST		GetToken	1612456563454	1612456563631	OK	 
REQUEST		BookingDetails	1612456563600	1612456563646	OK	 
REQUEST		GetTours	1612456563631	1612456563845	OK	 
REQUEST		AddToCart	1612456563813	1612456563869	OK	 
REQUEST		BookingDetails	1612456563827	1612456563875	OK	 
REQUEST		ConfirmPayment	1612456563678	1612456563925	OK	 
USER	Timed1	END	1612456563936
USER	Timed1	START	1612456563956
REQUEST		AddTourToCart	1612456563812	1612456564072	OK	 
REQUEST		GetTours	1612456563844	1612456564077	OK	 
REQUEST		AddToCart	1612456564109	1612456564194	OK	 
REQUEST		AddTourToCart	1612456563950	1612456564196	OK	 
REQUEST		GetToken	1612456563968	1612456564196	OK	 
USER	Timed1	START	1612456564453
REQUEST		BookingDetails	1612456564564	1612456564629	OK	 
REQUEST		GetToken	1612456564456	1612456564634	OK	 
REQUEST		AddToCart	1612456564636	1612456564762	OK	 
REQUEST		BookingDetails	1612456564606	1612456564762	OK	 
REQUEST		ConfirmPayment	1612456564631	1612456564880	OK	 
USER	Timed1	END	1612456564932
REQUEST		CreateTimed	1612456564880	1612456564971	OK	 
REQUEST		ConfirmPayment	1612456564764	1612456564993	OK	 
REQUEST		AddTourToCart	1612456564887	1612456565110	OK	 
REQUEST		GetTours	1612456564888	1612456565110	OK	 
REQUEST		ConfirmPayment	1612456563891	1612456565196	OK	 
REQUEST		AddToCart	1612456565201	1612456565271	OK	 
REQUEST		AddTourToCart	1612456565080	1612456565297	OK	 
REQUEST		GetTours	1612456565201	1612456565429	OK	 
REQUEST		CreateTimed	1612456565386	1612456565445	OK	 
USER	Timed1	START	1612456565455
REQUEST		CreateTimed	1612456565427	1612456565486	OK	 
REQUEST		GetToken	1612456565485	1612456565626	OK	 
REQUEST		AddToCart	1612456565662	1612456565713	OK	 
USER	Timed1	END	1612456565937
USER	Timed1	START	1612456565954
REQUEST		GetTours	1612456565767	1612456566089	OK	 
REQUEST		BookingDetails	1612456565995	1612456566091	OK	 
USER	Timed1	END	1612456566090
REQUEST		CreateTimed	1612456565994	1612456566094	OK	 
USER	Timed1	END	1612456566204
REQUEST		GetToken	1612456565993	1612456566236	OK	 
REQUEST		ConfirmPayment	1612456566095	1612456566330	OK	 
REQUEST		AddTourToCart	1612456566150	1612456566376	OK	 
REQUEST		GetTours	1612456566276	1612456566532	OK	 
USER	Timed1	START	1612456566522
REQUEST		BookingDetails	1612456566595	1612456566666	OK	 
REQUEST		AddToCart	1612456566630	1612456566708	OK	 
REQUEST		BookingDetails	1612456566613	1612456566707	OK	 
REQUEST		AddTourToCart	1612456566531	1612456566830	OK	 
REQUEST		ConfirmPayment	1612456566671	1612456566847	OK	 
REQUEST		GetToken	1612456566596	1612456566877	OK	 
REQUEST		CreateTimed	1612456566830	1612456566898	OK	 
USER	Timed1	START	1612456566960
REQUEST		ConfirmPayment	1612456566710	1612456567050	OK	 
REQUEST		GetTours	1612456566759	1612456567050	OK	 
REQUEST		BookingDetails	1612456567160	1612456567212	OK	 
REQUEST		GetToken	1612456567047	1612456567212	OK	 
REQUEST		AddTourToCart	1612456567101	1612456567307	OK	 
REQUEST		CreateTimed	1612456567247	1612456567313	OK	 
REQUEST		AddToCart	1612456567248	1612456567330	OK	 
USER	Timed1	END	1612456567337
REQUEST		ConfirmPayment	1612456567214	1612456567432	OK	 
USER	Timed1	START	1612456567459
REQUEST		GetToken	1612456567462	1612456567790	OK	 
REQUEST		AddTourToCart	1612456567624	1612456567830	OK	 
USER	Timed1	END	1612456567855
REQUEST		GetTours	1612456567711	1612456567917	OK	 
REQUEST		AddToCart	1612456567884	1612456567954	OK	 
REQUEST		BookingDetails	1612456567915	1612456567976	OK	 
USER	Timed1	END	1612456568144
REQUEST		CreateTimed	1612456568072	1612456568162	OK	 
REQUEST		ConfirmPayment	1612456567979	1612456568247	OK	 
REQUEST		CreateTimed	1612456568229	1612456568300	OK	 
REQUEST		AddTourToCart	1612456568143	1612456568350	OK	 
REQUEST		AddToCart	1612456568247	1612456568357	OK	 
REQUEST		BookingDetails	1612456568350	1612456568417	OK	 
USER	Timed1	END	1612456568438
USER	Timed1	START	1612456568454
REQUEST		GetTours	1612456568380	1612456568558	OK	 
REQUEST		ConfirmPayment	1612456568422	1612456568608	OK	 
REQUEST		GetToken	1612456568456	1612456568711	OK	 
REQUEST		AddToCart	1612456568807	1612456568881	OK	 
USER	Timed1	START	1612456568956
REQUEST		GetToken	1612456568961	1612456569095	OK	 
REQUEST		GetTours	1612456568964	1612456569175	OK	 
REQUEST		BookingDetails	1612456569168	1612456569249	OK	 
REQUEST		AddTourToCart	1612456568963	1612456569376	OK	 
USER	Timed1	END	1612456569379
USER	Timed1	START	1612456569453
REQUEST		BookingDetails	1612456569376	1612456569491	OK	 
REQUEST		CreateTimed	1612456569376	1612456569491	OK	 
REQUEST		CreateTimed	1612456569464	1612456569527	OK	 
USER	Timed1	END	1612456569614
REQUEST		GetToken	1612456569454	1612456569841	OK	 
REQUEST		AddTourToCart	1612456569561	1612456569868	OK	 
REQUEST		GetTours	1612456569384	1612456569868	OK	 
REQUEST		AddToCart	1612456569808	1612456569873	OK	 
REQUEST		ConfirmPayment	1612456569519	1612456569875	OK	 
USER	Timed1	START	1612456569954
REQUEST		GetToken	1612456569955	1612456570065	OK	 
REQUEST		GetTours	1612456569901	1612456570067	OK	 
REQUEST		AddToCart	1612456570102	1612456570198	OK	 
REQUEST		AddTourToCart	1612456570194	1612456570398	OK	 
USER	Timed1	START	1612456570453
REQUEST		BookingDetails	1612456570520	1612456570579	OK	 
REQUEST		GetToken	1612456570453	1612456570608	OK	 
REQUEST		BookingDetails	1612456570534	1612456570616	OK	 
REQUEST		CreateTimed	1612456570585	1612456570744	OK	 
REQUEST		ConfirmPayment	1612456569262	1612456570784	OK	 
REQUEST		ConfirmPayment	1612456570631	1612456570819	OK	 
USER	Timed1	END	1612456570902
REQUEST		AddToCart	1612456570870	1612456570941	OK	 
REQUEST		GetTours	1612456570879	1612456571037	OK	 
REQUEST		AddTourToCart	1612456570880	1612456571045	OK	 
REQUEST		AddToCart	1612456571069	1612456571117	OK	 
REQUEST		CreateTimed	1612456571086	1612456571117	OK	 
REQUEST		CreateTimed	1612456571219	1612456571302	OK	 
REQUEST		AddTourToCart	1612456571071	1612456571304	OK	 
REQUEST		GetTours	1612456571202	1612456571419	OK	 
USER	Timed1	START	1612456571454
REQUEST		GetToken	1612456571455	1612456571632	OK	 
REQUEST		AddToCart	1612456571614	1612456571659	OK	 
REQUEST		BookingDetails	1612456571763	1612456571845	OK	 
USER	Timed1	END	1612456571844
USER	Timed1	END	1612456571852
USER	Timed1	START	1612456571954
REQUEST		ConfirmPayment	1612456571867	1612456572234	OK	 
REQUEST		BookingDetails	1612456572273	1612456572380	OK	 
REQUEST		CreateTimed	1612456572235	1612456572380	OK	 
REQUEST		GetTours	1612456571985	1612456572417	OK	 
REQUEST		GetTours	1612456572235	1612456572417	OK	 
REQUEST		BookingDetails	1612456572379	1612456572447	OK	 
REQUEST		AddTourToCart	1612456572234	1612456572443	OK	 
REQUEST		CreateTimed	1612456572379	1612456572445	OK	 
USER	Timed1	START	1612456572455
REQUEST		GetToken	1612456572218	1612456572514	OK	 
REQUEST		AddTourToCart	1612456572424	1612456572643	OK	 
REQUEST		ConfirmPayment	1612456572383	1612456572646	OK	 
REQUEST		AddToCart	1612456572638	1612456572723	OK	 
REQUEST		GetToken	1612456572514	1612456572789	OK	 
REQUEST		ConfirmPayment	1612456572475	1612456572795	OK	 
REQUEST		GetTours	1612456572666	1612456572876	OK	 
USER	Timed1	START	1612456572954
REQUEST		GetToken	1612456572954	1612456573090	OK	 
USER	Timed1	END	1612456573278
REQUEST		CreateTimed	1612456573379	1612456573503	OK	 
USER	Timed1	START	1612456573455
REQUEST		BookingDetails	1612456573384	1612456573586	OK	 
USER	Timed1	END	1612456573650
REQUEST		AddToCart	1612456573588	1612456573795	OK	 
REQUEST		BookingDetails	1612456573556	1612456573798	OK	 
USER	Timed1	END	1612456573798
REQUEST		GetToken	1612456573553	1612456573826	OK	 
REQUEST		AddToCart	1612456573797	1612456573939	OK	 
REQUEST		ConfirmPayment	1612456573621	1612456573979	OK	 
REQUEST		CreateTimed	1612456573869	1612456573979	OK	 
REQUEST		AddTourToCart	1612456573472	1612456574083	OK	 
REQUEST		GetTours	1612456573790	1612456574086	OK	 
REQUEST		ConfirmPayment	1612456573800	1612456574089	OK	 
REQUEST		ConfirmPayment	1612456570584	1612456574185	KO	status.find.in(200,201,202,203,204,205,206,207,208,209,304), found 400
REQUEST		AddToCart	1612456574097	1612456574185	OK	 
REQUEST		AddTourToCart	1612456573884	1612456574187	OK	 
REQUEST		CreateTimed	1612456574351	1612456574431	OK	 
USER	Timed1	START	1612456574453
REQUEST		BookingDetails	1612456574606	1612456574748	OK	 
REQUEST		GetToken	1612456574453	1612456574770	OK	 
USER	Timed1	START	1612456574953
REQUEST		AddToCart	1612456574844	1612456574970	OK	 
USER	Timed1	END	1612456574988
REQUEST		ConfirmPayment	1612456574750	1612456575017	OK	 
REQUEST		GetTours	1612456574801	1612456575221	OK	 
REQUEST		AddTourToCart	1612456573471	1612456575225	OK	 
REQUEST		CreateTimed	1612456574851	1612456575231	OK	 
REQUEST		BookingDetails	1612456574987	1612456575234	OK	 
REQUEST		GetTours	1612456574946	1612456575262	OK	 
USER	Timed1	END	1612456575241
USER	Timed1	END	1612456575254
REQUEST		GetToken	1612456574954	1612456575366	OK	 
REQUEST		CreateTimed	1612456575392	1612456575449	OK	 
USER	Timed1	START	1612456575453
REQUEST		BookingDetails	1612456575445	1612456575492	OK	 
REQUEST		GetToken	1612456575454	1612456575589	OK	 
REQUEST		GetTours	1612456575256	1612456575625	OK	 
REQUEST		AddTourToCart	1612456575251	1612456575706	OK	 
REQUEST		AddToCart	1612456575772	1612456575834	OK	 
USER	Timed1	START	1612456575954
REQUEST		ConfirmPayment	1612456575236	1612456576210	OK	 
REQUEST		GetToken	1612456576023	1612456576246	OK	 
USER	Timed1	END	1612456576246
REQUEST		BookingDetails	1612456576247	1612456576336	OK	 
USER	Timed1	START	1612456576453
REQUEST		AddToCart	1612456576377	1612456576465	OK	 
REQUEST		GetTours	1612456576042	1612456576505	OK	 
REQUEST		BookingDetails	1612456576452	1612456576509	OK	 
REQUEST		ConfirmPayment	1612456576338	1612456576656	OK	 
REQUEST		AddTourToCart	1612456576279	1612456576658	OK	 
REQUEST		CreateTimed	1612456576383	1612456576659	OK	 
REQUEST		ConfirmPayment	1612456575497	1612456576817	OK	 
REQUEST		AddTourToCart	1612456576259	1612456576941	OK	 
REQUEST		ConfirmPayment	1612456576641	1612456576942	OK	 
REQUEST		AddToCart	1612456576659	1612456577131	OK	 
REQUEST		GetToken	1612456576457	1612456577182	OK	 
USER	Timed1	END	1612456577227
REQUEST		CreateTimed	1612456577182	1612456577230	OK	 
REQUEST		GetTours	1612456577133	1612456577319	OK	 
REQUEST		AddToCart	1612456577275	1612456577320	OK	 
REQUEST		AddTourToCart	1612456577132	1612456577347	OK	 
USER	Timed1	START	1612456577491
REQUEST		CreateTimed	1612456577492	1612456577558	OK	 
USER	Timed1	END	1612456577674
REQUEST		GetToken	1612456577502	1612456577719	OK	 
REQUEST		AddTourToCart	1612456577510	1612456577721	OK	 
REQUEST		GetTours	1612456577654	1612456577857	OK	 
USER	Timed1	END	1612456577950
USER	Timed1	START	1612456577957
REQUEST		BookingDetails	1612456577941	1612456577993	OK	 
REQUEST		GetToken	1612456577959	1612456578111	OK	 
USER	Timed1	END	1612456578140
REQUEST		ConfirmPayment	1612456577995	1612456578241	OK	 
REQUEST		AddToCart	1612456578193	1612456578395	OK	 
REQUEST		BookingDetails	1612456578241	1612456578395	OK	 
REQUEST		CreateTimed	1612456578320	1612456578404	OK	 
REQUEST		GetTours	1612456578175	1612456578407	OK	 
USER	Timed1	START	1612456578455
REQUEST		CreateTimed	1612456578422	1612456578467	OK	 
REQUEST		GetTours	1612456578360	1612456578564	OK	 
REQUEST		ConfirmPayment	1612456578403	1612456578568	OK	 
REQUEST		AddTourToCart	1612456578361	1612456578587	OK	 
REQUEST		GetToken	1612456578455	1612456578587	OK	 
REQUEST		BookingDetails	1612456578562	1612456578612	OK	 
REQUEST		AddToCart	1612456578762	1612456578835	OK	 
REQUEST		ConfirmPayment	1612456578615	1612456578838	OK	 
USER	Timed1	START	1612456578955
REQUEST		GetToken	1612456578957	1612456579076	OK	 
REQUEST		AddToCart	1612456579119	1612456579272	OK	 
USER	Timed1	END	1612456579277
REQUEST		AddTourToCart	1612456578906	1612456579324	OK	 
REQUEST		BookingDetails	1612456579409	1612456579460	OK	 
USER	Timed1	START	1612456579456
USER	Timed1	END	1612456579595
REQUEST		GetTours	1612456579405	1612456579600	OK	 
REQUEST		BookingDetails	1612456579491	1612456579601	OK	 
REQUEST		CreateTimed	1612456579559	1612456579629	OK	 
REQUEST		AddToCart	1612456579595	1612456579635	OK	 
REQUEST		AddTourToCart	1612456579410	1612456579663	OK	 
REQUEST		CreateTimed	1612456579654	1612456579770	OK	 
REQUEST		ConfirmPayment	1612456579462	1612456579772	OK	 
REQUEST		GetToken	1612456579460	1612456579768	OK	 
REQUEST		AddTourToCart	1612456579573	1612456579799	OK	 
REQUEST		ConfirmPayment	1612456579629	1612456579822	OK	 
USER	Timed1	END	1612456579850
REQUEST		GetTours	1612456579849	1612456580030	OK	 
REQUEST		AddToCart	1612456580079	1612456580127	OK	 
USER	Timed1	START	1612456580454
REQUEST		GetTours	1612456580287	1612456580460	OK	 
REQUEST		GetToken	1612456580454	1612456580641	OK	 
REQUEST		BookingDetails	1612456580636	1612456580677	OK	 
USER	Timed1	END	1612456580778
REQUEST		GetTours	1612456580640	1612456580813	OK	 
USER	Timed1	END	1612456580852
REQUEST		AddTourToCart	1612456580630	1612456580862	OK	 
REQUEST		BookingDetails	1612456580773	1612456580893	OK	 
REQUEST		AddToCart	1612456580777	1612456580893	OK	 
REQUEST		ConfirmPayment	1612456580680	1612456580913	OK	 
USER	Timed1	START	1612456580955
REQUEST		ConfirmPayment	1612456580895	1612456581186	OK	 
REQUEST		GetToken	1612456580996	1612456581264	OK	 
REQUEST		AddTourToCart	1612456581088	1612456581278	OK	 
REQUEST		CreateTimed	1612456581256	1612456581303	OK	 
REQUEST		CreateTimed	1612456581259	1612456581309	OK	 
REQUEST		GetTours	1612456581194	1612456581410	OK	 
USER	Timed1	START	1612456581456
REQUEST		AddTourToCart	1612456581463	1612456581648	OK	 
REQUEST		GetToken	1612456581459	1612456581698	OK	 
REQUEST		AddToCart	1612456581645	1612456581740	OK	 
USER	Timed1	END	1612456581916
USER	Timed1	START	1612456581957
REQUEST		GetToken	1612456581958	1612456582130	OK	 
USER	Timed1	END	1612456582225
REQUEST		CreateTimed	1612456582247	1612456582307	OK	 
REQUEST		AddToCart	1612456582305	1612456582370	OK	 
REQUEST		BookingDetails	1612456582312	1612456582397	OK	 
REQUEST		BookingDetails	1612456582337	1612456582401	OK	 
REQUEST		GetTours	1612456581900	1612456582456	OK	 
USER	Timed1	START	1612456582460
REQUEST		AddTourToCart	1612456581828	1612456582660	OK	 
REQUEST		GetToken	1612456582461	1612456582658	OK	 
REQUEST		ConfirmPayment	1612456582398	1612456582822	OK	 
REQUEST		ConfirmPayment	1612456582403	1612456582822	OK	 
REQUEST		AddToCart	1612456582708	1612456582826	OK	 
REQUEST		AddTourToCart	1612456582426	1612456582829	OK	 
REQUEST		CreateTimed	1612456582823	1612456582869	OK	 
REQUEST		GetTours	1612456582821	1612456583008	OK	 
REQUEST		AddToCart	1612456583160	1612456583213	OK	 
REQUEST		BookingDetails	1612456583339	1612456583394	OK	 
USER	Timed1	START	1612456583617
REQUEST		AddToCart	1612456583713	1612456583772	OK	 
REQUEST		GetTours	1612456583393	1612456583774	OK	 
REQUEST		AddTourToCart	1612456583583	1612456583816	OK	 
USER	Timed1	END	1612456583843
USER	Timed1	END	1612456583843
REQUEST		ConfirmPayment	1612456583579	1612456583844	OK	 
REQUEST		GetToken	1612456583631	1612456583853	OK	 
REQUEST		BookingDetails	1612456583882	1612456583930	OK	 
USER	Timed1	START	1612456583957
REQUEST		CreateTimed	1612456583924	1612456583970	OK	 
REQUEST		GetTours	1612456583844	1612456584019	OK	 
REQUEST		CreateTimed	1612456584143	1612456584256	OK	 
REQUEST		GetToken	1612456583964	1612456584251	OK	 
REQUEST		ConfirmPayment	1612456583932	1612456584379	OK	 
REQUEST		CreateTimed	1612456584363	1612456584432	OK	 
USER	Timed1	START	1612456584456
REQUEST		AddTourToCart	1612456584014	1612456584627	OK	 
REQUEST		GetTours	1612456584281	1612456584697	OK	 
REQUEST		GetToken	1612456584467	1612456584798	OK	 
REQUEST		CreateTimed	1612456584772	1612456584828	OK	 
USER	Timed1	END	1612456584855
REQUEST		AddToCart	1612456584884	1612456584933	OK	 
USER	Timed1	START	1612456584954
REQUEST		GetTours	1612456584775	1612456584965	OK	 
REQUEST		AddTourToCart	1612456584777	1612456585061	OK	 
REQUEST		BookingDetails	1612456585062	1612456585145	OK	 
REQUEST		GetToken	1612456584954	1612456585148	OK	 
REQUEST		AddTourToCart	1612456585063	1612456585266	OK	 
REQUEST		BookingDetails	1612456585288	1612456585342	OK	 
REQUEST		AddToCart	1612456585288	1612456585342	OK	 
REQUEST		ConfirmPayment	1612456585149	1612456585385	OK	 
USER	Timed1	END	1612456585389
REQUEST		BookingDetails	1612456585435	1612456585492	OK	 
USER	Timed1	START	1612456585458
REQUEST		ConfirmPayment	1612456585348	1612456585530	OK	 
REQUEST		ConfirmPayment	1612456585494	1612456585734	OK	 
REQUEST		GetToken	1612456585492	1612456585734	OK	 
REQUEST		CreateTimed	1612456585645	1612456585765	OK	 
REQUEST		AddToCart	1612456585800	1612456585839	OK	 
REQUEST		BookingDetails	1612456585831	1612456585892	OK	 
REQUEST		AddTourToCart	1612456585719	1612456585942	OK	 
REQUEST		ConfirmPayment	1612456585898	1612456586306	OK	 
REQUEST		GetTours	1612456585942	1612456586316	OK	 
REQUEST		AddToCart	1612456586314	1612456586380	OK	 
USER	Timed1	START	1612456586514
USER	Timed1	END	1612456586598
REQUEST		AddTourToCart	1612456586306	1612456586619	OK	 
REQUEST		CreateTimed	1612456586377	1612456586619	OK	 
REQUEST		GetTours	1612456586380	1612456586625	OK	 
USER	Timed1	END	1612456586627
REQUEST		CreateTimed	1612456586672	1612456586717	OK	 
USER	Timed1	END	1612456586740
REQUEST		GetToken	1612456586617	1612456586765	OK	 
REQUEST		AddToCart	1612456586739	1612456586801	OK	 
REQUEST		BookingDetails	1612456586768	1612456586867	OK	 
REQUEST		CreateTimed	1612456586806	1612456586891	OK	 
USER	Timed1	START	1612456586956
REQUEST		ConfirmPayment	1612456586869	1612456587084	OK	 
REQUEST		GetTours	1612456586858	1612456587178	OK	 
REQUEST		GetToken	1612456586963	1612456587253	OK	 
USER	Timed1	END	1612456587313
USER	Timed1	START	1612456587458
REQUEST		AddTourToCart	1612456587321	1612456587693	OK	 
REQUEST		GetToken	1612456587483	1612456587835	OK	 
REQUEST		GetTours	1612456587471	1612456587835	OK	 
REQUEST		BookingDetails	1612456587654	1612456587902	OK	 
REQUEST		BookingDetails	1612456587739	1612456587924	OK	 
REQUEST		AddToCart	1612456587768	1612456587925	OK	 
REQUEST		CreateTimed	1612456587864	1612456587949	OK	 
USER	Timed1	START	1612456587961
USER	Timed1	END	1612456588112
REQUEST		AddTourToCart	1612456587653	1612456588168	OK	 
REQUEST		ConfirmPayment	1612456587903	1612456588169	OK	 
REQUEST		BookingDetails	1612456587924	1612456588221	OK	 
REQUEST		GetTours	1612456587804	1612456588226	OK	 
REQUEST		GetToken	1612456587968	1612456588261	OK	 
REQUEST		AddToCart	1612456588260	1612456588310	OK	 
REQUEST		ConfirmPayment	1612456587932	1612456588352	OK	 
REQUEST		CreateTimed	1612456588314	1612456588382	OK	 
REQUEST		ConfirmPayment	1612456588224	1612456588514	OK	 
USER	Timed1	START	1612456588500
REQUEST		AddTourToCart	1612456588193	1612456588545	OK	 
REQUEST		GetToken	1612456588516	1612456588719	OK	 
REQUEST		CreateTimed	1612456588719	1612456588779	OK	 
REQUEST		AddToCart	1612456588870	1612456588919	OK	 
REQUEST		BookingDetails	1612456588952	1612456588998	OK	 
REQUEST		AddTourToCart	1612456588871	1612456589193	OK	 
USER	Timed1	END	1612456589195
REQUEST		ConfirmPayment	1612456588999	1612456589261	OK	 
REQUEST		GetTours	1612456588937	1612456589287	OK	 
REQUEST		AddToCart	1612456589286	1612456589345	OK	 
USER	Timed1	END	1612456589369
USER	Timed1	START	1612456589455
REQUEST		BookingDetails	1612456589385	1612456589504	OK	 
USER	Timed1	END	1612456589550
REQUEST		AddTourToCart	1612456589254	1612456589647	OK	 
REQUEST		GetTours	1612456589315	1612456589646	OK	 
REQUEST		ConfirmPayment	1612456589505	1612456589866	OK	 
REQUEST		CreateTimed	1612456589714	1612456589888	OK	 
REQUEST		AddToCart	1612456589732	1612456589888	OK	 
REQUEST		GetToken	1612456589470	1612456589888	OK	 
USER	Timed1	START	1612456589953
REQUEST		GetTours	1612456589923	1612456590103	OK	 
REQUEST		BookingDetails	1612456589784	1612456590243	OK	 
REQUEST		GetToken	1612456589954	1612456590248	OK	 
REQUEST		CreateTimed	1612456589845	1612456590287	OK	 
USER	Timed1	END	1612456590291
USER	Timed1	START	1612456590484
REQUEST		ConfirmPayment	1612456590247	1612456590498	OK	 
REQUEST		AddTourToCart	1612456590292	1612456590519	OK	 
REQUEST		GetTours	1612456590348	1612456590582	OK	 
REQUEST		GetToken	1612456590489	1612456590702	OK	 
USER	Timed1	END	1612456590892
REQUEST		AddTourToCart	1612456590721	1612456590911	OK	 
REQUEST		CreateTimed	1612456590889	1612456590939	OK	 
REQUEST		BookingDetails	1612456590896	1612456590940	OK	 
REQUEST		AddToCart	1612456590902	1612456590969	OK	 
USER	Timed1	START	1612456590955
REQUEST		GetTours	1612456590897	1612456591114	OK	 
REQUEST		GetToken	1612456590969	1612456591114	OK	 
REQUEST		ConfirmPayment	1612456590947	1612456591135	OK	 
REQUEST		AddToCart	1612456591286	1612456591365	OK	 
REQUEST		AddTourToCart	1612456591169	1612456591389	OK	 
REQUEST		BookingDetails	1612456591363	1612456591423	OK	 
USER	Timed1	START	1612456591454
USER	Timed1	END	1612456591524
REQUEST		ConfirmPayment	1612456591424	1612456591601	OK	 
REQUEST		GetToken	1612456591458	1612456591719	OK	 
REQUEST		AddToCart	1612456591719	1612456591814	OK	 
REQUEST		CreateTimed	1612456591719	1612456591815	OK	 
REQUEST		AddTourToCart	1612456591586	1612456591820	OK	 
USER	Timed1	END	1612456592141
USER	Timed1	START	1612456592487
REQUEST		BookingDetails	1612456591950	1612456592532	OK	 
REQUEST		CreateTimed	1612456592306	1612456592533	OK	 
REQUEST		AddToCart	1612456592120	1612456592535	OK	 
REQUEST		CreateTimed	1612456592314	1612456592563	OK	 
USER	Timed1	END	1612456592657
REQUEST		GetToken	1612456592519	1612456592741	OK	 
REQUEST		AddToCart	1612456592724	1612456592791	OK	 
REQUEST		BookingDetails	1612456592822	1612456592881	OK	 
USER	Timed1	START	1612456592955
REQUEST		GetTours	1612456591971	1612456592987	OK	 
REQUEST		CreateTimed	1612456592947	1612456593022	OK	 
REQUEST		GetTours	1612456592430	1612456593023	OK	 
REQUEST		ConfirmPayment	1612456592590	1612456593054	OK	 
REQUEST		AddTourToCart	1612456592121	1612456593055	OK	 
REQUEST		GetToken	1612456592955	1612456593135	OK	 
REQUEST		ConfirmPayment	1612456592883	1612456593163	OK	 
REQUEST		GetTours	1612456592822	1612456593163	OK	 
USER	Timed1	START	1612456593454
REQUEST		BookingDetails	1612456593566	1612456593635	OK	 
REQUEST		BookingDetails	1612456593592	1612456593639	OK	 
REQUEST		GetToken	1612456593515	1612456593718	OK	 
REQUEST		CreateTimed	1612456593659	1612456593720	OK	 
REQUEST		AddToCart	1612456593744	1612456593796	OK	 
REQUEST		GetTours	1612456593566	1612456593801	OK	 
REQUEST		ConfirmPayment	1612456593659	1612456593843	OK	 
USER	Timed1	START	1612456593953
REQUEST		GetTours	1612456593824	1612456594123	OK	 
USER	Timed1	END	1612456594175
USER	Timed1	END	1612456594175
REQUEST		BookingDetails	1612456594126	1612456594181	OK	 
REQUEST		AddToCart	1612456594170	1612456594231	OK	 
REQUEST		GetToken	1612456593985	1612456594279	OK	 
REQUEST		AddTourToCart	1612456594127	1612456594354	OK	 
REQUEST		AddTourToCart	1612456594144	1612456594375	OK	 
REQUEST		ConfirmPayment	1612456594198	1612456594418	OK	 
USER	Timed1	START	1612456594453
REQUEST		AddTourToCart	1612456594174	1612456594473	OK	 
REQUEST		GetToken	1612456594454	1612456594635	OK	 
USER	Timed1	END	1612456594846
REQUEST		AddToCart	1612456594722	1612456594862	OK	 
REQUEST		CreateTimed	1612456594720	1612456594862	OK	 
REQUEST		BookingDetails	1612456594724	1612456594888	OK	 
REQUEST		ConfirmPayment	1612456593637	1612456594888	OK	 
REQUEST		GetTours	1612456594806	1612456595103	OK	 
REQUEST		AddTourToCart	1612456594809	1612456595103	OK	 
REQUEST		ConfirmPayment	1612456594890	1612456595110	OK	 
REQUEST		CreateTimed	1612456595195	1612456595241	OK	 
REQUEST		AddToCart	1612456595284	1612456595357	OK	 
REQUEST		AddTourToCart	1612456595138	1612456595357	OK	 
USER	Timed1	END	1612456595424
REQUEST		GetTours	1612456595238	1612456595511	OK	 
USER	Timed1	START	1612456595535
REQUEST		CreateTimed	1612456595554	1612456595607	OK	 
REQUEST		AddToCart	1612456595675	1612456595723	OK	 
REQUEST		GetToken	1612456595536	1612456595723	OK	 
USER	Timed1	END	1612456595904
REQUEST		BookingDetails	1612456595903	1612456596004	OK	 
USER	Timed1	START	1612456595955
REQUEST		GetTours	1612456595902	1612456596108	OK	 
USER	Timed1	END	1612456596114
REQUEST		GetToken	1612456596007	1612456596182	OK	 
REQUEST		ConfirmPayment	1612456596006	1612456596217	OK	 
REQUEST		CreateTimed	1612456596205	1612456596263	OK	 
REQUEST		AddTourToCart	1612456596111	1612456596376	OK	 
REQUEST		BookingDetails	1612456596243	1612456596490	OK	 
USER	Timed1	START	1612456596487
REQUEST		GetToken	1612456596490	1612456596662	OK	 
REQUEST		BookingDetails	1612456596626	1612456596669	OK	 
REQUEST		GetTours	1612456596489	1612456596694	OK	 
REQUEST		AddTourToCart	1612456596525	1612456596750	OK	 
REQUEST		ConfirmPayment	1612456596493	1612456596750	OK	 
REQUEST		CreateTimed	1612456596722	1612456596776	OK	 
REQUEST		AddToCart	1612456596726	1612456596887	OK	 
REQUEST		ConfirmPayment	1612456596693	1612456596913	OK	 
REQUEST		GetTours	1612456596726	1612456596945	OK	 
USER	Timed1	START	1612456596954
REQUEST		GetToken	1612456596954	1612456597124	OK	 
USER	Timed1	END	1612456597237
REQUEST		AddToCart	1612456597186	1612456597249	OK	 
REQUEST		AddTourToCart	1612456597117	1612456597303	OK	 
REQUEST		BookingDetails	1612456597270	1612456597327	OK	 
REQUEST		ConfirmPayment	1612456597328	1612456597488	OK	 
USER	Timed1	START	1612456597456
REQUEST		CreateTimed	1612456597562	1612456597606	OK	 
REQUEST		GetToken	1612456597487	1612456597673	OK	 
REQUEST		AddToCart	1612456597685	1612456597758	OK	 
USER	Timed1	END	1612456597759
REQUEST		BookingDetails	1612456597779	1612456597896	OK	 
USER	Timed1	END	1612456597928
REQUEST		AddTourToCart	1612456597708	1612456597979	OK	 
REQUEST		CreateTimed	1612456597927	1612456598026	OK	 
REQUEST		GetTours	1612456597927	1612456598126	OK	 
REQUEST		AddTourToCart	1612456597979	1612456598199	OK	 
REQUEST		AddToCart	1612456598128	1612456598200	OK	 
REQUEST		GetTours	1612456598258	1612456598443	OK	 
USER	Timed1	START	1612456598453
USER	Timed1	END	1612456598499
REQUEST		CreateTimed	1612456598443	1612456598520	OK	 
REQUEST		GetToken	1612456598480	1612456598653	OK	 
REQUEST		BookingDetails	1612456598626	1612456598670	OK	 
REQUEST		AddToCart	1612456598699	1612456598736	OK	 
REQUEST		ConfirmPayment	1612456598675	1612456598861	OK	 
REQUEST		CreateTimed	1612456598824	1612456598941	OK	 
USER	Timed1	START	1612456598954
REQUEST		GetTours	1612456598796	1612456598997	OK	 
REQUEST		BookingDetails	1612456599061	1612456599122	OK	 
REQUEST		ConfirmPayment	1612456597903	1612456599148	OK	 
REQUEST		GetToken	1612456598954	1612456599167	OK	 
REQUEST		ConfirmPayment	1612456599126	1612456599311	OK	 
REQUEST		AddTourToCart	1612456599146	1612456599364	OK	 
REQUEST		GetTours	1612456599210	1612456599458	OK	 
USER	Timed1	START	1612456599455
REQUEST		BookingDetails	1612456599525	1612456599613	OK	 
REQUEST		AddTourToCart	1612456599459	1612456599700	OK	 
REQUEST		GetToken	1612456599459	1612456599728	OK	 
REQUEST		AddToCart	1612456599669	1612456599745	OK	 
REQUEST		ConfirmPayment	1612456599614	1612456599891	OK	 
USER	Timed1	END	1612456599975
USER	Timed1	START	1612456599954
REQUEST		GetTours	1612456599745	1612456600049	OK	 
REQUEST		BookingDetails	1612456599976	1612456600107	OK	 
USER	Timed1	END	1612456600158
REQUEST		GetToken	1612456599976	1612456600164	OK	 
REQUEST		AddTourToCart	1612456600025	1612456600236	OK	 
REQUEST		AddToCart	1612456600196	1612456600264	OK	 
REQUEST		CreateTimed	1612456600196	1612456600267	OK	 
REQUEST		ConfirmPayment	1612456600109	1612456600313	OK	 
USER	Timed1	END	1612456600314
USER	Timed1	START	1612456600495
REQUEST		GetToken	1612456600527	1612456600661	OK	 
REQUEST		AddToCart	1612456600746	1612456600781	OK	 
REQUEST		AddTourToCart	1612456600527	1612456600784	OK	 
USER	Timed1	END	1612456600944
REQUEST		GetTours	1612456600748	1612456600945	OK	 
REQUEST		AddToCart	1612456601167	1612456601217	OK	 
USER	Timed1	END	1612456601330
REQUEST		BookingDetails	1612456601291	1612456601345	OK	 
REQUEST		CreateTimed	1612456601391	1612456601496	OK	 
REQUEST		CreateTimed	1612456601391	1612456601551	OK	 
REQUEST		AddTourToCart	1612456601108	1612456601565	OK	 
USER	Timed1	START	1612456601568
REQUEST		GetTours	1612456601266	1612456601595	OK	 
REQUEST		ConfirmPayment	1612456601347	1612456601611	OK	 
REQUEST		CreateTimed	1612456601562	1612456601613	OK	 
REQUEST		AddToCart	1612456601664	1612456601732	OK	 
REQUEST		GetToken	1612456601570	1612456601894	OK	 
USER	Timed1	START	1612456601967
REQUEST		GetTours	1612456601783	1612456602085	OK	 
REQUEST		AddTourToCart	1612456602080	1612456602387	OK	 
REQUEST		CreateTimed	1612456602169	1612456602391	OK	 
REQUEST		GetToken	1612456602081	1612456602412	OK	 
USER	Timed1	START	1612456602455
REQUEST		GetTours	1612456602224	1612456602532	OK	 
USER	Timed1	END	1612456602735
REQUEST		CreateTimed	1612456602490	1612456602735	OK	 
REQUEST		GetToken	1612456602457	1612456602860	OK	 
REQUEST		BookingDetails	1612456602733	1612456602902	OK	 
REQUEST		BookingDetails	1612456602732	1612456602903	OK	 
REQUEST		BookingDetails	1612456602735	1612456602911	OK	 
USER	Timed1	START	1612456602954
REQUEST		GetTours	1612456602735	1612456603015	OK	 
REQUEST		AddTourToCart	1612456602734	1612456603180	OK	 
REQUEST		AddToCart	1612456603178	1612456603303	OK	 
REQUEST		ConfirmPayment	1612456602906	1612456603285	OK	 
REQUEST		ConfirmPayment	1612456602935	1612456603285	OK	 
REQUEST		ConfirmPayment	1612456602907	1612456603286	OK	 
REQUEST		GetToken	1612456602954	1612456603302	OK	 
USER	Timed1	START	1612456603567
REQUEST		AddTourToCart	1612456603180	1612456603686	OK	 
REQUEST		BookingDetails	1612456603744	1612456603837	OK	 
REQUEST		BookingDetails	1612456603662	1612456603836	OK	 
REQUEST		CreateTimed	1612456603674	1612456603836	OK	 
REQUEST		CreateTimed	1612456603768	1612456603870	OK	 
REQUEST		AddToCart	1612456603662	1612456603895	OK	 
REQUEST		AddToCart	1612456603876	1612456603931	OK	 
REQUEST		AddTourToCart	1612456603666	1612456604085	OK	 
REQUEST		GetToken	1612456603666	1612456604086	OK	 
REQUEST		ConfirmPayment	1612456603890	1612456604126	OK	 
REQUEST		ConfirmPayment	1612456603890	1612456604149	OK	 
REQUEST		AddTourToCart	1612456604019	1612456604275	OK	 
USER	Timed1	END	1612456604354
USER	Timed1	END	1612456604354
REQUEST		CreateTimed	1612456604314	1612456604365	OK	 
USER	Timed1	START	1612456604454
REQUEST		GetTours	1612456604316	1612456604521	OK	 
USER	Timed1	END	1612456604663
REQUEST		AddToCart	1612456604670	1612456604734	OK	 
REQUEST		GetToken	1612456604455	1612456604734	OK	 
USER	Timed1	START	1612456604955
REQUEST		BookingDetails	1612456604876	1612456605065	OK	 
REQUEST		BookingDetails	1612456604898	1612456605068	OK	 
USER	Timed1	END	1612456605180
USER	Timed1	END	1612456605181
REQUEST		GetTours	1612456604901	1612456605184	OK	 
REQUEST		GetTours	1612456604934	1612456605185	OK	 
REQUEST		CreateTimed	1612456605067	1612456605185	OK	 
REQUEST		AddToCart	1612456605179	1612456605334	OK	 
REQUEST		ConfirmPayment	1612456605070	1612456605334	OK	 
REQUEST		ConfirmPayment	1612456605066	1612456605334	OK	 
REQUEST		GetToken	1612456604956	1612456605334	OK	 
REQUEST		CreateTimed	1612456605216	1612456605335	OK	 
REQUEST		BookingDetails	1612456605368	1612456605416	OK	 
USER	Timed1	START	1612456605455
REQUEST		ConfirmPayment	1612456605418	1612456605665	OK	 
REQUEST		GetToken	1612456605455	1612456605666	OK	 
REQUEST		AddToCart	1612456605737	1612456605793	OK	 
REQUEST		AddTourToCart	1612456605665	1612456605862	OK	 
USER	Timed1	START	1612456605953
REQUEST		GetTours	1612456605739	1612456605958	OK	 
REQUEST		GetToken	1612456605954	1612456606100	OK	 
REQUEST		BookingDetails	1612456606246	1612456606309	OK	 
USER	Timed1	END	1612456606342
USER	Timed1	END	1612456606342
REQUEST		AddToCart	1612456606339	1612456606385	OK	 
REQUEST		BookingDetails	1612456606342	1612456606408	OK	 
REQUEST		CreateTimed	1612456606388	1612456606430	OK	 
REQUEST		AddTourToCart	1612456606238	1612456606447	OK	 
USER	Timed1	START	1612456606454
REQUEST		AddTourToCart	1612456606239	1612456606471	OK	 
REQUEST		GetTours	1612456606338	1612456606522	OK	 
REQUEST		ConfirmPayment	1612456606312	1612456606525	OK	 
REQUEST		ConfirmPayment	1612456606413	1612456606576	OK	 
REQUEST		GetToken	1612456606454	1612456606637	OK	 
USER	Timed1	END	1612456606672
REQUEST		AddToCart	1612456606673	1612456606722	OK	 
REQUEST		CreateTimed	1612456606717	1612456606768	OK	 
REQUEST		AddToCart	1612456607103	1612456607155	OK	 
REQUEST		CreateTimed	1612456607266	1612456607354	OK	 
REQUEST		GetTours	1612456606803	1612456607361	OK	 
REQUEST		AddTourToCart	1612456606962	1612456607411	OK	 
USER	Timed1	START	1612456607452
REQUEST		BookingDetails	1612456607435	1612456607504	OK	 
USER	Timed1	END	1612456607534
REQUEST		GetTours	1612456607388	1612456607586	OK	 
REQUEST		GetToken	1612456607452	1612456607589	OK	 
USER	Timed1	END	1612456607609
REQUEST		AddToCart	1612456607640	1612456607688	OK	 
REQUEST		ConfirmPayment	1612456607505	1612456607814	OK	 
REQUEST		AddTourToCart	1612456607527	1612456607815	OK	 
REQUEST		BookingDetails	1612456607795	1612456607857	OK	 
REQUEST		CreateTimed	1612456607795	1612456607856	OK	 
USER	Timed1	START	1612456607953
REQUEST		GetTours	1612456607747	1612456607957	OK	 
REQUEST		ConfirmPayment	1612456607859	1612456608089	OK	 
REQUEST		GetToken	1612456607954	1612456608090	OK	 
REQUEST		GetTours	1612456608158	1612456608363	OK	 
REQUEST		BookingDetails	1612456608361	1612456608455	OK	 
USER	Timed1	START	1612456608453
REQUEST		AddTourToCart	1612456608386	1612456608606	OK	 
REQUEST		GetToken	1612456608456	1612456608614	OK	 
REQUEST		ConfirmPayment	1612456608457	1612456608629	OK	 
REQUEST		AddToCart	1612456608593	1612456608635	OK	 
REQUEST		CreateTimed	1612456608767	1612456608832	OK	 
REQUEST		AddTourToCart	1612456608590	1612456608830	OK	 
USER	Timed1	END	1612456608852
REQUEST		GetTours	1612456608691	1612456608924	OK	 
USER	Timed1	START	1612456608954
USER	Timed1	END	1612456609094
USER	Timed1	START	1612456609453
USER	Timed1	END	1612456609637
REQUEST		AddToCart	1612456609631	1612456610290	OK	 
REQUEST		BookingDetails	1612456608918	1612456610292	OK	 
REQUEST		CreateTimed	1612456609686	1612456610292	OK	 
REQUEST		BookingDetails	1612456609852	1612456610293	OK	 
REQUEST		AddTourToCart	1612456609381	1612456610293	OK	 
REQUEST		AddTourToCart	1612456609951	1612456610317	OK	 
REQUEST		CreateTimed	1612456610195	1612456610321	OK	 
REQUEST		AddToCart	1612456609099	1612456610342	OK	 
REQUEST		GetTours	1612456609651	1612456610347	OK	 
USER	Timed1	START	1612456610492
REQUEST		ConfirmPayment	1612456610312	1612456610523	OK	 
REQUEST		GetToken	1612456609453	1612456610556	OK	 
REQUEST		GetToken	1612456608954	1612456610576	OK	 
REQUEST		ConfirmPayment	1612456610320	1612456610603	OK	 
REQUEST		GetToken	1612456610501	1612456610693	OK	 
REQUEST		CreateTimed	1612456610709	1612456610816	OK	 
USER	Timed1	START	1612456610952
REQUEST		GetToken	1612456610967	1612456611133	OK	 
REQUEST		AddTourToCart	1612456608962	1612456611161	OK	 
REQUEST		CreateTimed	1612456611179	1612456611226	OK	 
REQUEST		CreateTimed	1612456611278	1612456611328	OK	 
REQUEST		BookingDetails	1612456611315	1612456611357	OK	 
REQUEST		BookingDetails	1612456611354	1612456611402	OK	 
REQUEST		GetTours	1612456611301	1612456611487	OK	 
USER	Timed1	START	1612456611454
USER	Timed1	END	1612456611533
REQUEST		GetTours	1612456611354	1612456611555	OK	 
REQUEST		ConfirmPayment	1612456611358	1612456611588	OK	 
USER	Timed1	END	1612456611607
REQUEST		ConfirmPayment	1612456611407	1612456611609	OK	 
REQUEST		AddToCart	1612456611582	1612456611629	OK	 
REQUEST		AddTourToCart	1612456611354	1612456611629	OK	 
REQUEST		AddToCart	1612456611582	1612456611631	OK	 
REQUEST		GetToken	1612456611486	1612456611667	OK	 
REQUEST		AddToCart	1612456611697	1612456611744	OK	 
REQUEST		BookingDetails	1612456611819	1612456611892	OK	 
USER	Timed1	START	1612456611953
REQUEST		ConfirmPayment	1612456611893	1612456612059	OK	 
REQUEST		AddToCart	1612456612136	1612456612194	OK	 
REQUEST		GetToken	1612456612008	1612456612195	OK	 
REQUEST		BookingDetails	1612456612228	1612456612299	OK	 
REQUEST		BookingDetails	1612456612336	1612456612410	OK	 
USER	Timed1	START	1612456612455
REQUEST		ConfirmPayment	1612456612301	1612456612531	OK	 
USER	Timed1	END	1612456612607
USER	Timed1	END	1612456612612
REQUEST		ConfirmPayment	1612456612411	1612456612660	OK	 
REQUEST		GetToken	1612456612456	1612456612660	OK	 
REQUEST		AddTourToCart	1612456612490	1612456612681	OK	 
REQUEST		AddToCart	1612456612680	1612456612770	OK	 
REQUEST		AddTourToCart	1612456612605	1612456612831	OK	 
REQUEST		GetTours	1612456612656	1612456612926	OK	 
REQUEST		GetTours	1612456612656	1612456612944	OK	 
REQUEST		CreateTimed	1612456612865	1612456612944	OK	 
REQUEST		GetTours	1612456612749	1612456613012	OK	 
USER	Timed1	END	1612456613127
REQUEST		AddToCart	1612456613203	1612456613244	OK	 
REQUEST		GetTours	1612456613203	1612456613340	OK	 
USER	Timed1	START	1612456613454
REQUEST		CreateTimed	1612456613451	1612456613493	OK	 
REQUEST		CreateTimed	1612456613474	1612456613525	OK	 
REQUEST		GetToken	1612456613456	1612456613653	OK	 
USER	Timed1	END	1612456613656
USER	Timed1	END	1612456613746
REQUEST		AddToCart	1612456613746	1612456613791	OK	 
REQUEST		GetTours	1612456613777	1612456613962	OK	 
USER	Timed1	START	1612456613956
REQUEST		BookingDetails	1612456613947	1612456614041	OK	 
REQUEST		GetToken	1612456613962	1612456614128	OK	 
REQUEST		AddTourToCart	1612456613928	1612456614226	OK	 
REQUEST		AddTourToCart	1612456613947	1612456614227	OK	 
REQUEST		AddTourToCart	1612456614020	1612456614262	OK	 
REQUEST		ConfirmPayment	1612456614043	1612456614264	OK	 
REQUEST		GetTours	1612456614261	1612456614432	OK	 
REQUEST		CreateTimed	1612456614418	1612456614456	OK	 
USER	Timed1	START	1612456614456
REQUEST		BookingDetails	1612456614495	1612456614546	OK	 
REQUEST		AddTourToCart	1612456614342	1612456614570	OK	 
REQUEST		BookingDetails	1612456614527	1612456614571	OK	 
REQUEST		GetToken	1612456614457	1612456614575	OK	 
REQUEST		ConfirmPayment	1612456614547	1612456614725	OK	 
REQUEST		AddToCart	1612456614705	1612456614786	OK	 
REQUEST		ConfirmPayment	1612456614575	1612456614787	OK	 
REQUEST		CreateTimed	1612456614831	1612456614886	OK	 
USER	Timed1	START	1612456614954
REQUEST		GetTours	1612456614795	1612456615013	OK	 
REQUEST		GetToken	1612456614954	1612456615084	OK	 
REQUEST		AddTourToCart	1612456614974	1612456615194	OK	 
REQUEST		AddToCart	1612456615141	1612456615212	OK	 
USER	Timed1	END	1612456615294
USER	Timed1	START	1612456615454
REQUEST		BookingDetails	1612456615459	1612456615570	OK	 
REQUEST		AddToCart	1612456615578	1612456615630	OK	 
REQUEST		CreateTimed	1612456615609	1612456615651	OK	 
REQUEST		GetToken	1612456615457	1612456615685	OK	 
USER	Timed1	END	1612456615771
USER	Timed1	END	1612456615830
REQUEST		CreateTimed	1612456615859	1612456615913	OK	 
REQUEST		ConfirmPayment	1612456615571	1612456615952	OK	 
REQUEST		BookingDetails	1612456615890	1612456615952	OK	 
REQUEST		AddTourToCart	1612456615438	1612456615955	OK	 
REQUEST		GetTours	1612456615840	1612456616045	OK	 
REQUEST		AddToCart	1612456616087	1612456616126	OK	 
REQUEST		ConfirmPayment	1612456615992	1612456616191	OK	 
REQUEST		AddTourToCart	1612456616015	1612456616236	OK	 
REQUEST		GetTours	1612456616216	1612456616399	OK	 
USER	Timed1	START	1612456616457
REQUEST		GetToken	1612456616459	1612456616592	OK	 
REQUEST		BookingDetails	1612456616657	1612456616705	OK	 
REQUEST		AddToCart	1612456616798	1612456616873	OK	 
REQUEST		GetTours	1612456616633	1612456616873	OK	 
REQUEST		ConfirmPayment	1612456616707	1612456616880	OK	 
USER	Timed1	START	1612456616953
REQUEST		BookingDetails	1612456616916	1612456616968	OK	 
USER	Timed1	END	1612456617104
REQUEST		GetToken	1612456616954	1612456617108	OK	 
USER	Timed1	END	1612456617194
REQUEST		ConfirmPayment	1612456616986	1612456617209	OK	 
REQUEST		AddTourToCart	1612456617048	1612456617272	OK	 
REQUEST		GetTours	1612456617129	1612456617373	OK	 
REQUEST		CreateTimed	1612456617373	1612456617424	OK	 
REQUEST		CreateTimed	1612456617373	1612456617425	OK	 
USER	Timed1	START	1612456617453
REQUEST		AddTourToCart	1612456617422	1612456617601	OK	 
REQUEST		GetToken	1612456617454	1612456617643	OK	 
REQUEST		AddToCart	1612456617595	1612456617645	OK	 
USER	Timed1	END	1612456617912
USER	Timed1	START	1612456617953
REQUEST		GetTours	1612456617910	1612456618128	OK	 
REQUEST		GetToken	1612456617960	1612456618130	OK	 
REQUEST		AddTourToCart	1612456617911	1612456618134	OK	 
REQUEST		AddToCart	1612456618110	1612456618158	OK	 
USER	Timed1	END	1612456618211
REQUEST		CreateTimed	1612456618175	1612456618214	OK	 
USER	Timed1	START	1612456618458
REQUEST		BookingDetails	1612456618462	1612456618518	OK	 
REQUEST		BookingDetails	1612456618463	1612456618543	OK	 
REQUEST		GetToken	1612456618464	1612456618614	OK	 
REQUEST		AddTourToCart	1612456618461	1612456618675	OK	 
REQUEST		AddToCart	1612456618646	1612456618702	OK	 
REQUEST		ConfirmPayment	1612456618542	1612456618731	OK	 
REQUEST		ConfirmPayment	1612456618544	1612456618754	OK	 
REQUEST		CreateTimed	1612456618668	1612456618754	OK	 
REQUEST		GetTours	1612456618648	1612456618828	OK	 
REQUEST		AddToCart	1612456619133	1612456619183	OK	 
REQUEST		BookingDetails	1612456619216	1612456619265	OK	 
REQUEST		AddTourToCart	1612456619131	1612456619364	OK	 
REQUEST		GetTours	1612456619163	1612456619387	OK	 
USER	Timed1	START	1612456619458
REQUEST		ConfirmPayment	1612456619266	1612456619543	OK	 
REQUEST		GetToken	1612456619466	1612456619674	OK	 
REQUEST		AddToCart	1612456619617	1612456619676	OK	 
USER	Timed1	END	1612456619735
USER	Timed1	END	1612456619759
REQUEST		BookingDetails	1612456619770	1612456619816	OK	 
REQUEST		CreateTimed	1612456619750	1612456619816	OK	 
REQUEST		GetTours	1612456619707	1612456619880	OK	 
REQUEST		CreateTimed	1612456619839	1612456619882	OK	 
USER	Timed1	START	1612456619953
REQUEST		ConfirmPayment	1612456619818	1612456620018	OK	 
REQUEST		AddTourToCart	1612456619835	1612456620049	OK	 
REQUEST		GetToken	1612456619954	1612456620150	OK	 
REQUEST		GetTours	1612456620186	1612456620384	OK	 
USER	Timed1	START	1612456620477
USER	Timed1	END	1612456620603
REQUEST		AddTourToCart	1612456620402	1612456620698	OK	 
REQUEST		AddToCart	1612456620698	1612456620769	OK	 
REQUEST		GetToken	1612456620477	1612456620817	OK	 
REQUEST		BookingDetails	1612456620821	1612456620864	OK	 
REQUEST		GetTours	1612456620695	1612456620889	OK	 
REQUEST		BookingDetails	1612456620889	1612456620959	OK	 
USER	Timed1	START	1612456620954
USER	Timed1	END	1612456621023
REQUEST		ConfirmPayment	1612456620867	1612456621037	OK	 
REQUEST		AddTourToCart	1612456620888	1612456621098	OK	 
REQUEST		GetToken	1612456620959	1612456621194	OK	 
REQUEST		ConfirmPayment	1612456620961	1612456621195	OK	 
REQUEST		AddToCart	1612456621193	1612456621250	OK	 
REQUEST		CreateTimed	1612456621249	1612456621315	OK	 
REQUEST		CreateTimed	1612456621296	1612456621338	OK	 
REQUEST		CreateTimed	1612456621298	1612456621356	OK	 
USER	Timed1	START	1612456621456
REQUEST		AddTourToCart	1612456621386	1612456621535	OK	 
REQUEST		CreateTimed	1612456621593	1612456621738	OK	 
REQUEST		GetToken	1612456621456	1612456621770	OK	 
REQUEST		AddToCart	1612456621830	1612456621869	OK	 
REQUEST		GetTours	1612456621790	1612456621999	OK	 
USER	Timed1	END	1612456622043
REQUEST		AddTourToCart	1612456621898	1612456622144	OK	 
USER	Timed1	END	1612456622281
REQUEST		AddToCart	1612456622254	1612456622345	OK	 
REQUEST		CreateTimed	1612456622255	1612456622368	OK	 
REQUEST		BookingDetails	1612456622345	1612456622414	OK	 
REQUEST		BookingDetails	1612456622345	1612456622419	OK	 
REQUEST		BookingDetails	1612456622368	1612456622440	OK	 
USER	Timed1	START	1612456622454
REQUEST		GetTours	1612456622282	1612456622481	OK	 
REQUEST		ConfirmPayment	1612456622441	1612456622622	OK	 
REQUEST		ConfirmPayment	1612456622418	1612456622655	OK	 
REQUEST		GetToken	1612456622460	1612456622655	OK	 
REQUEST		ConfirmPayment	1612456622420	1612456622767	OK	 
REQUEST		BookingDetails	1612456622766	1612456622830	OK	 
REQUEST		AddToCart	1612456622772	1612456622831	OK	 
USER	Timed1	START	1612456622954
REQUEST		CreateTimed	1612456622996	1612456623048	OK	 
REQUEST		GetToken	1612456622954	1612456623150	OK	 
REQUEST		ConfirmPayment	1612456622832	1612456623271	OK	 
REQUEST		GetTours	1612456622872	1612456623273	OK	 
REQUEST		AddTourToCart	1612456623000	1612456623319	OK	 
USER	Timed1	START	1612456623454
REQUEST		CreateTimed	1612456623389	1612456623465	OK	 
REQUEST		BookingDetails	1612456623387	1612456623468	OK	 
REQUEST		GetTours	1612456623354	1612456623526	OK	 
REQUEST		GetToken	1612456623454	1612456623621	OK	 
USER	Timed1	END	1612456623626
REQUEST		ConfirmPayment	1612456623469	1612456623659	OK	 
USER	Timed1	END	1612456623669
REQUEST		AddTourToCart	1612456623501	1612456623711	OK	 
REQUEST		AddToCart	1612456623664	1612456623777	OK	 
USER	Timed1	END	1612456623773
USER	Timed1	START	1612456623954
REQUEST		GetTours	1612456623833	1612456624021	OK	 
REQUEST		BookingDetails	1612456624055	1612456624119	OK	 
REQUEST		GetToken	1612456623955	1612456624120	OK	 
REQUEST		AddToCart	1612456624153	1612456624192	OK	 
USER	Timed1	END	1612456624316
REQUEST		ConfirmPayment	1612456624120	1612456624370	OK	 
REQUEST		CreateTimed	1612456624316	1612456624420	OK	 
USER	Timed1	START	1612456624453
REQUEST		BookingDetails	1612456624468	1612456624522	OK	 
REQUEST		AddTourToCart	1612456624369	1612456624565	OK	 
REQUEST		GetToken	1612456624453	1612456624602	OK	 
USER	Timed1	END	1612456624665
REQUEST		CreateTimed	1612456624621	1612456624668	OK	 
REQUEST		AddToCart	1612456624623	1612456624672	OK	 
REQUEST		ConfirmPayment	1612456624523	1612456624852	OK	 
REQUEST		AddToCart	1612456625122	1612456625199	OK	 
REQUEST		CreateTimed	1612456625136	1612456625202	OK	 
USER	Timed1	END	1612456625392
USER	Timed1	START	1612456625453
REQUEST		BookingDetails	1612456625438	1612456625489	OK	 
REQUEST		AddTourToCart	1612456624551	1612456625560	OK	 
REQUEST		GetToken	1612456625453	1612456625597	OK	 
REQUEST		AddTourToCart	1612456625024	1612456625643	OK	 
REQUEST		GetTours	1612456624851	1612456625643	OK	 
REQUEST		GetTours	1612456625196	1612456625663	OK	 
REQUEST		ConfirmPayment	1612456625490	1612456625705	OK	 
REQUEST		AddToCart	1612456625622	1612456625707	OK	 
REQUEST		BookingDetails	1612456625685	1612456625732	OK	 
REQUEST		CreateTimed	1612456625705	1612456625752	OK	 
USER	Timed1	END	1612456625876
USER	Timed1	START	1612456625953
REQUEST		GetTours	1612456625686	1612456625975	OK	 
REQUEST		ConfirmPayment	1612456625733	1612456625981	OK	 
REQUEST		GetToken	1612456625973	1612456626163	OK	 
REQUEST		BookingDetails	1612456626204	1612456626271	OK	 
REQUEST		GetTours	1612456626201	1612456626409	OK	 
REQUEST		CreateTimed	1612456626370	1612456626464	OK	 
USER	Timed1	START	1612456626467
REQUEST		ConfirmPayment	1612456626272	1612456626545	OK	 
REQUEST		AddToCart	1612456626600	1612456626649	OK	 
REQUEST		GetToken	1612456626467	1612456626692	OK	 
USER	Timed1	END	1612456626723
REQUEST		BookingDetails	1612456626754	1612456626806	OK	 
REQUEST		AddTourToCart	1612456626666	1612456626903	OK	 
REQUEST		GetTours	1612456626723	1612456627002	OK	 
REQUEST		ConfirmPayment	1612456626808	1612456627004	OK	 
USER	Timed1	START	1612456626955
USER	Timed1	END	1612456627096
REQUEST		CreateTimed	1612456627091	1612456627187	OK	 
REQUEST		AddToCart	1612456627167	1612456627208	OK	 
REQUEST		GetToken	1612456627006	1612456627237	OK	 
REQUEST		AddTourToCart	1612456627006	1612456627303	OK	 
USER	Timed1	START	1612456627457
REQUEST		BookingDetails	1612456627468	1612456627517	OK	 
USER	Timed1	END	1612456627583
REQUEST		AddTourToCart	1612456627420	1612456627601	OK	 
REQUEST		ConfirmPayment	1612456627519	1612456627707	OK	 
REQUEST		GetToken	1612456627457	1612456627707	OK	 
REQUEST		AddToCart	1612456627707	1612456627767	OK	 
REQUEST		CreateTimed	1612456627773	1612456627822	OK	 
REQUEST		GetTours	1612456627658	1612456627848	OK	 
USER	Timed1	END	1612456628075
REQUEST		AddTourToCart	1612456626670	1612456628174	OK	 
REQUEST		CreateTimed	1612456628174	1612456628232	OK	 
REQUEST		AddTourToCart	1612456628061	1612456628276	OK	 
REQUEST		BookingDetails	1612456628209	1612456628280	OK	 
REQUEST		AddToCart	1612456628258	1612456628305	OK	 
REQUEST		GetTours	1612456628212	1612456628397	OK	 
REQUEST		ConfirmPayment	1612456628282	1612456628440	OK	 
USER	Timed1	START	1612456628457
REQUEST		CreateTimed	1612456628590	1612456628671	OK	 
USER	Timed1	END	1612456628725
REQUEST		GetToken	1612456628463	1612456628729	OK	 
REQUEST		AddToCart	1612456628728	1612456628806	OK	 
REQUEST		BookingDetails	1612456628827	1612456628888	OK	 
USER	Timed1	START	1612456628955
REQUEST		GetToken	1612456628955	1612456629170	OK	 
REQUEST		CreateTimed	1612456629170	1612456629253	OK	 
REQUEST		GetTours	1612456628773	1612456629318	OK	 
REQUEST		BookingDetails	1612456629253	1612456629409	OK	 
REQUEST		ConfirmPayment	1612456628890	1612456629409	OK	 
REQUEST		AddTourToCart	1612456628871	1612456629411	OK	 
USER	Timed1	END	1612456629449
USER	Timed1	START	1612456629453
REQUEST		GetTours	1612456629309	1612456629573	OK	 
REQUEST		GetToken	1612456629457	1612456629794	OK	 
REQUEST		AddTourToCart	1612456629402	1612456629809	OK	 
REQUEST		ConfirmPayment	1612456629411	1612456629810	OK	 
REQUEST		BookingDetails	1612456629793	1612456629903	OK	 
REQUEST		AddToCart	1612456629812	1612456629959	OK	 
USER	Timed1	START	1612456629955
REQUEST		GetTours	1612456629812	1612456630036	OK	 
REQUEST		ConfirmPayment	1612456629904	1612456630093	OK	 
REQUEST		GetToken	1612456629958	1612456630113	OK	 
REQUEST		AddToCart	1612456630173	1612456630324	OK	 
REQUEST		BookingDetails	1612456630326	1612456630392	OK	 
USER	Timed1	END	1612456630415
USER	Timed1	START	1612456630453
REQUEST		CreateTimed	1612456630390	1612456630460	OK	 
REQUEST		AddTourToCart	1612456630326	1612456630528	OK	 
REQUEST		ConfirmPayment	1612456630394	1612456630577	OK	 
REQUEST		GetToken	1612456630456	1612456630627	OK	 
REQUEST		AddTourToCart	1612456630576	1612456630771	OK	 
USER	Timed1	END	1612456630813
REQUEST		CreateTimed	1612456630770	1612456630861	OK	 
REQUEST		AddToCart	1612456630809	1612456630892	OK	 
USER	Timed1	END	1612456631096
REQUEST		GetTours	1612456630963	1612456631141	OK	 
REQUEST		AddToCart	1612456631117	1612456631183	OK	 
REQUEST		AddTourToCart	1612456631039	1612456631358	OK	 
USER	Timed1	START	1612456631453
REQUEST		BookingDetails	1612456631486	1612456631544	OK	 
REQUEST		GetTours	1612456631360	1612456631562	OK	 
USER	Timed1	END	1612456631587
REQUEST		GetToken	1612456631461	1612456631625	OK	 
REQUEST		CreateTimed	1612456631588	1612456631661	OK	 
REQUEST		AddToCart	1612456631630	1612456631670	OK	 
REQUEST		ConfirmPayment	1612456631560	1612456631830	OK	 
USER	Timed1	START	1612456631954
REQUEST		BookingDetails	1612456631921	1612456631981	OK	 
REQUEST		GetToken	1612456631979	1612456632135	OK	 
REQUEST		GetTours	1612456631922	1612456632449	OK	 
USER	Timed1	START	1612456632453
REQUEST		ConfirmPayment	1612456631984	1612456632469	OK	 
REQUEST		GetTours	1612456632185	1612456632584	OK	 
REQUEST		AddTourToCart	1612456632165	1612456632589	OK	 
REQUEST		GetToken	1612456632456	1612456632611	OK	 
REQUEST		CreateTimed	1612456632590	1612456632633	OK	 
REQUEST		AddToCart	1612456632630	1612456632665	OK	 
REQUEST		BookingDetails	1612456632663	1612456632701	OK	 
REQUEST		CreateTimed	1612456632681	1612456632746	OK	 
REQUEST		AddTourToCart	1612456632564	1612456632787	OK	 
USER	Timed1	END	1612456632842
REQUEST		ConfirmPayment	1612456632703	1612456632986	OK	 
USER	Timed1	START	1612456632952
REQUEST		GetTours	1612456632697	1612456633024	OK	 
REQUEST		GetToken	1612456632983	1612456633211	OK	 
REQUEST		AddToCart	1612456633141	1612456633231	OK	 
USER	Timed1	START	1612456633454
USER	Timed1	END	1612456633515
REQUEST		AddToCart	1612456633614	1612456633665	OK	 
REQUEST		GetToken	1612456633497	1612456633664	OK	 
REQUEST		BookingDetails	1612456633638	1612456633696	OK	 
REQUEST		BookingDetails	1612456633750	1612456633808	OK	 
REQUEST		CreateTimed	1612456633958	1612456634025	OK	 
USER	Timed1	END	1612456634026
REQUEST		ConfirmPayment	1612456633697	1612456634081	OK	 
REQUEST		AddTourToCart	1612456633590	1612456634102	OK	 
REQUEST		GetTours	1612456633696	1612456634102	OK	 
REQUEST		AddTourToCart	1612456633498	1612456634128	OK	 
REQUEST		ConfirmPayment	1612456633809	1612456634188	OK	 
REQUEST		AddToCart	1612456634213	1612456634280	OK	 
REQUEST		AddTourToCart	1612456634027	1612456634297	OK	 
REQUEST		CreateTimed	1612456634328	1612456634378	OK	 
REQUEST		GetTours	1612456634233	1612456634442	OK	 
USER	Timed1	START	1612456634458
REQUEST		GetToken	1612456634474	1612456634716	OK	 
REQUEST		CreateTimed	1612456634668	1612456634736	OK	 
REQUEST		AddToCart	1612456634696	1612456634758	OK	 
REQUEST		GetTours	1612456634670	1612456634893	OK	 
USER	Timed1	START	1612456634954
USER	Timed1	END	1612456635093
REQUEST		BookingDetails	1612456635092	1612456635162	OK	 
USER	Timed1	END	1612456635197
REQUEST		CreateTimed	1612456635198	1612456635280	OK	 
REQUEST		GetToken	1612456634955	1612456635280	OK	 
REQUEST		AddTourToCart	1612456635161	1612456635365	OK	 
REQUEST		CreateTimed	1612456635313	1612456635389	OK	 
REQUEST		ConfirmPayment	1612456635163	1612456635414	OK	 
REQUEST		BookingDetails	1612456635389	1612456635447	OK	 
USER	Timed1	START	1612456635454
REQUEST		GetTours	1612456635282	1612456635539	OK	 
REQUEST		ConfirmPayment	1612456635448	1612456635651	OK	 
REQUEST		AddTourToCart	1612456635447	1612456635684	OK	 
REQUEST		GetToken	1612456635455	1612456635684	OK	 
REQUEST		AddToCart	1612456635718	1612456635767	OK	 
REQUEST		BookingDetails	1612456635739	1612456635803	OK	 
USER	Timed1	START	1612456635953
REQUEST		ConfirmPayment	1612456635805	1612456636129	OK	 
REQUEST		GetTours	1612456635766	1612456636130	OK	 
REQUEST		GetToken	1612456635953	1612456636274	OK	 
REQUEST		AddTourToCart	1612456635897	1612456636281	OK	 
USER	Timed1	END	1612456636417
REQUEST		BookingDetails	1612456636282	1612456636433	OK	 
REQUEST		AddToCart	1612456636299	1612456636434	OK	 
USER	Timed1	START	1612456636454
REQUEST		BookingDetails	1612456636397	1612456636466	OK	 
REQUEST		CreateTimed	1612456636432	1612456636693	OK	 
REQUEST		GetToken	1612456636464	1612456636695	OK	 
REQUEST		ConfirmPayment	1612456636467	1612456636697	OK	 
USER	Timed1	END	1612456636696
REQUEST		AddToCart	1612456636717	1612456636767	OK	 
REQUEST		AddTourToCart	1612456636585	1612456636814	OK	 
REQUEST		CreateTimed	1612456636814	1612456636875	OK	 
REQUEST		GetTours	1612456636770	1612456636960	OK	 
USER	Timed1	END	1612456637147
REQUEST		AddToCart	1612456637280	1612456637335	OK	 
USER	Timed1	START	1612456637453
REQUEST		AddTourToCart	1612456637259	1612456637497	OK	 
REQUEST		CreateTimed	1612456637533	1612456637584	OK	 
REQUEST		GetTours	1612456637437	1612456637611	OK	 
REQUEST		GetToken	1612456637454	1612456637685	OK	 
USER	Timed1	END	1612456637760
REQUEST		BookingDetails	1612456637759	1612456637834	OK	 
REQUEST		AddToCart	1612456637761	1612456637834	OK	 
REQUEST		CreateTimed	1612456637854	1612456637910	OK	 
REQUEST		BookingDetails	1612456637879	1612456637936	OK	 
USER	Timed1	START	1612456637954
REQUEST		GetTours	1612456637783	1612456637972	OK	 
REQUEST		ConfirmPayment	1612456637854	1612456638039	OK	 
REQUEST		GetToken	1612456637957	1612456638126	OK	 
REQUEST		ConfirmPayment	1612456637937	1612456638279	OK	 
REQUEST		AddTourToCart	1612456637963	1612456638279	OK	 
USER	Timed1	START	1612456638454
REQUEST		CreateTimed	1612456638450	1612456638519	OK	 
REQUEST		GetTours	1612456638337	1612456638545	OK	 
REQUEST		GetToken	1612456638454	1612456638588	OK	 
REQUEST		BookingDetails	1612456638586	1612456638653	OK	 
REQUEST		AddTourToCart	1612456638632	1612456638785	KO	status.find.in(200,201,202,203,204,205,206,207,208,209,304), found 400
REQUEST		AddToCart	1612456638694	1612456638847	OK	 
REQUEST		ConfirmPayment	1612456638655	1612456638852	OK	 
USER	Timed1	START	1612456638953
REQUEST		BookingDetails	1612456638913	1612456638979	OK	 
USER	Timed1	END	1612456639043
REQUEST		GetTours	1612456638854	1612456639091	OK	 
REQUEST		GetToken	1612456638953	1612456639136	OK	 
REQUEST		AddToCart	1612456639133	1612456639182	OK	 
REQUEST		ConfirmPayment	1612456638994	1612456639186	OK	 
REQUEST		AddTourToCart	1612456638977	1612456639279	OK	 
USER	Timed1	END	1612456639283
USER	Timed1	START	1612456639454
REQUEST		BookingDetails	1612456639520	1612456639603	OK	 
REQUEST		GetToken	1612456639455	1612456639603	OK	 
REQUEST		AddToCart	1612456639603	1612456639664	OK	 
REQUEST		CreateTimed	1612456639633	1612456639687	OK	 
USER	Timed1	END	1612456639865
REQUEST		ConfirmPayment	1612456636434	1612456640006	KO	status.find.in(200,201,202,203,204,205,206,207,208,209,304), found 400
REQUEST		CreateTimed	1612456639856	1612456640006	OK	 
REQUEST		ConfirmPayment	1612456639605	1612456640043	OK	 
REQUEST		GetTours	1612456639856	1612456640067	OK	 
USER	Timed1	END	1612456640189
REQUEST		AddToCart	1612456640138	1612456640189	OK	 
REQUEST		AddTourToCart	1612456639564	1612456640274	OK	 
REQUEST		AddTourToCart	1612456640096	1612456640423	OK	 
REQUEST		GetTours	1612456640185	1612456640423	OK	 
USER	Timed1	START	1612456640453
REQUEST		GetToken	1612456640454	1612456640621	OK	 
REQUEST		AddToCart	1612456640607	1612456640642	OK	 
REQUEST		BookingDetails	1612456640691	1612456640736	OK	 
USER	Timed1	START	1612456640953
USER	Timed1	END	1612456641033
USER	Timed1	END	1612456641074
REQUEST		BookingDetails	1612456641038	1612456641102	OK	 
REQUEST		GetToken	1612456640986	1612456641213	OK	 
REQUEST		CreateTimed	1612456641169	1612456641237	OK	 
REQUEST		CreateTimed	1612456641168	1612456641237	OK	 
REQUEST		CreateTimed	1612456641303	1612456641448	OK	 
USER	Timed1	START	1612456641470
REQUEST		ConfirmPayment	1612456640737	1612456641589	OK	 
REQUEST		ConfirmPayment	1612456641103	1612456641623	OK	 
REQUEST		GetTours	1612456641197	1612456641655	OK	 
REQUEST		AddToCart	1612456641654	1612456641754	OK	 
REQUEST		GetTours	1612456640668	1612456641757	OK	 
REQUEST		AddTourToCart	1612456641086	1612456641835	OK	 
REQUEST		GetToken	1612456641587	1612456641905	OK	 
USER	Timed1	START	1612456641955
REQUEST		AddTourToCart	1612456641447	1612456642082	OK	 
REQUEST		GetToken	1612456641996	1612456642154	OK	 
REQUEST		GetTours	1612456641654	1612456642175	OK	 
REQUEST		AddToCart	1612456642216	1612456642302	OK	 
REQUEST		BookingDetails	1612456642239	1612456642405	OK	 
REQUEST		BookingDetails	1612456642240	1612456642405	OK	 
REQUEST		CreateTimed	1612456642368	1612456642429	OK	 
USER	Timed1	START	1612456642454
USER	Timed1	END	1612456642592
USER	Timed1	END	1612456642659
REQUEST		BookingDetails	1612456642591	1612456642695	OK	 
REQUEST		GetToken	1612456642491	1612456642717	OK	 
REQUEST		ConfirmPayment	1612456642409	1612456642777	OK	 
REQUEST		CreateTimed	1612456642717	1612456642777	OK	 
REQUEST		ConfirmPayment	1612456642408	1612456642826	OK	 
REQUEST		AddToCart	1612456642909	1612456642951	OK	 
REQUEST		ConfirmPayment	1612456642703	1612456643042	OK	 
REQUEST		AddTourToCart	1612456642694	1612456643193	OK	 
REQUEST		AddTourToCart	1612456642762	1612456643257	OK	 
REQUEST		AddToCart	1612456643192	1612456643259	OK	 
REQUEST		GetTours	1612456642760	1612456643264	OK	 
REQUEST		CreateTimed	1612456643292	1612456643347	OK	 
REQUEST		AddTourToCart	1612456643192	1612456643379	OK	 
USER	Timed1	START	1612456643454
REQUEST		BookingDetails	1612456643440	1612456643522	OK	 
REQUEST		GetTours	1612456643306	1612456643649	OK	 
REQUEST		GetToken	1612456643458	1612456643654	OK	 
USER	Timed1	END	1612456643838
USER	Timed1	END	1612456643839
REQUEST		AddToCart	1612456643721	1612456643841	OK	 
REQUEST		ConfirmPayment	1612456643524	1612456643841	OK	 
USER	Timed1	START	1612456643953
USER	Timed1	END	1612456644094
REQUEST		BookingDetails	1612456643838	1612456644143	OK	 
REQUEST		CreateTimed	1612456644090	1612456644191	OK	 
REQUEST		GetToken	1612456644092	1612456644326	OK	 
REQUEST		BookingDetails	1612456644354	1612456644390	OK	 
USER	Timed1	START	1612456644453
REQUEST		ConfirmPayment	1612456644161	1612456644490	OK	 
REQUEST		GetTours	1612456644164	1612456644517	OK	 
REQUEST		GetTours	1612456644293	1612456644694	OK	 
REQUEST		ConfirmPayment	1612456644391	1612456644697	OK	 
REQUEST		CreateTimed	1612456644516	1612456644694	OK	 
REQUEST		AddTourToCart	1612456644293	1612456644694	OK	 
REQUEST		AddToCart	1612456644703	1612456644751	OK	 
REQUEST		GetToken	1612456644453	1612456644775	OK	 
USER	Timed1	START	1612456644954
REQUEST		AddTourToCart	1612456644693	1612456644965	OK	 
USER	Timed1	END	1612456644994
REQUEST		GetToken	1612456644959	1612456645188	OK	 
REQUEST		BookingDetails	1612456645193	1612456645251	OK	 
REQUEST		GetTours	1612456644845	1612456645276	OK	 
REQUEST		CreateTimed	1612456645296	1612456645371	OK	 
REQUEST		AddToCart	1612456645329	1612456645436	OK	 
USER	Timed1	START	1612456645454
USER	Timed1	END	1612456645521
REQUEST		ConfirmPayment	1612456645254	1612456645623	OK	 
REQUEST		GetToken	1612456645520	1612456645708	OK	 
USER	Timed1	END	1612456645709
REQUEST		BookingDetails	1612456645707	1612456645778	OK	 
REQUEST		AddTourToCart	1612456645522	1612456645821	OK	 
REQUEST		AddToCart	1612456645778	1612456645847	OK	 
REQUEST		GetTours	1612456645757	1612456646012	KO	status.find.in(200,201,202,203,204,205,206,207,208,209,304), found 500
REQUEST		CreateTimed	1612456645860	1612456646027	OK	 
REQUEST		AddTourToCart	1612456645701	1612456646216	OK	 
REQUEST		ConfirmPayment	1612456645783	1612456646216	OK	 
REQUEST		AddToCart	1612456646191	1612456646310	OK	 
REQUEST		CreateTimed	1612456646316	1612456646383	OK	 
REQUEST		BookingDetails	1612456646381	1612456646462	OK	 
USER	Timed1	END	1612456646628
REQUEST		AddTourToCart	1612456646278	1612456646738	OK	 
REQUEST		GetTours	1612456646441	1612456646778	OK	 
REQUEST		AddToCart	1612456646712	1612456646780	OK	 
REQUEST		ConfirmPayment	1612456646482	1612456646801	OK	 
REQUEST		BookingDetails	1612456647036	1612456647122	OK	 
USER	Timed1	END	1612456647222
REQUEST		GetTours	1612456646862	1612456647345	OK	 
REQUEST		CreateTimed	1612456647279	1612456647376	OK	 
REQUEST		AddTourToCart	1612456647027	1612456647416	OK	 
REQUEST		BookingDetails	1612456647414	1612456647476	OK	 
REQUEST		GetTours	1612456647323	1612456647644	OK	 
REQUEST		CreateTimed	1612456647448	1612456647643	OK	 
REQUEST		ConfirmPayment	1612456647479	1612456647800	OK	 
USER	Timed1	END	1612456647825
REQUEST		GetTours	1612456647786	1612456648196	OK	 
REQUEST		AddTourToCart	1612456647783	1612456648247	OK	 
REQUEST		BookingDetails	1612456648379	1612456648426	OK	 
REQUEST		ConfirmPayment	1612456648427	1612456648675	OK	 
REQUEST		AddTourToCart	1612456648348	1612456648703	OK	 
USER	Timed1	END	1612456648804
REQUEST		BookingDetails	1612456648694	1612456648815	OK	 
REQUEST		CreateTimed	1612456648856	1612456648912	OK	 
REQUEST		AddTourToCart	1612456648694	1612456649125	OK	 
REQUEST		ConfirmPayment	1612456648818	1612456649125	OK	 
REQUEST		CreateTimed	1612456649125	1612456649182	OK	 
REQUEST		AddTourToCart	1612456649210	1612456649424	OK	 
USER	Timed1	END	1612456649704
REQUEST		BookingDetails	1612456649915	1612456649972	OK	 
REQUEST		ConfirmPayment	1612456649973	1612456650281	OK	 
USER	Timed1	END	1612456650268
REQUEST		CreateTimed	1612456650274	1612456650364	OK	 
REQUEST		BookingDetails	1612456650281	1612456650472	OK	 
REQUEST		CreateTimed	1612456650281	1612456650473	OK	 
REQUEST		CreateTimed	1612456650394	1612456650499	OK	 
REQUEST		ConfirmPayment	1612456650475	1612456650698	OK	 
REQUEST		ConfirmPayment	1612456647123	1612456650932	KO	status.find.in(200,201,202,203,204,205,206,207,208,209,304), found 400
USER	Timed1	END	1612456651290
REQUEST		BookingDetails	1612456651373	1612456651430	OK	 
REQUEST		BookingDetails	1612456651476	1612456651596	OK	 
REQUEST		ConfirmPayment	1612456651431	1612456651621	OK	 
REQUEST		BookingDetails	1612456651501	1612456651621	OK	 
USER	Timed1	END	1612456651740
REQUEST		ConfirmPayment	1612456651597	1612456651814	OK	 
REQUEST		ConfirmPayment	1612456651644	1612456651815	OK	 
REQUEST		CreateTimed	1612456651741	1612456651816	OK	 
USER	Timed1	END	1612456651940
REQUEST		CreateTimed	1612456652028	1612456652084	OK	 
USER	Timed1	END	1612456652645
USER	Timed1	END	1612456652892
USER	Timed1	END	1612456652893
REQUEST		BookingDetails	1612456652894	1612456652969	OK	 
REQUEST		CreateTimed	1612456652893	1612456652988	OK	 
REQUEST		BookingDetails	1612456653091	1612456653142	OK	 
REQUEST		ConfirmPayment	1612456652988	1612456653187	OK	 
REQUEST		CreateTimed	1612456653223	1612456653272	OK	 
REQUEST		ConfirmPayment	1612456653146	1612456653292	OK	 
REQUEST		CreateTimed	1612456653801	1612456653890	OK	 
REQUEST		BookingDetails	1612456654001	1612456654063	OK	 
USER	Timed1	END	1612456654193
REQUEST		ConfirmPayment	1612456654066	1612456654264	OK	 
USER	Timed1	END	1612456654304
REQUEST		BookingDetails	1612456654284	1612456654466	OK	 
REQUEST		CreateTimed	1612456654495	1612456654547	OK	 
REQUEST		ConfirmPayment	1612456654495	1612456654715	OK	 
REQUEST		BookingDetails	1612456654895	1612456654971	OK	 
REQUEST		ConfirmPayment	1612456654980	1612456655209	OK	 
USER	Timed1	END	1612456655272
REQUEST		CreateTimed	1612456655251	1612456655291	OK	 
REQUEST		BookingDetails	1612456655580	1612456655632	OK	 
USER	Timed1	END	1612456655717
REQUEST		ConfirmPayment	1612456655634	1612456655824	OK	 
REQUEST		CreateTimed	1612456655782	1612456655849	OK	 
USER	Timed1	END	1612456656213
REQUEST		CreateTimed	1612456656269	1612456656346	OK	 
REQUEST		BookingDetails	1612456656345	1612456656471	OK	 
REQUEST		CreateTimed	1612456656430	1612456656501	OK	 
REQUEST		ConfirmPayment	1612456656472	1612456656629	OK	 
USER	Timed1	END	1612456656845
REQUEST		BookingDetails	1612456656873	1612456656937	OK	 
REQUEST		ConfirmPayment	1612456656938	1612456657148	OK	 
REQUEST		BookingDetails	1612456657349	1612456657387	OK	 
REQUEST		ConfirmPayment	1612456657388	1612456657555	OK	 
REQUEST		BookingDetails	1612456657504	1612456657563	OK	 
USER	Timed1	END	1612456657631
REQUEST		ConfirmPayment	1612456657575	1612456657787	OK	 
USER	Timed1	END	1612456658239
USER	Timed1	END	1612456658560
USER	Timed1	END	1612456658791
