RUN	computerdatabase.advanced.AdvancedSimulationStep03	advancedsimulationstep03	1611789852485	 	3.5.0
USER	Users	START	1611789854159
USER	Admins	START	1611789854183
REQUEST		Home	1611789854219	1611789854301	OK	 
REQUEST		Home	1611789854219	1611789854301	OK	 
REQUEST		Home Redirect 1	1611789854310	1611789854380	OK	 
REQUEST		Home Redirect 1	1611789854310	1611789854380	OK	 
USER	Users	START	1611789855136
REQUEST		Home	1611789855137	1611789855209	OK	 
REQUEST		Home Redirect 1	1611789855210	1611789855263	OK	 
REQUEST		Search	1611789855412	1611789855448	OK	 
REQUEST		Search	1611789855412	1611789855448	OK	 
USER	Users	START	1611789856136
REQUEST		Home	1611789856136	1611789856370	OK	 
REQUEST		Search	1611789856278	1611789856374	OK	 
REQUEST		Home Redirect 1	1611789856371	1611789856436	OK	 
REQUEST		Select	1611789856575	1611789856611	OK	 
REQUEST		Select	1611789856575	1611789856613	OK	 
USER	Users	START	1611789857132
REQUEST		Home	1611789857133	1611789857214	OK	 
REQUEST		Home Redirect 1	1611789857214	1611789857269	OK	 
REQUEST		Select	1611789857392	1611789857432	OK	 
REQUEST		Search	1611789857440	1611789857482	OK	 
REQUEST		Home	1611789857626	1611789857669	OK	 
REQUEST		Home	1611789857626	1611789857692	OK	 
REQUEST		Home Redirect 1	1611789857669	1611789857739	OK	 
REQUEST		Home Redirect 1	1611789857692	1611789857742	OK	 
USER	Users	START	1611789858126
REQUEST		Home	1611789858127	1611789858206	OK	 
REQUEST		Home Redirect 1	1611789858207	1611789858268	OK	 
REQUEST		Search	1611789858283	1611789858322	OK	 
REQUEST		Home	1611789858439	1611789858470	OK	 
REQUEST		Home Redirect 1	1611789858471	1611789858505	OK	 
REQUEST		Select	1611789858502	1611789858536	OK	 
USER	Admins	START	1611789859152
USER	Users	START	1611789859155
REQUEST		Home	1611789859152	1611789859228	OK	 
REQUEST		Home	1611789859155	1611789859239	OK	 
REQUEST		Home Redirect 1	1611789859228	1611789859272	OK	 
REQUEST		Home Redirect 1	1611789859239	1611789859306	OK	 
REQUEST		Search	1611789859294	1611789859332	OK	 
REQUEST		Select	1611789859333	1611789859367	OK	 
REQUEST		Home	1611789859552	1611789859586	OK	 
REQUEST		Home Redirect 1	1611789859587	1611789859628	OK	 
REQUEST		Page 1	1611789859755	1611789859793	OK	 
REQUEST		Page 1	1611789859755	1611789859798	OK	 
USER	Users	START	1611789860121
REQUEST		Home	1611789860121	1611789860192	OK	 
REQUEST		Home Redirect 1	1611789860192	1611789860256	OK	 
REQUEST		Search	1611789860284	1611789860318	OK	 
REQUEST		Search	1611789860316	1611789860351	OK	 
REQUEST		Select	1611789860348	1611789860389	OK	 
REQUEST		Home	1611789860380	1611789860413	OK	 
REQUEST		Home Redirect 1	1611789860414	1611789860448	OK	 
REQUEST		Page 2	1611789860474	1611789860510	OK	 
REQUEST		Page 2	1611789860474	1611789860510	OK	 
REQUEST		Page 1	1611789860521	1611789860561	OK	 
USER	Users	START	1611789861126
REQUEST		Page 3	1611789861142	1611789861176	OK	 
REQUEST		Page 3	1611789861142	1611789861176	OK	 
REQUEST		Home	1611789861126	1611789861222	OK	 
REQUEST		Page 2	1611789861235	1611789861318	OK	 
REQUEST		Home Redirect 1	1611789861223	1611789861320	OK	 
REQUEST		Search	1611789861268	1611789861318	OK	 
REQUEST		Select	1611789861329	1611789861381	OK	 
REQUEST		Select	1611789861361	1611789861403	OK	 
REQUEST		Home	1611789861392	1611789861429	OK	 
REQUEST		Home Redirect 1	1611789861429	1611789861468	OK	 
REQUEST		Page 1	1611789861642	1611789861688	OK	 
REQUEST		Page 4	1611789861923	1611789861957	OK	 
REQUEST		Page 4	1611789861923	1611789861957	OK	 
REQUEST		Page 3	1611789861954	1611789861993	OK	 
USER	Users	START	1611789862137
REQUEST		Home	1611789862138	1611789862205	OK	 
REQUEST		Home Redirect 1	1611789862206	1611789862670	OK	 
REQUEST		Select	1611789862325	1611789862848	OK	 
REQUEST		Search	1611789862326	1611789862848	OK	 
REQUEST		Home	1611789862387	1611789862856	OK	 
REQUEST		Page 2	1611789862372	1611789862859	OK	 
REQUEST		Home	1611789862418	1611789862956	OK	 
REQUEST		Page 1	1611789862450	1611789862959	OK	 
USER	Users	START	1611789863126
REQUEST		Page 4	1611789862731	1611789863274	OK	 
REQUEST		Home Redirect 1	1611789862856	1611789863363	OK	 
REQUEST		Home Redirect 1	1611789862957	1611789863371	OK	 
REQUEST		Home	1611789863127	1611789863439	OK	 
REQUEST		Home Redirect 1	1611789863439	1611789863483	OK	 
REQUEST		Page 1	1611789863480	1611789863519	OK	 
REQUEST		Page 3	1611789863495	1611789863530	OK	 
REQUEST		Page 2	1611789863636	1611789863683	OK	 
REQUEST		Search	1611789863684	1611789863726	OK	 
REQUEST		Home	1611789863855	1611789863900	OK	 
REQUEST		Select	1611789863855	1611789863903	OK	 
REQUEST		Home Redirect 1	1611789863901	1611789863943	OK	 
REQUEST		Page 2	1611789864201	1611789864271	OK	 
REQUEST		Page 4	1611789864267	1611789864306	OK	 
REQUEST		Page 3	1611789864314	1611789864351	OK	 
REQUEST		Search	1611789864487	1611789864519	OK	 
REQUEST		Select	1611789864736	1611789864769	OK	 
REQUEST		Home	1611789864908	1611789864953	OK	 
REQUEST		Page 3	1611789864908	1611789864955	OK	 
REQUEST		Home Redirect 1	1611789864954	1611789864985	OK	 
REQUEST		Page 4	1611789865101	1611789865139	OK	 
REQUEST		Page 1	1611789865377	1611789865413	OK	 
REQUEST		Page 1	1611789865377	1611789865417	OK	 
REQUEST		Select	1611789865533	1611789865613	OK	 
REQUEST		Page 4	1611789865705	1611789865781	OK	 
REQUEST		Home	1611789865783	1611789865815	OK	 
REQUEST		Home Redirect 1	1611789865815	1611789865857	OK	 
REQUEST		Page 1	1611789865955	1611789865991	OK	 
REQUEST		Page 2	1611789866095	1611789866130	OK	 
REQUEST		Page 2	1611789866095	1611789866129	OK	 
REQUEST		Home	1611789866629	1611789866664	OK	 
REQUEST		Home Redirect 1	1611789866665	1611789866699	OK	 
REQUEST		Page 2	1611789866676	1611789866717	OK	 
REQUEST		Page 3	1611789866770	1611789866812	OK	 
REQUEST		Page 3	1611789866770	1611789866812	OK	 
USER	Users	END	1611789866977
REQUEST		Form	1611789866973	1611789867006	OK	 
REQUEST		Page 1	1611789866989	1611789867030	OK	 
REQUEST		Page 3	1611789867354	1611789867388	OK	 
REQUEST		Page 4	1611789867553	1611789867594	OK	 
REQUEST		Page 4	1611789867553	1611789867595	OK	 
REQUEST		Page 2	1611789867709	1611789867743	OK	 
REQUEST		Page 1	1611789867866	1611789867902	OK	 
REQUEST		Post	1611789868025	1611789868058	OK	 
REQUEST		Post Redirect 1	1611789868067	1611789868104	OK	 
USER	Admins	END	1611789868105
REQUEST		Page 4	1611789868132	1611789868171	OK	 
USER	Users	END	1611789868289
REQUEST		Page 3	1611789868382	1611789868416	OK	 
REQUEST		Page 2	1611789868585	1611789868619	OK	 
REQUEST		Page 1	1611789868710	1611789868747	OK	 
REQUEST		Page 4	1611789869153	1611789869187	OK	 
REQUEST		Page 3	1611789869262	1611789869296	OK	 
USER	Users	END	1611789869309
REQUEST		Page 2	1611789869418	1611789869453	OK	 
REQUEST		Page 4	1611789870046	1611789870086	OK	 
REQUEST		Page 3	1611789870083	1611789870130	OK	 
USER	Users	END	1611789870152
USER	Users	END	1611789870793
REQUEST		Page 4	1611789870872	1611789870905	OK	 
USER	Users	END	1611789872608
REQUEST		Form	1611789872608	1611789872647	OK	 
USER	Users	END	1611789873183
REQUEST		Post	1611789873663	1611789873694	OK	 
REQUEST		Post Redirect 1	1611789873695	1611789873728	OK	 
USER	Admins	END	1611789873729
USER	Users	END	1611789874200
USER	Users	END	1611789875099
USER	Users	END	1611789875912
