RUN	computerdatabase.advanced.AdvancedSimulationStep03	advancedsimulationstep03	1611787682391	 	3.5.0
USER	Users	START	1611787684061
USER	Admins	START	1611787684061
REQUEST		Home	1611787684114	1611787684207	OK	 
REQUEST		Home	1611787684114	1611787684207	OK	 
REQUEST		Home Redirect 1	1611787684219	1611787684303	OK	 
REQUEST		Home Redirect 1	1611787684219	1611787684304	OK	 
USER	Users	START	1611787685019
REQUEST		Home	1611787685020	1611787685100	OK	 
REQUEST		Home Redirect 1	1611787685100	1611787685170	OK	 
REQUEST		Search	1611787685342	1611787685384	OK	 
REQUEST		Search	1611787685342	1611787685384	OK	 
USER	Users	START	1611787686019
REQUEST		Home	1611787686020	1611787686100	OK	 
REQUEST		Home Redirect 1	1611787686100	1611787686166	OK	 
REQUEST		Search	1611787686189	1611787686272	OK	 
REQUEST		Select	1611787686533	1611787686568	OK	 
REQUEST		Select	1611787686533	1611787686587	OK	 
USER	Users	START	1611787687018
REQUEST		Home	1611787687019	1611787687082	OK	 
REQUEST		Home Redirect 1	1611787687083	1611787687138	OK	 
REQUEST		Search	1611787687178	1611787687212	OK	 
REQUEST		Select	1611787687288	1611787687388	OK	 
REQUEST		Home	1611787687585	1611787687625	OK	 
REQUEST		Home Redirect 1	1611787687626	1611787687664	OK	 
REQUEST		Home	1611787687601	1611787687671	OK	 
REQUEST		Home Redirect 1	1611787687672	1611787687712	OK	 
USER	Users	START	1611787688007
REQUEST		Home	1611787688007	1611787688107	OK	 
REQUEST		Home Redirect 1	1611787688108	1611787688178	OK	 
REQUEST		Search	1611787688146	1611787688186	OK	 
REQUEST		Select	1611787688224	1611787688266	OK	 
REQUEST		Home	1611787688398	1611787688470	OK	 
REQUEST		Home Redirect 1	1611787688470	1611787688502	OK	 
USER	Admins	START	1611787689008
USER	Users	START	1611787689008
REQUEST		Home	1611787689008	1611787689085	OK	 
REQUEST		Home	1611787689008	1611787689094	OK	 
REQUEST		Home Redirect 1	1611787689086	1611787689155	OK	 
REQUEST		Home Redirect 1	1611787689094	1611787689159	OK	 
REQUEST		Search	1611787689187	1611787689229	OK	 
REQUEST		Select	1611787689202	1611787689251	OK	 
REQUEST		Home	1611787689275	1611787689340	OK	 
REQUEST		Home Redirect 1	1611787689341	1611787689374	OK	 
REQUEST		Page 1	1611787689667	1611787689709	OK	 
REQUEST		Page 1	1611787689714	1611787689775	OK	 
USER	Users	START	1611787689995
REQUEST		Home	1611787689995	1611787690070	OK	 
REQUEST		Home Redirect 1	1611787690071	1611787690126	OK	 
REQUEST		Search	1611787690166	1611787690201	OK	 
REQUEST		Search	1611787690166	1611787690201	OK	 
REQUEST		Select	1611787690237	1611787690281	OK	 
REQUEST		Home	1611787690253	1611787690285	OK	 
REQUEST		Home Redirect 1	1611787690286	1611787690319	OK	 
REQUEST		Page 2	1611787690389	1611787690429	OK	 
REQUEST		Page 2	1611787690452	1611787690489	OK	 
REQUEST		Page 1	1611787690515	1611787690574	OK	 
USER	Users	START	1611787690999
REQUEST		Home	1611787690999	1611787691076	OK	 
REQUEST		Page 3	1611787691073	1611787691124	OK	 
REQUEST		Page 3	1611787691121	1611787691172	OK	 
REQUEST		Search	1611787691137	1611787691178	OK	 
REQUEST		Home Redirect 1	1611787691077	1611787691200	OK	 
REQUEST		Select	1611787691214	1611787691254	OK	 
REQUEST		Select	1611787691214	1611787691257	OK	 
REQUEST		Page 2	1611787691246	1611787691295	OK	 
REQUEST		Home	1611787691292	1611787691329	OK	 
REQUEST		Home Redirect 1	1611787691329	1611787691373	OK	 
REQUEST		Page 1	1611787691386	1611787691427	OK	 
REQUEST		Page 4	1611787691871	1611787691924	OK	 
REQUEST		Page 4	1611787691917	1611787691979	OK	 
USER	Users	START	1611787691996
REQUEST		Page 3	1611787691933	1611787692002	OK	 
REQUEST		Home	1611787691996	1611787692072	OK	 
REQUEST		Home Redirect 1	1611787692073	1611787692118	OK	 
REQUEST		Page 2	1611787692105	1611787692178	OK	 
REQUEST		Home	1611787692261	1611787692445	OK	 
REQUEST		Select	1611787692183	1611787692445	OK	 
REQUEST		Home	1611787692261	1611787692446	OK	 
REQUEST		Search	1611787692215	1611787692448	OK	 
REQUEST		Page 1	1611787692324	1611787692450	OK	 
REQUEST		Home Redirect 1	1611787692447	1611787692496	OK	 
REQUEST		Home Redirect 1	1611787692445	1611787692496	OK	 
REQUEST		Page 4	1611787692746	1611787692806	OK	 
REQUEST		Page 3	1611787692808	1611787692842	OK	 
USER	Users	START	1611787692996
REQUEST		Home	1611787692996	1611787693063	OK	 
REQUEST		Home Redirect 1	1611787693063	1611787693105	OK	 
REQUEST		Search	1611787693121	1611787693153	OK	 
REQUEST		Page 2	1611787693128	1611787693161	OK	 
REQUEST		Page 1	1611787693379	1611787693449	OK	 
REQUEST		Home	1611787693456	1611787693509	OK	 
REQUEST		Select	1611787693457	1611787693511	OK	 
REQUEST		Home Redirect 1	1611787693509	1611787693574	OK	 
REQUEST		Page 4	1611787693581	1611787693615	OK	 
REQUEST		Page 3	1611787693800	1611787693841	OK	 
REQUEST		Page 2	1611787694127	1611787694163	OK	 
REQUEST		Search	1611787694120	1611787694163	OK	 
REQUEST		Select	1611787694160	1611787694201	OK	 
REQUEST		Page 1	1611787694504	1611787694542	OK	 
REQUEST		Page 1	1611787694504	1611787694542	OK	 
REQUEST		Home	1611787694519	1611787694588	OK	 
REQUEST		Page 4	1611787694582	1611787694615	OK	 
REQUEST		Home Redirect 1	1611787694589	1611787694632	OK	 
REQUEST		Page 3	1611787694801	1611787694834	OK	 
REQUEST		Select	1611787695174	1611787695212	OK	 
REQUEST		Home	1611787695204	1611787695252	OK	 
REQUEST		Page 2	1611787695224	1611787695259	OK	 
REQUEST		Page 2	1611787695224	1611787695263	OK	 
REQUEST		Home Redirect 1	1611787695252	1611787695294	OK	 
REQUEST		Page 4	1611787695569	1611787695603	OK	 
REQUEST		Page 1	1611787695585	1611787695660	OK	 
REQUEST		Page 3	1611787695897	1611787695935	OK	 
REQUEST		Page 3	1611787695897	1611787695938	OK	 
REQUEST		Home	1611787696214	1611787696254	OK	 
REQUEST		Home Redirect 1	1611787696255	1611787696289	OK	 
REQUEST		Page 2	1611787696343	1611787696403	OK	 
REQUEST		Page 1	1611787696639	1611787696682	OK	 
REQUEST		Page 4	1611787696670	1611787696705	OK	 
REQUEST		Page 4	1611787696686	1611787696726	OK	 
USER	Users	END	1611787696938
REQUEST		Form	1611787696983	1611787697069	OK	 
REQUEST		Page 3	1611787697040	1611787697081	OK	 
REQUEST		Page 1	1611787697295	1611787697342	OK	 
REQUEST		Page 2	1611787697356	1611787697404	OK	 
USER	Users	END	1611787697809
REQUEST		Page 4	1611787697825	1611787697902	OK	 
REQUEST		Page 3	1611787698043	1611787698078	OK	 
REQUEST		Page 2	1611787698028	1611787698079	OK	 
REQUEST		Post	1611787698094	1611787698134	OK	 
REQUEST		Post Redirect 1	1611787698142	1611787698178	OK	 
USER	Admins	END	1611787698178
REQUEST		Page 1	1611787698295	1611787698339	OK	 
USER	Users	END	1611787698622
REQUEST		Page 3	1611787698716	1611787698753	OK	 
REQUEST		Page 4	1611787698826	1611787698869	OK	 
REQUEST		Page 2	1611787699013	1611787699044	OK	 
REQUEST		Page 4	1611787699501	1611787699544	OK	 
USER	Users	END	1611787699626
REQUEST		Page 3	1611787699689	1611787699722	OK	 
REQUEST		Page 4	1611787700470	1611787700515	OK	 
USER	Users	END	1611787700611
USER	Users	END	1611787701738
REQUEST		Form	1611787701707	1611787701748	OK	 
REQUEST		Post	1611787702755	1611787702800	OK	 
REQUEST		Post Redirect 1	1611787702801	1611787702835	OK	 
USER	Admins	END	1611787702836
USER	Users	END	1611787702912
USER	Users	END	1611787703874
USER	Users	END	1611787704546
USER	Users	END	1611787705524
