RUN	computerdatabase.advanced.AdvancedSimulationStep03	advancedsimulationstep03	1611790272445	 	3.5.0
USER	Users	START	1611790274081
USER	Admins	START	1611790274082
REQUEST		Home	1611790274132	1611790274243	OK	 
REQUEST		Home	1611790274132	1611790274243	OK	 
REQUEST		Home Redirect 1	1611790274254	1611790274323	OK	 
REQUEST		Home Redirect 1	1611790274254	1611790274322	OK	 
USER	Users	START	1611790275057
REQUEST		Home	1611790275057	1611790275146	OK	 
REQUEST		Home Redirect 1	1611790275146	1611790275196	OK	 
REQUEST		Search	1611790275362	1611790275413	OK	 
REQUEST		Search	1611790275362	1611790275414	OK	 
USER	Users	START	1611790276066
REQUEST		Home	1611790276066	1611790276157	OK	 
REQUEST		Home Redirect 1	1611790276158	1611790276219	OK	 
REQUEST		Search	1611790276202	1611790276237	OK	 
REQUEST		Select	1611790276561	1611790276661	OK	 
REQUEST		Select	1611790276561	1611790276661	OK	 
USER	Users	START	1611790277048
REQUEST		Home	1611790277048	1611790277131	OK	 
REQUEST		Home Redirect 1	1611790277132	1611790277211	OK	 
REQUEST		Search	1611790277224	1611790277280	OK	 
REQUEST		Select	1611790277247	1611790277286	OK	 
REQUEST		Home	1611790277669	1611790277700	OK	 
REQUEST		Home	1611790277669	1611790277700	OK	 
REQUEST		Home Redirect 1	1611790277701	1611790277735	OK	 
REQUEST		Home Redirect 1	1611790277701	1611790277741	OK	 
USER	Users	START	1611790278047
REQUEST		Home	1611790278047	1611790278157	OK	 
REQUEST		Home Redirect 1	1611790278158	1611790278216	OK	 
REQUEST		Search	1611790278214	1611790278258	OK	 
REQUEST		Home	1611790278294	1611790278348	OK	 
REQUEST		Select	1611790278294	1611790278353	OK	 
REQUEST		Home Redirect 1	1611790278348	1611790278381	OK	 
USER	Admins	START	1611790279056
USER	Users	START	1611790279056
REQUEST		Home	1611790279057	1611790279144	OK	 
REQUEST		Home	1611790279057	1611790279159	OK	 
REQUEST		Home Redirect 1	1611790279145	1611790279267	OK	 
REQUEST		Home Redirect 1	1611790279159	1611790279272	OK	 
REQUEST		Search	1611790279230	1611790279272	OK	 
REQUEST		Select	1611790279269	1611790279346	OK	 
REQUEST		Home	1611790279365	1611790279406	OK	 
REQUEST		Home Redirect 1	1611790279406	1611790279440	OK	 
REQUEST		Page 1	1611790279740	1611790279775	OK	 
REQUEST		Page 1	1611790279756	1611790279797	OK	 
USER	Users	START	1611790280067
REQUEST		Home	1611790280067	1611790280155	OK	 
REQUEST		Home Redirect 1	1611790280156	1611790280211	OK	 
REQUEST		Search	1611790280276	1611790280309	OK	 
REQUEST		Search	1611790280275	1611790280311	OK	 
REQUEST		Select	1611790280290	1611790280328	OK	 
REQUEST		Home	1611790280355	1611790280394	OK	 
REQUEST		Home Redirect 1	1611790280394	1611790280427	OK	 
REQUEST		Page 1	1611790280395	1611790280432	OK	 
REQUEST		Page 2	1611790280457	1611790280492	OK	 
REQUEST		Page 2	1611790280473	1611790280507	OK	 
USER	Users	START	1611790281051
REQUEST		Home	1611790281052	1611790281120	OK	 
REQUEST		Page 2	1611790281114	1611790281186	OK	 
REQUEST		Page 3	1611790281130	1611790281187	OK	 
REQUEST		Home Redirect 1	1611790281120	1611790281187	OK	 
REQUEST		Page 3	1611790281145	1611790281193	OK	 
REQUEST		Home	1611790281333	1611790281392	OK	 
REQUEST		Select	1611790281317	1611790281395	OK	 
REQUEST		Select	1611790281317	1611790281396	OK	 
REQUEST		Search	1611790281224	1611790281394	OK	 
REQUEST		Home Redirect 1	1611790281392	1611790281442	OK	 
REQUEST		Page 1	1611790281441	1611790281486	OK	 
REQUEST		Page 3	1611790281817	1611790281849	OK	 
REQUEST		Page 4	1611790281926	1611790281958	OK	 
REQUEST		Page 4	1611790281942	1611790281978	OK	 
USER	Users	START	1611790282069
REQUEST		Home	1611790282069	1611790282142	OK	 
REQUEST		Home Redirect 1	1611790282143	1611790282175	OK	 
REQUEST		Page 2	1611790282165	1611790282201	OK	 
REQUEST		Search	1611790282197	1611790282236	OK	 
REQUEST		Home	1611790282399	1611790282443	OK	 
REQUEST		Home	1611790282399	1611790282444	OK	 
REQUEST		Select	1611790282399	1611790282450	OK	 
REQUEST		Page 1	1611790282430	1611790282476	OK	 
REQUEST		Home Redirect 1	1611790282443	1611790282478	OK	 
REQUEST		Home Redirect 1	1611790282445	1611790282486	OK	 
REQUEST		Page 4	1611790282586	1611790282620	OK	 
REQUEST		Page 3	1611790282836	1611790282883	OK	 
USER	Users	START	1611790283052
REQUEST		Home	1611790283052	1611790283122	OK	 
REQUEST		Home Redirect 1	1611790283122	1611790283168	OK	 
REQUEST		Page 2	1611790283151	1611790283187	OK	 
REQUEST		Search	1611790283184	1611790283222	OK	 
REQUEST		Select	1611790283247	1611790283280	OK	 
REQUEST		Page 1	1611790283450	1611790283488	OK	 
REQUEST		Home	1611790283465	1611790283497	OK	 
REQUEST		Home Redirect 1	1611790283497	1611790283530	OK	 
REQUEST		Page 4	1611790283622	1611790283664	OK	 
REQUEST		Page 3	1611790283825	1611790283866	OK	 
REQUEST		Page 2	1611790284167	1611790284203	OK	 
REQUEST		Search	1611790284184	1611790284219	OK	 
REQUEST		Select	1611790284231	1611790284265	OK	 
REQUEST		Home	1611790284287	1611790284316	OK	 
REQUEST		Home Redirect 1	1611790284317	1611790284351	OK	 
REQUEST		Page 1	1611790284490	1611790284526	OK	 
REQUEST		Page 1	1611790284490	1611790284533	OK	 
REQUEST		Page 4	1611790284615	1611790284650	OK	 
REQUEST		Page 3	1611790284834	1611790284870	OK	 
REQUEST		Page 2	1611790285208	1611790285250	OK	 
REQUEST		Page 2	1611790285208	1611790285250	OK	 
REQUEST		Select	1611790285224	1611790285260	OK	 
REQUEST		Home	1611790285280	1611790285320	OK	 
REQUEST		Home Redirect 1	1611790285320	1611790285359	OK	 
REQUEST		Page 1	1611790285546	1611790285585	OK	 
REQUEST		Page 4	1611790285608	1611790285642	OK	 
REQUEST		Page 3	1611790285890	1611790285933	OK	 
REQUEST		Page 3	1611790285890	1611790285933	OK	 
REQUEST		Home	1611790286264	1611790286437	OK	 
REQUEST		Page 2	1611790286264	1611790286441	OK	 
REQUEST		Page 1	1611790286360	1611790286443	OK	 
REQUEST		Home Redirect 1	1611790286437	1611790286494	OK	 
REQUEST		Page 4	1611790286672	1611790286707	OK	 
REQUEST		Page 4	1611790286672	1611790286707	OK	 
USER	Users	END	1611790286972
REQUEST		Form	1611790286984	1611790287030	OK	 
REQUEST		Page 3	1611790287073	1611790287109	OK	 
REQUEST		Page 2	1611790287122	1611790287154	OK	 
REQUEST		Page 1	1611790287372	1611790287413	OK	 
USER	Users	END	1611790287630
REQUEST		Page 3	1611790287786	1611790287821	OK	 
REQUEST		Page 4	1611790287848	1611790287882	OK	 
REQUEST		Post	1611790288042	1611790288079	OK	 
REQUEST		Post Redirect 1	1611790288096	1611790288133	OK	 
USER	Admins	END	1611790288134
REQUEST		Page 2	1611790288100	1611790288137	OK	 
REQUEST		Page 1	1611790288506	1611790288543	OK	 
REQUEST		Page 4	1611790288569	1611790288603	OK	 
USER	Users	END	1611790288678
REQUEST		Page 3	1611790288772	1611790288807	OK	 
REQUEST		Page 2	1611790289224	1611790289258	OK	 
REQUEST		Page 4	1611790289552	1611790289586	OK	 
USER	Users	END	1611790289661
REQUEST		Page 3	1611790289896	1611790289931	OK	 
USER	Users	END	1611790290651
REQUEST		Page 4	1611790290667	1611790290700	OK	 
USER	Users	END	1611790291711
REQUEST		Form	1611790291711	1611790291761	OK	 
REQUEST		Post	1611790292764	1611790292807	OK	 
REQUEST		Post Redirect 1	1611790292808	1611790292851	OK	 
USER	Admins	END	1611790292852
USER	Users	END	1611790292903
USER	Users	END	1611790293613
USER	Users	END	1611790294591
USER	Users	END	1611790295705
