RUN	RecordedSimulation	recordedsimulation	1610029909526	local3	3.5.0
USER	RecordedSimulation	START	1610029911202
REQUEST		request_0	1610029911234	1610029911861	OK	 
REQUEST		request_3	1610029911896	1610029911928	OK	 
REQUEST		request_1	1610029911898	1610029912011	OK	 
REQUEST		request_2	1610029911898	1610029912020	OK	 
REQUEST		request_4	1610029913024	1610029913048	OK	 
ERROR	request_5: Failed to build request: Resource /recordedsimulation/0005_request.json not found 	1610029913052
ERROR	request_6: Failed to build request: Resource /recordedsimulation/0006_request.txt not found 	1610029913052
ERROR	request_8: Failed to build request: Resource /recordedsimulation/0008_request.json not found 	1610029913053
REQUEST		request_7	1610029913053	1610029913074	OK	 
ERROR	request_9: Failed to build request: Resource /recordedsimulation/0009_request.txt not found 	1610029917083
REQUEST		request_10	1610029918099	1610029918131	OK	 
ERROR	request_11: Failed to build request: Resource /recordedsimulation/0011_request.json not found 	1610029918132
REQUEST		request_14	1610029918563	1610029918604	OK	 
REQUEST		request_15	1610029918569	1610029918620	KO	status.find.in(200,201,202,203,204,205,206,207,208,209,304), found 400
REQUEST		request_27	1610029918138	1610029918663	OK	 
REQUEST		request_12	1610029918557	1610029918677	OK	 
REQUEST		request_13	1610029918567	1610029918693	OK	 
REQUEST		request_17	1610029918565	1610029919271	OK	 
REQUEST		request_25	1610029918498	1610029919357	OK	 
REQUEST		request_16	1610029918556	1610029919363	OK	 
REQUEST		request_26	1610029918561	1610029919376	OK	 
REQUEST		request_23	1610029918558	1610029919389	OK	 
REQUEST		request_19	1610029918559	1610029919397	OK	 
REQUEST		request_24	1610029918568	1610029919398	OK	 
REQUEST		request_18	1610029918556	1610029919400	OK	 
REQUEST		request_29	1610029918564	1610029919450	OK	 
REQUEST		request_20	1610029918560	1610029919454	OK	 
REQUEST		request_22	1610029918566	1610029919487	OK	 
REQUEST		request_21	1610029918570	1610029919488	OK	 
REQUEST		request_28	1610029918572	1610029919489	OK	 
REQUEST		request_30	1610029920499	1610029920693	OK	 
REQUEST		request_31	1610029921707	1610029921908	OK	 
ERROR	request_38: Failed to build request: Resource /recordedsimulation/0038_request.json not found 	1610029921918
REQUEST		request_34	1610029921923	1610029921965	OK	 
REQUEST		request_36	1610029921919	1610029922122	OK	 
REQUEST		request_35	1610029921920	1610029922124	OK	 
REQUEST		request_37	1610029921925	1610029922125	OK	 
REQUEST		request_32	1610029921921	1610029922128	OK	 
REQUEST		request_33	1610029921926	1610029922331	KO	status.find.in(200,201,202,203,204,205,206,207,208,209,304), found 400
ERROR	request_39: Failed to build request: Resource /recordedsimulation/0039_request.txt not found 	1610029925340
USER	RecordedSimulation	END	1610029925361
