RUN	Timed1	timed1	1612458590996	 	3.5.0
USER	Timed1	START	1612458592915
REQUEST		GetToken	1612458592954	1612458593247	OK	 
USER	Timed1	START	1612458593381
REQUEST		GetToken	1612458593383	1612458593583	OK	 
USER	Timed1	START	1612458593883
REQUEST		GetToken	1612458593884	1612458594007	OK	 
USER	Timed1	START	1612458594385
REQUEST		AddToCart	1612458594365	1612458594439	OK	 
REQUEST		GetToken	1612458594386	1612458594536	OK	 
REQUEST		AddToCart	1612458594589	1612458594637	OK	 
USER	Timed1	START	1612458594885
REQUEST		GetToken	1612458594886	1612458595008	OK	 
REQUEST		AddToCart	1612458595015	1612458595174	OK	 
REQUEST		AddToCart	1612458595542	1612458595589	OK	 
REQUEST		GetTours	1612458595643	1612458595854	OK	 
REQUEST		GetTours	1612458595448	1612458595852	OK	 
USER	Timed1	START	1612458595872
REQUEST		GetToken	1612458595874	1612458596083	OK	 
REQUEST		AddToCart	1612458596016	1612458596097	OK	 
REQUEST		GetTours	1612458596181	1612458596323	OK	 
USER	Timed1	START	1612458596372
REQUEST		GetToken	1612458596373	1612458596487	OK	 
REQUEST		GetTours	1612458596595	1612458596735	OK	 
USER	Timed1	START	1612458596873
REQUEST		GetToken	1612458596874	1612458597007	OK	 
REQUEST		AddTourToCart	1612458596869	1612458597080	OK	 
REQUEST		AddTourToCart	1612458596870	1612458597082	OK	 
REQUEST		AddToCart	1612458597090	1612458597145	OK	 
REQUEST		GetTours	1612458597105	1612458597255	OK	 
USER	Timed1	START	1612458597373
REQUEST		AddTourToCart	1612458597329	1612458597518	OK	 
REQUEST		AddToCart	1612458597492	1612458597530	OK	 
REQUEST		GetToken	1612458597374	1612458597553	OK	 
USER	Timed1	START	1612458597875
REQUEST		AddTourToCart	1612458597739	1612458597884	OK	 
REQUEST		GetToken	1612458597877	1612458598007	OK	 
REQUEST		AddToCart	1612458598012	1612458598060	OK	 
REQUEST		GetTours	1612458598150	1612458598286	OK	 
REQUEST		AddTourToCart	1612458598260	1612458598423	OK	 
REQUEST		AddToCart	1612458598559	1612458598597	OK	 
REQUEST		GetTours	1612458598537	1612458598736	OK	 
USER	Timed1	START	1612458598872
REQUEST		AddToCart	1612458599013	1612458599064	OK	 
REQUEST		GetToken	1612458598872	1612458599072	OK	 
REQUEST		GetTours	1612458599066	1612458599229	OK	 
USER	Timed1	START	1612458599372
REQUEST		AddTourToCart	1612458599291	1612458599455	OK	 
REQUEST		GetToken	1612458599372	1612458599525	OK	 
REQUEST		GetTours	1612458599603	1612458599755	OK	 
USER	Timed1	START	1612458599872
REQUEST		AddTourToCart	1612458599742	1612458599906	OK	 
REQUEST		GetToken	1612458599872	1612458599999	OK	 
REQUEST		AddToCart	1612458600077	1612458600114	OK	 
REQUEST		GetTours	1612458600072	1612458600201	OK	 
USER	Timed1	START	1612458600372
REQUEST		AddTourToCart	1612458600235	1612458600457	OK	 
REQUEST		GetToken	1612458600372	1612458600520	OK	 
REQUEST		AddToCart	1612458600542	1612458600590	OK	 
USER	Timed1	START	1612458600872
REQUEST		AddTourToCart	1612458600761	1612458600917	OK	 
REQUEST		GetToken	1612458600873	1612458601054	OK	 
REQUEST		AddToCart	1612458601005	1612458601059	OK	 
REQUEST		GetTours	1612458601124	1612458601288	OK	 
REQUEST		AddTourToCart	1612458601206	1612458601420	OK	 
REQUEST		AddToCart	1612458601525	1612458601584	OK	 
REQUEST		GetTours	1612458601595	1612458601729	OK	 
USER	Timed1	START	1612458601891
REQUEST		AddToCart	1612458602058	1612458602099	OK	 
REQUEST		GetToken	1612458601892	1612458602098	OK	 
REQUEST		GetTours	1612458602066	1612458602194	OK	 
USER	Timed1	START	1612458602372
REQUEST		AddTourToCart	1612458602292	1612458602450	OK	 
REQUEST		GetToken	1612458602373	1612458602507	OK	 
REQUEST		GetTours	1612458602589	1612458602744	OK	 
USER	Timed1	START	1612458602872
REQUEST		AddTourToCart	1612458602738	1612458602942	OK	 
REQUEST		GetToken	1612458602876	1612458602991	OK	 
REQUEST		AddToCart	1612458603113	1612458603153	OK	 
REQUEST		GetTours	1612458603104	1612458603254	OK	 
REQUEST		AddTourToCart	1612458603200	1612458603352	OK	 
USER	Timed1	START	1612458603374
REQUEST		GetToken	1612458603374	1612458603516	OK	 
REQUEST		AddToCart	1612458603512	1612458603550	OK	 
USER	Timed1	START	1612458603873
REQUEST		AddTourToCart	1612458603752	1612458603898	OK	 
REQUEST		GetToken	1612458603874	1612458603985	OK	 
REQUEST		AddToCart	1612458603997	1612458604094	OK	 
REQUEST		GetTours	1612458604159	1612458604294	OK	 
REQUEST		CreateTimed	1612458604090	1612458604392	OK	 
REQUEST		CreateTimed	1612458604087	1612458604397	OK	 
REQUEST		AddTourToCart	1612458604261	1612458604443	OK	 
REQUEST		AddToCart	1612458604528	1612458604642	OK	 
REQUEST		CreateTimed	1612458604524	1612458604647	OK	 
REQUEST		GetTours	1612458604556	1612458604724	OK	 
USER	Timed1	START	1612458604871
REQUEST		CreateTimed	1612458604893	1612458604945	OK	 
REQUEST		GetToken	1612458604875	1612458605008	OK	 
REQUEST		AddToCart	1612458604991	1612458605083	OK	 
REQUEST		GetTours	1612458605102	1612458605265	OK	 
USER	Timed1	START	1612458605372
REQUEST		AddTourToCart	1612458605299	1612458605497	OK	 
REQUEST		BookingDetails	1612458605398	1612458605513	OK	 
REQUEST		BookingDetails	1612458605411	1612458605514	OK	 
REQUEST		CreateTimed	1612458605428	1612458605514	OK	 
REQUEST		GetToken	1612458605372	1612458605527	OK	 
REQUEST		ConfirmPayment	1612458605526	1612458605824	OK	 
REQUEST		BookingDetails	1612458605653	1612458605825	OK	 
REQUEST		ConfirmPayment	1612458605527	1612458605826	OK	 
REQUEST		GetTours	1612458605648	1612458605839	OK	 
USER	Timed1	START	1612458605872
REQUEST		AddTourToCart	1612458605729	1612458605921	OK	 
REQUEST		ConfirmPayment	1612458605834	1612458606038	OK	 
USER	Timed1	START	1612458606372
REQUEST		BookingDetails	1612458605951	1612458606450	OK	 
REQUEST		AddToCart	1612458606013	1612458606451	OK	 
REQUEST		GetTours	1612458606088	1612458606465	OK	 
REQUEST		AddTourToCart	1612458606269	1612458606572	OK	 
REQUEST		GetToken	1612458605873	1612458606669	OK	 
REQUEST		CreateTimed	1612458606463	1612458606685	OK	 
REQUEST		ConfirmPayment	1612458606453	1612458606747	OK	 
REQUEST		BookingDetails	1612458606534	1612458606761	OK	 
REQUEST		AddToCart	1612458606538	1612458606761	OK	 
REQUEST		GetToken	1612458606372	1612458606761	OK	 
USER	Timed1	END	1612458606839
USER	Timed1	END	1612458606839
USER	Timed1	START	1612458606873
REQUEST		ConfirmPayment	1612458606764	1612458606987	OK	 
REQUEST		AddTourToCart	1612458606847	1612458607025	OK	 
REQUEST		GetToken	1612458606873	1612458607041	OK	 
REQUEST		CreateTimed	1612458606911	1612458607044	OK	 
USER	Timed1	END	1612458607052
REQUEST		CreateTimed	1612458607464	1612458607543	OK	 
REQUEST		GetTours	1612458607455	1612458607586	OK	 
REQUEST		AddTourToCart	1612458607471	1612458607662	OK	 
REQUEST		AddToCart	1612458607674	1612458607705	OK	 
REQUEST		BookingDetails	1612458607690	1612458607724	OK	 
USER	Timed1	END	1612458607752
REQUEST		AddToCart	1612458607767	1612458607809	OK	 
REQUEST		ConfirmPayment	1612458607729	1612458607854	OK	 
USER	Timed1	START	1612458607872
REQUEST		GetTours	1612458607767	1612458607970	OK	 
USER	Timed1	END	1612458607992
REQUEST		CreateTimed	1612458607926	1612458608037	OK	 
REQUEST		AddToCart	1612458608049	1612458608116	OK	 
REQUEST		BookingDetails	1612458608051	1612458608123	OK	 
REQUEST		GetToken	1612458607873	1612458608145	OK	 
REQUEST		ConfirmPayment	1612458608125	1612458608256	OK	 
USER	Timed1	START	1612458608372
REQUEST		CreateTimed	1612458608440	1612458608496	OK	 
REQUEST		GetToken	1612458608372	1612458608526	OK	 
REQUEST		BookingDetails	1612458608549	1612458608597	OK	 
REQUEST		AddTourToCart	1612458608591	1612458608783	OK	 
REQUEST		ConfirmPayment	1612458608603	1612458608785	OK	 
USER	Timed1	END	1612458608859
USER	Timed1	START	1612458608872
REQUEST		GetTours	1612458608710	1612458608894	OK	 
REQUEST		GetTours	1612458608812	1612458608938	OK	 
REQUEST		GetToken	1612458608874	1612458609026	OK	 
REQUEST		BookingDetails	1612458609042	1612458609080	OK	 
REQUEST		AddTourToCart	1612458608975	1612458609124	OK	 
REQUEST		AddToCart	1612458609149	1612458609196	OK	 
REQUEST		ConfirmPayment	1612458609083	1612458609218	OK	 
USER	Timed1	END	1612458609260
REQUEST		GetTours	1612458609119	1612458609263	OK	 
USER	Timed1	START	1612458609373
REQUEST		CreateTimed	1612458609458	1612458609505	OK	 
REQUEST		GetToken	1612458609373	1612458609530	OK	 
REQUEST		BookingDetails	1612458609500	1612458609651	OK	 
REQUEST		AddToCart	1612458609532	1612458609652	OK	 
USER	Timed1	END	1612458609788
USER	Timed1	START	1612458609872
REQUEST		ConfirmPayment	1612458609654	1612458609877	OK	 
REQUEST		GetToken	1612458609873	1612458610023	OK	 
REQUEST		CreateTimed	1612458609949	1612458610039	OK	 
REQUEST		AddTourToCart	1612458609900	1612458610055	OK	 
REQUEST		AddToCart	1612458610043	1612458610097	OK	 
REQUEST		AddTourToCart	1612458609943	1612458610104	OK	 
USER	Timed1	END	1612458610224
REQUEST		GetTours	1612458610198	1612458610351	OK	 
REQUEST		CreateTimed	1612458610358	1612458610434	OK	 
REQUEST		AddTourToCart	1612458610267	1612458610446	OK	 
REQUEST		BookingDetails	1612458610509	1612458610628	OK	 
REQUEST		AddToCart	1612458610536	1612458610631	OK	 
REQUEST		GetTours	1612458610656	1612458610814	OK	 
REQUEST		ConfirmPayment	1612458610631	1612458610817	OK	 
USER	Timed1	START	1612458610872
USER	Timed1	END	1612458610881
REQUEST		CreateTimed	1612458610907	1612458610941	OK	 
REQUEST		GetToken	1612458610873	1612458611097	OK	 
REQUEST		AddToCart	1612458611031	1612458611119	OK	 
REQUEST		BookingDetails	1612458611045	1612458611119	OK	 
REQUEST		GetTours	1612458611101	1612458611246	OK	 
REQUEST		ConfirmPayment	1612458611122	1612458611252	OK	 
USER	Timed1	START	1612458611372
REQUEST		GetToken	1612458611372	1612458611479	OK	 
REQUEST		BookingDetails	1612458611437	1612458611481	OK	 
REQUEST		CreateTimed	1612458611449	1612458611485	OK	 
REQUEST		AddTourToCart	1612458611354	1612458611504	OK	 
REQUEST		ConfirmPayment	1612458611484	1612458611642	OK	 
REQUEST		GetTours	1612458611634	1612458611815	OK	 
USER	Timed1	END	1612458611823
USER	Timed1	START	1612458611872
REQUEST		AddTourToCart	1612458611818	1612458611976	OK	 
REQUEST		BookingDetails	1612458611944	1612458611986	OK	 
REQUEST		GetToken	1612458611873	1612458612062	OK	 
REQUEST		ConfirmPayment	1612458611988	1612458612152	OK	 
REQUEST		AddToCart	1612458612101	1612458612152	OK	 
USER	Timed1	END	1612458612255
REQUEST		GetTours	1612458612123	1612458612351	OK	 
USER	Timed1	START	1612458612372
REQUEST		AddTourToCart	1612458612253	1612458612473	OK	 
REQUEST		AddToCart	1612458612484	1612458612634	OK	 
USER	Timed1	END	1612458612650
REQUEST		BookingDetails	1612458612490	1612458612655	OK	 
REQUEST		GetToken	1612458612373	1612458612655	OK	 
REQUEST		CreateTimed	1612458612508	1612458612655	OK	 
REQUEST		ConfirmPayment	1612458612659	1612458612860	OK	 
USER	Timed1	START	1612458612873
REQUEST		AddTourToCart	1612458612821	1612458612986	OK	 
REQUEST		CreateTimed	1612458612932	1612458612986	OK	 
REQUEST		GetToken	1612458612873	1612458613041	OK	 
REQUEST		AddToCart	1612458613070	1612458613098	OK	 
USER	Timed1	END	1612458613157
REQUEST		GetTours	1612458613157	1612458613295	OK	 
REQUEST		AddTourToCart	1612458613355	1612458613503	OK	 
REQUEST		CreateTimed	1612458613577	1612458613649	OK	 
REQUEST		AddToCart	1612458613661	1612458613706	OK	 
REQUEST		BookingDetails	1612458613661	1612458613706	OK	 
REQUEST		GetTours	1612458613636	1612458613789	OK	 
REQUEST		ConfirmPayment	1612458613708	1612458613833	OK	 
USER	Timed1	END	1612458613864
USER	Timed1	START	1612458613872
REQUEST		BookingDetails	1612458613991	1612458614041	OK	 
REQUEST		GetToken	1612458613872	1612458614043	OK	 
REQUEST		CreateTimed	1612458614033	1612458614094	OK	 
REQUEST		AddToCart	1612458614047	1612458614106	OK	 
REQUEST		ConfirmPayment	1612458614046	1612458614192	OK	 
REQUEST		GetTours	1612458614102	1612458614285	OK	 
USER	Timed1	START	1612458614372
REQUEST		AddTourToCart	1612458614299	1612458614456	OK	 
REQUEST		GetToken	1612458614373	1612458614473	OK	 
REQUEST		BookingDetails	1612458614654	1612458614705	OK	 
REQUEST		CreateTimed	1612458614667	1612458614708	OK	 
REQUEST		GetTours	1612458614710	1612458614837	OK	 
USER	Timed1	END	1612458614838
REQUEST		ConfirmPayment	1612458614707	1612458614840	OK	 
USER	Timed1	START	1612458614872
USER	Timed1	END	1612458615196
REQUEST		AddToCart	1612458615050	1612458615229	OK	 
REQUEST		BookingDetails	1612458615097	1612458615229	OK	 
REQUEST		AddTourToCart	1612458614793	1612458615229	OK	 
USER	Timed1	START	1612458615372
REQUEST		GetToken	1612458615372	1612458615500	OK	 
REQUEST		ConfirmPayment	1612458615233	1612458615523	OK	 
REQUEST		GetTours	1612458615109	1612458615527	OK	 
REQUEST		AddToCart	1612458615477	1612458615544	OK	 
REQUEST		AddTourToCart	1612458615290	1612458615554	OK	 
REQUEST		BookingDetails	1612458615711	1612458615761	OK	 
REQUEST		CreateTimed	1612458615789	1612458615837	OK	 
USER	Timed1	END	1612458615843
USER	Timed1	START	1612458615873
REQUEST		ConfirmPayment	1612458615763	1612458615888	OK	 
REQUEST		GetToken	1612458615874	1612458615992	OK	 
REQUEST		AddTourToCart	1612458615841	1612458616009	OK	 
REQUEST		CreateTimed	1612458616129	1612458616219	OK	 
REQUEST		GetTours	1612458616235	1612458616369	OK	 
USER	Timed1	END	1612458616527
REQUEST		AddToCart	1612458616506	1612458616634	OK	 
REQUEST		GetTours	1612458616554	1612458616700	OK	 
REQUEST		AddTourToCart	1612458616544	1612458616742	OK	 
USER	Timed1	START	1612458616872
USER	Timed1	END	1612458616892
REQUEST		BookingDetails	1612458616842	1612458616905	OK	 
REQUEST		GetToken	1612458616872	1612458617045	OK	 
REQUEST		AddToCart	1612458616997	1612458617057	OK	 
REQUEST		ConfirmPayment	1612458616907	1612458617064	OK	 
REQUEST		CreateTimed	1612458617062	1612458617102	OK	 
REQUEST		CreateTimed	1612458617113	1612458617156	OK	 
REQUEST		GetToken	1612458614873	1612458617222	OK	 
REQUEST		BookingDetails	1612458617225	1612458617275	OK	 
USER	Timed1	START	1612458617372
REQUEST		ConfirmPayment	1612458617277	1612458617423	OK	 
REQUEST		CreateTimed	1612458617453	1612458617495	OK	 
REQUEST		GetToken	1612458617373	1612458617502	OK	 
REQUEST		AddTourToCart	1612458617372	1612458617509	OK	 
REQUEST		GetTours	1612458617637	1612458617764	OK	 
REQUEST		AddTourToCart	1612458617703	1612458617837	OK	 
USER	Timed1	START	1612458617873
REQUEST		GetToken	1612458617873	1612458617994	OK	 
USER	Timed1	END	1612458618073
REQUEST		AddToCart	1612458618049	1612458618085	OK	 
REQUEST		BookingDetails	1612458618107	1612458618148	OK	 
REQUEST		GetTours	1612458618061	1612458618194	OK	 
REQUEST		BookingDetails	1612458618162	1612458618227	OK	 
REQUEST		AddToCart	1612458618227	1612458618266	OK	 
REQUEST		ConfirmPayment	1612458618150	1612458618273	OK	 
USER	Timed1	START	1612458618372
REQUEST		ConfirmPayment	1612458618242	1612458618375	OK	 
USER	Timed1	END	1612458618429
REQUEST		GetToken	1612458618372	1612458618513	OK	 
REQUEST		BookingDetails	1612458618500	1612458618546	OK	 
REQUEST		CreateTimed	1612458618508	1612458618547	OK	 
REQUEST		AddToCart	1612458618512	1612458618560	OK	 
REQUEST		ConfirmPayment	1612458618549	1612458618699	OK	 
USER	Timed1	START	1612458618882
REQUEST		AddTourToCart	1612458618767	1612458618920	OK	 
REQUEST		GetToken	1612458618883	1612458618998	OK	 
REQUEST		AddToCart	1612458618999	1612458619028	OK	 
REQUEST		CreateTimed	1612458619001	1612458619048	OK	 
REQUEST		GetTours	1612458619090	1612458619227	OK	 
USER	Timed1	END	1612458619279
REQUEST		AddTourToCart	1612458619199	1612458619360	OK	 
USER	Timed1	END	1612458619378
REQUEST		GetTours	1612458619269	1612458619392	OK	 
REQUEST		CreateTimed	1612458619478	1612458619540	OK	 
REQUEST		AddToCart	1612458619517	1612458619568	OK	 
REQUEST		BookingDetails	1612458619558	1612458619689	OK	 
USER	Timed1	END	1612458619705
REQUEST		GetTours	1612458619568	1612458619701	OK	 
REQUEST		ConfirmPayment	1612458619691	1612458619827	OK	 
USER	Timed1	START	1612458619874
REQUEST		GetToken	1612458619874	1612458619994	OK	 
REQUEST		CreateTimed	1612458619992	1612458620039	OK	 
REQUEST		AddToCart	1612458620005	1612458620045	OK	 
REQUEST		BookingDetails	1612458620051	1612458620089	OK	 
REQUEST		GetTours	1612458620032	1612458620160	OK	 
REQUEST		ConfirmPayment	1612458620094	1612458620232	OK	 
USER	Timed1	START	1612458620372
REQUEST		AddTourToCart	1612458620232	1612458620374	OK	 
REQUEST		GetToken	1612458620372	1612458620486	OK	 
REQUEST		AddTourToCart	1612458620397	1612458620558	OK	 
REQUEST		CreateTimed	1612458620508	1612458620571	OK	 
REQUEST		BookingDetails	1612458620560	1612458620701	OK	 
REQUEST		GetTours	1612458620577	1612458620715	OK	 
USER	Timed1	END	1612458620830
REQUEST		ConfirmPayment	1612458620703	1612458620855	OK	 
USER	Timed1	START	1612458620873
REQUEST		AddTourToCart	1612458620713	1612458620897	OK	 
REQUEST		GetToken	1612458620874	1612458621026	OK	 
REQUEST		AddToCart	1612458620997	1612458621039	OK	 
REQUEST		BookingDetails	1612458621047	1612458621095	OK	 
REQUEST		GetTours	1612458621048	1612458621200	OK	 
USER	Timed1	END	1612458621235
REQUEST		ConfirmPayment	1612458621097	1612458621244	OK	 
REQUEST		AddTourToCart	1612458621164	1612458621314	OK	 
USER	Timed1	START	1612458621371
REQUEST		GetToken	1612458621372	1612458621481	OK	 
REQUEST		AddToCart	1612458621491	1612458621551	OK	 
REQUEST		CreateTimed	1612458621461	1612458621553	OK	 
REQUEST		BookingDetails	1612458621575	1612458621732	OK	 
USER	Timed1	END	1612458621859
REQUEST		ConfirmPayment	1612458621733	1612458621874	OK	 
REQUEST		AddTourToCart	1612458621718	1612458621874	OK	 
USER	Timed1	START	1612458621873
REQUEST		GetToken	1612458621875	1612458622064	OK	 
REQUEST		AddToCart	1612458622030	1612458622123	OK	 
REQUEST		GetTours	1612458622042	1612458622206	OK	 
USER	Timed1	END	1612458622247
REQUEST		CreateTimed	1612458622235	1612458622278	OK	 
REQUEST		AddTourToCart	1612458622206	1612458622350	OK	 
REQUEST		AddToCart	1612458622486	1612458622529	OK	 
REQUEST		BookingDetails	1612458622558	1612458622601	OK	 
REQUEST		CreateTimed	1612458622560	1612458622620	OK	 
REQUEST		GetTours	1612458622554	1612458622687	OK	 
REQUEST		ConfirmPayment	1612458622603	1612458622745	OK	 
USER	Timed1	START	1612458622872
USER	Timed1	END	1612458622877
REQUEST		GetToken	1612458622873	1612458623007	OK	 
REQUEST		CreateTimed	1612458623013	1612458623044	OK	 
REQUEST		AddToCart	1612458623068	1612458623109	OK	 
REQUEST		GetTours	1612458623126	1612458623255	OK	 
REQUEST		BookingDetails	1612458623282	1612458623333	OK	 
REQUEST		AddTourToCart	1612458623213	1612458623355	OK	 
USER	Timed1	START	1612458623372
REQUEST		ConfirmPayment	1612458623335	1612458623462	OK	 
REQUEST		GetToken	1612458623372	1612458623545	OK	 
REQUEST		GetTours	1612458623532	1612458623673	OK	 
REQUEST		BookingDetails	1612458623625	1612458623730	OK	 
USER	Timed1	END	1612458623748
REQUEST		AddTourToCart	1612458623691	1612458623845	OK	 
REQUEST		CreateTimed	1612458623747	1612458623845	OK	 
REQUEST		ConfirmPayment	1612458623732	1612458623853	OK	 
USER	Timed1	START	1612458623872
REQUEST		GetToken	1612458623873	1612458624027	OK	 
REQUEST		AddToCart	1612458624013	1612458624046	OK	 
REQUEST		BookingDetails	1612458624050	1612458624089	OK	 
REQUEST		GetTours	1612458624113	1612458624238	OK	 
REQUEST		ConfirmPayment	1612458624101	1612458624241	OK	 
USER	Timed1	START	1612458624372
REQUEST		AddTourToCart	1612458624258	1612458624412	OK	 
USER	Timed1	END	1612458624468
REQUEST		GetToken	1612458624372	1612458624490	OK	 
REQUEST		CreateTimed	1612458624516	1612458624587	OK	 
REQUEST		AddToCart	1612458624548	1612458624591	OK	 
REQUEST		AddTourToCart	1612458624679	1612458624827	OK	 
USER	Timed1	END	1612458624856
USER	Timed1	START	1612458624873
REQUEST		CreateTimed	1612458624841	1612458624899	OK	 
REQUEST		BookingDetails	1612458624851	1612458624899	OK	 
REQUEST		GetToken	1612458624874	1612458625002	OK	 
REQUEST		ConfirmPayment	1612458624905	1612458625107	OK	 
REQUEST		AddToCart	1612458625031	1612458625107	OK	 
REQUEST		GetTours	1612458625052	1612458625195	OK	 
USER	Timed1	END	1612458625245
REQUEST		AddTourToCart	1612458625240	1612458625403	OK	 
REQUEST		AddToCart	1612458625496	1612458625531	OK	 
REQUEST		BookingDetails	1612458625591	1612458625634	OK	 
REQUEST		GetTours	1612458625595	1612458625723	OK	 
REQUEST		ConfirmPayment	1612458625636	1612458625763	OK	 
USER	Timed1	START	1612458625873
REQUEST		BookingDetails	1612458625907	1612458625955	OK	 
REQUEST		GetToken	1612458625873	1612458625991	OK	 
REQUEST		CreateTimed	1612458625928	1612458625991	OK	 
REQUEST		AddToCart	1612458626004	1612458626041	OK	 
REQUEST		ConfirmPayment	1612458625957	1612458626090	OK	 
USER	Timed1	END	1612458626114
REQUEST		GetTours	1612458626111	1612458626242	OK	 
REQUEST		AddTourToCart	1612458626198	1612458626350	OK	 
USER	Timed1	START	1612458626372
REQUEST		CreateTimed	1612458626365	1612458626416	OK	 
REQUEST		GetToken	1612458626373	1612458626575	OK	 
REQUEST		GetTours	1612458626534	1612458626741	OK	 
USER	Timed1	END	1612458626770
USER	Timed1	START	1612458626873
REQUEST		AddTourToCart	1612458626726	1612458626875	OK	 
REQUEST		GetToken	1612458626873	1612458626994	OK	 
REQUEST		AddToCart	1612458626996	1612458627057	OK	 
REQUEST		BookingDetails	1612458627000	1612458627069	OK	 
USER	Timed1	END	1612458627094
REQUEST		GetTours	1612458627044	1612458627185	OK	 
REQUEST		ConfirmPayment	1612458627071	1612458627204	OK	 
USER	Timed1	START	1612458627373
REQUEST		AddTourToCart	1612458627246	1612458627388	OK	 
REQUEST		CreateTimed	1612458627380	1612458627423	OK	 
REQUEST		BookingDetails	1612458627419	1612458627467	OK	 
REQUEST		GetToken	1612458627373	1612458627503	OK	 
REQUEST		ConfirmPayment	1612458627470	1612458627606	OK	 
REQUEST		CreateTimed	1612458627564	1612458627619	OK	 
REQUEST		AddToCart	1612458627582	1612458627638	OK	 
USER	Timed1	START	1612458627873
REQUEST		AddTourToCart	1612458627746	1612458627885	OK	 
REQUEST		CreateTimed	1612458627903	1612458628009	OK	 
REQUEST		AddToCart	1612458628000	1612458628049	OK	 
REQUEST		GetToken	1612458627874	1612458628060	OK	 
REQUEST		GetTours	1612458628060	1612458628189	OK	 
USER	Timed1	END	1612458628207
REQUEST		CreateTimed	1612458628318	1612458628473	OK	 
REQUEST		BookingDetails	1612458628426	1612458628486	OK	 
REQUEST		AddToCart	1612458628507	1612458628546	OK	 
REQUEST		AddTourToCart	1612458628188	1612458628583	OK	 
USER	Timed1	END	1612458628611
REQUEST		BookingDetails	1612458628622	1612458628658	OK	 
REQUEST		ConfirmPayment	1612458628487	1612458628658	OK	 
REQUEST		GetTours	1612458628642	1612458628766	OK	 
REQUEST		ConfirmPayment	1612458628661	1612458628844	OK	 
USER	Timed1	START	1612458628873
REQUEST		CreateTimed	1612458628880	1612458628917	OK	 
REQUEST		GetToken	1612458628873	1612458628994	OK	 
REQUEST		BookingDetails	1612458629016	1612458629071	OK	 
REQUEST		AddToCart	1612458629064	1612458629097	OK	 
REQUEST		GetTours	1612458629052	1612458629172	OK	 
REQUEST		ConfirmPayment	1612458629076	1612458629209	OK	 
REQUEST		AddTourToCart	1612458629193	1612458629337	OK	 
USER	Timed1	START	1612458629373
REQUEST		CreateTimed	1612458629355	1612458629397	OK	 
REQUEST		GetToken	1612458629374	1612458629508	OK	 
REQUEST		BookingDetails	1612458629476	1612458629510	OK	 
USER	Timed1	END	1612458629662
REQUEST		ConfirmPayment	1612458629511	1612458629670	OK	 
REQUEST		GetTours	1612458629549	1612458629719	OK	 
USER	Timed1	END	1612458629848
USER	Timed1	START	1612458629872
REQUEST		AddTourToCart	1612458629769	1612458629910	OK	 
REQUEST		BookingDetails	1612458629920	1612458629972	OK	 
REQUEST		GetToken	1612458629873	1612458630015	OK	 
REQUEST		AddToCart	1612458629999	1612458630057	OK	 
REQUEST		ConfirmPayment	1612458629973	1612458630157	OK	 
USER	Timed1	END	1612458630212
REQUEST		GetTours	1612458630100	1612458630223	OK	 
REQUEST		AddTourToCart	1612458630176	1612458630320	OK	 
USER	Timed1	START	1612458630372
REQUEST		CreateTimed	1612458630361	1612458630409	OK	 
REQUEST		BookingDetails	1612458630401	1612458630440	OK	 
REQUEST		GetToken	1612458630372	1612458630508	OK	 
REQUEST		AddToCart	1612458630512	1612458630564	OK	 
REQUEST		ConfirmPayment	1612458630441	1612458630571	OK	 
USER	Timed1	END	1612458630682
USER	Timed1	START	1612458630873
REQUEST		AddTourToCart	1612458630722	1612458630902	OK	 
REQUEST		CreateTimed	1612458630852	1612458630904	OK	 
REQUEST		GetToken	1612458630873	1612458631016	OK	 
REQUEST		AddToCart	1612458631018	1612458631108	OK	 
USER	Timed1	END	1612458631161
REQUEST		GetTours	1612458631060	1612458631187	OK	 
REQUEST		AddTourToCart	1612458631227	1612458631391	OK	 
REQUEST		BookingDetails	1612458631415	1612458631487	OK	 
REQUEST		CreateTimed	1612458631418	1612458631495	OK	 
REQUEST		AddToCart	1612458631521	1612458631562	OK	 
USER	Timed1	END	1612458631575
REQUEST		ConfirmPayment	1612458631488	1612458631661	OK	 
REQUEST		GetTours	1612458631570	1612458631747	OK	 
USER	Timed1	START	1612458631873
REQUEST		CreateTimed	1612458631856	1612458631917	OK	 
REQUEST		BookingDetails	1612458631907	1612458631961	OK	 
REQUEST		AddToCart	1612458632020	1612458632061	OK	 
REQUEST		GetToken	1612458631873	1612458632126	OK	 
REQUEST		ConfirmPayment	1612458631963	1612458632200	OK	 
REQUEST		GetTours	1612458632111	1612458632249	OK	 
REQUEST		AddTourToCart	1612458632192	1612458632337	OK	 
USER	Timed1	START	1612458632372
REQUEST		CreateTimed	1612458632407	1612458632463	OK	 
REQUEST		GetToken	1612458632373	1612458632487	OK	 
REQUEST		BookingDetails	1612458632502	1612458632552	OK	 
USER	Timed1	END	1612458632664
REQUEST		GetTours	1612458632570	1612458632687	KO	status.find.in(200,201,202,203,204,205,206,207,208,209,304), found 500
REQUEST		ConfirmPayment	1612458632553	1612458632712	OK	 
REQUEST		GetTours	1612458632695	1612458632823	OK	 
USER	Timed1	START	1612458632873
REQUEST		AddTourToCart	1612458632752	1612458632897	OK	 
REQUEST		BookingDetails	1612458632921	1612458632974	OK	 
REQUEST		GetToken	1612458632874	1612458633004	OK	 
REQUEST		ConfirmPayment	1612458632975	1612458633122	OK	 
REQUEST		AddToCart	1612458633129	1612458633171	OK	 
REQUEST		GetTours	1612458633064	1612458633191	OK	 
USER	Timed1	END	1612458633203
USER	Timed1	START	1612458633371
REQUEST		CreateTimed	1612458633353	1612458633392	OK	 
REQUEST		AddTourToCart	1612458633253	1612458633397	OK	 
REQUEST		GetToken	1612458633372	1612458633471	OK	 
REQUEST		BookingDetails	1612458633466	1612458633540	OK	 
REQUEST		AddToCart	1612458633490	1612458633547	OK	 
REQUEST		ConfirmPayment	1612458633542	1612458633679	OK	 
USER	Timed1	END	1612458633718
USER	Timed1	START	1612458633872
REQUEST		CreateTimed	1612458633880	1612458633952	OK	 
REQUEST		AddTourToCart	1612458633827	1612458633976	OK	 
REQUEST		GetToken	1612458633872	1612458634068	OK	 
REQUEST		AddToCart	1612458634007	1612458634071	OK	 
USER	Timed1	END	1612458634125
REQUEST		GetTours	1612458634174	1612458634322	KO	status.find.in(200,201,202,203,204,205,206,207,208,209,304), found 500
REQUEST		AddTourToCart	1612458634194	1612458634329	OK	 
REQUEST		GetTours	1612458634325	1612458634452	OK	 
REQUEST		CreateTimed	1612458634392	1612458634455	OK	 
REQUEST		BookingDetails	1612458634394	1612458634465	OK	 
REQUEST		AddToCart	1612458634475	1612458634508	OK	 
REQUEST		ConfirmPayment	1612458634467	1612458634658	OK	 
USER	Timed1	END	1612458634683
REQUEST		GetTours	1612458634549	1612458634684	OK	 
USER	Timed1	START	1612458634872
REQUEST		CreateTimed	1612458634888	1612458634935	OK	 
REQUEST		BookingDetails	1612458634957	1612458635006	OK	 
REQUEST		GetToken	1612458634873	1612458635027	OK	 
REQUEST		AddToCart	1612458635072	1612458635119	OK	 
REQUEST		ConfirmPayment	1612458635007	1612458635143	OK	 
REQUEST		GetTours	1612458635074	1612458635232	OK	 
USER	Timed1	START	1612458635372
REQUEST		BookingDetails	1612458635460	1612458635509	OK	 
REQUEST		GetToken	1612458635372	1612458635509	OK	 
REQUEST		AddTourToCart	1612458635455	1612458635623	OK	 
REQUEST		CreateTimed	1612458635586	1612458635627	OK	 
REQUEST		ConfirmPayment	1612458635511	1612458635648	OK	 
USER	Timed1	END	1612458635662
REQUEST		GetTours	1612458635512	1612458635666	OK	 
REQUEST		AddTourToCart	1612458635689	1612458635840	OK	 
USER	Timed1	START	1612458635872
REQUEST		BookingDetails	1612458635939	1612458635996	OK	 
REQUEST		GetToken	1612458635873	1612458636002	OK	 
REQUEST		AddToCart	1612458636030	1612458636096	OK	 
USER	Timed1	END	1612458636146
REQUEST		GetTours	1612458636122	1612458636313	OK	 
USER	Timed1	START	1612458636373
REQUEST		AddTourToCart	1612458636236	1612458636397	OK	 
REQUEST		ConfirmPayment	1612458635998	1612458636397	OK	 
REQUEST		CreateTimed	1612458636342	1612458636400	OK	 
REQUEST		GetToken	1612458636374	1612458636521	OK	 
REQUEST		AddToCart	1612458636512	1612458636542	OK	 
USER	Timed1	END	1612458636652
REQUEST		BookingDetails	1612458636630	1612458636741	OK	 
USER	Timed1	START	1612458636873
REQUEST		AddTourToCart	1612458636674	1612458636913	OK	 
REQUEST		ConfirmPayment	1612458636743	1612458636918	OK	 
REQUEST		CreateTimed	1612458636914	1612458636947	OK	 
REQUEST		AddToCart	1612458637010	1612458637071	OK	 
REQUEST		GetToken	1612458636873	1612458637073	OK	 
REQUEST		GetTours	1612458637099	1612458637228	OK	 
REQUEST		CreateTimed	1612458637324	1612458637384	OK	 
USER	Timed1	END	1612458637402
REQUEST		BookingDetails	1612458637403	1612458637460	OK	 
REQUEST		AddTourToCart	1612458637316	1612458637483	OK	 
REQUEST		AddToCart	1612458637526	1612458637563	OK	 
REQUEST		GetTours	1612458637546	1612458637688	OK	 
USER	Timed1	START	1612458637873
REQUEST		ConfirmPayment	1612458637462	1612458637893	OK	 
USER	Timed1	END	1612458637922
REQUEST		CreateTimed	1612458637908	1612458637956	OK	 
REQUEST		BookingDetails	1612458637950	1612458637997	OK	 
REQUEST		GetToken	1612458637873	1612458638051	OK	 
REQUEST		AddToCart	1612458638076	1612458638111	OK	 
REQUEST		ConfirmPayment	1612458637999	1612458638143	OK	 
REQUEST		GetTours	1612458638074	1612458638202	OK	 
REQUEST		AddTourToCart	1612458638231	1612458638372	OK	 
USER	Timed1	START	1612458638372
REQUEST		BookingDetails	1612458638386	1612458638422	OK	 
REQUEST		CreateTimed	1612458638395	1612458638438	OK	 
REQUEST		GetToken	1612458638373	1612458638485	OK	 
REQUEST		ConfirmPayment	1612458638425	1612458638610	OK	 
REQUEST		GetTours	1612458638565	1612458638694	OK	 
REQUEST		AddTourToCart	1612458638692	1612458638858	OK	 
USER	Timed1	START	1612458638874
USER	Timed1	END	1612458638896
REQUEST		BookingDetails	1612458638962	1612458639022	OK	 
REQUEST		GetToken	1612458638874	1612458639022	OK	 
REQUEST		AddToCart	1612458639054	1612458639083	OK	 
USER	Timed1	END	1612458639146
REQUEST		ConfirmPayment	1612458639025	1612458639207	OK	 
REQUEST		GetTours	1612458639114	1612458639266	OK	 
REQUEST		AddTourToCart	1612458639204	1612458639370	OK	 
USER	Timed1	START	1612458639372
REQUEST		CreateTimed	1612458639341	1612458639377	OK	 
REQUEST		GetToken	1612458639373	1612458639500	OK	 
REQUEST		BookingDetails	1612458639443	1612458639504	OK	 
REQUEST		AddToCart	1612458639488	1612458639527	OK	 
USER	Timed1	END	1612458639615
REQUEST		ConfirmPayment	1612458639507	1612458639641	OK	 
REQUEST		AddTourToCart	1612458639697	1612458639854	OK	 
USER	Timed1	START	1612458639871
REQUEST		GetToken	1612458639872	1612458640002	OK	 
REQUEST		CreateTimed	1612458639904	1612458640029	OK	 
REQUEST		AddToCart	1612458640027	1612458640056	OK	 
USER	Timed1	END	1612458640210
REQUEST		GetTours	1612458640085	1612458640224	OK	 
REQUEST		AddTourToCart	1612458640268	1612458640416	OK	 
REQUEST		BookingDetails	1612458640384	1612458640448	OK	 
REQUEST		CreateTimed	1612458640399	1612458640455	OK	 
REQUEST		AddToCart	1612458640503	1612458640550	OK	 
REQUEST		ConfirmPayment	1612458640449	1612458640644	OK	 
USER	Timed1	END	1612458640646
REQUEST		GetTours	1612458640529	1612458640660	OK	 
USER	Timed1	START	1612458640871
REQUEST		GetToken	1612458640871	1612458641025	OK	 
REQUEST		CreateTimed	1612458640981	1612458641030	OK	 
REQUEST		AddToCart	1612458641006	1612458641052	OK	 
REQUEST		BookingDetails	1612458641032	1612458641079	OK	 
REQUEST		GetTours	1612458641059	1612458641181	OK	 
REQUEST		ConfirmPayment	1612458641081	1612458641212	OK	 
USER	Timed1	START	1612458641372
REQUEST		AddTourToCart	1612458641228	1612458641375	OK	 
REQUEST		CreateTimed	1612458641333	1612458641387	OK	 
REQUEST		GetToken	1612458641373	1612458641480	OK	 
REQUEST		BookingDetails	1612458641458	1612458641495	OK	 
REQUEST		ConfirmPayment	1612458641497	1612458641635	OK	 
USER	Timed1	END	1612458641648
REQUEST		GetTours	1612458641554	1612458641688	OK	 
REQUEST		AddTourToCart	1612458641663	1612458641827	OK	 
USER	Timed1	START	1612458641873
REQUEST		GetToken	1612458641875	1612458642053	OK	 
REQUEST		AddToCart	1612458642032	1612458642080	OK	 
REQUEST		BookingDetails	1612458642034	1612458642082	OK	 
REQUEST		GetTours	1612458642058	1612458642176	OK	 
USER	Timed1	END	1612458642215
REQUEST		ConfirmPayment	1612458642084	1612458642222	OK	 
REQUEST		AddTourToCart	1612458642188	1612458642338	OK	 
USER	Timed1	START	1612458642372
REQUEST		BookingDetails	1612458642390	1612458642440	OK	 
REQUEST		AddToCart	1612458642483	1612458642517	OK	 
REQUEST		GetToken	1612458642372	1612458642515	OK	 
REQUEST		ConfirmPayment	1612458642445	1612458642573	OK	 
USER	Timed1	END	1612458642639
REQUEST		CreateTimed	1612458642627	1612458642687	OK	 
REQUEST		AddTourToCart	1612458642695	1612458642841	OK	 
USER	Timed1	START	1612458642874
REQUEST		CreateTimed	1612458642845	1612458642890	OK	 
REQUEST		GetToken	1612458642874	1612458643040	OK	 
REQUEST		AddToCart	1612458643063	1612458643115	OK	 
REQUEST		GetTours	1612458643082	1612458643213	OK	 
USER	Timed1	END	1612458643230
REQUEST		AddTourToCart	1612458643179	1612458643334	OK	 
REQUEST		CreateTimed	1612458643402	1612458643442	OK	 
REQUEST		AddToCart	1612458643524	1612458643570	OK	 
USER	Timed1	END	1612458643577
REQUEST		GetTours	1612458643519	1612458643655	OK	 
REQUEST		BookingDetails	1612458643690	1612458643732	OK	 
USER	Timed1	START	1612458643872
REQUEST		ConfirmPayment	1612458643733	1612458643874	OK	 
REQUEST		GetToken	1612458643872	1612458644033	OK	 
REQUEST		BookingDetails	1612458643894	1612458644046	OK	 
REQUEST		CreateTimed	1612458643919	1612458644045	OK	 
REQUEST		AddToCart	1612458644058	1612458644131	OK	 
REQUEST		ConfirmPayment	1612458644048	1612458644183	OK	 
REQUEST		GetTours	1612458644118	1612458644248	OK	 
REQUEST		AddTourToCart	1612458644215	1612458644358	OK	 
USER	Timed1	START	1612458644372
REQUEST		BookingDetails	1612458644445	1612458644481	OK	 
REQUEST		GetToken	1612458644373	1612458644516	OK	 
REQUEST		CreateTimed	1612458644488	1612458644542	OK	 
REQUEST		ConfirmPayment	1612458644483	1612458644623	OK	 
REQUEST		GetTours	1612458644573	1612458644699	OK	 
REQUEST		AddTourToCart	1612458644659	1612458644797	OK	 
USER	Timed1	START	1612458644873
USER	Timed1	END	1612458644876
REQUEST		GetToken	1612458644873	1612458644998	OK	 
REQUEST		AddToCart	1612458645036	1612458645068	OK	 
REQUEST		BookingDetails	1612458645050	1612458645081	OK	 
USER	Timed1	END	1612458645186
REQUEST		ConfirmPayment	1612458645082	1612458645216	OK	 
REQUEST		GetTours	1612458645134	1612458645267	OK	 
USER	Timed1	START	1612458645372
REQUEST		AddTourToCart	1612458645251	1612458645426	OK	 
REQUEST		CreateTimed	1612458645375	1612458645427	OK	 
REQUEST		GetToken	1612458645372	1612458645493	OK	 
REQUEST		AddToCart	1612458645520	1612458645556	OK	 
REQUEST		BookingDetails	1612458645544	1612458645601	OK	 
USER	Timed1	END	1612458645627
REQUEST		ConfirmPayment	1612458645603	1612458645753	OK	 
USER	Timed1	START	1612458645872
REQUEST		AddTourToCart	1612458645703	1612458645909	OK	 
REQUEST		CreateTimed	1612458645862	1612458645934	OK	 
REQUEST		AddToCart	1612458646000	1612458646050	OK	 
REQUEST		GetToken	1612458645874	1612458646050	OK	 
REQUEST		GetTours	1612458646070	1612458646203	OK	 
USER	Timed1	END	1612458646220
REQUEST		AddTourToCart	1612458646270	1612458646434	OK	 
REQUEST		CreateTimed	1612458646376	1612458646434	OK	 
REQUEST		BookingDetails	1612458646431	1612458646473	OK	 
REQUEST		AddToCart	1612458646496	1612458646537	OK	 
REQUEST		ConfirmPayment	1612458646475	1612458646640	OK	 
REQUEST		GetTours	1612458646560	1612458646686	OK	 
USER	Timed1	END	1612458646760
USER	Timed1	START	1612458646872
REQUEST		CreateTimed	1612458646859	1612458646917	OK	 
REQUEST		BookingDetails	1612458646937	1612458647030	OK	 
REQUEST		GetToken	1612458646873	1612458647035	OK	 
REQUEST		AddToCart	1612458647054	1612458647125	OK	 
REQUEST		ConfirmPayment	1612458647033	1612458647181	OK	 
REQUEST		GetTours	1612458647053	1612458647187	OK	 
USER	Timed1	START	1612458647373
REQUEST		AddTourToCart	1612458647207	1612458647382	OK	 
REQUEST		CreateTimed	1612458647420	1612458647485	OK	 
REQUEST		BookingDetails	1612458647437	1612458647485	OK	 
REQUEST		GetToken	1612458647373	1612458647511	OK	 
REQUEST		ConfirmPayment	1612458647487	1612458647642	OK	 
USER	Timed1	END	1612458647643
REQUEST		GetTours	1612458647540	1612458647687	OK	 
REQUEST		AddTourToCart	1612458647689	1612458647858	OK	 
USER	Timed1	START	1612458647873
REQUEST		BookingDetails	1612458647919	1612458648023	OK	 
REQUEST		GetToken	1612458647874	1612458648039	OK	 
REQUEST		AddToCart	1612458648038	1612458648133	OK	 
REQUEST		ConfirmPayment	1612458648026	1612458648174	OK	 
USER	Timed1	END	1612458648186
REQUEST		GetTours	1612458648129	1612458648260	OK	 
REQUEST		AddTourToCart	1612458648191	1612458648333	OK	 
USER	Timed1	START	1612458648372
REQUEST		CreateTimed	1612458648380	1612458648417	OK	 
REQUEST		GetToken	1612458648372	1612458648482	OK	 
REQUEST		BookingDetails	1612458648488	1612458648528	OK	 
REQUEST		AddToCart	1612458648514	1612458648552	OK	 
USER	Timed1	END	1612458648646
REQUEST		ConfirmPayment	1612458648530	1612458648658	OK	 
REQUEST		AddTourToCart	1612458648690	1612458648835	OK	 
REQUEST		CreateTimed	1612458648830	1612458648863	OK	 
USER	Timed1	START	1612458648873
REQUEST		GetToken	1612458648873	1612458648980	OK	 
REQUEST		AddToCart	1612458649043	1612458649075	OK	 
USER	Timed1	END	1612458649177
REQUEST		GetTours	1612458649135	1612458649270	OK	 
REQUEST		CreateTimed	1612458649341	1612458649401	OK	 
REQUEST		AddTourToCart	1612458649264	1612458649414	OK	 
REQUEST		BookingDetails	1612458649421	1612458649462	OK	 
REQUEST		AddToCart	1612458649486	1612458649536	OK	 
REQUEST		ConfirmPayment	1612458649464	1612458649584	OK	 
USER	Timed1	END	1612458649661
REQUEST		GetTours	1612458649555	1612458649707	OK	 
USER	Timed1	START	1612458649872
REQUEST		CreateTimed	1612458649848	1612458649893	OK	 
REQUEST		BookingDetails	1612458649866	1612458649948	OK	 
REQUEST		GetToken	1612458649872	1612458650027	OK	 
REQUEST		AddToCart	1612458649989	1612458650049	OK	 
REQUEST		ConfirmPayment	1612458649951	1612458650077	OK	 
REQUEST		GetTours	1612458650079	1612458650217	OK	 
USER	Timed1	START	1612458650372
REQUEST		CreateTimed	1612458650337	1612458650383	OK	 
REQUEST		AddTourToCart	1612458650273	1612458650430	OK	 
REQUEST		BookingDetails	1612458650404	1612458650440	OK	 
REQUEST		GetToken	1612458650372	1612458650495	OK	 
REQUEST		ConfirmPayment	1612458650441	1612458650566	OK	 
USER	Timed1	END	1612458650590
REQUEST		GetTours	1612458650540	1612458650695	OK	 
REQUEST		AddTourToCart	1612458650710	1612458650860	OK	 
USER	Timed1	START	1612458650873
REQUEST		BookingDetails	1612458650897	1612458650955	OK	 
REQUEST		GetToken	1612458650873	1612458651031	OK	 
REQUEST		AddToCart	1612458651032	1612458651064	OK	 
USER	Timed1	END	1612458651089
REQUEST		ConfirmPayment	1612458650956	1612458651090	OK	 
REQUEST		GetTours	1612458651052	1612458651193	OK	 
REQUEST		AddTourToCart	1612458651221	1612458651369	OK	 
USER	Timed1	START	1612458651373
REQUEST		CreateTimed	1612458651362	1612458651407	OK	 
REQUEST		BookingDetails	1612458651388	1612458651423	OK	 
REQUEST		GetToken	1612458651375	1612458651500	OK	 
REQUEST		AddToCart	1612458651498	1612458651533	OK	 
REQUEST		ConfirmPayment	1612458651424	1612458651559	OK	 
USER	Timed1	END	1612458651573
REQUEST		CreateTimed	1612458651801	1612458651841	OK	 
REQUEST		AddTourToCart	1612458651698	1612458651842	OK	 
USER	Timed1	START	1612458651873
REQUEST		GetToken	1612458651873	1612458652026	OK	 
REQUEST		AddToCart	1612458652037	1612458652091	OK	 
USER	Timed1	END	1612458652096
REQUEST		GetTours	1612458652084	1612458652209	OK	 
REQUEST		AddTourToCart	1612458652196	1612458652505	OK	 
REQUEST		BookingDetails	1612458652409	1612458652507	OK	 
REQUEST		CreateTimed	1612458652433	1612458652557	OK	 
REQUEST		AddToCart	1612458652503	1612458652561	OK	 
USER	Timed1	END	1612458652565
REQUEST		ConfirmPayment	1612458652508	1612458652711	OK	 
REQUEST		GetTours	1612458652539	1612458652712	OK	 
USER	Timed1	START	1612458652873
REQUEST		BookingDetails	1612458652846	1612458652889	OK	 
REQUEST		CreateTimed	1612458652914	1612458652988	OK	 
REQUEST		GetToken	1612458652875	1612458653002	OK	 
REQUEST		ConfirmPayment	1612458652891	1612458653029	OK	 
REQUEST		AddToCart	1612458653029	1612458653074	OK	 
REQUEST		GetTours	1612458653101	1612458653229	OK	 
REQUEST		AddTourToCart	1612458653213	1612458653356	OK	 
USER	Timed1	START	1612458653371
REQUEST		GetToken	1612458653372	1612458653482	OK	 
REQUEST		CreateTimed	1612458653439	1612458653488	OK	 
REQUEST		BookingDetails	1612458653561	1612458653615	OK	 
REQUEST		GetTours	1612458653563	1612458653713	OK	 
USER	Timed1	END	1612458653714
REQUEST		ConfirmPayment	1612458653616	1612458653764	OK	 
REQUEST		AddTourToCart	1612458653715	1612458653866	OK	 
USER	Timed1	START	1612458653872
USER	Timed1	END	1612458654033
REQUEST		BookingDetails	1612458653991	1612458654116	OK	 
REQUEST		AddToCart	1612458654006	1612458654116	OK	 
REQUEST		GetToken	1612458653872	1612458654116	OK	 
REQUEST		GetTours	1612458654077	1612458654226	OK	 
REQUEST		ConfirmPayment	1612458654118	1612458654267	OK	 
USER	Timed1	START	1612458654372
REQUEST		AddTourToCart	1612458654232	1612458654402	OK	 
REQUEST		CreateTimed	1612458654388	1612458654436	OK	 
REQUEST		GetToken	1612458654372	1612458654483	OK	 
REQUEST		AddToCart	1612458654485	1612458654541	OK	 
REQUEST		BookingDetails	1612458654491	1612458654565	OK	 
REQUEST		ConfirmPayment	1612458654566	1612458654695	OK	 
USER	Timed1	END	1612458654768
REQUEST		AddTourToCart	1612458654716	1612458654870	OK	 
USER	Timed1	START	1612458654872
REQUEST		CreateTimed	1612458654861	1612458654904	OK	 
REQUEST		GetToken	1612458654875	1612458655002	OK	 
REQUEST		AddToCart	1612458655121	1612458655184	OK	 
REQUEST		GetTours	1612458655120	1612458655260	OK	 
USER	Timed1	END	1612458655275
REQUEST		CreateTimed	1612458655336	1612458655400	OK	 
REQUEST		AddTourToCart	1612458655233	1612458655400	OK	 
REQUEST		BookingDetails	1612458655442	1612458655486	OK	 
REQUEST		AddToCart	1612458655485	1612458655520	OK	 
REQUEST		ConfirmPayment	1612458655488	1612458655621	OK	 
REQUEST		GetTours	1612458655543	1612458655676	OK	 
USER	Timed1	END	1612458655699
USER	Timed1	START	1612458655873
REQUEST		CreateTimed	1612458655838	1612458655878	OK	 
REQUEST		BookingDetails	1612458655910	1612458655976	OK	 
REQUEST		GetToken	1612458655874	1612458656073	OK	 
REQUEST		AddToCart	1612458656007	1612458656096	OK	 
REQUEST		ConfirmPayment	1612458655978	1612458656129	OK	 
REQUEST		GetTours	1612458656186	1612458656307	OK	 
USER	Timed1	START	1612458656372
REQUEST		AddTourToCart	1612458656264	1612458656413	OK	 
REQUEST		BookingDetails	1612458656404	1612458656449	OK	 
REQUEST		CreateTimed	1612458656419	1612458656455	OK	 
REQUEST		GetToken	1612458656373	1612458656510	OK	 
REQUEST		ConfirmPayment	1612458656451	1612458656615	OK	 
USER	Timed1	END	1612458656627
REQUEST		GetTours	1612458656523	1612458656682	OK	 
REQUEST		AddTourToCart	1612458656681	1612458656841	OK	 
USER	Timed1	START	1612458656873
REQUEST		BookingDetails	1612458656881	1612458656929	OK	 
REQUEST		GetToken	1612458656873	1612458656982	OK	 
REQUEST		ConfirmPayment	1612458656931	1612458657065	OK	 
REQUEST		AddToCart	1612458657077	1612458657113	OK	 
USER	Timed1	END	1612458657133
REQUEST		GetTours	1612458657100	1612458657245	OK	 
USER	Timed1	START	1612458657372
REQUEST		AddTourToCart	1612458657311	1612458657592	OK	 
REQUEST		AddToCart	1612458657512	1612458657602	OK	 
REQUEST		BookingDetails	1612458657475	1612458657612	OK	 
REQUEST		CreateTimed	1612458657434	1612458657612	OK	 
USER	Timed1	END	1612458657617
REQUEST		ConfirmPayment	1612458657614	1612458657744	OK	 
REQUEST		AddTourToCart	1612458657687	1612458657856	OK	 
USER	Timed1	START	1612458657872
REQUEST		CreateTimed	1612458657865	1612458657912	OK	 
REQUEST		AddToCart	1612458657985	1612458658040	OK	 
USER	Timed1	END	1612458658068
REQUEST		GetToken	1612458657372	1612458658185	OK	 
REQUEST		GetTours	1612458658115	1612458658250	OK	 
REQUEST		GetToken	1612458657872	1612458658267	OK	 
REQUEST		CreateTimed	1612458658373	1612458658415	OK	 
REQUEST		AddTourToCart	1612458658249	1612458658422	OK	 
REQUEST		BookingDetails	1612458658616	1612458658668	OK	 
REQUEST		GetTours	1612458658604	1612458658740	OK	 
USER	Timed1	END	1612458658746
REQUEST		ConfirmPayment	1612458658670	1612458658853	OK	 
USER	Timed1	START	1612458658872
REQUEST		CreateTimed	1612458658846	1612458658896	OK	 
REQUEST		BookingDetails	1612458658914	1612458658956	OK	 
REQUEST		GetToken	1612458658873	1612458658992	OK	 
REQUEST		ConfirmPayment	1612458658957	1612458659131	OK	 
REQUEST		GetTours	1612458659044	1612458659179	OK	 
REQUEST		AddToCart	1612458659191	1612458659243	OK	 
REQUEST		AddToCart	1612458659269	1612458659317	OK	 
USER	Timed1	START	1612458659372
REQUEST		AddTourToCart	1612458659254	1612458659404	OK	 
REQUEST		BookingDetails	1612458659417	1612458659457	OK	 
REQUEST		GetToken	1612458659372	1612458659481	OK	 
REQUEST		CreateTimed	1612458659509	1612458659547	OK	 
REQUEST		ConfirmPayment	1612458659460	1612458659608	OK	 
USER	Timed1	END	1612458659857
USER	Timed1	START	1612458659873
REQUEST		AddTourToCart	1612458659745	1612458659900	OK	 
REQUEST		BookingDetails	1612458659899	1612458659951	OK	 
REQUEST		GetToken	1612458659874	1612458660008	OK	 
REQUEST		AddToCart	1612458659995	1612458660047	OK	 
REQUEST		ConfirmPayment	1612458659953	1612458660082	OK	 
USER	Timed1	END	1612458660134
REQUEST		AddTourToCart	1612458660182	1612458660332	OK	 
USER	Timed1	START	1612458660372
REQUEST		GetTours	1612458660245	1612458660387	OK	 
REQUEST		CreateTimed	1612458660360	1612458660401	OK	 
REQUEST		GetTours	1612458660320	1612458660456	OK	 
REQUEST		GetToken	1612458660373	1612458660499	OK	 
REQUEST		AddToCart	1612458660485	1612458660545	OK	 
USER	Timed1	END	1612458660611
REQUEST		BookingDetails	1612458660550	1612458660669	OK	 
REQUEST		ConfirmPayment	1612458660671	1612458660835	OK	 
USER	Timed1	START	1612458660873
REQUEST		CreateTimed	1612458660870	1612458660942	OK	 
REQUEST		GetToken	1612458660873	1612458661085	OK	 
USER	Timed1	END	1612458661086
REQUEST		AddToCart	1612458661012	1612458661092	OK	 
REQUEST		GetTours	1612458661049	1612458661187	OK	 
REQUEST		BookingDetails	1612458661404	1612458661454	OK	 
REQUEST		CreateTimed	1612458661407	1612458661469	OK	 
REQUEST		AddTourToCart	1612458661390	1612458661549	OK	 
REQUEST		AddToCart	1612458661502	1612458661549	OK	 
REQUEST		ConfirmPayment	1612458661456	1612458661589	OK	 
REQUEST		AddTourToCart	1612458661459	1612458661632	OK	 
REQUEST		GetTours	1612458661549	1612458661694	OK	 
USER	Timed1	END	1612458661838
USER	Timed1	START	1612458661872
REQUEST		CreateTimed	1612458661879	1612458661925	OK	 
REQUEST		GetToken	1612458661872	1612458661990	OK	 
REQUEST		BookingDetails	1612458661973	1612458662032	OK	 
REQUEST		AddToCart	1612458662088	1612458662135	OK	 
REQUEST		ConfirmPayment	1612458662034	1612458662213	OK	 
REQUEST		GetTours	1612458662096	1612458662230	OK	 
REQUEST		AddTourToCart	1612458662190	1612458662335	OK	 
USER	Timed1	START	1612458662372
REQUEST		CreateTimed	1612458662405	1612458662447	OK	 
REQUEST		GetToken	1612458662373	1612458662485	OK	 
REQUEST		BookingDetails	1612458662473	1612458662539	OK	 
USER	Timed1	END	1612458662591
REQUEST		GetTours	1612458662553	1612458662704	OK	 
REQUEST		ConfirmPayment	1612458662540	1612458662714	OK	 
REQUEST		AddTourToCart	1612458662699	1612458662840	OK	 
USER	Timed1	START	1612458662872
REQUEST		BookingDetails	1612458662928	1612458663002	OK	 
REQUEST		GetToken	1612458662872	1612458663025	OK	 
REQUEST		AddToCart	1612458662994	1612458663068	OK	 
REQUEST		ConfirmPayment	1612458663004	1612458663139	OK	 
USER	Timed1	END	1612458663216
REQUEST		GetTours	1612458663136	1612458663268	OK	 
USER	Timed1	START	1612458663373
REQUEST		AddTourToCart	1612458663238	1612458663393	OK	 
REQUEST		GetToken	1612458663373	1612458663498	OK	 
REQUEST		CreateTimed	1612458663417	1612458663498	OK	 
REQUEST		BookingDetails	1612458663450	1612458663503	OK	 
REQUEST		AddToCart	1612458663490	1612458663522	OK	 
REQUEST		ConfirmPayment	1612458663504	1612458663637	OK	 
USER	Timed1	END	1612458663719
USER	Timed1	START	1612458663872
REQUEST		AddTourToCart	1612458663707	1612458663873	OK	 
REQUEST		CreateTimed	1612458663845	1612458663885	OK	 
REQUEST		GetToken	1612458663872	1612458663988	OK	 
REQUEST		AddToCart	1612458664029	1612458664085	OK	 
USER	Timed1	END	1612458664142
REQUEST		GetTours	1612458664072	1612458664199	OK	 
REQUEST		AddTourToCart	1612458664271	1612458664415	OK	 
REQUEST		AddToCart	1612458664504	1612458664547	OK	 
REQUEST		BookingDetails	1612458664505	1612458664553	OK	 
REQUEST		CreateTimed	1612458664595	1612458664631	OK	 
USER	Timed1	END	1612458664640
REQUEST		GetTours	1612458664526	1612458664670	OK	 
REQUEST		ConfirmPayment	1612458664554	1612458664720	OK	 
USER	Timed1	START	1612458664873
REQUEST		CreateTimed	1612458664861	1612458664907	OK	 
REQUEST		BookingDetails	1612458664889	1612458664933	OK	 
REQUEST		GetToken	1612458664873	1612458664976	OK	 
REQUEST		AddToCart	1612458664991	1612458665033	OK	 
REQUEST		ConfirmPayment	1612458664936	1612458665084	OK	 
REQUEST		GetTours	1612458665087	1612458665217	OK	 
REQUEST		AddTourToCart	1612458665201	1612458665350	OK	 
USER	Timed1	START	1612458665373
REQUEST		CreateTimed	1612458665427	1612458665483	OK	 
REQUEST		GetToken	1612458665373	1612458665488	OK	 
REQUEST		GetTours	1612458665550	1612458665687	OK	 
REQUEST		BookingDetails	1612458665634	1612458665689	OK	 
USER	Timed1	END	1612458665723
REQUEST		AddTourToCart	1612458665675	1612458665820	OK	 
REQUEST		ConfirmPayment	1612458665691	1612458665831	OK	 
USER	Timed1	START	1612458665873
REQUEST		BookingDetails	1612458665910	1612458665957	OK	 
REQUEST		GetToken	1612458665873	1612458665995	OK	 
REQUEST		AddToCart	1612458665979	1612458666052	OK	 
USER	Timed1	END	1612458666086
REQUEST		ConfirmPayment	1612458665959	1612458666102	OK	 
REQUEST		GetTours	1612458666035	1612458666170	OK	 
REQUEST		AddTourToCart	1612458666220	1612458666371	OK	 
USER	Timed1	START	1612458666372
REQUEST		CreateTimed	1612458666406	1612458666455	OK	 
REQUEST		GetToken	1612458666373	1612458666510	OK	 
REQUEST		BookingDetails	1612458666487	1612458666524	OK	 
REQUEST		AddToCart	1612458666491	1612458666539	OK	 
REQUEST		ConfirmPayment	1612458666525	1612458666668	OK	 
USER	Timed1	END	1612458666835
REQUEST		AddTourToCart	1612458666691	1612458666836	OK	 
USER	Timed1	START	1612458666884
REQUEST		CreateTimed	1612458666904	1612458666959	OK	 
REQUEST		GetToken	1612458666885	1612458667002	OK	 
REQUEST		AddToCart	1612458667007	1612458667055	OK	 
USER	Timed1	END	1612458667105
REQUEST		GetTours	1612458667056	1612458667198	OK	 
REQUEST		AddTourToCart	1612458667173	1612458667323	OK	 
REQUEST		CreateTimed	1612458667336	1612458667384	OK	 
REQUEST		BookingDetails	1612458667458	1612458667503	OK	 
REQUEST		AddToCart	1612458667514	1612458667548	OK	 
REQUEST		ConfirmPayment	1612458667505	1612458667635	OK	 
REQUEST		GetTours	1612458667544	1612458667669	OK	 
USER	Timed1	END	1612458667672
USER	Timed1	START	1612458667950
REQUEST		BookingDetails	1612458667961	1612458668014	OK	 
REQUEST		AddToCart	1612458668006	1612458668048	OK	 
REQUEST		GetToken	1612458667953	1612458668080	OK	 
REQUEST		ConfirmPayment	1612458668015	1612458668172	OK	 
REQUEST		GetTours	1612458668059	1612458668205	OK	 
USER	Timed1	START	1612458668372
REQUEST		AddTourToCart	1612458668202	1612458668378	OK	 
REQUEST		BookingDetails	1612458668388	1612458668435	OK	 
REQUEST		GetToken	1612458668372	1612458668499	OK	 
REQUEST		ConfirmPayment	1612458668438	1612458668597	OK	 
REQUEST		CreateTimed	1612458668554	1612458668605	OK	 
USER	Timed1	END	1612458668639
REQUEST		GetTours	1612458668551	1612458668689	OK	 
REQUEST		CreateTimed	1612458668635	1612458668689	OK	 
REQUEST		AddTourToCart	1612458668674	1612458668823	OK	 
USER	Timed1	START	1612458668874
REQUEST		GetToken	1612458668874	1612458668985	OK	 
REQUEST		AddToCart	1612458669084	1612458669128	OK	 
USER	Timed1	END	1612458669178
REQUEST		GetTours	1612458669054	1612458669182	OK	 
USER	Timed1	START	1612458669372
REQUEST		AddTourToCart	1612458669208	1612458669392	OK	 
REQUEST		CreateTimed	1612458669340	1612458669398	OK	 
REQUEST		GetToken	1612458669372	1612458669482	OK	 
REQUEST		AddToCart	1612458669504	1612458669556	OK	 
USER	Timed1	END	1612458669602
REQUEST		BookingDetails	1612458669612	1612458669655	OK	 
REQUEST		BookingDetails	1612458669694	1612458669743	OK	 
REQUEST		ConfirmPayment	1612458669657	1612458669797	OK	 
REQUEST		AddTourToCart	1612458669696	1612458669859	OK	 
USER	Timed1	START	1612458669872
REQUEST		CreateTimed	1612458669844	1612458669875	OK	 
REQUEST		ConfirmPayment	1612458669744	1612458669926	OK	 
REQUEST		GetToken	1612458669873	1612458669988	OK	 
REQUEST		AddToCart	1612458669988	1612458670024	OK	 
REQUEST		GetTours	1612458670132	1612458670273	OK	 
REQUEST		AddTourToCart	1612458670186	1612458670338	OK	 
REQUEST		CreateTimed	1612458670397	1612458670457	OK	 
REQUEST		BookingDetails	1612458670401	1612458670462	OK	 
REQUEST		AddToCart	1612458670484	1612458670525	OK	 
REQUEST		ConfirmPayment	1612458670463	1612458670602	OK	 
REQUEST		GetTours	1612458670559	1612458670681	OK	 
USER	Timed1	END	1612458670801
USER	Timed1	START	1612458670872
REQUEST		CreateTimed	1612458670877	1612458670925	OK	 
USER	Timed1	END	1612458670928
REQUEST		BookingDetails	1612458670882	1612458670939	OK	 
REQUEST		GetToken	1612458670872	1612458670983	OK	 
REQUEST		AddToCart	1612458670991	1612458671025	OK	 
REQUEST		ConfirmPayment	1612458670940	1612458671096	OK	 
REQUEST		GetTours	1612458671026	1612458671155	OK	 
USER	Timed1	START	1612458671373
REQUEST		AddTourToCart	1612458671276	1612458671442	OK	 
REQUEST		CreateTimed	1612458671420	1612458671465	OK	 
REQUEST		GetToken	1612458671373	1612458671500	OK	 
REQUEST		BookingDetails	1612458671460	1612458671504	OK	 
USER	Timed1	END	1612458671605
REQUEST		ConfirmPayment	1612458671507	1612458671642	OK	 
REQUEST		GetTours	1612458671527	1612458671656	OK	 
REQUEST		AddTourToCart	1612458671693	1612458671840	OK	 
USER	Timed1	START	1612458671880
REQUEST		BookingDetails	1612458671927	1612458671976	OK	 
REQUEST		GetToken	1612458671881	1612458672010	OK	 
REQUEST		AddToCart	1612458671987	1612458672022	OK	 
USER	Timed1	END	1612458672099
REQUEST		ConfirmPayment	1612458671978	1612458672116	OK	 
REQUEST		GetTours	1612458672028	1612458672155	OK	 
REQUEST		AddTourToCart	1612458672159	1612458672306	OK	 
USER	Timed1	START	1612458672372
REQUEST		CreateTimed	1612458672352	1612458672401	OK	 
REQUEST		BookingDetails	1612458672466	1612458672510	OK	 
REQUEST		GetToken	1612458672372	1612458672520	OK	 
REQUEST		AddToCart	1612458672503	1612458672554	OK	 
USER	Timed1	END	1612458672648
REQUEST		ConfirmPayment	1612458672512	1612458672649	OK	 
REQUEST		AddTourToCart	1612458672661	1612458672809	OK	 
REQUEST		CreateTimed	1612458672823	1612458672874	OK	 
USER	Timed1	START	1612458672872
REQUEST		GetToken	1612458672874	1612458673003	OK	 
REQUEST		AddToCart	1612458673014	1612458673043	OK	 
USER	Timed1	END	1612458673123
REQUEST		GetTours	1612458673026	1612458673169	OK	 
REQUEST		AddTourToCart	1612458673160	1612458673366	OK	 
REQUEST		CreateTimed	1612458673373	1612458673409	OK	 
REQUEST		BookingDetails	1612458673417	1612458673498	OK	 
REQUEST		AddToCart	1612458673522	1612458673564	OK	 
REQUEST		ConfirmPayment	1612458673499	1612458673634	OK	 
USER	Timed1	END	1612458673652
REQUEST		GetTours	1612458673555	1612458673693	OK	 
USER	Timed1	START	1612458673872
REQUEST		CreateTimed	1612458673840	1612458673891	OK	 
REQUEST		BookingDetails	1612458673878	1612458673916	OK	 
REQUEST		GetToken	1612458673872	1612458673967	OK	 
REQUEST		AddToCart	1612458674005	1612458674042	OK	 
REQUEST		ConfirmPayment	1612458673918	1612458674048	OK	 
REQUEST		GetTours	1612458674046	1612458674195	OK	 
REQUEST		AddTourToCart	1612458674171	1612458674333	OK	 
REQUEST		CreateTimed	1612458674326	1612458674370	OK	 
USER	Timed1	START	1612458674372
REQUEST		BookingDetails	1612458674412	1612458674451	OK	 
REQUEST		GetToken	1612458674373	1612458674496	OK	 
REQUEST		ConfirmPayment	1612458674453	1612458674634	OK	 
USER	Timed1	END	1612458674637
REQUEST		GetTours	1612458674569	1612458674702	OK	 
REQUEST		AddTourToCart	1612458674695	1612458674835	OK	 
USER	Timed1	START	1612458674873
REQUEST		BookingDetails	1612458674898	1612458674943	OK	 
REQUEST		GetToken	1612458674873	1612458674968	OK	 
REQUEST		AddToCart	1612458674971	1612458675019	OK	 
USER	Timed1	END	1612458675051
USER	Timed1	START	1612458675372
REQUEST		ConfirmPayment	1612458674944	1612458675377	OK	 
REQUEST		GetTours	1612458675045	1612458675422	OK	 
REQUEST		AddTourToCart	1612458675197	1612458675424	OK	 
REQUEST		BookingDetails	1612458675373	1612458675434	OK	 
REQUEST		CreateTimed	1612458675382	1612458675434	OK	 
REQUEST		AddToCart	1612458675498	1612458675537	OK	 
REQUEST		GetToken	1612458675373	1612458675537	OK	 
REQUEST		ConfirmPayment	1612458675436	1612458675632	OK	 
USER	Timed1	END	1612458675637
REQUEST		AddTourToCart	1612458675704	1612458675868	OK	 
USER	Timed1	START	1612458675872
REQUEST		CreateTimed	1612458675826	1612458675888	OK	 
REQUEST		GetToken	1612458675872	1612458675985	OK	 
REQUEST		AddToCart	1612458675971	1612458676000	OK	 
REQUEST		GetTours	1612458676022	1612458676161	OK	 
USER	Timed1	END	1612458676380
REQUEST		CreateTimed	1612458676395	1612458676435	OK	 
REQUEST		BookingDetails	1612458676440	1612458676480	OK	 
REQUEST		AddToCart	1612458676540	1612458676582	OK	 
REQUEST		AddTourToCart	1612458676427	1612458676584	OK	 
USER	Timed1	END	1612458676635
REQUEST		ConfirmPayment	1612458676482	1612458676665	OK	 
REQUEST		GetTours	1612458676541	1612458676685	OK	 
USER	Timed1	START	1612458676872
REQUEST		CreateTimed	1612458676863	1612458676898	OK	 
REQUEST		BookingDetails	1612458676890	1612458676935	OK	 
REQUEST		GetToken	1612458676872	1612458676995	OK	 
REQUEST		AddToCart	1612458676988	1612458677018	OK	 
REQUEST		ConfirmPayment	1612458676937	1612458677065	OK	 
REQUEST		GetTours	1612458677003	1612458677135	OK	 
REQUEST		AddTourToCart	1612458677164	1612458677316	OK	 
USER	Timed1	START	1612458677373
REQUEST		CreateTimed	1612458677342	1612458677398	OK	 
REQUEST		BookingDetails	1612458677438	1612458677480	OK	 
REQUEST		GetToken	1612458677373	1612458677479	OK	 
REQUEST		ConfirmPayment	1612458677483	1612458677613	OK	 
USER	Timed1	END	1612458677669
REQUEST		GetTours	1612458677584	1612458677724	OK	 
USER	Timed1	START	1612458677873
REQUEST		AddTourToCart	1612458677691	1612458677875	OK	 
REQUEST		BookingDetails	1612458677901	1612458677945	OK	 
REQUEST		GetToken	1612458677873	1612458677999	OK	 
REQUEST		AddToCart	1612458678002	1612458678038	OK	 
USER	Timed1	END	1612458678068
REQUEST		ConfirmPayment	1612458677949	1612458678114	OK	 
REQUEST		GetTours	1612458678020	1612458678169	OK	 
REQUEST		AddTourToCart	1612458678138	1612458678293	OK	 
USER	Timed1	START	1612458678372
REQUEST		BookingDetails	1612458678400	1612458678454	OK	 
REQUEST		CreateTimed	1612458678447	1612458678489	OK	 
REQUEST		GetToken	1612458678372	1612458678502	OK	 
REQUEST		AddToCart	1612458678484	1612458678524	OK	 
REQUEST		ConfirmPayment	1612458678455	1612458678597	OK	 
USER	Timed1	END	1612458678615
USER	Timed1	START	1612458678872
REQUEST		CreateTimed	1612458678844	1612458678895	OK	 
REQUEST		AddTourToCart	1612458678727	1612458678900	OK	 
REQUEST		GetToken	1612458678872	1612458678983	OK	 
REQUEST		AddToCart	1612458679004	1612458679034	OK	 
USER	Timed1	END	1612458679117
REQUEST		GetTours	1612458679041	1612458679169	OK	 
REQUEST		AddTourToCart	1612458679171	1612458679322	OK	 
REQUEST		CreateTimed	1612458679309	1612458679352	OK	 
REQUEST		BookingDetails	1612458679491	1612458679539	OK	 
REQUEST		AddToCart	1612458679504	1612458679540	OK	 
USER	Timed1	END	1612458679601
REQUEST		ConfirmPayment	1612458679540	1612458679682	OK	 
REQUEST		GetTours	1612458679527	1612458679683	OK	 
USER	Timed1	START	1612458679871
REQUEST		CreateTimed	1612458679813	1612458679881	OK	 
REQUEST		BookingDetails	1612458679900	1612458679931	OK	 
REQUEST		GetToken	1612458679872	1612458679999	OK	 
REQUEST		AddToCart	1612458679985	1612458680023	OK	 
REQUEST		ConfirmPayment	1612458679933	1612458680137	OK	 
REQUEST		GetTours	1612458680037	1612458680185	OK	 
REQUEST		AddTourToCart	1612458680172	1612458680321	OK	 
USER	Timed1	START	1612458680372
REQUEST		BookingDetails	1612458680356	1612458680402	OK	 
REQUEST		CreateTimed	1612458680369	1612458680424	OK	 
REQUEST		GetToken	1612458680372	1612458680492	OK	 
REQUEST		ConfirmPayment	1612458680407	1612458680599	OK	 
REQUEST		GetTours	1612458680542	1612458680669	OK	 
USER	Timed1	END	1612458680686
REQUEST		AddTourToCart	1612458680687	1612458680826	OK	 
USER	Timed1	START	1612458680872
REQUEST		BookingDetails	1612458680886	1612458680934	OK	 
REQUEST		GetToken	1612458680872	1612458680997	OK	 
REQUEST		AddToCart	1612458681001	1612458681045	OK	 
REQUEST		ConfirmPayment	1612458680935	1612458681058	OK	 
REQUEST		GetTours	1612458681026	1612458681164	OK	 
USER	Timed1	END	1612458681212
REQUEST		AddTourToCart	1612458681215	1612458681362	OK	 
USER	Timed1	START	1612458681373
REQUEST		CreateTimed	1612458681337	1612458681385	OK	 
REQUEST		GetToken	1612458681374	1612458681495	OK	 
REQUEST		BookingDetails	1612458681427	1612458681498	OK	 
REQUEST		AddToCart	1612458681495	1612458681557	OK	 
USER	Timed1	END	1612458681602
REQUEST		ConfirmPayment	1612458681513	1612458681644	OK	 
REQUEST		AddTourToCart	1612458681672	1612458681825	OK	 
USER	Timed1	START	1612458681874
REQUEST		CreateTimed	1612458681839	1612458681884	OK	 
REQUEST		GetToken	1612458681874	1612458681987	OK	 
REQUEST		AddToCart	1612458682000	1612458682060	OK	 
USER	Timed1	END	1612458682062
REQUEST		GetTours	1612458682047	1612458682189	OK	 
REQUEST		AddTourToCart	1612458682170	1612458682322	OK	 
REQUEST		BookingDetails	1612458682388	1612458682430	OK	 
REQUEST		CreateTimed	1612458682431	1612458682502	OK	 
REQUEST		AddToCart	1612458682497	1612458682541	OK	 
REQUEST		ConfirmPayment	1612458682431	1612458682558	OK	 
USER	Timed1	END	1612458682647
REQUEST		GetTours	1612458682560	1612458682694	OK	 
USER	Timed1	START	1612458682873
REQUEST		CreateTimed	1612458682874	1612458682930	OK	 
REQUEST		BookingDetails	1612458682888	1612458682941	OK	 
REQUEST		GetToken	1612458682874	1612458683007	OK	 
REQUEST		AddToCart	1612458682992	1612458683035	OK	 
REQUEST		ConfirmPayment	1612458682942	1612458683076	OK	 
REQUEST		GetTours	1612458683064	1612458683202	OK	 
REQUEST		AddTourToCart	1612458683195	1612458683335	OK	 
USER	Timed1	START	1612458683372
REQUEST		GetToken	1612458683372	1612458683484	OK	 
USER	Timed1	END	1612458683561
REQUEST		BookingDetails	1612458683505	1612458683570	OK	 
REQUEST		CreateTimed	1612458683588	1612458683667	OK	 
REQUEST		GetTours	1612458683545	1612458683673	OK	 
REQUEST		ConfirmPayment	1612458683571	1612458683700	OK	 
REQUEST		AddTourToCart	1612458683698	1612458683838	OK	 
USER	Timed1	START	1612458683872
REQUEST		BookingDetails	1612458683932	1612458683986	OK	 
USER	Timed1	END	1612458684079
REQUEST		AddToCart	1612458684010	1612458684079	OK	 
REQUEST		GetToken	1612458683873	1612458684081	OK	 
REQUEST		ConfirmPayment	1612458683987	1612458684106	OK	 
REQUEST		GetTours	1612458684039	1612458684183	OK	 
REQUEST		CreateTimed	1612458684320	1612458684383	OK	 
REQUEST		AddTourToCart	1612458684204	1612458684397	OK	 
USER	Timed1	START	1612458684373
REQUEST		AddToCart	1612458684488	1612458684544	OK	 
REQUEST		GetToken	1612458684373	1612458684551	OK	 
USER	Timed1	END	1612458684705
REQUEST		BookingDetails	1612458684670	1612458684724	OK	 
REQUEST		AddTourToCart	1612458684676	1612458684836	OK	 
REQUEST		ConfirmPayment	1612458684726	1612458684863	OK	 
USER	Timed1	START	1612458684894
REQUEST		CreateTimed	1612458684878	1612458684908	OK	 
REQUEST		GetToken	1612458684894	1612458685105	OK	 
USER	Timed1	END	1612458685111
REQUEST		AddToCart	1612458685084	1612458685142	OK	 
REQUEST		GetTours	1612458685081	1612458685233	OK	 
REQUEST		AddTourToCart	1612458685190	1612458685361	OK	 
REQUEST		CreateTimed	1612458685300	1612458685367	OK	 
REQUEST		BookingDetails	1612458685386	1612458685465	OK	 
REQUEST		AddToCart	1612458685553	1612458685594	OK	 
REQUEST		ConfirmPayment	1612458685467	1612458685606	OK	 
REQUEST		GetTours	1612458685547	1612458685683	OK	 
USER	Timed1	END	1612458685867
USER	Timed1	START	1612458685874
REQUEST		CreateTimed	1612458685907	1612458686021	OK	 
REQUEST		GetToken	1612458685875	1612458686146	OK	 
REQUEST		AddToCart	1612458686113	1612458686172	OK	 
REQUEST		BookingDetails	1612458685913	1612458686213	OK	 
REQUEST		GetTours	1612458686145	1612458686275	OK	 
REQUEST		CreateTimed	1612458686327	1612458686371	OK	 
USER	Timed1	START	1612458686373
REQUEST		AddTourToCart	1612458686236	1612458686397	OK	 
REQUEST		ConfirmPayment	1612458686214	1612458686474	OK	 
REQUEST		BookingDetails	1612458686370	1612458686474	OK	 
REQUEST		GetToken	1612458686376	1612458686485	OK	 
REQUEST		ConfirmPayment	1612458686476	1612458686596	OK	 
USER	Timed1	END	1612458686609
REQUEST		GetTours	1612458686597	1612458686737	OK	 
REQUEST		AddTourToCart	1612458686684	1612458686827	OK	 
USER	Timed1	START	1612458686872
REQUEST		GetToken	1612458686872	1612458686999	OK	 
REQUEST		BookingDetails	1612458687025	1612458687072	OK	 
REQUEST		AddToCart	1612458687149	1612458687181	OK	 
REQUEST		ConfirmPayment	1612458687074	1612458687200	OK	 
REQUEST		GetTours	1612458687174	1612458687343	OK	 
USER	Timed1	START	1612458687371
REQUEST		CreateTimed	1612458687324	1612458687387	OK	 
REQUEST		BookingDetails	1612458687376	1612458687468	OK	 
REQUEST		AddTourToCart	1612458687278	1612458687474	OK	 
USER	Timed1	END	1612458687478
REQUEST		AddToCart	1612458687490	1612458687581	OK	 
REQUEST		GetToken	1612458687372	1612458687580	OK	 
REQUEST		ConfirmPayment	1612458687472	1612458687595	OK	 
USER	Timed1	END	1612458687600
USER	Timed1	START	1612458687872
REQUEST		CreateTimed	1612458687829	1612458687886	OK	 
REQUEST		AddTourToCart	1612458687741	1612458687898	OK	 
REQUEST		AddToCart	1612458688002	1612458688042	OK	 
REQUEST		GetToken	1612458687876	1612458688071	OK	 
USER	Timed1	END	1612458688202
REQUEST		GetTours	1612458688184	1612458688322	OK	 
REQUEST		CreateTimed	1612458688365	1612458688466	OK	 
REQUEST		BookingDetails	1612458688391	1612458688480	OK	 
REQUEST		AddTourToCart	1612458688350	1612458688496	OK	 
USER	Timed1	END	1612458688598
REQUEST		ConfirmPayment	1612458688481	1612458688606	OK	 
REQUEST		AddToCart	1612458688583	1612458688625	OK	 
REQUEST		GetTours	1612458688583	1612458688717	OK	 
REQUEST		CreateTimed	1612458688830	1612458688863	OK	 
USER	Timed1	START	1612458688873
REQUEST		BookingDetails	1612458688891	1612458688992	OK	 
REQUEST		GetToken	1612458688876	1612458689016	OK	 
REQUEST		AddToCart	1612458689074	1612458689153	OK	 
REQUEST		ConfirmPayment	1612458688994	1612458689153	OK	 
REQUEST		GetTours	1612458689045	1612458689204	OK	 
USER	Timed1	START	1612458689372
REQUEST		CreateTimed	1612458689326	1612458689403	OK	 
USER	Timed1	END	1612458689609
REQUEST		BookingDetails	1612458689471	1612458689796	OK	 
REQUEST		GetToken	1612458689372	1612458689797	OK	 
REQUEST		GetTours	1612458689627	1612458689815	OK	 
REQUEST		AddTourToCart	1612458689325	1612458689824	OK	 
USER	Timed1	START	1612458689893
REQUEST		AddTourToCart	1612458689720	1612458689964	OK	 
REQUEST		BookingDetails	1612458689866	1612458689967	OK	 
REQUEST		ConfirmPayment	1612458689799	1612458689968	OK	 
REQUEST		AddToCart	1612458690018	1612458690054	OK	 
REQUEST		ConfirmPayment	1612458689968	1612458690113	OK	 
REQUEST		GetToken	1612458689893	1612458690113	OK	 
USER	Timed1	END	1612458690160
REQUEST		GetTours	1612458690158	1612458690290	OK	 
REQUEST		AddTourToCart	1612458690208	1612458690352	OK	 
USER	Timed1	START	1612458690373
REQUEST		CreateTimed	1612458690343	1612458690428	OK	 
REQUEST		BookingDetails	1612458690405	1612458690497	OK	 
REQUEST		GetToken	1612458690374	1612458690583	OK	 
REQUEST		ConfirmPayment	1612458690498	1612458690692	OK	 
REQUEST		AddToCart	1612458690800	1612458690842	OK	 
USER	Timed1	START	1612458690874
REQUEST		CreateTimed	1612458690847	1612458690902	OK	 
USER	Timed1	END	1612458690972
REQUEST		AddTourToCart	1612458690818	1612458690997	OK	 
REQUEST		GetToken	1612458690874	1612458691010	OK	 
USER	Timed1	END	1612458691117
REQUEST		AddToCart	1612458691129	1612458691197	OK	 
REQUEST		GetTours	1612458691057	1612458691251	OK	 
REQUEST		AddTourToCart	1612458691293	1612458691466	OK	 
REQUEST		CreateTimed	1612458691403	1612458691466	OK	 
REQUEST		BookingDetails	1612458691431	1612458691533	OK	 
REQUEST		AddToCart	1612458691586	1612458691653	OK	 
REQUEST		ConfirmPayment	1612458691534	1612458691667	OK	 
USER	Timed1	END	1612458691695
USER	Timed1	START	1612458691873
REQUEST		CreateTimed	1612458691840	1612458691920	OK	 
REQUEST		BookingDetails	1612458691904	1612458691948	OK	 
REQUEST		GetToken	1612458691873	1612458692336	OK	 
REQUEST		AddToCart	1612458692014	1612458692339	OK	 
REQUEST		GetTours	1612458691849	1612458692339	OK	 
USER	Timed1	START	1612458692371
REQUEST		ConfirmPayment	1612458691949	1612458692585	OK	 
REQUEST		AddTourToCart	1612458692267	1612458692587	OK	 
REQUEST		GetTours	1612458692200	1612458692587	OK	 
REQUEST		CreateTimed	1612458692364	1612458692591	OK	 
USER	Timed1	END	1612458692670
REQUEST		GetTours	1612458692656	1612458692790	OK	 
USER	Timed1	START	1612458692873
REQUEST		GetToken	1612458692371	1612458692948	OK	 
REQUEST		BookingDetails	1612458692506	1612458693046	OK	 
REQUEST		BookingDetails	1612458692946	1612458693062	OK	 
REQUEST		GetToken	1612458692873	1612458693070	OK	 
REQUEST		ConfirmPayment	1612458693047	1612458693223	OK	 
REQUEST		ConfirmPayment	1612458693063	1612458693238	OK	 
USER	Timed1	START	1612458693373
REQUEST		AddToCart	1612458693344	1612458693393	OK	 
REQUEST		CreateTimed	1612458693403	1612458693461	OK	 
REQUEST		GetTours	1612458693345	1612458693471	OK	 
REQUEST		GetToken	1612458693373	1612458693480	OK	 
REQUEST		AddTourToCart	1612458693357	1612458693511	OK	 
USER	Timed1	END	1612458693589
REQUEST		BookingDetails	1612458693594	1612458693646	OK	 
REQUEST		AddTourToCart	1612458693590	1612458693750	OK	 
REQUEST		ConfirmPayment	1612458693648	1612458693799	OK	 
REQUEST		CreateTimed	1612458693833	1612458693880	OK	 
USER	Timed1	START	1612458693881
REQUEST		AddTourToCart	1612458693792	1612458693971	OK	 
REQUEST		AddToCart	1612458693954	1612458694009	OK	 
REQUEST		GetToken	1612458693881	1612458694016	OK	 
REQUEST		AddToCart	1612458694074	1612458694112	OK	 
USER	Timed1	END	1612458694227
USER	Timed1	END	1612458694241
REQUEST		GetTours	1612458694396	1612458694595	OK	 
REQUEST		CreateTimed	1612458694482	1612458694596	OK	 
REQUEST		BookingDetails	1612458694468	1612458694596	OK	 
REQUEST		AddToCart	1612458694483	1612458694600	OK	 
REQUEST		AddTourToCart	1612458694474	1612458694670	OK	 
REQUEST		ConfirmPayment	1612458694600	1612458694758	OK	 
USER	Timed1	END	1612458694802
USER	Timed1	START	1612458694873
REQUEST		BookingDetails	1612458694883	1612458694939	OK	 
REQUEST		CreateTimed	1612458694903	1612458694948	OK	 
REQUEST		GetToken	1612458694873	1612458694995	OK	 
REQUEST		AddToCart	1612458695018	1612458695053	OK	 
REQUEST		ConfirmPayment	1612458694940	1612458695073	OK	 
REQUEST		GetTours	1612458695012	1612458695148	OK	 
REQUEST		GetTours	1612458695116	1612458695248	OK	 
USER	Timed1	START	1612458695372
REQUEST		GetToken	1612458695372	1612458695525	OK	 
REQUEST		CreateTimed	1612458695500	1612458695555	OK	 
REQUEST		BookingDetails	1612458695600	1612458695657	OK	 
REQUEST		GetTours	1612458695606	1612458695757	OK	 
USER	Timed1	END	1612458695763
REQUEST		AddTourToCart	1612458695601	1612458695770	OK	 
REQUEST		ConfirmPayment	1612458695660	1612458695796	OK	 
USER	Timed1	START	1612458695872
REQUEST		GetToken	1612458695872	1612458696020	OK	 
REQUEST		BookingDetails	1612458695953	1612458696025	OK	 
REQUEST		AddToCart	1612458695997	1612458696039	OK	 
USER	Timed1	END	1612458696076
REQUEST		ConfirmPayment	1612458696026	1612458696162	OK	 
REQUEST		GetTours	1612458696055	1612458696201	OK	 
REQUEST		AddTourToCart	1612458696151	1612458696320	OK	 
USER	Timed1	START	1612458696371
REQUEST		AddTourToCart	1612458696251	1612458696411	OK	 
REQUEST		GetToken	1612458696372	1612458696528	OK	 
REQUEST		AddToCart	1612458696528	1612458696794	OK	 
REQUEST		BookingDetails	1612458696558	1612458696794	OK	 
USER	Timed1	END	1612458696800
USER	Timed1	START	1612458696873
REQUEST		CreateTimed	1612458696834	1612458696889	OK	 
REQUEST		AddTourToCart	1612458696764	1612458696924	OK	 
REQUEST		ConfirmPayment	1612458696797	1612458696924	OK	 
REQUEST		GetToken	1612458696873	1612458697002	OK	 
REQUEST		CreateTimed	1612458696969	1612458697029	OK	 
REQUEST		AddToCart	1612458697023	1612458697051	OK	 
USER	Timed1	END	1612458697166
REQUEST		GetTours	1612458697045	1612458697183	OK	 
REQUEST		AddTourToCart	1612458697204	1612458697351	OK	 
REQUEST		CreateTimed	1612458697362	1612458697421	OK	 
REQUEST		AddToCart	1612458697531	1612458697580	OK	 
USER	Timed1	START	1612458697872
REQUEST		GetTours	1612458697798	1612458697925	OK	 
USER	Timed1	END	1612458697928
REQUEST		BookingDetails	1612458697892	1612458697949	OK	 
REQUEST		GetToken	1612458697872	1612458698015	OK	 
REQUEST		CreateTimed	1612458698000	1612458698059	OK	 
REQUEST		AddToCart	1612458698005	1612458698070	OK	 
REQUEST		BookingDetails	1612458698032	1612458698086	OK	 
REQUEST		ConfirmPayment	1612458697951	1612458698096	OK	 
REQUEST		GetTours	1612458698054	1612458698192	OK	 
REQUEST		ConfirmPayment	1612458698106	1612458698240	OK	 
REQUEST		AddTourToCart	1612458698189	1612458698335	OK	 
USER	Timed1	START	1612458698372
REQUEST		GetToken	1612458698372	1612458698646	OK	 
REQUEST		CreateTimed	1612458698506	1612458698676	OK	 
REQUEST		BookingDetails	1612458698423	1612458698680	OK	 
REQUEST		GetTours	1612458698583	1612458698779	OK	 
USER	Timed1	START	1612458698873
REQUEST		ConfirmPayment	1612458698682	1612458698908	OK	 
REQUEST		GetToken	1612458698874	1612458698984	OK	 
REQUEST		AddToCart	1612458699017	1612458699067	OK	 
REQUEST		AddTourToCart	1612458698927	1612458699071	OK	 
REQUEST		BookingDetails	1612458699063	1612458699101	OK	 
USER	Timed1	END	1612458699107
REQUEST		GetTours	1612458699075	1612458699216	OK	 
USER	Timed1	END	1612458699242
REQUEST		ConfirmPayment	1612458699103	1612458699244	OK	 
REQUEST		AddTourToCart	1612458699195	1612458699340	OK	 
USER	Timed1	START	1612458699372
REQUEST		GetToken	1612458699373	1612458699524	OK	 
REQUEST		CreateTimed	1612458699591	1612458699664	OK	 
REQUEST		AddToCart	1612458699649	1612458699704	OK	 
REQUEST		BookingDetails	1612458699681	1612458699762	OK	 
USER	Timed1	START	1612458699894
REQUEST		ConfirmPayment	1612458699763	1612458699902	OK	 
USER	Timed1	END	1612458699912
REQUEST		AddTourToCart	1612458699781	1612458699961	OK	 
REQUEST		AddToCart	1612458699987	1612458700032	OK	 
REQUEST		GetToken	1612458699894	1612458700032	OK	 
REQUEST		GetTours	1612458700070	1612458700210	OK	 
USER	Timed1	END	1612458700247
REQUEST		AddTourToCart	1612458700224	1612458700401	OK	 
REQUEST		AddToCart	1612458700527	1612458700570	OK	 
REQUEST		CreateTimed	1612458700515	1612458700631	OK	 
REQUEST		BookingDetails	1612458700667	1612458700756	OK	 
REQUEST		CreateTimed	1612458700755	1612458700793	OK	 
REQUEST		GetTours	1612458700706	1612458700843	OK	 
USER	Timed1	START	1612458700873
USER	Timed1	END	1612458700908
REQUEST		ConfirmPayment	1612458700764	1612458700923	OK	 
REQUEST		GetToken	1612458700873	1612458700995	OK	 
REQUEST		CreateTimed	1612458700975	1612458701009	OK	 
REQUEST		AddToCart	1612458701035	1612458701080	OK	 
REQUEST		GetTours	1612458701036	1612458701188	OK	 
USER	Timed1	START	1612458701373
REQUEST		AddTourToCart	1612458701224	1612458701384	OK	 
REQUEST		GetToken	1612458701373	1612458701521	OK	 
REQUEST		GetTours	1612458701574	1612458701715	OK	 
REQUEST		BookingDetails	1612458701634	1612458701839	OK	 
REQUEST		CreateTimed	1612458701673	1612458701839	OK	 
REQUEST		BookingDetails	1612458701795	1612458701852	OK	 
USER	Timed1	START	1612458701872
USER	Timed1	END	1612458701926
REQUEST		ConfirmPayment	1612458701853	1612458702000	OK	 
REQUEST		ConfirmPayment	1612458701841	1612458702023	OK	 
REQUEST		GetToken	1612458701873	1612458702039	OK	 
REQUEST		AddTourToCart	1612458701845	1612458702040	OK	 
REQUEST		AddToCart	1612458701998	1612458702062	OK	 
REQUEST		BookingDetails	1612458702012	1612458702063	OK	 
REQUEST		ConfirmPayment	1612458702065	1612458702193	OK	 
REQUEST		GetTours	1612458702083	1612458702267	OK	 
REQUEST		AddTourToCart	1612458702192	1612458702355	OK	 
USER	Timed1	START	1612458702372
REQUEST		AddToCart	1612458702525	1612458702572	OK	 
REQUEST		GetToken	1612458702373	1612458702719	OK	 
REQUEST		CreateTimed	1612458702772	1612458702816	OK	 
USER	Timed1	START	1612458702873
REQUEST		AddTourToCart	1612458702721	1612458702892	OK	 
REQUEST		BookingDetails	1612458702842	1612458702899	OK	 
REQUEST		GetToken	1612458702873	1612458702995	OK	 
USER	Timed1	END	1612458703004
REQUEST		ConfirmPayment	1612458702901	1612458703025	OK	 
USER	Timed1	END	1612458703028
REQUEST		AddToCart	1612458703043	1612458703082	OK	 
USER	Timed1	END	1612458703196
REQUEST		GetTours	1612458703065	1612458703210	OK	 
REQUEST		CreateTimed	1612458703323	1612458703360	OK	 
REQUEST		AddTourToCart	1612458703270	1612458703449	OK	 
REQUEST		CreateTimed	1612458703416	1612458703462	OK	 
REQUEST		GetTours	1612458703574	1612458703764	OK	 
REQUEST		AddToCart	1612458703725	1612458703777	OK	 
REQUEST		BookingDetails	1612458703819	1612458703863	OK	 
USER	Timed1	START	1612458703873
REQUEST		CreateTimed	1612458703928	1612458703986	OK	 
REQUEST		ConfirmPayment	1612458703864	1612458704006	OK	 
REQUEST		GetToken	1612458703875	1612458704026	OK	 
REQUEST		AddToCart	1612458703998	1612458704033	OK	 
USER	Timed1	END	1612458704033
REQUEST		GetTours	1612458704085	1612458704254	OK	 
REQUEST		AddTourToCart	1612458704213	1612458704357	OK	 
USER	Timed1	START	1612458704373
REQUEST		CreateTimed	1612458704357	1612458704419	OK	 
REQUEST		BookingDetails	1612458704364	1612458704463	OK	 
REQUEST		BookingDetails	1612458704465	1612458704525	OK	 
REQUEST		GetToken	1612458704374	1612458704571	OK	 
REQUEST		ConfirmPayment	1612458704465	1612458704675	OK	 
REQUEST		ConfirmPayment	1612458704530	1612458704702	OK	 
USER	Timed1	START	1612458704872
REQUEST		GetTours	1612458704781	1612458704925	OK	 
REQUEST		AddTourToCart	1612458704768	1612458704941	OK	 
REQUEST		GetToken	1612458704872	1612458704992	OK	 
USER	Timed1	END	1612458705011
REQUEST		BookingDetails	1612458704990	1612458705033	OK	 
REQUEST		AddToCart	1612458705030	1612458705075	OK	 
REQUEST		GetTours	1612458705035	1612458705172	OK	 
REQUEST		ConfirmPayment	1612458705034	1612458705248	OK	 
USER	Timed1	START	1612458705371
REQUEST		AddTourToCart	1612458705259	1612458705420	OK	 
REQUEST		CreateTimed	1612458705339	1612458705420	OK	 
REQUEST		BookingDetails	1612458705422	1612458705478	OK	 
REQUEST		GetToken	1612458705372	1612458705510	OK	 
REQUEST		ConfirmPayment	1612458705480	1612458705632	OK	 
REQUEST		AddToCart	1612458705573	1612458705637	OK	 
USER	Timed1	END	1612458705682
USER	Timed1	END	1612458705704
USER	Timed1	START	1612458705872
REQUEST		GetToken	1612458705872	1612458706079	OK	 
REQUEST		AddToCart	1612458705997	1612458706093	OK	 
REQUEST		AddTourToCart	1612458705927	1612458706102	OK	 
REQUEST		CreateTimed	1612458706078	1612458706136	OK	 
USER	Timed1	END	1612458706250
REQUEST		GetTours	1612458706077	1612458706265	OK	 
REQUEST		CreateTimed	1612458706344	1612458706434	OK	 
REQUEST		BookingDetails	1612458706426	1612458706469	OK	 
REQUEST		AddTourToCart	1612458706175	1612458706471	OK	 
REQUEST		AddToCart	1612458706513	1612458706589	OK	 
REQUEST		ConfirmPayment	1612458706470	1612458706611	OK	 
USER	Timed1	END	1612458706635
REQUEST		GetTours	1612458706640	1612458706799	OK	 
USER	Timed1	START	1612458706873
REQUEST		CreateTimed	1612458706966	1612458707042	OK	 
REQUEST		GetToken	1612458706874	1612458707042	OK	 
REQUEST		AddToCart	1612458707082	1612458707137	OK	 
REQUEST		BookingDetails	1612458707139	1612458707218	OK	 
REQUEST		GetTours	1612458707096	1612458707233	OK	 
USER	Timed1	START	1612458707372
REQUEST		ConfirmPayment	1612458707220	1612458707428	OK	 
REQUEST		AddTourToCart	1612458707268	1612458707433	OK	 
REQUEST		CreateTimed	1612458707406	1612458707448	OK	 
REQUEST		BookingDetails	1612458707441	1612458707504	OK	 
REQUEST		GetToken	1612458707372	1612458707584	OK	 
USER	Timed1	END	1612458707616
REQUEST		ConfirmPayment	1612458707505	1612458707699	OK	 
REQUEST		GetTours	1612458707594	1612458707739	OK	 
USER	Timed1	START	1612458707872
REQUEST		AddTourToCart	1612458707802	1612458707962	OK	 
REQUEST		GetToken	1612458707873	1612458708041	OK	 
REQUEST		BookingDetails	1612458708044	1612458708102	OK	 
REQUEST		AddToCart	1612458708046	1612458708102	OK	 
REQUEST		ConfirmPayment	1612458708104	1612458708229	OK	 
REQUEST		GetTours	1612458708141	1612458708303	OK	 
USER	Timed1	START	1612458708372
USER	Timed1	END	1612458708430
REQUEST		AddTourToCart	1612458708239	1612458708460	OK	 
REQUEST		CreateTimed	1612458708389	1612458708470	OK	 
REQUEST		BookingDetails	1612458708452	1612458708523	OK	 
REQUEST		GetToken	1612458708372	1612458708575	OK	 
REQUEST		AddToCart	1612458708587	1612458708626	OK	 
USER	Timed1	END	1612458708703
REQUEST		ConfirmPayment	1612458708532	1612458708737	OK	 
USER	Timed1	START	1612458708873
REQUEST		AddTourToCart	1612458708742	1612458708884	OK	 
REQUEST		GetToken	1612458708873	1612458709040	OK	 
REQUEST		CreateTimed	1612458709047	1612458709096	OK	 
REQUEST		AddToCart	1612458709048	1612458709099	OK	 
USER	Timed1	END	1612458709232
REQUEST		GetTours	1612458709107	1612458709273	OK	 
REQUEST		CreateTimed	1612458709359	1612458709393	OK	 
REQUEST		BookingDetails	1612458709473	1612458709517	OK	 
REQUEST		AddToCart	1612458709579	1612458709633	OK	 
REQUEST		ConfirmPayment	1612458709518	1612458709652	OK	 
USER	Timed1	END	1612458709741
REQUEST		AddTourToCart	1612458709307	1612458709761	OK	 
REQUEST		GetTours	1612458709629	1612458709766	OK	 
USER	Timed1	START	1612458709873
REQUEST		CreateTimed	1612458709897	1612458709954	OK	 
REQUEST		GetToken	1612458709873	1612458710074	OK	 
REQUEST		AddToCart	1612458710050	1612458710123	OK	 
REQUEST		BookingDetails	1612458710116	1612458710171	OK	 
REQUEST		GetTours	1612458710137	1612458710277	OK	 
REQUEST		ConfirmPayment	1612458710175	1612458710357	OK	 
USER	Timed1	START	1612458710373
REQUEST		AddTourToCart	1612458710277	1612458710437	OK	 
REQUEST		BookingDetails	1612458710398	1612458710461	OK	 
REQUEST		CreateTimed	1612458710454	1612458710526	OK	 
REQUEST		GetToken	1612458710373	1612458710539	OK	 
REQUEST		ConfirmPayment	1612458710462	1612458710620	OK	 
USER	Timed1	END	1612458710656
REQUEST		GetTours	1612458710636	1612458710801	OK	 
USER	Timed1	START	1612458710872
REQUEST		AddTourToCart	1612458710769	1612458711030	OK	 
REQUEST		BookingDetails	1612458710958	1612458711042	OK	 
REQUEST		AddToCart	1612458711080	1612458711134	OK	 
REQUEST		GetToken	1612458710872	1612458711142	OK	 
REQUEST		GetTours	1612458711143	1612458711299	OK	 
USER	Timed1	END	1612458711360
USER	Timed1	START	1612458711371
REQUEST		CreateTimed	1612458711362	1612458711448	OK	 
REQUEST		AddTourToCart	1612458711280	1612458711451	OK	 
REQUEST		GetToken	1612458711372	1612458711571	OK	 
REQUEST		AddToCart	1612458711549	1612458711585	OK	 
REQUEST		BookingDetails	1612458711528	1612458711586	OK	 
USER	Timed1	END	1612458711623
REQUEST		ConfirmPayment	1612458711587	1612458711739	OK	 
USER	Timed1	START	1612458711874
REQUEST		AddTourToCart	1612458711803	1612458711958	OK	 
REQUEST		CreateTimed	1612458711946	1612458712076	OK	 
REQUEST		GetToken	1612458711875	1612458712076	OK	 
REQUEST		AddToCart	1612458712152	1612458712210	OK	 
REQUEST		GetTours	1612458712140	1612458712277	OK	 
REQUEST		ConfirmPayment	1612458711046	1612458712340	OK	 
REQUEST		AddTourToCart	1612458712302	1612458712467	OK	 
REQUEST		CreateTimed	1612458712426	1612458712474	OK	 
REQUEST		BookingDetails	1612458712453	1612458712527	OK	 
REQUEST		AddToCart	1612458712573	1612458712643	OK	 
REQUEST		ConfirmPayment	1612458712530	1612458712671	OK	 
REQUEST		GetTours	1612458712588	1612458712732	OK	 
USER	Timed1	END	1612458712750
REQUEST		AddToCart	1612458713081	1612458713139	OK	 
REQUEST		BookingDetails	1612458713082	1612458713140	OK	 
REQUEST		CreateTimed	1612458713104	1612458713167	OK	 
REQUEST		ConfirmPayment	1612458713141	1612458713277	OK	 
USER	Timed1	END	1612458713342
REQUEST		GetTours	1612458713216	1612458713352	OK	 
REQUEST		AddTourToCart	1612458713281	1612458713435	OK	 
REQUEST		CreateTimed	1612458713474	1612458713571	OK	 
REQUEST		BookingDetails	1612458713482	1612458713577	OK	 
USER	Timed1	END	1612458713673
REQUEST		ConfirmPayment	1612458713578	1612458713772	OK	 
REQUEST		GetTours	1612458713646	1612458713779	OK	 
REQUEST		AddTourToCart	1612458713735	1612458713904	OK	 
REQUEST		BookingDetails	1612458714169	1612458714226	OK	 
USER	Timed1	END	1612458714281
REQUEST		GetTours	1612458714141	1612458714287	OK	 
REQUEST		ConfirmPayment	1612458714227	1612458714401	OK	 
REQUEST		CreateTimed	1612458714436	1612458714477	OK	 
REQUEST		AddTourToCart	1612458714354	1612458714513	OK	 
REQUEST		BookingDetails	1612458714579	1612458714723	OK	 
USER	Timed1	END	1612458714775
REQUEST		ConfirmPayment	1612458714725	1612458714895	OK	 
REQUEST		AddTourToCart	1612458714782	1612458715002	OK	 
REQUEST		CreateTimed	1612458714965	1612458715045	OK	 
USER	Timed1	END	1612458715403
REQUEST		AddTourToCart	1612458715289	1612458715441	OK	 
REQUEST		CreateTimed	1612458715471	1612458715510	OK	 
REQUEST		BookingDetails	1612458715479	1612458715522	OK	 
REQUEST		ConfirmPayment	1612458715523	1612458715710	OK	 
USER	Timed1	END	1612458715898
REQUEST		CreateTimed	1612458715889	1612458715939	OK	 
REQUEST		BookingDetails	1612458716048	1612458716097	OK	 
REQUEST		ConfirmPayment	1612458716098	1612458716323	OK	 
USER	Timed1	END	1612458716713
REQUEST		BookingDetails	1612458716513	1612458716741	OK	 
REQUEST		CreateTimed	1612458716767	1612458716846	OK	 
REQUEST		ConfirmPayment	1612458716743	1612458716894	OK	 
REQUEST		BookingDetails	1612458716942	1612458716981	OK	 
REQUEST		ConfirmPayment	1612458716982	1612458717224	OK	 
USER	Timed1	END	1612458717326
REQUEST		CreateTimed	1612458717441	1612458717513	OK	 
USER	Timed1	END	1612458717896
REQUEST		BookingDetails	1612458717848	1612458717957	OK	 
REQUEST		CreateTimed	1612458718044	1612458718090	OK	 
USER	Timed1	END	1612458718227
REQUEST		ConfirmPayment	1612458717959	1612458718332	OK	 
REQUEST		CreateTimed	1612458718455	1612458718496	OK	 
REQUEST		BookingDetails	1612458718516	1612458718555	OK	 
REQUEST		ConfirmPayment	1612458718557	1612458718733	OK	 
REQUEST		CreateTimed	1612458718962	1612458719023	OK	 
REQUEST		BookingDetails	1612458719092	1612458719153	OK	 
USER	Timed1	END	1612458719336
REQUEST		BookingDetails	1612458719498	1612458719551	OK	 
REQUEST		CreateTimed	1612458719471	1612458719551	OK	 
USER	Timed1	END	1612458719735
REQUEST		ConfirmPayment	1612458719156	1612458719771	OK	 
REQUEST		ConfirmPayment	1612458719553	1612458719773	OK	 
REQUEST		BookingDetails	1612458720027	1612458720080	OK	 
REQUEST		ConfirmPayment	1612458720081	1612458720319	OK	 
REQUEST		CreateTimed	1612458720439	1612458720482	OK	 
REQUEST		BookingDetails	1612458720554	1612458720595	OK	 
USER	Timed1	END	1612458720775
USER	Timed1	END	1612458720777
REQUEST		ConfirmPayment	1612458720597	1612458720790	OK	 
REQUEST		CreateTimed	1612458720908	1612458720979	OK	 
USER	Timed1	END	1612458721322
REQUEST		BookingDetails	1612458721485	1612458721524	OK	 
REQUEST		CreateTimed	1612458721517	1612458721594	OK	 
REQUEST		ConfirmPayment	1612458721526	1612458721725	OK	 
USER	Timed1	END	1612458721796
REQUEST		BookingDetails	1612458721981	1612458722036	OK	 
REQUEST		CreateTimed	1612458722006	1612458722066	OK	 
REQUEST		ConfirmPayment	1612458722039	1612458722231	OK	 
REQUEST		CreateTimed	1612458722448	1612458722501	OK	 
REQUEST		BookingDetails	1612458722600	1612458722652	OK	 
USER	Timed1	END	1612458722728
REQUEST		ConfirmPayment	1612458722653	1612458722845	OK	 
REQUEST		BookingDetails	1612458723070	1612458723133	OK	 
USER	Timed1	END	1612458723234
REQUEST		ConfirmPayment	1612458723134	1612458723320	OK	 
REQUEST		BookingDetails	1612458723503	1612458723549	OK	 
REQUEST		ConfirmPayment	1612458723550	1612458723685	OK	 
USER	Timed1	END	1612458723848
USER	Timed1	END	1612458724322
USER	Timed1	END	1612458724689
