RUN	GeneralAdmission1	generaladmission1	1612348903854	 	3.5.0
USER	GeneralAdmission1	START	1612348909080
REQUEST		GetToken	1612348909241	1612348910758	OK	 
REQUEST		GetToken Redirect 1	1612348910876	1612348918322	OK	 
REQUEST		request_1	1612348918699	1612348919664	OK	 
REQUEST		AddToCart	1612348924819	1612348925254	OK	 
REQUEST		AddToCart Redirect 1	1612348925292	1612348927128	OK	 
REQUEST		CreateGeneral	1612348928169	1612348928248	OK	 
REQUEST		CreateGeneral Redirect 1	1612348928278	1612348929826	OK	 
REQUEST		BookingDetails	1612348933894	1612348933993	OK	 
REQUEST		BookingDetails Redirect 1	1612348934020	1612348934577	OK	 
REQUEST		StripeElement	1612348934584	1612348935501	OK	 
REQUEST		ui-shared-1a3494666c8cbd375492e006f2e840cd.css	1612348935951	1612348936669	OK	 
REQUEST		ui-shared-121e554d3a08b818808584dff61fc32c.js	1612348935851	1612348941001	OK	 
REQUEST		elements-inner-card-77d7d4c2ce976deb5d1dc2ff2a238146.js	1612348936035	1612348942333	OK	 
REQUEST		shared-8b0cf640a52a1422947f168069c49b9d.js	1612348936133	1612348944688	OK	 
REQUEST		CreatePaymentIntent	1612348947822	1612348947880	OK	 
REQUEST		CreatePaymentIntent Redirect 1	1612348947927	1612348949399	OK	 
REQUEST		StripeController	1612348962490	1612348963183	OK	 
REQUEST		controller-6d15abacacad5eabb07034f26400b450.js	1612348963329	1612348964205	OK	 
REQUEST		StripeCountryRanges	1612348966283	1612348969433	OK	 
REQUEST		PrivateStripe	1612348975534	1612348976200	OK	 
REQUEST		Elements1	1612348976209	1612348977045	OK	 
REQUEST		Elements2	1612348977072	1612348977290	OK	 
REQUEST		Elements3	1612348977323	1612348977529	OK	 
REQUEST		Elements4	1612348977557	1612348977771	OK	 
REQUEST		Elements5	1612348977777	1612348977992	OK	 
REQUEST		Elements6	1612348978026	1612348978237	OK	 
REQUEST		Elements6	1612348978245	1612348978459	OK	 
REQUEST		Elements7	1612348978484	1612348978702	OK	 
REQUEST		Elements8	1612348978711	1612348978957	OK	 
REQUEST		Elements9	1612348978985	1612348979194	OK	 
REQUEST		Elements10	1612348979201	1612348979926	OK	 
REQUEST		Elements11	1612348979977	1612348980198	OK	 
REQUEST		Elements12	1612348981214	1612348981434	OK	 
REQUEST		Elements13	1612348983462	1612348983684	OK	 
REQUEST		Elements14	1612348985712	1612348985909	OK	 
REQUEST		Elements15	1612348985957	1612348986169	OK	 
REQUEST		Elements16	1612348987243	1612348987452	OK	 
REQUEST		AddCardDetails	1612348988487	1612348988871	KO	status.find.in(200,201,202,203,204,205,206,207,208,209,304), found 400
USER	GeneralAdmission1	END	1612348989104
