RUN	GeneralAdmission1	generaladmission1	1612269287749	 	3.5.0
USER	GeneralAdmission1	START	1612269289769
REQUEST		GetToken	1612269289831	1612269290314	OK	 
REQUEST		GetToken Redirect 1	1612269290353	1612269290797	OK	 
REQUEST		request_1	1612269290968	1612269291795	OK	 
REQUEST		AddToCart	1612269296830	1612269296837	OK	 
REQUEST		AddToCart Redirect 1	1612269296841	1612269297372	OK	 
REQUEST		CreateGeneral	1612269298391	1612269298398	OK	 
REQUEST		CreateGeneral Redirect 1	1612269298401	1612269298883	OK	 
REQUEST		BookingDetails	1612269302898	1612269302905	OK	 
REQUEST		BookingDetails Redirect 1	1612269302909	1612269303181	OK	 
REQUEST		StripeElement	1612269303185	1612269304084	OK	 
REQUEST		ui-shared-1a3494666c8cbd375492e006f2e840cd.css	1612269304225	1612269305315	OK	 
REQUEST		ui-shared-121e554d3a08b818808584dff61fc32c.js	1612269304203	1612269305673	OK	 
REQUEST		shared-8b0cf640a52a1422947f168069c49b9d.js	1612269304239	1612269305957	OK	 
REQUEST		elements-inner-card-77d7d4c2ce976deb5d1dc2ff2a238146.js	1612269304253	1612269306037	OK	 
REQUEST		CreatePaymentIntent	1612269309072	1612269309079	OK	 
REQUEST		CreatePaymentIntent Redirect 1	1612269309094	1612269309977	OK	 
REQUEST		StripeController	1612269323050	1612269323714	OK	 
REQUEST		controller-6d15abacacad5eabb07034f26400b450.js	1612269323727	1612269324479	OK	 
REQUEST		StripeCountryRanges	1612269326519	1612269327178	KO	status.find.in(200,201,202,203,204,205,206,207,208,209,304), found 400
USER	GeneralAdmission1	END	1612269329202
