RUN	TimedTour1	timedtour1	1611850998507	 	3.5.0
USER	TimedTour1	START	1611851000167
REQUEST		request_0	1611851000213	1611851000575	OK	 
REQUEST		request_0 Redirect 1	1611851000605	1611851001003	OK	 
REQUEST		request_1	1611851003044	1611851003051	OK	 
ERROR	request_2: Failed to build request: No attribute named 'token' is defined 	1611851003061
REQUEST		request_3	1611851003103	1611851003144	KO	status.find.in(200,201,202,203,204,205,206,207,208,209,304), found 401
REQUEST		request_5	1611851003081	1611851003226	OK	 
REQUEST		request_4	1611851003114	1611851004382	OK	 
REQUEST		request_6	1611851022420	1611851022667	OK	 
REQUEST		request_8	1611851022675	1611851022688	OK	 
REQUEST		request_7	1611851022682	1611851022709	OK	 
REQUEST		request_8	1611851022700	1611851022878	OK	 
REQUEST		request_9	1611851025896	1611851026105	OK	 
REQUEST		request_12	1611851026120	1611851026162	KO	status.find.in(200,201,202,203,204,205,206,207,208,209,304), found 401
REQUEST		request_10	1611851026136	1611851026168	OK	 
REQUEST		request_13	1611851026146	1611851026198	KO	status.find.in(200,201,202,203,204,205,206,207,208,209,304), found 401
REQUEST		request_11	1611851026127	1611851026206	OK	 
REQUEST		request_14	1611851028224	1611851028238	OK	 
REQUEST		request_18	1611851028267	1611851028297	OK	 
REQUEST		request_15	1611851028279	1611851028312	OK	 
REQUEST		request_16	1611851028290	1611851028336	OK	 
REQUEST		request_15	1611851028325	1611851028376	OK	 
REQUEST		request_17	1611851028260	1611851028466	OK	 
REQUEST		request_19	1611851030479	1611851030488	OK	 
REQUEST		request_22	1611851030638	1611851030816	OK	 
REQUEST		request_27	1611851030684	1611851030830	OK	 
REQUEST		request_25	1611851030702	1611851030837	OK	 
REQUEST		request_26	1611851030796	1611851030862	OK	 
REQUEST		request_21	1611851030583	1611851030890	OK	 
REQUEST		request_25	1611851030852	1611851030956	OK	 
REQUEST		request_23	1611851030618	1611851030967	OK	 
REQUEST		polyfills.js	1611851030632	1611851030997	OK	 
REQUEST		request_20	1611851030690	1611851031069	OK	 
REQUEST		runtime.js	1611851030721	1611851031232	OK	 
REQUEST		favicon.ico	1611851030727	1611851031240	OK	 
REQUEST		request_31	1611851030787	1611851031265	OK	 
REQUEST		request_29	1611851030736	1611851031439	OK	 
REQUEST		styles.js	1611851030741	1611851031485	OK	 
REQUEST		js?id=G-JM0RFMB8WQ	1611851030765	1611851032052	OK	 
REQUEST		request_24	1611851030588	1611851032139	OK	 
REQUEST		request_30	1611851030650	1611851032145	OK	 
REQUEST		vendor.js	1611851030710	1611851032174	OK	 
REQUEST		request_28	1611851030751	1611851034749	OK	 
REQUEST		main.js	1611851030756	1611851034812	OK	 
REQUEST		/	1611851030802	1611851036662	OK	 
REQUEST		request_32	1611851037734	1611851037975	OK	 
REQUEST		request_33	1611851037980	1611851038256	OK	 
REQUEST		request_34	1611851039261	1611851039265	OK	 
REQUEST		request_35	1611851039268	1611851039279	OK	 
REQUEST		request_36	1611851039271	1611851039283	OK	 
REQUEST		request_36	1611851039286	1611851039430	OK	 
REQUEST		request_37	1611851040447	1611851040451	OK	 
REQUEST		request_38	1611851040470	1611851040484	KO	status.find.in(200,201,202,203,204,205,206,207,208,209,304), found 401
REQUEST		request_39	1611851040474	1611851040491	KO	status.find.in(200,201,202,203,204,205,206,207,208,209,304), found 401
REQUEST		request_40	1611851040457	1611851040664	OK	 
REQUEST		request_41	1611851041671	1611851041689	OK	 
USER	TimedTour1	END	1611851041700
