RUN	GeneralAdmission1	generaladmission1	1612372209897	 	3.5.0
USER	GeneralAdmission1	START	1612372212293
USER	GeneralAdmission1	START	1612372212317
USER	GeneralAdmission1	START	1612372212335
USER	GeneralAdmission1	START	1612372212318
USER	GeneralAdmission1	START	1612372212257
USER	GeneralAdmission1	START	1612372212317
USER	GeneralAdmission1	START	1612372212292
USER	GeneralAdmission1	START	1612372212397
USER	GeneralAdmission1	START	1612372212398
USER	GeneralAdmission1	START	1612372212299
USER	GeneralAdmission1	START	1612372212399
USER	GeneralAdmission1	START	1612372212398
USER	GeneralAdmission1	START	1612372212397
USER	GeneralAdmission1	START	1612372212398
USER	GeneralAdmission1	START	1612372212400
USER	GeneralAdmission1	START	1612372212408
USER	GeneralAdmission1	START	1612372212410
USER	GeneralAdmission1	START	1612372212416
USER	GeneralAdmission1	START	1612372212423
USER	GeneralAdmission1	START	1612372212428
USER	GeneralAdmission1	START	1612372212508
USER	GeneralAdmission1	START	1612372212440
USER	GeneralAdmission1	START	1612372212452
USER	GeneralAdmission1	START	1612372212516
USER	GeneralAdmission1	START	1612372212438
USER	GeneralAdmission1	START	1612372212517
USER	GeneralAdmission1	START	1612372212524
USER	GeneralAdmission1	START	1612372212511
USER	GeneralAdmission1	START	1612372212533
USER	GeneralAdmission1	START	1612372212525
USER	GeneralAdmission1	START	1612372212520
USER	GeneralAdmission1	START	1612372212549
USER	GeneralAdmission1	START	1612372212536
USER	GeneralAdmission1	START	1612372212535
USER	GeneralAdmission1	START	1612372212571
USER	GeneralAdmission1	START	1612372212588
USER	GeneralAdmission1	START	1612372212568
USER	GeneralAdmission1	START	1612372212542
USER	GeneralAdmission1	START	1612372212609
USER	GeneralAdmission1	START	1612372212547
USER	GeneralAdmission1	START	1612372212612
USER	GeneralAdmission1	START	1612372212595
USER	GeneralAdmission1	START	1612372212603
USER	GeneralAdmission1	START	1612372212600
USER	GeneralAdmission1	START	1612372212617
USER	GeneralAdmission1	START	1612372212606
USER	GeneralAdmission1	START	1612372212649
USER	GeneralAdmission1	START	1612372212665
USER	GeneralAdmission1	START	1612372212667
USER	GeneralAdmission1	START	1612372212705
REQUEST		GetToken	1612372212441	1612372217476	OK	 
REQUEST		GetToken	1612372212400	1612372217477	OK	 
REQUEST		GetToken	1612372212405	1612372217478	OK	 
REQUEST		GetToken	1612372212411	1612372217479	OK	 
REQUEST		GetToken	1612372212345	1612372217475	OK	 
REQUEST		GetToken	1612372212332	1612372217628	OK	 
REQUEST		GetToken	1612372212344	1612372217716	OK	 
REQUEST		GetToken	1612372212584	1612372217778	OK	 
REQUEST		GetToken	1612372212402	1612372217799	OK	 
REQUEST		GetToken	1612372212348	1612372217845	OK	 
REQUEST		GetToken	1612372212404	1612372217850	OK	 
REQUEST		GetToken	1612372212413	1612372217845	OK	 
REQUEST		GetToken	1612372212347	1612372217862	OK	 
REQUEST		GetToken	1612372212339	1612372217861	OK	 
REQUEST		GetToken	1612372212344	1612372217874	OK	 
REQUEST		GetToken	1612372212347	1612372217880	OK	 
REQUEST		GetToken	1612372212455	1612372217914	OK	 
REQUEST		GetToken	1612372212518	1612372217927	OK	 
REQUEST		GetToken	1612372212582	1612372217951	OK	 
REQUEST		GetToken	1612372212534	1612372217954	OK	 
REQUEST		GetToken	1612372212435	1612372217963	OK	 
REQUEST		GetToken	1612372212512	1612372217964	OK	 
REQUEST		GetToken	1612372212678	1612372217965	OK	 
REQUEST		GetToken	1612372212539	1612372217992	OK	 
REQUEST		GetToken	1612372212523	1612372217978	OK	 
REQUEST		GetToken	1612372212586	1612372218009	OK	 
REQUEST		GetToken	1612372212593	1612372218013	OK	 
REQUEST		GetToken	1612372212506	1612372218024	OK	 
REQUEST		GetToken	1612372212525	1612372218036	OK	 
REQUEST		GetToken	1612372212533	1612372218037	OK	 
REQUEST		GetToken	1612372212531	1612372218042	OK	 
REQUEST		GetToken	1612372212621	1612372218049	OK	 
REQUEST		GetToken	1612372212606	1612372218050	OK	 
REQUEST		GetToken	1612372212456	1612372218098	OK	 
REQUEST		GetToken	1612372212622	1612372218095	OK	 
REQUEST		GetToken	1612372212513	1612372218102	OK	 
REQUEST		GetToken	1612372212522	1612372218112	OK	 
REQUEST		GetToken	1612372212598	1612372218116	OK	 
REQUEST		GetToken	1612372212632	1612372218130	OK	 
REQUEST		GetToken	1612372212407	1612372218149	OK	 
REQUEST		GetToken	1612372212612	1612372218150	OK	 
REQUEST		GetToken	1612372212650	1612372218176	OK	 
REQUEST		GetToken	1612372212700	1612372218179	OK	 
REQUEST		GetToken	1612372212615	1612372218181	OK	 
REQUEST		GetToken	1612372212654	1612372218179	OK	 
REQUEST		GetToken	1612372212601	1612372218191	OK	 
REQUEST		GetToken	1612372212717	1612372218253	OK	 
REQUEST		GetToken	1612372212590	1612372218266	OK	 
REQUEST		GetToken	1612372212665	1612372218291	OK	 
REQUEST		GetToken	1612372212451	1612372218336	OK	 
REQUEST		AddToCart	1612372222870	1612372230627	OK	 
REQUEST		AddToCart	1612372222879	1612372230684	OK	 
REQUEST		AddToCart	1612372222806	1612372230694	OK	 
REQUEST		AddToCart	1612372222916	1612372230765	OK	 
REQUEST		AddToCart	1612372222923	1612372230760	OK	 
REQUEST		AddToCart	1612372222944	1612372230768	OK	 
REQUEST		AddToCart	1612372222974	1612372230959	OK	 
REQUEST		AddToCart	1612372222883	1612372230773	OK	 
REQUEST		AddToCart	1612372222878	1612372230777	OK	 
REQUEST		AddToCart	1612372222943	1612372231139	OK	 
REQUEST		AddToCart	1612372223095	1612372231097	OK	 
REQUEST		AddToCart	1612372223549	1612372231331	OK	 
REQUEST		AddToCart	1612372222952	1612372231201	OK	 
REQUEST		AddToCart	1612372222807	1612372231258	OK	 
REQUEST		AddToCart	1612372222802	1612372231291	OK	 
REQUEST		AddToCart	1612372222783	1612372231411	OK	 
REQUEST		AddToCart	1612372223315	1612372231412	OK	 
REQUEST		AddToCart	1612372222783	1612372231413	OK	 
REQUEST		AddToCart	1612372222789	1612372231494	OK	 
REQUEST		AddToCart	1612372223596	1612372231516	OK	 
REQUEST		AddToCart	1612372223862	1612372231548	OK	 
REQUEST		AddToCart	1612372222996	1612372231568	OK	 
REQUEST		AddToCart	1612372223249	1612372231570	OK	 
REQUEST		AddToCart	1612372223818	1612372231666	OK	 
REQUEST		AddToCart	1612372223537	1612372231668	OK	 
REQUEST		AddToCart	1612372223715	1612372231662	OK	 
REQUEST		AddToCart	1612372223465	1612372231690	OK	 
REQUEST		AddToCart	1612372223772	1612372231762	OK	 
REQUEST		AddToCart	1612372223094	1612372231819	OK	 
REQUEST		AddToCart	1612372223527	1612372231792	OK	 
REQUEST		AddToCart	1612372223565	1612372231800	OK	 
REQUEST		AddToCart	1612372223252	1612372231877	OK	 
REQUEST		AddToCart	1612372223339	1612372231880	OK	 
REQUEST		AddToCart	1612372223082	1612372231885	OK	 
REQUEST		AddToCart	1612372223701	1612372231908	OK	 
REQUEST		AddToCart	1612372223855	1612372231950	OK	 
REQUEST		AddToCart	1612372223486	1612372231971	OK	 
REQUEST		AddToCart	1612372223747	1612372231975	OK	 
REQUEST		AddToCart	1612372223750	1612372231982	OK	 
REQUEST		AddToCart	1612372223751	1612372232067	OK	 
REQUEST		AddToCart	1612372223626	1612372232069	OK	 
REQUEST		AddToCart	1612372223566	1612372232071	OK	 
REQUEST		AddToCart	1612372223541	1612372232078	OK	 
REQUEST		AddToCart	1612372223813	1612372232156	OK	 
REQUEST		AddToCart	1612372223635	1612372232185	OK	 
REQUEST		AddToCart	1612372223442	1612372232209	OK	 
REQUEST		AddToCart	1612372223861	1612372232241	OK	 
REQUEST		AddToCart	1612372223835	1612372232242	OK	 
REQUEST		AddToCart	1612372223885	1612372232292	OK	 
REQUEST		AddToCart	1612372223834	1612372232291	OK	 
REQUEST		AddToCart	1612372233637	1612372233731	OK	 
REQUEST		AddToCart	1612372233768	1612372233824	OK	 
REQUEST		AddToCart	1612372233805	1612372233858	OK	 
REQUEST		AddToCart	1612372233902	1612372233966	OK	 
REQUEST		AddToCart	1612372234043	1612372234094	OK	 
REQUEST		AddToCart	1612372234129	1612372234211	OK	 
REQUEST		AddToCart	1612372234181	1612372234256	OK	 
REQUEST		AddToCart	1612372234173	1612372234268	OK	 
REQUEST		AddToCart	1612372234211	1612372234321	OK	 
REQUEST		AddToCart	1612372234363	1612372234418	OK	 
REQUEST		AddToCart	1612372234312	1612372234399	OK	 
REQUEST		AddToCart	1612372234399	1612372234679	OK	 
REQUEST		AddToCart	1612372234580	1612372234819	OK	 
REQUEST		AddToCart	1612372234546	1612372234939	OK	 
REQUEST		AddToCart	1612372234581	1612372234969	OK	 
REQUEST		AddToCart	1612372234700	1612372235030	OK	 
REQUEST		AddToCart	1612372234805	1612372235057	OK	 
REQUEST		AddToCart	1612372234710	1612372235061	OK	 
REQUEST		AddToCart	1612372234788	1612372235078	OK	 
REQUEST		AddToCart	1612372234853	1612372235160	OK	 
REQUEST		AddToCart	1612372234828	1612372235336	OK	 
REQUEST		AddToCart	1612372235022	1612372235363	OK	 
REQUEST		AddToCart	1612372234898	1612372235365	OK	 
REQUEST		AddToCart	1612372234920	1612372235379	OK	 
REQUEST		AddToCart	1612372234854	1612372235411	OK	 
REQUEST		AddToCart	1612372234793	1612372235438	OK	 
REQUEST		AddToCart	1612372234809	1612372235452	OK	 
REQUEST		AddToCart	1612372235305	1612372235661	OK	 
REQUEST		AddToCart	1612372234879	1612372235743	OK	 
REQUEST		AddToCart	1612372235263	1612372235837	OK	 
REQUEST		AddToCart	1612372235163	1612372235834	OK	 
REQUEST		AddToCart	1612372235176	1612372235837	OK	 
REQUEST		AddToCart	1612372235200	1612372235841	OK	 
REQUEST		AddToCart	1612372235175	1612372235874	OK	 
REQUEST		AddToCart	1612372235244	1612372235881	OK	 
REQUEST		AddToCart	1612372235733	1612372235937	OK	 
REQUEST		AddToCart	1612372235365	1612372235937	OK	 
REQUEST		AddToCart	1612372235735	1612372235938	OK	 
REQUEST		AddToCart	1612372235245	1612372235941	OK	 
REQUEST		AddToCart	1612372235264	1612372235983	OK	 
REQUEST		AddToCart	1612372235665	1612372235970	OK	 
REQUEST		AddToCart	1612372235272	1612372235984	OK	 
REQUEST		AddToCart	1612372235803	1612372235987	OK	 
REQUEST		AddToCart	1612372235804	1612372235988	OK	 
REQUEST		AddToCart	1612372235805	1612372236011	OK	 
REQUEST		AddToCart	1612372235836	1612372236011	OK	 
REQUEST		AddToCart	1612372235890	1612372236041	OK	 
REQUEST		AddToCart	1612372235938	1612372236060	OK	 
REQUEST		AddToCart	1612372235881	1612372236086	OK	 
REQUEST		AddToCart	1612372235938	1612372236092	OK	 
REQUEST		CreateGeneral	1612372236829	1612372237203	OK	 
REQUEST		CreateGeneral	1612372236769	1612372237233	OK	 
REQUEST		CreateGeneral	1612372236891	1612372237260	OK	 
REQUEST		CreateGeneral	1612372236974	1612372237304	OK	 
REQUEST		CreateGeneral	1612372237103	1612372237348	OK	 
REQUEST		CreateGeneral	1612372237262	1612372237476	OK	 
REQUEST		CreateGeneral	1612372237329	1612372237604	OK	 
REQUEST		CreateGeneral	1612372237350	1612372237636	OK	 
REQUEST		CreateGeneral	1612372237329	1612372237607	OK	 
REQUEST		CreateGeneral	1612372237702	1612372237884	OK	 
REQUEST		CreateGeneral	1612372237735	1612372237925	OK	 
REQUEST		CreateGeneral	1612372237820	1612372237989	OK	 
REQUEST		CreateGeneral	1612372237925	1612372238111	OK	 
REQUEST		CreateGeneral	1612372238130	1612372238398	OK	 
REQUEST		CreateGeneral	1612372238165	1612372238462	OK	 
REQUEST		CreateGeneral	1612372238182	1612372238463	OK	 
REQUEST		CreateGeneral	1612372238180	1612372238486	OK	 
REQUEST		CreateGeneral	1612372238211	1612372238487	OK	 
REQUEST		CreateGeneral	1612372238256	1612372238487	OK	 
REQUEST		CreateGeneral	1612372238104	1612372238569	OK	 
REQUEST		CreateGeneral	1612372238453	1612372238648	OK	 
REQUEST		CreateGeneral	1612372238486	1612372238673	OK	 
REQUEST		CreateGeneral	1612372238589	1612372238793	OK	 
REQUEST		CreateGeneral	1612372238814	1612372239603	KO	status.find.is(200), but actually found 400
REQUEST		CreateGeneral	1612372238907	1612372239867	KO	status.find.is(200), but actually found 400
REQUEST		CreateGeneral	1612372239049	1612372240005	OK	 
REQUEST		CreateGeneral	1612372238979	1612372240007	OK	 
REQUEST		CreateGeneral	1612372238655	1612372240007	OK	 
REQUEST		CreateGeneral	1612372238745	1612372240009	OK	 
REQUEST		CreateGeneral	1612372239007	1612372240007	OK	 
REQUEST		CreateGeneral	1612372238899	1612372240009	OK	 
REQUEST		CreateGeneral	1612372238979	1612372240031	OK	 
REQUEST		CreateGeneral	1612372238909	1612372240031	OK	 
REQUEST		CreateGeneral	1612372238679	1612372240032	OK	 
REQUEST		CreateGeneral	1612372239081	1612372240131	OK	 
REQUEST		CreateGeneral	1612372238977	1612372240170	OK	 
REQUEST		CreateGeneral	1612372239007	1612372240198	OK	 
REQUEST		CreateGeneral	1612372239010	1612372240215	OK	 
REQUEST		CreateGeneral	1612372239120	1612372240213	KO	status.find.is(200), but actually found 400
REQUEST		CreateGeneral	1612372238909	1612372240449	OK	 
REQUEST		CreateGeneral	1612372239050	1612372240251	OK	 
REQUEST		CreateGeneral	1612372239105	1612372240499	OK	 
REQUEST		CreateGeneral	1612372239120	1612372240567	OK	 
REQUEST		CreateGeneral	1612372239108	1612372240452	KO	status.find.is(200), but actually found 400
REQUEST		CreateGeneral	1612372239126	1612372240568	OK	 
REQUEST		CreateGeneral	1612372239386	1612372240655	OK	 
REQUEST		CreateGeneral	1612372239129	1612372240627	OK	 
REQUEST		CreateGeneral	1612372239381	1612372240696	KO	status.find.is(200), but actually found 400
REQUEST		CreateGeneral	1612372239256	1612372240706	OK	 
REQUEST		CreateGeneral	1612372239387	1612372240727	OK	 
REQUEST		BookingDetails	1612372241239	1612372241477	OK	 
REQUEST		BookingDetails	1612372241351	1612372241506	OK	 
REQUEST		BookingDetails	1612372241314	1612372241506	OK	 
REQUEST		BookingDetails	1612372241298	1612372241506	OK	 
REQUEST		BookingDetails	1612372241336	1612372241620	OK	 
REQUEST		BookingDetails	1612372241483	1612372241756	OK	 
REQUEST		BookingDetails	1612372241640	1612372241888	OK	 
REQUEST		BookingDetails	1612372241710	1612372241893	OK	 
REQUEST		BookingDetails	1612372241693	1612372241936	OK	 
REQUEST		CreatePaymentIntent	1612372241628	1612372242621	OK	 
REQUEST		CreatePaymentIntent	1612372241550	1612372242632	OK	 
REQUEST		CreatePaymentIntent	1612372241482	1612372242662	OK	 
REQUEST		CreatePaymentIntent	1612372241761	1612372242670	OK	 
REQUEST		CreatePaymentIntent	1612372241551	1612372242680	OK	 
REQUEST		CreatePaymentIntent	1612372242015	1612372242681	OK	 
REQUEST		CreatePaymentIntent	1612372241551	1612372242706	OK	 
REQUEST		CreatePaymentIntent	1612372241911	1612372242721	OK	 
REQUEST		BookingDetails	1612372242489	1612372242900	OK	 
REQUEST		BookingDetails	1612372242403	1612372242863	OK	 
REQUEST		BookingDetails	1612372242483	1612372242894	OK	 
REQUEST		BookingDetails	1612372242134	1612372242991	OK	 
REQUEST		BookingDetails	1612372242015	1612372243024	OK	 
REQUEST		BookingDetails	1612372241981	1612372243024	OK	 
REQUEST		BookingDetails	1612372242123	1612372243057	OK	 
REQUEST		BookingDetails	1612372242575	1612372243080	OK	 
REQUEST		BookingDetails	1612372242661	1612372243178	OK	 
REQUEST		BookingDetails	1612372242707	1612372243189	OK	 
REQUEST		CreatePaymentIntent	1612372242078	1612372243192	OK	 
REQUEST		BookingDetails	1612372242535	1612372243196	OK	 
REQUEST		BookingDetails	1612372242539	1612372243196	OK	 
REQUEST		BookingDetails	1612372242539	1612372243222	OK	 
ERROR	BookingDetails: Failed to build request: No attribute named 'checkoutTokenID' is defined 	1612372243614
ERROR	CreatePaymentIntent: Failed to build request: No attribute named 'checkoutTokenID' is defined 	1612372243615
ERROR	BookingDetails: Failed to build request: No attribute named 'checkoutTokenID' is defined 	1612372243872
ERROR	CreatePaymentIntent: Failed to build request: No attribute named 'checkoutTokenID' is defined 	1612372243875
REQUEST		CreatePaymentIntent	1612372242973	1612372244114	OK	 
REQUEST		CreatePaymentIntent	1612372243029	1612372244113	OK	 
REQUEST		CreatePaymentIntent	1612372243149	1612372244166	OK	 
REQUEST		CreatePaymentIntent	1612372243149	1612372244168	OK	 
REQUEST		CreatePaymentIntent	1612372243148	1612372244168	OK	 
REQUEST		CreatePaymentIntent	1612372243198	1612372244202	OK	 
REQUEST		CreatePaymentIntent	1612372243131	1612372244250	OK	 
REQUEST		BookingDetails	1612372243154	1612372244253	OK	 
REQUEST		CreatePaymentIntent	1612372243130	1612372244270	OK	 
REQUEST		CreatePaymentIntent	1612372243198	1612372244296	OK	 
REQUEST		CreatePaymentIntent	1612372243151	1612372244336	OK	 
REQUEST		BookingDetails	1612372244015	1612372244463	OK	 
ERROR	BookingDetails: Failed to build request: No attribute named 'checkoutTokenID' is defined 	1612372244551
ERROR	CreatePaymentIntent: Failed to build request: No attribute named 'checkoutTokenID' is defined 	1612372244551
REQUEST		BookingDetails	1612372244035	1612372244610	OK	 
REQUEST		BookingDetails	1612372244035	1612372244617	OK	 
REQUEST		BookingDetails	1612372244049	1612372244617	OK	 
REQUEST		BookingDetails	1612372244048	1612372244617	OK	 
REQUEST		CreatePaymentIntent	1612372243222	1612372244641	OK	 
REQUEST		BookingDetails	1612372244365	1612372244709	OK	 
REQUEST		BookingDetails	1612372244338	1612372244836	OK	 
REQUEST		CreatePaymentIntent	1612372243246	1612372244890	OK	 
ERROR	BookingDetails: Failed to build request: No attribute named 'checkoutTokenID' is defined 	1612372244972
REQUEST		CreatePaymentIntent	1612372243222	1612372244950	OK	 
REQUEST		BookingDetails	1612372244378	1612372244969	OK	 
ERROR	CreatePaymentIntent: Failed to build request: No attribute named 'checkoutTokenID' is defined 	1612372244991
REQUEST		ConfirmPayment	1612372244642	1612372244976	OK	 
REQUEST		BookingDetails	1612372244268	1612372244991	OK	 
REQUEST		BookingDetails	1612372244615	1612372244991	OK	 
REQUEST		BookingDetails	1612372244247	1612372245040	OK	 
USER	GeneralAdmission1	END	1612372245047
ERROR	BookingDetails: Failed to build request: No attribute named 'checkoutTokenID' is defined 	1612372245082
ERROR	CreatePaymentIntent: Failed to build request: No attribute named 'checkoutTokenID' is defined 	1612372245087
REQUEST		BookingDetails	1612372244048	1612372245081	OK	 
REQUEST		CreatePaymentIntent	1612372244330	1612372245117	OK	 
REQUEST		BookingDetails	1612372244133	1612372245135	OK	 
REQUEST		BookingDetails	1612372244133	1612372245162	OK	 
REQUEST		CreatePaymentIntent	1612372244641	1612372245167	OK	 
REQUEST		BookingDetails	1612372244455	1612372245167	OK	 
REQUEST		CreatePaymentIntent	1612372244641	1612372245166	OK	 
REQUEST		BookingDetails	1612372244834	1612372245187	OK	 
REQUEST		CreatePaymentIntent	1612372244616	1612372245196	OK	 
REQUEST		CreatePaymentIntent	1612372244477	1612372245340	OK	 
REQUEST		CreatePaymentIntent	1612372244642	1612372245523	OK	 
ERROR	ConfirmPayment: Failed to build request: No attribute named 'checkoutTokenID' is defined 	1612372245618
USER	GeneralAdmission1	END	1612372245621
REQUEST		CreatePaymentIntent	1612372244972	1612372245790	OK	 
REQUEST		BookingDetails	1612372244836	1612372245791	OK	 
REQUEST		BookingDetails	1612372244993	1612372245813	OK	 
REQUEST		CreatePaymentIntent	1612372245038	1612372245816	OK	 
REQUEST		CreatePaymentIntent	1612372244997	1612372246048	OK	 
REQUEST		CreatePaymentIntent	1612372245084	1612372245842	OK	 
REQUEST		CreatePaymentIntent	1612372245018	1612372246050	OK	 
REQUEST		CreatePaymentIntent	1612372245115	1612372246056	OK	 
REQUEST		CreatePaymentIntent	1612372244962	1612372246096	OK	 
ERROR	ConfirmPayment: Failed to build request: No attribute named 'checkoutTokenID' is defined 	1612372246135
REQUEST		ConfirmPayment	1612372245322	1612372246136	OK	 
REQUEST		ConfirmPayment	1612372244690	1612372246135	OK	 
REQUEST		ConfirmPayment	1612372245084	1612372246146	OK	 
REQUEST		ConfirmPayment	1612372245054	1612372246154	OK	 
REQUEST		CreatePaymentIntent	1612372245293	1612372246177	OK	 
USER	GeneralAdmission1	END	1612372246179
USER	GeneralAdmission1	END	1612372246180
REQUEST		ConfirmPayment	1612372245056	1612372246203	OK	 
USER	GeneralAdmission1	END	1612372246180
REQUEST		CreatePaymentIntent	1612372245214	1612372246208	OK	 
USER	GeneralAdmission1	END	1612372246185
REQUEST		ConfirmPayment	1612372245019	1612372246231	OK	 
REQUEST		ConfirmPayment	1612372244889	1612372246233	OK	 
REQUEST		ConfirmPayment	1612372245054	1612372246233	OK	 
USER	GeneralAdmission1	END	1612372246202
USER	GeneralAdmission1	END	1612372246232
REQUEST		CreatePaymentIntent	1612372245303	1612372246278	OK	 
REQUEST		BookingDetails	1612372245084	1612372246281	OK	 
USER	GeneralAdmission1	END	1612372246283
USER	GeneralAdmission1	END	1612372246283
REQUEST		BookingDetails	1612372245040	1612372246317	OK	 
USER	GeneralAdmission1	END	1612372246284
REQUEST		BookingDetails	1612372245014	1612372246341	OK	 
REQUEST		CreatePaymentIntent	1612372245187	1612372246361	OK	 
REQUEST		ConfirmPayment	1612372246202	1612372246362	OK	 
REQUEST		BookingDetails	1612372245116	1612372246378	OK	 
REQUEST		ConfirmPayment	1612372246231	1612372246400	OK	 
USER	GeneralAdmission1	END	1612372246400
REQUEST		CreatePaymentIntent	1612372245889	1612372246424	OK	 
USER	GeneralAdmission1	END	1612372246430
REQUEST		ConfirmPayment	1612372246319	1612372246515	OK	 
ERROR	ConfirmPayment: Failed to build request: No attribute named 'checkoutTokenID' is defined 	1612372246555
REQUEST		ConfirmPayment	1612372246136	1612372246535	OK	 
USER	GeneralAdmission1	END	1612372246557
REQUEST		ConfirmPayment	1612372246396	1612372246571	OK	 
USER	GeneralAdmission1	END	1612372246558
USER	GeneralAdmission1	END	1612372246572
USER	GeneralAdmission1	END	1612372246579
REQUEST		ConfirmPayment	1612372246424	1612372246599	OK	 
USER	GeneralAdmission1	END	1612372246605
REQUEST		CreatePaymentIntent	1612372245795	1612372246576	OK	 
REQUEST		ConfirmPayment	1612372246233	1612372246700	OK	 
REQUEST		ConfirmPayment	1612372246427	1612372246786	OK	 
REQUEST		ConfirmPayment	1612372246437	1612372246785	OK	 
REQUEST		CreatePaymentIntent	1612372246342	1612372246786	OK	 
USER	GeneralAdmission1	END	1612372246786
USER	GeneralAdmission1	END	1612372246821
USER	GeneralAdmission1	END	1612372246821
REQUEST		CreatePaymentIntent	1612372246427	1612372246849	OK	 
REQUEST		CreatePaymentIntent	1612372246356	1612372246848	OK	 
REQUEST		CreatePaymentIntent	1612372246375	1612372246850	OK	 
REQUEST		ConfirmPayment	1612372246667	1612372246902	OK	 
USER	GeneralAdmission1	END	1612372246931
ERROR	ConfirmPayment: Failed to build request: No attribute named 'checkoutTokenID' is defined 	1612372247028
USER	GeneralAdmission1	END	1612372247033
ERROR	ConfirmPayment: Failed to build request: No attribute named 'checkoutTokenID' is defined 	1612372247117
USER	GeneralAdmission1	END	1612372247122
REQUEST		ConfirmPayment	1612372246998	1612372247151	OK	 
USER	GeneralAdmission1	END	1612372247155
REQUEST		ConfirmPayment	1612372246975	1612372247204	OK	 
USER	GeneralAdmission1	END	1612372247261
REQUEST		ConfirmPayment	1612372247242	1612372247407	OK	 
USER	GeneralAdmission1	END	1612372247414
REQUEST		ConfirmPayment	1612372247259	1612372247414	OK	 
USER	GeneralAdmission1	END	1612372247437
REQUEST		ConfirmPayment	1612372247325	1612372247490	OK	 
REQUEST		ConfirmPayment	1612372247304	1612372247490	OK	 
USER	GeneralAdmission1	END	1612372247502
USER	GeneralAdmission1	END	1612372247532
REQUEST		ConfirmPayment	1612372246319	1612372247532	OK	 
USER	GeneralAdmission1	END	1612372247535
REQUEST		ConfirmPayment	1612372247371	1612372247558	OK	 
USER	GeneralAdmission1	END	1612372247562
REQUEST		ConfirmPayment	1612372247558	1612372247746	OK	 
USER	GeneralAdmission1	END	1612372247752
REQUEST		ConfirmPayment	1612372247796	1612372247992	OK	 
USER	GeneralAdmission1	END	1612372247995
REQUEST		ConfirmPayment	1612372248051	1612372248235	OK	 
USER	GeneralAdmission1	END	1612372248238
REQUEST		ConfirmPayment	1612372248115	1612372248335	OK	 
REQUEST		ConfirmPayment	1612372248135	1612372248343	OK	 
USER	GeneralAdmission1	END	1612372248350
USER	GeneralAdmission1	END	1612372248350
REQUEST		ConfirmPayment	1612372248212	1612372248370	OK	 
USER	GeneralAdmission1	END	1612372248374
REQUEST		ConfirmPayment	1612372248136	1612372248388	OK	 
REQUEST		ConfirmPayment	1612372248135	1612372248388	OK	 
REQUEST		ConfirmPayment	1612372248214	1612372248395	OK	 
USER	GeneralAdmission1	END	1612372248402
USER	GeneralAdmission1	END	1612372248417
USER	GeneralAdmission1	END	1612372248440
REQUEST		ConfirmPayment	1612372248269	1612372248490	OK	 
REQUEST		ConfirmPayment	1612372248340	1612372248591	OK	 
USER	GeneralAdmission1	END	1612372248593
USER	GeneralAdmission1	END	1612372248636
REQUEST		ConfirmPayment	1612372248418	1612372248628	OK	 
USER	GeneralAdmission1	END	1612372248669
REQUEST		ConfirmPayment	1612372248519	1612372248723	OK	 
USER	GeneralAdmission1	END	1612372248726
REQUEST		ConfirmPayment	1612372248649	1612372248936	OK	 
USER	GeneralAdmission1	END	1612372248994
REQUEST		ConfirmPayment	1612372248938	1612372249133	OK	 
USER	GeneralAdmission1	END	1612372249137
REQUEST		ConfirmPayment	1612372248978	1612372249168	OK	 
USER	GeneralAdmission1	END	1612372249171
REQUEST		ConfirmPayment	1612372249011	1612372249198	OK	 
USER	GeneralAdmission1	END	1612372249201
REQUEST		ConfirmPayment	1612372249044	1612372249203	OK	 
USER	GeneralAdmission1	END	1612372249214
