RUN	RecordedSimulation	recordedsimulation	1610030607503	loacal4	3.5.0
USER	RecordedSimulation	START	1610030609499
REQUEST		request_0	1610030609540	1610030609904	OK	 
REQUEST		request_3	1610030609947	1610030609989	OK	 
REQUEST		request_2	1610030609948	1610030610057	OK	 
REQUEST		request_1	1610030609948	1610030610088	OK	 
REQUEST		request_4	1610030611094	1610030611124	OK	 
ERROR	request_5: Failed to build request: Resource /recordedsimulation/0005_request.json not found 	1610030611127
ERROR	request_6: Failed to build request: Resource /recordedsimulation/0006_request.txt not found 	1610030611128
ERROR	request_8: Failed to build request: Resource /recordedsimulation/0008_request.json not found 	1610030611128
REQUEST		request_7	1610030611129	1610030611147	OK	 
ERROR	request_9: Failed to build request: Resource /recordedsimulation/0009_request.txt not found 	1610030615153
REQUEST		request_10	1610030616167	1610030616198	OK	 
ERROR	request_11: Failed to build request: Resource /recordedsimulation/0011_request.json not found 	1610030616199
REQUEST		request_14	1610030616614	1610030616678	OK	 
REQUEST		request_15	1610030616615	1610030616701	KO	status.find.in(200,201,202,203,204,205,206,207,208,209,304), found 400
REQUEST		request_12	1610030616205	1610030616758	OK	 
REQUEST		request_27	1610030616612	1610030616770	OK	 
REQUEST		request_13	1610030616619	1610030617301	OK	 
REQUEST		request_17	1610030616619	1610030617346	OK	 
REQUEST		request_26	1610030616621	1610030617414	OK	 
REQUEST		request_16	1610030616616	1610030617416	OK	 
REQUEST		request_20	1610030616618	1610030617463	OK	 
REQUEST		request_25	1610030616608	1610030617469	OK	 
REQUEST		request_29	1610030616621	1610030617472	OK	 
REQUEST		request_23	1610030616589	1610030617473	OK	 
REQUEST		request_24	1610030616609	1610030617474	OK	 
REQUEST		request_18	1610030616610	1610030617475	OK	 
REQUEST		request_28	1610030616613	1610030617476	OK	 
REQUEST		request_19	1610030616617	1610030617477	OK	 
REQUEST		request_22	1610030616620	1610030617479	OK	 
REQUEST		request_21	1610030616611	1610030617482	OK	 
REQUEST		request_30	1610030618487	1610030618678	OK	 
REQUEST		request_31	1610030619685	1610030619878	OK	 
ERROR	request_38: Failed to build request: Resource /recordedsimulation/0038_request.json not found 	1610030619887
REQUEST		request_34	1610030619888	1610030619958	OK	 
REQUEST		request_37	1610030619952	1610030620143	OK	 
REQUEST		request_36	1610030619954	1610030620148	OK	 
REQUEST		request_32	1610030619953	1610030620156	OK	 
REQUEST		request_35	1610030619956	1610030620159	OK	 
REQUEST		request_33	1610030619928	1610030620296	KO	status.find.in(200,201,202,203,204,205,206,207,208,209,304), found 400
ERROR	request_39: Failed to build request: Resource /recordedsimulation/0039_request.txt not found 	1610030623303
USER	RecordedSimulation	END	1610030623323
