RUN	GeneralAdmission1	generaladmission1	1612283999555	 	3.5.0
USER	GeneralAdmission1	START	1612284001186
REQUEST		GetToken	1612284001218	1612284001778	OK	 
REQUEST		GetToken Redirect 1	1612284001800	1612284004365	OK	 
REQUEST		request_1	1612284004498	1612284005344	OK	 
REQUEST		AddToCart	1612284010379	1612284010484	OK	 
REQUEST		AddToCart Redirect 1	1612284010489	1612284011024	OK	 
REQUEST		CreateGeneral	1612284012039	1612284012052	OK	 
REQUEST		CreateGeneral Redirect 1	1612284012059	1612284012934	OK	 
REQUEST		BookingDetails	1612284016951	1612284016963	OK	 
REQUEST		BookingDetails Redirect 1	1612284016975	1612284017156	OK	 
REQUEST		StripeElement	1612284017162	1612284018010	OK	 
REQUEST		shared-8b0cf640a52a1422947f168069c49b9d.js	1612284018091	1612284018855	OK	 
REQUEST		ui-shared-1a3494666c8cbd375492e006f2e840cd.css	1612284018109	1612284018934	OK	 
REQUEST		elements-inner-card-77d7d4c2ce976deb5d1dc2ff2a238146.js	1612284018100	1612284019060	OK	 
REQUEST		ui-shared-121e554d3a08b818808584dff61fc32c.js	1612284018096	1612284019676	OK	 
REQUEST		CreatePaymentIntent	1612284022758	1612284022768	OK	 
REQUEST		CreatePaymentIntent Redirect 1	1612284022772	1612284082787	KO	i.g.h.c.i.RequestTimeoutException: Request timeout to localhost/127.0.0.1:5001 after 60000 ms
REQUEST		StripeController	1612284095841	1612284096675	OK	 
REQUEST		controller-6d15abacacad5eabb07034f26400b450.js	1612284096686	1612284097402	OK	 
REQUEST		StripeCountryRanges	1612284099431	1612284100886	OK	 
REQUEST		PrivateStripe	1612284106940	1612284116956	KO	i.n.h.s.SslHandshakeTimeoutException: handshake timed out after 10000ms
REQUEST		Elements1	1612284116961	1612284117751	OK	 
REQUEST		Elements2	1612284117755	1612284117943	OK	 
REQUEST		Elements3	1612284117945	1612284118130	OK	 
REQUEST		Elements4	1612284118133	1612284118325	OK	 
REQUEST		Elements5	1612284118328	1612284118570	OK	 
REQUEST		Elements6	1612284118573	1612284118773	OK	 
REQUEST		Elements6	1612284118776	1612284118962	OK	 
REQUEST		Elements7	1612284118964	1612284119154	OK	 
REQUEST		Elements8	1612284119157	1612284119363	OK	 
REQUEST		Elements9	1612284119366	1612284119555	OK	 
REQUEST		Elements10	1612284119558	1612284120235	OK	 
REQUEST		Elements11	1612284120237	1612284120424	OK	 
REQUEST		Elements12	1612284121438	1612284121641	OK	 
REQUEST		Elements13	1612284123648	1612284123843	OK	 
REQUEST		Elements14	1612284125861	1612284126051	OK	 
REQUEST		Elements15	1612284126056	1612284126247	OK	 
REQUEST		Elements16	1612284127255	1612284128080	OK	 
REQUEST		AddCardDetails	1612284129098	1612284130591	KO	status.find.in(200,201,202,203,204,205,206,207,208,209,304), found 400
USER	GeneralAdmission1	END	1612284130598
