RUN	GeneralAdmission1	generaladmission1	1612438767917	 	3.5.0
USER	GeneralAdmission1	START	1612438770286
USER	GeneralAdmission1	START	1612438770223
USER	GeneralAdmission1	START	1612438770248
USER	GeneralAdmission1	START	1612438770227
USER	GeneralAdmission1	START	1612438770253
USER	GeneralAdmission1	START	1612438770251
USER	GeneralAdmission1	START	1612438770287
USER	GeneralAdmission1	START	1612438770249
USER	GeneralAdmission1	START	1612438770390
USER	GeneralAdmission1	START	1612438770410
USER	GeneralAdmission1	START	1612438770436
USER	GeneralAdmission1	START	1612438770756
USER	GeneralAdmission1	START	1612438771254
REQUEST		GetToken	1612438770312	1612438771513	OK	 
REQUEST		GetToken	1612438770314	1612438771556	OK	 
REQUEST		GetToken	1612438770315	1612438771620	OK	 
REQUEST		GetToken	1612438770285	1612438771500	OK	 
REQUEST		GetToken	1612438770304	1612438771515	OK	 
REQUEST		GetToken	1612438770285	1612438771542	OK	 
REQUEST		GetToken	1612438770288	1612438771761	OK	 
REQUEST		GetToken	1612438770436	1612438771769	OK	 
REQUEST		GetToken	1612438770418	1612438771790	OK	 
USER	GeneralAdmission1	START	1612438771772
REQUEST		GetToken	1612438770437	1612438771815	OK	 
REQUEST		GetToken	1612438770310	1612438771814	OK	 
REQUEST		GetToken	1612438770763	1612438771963	OK	 
USER	GeneralAdmission1	START	1612438772263
REQUEST		GetToken	1612438771255	1612438772302	OK	 
USER	GeneralAdmission1	START	1612438772698
REQUEST		GetToken	1612438771789	1612438772835	OK	 
USER	GeneralAdmission1	START	1612438773199
REQUEST		GetToken	1612438772264	1612438773235	OK	 
REQUEST		GetToken	1612438772699	1612438773420	OK	 
USER	GeneralAdmission1	START	1612438773695
REQUEST		GetToken	1612438773200	1612438773984	OK	 
USER	GeneralAdmission1	START	1612438774197
REQUEST		GetToken	1612438773696	1612438774405	OK	 
USER	GeneralAdmission1	START	1612438774695
REQUEST		GetToken	1612438774198	1612438774937	OK	 
REQUEST		GetToken	1612438774696	1612438775294	OK	 
REQUEST		AddToCart	1612438776764	1612438776939	OK	 
REQUEST		AddToCart	1612438776789	1612438776954	OK	 
REQUEST		AddToCart	1612438776789	1612438776968	OK	 
REQUEST		AddToCart	1612438776791	1612438776992	OK	 
REQUEST		AddToCart	1612438776792	1612438777057	OK	 
REQUEST		AddToCart	1612438776790	1612438777056	OK	 
REQUEST		AddToCart	1612438776822	1612438777072	OK	 
REQUEST		AddToCart	1612438776856	1612438777077	OK	 
REQUEST		AddToCart	1612438776854	1612438777093	OK	 
REQUEST		AddToCart	1612438776807	1612438777059	OK	 
REQUEST		AddToCart	1612438776855	1612438777121	OK	 
REQUEST		AddToCart	1612438776976	1612438777157	OK	 
REQUEST		AddToCart	1612438777318	1612438777452	OK	 
REQUEST		AddToCart	1612438777851	1612438777989	OK	 
REQUEST		AddToCart	1612438778244	1612438778459	OK	 
REQUEST		AddToCart	1612438778462	1612438778604	OK	 
REQUEST		AddToCart	1612438778990	1612438779421	OK	 
REQUEST		AddToCart	1612438779421	1612438779905	OK	 
REQUEST		AddToCart	1612438779944	1612438780333	OK	 
REQUEST		AddToCart2	1612438780009	1612438780371	OK	 
REQUEST		AddToCart2	1612438779978	1612438780340	OK	 
REQUEST		AddToCart2	1612438779974	1612438780364	OK	 
REQUEST		AddToCart2	1612438780114	1612438780397	OK	 
REQUEST		AddToCart2	1612438780095	1612438780381	OK	 
REQUEST		AddToCart2	1612438780130	1612438780457	OK	 
REQUEST		AddToCart2	1612438779971	1612438780465	OK	 
REQUEST		AddToCart2	1612438780096	1612438780497	OK	 
REQUEST		AddToCart2	1612438780146	1612438780565	OK	 
REQUEST		AddToCart2	1612438780131	1612438780613	OK	 
REQUEST		AddToCart2	1612438780117	1612438780598	OK	 
REQUEST		AddToCart2	1612438780172	1612438780612	OK	 
REQUEST		AddToCart2	1612438780510	1612438780642	OK	 
REQUEST		AddToCart	1612438780364	1612438780647	OK	 
REQUEST		AddToCart2	1612438781023	1612438781328	OK	 
REQUEST		AddToCart2	1612438781489	1612438781857	OK	 
REQUEST		AddToCart2	1612438781623	1612438782013	OK	 
REQUEST		AddToCart2	1612438782427	1612438782787	OK	 
REQUEST		AddToCart2	1612438782910	1612438783294	OK	 
REQUEST		AddToCart2	1612438783475	1612438783690	OK	 
REQUEST		AddToCart2	1612438783676	1612438783840	OK	 
REQUEST		CreateGeneral	1612438784502	1612438785131	OK	 
REQUEST		CreateGeneral	1612438784544	1612438785213	OK	 
REQUEST		CreateGeneral	1612438784535	1612438785261	OK	 
REQUEST		CreateGeneral	1612438784512	1612438785263	OK	 
REQUEST		CreateGeneral	1612438784516	1612438785265	OK	 
REQUEST		CreateGeneral	1612438784628	1612438785276	OK	 
REQUEST		CreateGeneral	1612438784661	1612438785346	OK	 
REQUEST		CreateGeneral	1612438784684	1612438785367	OK	 
REQUEST		CreateGeneral	1612438784662	1612438785413	OK	 
REQUEST		CreateGeneral	1612438785364	1612438785636	OK	 
REQUEST		CreateGeneral	1612438785887	1612438786193	OK	 
REQUEST		CreateGeneral	1612438784566	1612438786254	OK	 
REQUEST		CreateGeneral	1612438784539	1612438786256	OK	 
REQUEST		CreateGeneral	1612438786045	1612438786345	OK	 
REQUEST		CreateGeneral	1612438784660	1612438786394	OK	 
REQUEST		CreateGeneral	1612438784567	1612438786426	OK	 
REQUEST		CreateGeneral	1612438786812	1612438787127	OK	 
REQUEST		CreateGeneral	1612438787310	1612438787553	OK	 
REQUEST		CreateGeneral	1612438787716	1612438788000	OK	 
REQUEST		CreateGeneral	1612438787873	1612438788210	OK	 
REQUEST		BookingDetails	1612438789148	1612438789451	OK	 
REQUEST		BookingDetails	1612438789226	1612438789539	OK	 
REQUEST		BookingDetails	1612438789292	1612438789633	OK	 
REQUEST		BookingDetails	1612438789288	1612438789637	OK	 
REQUEST		BookingDetails	1612438789293	1612438789638	OK	 
REQUEST		BookingDetails	1612438789351	1612438789638	OK	 
REQUEST		BookingDetails	1612438789382	1612438789667	OK	 
REQUEST		BookingDetails	1612438789297	1612438789669	OK	 
REQUEST		BookingDetails	1612438789430	1612438789688	OK	 
REQUEST		ConfirmPayment	1612438789455	1612438789790	OK	 
REQUEST		ConfirmPayment	1612438789542	1612438789862	OK	 
REQUEST		BookingDetails	1612438789670	1612438789955	OK	 
REQUEST		ConfirmPayment	1612438789639	1612438789984	OK	 
REQUEST		ConfirmPayment	1612438789655	1612438789984	OK	 
REQUEST		ConfirmPayment	1612438789654	1612438790121	OK	 
REQUEST		ConfirmPayment	1612438789655	1612438790150	OK	 
REQUEST		ConfirmPayment	1612438789681	1612438790164	OK	 
REQUEST		ConfirmPayment	1612438789675	1612438790164	OK	 
REQUEST		ConfirmPayment	1612438789690	1612438790164	OK	 
REQUEST		ConfirmPayment	1612438789957	1612438790321	OK	 
REQUEST		BookingDetails	1612438790206	1612438790519	OK	 
REQUEST		BookingDetails	1612438790273	1612438790616	OK	 
REQUEST		BookingDetails	1612438790271	1612438790616	OK	 
REQUEST		BookingDetails	1612438790364	1612438790692	OK	 
REQUEST		BookingDetails	1612438790411	1612438790749	OK	 
REQUEST		BookingDetails	1612438790441	1612438790782	OK	 
REQUEST		ConfirmPayment	1612438790522	1612438790891	OK	 
REQUEST		ConfirmPayment	1612438790619	1612438790891	OK	 
REQUEST		ConfirmPayment	1612438790696	1612438790897	OK	 
REQUEST		ConfirmPayment	1612438790619	1612438790902	OK	 
REQUEST		ConfirmPayment	1612438790765	1612438790949	OK	 
REQUEST		ConfirmPayment	1612438790785	1612438790950	OK	 
REQUEST		BookingDetails	1612438791143	1612438791256	OK	 
REQUEST		ConfirmPayment	1612438791259	1612438791535	OK	 
REQUEST		BookingDetails	1612438791571	1612438791717	OK	 
USER	GeneralAdmission1	END	1612438791801
USER	GeneralAdmission1	END	1612438791874
USER	GeneralAdmission1	END	1612438792012
USER	GeneralAdmission1	END	1612438792014
REQUEST		ConfirmPayment	1612438791720	1612438792090	OK	 
USER	GeneralAdmission1	END	1612438792136
USER	GeneralAdmission1	END	1612438792167
USER	GeneralAdmission1	END	1612438792183
USER	GeneralAdmission1	END	1612438792183
USER	GeneralAdmission1	END	1612438792183
REQUEST		BookingDetails	1612438792012	1612438792199	OK	 
USER	GeneralAdmission1	END	1612438792337
REQUEST		BookingDetails	1612438792227	1612438792461	OK	 
REQUEST		ConfirmPayment	1612438792201	1612438792564	OK	 
REQUEST		ConfirmPayment	1612438792464	1612438792731	OK	 
USER	GeneralAdmission1	END	1612438792912
USER	GeneralAdmission1	END	1612438792913
USER	GeneralAdmission1	END	1612438792913
USER	GeneralAdmission1	END	1612438792914
USER	GeneralAdmission1	END	1612438792958
USER	GeneralAdmission1	END	1612438792960
USER	GeneralAdmission1	END	1612438793542
USER	GeneralAdmission1	END	1612438794099
USER	GeneralAdmission1	END	1612438794578
USER	GeneralAdmission1	END	1612438794749
