RUN	GeneralAdmission1	generaladmission1	1612430309391	 	3.5.0
USER	GeneralAdmission1	START	1612430311579
USER	GeneralAdmission1	START	1612430311629
USER	GeneralAdmission1	START	1612430311620
USER	GeneralAdmission1	START	1612430311642
USER	GeneralAdmission1	START	1612430311618
USER	GeneralAdmission1	START	1612430311629
USER	GeneralAdmission1	START	1612430311578
USER	GeneralAdmission1	START	1612430311594
USER	GeneralAdmission1	START	1612430311706
USER	GeneralAdmission1	START	1612430311716
USER	GeneralAdmission1	START	1612430311715
USER	GeneralAdmission1	START	1612430311711
USER	GeneralAdmission1	START	1612430311707
USER	GeneralAdmission1	START	1612430311736
USER	GeneralAdmission1	START	1612430311723
USER	GeneralAdmission1	START	1612430311714
USER	GeneralAdmission1	START	1612430311720
USER	GeneralAdmission1	START	1612430311729
USER	GeneralAdmission1	START	1612430311747
USER	GeneralAdmission1	START	1612430311743
USER	GeneralAdmission1	START	1612430311737
USER	GeneralAdmission1	START	1612430311750
USER	GeneralAdmission1	START	1612430311756
USER	GeneralAdmission1	START	1612430311760
USER	GeneralAdmission1	START	1612430311753
USER	GeneralAdmission1	START	1612430311759
USER	GeneralAdmission1	START	1612430311760
USER	GeneralAdmission1	START	1612430311760
USER	GeneralAdmission1	START	1612430311763
USER	GeneralAdmission1	START	1612430311778
USER	GeneralAdmission1	START	1612430311772
USER	GeneralAdmission1	START	1612430311776
USER	GeneralAdmission1	START	1612430311781
USER	GeneralAdmission1	START	1612430311775
USER	GeneralAdmission1	START	1612430311797
USER	GeneralAdmission1	START	1612430311779
USER	GeneralAdmission1	START	1612430311783
USER	GeneralAdmission1	START	1612430311796
USER	GeneralAdmission1	START	1612430311780
USER	GeneralAdmission1	START	1612430311787
USER	GeneralAdmission1	START	1612430311804
USER	GeneralAdmission1	START	1612430311811
USER	GeneralAdmission1	START	1612430311803
USER	GeneralAdmission1	START	1612430311792
USER	GeneralAdmission1	START	1612430311809
USER	GeneralAdmission1	START	1612430311811
USER	GeneralAdmission1	START	1612430311811
USER	GeneralAdmission1	START	1612430311815
USER	GeneralAdmission1	START	1612430311819
USER	GeneralAdmission1	START	1612430311826
USER	GeneralAdmission1	START	1612430311827
USER	GeneralAdmission1	START	1612430311827
USER	GeneralAdmission1	START	1612430311831
USER	GeneralAdmission1	START	1612430311833
USER	GeneralAdmission1	START	1612430311837
USER	GeneralAdmission1	START	1612430311835
USER	GeneralAdmission1	START	1612430311843
USER	GeneralAdmission1	START	1612430311847
USER	GeneralAdmission1	START	1612430311847
USER	GeneralAdmission1	START	1612430311850
USER	GeneralAdmission1	START	1612430311850
USER	GeneralAdmission1	START	1612430311851
USER	GeneralAdmission1	START	1612430311861
USER	GeneralAdmission1	START	1612430311862
USER	GeneralAdmission1	START	1612430311873
USER	GeneralAdmission1	START	1612430311866
USER	GeneralAdmission1	START	1612430311867
USER	GeneralAdmission1	START	1612430311873
USER	GeneralAdmission1	START	1612430311878
USER	GeneralAdmission1	START	1612430311881
USER	GeneralAdmission1	START	1612430311894
USER	GeneralAdmission1	START	1612430311882
USER	GeneralAdmission1	START	1612430311887
USER	GeneralAdmission1	START	1612430311885
USER	GeneralAdmission1	START	1612430311890
USER	GeneralAdmission1	START	1612430311893
USER	GeneralAdmission1	START	1612430311898
USER	GeneralAdmission1	START	1612430311896
USER	GeneralAdmission1	START	1612430311911
USER	GeneralAdmission1	START	1612430311905
USER	GeneralAdmission1	START	1612430311912
USER	GeneralAdmission1	START	1612430311905
USER	GeneralAdmission1	START	1612430311913
USER	GeneralAdmission1	START	1612430311913
USER	GeneralAdmission1	START	1612430311917
USER	GeneralAdmission1	START	1612430311931
USER	GeneralAdmission1	START	1612430311941
USER	GeneralAdmission1	START	1612430311923
USER	GeneralAdmission1	START	1612430311928
USER	GeneralAdmission1	START	1612430311937
USER	GeneralAdmission1	START	1612430311946
USER	GeneralAdmission1	START	1612430311949
USER	GeneralAdmission1	START	1612430311957
USER	GeneralAdmission1	START	1612430311955
USER	GeneralAdmission1	START	1612430311948
USER	GeneralAdmission1	START	1612430311961
USER	GeneralAdmission1	START	1612430312002
USER	GeneralAdmission1	START	1612430311980
USER	GeneralAdmission1	START	1612430311997
USER	GeneralAdmission1	START	1612430312044
REQUEST		GetToken	1612430311644	1612430315016	OK	 
REQUEST		GetToken	1612430311862	1612430315015	OK	 
REQUEST		GetToken	1612430311635	1612430315001	OK	 
REQUEST		GetToken	1612430311642	1612430315000	OK	 
REQUEST		GetToken	1612430311644	1612430315007	OK	 
REQUEST		GetToken	1612430311747	1612430315137	OK	 
REQUEST		GetToken	1612430311739	1612430315009	OK	 
REQUEST		GetToken	1612430311740	1612430315197	OK	 
REQUEST		GetToken	1612430311634	1612430315202	OK	 
REQUEST		GetToken	1612430311727	1612430315214	OK	 
REQUEST		GetToken	1612430311746	1612430315215	OK	 
REQUEST		GetToken	1612430311768	1612430315214	OK	 
REQUEST		GetToken	1612430311634	1612430315222	OK	 
REQUEST		GetToken	1612430311748	1612430315232	OK	 
REQUEST		GetToken	1612430311858	1612430315235	OK	 
REQUEST		GetToken	1612430311764	1612430315262	OK	 
REQUEST		GetToken	1612430311845	1612430315257	OK	 
REQUEST		GetToken	1612430311800	1612430315264	OK	 
REQUEST		GetToken	1612430311747	1612430315281	OK	 
REQUEST		GetToken	1612430311718	1612430315287	OK	 
REQUEST		GetToken	1612430311730	1612430315304	OK	 
REQUEST		GetToken	1612430311765	1612430315306	OK	 
REQUEST		GetToken	1612430311639	1612430315319	OK	 
REQUEST		GetToken	1612430311899	1612430315316	OK	 
REQUEST		GetToken	1612430311766	1612430315335	OK	 
REQUEST		GetToken	1612430311782	1612430315339	OK	 
REQUEST		GetToken	1612430311917	1612430315337	OK	 
REQUEST		GetToken	1612430311820	1612430315347	OK	 
REQUEST		GetToken	1612430311845	1612430315356	OK	 
REQUEST		GetToken	1612430311865	1612430315368	OK	 
REQUEST		GetToken	1612430311761	1612430315406	OK	 
REQUEST		GetToken	1612430311946	1612430315430	OK	 
REQUEST		GetToken	1612430311797	1612430315442	OK	 
REQUEST		GetToken	1612430311815	1612430315439	OK	 
REQUEST		GetToken	1612430311785	1612430315470	OK	 
REQUEST		GetToken	1612430311836	1612430315531	OK	 
REQUEST		GetToken	1612430311895	1612430315531	OK	 
REQUEST		GetToken	1612430311783	1612430315549	OK	 
REQUEST		GetToken	1612430311716	1612430315548	OK	 
REQUEST		GetToken	1612430311813	1612430315548	OK	 
REQUEST		GetToken	1612430311829	1612430315580	OK	 
REQUEST		GetToken	1612430311884	1612430315590	OK	 
REQUEST		GetToken	1612430311835	1612430315600	OK	 
REQUEST		GetToken	1612430311914	1612430315695	OK	 
REQUEST		GetToken	1612430311744	1612430315700	OK	 
REQUEST		GetToken	1612430311813	1612430315798	OK	 
REQUEST		GetToken	1612430311858	1612430315806	OK	 
REQUEST		GetToken	1612430311784	1612430315810	OK	 
REQUEST		GetToken	1612430311902	1612430315813	OK	 
REQUEST		GetToken	1612430311806	1612430315813	OK	 
REQUEST		GetToken	1612430311842	1612430315835	OK	 
REQUEST		GetToken	1612430311769	1612430315901	OK	 
REQUEST		GetToken	1612430311952	1612430315901	OK	 
REQUEST		GetToken	1612430311848	1612430316569	OK	 
REQUEST		GetToken	1612430311849	1612430316583	OK	 
REQUEST		GetToken	1612430311863	1612430316582	OK	 
REQUEST		GetToken	1612430311978	1612430316633	OK	 
REQUEST		GetToken	1612430311885	1612430316634	OK	 
REQUEST		GetToken	1612430311880	1612430316640	OK	 
REQUEST		GetToken	1612430312003	1612430316651	OK	 
REQUEST		GetToken	1612430311827	1612430316647	OK	 
REQUEST		GetToken	1612430311880	1612430316661	OK	 
REQUEST		GetToken	1612430311793	1612430316663	OK	 
REQUEST		GetToken	1612430312048	1612430316666	OK	 
REQUEST		GetToken	1612430311805	1612430316685	OK	 
REQUEST		GetToken	1612430311847	1612430316691	OK	 
REQUEST		GetToken	1612430311914	1612430316801	OK	 
REQUEST		GetToken	1612430311798	1612430316802	OK	 
REQUEST		GetToken	1612430311905	1612430316804	OK	 
REQUEST		GetToken	1612430311903	1612430316805	OK	 
REQUEST		GetToken	1612430311868	1612430316813	OK	 
REQUEST		GetToken	1612430311648	1612430316836	OK	 
REQUEST		GetToken	1612430311902	1612430316852	OK	 
REQUEST		GetToken	1612430311943	1612430316853	OK	 
REQUEST		GetToken	1612430311926	1612430316854	OK	 
REQUEST		GetToken	1612430311932	1612430316886	OK	 
REQUEST		GetToken	1612430311733	1612430316892	OK	 
REQUEST		GetToken	1612430311964	1612430316902	OK	 
REQUEST		GetToken	1612430311909	1612430316904	OK	 
REQUEST		GetToken	1612430311970	1612430316904	OK	 
REQUEST		GetToken	1612430311892	1612430316917	OK	 
REQUEST		GetToken	1612430311817	1612430316930	OK	 
REQUEST		GetToken	1612430311751	1612430316931	OK	 
REQUEST		GetToken	1612430311982	1612430316932	OK	 
REQUEST		GetToken	1612430311969	1612430316937	OK	 
REQUEST		GetToken	1612430311883	1612430316953	OK	 
REQUEST		GetToken	1612430312002	1612430316966	OK	 
REQUEST		GetToken	1612430311934	1612430316969	OK	 
REQUEST		GetToken	1612430311794	1612430316954	OK	 
REQUEST		GetToken	1612430311918	1612430316997	OK	 
REQUEST		GetToken	1612430311957	1612430316992	OK	 
REQUEST		GetToken	1612430311775	1612430317052	OK	 
REQUEST		GetToken	1612430311822	1612430317068	OK	 
REQUEST		GetToken	1612430311946	1612430317066	OK	 
REQUEST		GetToken	1612430311870	1612430317083	OK	 
REQUEST		GetToken	1612430311763	1612430317090	OK	 
REQUEST		GetToken	1612430311899	1612430317100	OK	 
REQUEST		GetToken	1612430311951	1612430317106	OK	 
REQUEST		GetToken	1612430311781	1612430317106	OK	 
REQUEST		GetToken	1612430311997	1612430317114	OK	 
REQUEST		AddToCart	1612430320207	1612430320655	OK	 
REQUEST		AddToCart	1612430320204	1612430320655	OK	 
REQUEST		AddToCart	1612430320288	1612430320662	OK	 
REQUEST		AddToCart	1612430320241	1612430320663	OK	 
REQUEST		AddToCart	1612430320254	1612430320669	OK	 
REQUEST		AddToCart	1612430320204	1612430320668	OK	 
REQUEST		AddToCart	1612430320244	1612430320668	OK	 
REQUEST		AddToCart	1612430320336	1612430320669	OK	 
REQUEST		AddToCart	1612430320252	1612430320680	OK	 
REQUEST		AddToCart	1612430320203	1612430320687	OK	 
REQUEST		AddToCart	1612430320205	1612430320689	OK	 
REQUEST		AddToCart	1612430320241	1612430320688	OK	 
REQUEST		AddToCart	1612430320205	1612430320688	OK	 
REQUEST		AddToCart	1612430320251	1612430320692	OK	 
REQUEST		AddToCart	1612430320302	1612430320698	OK	 
REQUEST		AddToCart	1612430320303	1612430320711	OK	 
REQUEST		AddToCart	1612430320303	1612430320712	OK	 
REQUEST		AddToCart	1612430320239	1612430320718	OK	 
REQUEST		AddToCart	1612430320305	1612430320718	OK	 
REQUEST		AddToCart	1612430320323	1612430320732	OK	 
REQUEST		AddToCart	1612430320204	1612430320737	OK	 
REQUEST		AddToCart	1612430320437	1612430320763	OK	 
REQUEST		AddToCart	1612430320305	1612430320775	OK	 
REQUEST		AddToCart	1612430320351	1612430320773	OK	 
REQUEST		AddToCart	1612430320463	1612430320775	OK	 
REQUEST		AddToCart	1612430320326	1612430320775	OK	 
REQUEST		AddToCart	1612430320334	1612430320785	OK	 
REQUEST		AddToCart	1612430320475	1612430320796	OK	 
REQUEST		AddToCart	1612430320351	1612430320796	OK	 
REQUEST		AddToCart	1612430320355	1612430320796	OK	 
REQUEST		AddToCart	1612430320352	1612430320812	OK	 
REQUEST		AddToCart	1612430320558	1612430320811	OK	 
REQUEST		AddToCart	1612430320584	1612430320813	OK	 
REQUEST		AddToCart	1612430320599	1612430320823	OK	 
REQUEST		AddToCart	1612430320367	1612430320824	OK	 
REQUEST		AddToCart	1612430320455	1612430320824	OK	 
REQUEST		AddToCart	1612430320450	1612430320826	OK	 
REQUEST		AddToCart	1612430320379	1612430320839	OK	 
REQUEST		AddToCart	1612430320588	1612430320845	OK	 
REQUEST		AddToCart	1612430320562	1612430320846	OK	 
REQUEST		AddToCart	1612430320587	1612430320856	OK	 
REQUEST		AddToCart	1612430320604	1612430320869	OK	 
REQUEST		AddToCart	1612430320602	1612430320870	OK	 
REQUEST		AddToCart	1612430320724	1612430320959	OK	 
REQUEST		AddToCart	1612430320796	1612430320970	OK	 
REQUEST		AddToCart	1612430320837	1612430321002	OK	 
REQUEST		AddToCart	1612430320836	1612430321013	OK	 
REQUEST		AddToCart	1612430320836	1612430321014	OK	 
REQUEST		AddToCart	1612430320839	1612430321013	OK	 
REQUEST		AddToCart	1612430320844	1612430321018	OK	 
REQUEST		AddToCart	1612430320826	1612430321028	OK	 
REQUEST		AddToCart	1612430320908	1612430321078	OK	 
REQUEST		AddToCart	1612430320909	1612430321079	OK	 
REQUEST		AddToCart	1612430321588	1612430321649	OK	 
REQUEST		AddToCart	1612430321592	1612430321687	OK	 
REQUEST		AddToCart	1612430321574	1612430321687	OK	 
REQUEST		AddToCart	1612430321657	1612430321746	OK	 
REQUEST		AddToCart	1612430321649	1612430321746	OK	 
REQUEST		AddToCart	1612430321666	1612430321819	OK	 
REQUEST		AddToCart	1612430321668	1612430321846	OK	 
REQUEST		AddToCart	1612430321674	1612430321940	OK	 
REQUEST		AddToCart	1612430321699	1612430322131	OK	 
REQUEST		AddToCart	1612430321892	1612430322133	OK	 
REQUEST		AddToCart	1612430321846	1612430322141	OK	 
REQUEST		AddToCart	1612430321873	1612430322146	OK	 
REQUEST		AddToCart	1612430321873	1612430322146	OK	 
REQUEST		AddToCart	1612430321676	1612430322178	OK	 
REQUEST		AddToCart	1612430321846	1612430322191	OK	 
REQUEST		AddToCart	1612430321873	1612430322195	OK	 
REQUEST		AddToCart	1612430321846	1612430322209	OK	 
REQUEST		AddToCart	1612430321873	1612430322209	OK	 
REQUEST		AddToCart	1612430321877	1612430322296	OK	 
REQUEST		AddToCart	1612430321920	1612430322296	OK	 
REQUEST		AddToCart	1612430321904	1612430322294	OK	 
REQUEST		AddToCart	1612430321876	1612430322296	OK	 
REQUEST		AddToCart	1612430321980	1612430322300	OK	 
REQUEST		AddToCart	1612430321944	1612430322300	OK	 
REQUEST		AddToCart	1612430321954	1612430322313	OK	 
REQUEST		AddToCart	1612430321920	1612430322313	OK	 
REQUEST		AddToCart	1612430321930	1612430322328	OK	 
REQUEST		AddToCart	1612430321916	1612430322336	OK	 
REQUEST		AddToCart	1612430321980	1612430322329	OK	 
REQUEST		AddToCart	1612430321947	1612430322330	OK	 
REQUEST		AddToCart	1612430321953	1612430322336	OK	 
REQUEST		AddToCart	1612430322045	1612430322339	OK	 
REQUEST		AddToCart	1612430321985	1612430322372	OK	 
REQUEST		AddToCart	1612430322069	1612430322372	OK	 
REQUEST		AddToCart	1612430321992	1612430322378	OK	 
REQUEST		AddToCart	1612430322078	1612430322387	OK	 
REQUEST		AddToCart	1612430322043	1612430322391	OK	 
REQUEST		AddToCart	1612430322104	1612430322496	OK	 
REQUEST		AddToCart	1612430322092	1612430322497	OK	 
REQUEST		AddToCart	1612430322118	1612430322509	OK	 
REQUEST		AddToCart	1612430322105	1612430322513	OK	 
REQUEST		AddToCart	1612430322118	1612430322523	OK	 
REQUEST		AddToCart	1612430322088	1612430322523	OK	 
REQUEST		AddToCart	1612430322124	1612430322530	OK	 
REQUEST		AddToCart	1612430321686	1612430322772	OK	 
REQUEST		AddToCart	1612430321691	1612430322772	OK	 
REQUEST		AddToCart	1612430321680	1612430322773	OK	 
REQUEST		AddToCart2	1612430323680	1612430324426	OK	 
REQUEST		AddToCart2	1612430323684	1612430324427	OK	 
REQUEST		AddToCart2	1612430323673	1612430324427	OK	 
REQUEST		AddToCart2	1612430323664	1612430324427	OK	 
REQUEST		AddToCart2	1612430323694	1612430324427	OK	 
REQUEST		AddToCart2	1612430323690	1612430324429	OK	 
REQUEST		AddToCart2	1612430323688	1612430324429	OK	 
REQUEST		AddToCart2	1612430323703	1612430324446	OK	 
REQUEST		AddToCart2	1612430323710	1612430324446	OK	 
REQUEST		AddToCart2	1612430323690	1612430324447	OK	 
REQUEST		AddToCart2	1612430323714	1612430324448	OK	 
REQUEST		AddToCart2	1612430323787	1612430324451	OK	 
REQUEST		AddToCart2	1612430323716	1612430324478	OK	 
REQUEST		AddToCart2	1612430323823	1612430325099	OK	 
REQUEST		AddToCart2	1612430323838	1612430325102	OK	 
REQUEST		AddToCart2	1612430323801	1612430325100	OK	 
REQUEST		AddToCart2	1612430323826	1612430325099	OK	 
REQUEST		AddToCart2	1612430323812	1612430325100	OK	 
REQUEST		AddToCart2	1612430323825	1612430325103	OK	 
REQUEST		AddToCart2	1612430323838	1612430325115	OK	 
REQUEST		AddToCart2	1612430323823	1612430325118	OK	 
REQUEST		AddToCart2	1612430323796	1612430325125	OK	 
REQUEST		AddToCart2	1612430323838	1612430325129	OK	 
REQUEST		AddToCart2	1612430323825	1612430325215	OK	 
REQUEST		AddToCart2	1612430323837	1612430325214	OK	 
REQUEST		AddToCart2	1612430323847	1612430325215	OK	 
REQUEST		AddToCart2	1612430323665	1612430325371	OK	 
REQUEST		AddToCart2	1612430323852	1612430325370	OK	 
REQUEST		AddToCart2	1612430323736	1612430325651	OK	 
REQUEST		AddToCart2	1612430323746	1612430325655	OK	 
REQUEST		AddToCart2	1612430323860	1612430325656	OK	 
REQUEST		AddToCart2	1612430323739	1612430325654	OK	 
REQUEST		AddToCart2	1612430323739	1612430325657	OK	 
REQUEST		AddToCart2	1612430323854	1612430325658	OK	 
REQUEST		AddToCart2	1612430323714	1612430325658	OK	 
REQUEST		AddToCart2	1612430323875	1612430325678	OK	 
REQUEST		AddToCart2	1612430323790	1612430325678	OK	 
REQUEST		AddToCart2	1612430323721	1612430325681	OK	 
REQUEST		AddToCart2	1612430323791	1612430325681	OK	 
REQUEST		AddToCart2	1612430323759	1612430325699	OK	 
REQUEST		AddToCart2	1612430323764	1612430325701	OK	 
REQUEST		AddToCart2	1612430323791	1612430325711	OK	 
REQUEST		AddToCart2	1612430323964	1612430325794	OK	 
REQUEST		AddToCart2	1612430324007	1612430325831	OK	 
REQUEST		AddToCart2	1612430323975	1612430325831	OK	 
REQUEST		AddToCart2	1612430323875	1612430325871	OK	 
REQUEST		AddToCart2	1612430324023	1612430325896	OK	 
REQUEST		AddToCart2	1612430324031	1612430326398	OK	 
REQUEST		AddToCart2	1612430324031	1612430326403	OK	 
REQUEST		AddToCart2	1612430324024	1612430326407	OK	 
REQUEST		AddToCart2	1612430324036	1612430326412	OK	 
REQUEST		AddToCart2	1612430325146	1612430326500	OK	 
REQUEST		AddToCart2	1612430325157	1612430326500	OK	 
REQUEST		AddToCart2	1612430325157	1612430326506	OK	 
REQUEST		AddToCart2	1612430325196	1612430326511	OK	 
REQUEST		AddToCart2	1612430325225	1612430326516	OK	 
REQUEST		AddToCart2	1612430325184	1612430326516	OK	 
REQUEST		AddToCart2	1612430325314	1612430326516	OK	 
REQUEST		AddToCart2	1612430325225	1612430326530	OK	 
REQUEST		AddToCart2	1612430325205	1612430326530	OK	 
REQUEST		AddToCart2	1612430325314	1612430326590	OK	 
REQUEST		AddToCart2	1612430325314	1612430326590	OK	 
REQUEST		AddToCart2	1612430325311	1612430326598	OK	 
REQUEST		AddToCart2	1612430324085	1612430326605	OK	 
REQUEST		AddToCart2	1612430324084	1612430326605	OK	 
REQUEST		AddToCart2	1612430325395	1612430326605	OK	 
REQUEST		AddToCart2	1612430325382	1612430326607	OK	 
REQUEST		AddToCart2	1612430325506	1612430326622	OK	 
REQUEST		AddToCart2	1612430325781	1612430326642	OK	 
REQUEST		AddToCart2	1612430325783	1612430326644	OK	 
REQUEST		AddToCart2	1612430325389	1612430326645	OK	 
REQUEST		AddToCart2	1612430325782	1612430326660	OK	 
REQUEST		AddToCart2	1612430325339	1612430326677	OK	 
REQUEST		AddToCart2	1612430325330	1612430326670	OK	 
REQUEST		AddToCart2	1612430325357	1612430326670	OK	 
REQUEST		AddToCart2	1612430325520	1612430326677	OK	 
REQUEST		AddToCart2	1612430325393	1612430326680	OK	 
REQUEST		AddToCart2	1612430325357	1612430326684	OK	 
REQUEST		AddToCart2	1612430325314	1612430326694	OK	 
REQUEST		AddToCart2	1612430325511	1612430326697	OK	 
REQUEST		AddToCart2	1612430325534	1612430326697	OK	 
REQUEST		AddToCart2	1612430325324	1612430326701	OK	 
REQUEST		AddToCart2	1612430325314	1612430326708	OK	 
REQUEST		AddToCart2	1612430325376	1612430326709	OK	 
REQUEST		AddToCart2	1612430325376	1612430326717	OK	 
REQUEST		AddToCart2	1612430325382	1612430326721	OK	 
REQUEST		AddToCart2	1612430324693	1612430326729	OK	 
REQUEST		AddToCart2	1612430325382	1612430326742	OK	 
REQUEST		AddToCart2	1612430324654	1612430326742	OK	 
REQUEST		AddToCart2	1612430324753	1612430326742	OK	 
REQUEST		AddToCart2	1612430325520	1612430326752	OK	 
REQUEST		AddToCart2	1612430324694	1612430326762	OK	 
REQUEST		AddToCart2	1612430325534	1612430326764	OK	 
REQUEST		AddToCart2	1612430325540	1612430326768	OK	 
REQUEST		AddToCart2	1612430324874	1612430326843	OK	 
REQUEST		AddToCart2	1612430325143	1612430326843	OK	 
REQUEST		AddToCart2	1612430324753	1612430326843	OK	 
REQUEST		AddToCart2	1612430324868	1612430326844	OK	 
REQUEST		AddToCart2	1612430325146	1612430326858	OK	 
REQUEST		AddToCart2	1612430324945	1612430326858	OK	 
REQUEST		CreateGeneral	1612430328448	1612430329501	OK	 
REQUEST		CreateGeneral	1612430328481	1612430329535	OK	 
REQUEST		CreateGeneral	1612430328481	1612430329538	OK	 
REQUEST		CreateGeneral	1612430328443	1612430329539	OK	 
REQUEST		CreateGeneral	1612430328481	1612430329538	OK	 
REQUEST		CreateGeneral	1612430328446	1612430329551	OK	 
REQUEST		CreateGeneral	1612430328448	1612430329551	OK	 
REQUEST		CreateGeneral	1612430328446	1612430329551	OK	 
REQUEST		CreateGeneral	1612430328448	1612430329552	OK	 
REQUEST		CreateGeneral	1612430328485	1612430329565	OK	 
REQUEST		CreateGeneral	1612430328481	1612430329624	OK	 
REQUEST		CreateGeneral	1612430329120	1612430329624	KO	status.find.is(200), but actually found 400
REQUEST		CreateGeneral	1612430329106	1612430329638	OK	 
REQUEST		CreateGeneral	1612430329228	1612430329638	OK	 
REQUEST		CreateGeneral	1612430329118	1612430329734	OK	 
REQUEST		CreateGeneral	1612430329120	1612430329734	OK	 
REQUEST		CreateGeneral	1612430329130	1612430329734	OK	 
REQUEST		CreateGeneral	1612430329132	1612430329848	KO	status.find.is(200), but actually found 400
REQUEST		CreateGeneral	1612430329118	1612430329861	OK	 
REQUEST		CreateGeneral	1612430329133	1612430329931	OK	 
REQUEST		CreateGeneral	1612430329229	1612430330080	OK	 
REQUEST		CreateGeneral	1612430329381	1612430330143	OK	 
REQUEST		CreateGeneral	1612430329229	1612430330183	OK	 
REQUEST		CreateGeneral	1612430329381	1612430330231	OK	 
REQUEST		CreateGeneral	1612430329666	1612430330230	OK	 
REQUEST		CreateGeneral	1612430329674	1612430330251	OK	 
REQUEST		CreateGeneral	1612430329681	1612430330250	OK	 
REQUEST		CreateGeneral	1612430329681	1612430330262	OK	 
REQUEST		CreateGeneral	1612430329681	1612430330262	OK	 
REQUEST		CreateGeneral	1612430329693	1612430330284	OK	 
REQUEST		CreateGeneral	1612430329704	1612430330304	OK	 
REQUEST		CreateGeneral	1612430329705	1612430330304	OK	 
REQUEST		CreateGeneral	1612430329714	1612430330349	OK	 
REQUEST		CreateGeneral	1612430329681	1612430330388	OK	 
REQUEST		CreateGeneral	1612430329728	1612430330384	OK	 
REQUEST		CreateGeneral	1612430329801	1612430330388	OK	 
REQUEST		CreateGeneral	1612430329903	1612430330415	OK	 
REQUEST		CreateGeneral	1612430329878	1612430330465	OK	 
REQUEST		CreateGeneral	1612430329705	1612430330501	OK	 
REQUEST		CreateGeneral	1612430329865	1612430330515	OK	 
REQUEST		CreateGeneral	1612430329861	1612430330515	OK	 
REQUEST		CreateGeneral	1612430328478	1612430330515	OK	 
REQUEST		CreateGeneral	1612430328449	1612430330539	OK	 
REQUEST		CreateGeneral	1612430330507	1612430330787	OK	 
REQUEST		CreateGeneral	1612430329130	1612430330848	OK	 
REQUEST		CreateGeneral	1612430330533	1612430330865	OK	 
REQUEST		CreateGeneral	1612430330539	1612430331130	OK	 
REQUEST		CreateGeneral	1612430330410	1612430331188	OK	 
REQUEST		CreateGeneral	1612430330600	1612430331276	OK	 
REQUEST		CreateGeneral	1612430330416	1612430331276	OK	 
REQUEST		CreateGeneral	1612430330405	1612430331282	OK	 
REQUEST		CreateGeneral	1612430330422	1612430331282	OK	 
REQUEST		CreateGeneral	1612430330528	1612430331426	OK	 
REQUEST		CreateGeneral	1612430330652	1612430331602	OK	 
REQUEST		CreateGeneral	1612430330650	1612430331603	OK	 
REQUEST		CreateGeneral	1612430330539	1612430331639	OK	 
REQUEST		CreateGeneral	1612430330597	1612430331640	OK	 
REQUEST		CreateGeneral	1612430330532	1612430331720	OK	 
REQUEST		CreateGeneral	1612430329118	1612430331726	OK	 
REQUEST		CreateGeneral	1612430330618	1612430331783	OK	 
REQUEST		CreateGeneral	1612430330755	1612430331797	OK	 
REQUEST		CreateGeneral	1612430330694	1612430331879	OK	 
REQUEST		CreateGeneral	1612430330694	1612430331887	OK	 
REQUEST		CreateGeneral	1612430330713	1612430331891	OK	 
REQUEST		CreateGeneral	1612430330713	1612430331890	OK	 
REQUEST		CreateGeneral	1612430330663	1612430331898	OK	 
REQUEST		CreateGeneral	1612430330623	1612430331898	KO	status.find.is(200), but actually found 400
REQUEST		CreateGeneral	1612430330669	1612430331906	OK	 
REQUEST		CreateGeneral	1612430329685	1612430331903	OK	 
REQUEST		CreateGeneral	1612430330702	1612430331919	OK	 
REQUEST		CreateGeneral	1612430330856	1612430331909	OK	 
REQUEST		CreateGeneral	1612430330768	1612430331924	OK	 
REQUEST		CreateGeneral	1612430330778	1612430331932	OK	 
REQUEST		CreateGeneral	1612430329713	1612430331935	OK	 
REQUEST		CreateGeneral	1612430330713	1612430331937	OK	 
REQUEST		CreateGeneral	1612430330623	1612430331940	OK	 
REQUEST		CreateGeneral	1612430330627	1612430331962	OK	 
REQUEST		CreateGeneral	1612430330865	1612430331974	OK	 
REQUEST		CreateGeneral	1612430330700	1612430331970	OK	 
REQUEST		CreateGeneral	1612430330519	1612430331962	KO	status.find.is(200), but actually found 400
REQUEST		CreateGeneral	1612430330694	1612430332053	OK	 
REQUEST		CreateGeneral	1612430330532	1612430332048	OK	 
REQUEST		CreateGeneral	1612430330719	1612430332053	OK	 
REQUEST		CreateGeneral	1612430330677	1612430332084	OK	 
REQUEST		CreateGeneral	1612430330509	1612430332085	OK	 
REQUEST		CreateGeneral	1612430330762	1612430332085	OK	 
REQUEST		CreateGeneral	1612430330855	1612430332091	OK	 
REQUEST		CreateGeneral	1612430330719	1612430332099	OK	 
REQUEST		CreateGeneral	1612430330746	1612430332122	OK	 
REQUEST		CreateGeneral	1612430330732	1612430332148	OK	 
REQUEST		CreateGeneral	1612430330754	1612430332163	OK	 
REQUEST		CreateGeneral	1612430330772	1612430332198	OK	 
REQUEST		CreateGeneral	1612430330700	1612430332220	OK	 
REQUEST		CreateGeneral	1612430330725	1612430332281	OK	 
REQUEST		CreateGeneral	1612430330760	1612430332281	OK	 
REQUEST		CreateGeneral	1612430330865	1612430332340	OK	 
REQUEST		CreateGeneral	1612430330856	1612430332344	OK	 
REQUEST		CreateGeneral	1612430330700	1612430333410	OK	 
REQUEST		CreateGeneral	1612430330854	1612430333512	OK	 
REQUEST		CreateGeneral	1612430330625	1612430333512	OK	 
ERROR	BookingDetails: Failed to build request: No attribute named 'checkoutTokenID' is defined 	1612430333634
ERROR	ConfirmPayment: Failed to build request: No attribute named 'checkoutTokenID' is defined 	1612430333634
USER	GeneralAdmission1	END	1612430333643
ERROR	BookingDetails: Failed to build request: No attribute named 'checkoutTokenID' is defined 	1612430333865
ERROR	ConfirmPayment: Failed to build request: No attribute named 'checkoutTokenID' is defined 	1612430333867
USER	GeneralAdmission1	END	1612430333868
REQUEST		BookingDetails	1612430333555	1612430334724	OK	 
REQUEST		BookingDetails	1612430333540	1612430334724	OK	 
REQUEST		BookingDetails	1612430333505	1612430334723	OK	 
REQUEST		BookingDetails	1612430333555	1612430334732	OK	 
REQUEST		BookingDetails	1612430333561	1612430334732	OK	 
REQUEST		BookingDetails	1612430333567	1612430334998	OK	 
REQUEST		BookingDetails	1612430333567	1612430334999	OK	 
REQUEST		BookingDetails	1612430333555	1612430335114	OK	 
REQUEST		BookingDetails	1612430333568	1612430335137	OK	 
REQUEST		BookingDetails	1612430333653	1612430335157	OK	 
REQUEST		BookingDetails	1612430333629	1612430335158	OK	 
REQUEST		BookingDetails	1612430333567	1612430335200	OK	 
REQUEST		BookingDetails	1612430333748	1612430335236	OK	 
REQUEST		BookingDetails	1612430333645	1612430335244	OK	 
REQUEST		BookingDetails	1612430333748	1612430335498	OK	 
REQUEST		BookingDetails	1612430333935	1612430335498	OK	 
REQUEST		BookingDetails	1612430333866	1612430335498	OK	 
REQUEST		BookingDetails	1612430334084	1612430335565	OK	 
REQUEST		BookingDetails	1612430333746	1612430335800	OK	 
REQUEST		BookingDetails	1612430334187	1612430335812	OK	 
REQUEST		BookingDetails	1612430334148	1612430335812	OK	 
ERROR	BookingDetails: Failed to build request: No attribute named 'checkoutTokenID' is defined 	1612430335911
ERROR	ConfirmPayment: Failed to build request: No attribute named 'checkoutTokenID' is defined 	1612430335911
USER	GeneralAdmission1	END	1612430335913
REQUEST		BookingDetails	1612430334237	1612430336001	OK	 
REQUEST		BookingDetails	1612430334238	1612430336001	OK	 
ERROR	BookingDetails: Failed to build request: No attribute named 'checkoutTokenID' is defined 	1612430336079
ERROR	ConfirmPayment: Failed to build request: No attribute named 'checkoutTokenID' is defined 	1612430336080
USER	GeneralAdmission1	END	1612430336083
REQUEST		BookingDetails	1612430334264	1612430336182	OK	 
REQUEST		BookingDetails	1612430334265	1612430336181	OK	 
REQUEST		BookingDetails	1612430334271	1612430336229	OK	 
REQUEST		BookingDetails	1612430334272	1612430336433	OK	 
REQUEST		BookingDetails	1612430334297	1612430336433	OK	 
REQUEST		BookingDetails	1612430334401	1612430336479	OK	 
REQUEST		BookingDetails	1612430334354	1612430336483	OK	 
REQUEST		BookingDetails	1612430334312	1612430336486	OK	 
REQUEST		BookingDetails	1612430334399	1612430336492	OK	 
REQUEST		BookingDetails	1612430334312	1612430336497	OK	 
REQUEST		BookingDetails	1612430334426	1612430336539	OK	 
REQUEST		BookingDetails	1612430334400	1612430336539	OK	 
REQUEST		BookingDetails	1612430334504	1612430336552	OK	 
REQUEST		BookingDetails	1612430334545	1612430336552	OK	 
REQUEST		BookingDetails	1612430334522	1612430336552	OK	 
REQUEST		BookingDetails	1612430334529	1612430336557	OK	 
REQUEST		BookingDetails	1612430334469	1612430336681	OK	 
REQUEST		BookingDetails	1612430334522	1612430336684	OK	 
REQUEST		BookingDetails	1612430334852	1612430336893	OK	 
REQUEST		BookingDetails	1612430334792	1612430336893	OK	 
REQUEST		ConfirmPayment	1612430335003	1612430336901	OK	 
REQUEST		ConfirmPayment	1612430334729	1612430336901	OK	 
REQUEST		ConfirmPayment	1612430334726	1612430336901	OK	 
REQUEST		ConfirmPayment	1612430334730	1612430336904	OK	 
USER	GeneralAdmission1	END	1612430336909
USER	GeneralAdmission1	END	1612430336909
USER	GeneralAdmission1	END	1612430336909
USER	GeneralAdmission1	END	1612430336909
REQUEST		ConfirmPayment	1612430334738	1612430336910	OK	 
REQUEST		ConfirmPayment	1612430334738	1612430336910	OK	 
USER	GeneralAdmission1	END	1612430336913
USER	GeneralAdmission1	END	1612430336913
REQUEST		ConfirmPayment	1612430335003	1612430337183	OK	 
USER	GeneralAdmission1	END	1612430337186
REQUEST		ConfirmPayment	1612430335244	1612430337237	OK	 
REQUEST		BookingDetails	1612430334881	1612430337237	OK	 
REQUEST		ConfirmPayment	1612430335163	1612430337237	OK	 
REQUEST		ConfirmPayment	1612430335169	1612430337237	OK	 
USER	GeneralAdmission1	END	1612430337242
USER	GeneralAdmission1	END	1612430337242
REQUEST		BookingDetails	1612430335137	1612430337243	OK	 
REQUEST		ConfirmPayment	1612430335120	1612430337243	OK	 
USER	GeneralAdmission1	END	1612430337243
REQUEST		ConfirmPayment	1612430335248	1612430337243	OK	 
REQUEST		BookingDetails	1612430335236	1612430337242	OK	 
REQUEST		BookingDetails	1612430335282	1612430337267	OK	 
USER	GeneralAdmission1	END	1612430337268
USER	GeneralAdmission1	END	1612430337270
REQUEST		BookingDetails	1612430335284	1612430337270	OK	 
REQUEST		BookingDetails	1612430335295	1612430337371	OK	 
REQUEST		BookingDetails	1612430335295	1612430337371	OK	 
REQUEST		ConfirmPayment	1612430335251	1612430338085	OK	 
REQUEST		BookingDetails	1612430335440	1612430338085	OK	 
USER	GeneralAdmission1	END	1612430338088
REQUEST		ConfirmPayment	1612430335501	1612430338369	OK	 
USER	GeneralAdmission1	END	1612430338371
REQUEST		ConfirmPayment	1612430335502	1612430338419	OK	 
REQUEST		ConfirmPayment	1612430335816	1612430338419	OK	 
REQUEST		ConfirmPayment	1612430335802	1612430338421	OK	 
REQUEST		ConfirmPayment	1612430335501	1612430338425	OK	 
USER	GeneralAdmission1	END	1612430338427
USER	GeneralAdmission1	END	1612430338428
USER	GeneralAdmission1	END	1612430338429
REQUEST		ConfirmPayment	1612430335567	1612430338430	OK	 
USER	GeneralAdmission1	END	1612430338431
USER	GeneralAdmission1	END	1612430338437
REQUEST		ConfirmPayment	1612430335140	1612430338431	OK	 
USER	GeneralAdmission1	END	1612430338442
REQUEST		BookingDetails	1612430335610	1612430338813	OK	 
REQUEST		BookingDetails	1612430335609	1612430339334	OK	 
REQUEST		BookingDetails	1612430335647	1612430339335	OK	 
REQUEST		BookingDetails	1612430335649	1612430339334	OK	 
REQUEST		ConfirmPayment	1612430335816	1612430339335	OK	 
USER	GeneralAdmission1	END	1612430339341
REQUEST		BookingDetails	1612430335724	1612430339336	OK	 
REQUEST		BookingDetails	1612430335737	1612430339346	OK	 
REQUEST		BookingDetails	1612430335900	1612430339727	OK	 
REQUEST		BookingDetails	1612430335884	1612430339727	OK	 
REQUEST		BookingDetails	1612430335787	1612430339727	OK	 
REQUEST		BookingDetails	1612430335801	1612430339733	OK	 
REQUEST		ConfirmPayment	1612430336007	1612430339775	OK	 
REQUEST		ConfirmPayment	1612430336007	1612430339776	OK	 
USER	GeneralAdmission1	END	1612430339779
USER	GeneralAdmission1	END	1612430339779
REQUEST		ConfirmPayment	1612430336185	1612430339814	OK	 
USER	GeneralAdmission1	END	1612430339817
REQUEST		BookingDetails	1612430335899	1612430340042	OK	 
REQUEST		BookingDetails	1612430335920	1612430340044	OK	 
REQUEST		ConfirmPayment	1612430336435	1612430340043	OK	 
REQUEST		BookingDetails	1612430335938	1612430340044	OK	 
REQUEST		BookingDetails	1612430335934	1612430340047	OK	 
REQUEST		ConfirmPayment	1612430336185	1612430340048	OK	 
REQUEST		BookingDetails	1612430335922	1612430340055	OK	 
USER	GeneralAdmission1	END	1612430340060
USER	GeneralAdmission1	END	1612430340064
REQUEST		BookingDetails	1612430335901	1612430340067	OK	 
REQUEST		BookingDetails	1612430336127	1612430340070	OK	 
REQUEST		BookingDetails	1612430335934	1612430340074	OK	 
REQUEST		BookingDetails	1612430335965	1612430340073	OK	 
REQUEST		BookingDetails	1612430335976	1612430340090	OK	 
REQUEST		BookingDetails	1612430335972	1612430340081	OK	 
REQUEST		BookingDetails	1612430335946	1612430340097	OK	 
REQUEST		ConfirmPayment	1612430336486	1612430340097	OK	 
REQUEST		BookingDetails	1612430335963	1612430340097	OK	 
REQUEST		ConfirmPayment	1612430336683	1612430340108	OK	 
USER	GeneralAdmission1	END	1612430340109
USER	GeneralAdmission1	END	1612430340111
REQUEST		ConfirmPayment	1612430336494	1612430340116	OK	 
REQUEST		ConfirmPayment	1612430336491	1612430340120	OK	 
REQUEST		ConfirmPayment	1612430336435	1612430340121	OK	 
REQUEST		ConfirmPayment	1612430336503	1612430340122	OK	 
USER	GeneralAdmission1	END	1612430340130
USER	GeneralAdmission1	END	1612430340130
REQUEST		BookingDetails	1612430335908	1612430340131	OK	 
USER	GeneralAdmission1	END	1612430340132
USER	GeneralAdmission1	END	1612430340144
REQUEST		BookingDetails	1612430336086	1612430340145	OK	 
REQUEST		ConfirmPayment	1612430336232	1612430340171	OK	 
REQUEST		BookingDetails	1612430336052	1612430340172	OK	 
USER	GeneralAdmission1	END	1612430340183
REQUEST		BookingDetails	1612430336086	1612430340182	OK	 
REQUEST		BookingDetails	1612430337520	1612430340207	OK	 
REQUEST		BookingDetails	1612430336093	1612430340189	OK	 
REQUEST		BookingDetails	1612430336087	1612430340225	OK	 
REQUEST		BookingDetails	1612430336105	1612430340247	OK	 
REQUEST		ConfirmPayment	1612430337373	1612430340263	OK	 
REQUEST		ConfirmPayment	1612430336559	1612430340280	OK	 
REQUEST		ConfirmPayment	1612430336483	1612430340281	OK	 
REQUEST		BookingDetails	1612430335988	1612430340280	OK	 
REQUEST		ConfirmPayment	1612430336896	1612430340341	OK	 
REQUEST		ConfirmPayment	1612430337374	1612430340356	OK	 
USER	GeneralAdmission1	END	1612430340406
REQUEST		BookingDetails	1612430336225	1612430340432	OK	 
REQUEST		BookingDetails	1612430336093	1612430340435	OK	 
USER	GeneralAdmission1	END	1612430340413
REQUEST		BookingDetails	1612430336105	1612430340453	OK	 
USER	GeneralAdmission1	END	1612430340416
REQUEST		ConfirmPayment	1612430337267	1612430340448	OK	 
REQUEST		ConfirmPayment	1612430337250	1612430340454	OK	 
REQUEST		ConfirmPayment	1612430338815	1612430340453	OK	 
USER	GeneralAdmission1	END	1612430340449
REQUEST		ConfirmPayment	1612430336555	1612430340474	OK	 
REQUEST		BookingDetails	1612430336168	1612430340475	OK	 
REQUEST		BookingDetails	1612430336204	1612430340477	OK	 
REQUEST		ConfirmPayment	1612430337272	1612430340479	OK	 
USER	GeneralAdmission1	END	1612430340478
REQUEST		ConfirmPayment	1612430339340	1612430340484	OK	 
REQUEST		ConfirmPayment	1612430337241	1612430340486	OK	 
USER	GeneralAdmission1	END	1612430340479
REQUEST		ConfirmPayment	1612430336541	1612430340493	OK	 
REQUEST		ConfirmPayment	1612430336555	1612430340499	OK	 
USER	GeneralAdmission1	END	1612430340501
REQUEST		ConfirmPayment	1612430339338	1612430340499	OK	 
USER	GeneralAdmission1	END	1612430340513
REQUEST		ConfirmPayment	1612430336555	1612430340515	OK	 
REQUEST		ConfirmPayment	1612430336541	1612430340524	OK	 
REQUEST		ConfirmPayment	1612430339348	1612430340524	OK	 
REQUEST		BookingDetails	1612430336288	1612430340529	OK	 
REQUEST		BookingDetails	1612430336093	1612430340542	OK	 
USER	GeneralAdmission1	END	1612430340545
REQUEST		ConfirmPayment	1612430336896	1612430340549	OK	 
REQUEST		ConfirmPayment	1612430337269	1612430340545	OK	 
REQUEST		BookingDetails	1612430336345	1612430340546	OK	 
REQUEST		ConfirmPayment	1612430336686	1612430340546	OK	 
USER	GeneralAdmission1	END	1612430340552
REQUEST		BookingDetails	1612430336153	1612430340557	OK	 
USER	GeneralAdmission1	END	1612430340557
REQUEST		ConfirmPayment	1612430339339	1612430340563	OK	 
REQUEST		ConfirmPayment	1612430338087	1612430340563	OK	 
USER	GeneralAdmission1	END	1612430340564
REQUEST		BookingDetails	1612430336287	1612430340566	OK	 
USER	GeneralAdmission1	END	1612430340567
REQUEST		BookingDetails	1612430337522	1612430340568	OK	 
USER	GeneralAdmission1	END	1612430340571
USER	GeneralAdmission1	END	1612430340574
REQUEST		BookingDetails	1612430337414	1612430340575	OK	 
USER	GeneralAdmission1	END	1612430340577
REQUEST		BookingDetails	1612430336348	1612430340577	OK	 
USER	GeneralAdmission1	END	1612430340578
USER	GeneralAdmission1	END	1612430340578
USER	GeneralAdmission1	END	1612430340578
USER	GeneralAdmission1	END	1612430340580
REQUEST		ConfirmPayment	1612430339731	1612430340580	OK	 
REQUEST		ConfirmPayment	1612430339348	1612430340582	OK	 
USER	GeneralAdmission1	END	1612430340583
USER	GeneralAdmission1	END	1612430340583
USER	GeneralAdmission1	END	1612430340589
USER	GeneralAdmission1	END	1612430340589
USER	GeneralAdmission1	END	1612430340591
REQUEST		ConfirmPayment	1612430339731	1612430340790	OK	 
USER	GeneralAdmission1	END	1612430340793
REQUEST		ConfirmPayment	1612430339739	1612430340828	OK	 
USER	GeneralAdmission1	END	1612430340830
REQUEST		ConfirmPayment	1612430339731	1612430340836	OK	 
USER	GeneralAdmission1	END	1612430340843
REQUEST		ConfirmPayment	1612430340044	1612430340930	OK	 
USER	GeneralAdmission1	END	1612430340934
REQUEST		ConfirmPayment	1612430340059	1612430340938	OK	 
REQUEST		ConfirmPayment	1612430340081	1612430340944	OK	 
REQUEST		ConfirmPayment	1612430340061	1612430340944	OK	 
USER	GeneralAdmission1	END	1612430340944
USER	GeneralAdmission1	END	1612430340947
USER	GeneralAdmission1	END	1612430340947
REQUEST		ConfirmPayment	1612430340081	1612430340947	OK	 
USER	GeneralAdmission1	END	1612430340951
REQUEST		ConfirmPayment	1612430340078	1612430340974	OK	 
REQUEST		ConfirmPayment	1612430340060	1612430340975	OK	 
USER	GeneralAdmission1	END	1612430340978
REQUEST		ConfirmPayment	1612430340105	1612430340975	OK	 
REQUEST		ConfirmPayment	1612430340055	1612430340981	OK	 
REQUEST		ConfirmPayment	1612430340078	1612430340978	OK	 
REQUEST		ConfirmPayment	1612430340112	1612430340981	OK	 
USER	GeneralAdmission1	END	1612430340982
USER	GeneralAdmission1	END	1612430340991
USER	GeneralAdmission1	END	1612430340991
USER	GeneralAdmission1	END	1612430340992
REQUEST		ConfirmPayment	1612430340108	1612430340992	OK	 
REQUEST		ConfirmPayment	1612430340092	1612430341000	OK	 
REQUEST		ConfirmPayment	1612430340153	1612430341000	OK	 
USER	GeneralAdmission1	END	1612430341008
USER	GeneralAdmission1	END	1612430341008
USER	GeneralAdmission1	END	1612430341012
USER	GeneralAdmission1	END	1612430341013
REQUEST		ConfirmPayment	1612430340187	1612430341023	OK	 
USER	GeneralAdmission1	END	1612430341025
REQUEST		ConfirmPayment	1612430340198	1612430341174	OK	 
USER	GeneralAdmission1	END	1612430341177
REQUEST		ConfirmPayment	1612430340222	1612430341331	OK	 
USER	GeneralAdmission1	END	1612430341333
REQUEST		ConfirmPayment	1612430340261	1612430341335	OK	 
USER	GeneralAdmission1	END	1612430341338
REQUEST		ConfirmPayment	1612430340488	1612430341362	OK	 
REQUEST		ConfirmPayment	1612430340464	1612430341363	OK	 
REQUEST		ConfirmPayment	1612430340490	1612430341363	OK	 
REQUEST		ConfirmPayment	1612430340222	1612430341364	OK	 
USER	GeneralAdmission1	END	1612430341367
USER	GeneralAdmission1	END	1612430341367
USER	GeneralAdmission1	END	1612430341367
USER	GeneralAdmission1	END	1612430341368
REQUEST		ConfirmPayment	1612430340460	1612430341563	OK	 
REQUEST		ConfirmPayment	1612430340561	1612430341563	OK	 
USER	GeneralAdmission1	END	1612430341566
USER	GeneralAdmission1	END	1612430341566
REQUEST		ConfirmPayment	1612430340574	1612430341574	OK	 
REQUEST		ConfirmPayment	1612430340563	1612430341576	OK	 
REQUEST		ConfirmPayment	1612430340575	1612430341576	OK	 
USER	GeneralAdmission1	END	1612430341590
USER	GeneralAdmission1	END	1612430341590
REQUEST		ConfirmPayment	1612430340279	1612430341593	OK	 
USER	GeneralAdmission1	END	1612430341596
USER	GeneralAdmission1	END	1612430341600
REQUEST		ConfirmPayment	1612430340543	1612430341612	OK	 
REQUEST		ConfirmPayment	1612430340377	1612430341612	OK	 
REQUEST		ConfirmPayment	1612430340577	1612430341625	OK	 
REQUEST		ConfirmPayment	1612430340142	1612430341628	OK	 
REQUEST		ConfirmPayment	1612430340579	1612430341631	OK	 
USER	GeneralAdmission1	END	1612430341626
USER	GeneralAdmission1	END	1612430341631
USER	GeneralAdmission1	END	1612430341642
USER	GeneralAdmission1	END	1612430341643
USER	GeneralAdmission1	END	1612430341643
REQUEST		ConfirmPayment	1612430340539	1612430341648	OK	 
USER	GeneralAdmission1	END	1612430341656
REQUEST		ConfirmPayment	1612430340459	1612430341828	OK	 
USER	GeneralAdmission1	END	1612430341831
