RUN	GeneralAdmission1	generaladmission1	1612269440803	 	3.5.0
USER	GeneralAdmission1	START	1612269443020
REQUEST		GetToken	1612269443080	1612269443532	OK	 
REQUEST		GetToken Redirect 1	1612269443567	1612269443862	OK	 
REQUEST		request_1	1612269444045	1612269444927	OK	 
REQUEST		AddToCart	1612269449958	1612269449972	OK	 
REQUEST		AddToCart Redirect 1	1612269449992	1612269450138	OK	 
REQUEST		CreateGeneral	1612269451150	1612269451158	OK	 
REQUEST		CreateGeneral Redirect 1	1612269451163	1612269451645	OK	 
REQUEST		BookingDetails	1612269455667	1612269455675	OK	 
REQUEST		BookingDetails Redirect 1	1612269455679	1612269455887	OK	 
REQUEST		StripeElement	1612269455894	1612269456092	OK	 
REQUEST		elements-inner-card-77d7d4c2ce976deb5d1dc2ff2a238146.js	1612269456253	1612269456391	OK	 
REQUEST		ui-shared-1a3494666c8cbd375492e006f2e840cd.css	1612269456264	1612269456578	OK	 
REQUEST		ui-shared-121e554d3a08b818808584dff61fc32c.js	1612269456270	1612269457226	OK	 
REQUEST		shared-8b0cf640a52a1422947f168069c49b9d.js	1612269456281	1612269457409	OK	 
REQUEST		CreatePaymentIntent	1612269460490	1612269460498	OK	 
REQUEST		CreatePaymentIntent Redirect 1	1612269460509	1612269461083	OK	 
REQUEST		StripeController	1612269474164	1612269474465	OK	 
REQUEST		controller-6d15abacacad5eabb07034f26400b450.js	1612269474483	1612269475262	OK	 
REQUEST		StripeCountryRanges	1612269477313	1612269478260	OK	 
USER	GeneralAdmission1	END	1612269480306
