RUN	TimedTour1	timedtour1	1611851925701	 	3.5.0
USER	TimedTour1	START	1611851927372
REQUEST		request_0	1611851927403	1611851927774	OK	 
REQUEST		request_0 Redirect 1	1611851927826	1611851928096	OK	 
REQUEST		request_1	1611851930129	1611851930135	OK	 
ERROR	request_2: Failed to build request: No attribute named 'token' is defined 	1611851930143
REQUEST		request_3	1611851930215	1611851930221	KO	status.find.in(200,201,202,203,204,205,206,207,208,209,304), found 401
REQUEST		request_5	1611851930195	1611851930383	OK	 
REQUEST		request_4	1611851930165	1611851931051	OK	 
REQUEST		request_6	1611851949074	1611851949274	OK	 
REQUEST		request_8	1611851949284	1611851949300	OK	 
REQUEST		request_7	1611851949294	1611851949315	OK	 
REQUEST		request_8	1611851949309	1611851949568	OK	 
REQUEST		request_9	1611851952578	1611851952787	OK	 
REQUEST		request_12	1611851952799	1611851952845	KO	status.find.in(200,201,202,203,204,205,206,207,208,209,304), found 401
REQUEST		request_10	1611851952822	1611851952861	OK	 
REQUEST		request_13	1611851952806	1611851952868	KO	status.find.in(200,201,202,203,204,205,206,207,208,209,304), found 401
REQUEST		request_11	1611851952828	1611851952879	OK	 
REQUEST		request_14	1611851954903	1611851954908	OK	 
REQUEST		request_15	1611851954936	1611851954951	OK	 
REQUEST		request_16	1611851954942	1611851954972	OK	 
REQUEST		request_18	1611851954916	1611851954989	OK	 
REQUEST		request_15	1611851954958	1611851955031	OK	 
REQUEST		request_17	1611851954929	1611851955334	OK	 
REQUEST		request_19	1611851957358	1611851957371	OK	 
REQUEST		request_25	1611851957580	1611851957864	OK	 
REQUEST		request_27	1611851957603	1611851957887	OK	 
REQUEST		request_31	1611851957543	1611851957899	OK	 
REQUEST		request_22	1611851957642	1611851957912	OK	 
REQUEST		request_26	1611851957787	1611851957919	OK	 
REQUEST		favicon.ico	1611851957529	1611851957924	OK	 
REQUEST		runtime.js	1611851957558	1611851957976	OK	 
REQUEST		polyfills.js	1611851957570	1611851958022	OK	 
REQUEST		styles.js	1611851957591	1611851958247	OK	 
REQUEST		request_20	1611851957762	1611851958525	OK	 
REQUEST		request_29	1611851957771	1611851958530	OK	 
REQUEST		request_23	1611851957808	1611851958654	OK	 
REQUEST		request_21	1611851957811	1611851958664	OK	 
REQUEST		request_28	1611851957663	1611851958908	OK	 
REQUEST		js?id=G-JM0RFMB8WQ	1611851957731	1611851959005	OK	 
REQUEST		request_24	1611851957798	1611851959187	OK	 
REQUEST		/	1611851957815	1611851959222	OK	 
REQUEST		main.js	1611851957793	1611851959451	OK	 
REQUEST		vendor.js	1611851957822	1611851961211	OK	 
REQUEST		request_30	1611851957825	1611851964001	OK	 
REQUEST		request_25	1611851957878	1611851964028	OK	 
REQUEST		request_32	1611851965042	1611851965977	OK	 
REQUEST		request_33	1611851965982	1611851966009	OK	 
REQUEST		request_34	1611851967033	1611851967038	OK	 
REQUEST		request_35	1611851967053	1611851967058	OK	 
REQUEST		request_36	1611851967056	1611851967065	OK	 
REQUEST		request_36	1611851967070	1611851967308	OK	 
REQUEST		request_37	1611851968328	1611851968331	OK	 
REQUEST		request_39	1611851968342	1611851968391	KO	status.find.in(200,201,202,203,204,205,206,207,208,209,304), found 401
REQUEST		request_38	1611851968389	1611851968398	KO	status.find.in(200,201,202,203,204,205,206,207,208,209,304), found 401
REQUEST		request_40	1611851968339	1611851968565	OK	 
REQUEST		request_41	1611851969584	1611851969639	OK	 
USER	TimedTour1	END	1611851969702
